Building DAG of jobs...
Using shell: /bin/bash
Provided cores: 4
Rules claiming more threads will be scaled down.
Job counts:
	count	jobs
	1	align
	1	all
	1	ancestral
	1	export
	1	refine
	1	translate
	1	tree
	7

[Sat Aug 22 10:59:29 2020]
Job 7: 
        Aligning sequences to config/oc43_rdrp_reference.gb
          - filling gaps with N
        

[Sat Aug 22 10:59:38 2020]
Finished job 7.
1 of 7 steps (14%) done

[Sat Aug 22 10:59:38 2020]
Job 6: Building tree

[Sat Aug 22 10:59:41 2020]
Finished job 6.
2 of 7 steps (29%) done

[Sat Aug 22 10:59:41 2020]
Job 2: 
        Refining tree
        

[Sat Aug 22 11:02:20 2020]
Finished job 2.
3 of 7 steps (43%) done

[Sat Aug 22 11:02:20 2020]
Job 4: Reconstructing ancestral sequences and mutations

[Sat Aug 22 11:02:23 2020]
Finished job 4.
4 of 7 steps (57%) done

[Sat Aug 22 11:02:24 2020]
Job 5: Translating amino acid sequences

[Sat Aug 22 11:02:26 2020]
Finished job 5.
5 of 7 steps (71%) done

[Sat Aug 22 11:02:26 2020]
Job 1: Exporting data files for for auspice

[Sat Aug 22 11:02:28 2020]
Finished job 1.
6 of 7 steps (86%) done

[Sat Aug 22 11:02:28 2020]
localrule all:
    input: auspice/seasonal_corona_oc43_rdrp.json
    jobid: 0

[Sat Aug 22 11:02:28 2020]
Finished job 0.
7 of 7 steps (100%) done
Complete log: /Users/katekistler/nextstrain/seasonal-cov/oc43/.snakemake/log/2020-08-22T105929.693156.snakemake.log
