Building DAG of jobs...
Using shell: /bin/bash
Provided cores: 4
Rules claiming more threads will be scaled down.
Job counts:
	count	jobs
	9	align
	1	all
	9	ancestral
	9	export
	9	filter
	9	parse
	9	refine
	9	translate
	9	tree
	73

[Sat Apr 18 14:50:16 2020]
Job 11: Parsing fasta into sequences and metadata


[Sat Apr 18 14:50:16 2020]
Job 23: Parsing fasta into sequences and metadata


[Sat Apr 18 14:50:16 2020]
Job 19: Parsing fasta into sequences and metadata


[Sat Apr 18 14:50:16 2020]
Job 39: Parsing fasta into sequences and metadata

[Sat Apr 18 14:50:20 2020]
Finished job 19.
1 of 73 steps (1%) done
[Sat Apr 18 14:50:20 2020]
Finished job 39.
2 of 73 steps (3%) done

[Sat Apr 18 14:50:20 2020]
Job 80: 
        Filtering to
          - 5000 sequence(s) per country
          - minimum genome length of 200
        


[Sat Apr 18 14:50:20 2020]
Job 75: 
        Filtering to
          - 5000 sequence(s) per country
          - minimum genome length of 200
        

[Sat Apr 18 14:50:20 2020]
Finished job 11.
3 of 73 steps (4%) done

[Sat Apr 18 14:50:20 2020]
Job 73: 
        Filtering to
          - 5000 sequence(s) per country
          - minimum genome length of 200
        

[Sat Apr 18 14:50:20 2020]
Finished job 23.
4 of 73 steps (5%) done

[Sat Apr 18 14:50:20 2020]
Job 76: 
        Filtering to
          - 5000 sequence(s) per country
          - minimum genome length of 200
        

[Sat Apr 18 14:50:24 2020]
Finished job 80.
5 of 73 steps (7%) done
[Sat Apr 18 14:50:24 2020]
Finished job 75.
6 of 73 steps (8%) done

[Sat Apr 18 14:50:24 2020]
Job 68: 
        Aligning sequences to config/oc43_nucleocapsid_reference.gb
          - filling gaps with N
        


[Sat Apr 18 14:50:24 2020]
Job 53: 
        Aligning sequences to config/oc43_he_reference.gb
          - filling gaps with N
        

[Sat Apr 18 14:50:25 2020]
Finished job 73.
7 of 73 steps (10%) done

[Sat Apr 18 14:50:25 2020]
Job 47: 
        Aligning sequences to config/oc43_replicase1ab_reference.gb
          - filling gaps with N
        

[Sat Apr 18 14:50:25 2020]
Finished job 76.
8 of 73 steps (11%) done

[Sat Apr 18 14:50:25 2020]
Job 56: 
        Aligning sequences to config/oc43_spike_reference.gb
          - filling gaps with N
        

[Sat Apr 18 14:50:31 2020]
Finished job 53.
9 of 73 steps (12%) done

[Sat Apr 18 14:50:31 2020]
Job 52: Building tree

[Sat Apr 18 14:50:31 2020]
Finished job 68.
10 of 73 steps (14%) done

[Sat Apr 18 14:50:31 2020]
Job 67: Building tree

[Sat Apr 18 14:50:35 2020]
Finished job 67.
11 of 73 steps (15%) done

[Sat Apr 18 14:50:35 2020]
Job 38: 
        Refining tree
        

[Sat Apr 18 14:50:35 2020]
Finished job 52.
12 of 73 steps (16%) done

[Sat Apr 18 14:50:35 2020]
Job 18: 
        Refining tree
        

[Sat Apr 18 14:51:12 2020]
Finished job 47.
13 of 73 steps (18%) done

[Sat Apr 18 14:51:12 2020]
Job 46: Building tree

[Sat Apr 18 14:51:18 2020]
Finished job 46.
14 of 73 steps (19%) done

[Sat Apr 18 14:51:18 2020]
Job 10: 
        Refining tree
        

[Sat Apr 18 14:52:42 2020]
Finished job 56.
15 of 73 steps (21%) done

[Sat Apr 18 14:52:42 2020]
Job 55: Building tree

[Sat Apr 18 14:52:51 2020]
Finished job 55.
16 of 73 steps (22%) done

[Sat Apr 18 14:52:51 2020]
Job 22: 
        Refining tree
        

[Sat Apr 18 14:54:24 2020]
Finished job 18.
17 of 73 steps (23%) done

[Sat Apr 18 14:54:24 2020]
Job 20: Reconstructing ancestral sequences and mutations

[Sat Apr 18 14:54:28 2020]
Finished job 20.
18 of 73 steps (25%) done

[Sat Apr 18 14:54:28 2020]
Job 21: Translating amino acid sequences

[Sat Apr 18 14:54:32 2020]
Finished job 21.
19 of 73 steps (26%) done

[Sat Apr 18 14:54:32 2020]
Job 3: Exporting data files for for auspice

[Sat Apr 18 14:54:32 2020]
Finished job 38.
20 of 73 steps (27%) done

[Sat Apr 18 14:54:32 2020]
Job 40: Reconstructing ancestral sequences and mutations

[Sat Apr 18 14:54:36 2020]
Finished job 3.
21 of 73 steps (29%) done

[Sat Apr 18 14:54:36 2020]
Job 15: Parsing fasta into sequences and metadata

[Sat Apr 18 14:54:37 2020]
Finished job 40.
22 of 73 steps (30%) done

[Sat Apr 18 14:54:37 2020]
Job 41: Translating amino acid sequences

[Sat Apr 18 14:54:40 2020]
Finished job 15.
23 of 73 steps (32%) done

[Sat Apr 18 14:54:40 2020]
Job 74: 
        Filtering to
          - 5000 sequence(s) per country
          - minimum genome length of 200
        

[Sat Apr 18 14:54:41 2020]
Finished job 41.
24 of 73 steps (33%) done

[Sat Apr 18 14:54:41 2020]
Job 8: Exporting data files for for auspice

[Sat Apr 18 14:54:44 2020]
Finished job 74.
25 of 73 steps (34%) done

[Sat Apr 18 14:54:44 2020]
Job 50: 
        Aligning sequences to config/oc43_nonstructural2a_reference.gb
          - filling gaps with N
        

[Sat Apr 18 14:54:45 2020]
Finished job 8.
26 of 73 steps (36%) done

[Sat Apr 18 14:54:45 2020]
Job 35: Parsing fasta into sequences and metadata

[Sat Apr 18 14:54:49 2020]
Finished job 35.
27 of 73 steps (37%) done

[Sat Apr 18 14:54:49 2020]
Job 79: 
        Filtering to
          - 5000 sequence(s) per country
          - minimum genome length of 200
        

[Sat Apr 18 14:54:50 2020]
Finished job 50.
28 of 73 steps (38%) done

[Sat Apr 18 14:54:50 2020]
Job 49: Building tree

[Sat Apr 18 14:54:53 2020]
Finished job 79.
29 of 73 steps (40%) done

[Sat Apr 18 14:54:53 2020]
Job 65: 
        Aligning sequences to config/oc43_membrane_reference.gb
          - filling gaps with N
        

[Sat Apr 18 14:54:54 2020]
Finished job 49.
30 of 73 steps (41%) done

[Sat Apr 18 14:54:54 2020]
Job 14: 
        Refining tree
        

[Sat Apr 18 14:54:58 2020]
Finished job 65.
31 of 73 steps (42%) done

[Sat Apr 18 14:54:58 2020]
Job 64: Building tree

[Sat Apr 18 14:55:02 2020]
Finished job 64.
32 of 73 steps (44%) done

[Sat Apr 18 14:55:02 2020]
Job 34: 
        Refining tree
        

[Sat Apr 18 14:56:42 2020]
Finished job 10.
33 of 73 steps (45%) done

[Sat Apr 18 14:56:42 2020]
Job 12: Reconstructing ancestral sequences and mutations

[Sat Apr 18 14:56:52 2020]
Finished job 12.
34 of 73 steps (47%) done

[Sat Apr 18 14:56:52 2020]
Job 13: Translating amino acid sequences

[Sat Apr 18 14:56:56 2020]
Finished job 13.
35 of 73 steps (48%) done

[Sat Apr 18 14:56:56 2020]
Job 1: Exporting data files for for auspice

[Sat Apr 18 14:57:00 2020]
Finished job 1.
36 of 73 steps (49%) done

[Sat Apr 18 14:57:00 2020]
Job 43: Parsing fasta into sequences and metadata

[Sat Apr 18 14:57:05 2020]
Finished job 43.
37 of 73 steps (51%) done

[Sat Apr 18 14:57:05 2020]
Job 81: 
        Filtering to
          - 5000 sequence(s) per country
          - minimum genome length of 200
        

[Sat Apr 18 14:57:08 2020]
Finished job 81.
38 of 73 steps (52%) done

[Sat Apr 18 14:57:08 2020]
Job 27: Parsing fasta into sequences and metadata

[Sat Apr 18 14:57:12 2020]
Finished job 27.
39 of 73 steps (53%) done

[Sat Apr 18 14:57:12 2020]
Job 77: 
        Filtering to
          - 5000 sequence(s) per country
          - minimum genome length of 200
        

[Sat Apr 18 14:57:16 2020]
Finished job 77.
40 of 73 steps (55%) done

[Sat Apr 18 14:57:16 2020]
Job 71: 
        Aligning sequences to config/oc43_n2protein_reference.gb
          - filling gaps with N
        

[Sat Apr 18 14:57:22 2020]
Finished job 71.
41 of 73 steps (56%) done

[Sat Apr 18 14:57:22 2020]
Job 70: Building tree

[Sat Apr 18 14:57:27 2020]
Finished job 70.
42 of 73 steps (58%) done

[Sat Apr 18 14:57:27 2020]
Job 42: 
        Refining tree
        

[Sat Apr 18 14:58:10 2020]
Finished job 14.
43 of 73 steps (59%) done

[Sat Apr 18 14:58:10 2020]
Job 16: Reconstructing ancestral sequences and mutations

[Sat Apr 18 14:58:11 2020]
Finished job 34.
44 of 73 steps (60%) done

[Sat Apr 18 14:58:11 2020]
Job 36: Reconstructing ancestral sequences and mutations

[Sat Apr 18 14:58:15 2020]
Finished job 16.
45 of 73 steps (62%) done

[Sat Apr 18 14:58:15 2020]
Job 17: Translating amino acid sequences

[Sat Apr 18 14:58:15 2020]
Finished job 36.
46 of 73 steps (63%) done

[Sat Apr 18 14:58:15 2020]
Job 37: Translating amino acid sequences

[Sat Apr 18 14:58:19 2020]
Finished job 17.
47 of 73 steps (64%) done

[Sat Apr 18 14:58:19 2020]
Job 2: Exporting data files for for auspice

[Sat Apr 18 14:58:19 2020]
Finished job 37.
48 of 73 steps (66%) done

[Sat Apr 18 14:58:19 2020]
Job 7: Exporting data files for for auspice

[Sat Apr 18 14:58:23 2020]
Finished job 2.
49 of 73 steps (67%) done

[Sat Apr 18 14:58:23 2020]
Job 59: 
        Aligning sequences to config/oc43_nonstructural2_reference.gb
          - filling gaps with N
        

[Sat Apr 18 14:58:24 2020]
Finished job 7.
50 of 73 steps (68%) done

[Sat Apr 18 14:58:24 2020]
Job 31: Parsing fasta into sequences and metadata

[Sat Apr 18 14:58:28 2020]
Finished job 31.
51 of 73 steps (70%) done

[Sat Apr 18 14:58:28 2020]
Job 78: 
        Filtering to
          - 5000 sequence(s) per country
          - minimum genome length of 200
        

[Sat Apr 18 14:58:29 2020]
Finished job 59.
52 of 73 steps (71%) done

[Sat Apr 18 14:58:29 2020]
Job 58: Building tree

[Sat Apr 18 14:58:32 2020]
Finished job 78.
53 of 73 steps (73%) done

[Sat Apr 18 14:58:32 2020]
Job 62: 
        Aligning sequences to config/oc43_envelope_reference.gb
          - filling gaps with N
        

[Sat Apr 18 14:58:33 2020]
Finished job 58.
54 of 73 steps (74%) done

[Sat Apr 18 14:58:33 2020]
Job 26: 
        Refining tree
        

[Sat Apr 18 14:58:37 2020]
Finished job 62.
55 of 73 steps (75%) done

[Sat Apr 18 14:58:37 2020]
Job 61: Building tree

[Sat Apr 18 14:58:41 2020]
Finished job 61.
56 of 73 steps (77%) done

[Sat Apr 18 14:58:41 2020]
Job 30: 
        Refining tree
        

[Sat Apr 18 15:01:15 2020]
Finished job 42.
57 of 73 steps (78%) done

[Sat Apr 18 15:01:15 2020]
Job 44: Reconstructing ancestral sequences and mutations

[Sat Apr 18 15:01:19 2020]
Finished job 44.
58 of 73 steps (79%) done

[Sat Apr 18 15:01:19 2020]
Job 45: Translating amino acid sequences

[Sat Apr 18 15:01:23 2020]
Finished job 45.
59 of 73 steps (81%) done

[Sat Apr 18 15:01:23 2020]
Job 9: Exporting data files for for auspice

[Sat Apr 18 15:01:27 2020]
Finished job 9.
60 of 73 steps (82%) done
[Sat Apr 18 15:02:07 2020]
Finished job 26.
61 of 73 steps (84%) done

[Sat Apr 18 15:02:07 2020]
Job 28: Reconstructing ancestral sequences and mutations

[Sat Apr 18 15:02:10 2020]
Finished job 28.
62 of 73 steps (85%) done

[Sat Apr 18 15:02:10 2020]
Job 29: Translating amino acid sequences

[Sat Apr 18 15:02:13 2020]
Finished job 29.
63 of 73 steps (86%) done

[Sat Apr 18 15:02:13 2020]
Job 5: Exporting data files for for auspice

[Sat Apr 18 15:02:16 2020]
Finished job 5.
64 of 73 steps (88%) done
[Sat Apr 18 15:02:25 2020]
Finished job 30.
65 of 73 steps (89%) done

[Sat Apr 18 15:02:25 2020]
Job 32: Reconstructing ancestral sequences and mutations

[Sat Apr 18 15:02:28 2020]
Finished job 32.
66 of 73 steps (90%) done

[Sat Apr 18 15:02:28 2020]
Job 33: Translating amino acid sequences

[Sat Apr 18 15:02:30 2020]
Finished job 33.
67 of 73 steps (92%) done

[Sat Apr 18 15:02:30 2020]
Job 6: Exporting data files for for auspice

[Sat Apr 18 15:02:34 2020]
Finished job 6.
68 of 73 steps (93%) done
[Sat Apr 18 15:07:36 2020]
Finished job 22.
69 of 73 steps (95%) done

[Sat Apr 18 15:07:36 2020]
Job 24: Reconstructing ancestral sequences and mutations

[Sat Apr 18 15:07:43 2020]
Finished job 24.
70 of 73 steps (96%) done

[Sat Apr 18 15:07:43 2020]
Job 25: Translating amino acid sequences

[Sat Apr 18 15:07:46 2020]
Finished job 25.
71 of 73 steps (97%) done

[Sat Apr 18 15:07:46 2020]
Job 4: Exporting data files for for auspice

[Sat Apr 18 15:07:49 2020]
Finished job 4.
72 of 73 steps (99%) done

[Sat Apr 18 15:07:49 2020]
localrule all:
    input: auspice/seasonal_corona_oc43_replicase1ab.json, auspice/seasonal_corona_oc43_nonstructural2a.json, auspice/seasonal_corona_oc43_he.json, auspice/seasonal_corona_oc43_spike.json, auspice/seasonal_corona_oc43_nonstructural2.json, auspice/seasonal_corona_oc43_envelope.json, auspice/seasonal_corona_oc43_membrane.json, auspice/seasonal_corona_oc43_nucleocapsid.json, auspice/seasonal_corona_oc43_n2protein.json
    jobid: 0

[Sat Apr 18 15:07:49 2020]
Finished job 0.
73 of 73 steps (100%) done
Complete log: /Users/katekistler/nextstrain/seasonal-cov/oc43_test/.snakemake/log/2020-04-18T145016.207877.snakemake.log
