Building DAG of jobs...
Using shell: /bin/bash
Provided cores: 4
Rules claiming more threads will be scaled down.
Job counts:
	count	jobs
	11	align
	1	all
	11	ancestral
	11	clades
	11	export
	11	filter
	11	parse
	11	refine
	11	translate
	11	tree
	100

[Tue Jun 16 14:33:01 2020]
Job 28: Parsing fasta into sequences and metadata


[Tue Jun 16 14:33:01 2020]
Job 63: Parsing fasta into sequences and metadata


[Tue Jun 16 14:33:02 2020]
Job 13: Parsing fasta into sequences and metadata


[Tue Jun 16 14:33:02 2020]
Job 58: Parsing fasta into sequences and metadata

[Tue Jun 16 14:33:08 2020]
Finished job 63.
1 of 100 steps (1%) done

[Tue Jun 16 14:33:08 2020]
Job 110: 
        Filtering to
          - 5000 sequence(s) per country
          - minimum genome length of 200
        

[Tue Jun 16 14:33:08 2020]
Finished job 58.
2 of 100 steps (2%) done

[Tue Jun 16 14:33:08 2020]
Job 109: 
        Filtering to
          - 5000 sequence(s) per country
          - minimum genome length of 200
        

[Tue Jun 16 14:33:08 2020]
Finished job 13.
3 of 100 steps (3%) done
[Tue Jun 16 14:33:08 2020]
Finished job 28.
4 of 100 steps (4%) done

[Tue Jun 16 14:33:08 2020]
Job 100: 
        Filtering to
          - 5000 sequence(s) per country
          - minimum genome length of 200
        


[Tue Jun 16 14:33:08 2020]
Job 103: 
        Filtering to
          - 5000 sequence(s) per country
          - minimum genome length of 200
        

[Tue Jun 16 14:33:13 2020]
Finished job 110.
5 of 100 steps (5%) done

[Tue Jun 16 14:33:13 2020]
Job 98: 
        Aligning sequences to config/oc43_s2_reference.gb
          - filling gaps with N
        

[Tue Jun 16 14:33:14 2020]
Finished job 109.
6 of 100 steps (6%) done

[Tue Jun 16 14:33:14 2020]
Job 95: 
        Aligning sequences to config/oc43_s1_reference.gb
          - filling gaps with N
        

[Tue Jun 16 14:33:15 2020]
Finished job 100.
7 of 100 steps (7%) done

[Tue Jun 16 14:33:15 2020]
Job 68: 
        Aligning sequences to config/oc43_replicase1ab_reference.gb
          - filling gaps with N
        

[Tue Jun 16 14:33:15 2020]
Finished job 103.
8 of 100 steps (8%) done

[Tue Jun 16 14:33:15 2020]
Job 77: 
        Aligning sequences to config/oc43_spike_reference.gb
          - filling gaps with N
        

[Tue Jun 16 14:33:34 2020]
Finished job 98.
9 of 100 steps (9%) done

[Tue Jun 16 14:33:34 2020]
Job 97: Building tree

[Tue Jun 16 14:33:44 2020]
Finished job 97.
10 of 100 steps (10%) done

[Tue Jun 16 14:33:44 2020]
Job 62: 
        Refining tree
        

[Tue Jun 16 14:34:23 2020]
Finished job 95.
11 of 100 steps (11%) done

[Tue Jun 16 14:34:23 2020]
Job 94: Building tree

[Tue Jun 16 14:34:44 2020]
Finished job 94.
12 of 100 steps (12%) done

[Tue Jun 16 14:34:44 2020]
Job 57: 
        Refining tree
        

[Tue Jun 16 14:34:49 2020]
Finished job 68.
13 of 100 steps (13%) done

[Tue Jun 16 14:34:49 2020]
Job 67: Building tree

[Tue Jun 16 14:34:58 2020]
Finished job 67.
14 of 100 steps (14%) done

[Tue Jun 16 14:34:58 2020]
Job 12: 
        Refining tree
        

[Tue Jun 16 14:37:07 2020]
Finished job 77.
15 of 100 steps (15%) done

[Tue Jun 16 14:37:07 2020]
Job 76: Building tree

[Tue Jun 16 14:37:28 2020]
Finished job 76.
16 of 100 steps (16%) done

[Tue Jun 16 14:37:28 2020]
Job 27: 
        Refining tree
        

[Tue Jun 16 14:42:15 2020]
Finished job 12.
17 of 100 steps (17%) done

[Tue Jun 16 14:42:15 2020]
Job 14: Reconstructing ancestral sequences and mutations

[Tue Jun 16 14:42:40 2020]
Finished job 14.
18 of 100 steps (18%) done

[Tue Jun 16 14:42:40 2020]
Job 15: Translating amino acid sequences

[Tue Jun 16 14:42:47 2020]
Finished job 15.
19 of 100 steps (19%) done

[Tue Jun 16 14:42:47 2020]
Job 16: Annotating clades

[Tue Jun 16 14:45:26 2020]
Finished job 62.
20 of 100 steps (20%) done
[Tue Jun 16 14:56:04 2020]
Finished job 57.
21 of 100 steps (21%) done
[Tue Jun 16 14:56:31 2020]
Finished job 27.
22 of 100 steps (22%) done
Shutting down, this might take some time.
Exiting because a job execution failed. Look above for error message
Complete log: /Users/katekistler/nextstrain/seasonal-cov/oc43/.snakemake/log/2020-06-16T143301.806092.snakemake.log
