Building DAG of jobs...
Using shell: /bin/bash
Provided cores: 4
Rules claiming more threads will be scaled down.
Job counts:
	count	jobs
	1	align
	1	all
	1	ancestral
	1	export
	1	refine
	1	translate
	1	tree
	7

[Tue Aug 25 14:44:05 2020]
Job 15: 
        Aligning sequences to config/oc43_spike_reference.gb
          - filling gaps with N
        

Terminating processes on user request, this might take some time.
[Tue Aug 25 14:44:19 2020]
Error in rule align:
    jobid: 15
    output: results/aligned_oc43_spike.fasta
    shell:
        
        augur align             --sequences results/filtered_oc43_spike.fasta             --reference-sequence config/oc43_spike_reference.gb             --output results/aligned_oc43_spike.fasta             --remove-reference             --fill-gaps
        
        (one of the commands exited with non-zero exit code; note that snakemake uses bash strict mode!)

Removing output files of failed job align since they might be corrupted:
results/aligned_oc43_spike.fasta
Complete log: /Users/katekistler/nextstrain/seasonal-cov/oc43/.snakemake/log/2020-08-25T144404.969253.snakemake.log
