Building DAG of jobs...
Using shell: /bin/bash
Provided cores: 4
Rules claiming more threads will be scaled down.
Job counts:
	count	jobs
	1	align
	1	all
	1	ancestral
	1	export
	1	refine
	1	translate
	1	tree
	7

[Sat May  2 15:20:48 2020]
Job 7: 
        Aligning sequences to config/oc43_full_reference.gb
          - filling gaps with N
        

[Sat May  2 20:33:14 2020]
Finished job 7.
1 of 7 steps (14%) done

[Sat May  2 20:33:14 2020]
Job 6: Building tree

[Sat May  2 20:36:30 2020]
Finished job 6.
2 of 7 steps (29%) done

[Sat May  2 20:36:30 2020]
Job 2: 
        Refining tree
        

[Sat May  2 20:37:19 2020]
Error in rule refine:
    jobid: 2
    output: results/tree_oc43_full.nwk, results/branch_lengths_oc43_full.json
    shell:
        
        augur refine             --tree results/tree_raw_oc43_full.nwk             --alignment results/aligned_oc43_full.fasta             --metadata results/metadata_oc43_full.tsv             --output-tree results/tree_oc43_full.nwk             --output-node-data results/branch_lengths_oc43_full.json             --timetree             --coalescent opt             --date-confidence             --date-inference marginal             --clock-filter-iqd 4
        
        (one of the commands exited with non-zero exit code; note that snakemake uses bash strict mode!)

Shutting down, this might take some time.
Exiting because a job execution failed. Look above for error message
Complete log: /Users/katekistler/nextstrain/seasonal-cov/oc43/.snakemake/log/2020-05-02T152048.602457.snakemake.log
