Building DAG of jobs...
Using shell: /bin/bash
Provided cores: 4
Rules claiming more threads will be scaled down.
Job counts:
	count	jobs
	1	align
	1	all
	1	ancestral
	1	export
	1	filter
	1	parse
	1	refine
	1	translate
	1	tree
	9

[Sat Apr 18 15:09:00 2020]
Job 3: Parsing fasta into sequences and metadata

[Sat Apr 18 15:09:03 2020]
Finished job 3.
1 of 9 steps (11%) done

[Sat Apr 18 15:09:03 2020]
Job 9: 
        Filtering to
          - 5000 sequence(s) per country
          - minimum genome length of 1000
        

[Sat Apr 18 15:09:06 2020]
Finished job 9.
2 of 9 steps (22%) done

[Sat Apr 18 15:09:06 2020]
Job 7: 
        Aligning sequences to config/oc43_full_reference.gb
          - filling gaps with N
        

Error recording metadata for finished job ([Errno 2] No such file or directory: '/Users/katekistler/nextstrain/seasonal-cov/oc43_test/.snakemake/metadata'). Please ensure write permissions for the directory /Users/katekistler/nextstrain/seasonal-cov/oc43_test/.snakemake
[Sat Apr 18 16:46:01 2020]
Finished job 7.
3 of 9 steps (33%) done

[Sat Apr 18 16:46:01 2020]
Job 6: Building tree

Failed to set marker file for job started ([Errno 2] No such file or directory: '/Users/katekistler/nextstrain/seasonal-cov/oc43_test/.snakemake/metadata'). Snakemake will work, but cannot ensure that output files are complete in case of a kill signal or power loss. Please ensure write permissions for the directory /Users/katekistler/nextstrain/seasonal-cov/oc43_test/.snakemake
Error recording metadata for finished job ([Errno 2] No such file or directory: '/Users/katekistler/nextstrain/seasonal-cov/oc43_test/.snakemake/metadata'). Please ensure write permissions for the directory /Users/katekistler/nextstrain/seasonal-cov/oc43_test/.snakemake
[Sat Apr 18 16:46:14 2020]
Finished job 6.
4 of 9 steps (44%) done

[Sat Apr 18 16:46:14 2020]
Job 2: 
        Refining tree
        

Failed to set marker file for job started ([Errno 2] No such file or directory: '/Users/katekistler/nextstrain/seasonal-cov/oc43_test/.snakemake/metadata'). Snakemake will work, but cannot ensure that output files are complete in case of a kill signal or power loss. Please ensure write permissions for the directory /Users/katekistler/nextstrain/seasonal-cov/oc43_test/.snakemake
Error recording metadata for finished job ([Errno 2] No such file or directory: '/Users/katekistler/nextstrain/seasonal-cov/oc43_test/.snakemake/metadata'). Please ensure write permissions for the directory /Users/katekistler/nextstrain/seasonal-cov/oc43_test/.snakemake
[Sat Apr 18 17:01:28 2020]
Finished job 2.
5 of 9 steps (56%) done

[Sat Apr 18 17:01:28 2020]
Job 4: Reconstructing ancestral sequences and mutations

Failed to set marker file for job started ([Errno 2] No such file or directory: '/Users/katekistler/nextstrain/seasonal-cov/oc43_test/.snakemake/metadata'). Snakemake will work, but cannot ensure that output files are complete in case of a kill signal or power loss. Please ensure write permissions for the directory /Users/katekistler/nextstrain/seasonal-cov/oc43_test/.snakemake
Error recording metadata for finished job ([Errno 2] No such file or directory: '/Users/katekistler/nextstrain/seasonal-cov/oc43_test/.snakemake/metadata'). Please ensure write permissions for the directory /Users/katekistler/nextstrain/seasonal-cov/oc43_test/.snakemake
[Sat Apr 18 17:02:05 2020]
Finished job 4.
6 of 9 steps (67%) done

[Sat Apr 18 17:02:05 2020]
Job 5: Translating amino acid sequences

Failed to set marker file for job started ([Errno 2] No such file or directory: '/Users/katekistler/nextstrain/seasonal-cov/oc43_test/.snakemake/metadata'). Snakemake will work, but cannot ensure that output files are complete in case of a kill signal or power loss. Please ensure write permissions for the directory /Users/katekistler/nextstrain/seasonal-cov/oc43_test/.snakemake
Error recording metadata for finished job ([Errno 2] No such file or directory: '/Users/katekistler/nextstrain/seasonal-cov/oc43_test/.snakemake/metadata'). Please ensure write permissions for the directory /Users/katekistler/nextstrain/seasonal-cov/oc43_test/.snakemake
[Sat Apr 18 17:02:11 2020]
Finished job 5.
7 of 9 steps (78%) done

[Sat Apr 18 17:02:11 2020]
Job 1: Exporting data files for for auspice

Failed to set marker file for job started ([Errno 2] No such file or directory: '/Users/katekistler/nextstrain/seasonal-cov/oc43_test/.snakemake/metadata'). Snakemake will work, but cannot ensure that output files are complete in case of a kill signal or power loss. Please ensure write permissions for the directory /Users/katekistler/nextstrain/seasonal-cov/oc43_test/.snakemake
Error recording metadata for finished job ([Errno 2] No such file or directory: '/Users/katekistler/nextstrain/seasonal-cov/oc43_test/.snakemake/metadata'). Please ensure write permissions for the directory /Users/katekistler/nextstrain/seasonal-cov/oc43_test/.snakemake
[Sat Apr 18 17:02:16 2020]
Finished job 1.
8 of 9 steps (89%) done

[Sat Apr 18 17:02:16 2020]
localrule all:
    input: auspice/seasonal_corona_oc43_full.json
    jobid: 0

[Sat Apr 18 17:02:16 2020]
Finished job 0.
9 of 9 steps (100%) done
Complete log: /Users/katekistler/nextstrain/seasonal-cov/oc43_test/.snakemake/log/2020-04-18T150900.276108.snakemake.log
