Building DAG of jobs...
Using shell: /bin/bash
Provided cores: 4
Rules claiming more threads will be scaled down.
Job counts:
	count	jobs
	1	align
	1	all
	1	ancestral
	1	export
	1	filter
	1	parse
	1	refine
	1	translate
	1	tree
	9

[Sat Aug  1 12:45:28 2020]
Job 3: Parsing fasta into sequences and metadata

[Sat Aug  1 12:45:30 2020]
Finished job 3.
1 of 9 steps (11%) done

[Sat Aug  1 12:45:30 2020]
Job 9: 
        Filtering to
          - 5000 sequence(s) per country
          - minimum genome length of 200
        

[Sat Aug  1 12:45:33 2020]
Finished job 9.
2 of 9 steps (22%) done

[Sat Aug  1 12:45:33 2020]
Job 7: 
        Aligning sequences to config/oc43_rdrp_reference.gb
          - filling gaps with N
        

[Sat Aug  1 12:45:40 2020]
Finished job 7.
3 of 9 steps (33%) done

[Sat Aug  1 12:45:40 2020]
Job 6: Building tree

[Sat Aug  1 12:45:43 2020]
Finished job 6.
4 of 9 steps (44%) done

[Sat Aug  1 12:45:43 2020]
Job 2: 
        Refining tree
        

[Sat Aug  1 12:47:33 2020]
Finished job 2.
5 of 9 steps (56%) done

[Sat Aug  1 12:47:33 2020]
Job 4: Reconstructing ancestral sequences and mutations

[Sat Aug  1 12:47:37 2020]
Finished job 4.
6 of 9 steps (67%) done

[Sat Aug  1 12:47:37 2020]
Job 5: Translating amino acid sequences

[Sat Aug  1 12:47:38 2020]
Finished job 5.
7 of 9 steps (78%) done

[Sat Aug  1 12:47:38 2020]
Job 1: Exporting data files for for auspice

[Sat Aug  1 12:47:41 2020]
Finished job 1.
8 of 9 steps (89%) done

[Sat Aug  1 12:47:41 2020]
localrule all:
    input: auspice/seasonal_corona_oc43_rdrp.json
    jobid: 0

[Sat Aug  1 12:47:41 2020]
Finished job 0.
9 of 9 steps (100%) done
Complete log: /Users/katekistler/nextstrain/seasonal-cov/oc43/.snakemake/log/2020-08-01T124528.057768.snakemake.log
