Building DAG of jobs...
Using shell: /bin/bash
Provided cores: 4
Rules claiming more threads will be scaled down.
Job counts:
	count	jobs
	1	align
	1	all
	1	ancestral
	1	export
	1	filter
	1	parse
	1	refine
	1	translate
	1	tree
	9

[Sun May  3 07:53:36 2020]
Job 3: Parsing fasta into sequences and metadata

[Sun May  3 07:53:41 2020]
Finished job 3.
1 of 9 steps (11%) done

[Sun May  3 07:53:41 2020]
Job 9: 
        Filtering to
          - 5000 sequence(s) per country
          - minimum genome length of 1000
        

[Sun May  3 07:53:49 2020]
Finished job 9.
2 of 9 steps (22%) done

[Sun May  3 07:53:49 2020]
Job 7: 
        Aligning sequences to config/oc43_full_reference.gb
          - filling gaps with N
        

[Sun May  3 12:06:00 2020]
Finished job 7.
3 of 9 steps (33%) done

[Sun May  3 12:06:00 2020]
Job 6: Building tree

[Sun May  3 12:09:20 2020]
Finished job 6.
4 of 9 steps (44%) done

[Sun May  3 12:09:20 2020]
Job 2: 
        Refining tree
        

[Sun May  3 13:17:00 2020]
Finished job 2.
5 of 9 steps (56%) done

[Sun May  3 13:17:00 2020]
Job 4: Reconstructing ancestral sequences and mutations

[Sun May  3 13:20:21 2020]
Finished job 4.
6 of 9 steps (67%) done

[Sun May  3 13:20:21 2020]
Job 5: Translating amino acid sequences

[Sun May  3 13:20:42 2020]
Finished job 5.
7 of 9 steps (78%) done

[Sun May  3 13:20:42 2020]
Job 1: Exporting data files for for auspice

[Sun May  3 13:20:51 2020]
Finished job 1.
8 of 9 steps (89%) done

[Sun May  3 13:20:51 2020]
localrule all:
    input: auspice/seasonal_corona_oc43_full.json
    jobid: 0

[Sun May  3 13:20:51 2020]
Finished job 0.
9 of 9 steps (100%) done
Complete log: /Users/katekistler/nextstrain/seasonal-cov/oc43/.snakemake/log/2020-05-03T075336.690327.snakemake.log
