Building DAG of jobs...
Using shell: /bin/bash
Provided cores: 4
Rules claiming more threads will be scaled down.
Job counts:
	count	jobs
	1	align
	1	all
	1	ancestral
	4	clades
	4	export
	1	refine
	1	translate
	1	tree
	14

[Thu Sep 10 18:41:32 2020]
Job 9: Annotating clades

[Thu Sep 10 18:41:32 2020]
Job 24: Annotating clades

[Thu Sep 10 18:41:32 2020]
Job 19: Annotating clades

[Thu Sep 10 18:41:32 2020]
Job 29: 
        Aligning sequences to config/oc43_spike_reference.gb
          - filling gaps with N
        

[Thu Sep 10 18:41:37 2020]
Finished job 24.
1 of 14 steps (7%) done

[Thu Sep 10 18:41:37 2020]
Job 4: Exporting data files for for auspice

[Thu Sep 10 18:41:37 2020]
Finished job 19.
2 of 14 steps (14%) done

[Thu Sep 10 18:41:37 2020]
Job 3: Exporting data files for for auspice

[Thu Sep 10 18:41:37 2020]
Finished job 9.
3 of 14 steps (21%) done

[Thu Sep 10 18:41:37 2020]
Job 1: Exporting data files for for auspice

[Thu Sep 10 18:41:41 2020]
Finished job 4.
4 of 14 steps (29%) done
[Thu Sep 10 18:41:41 2020]
Finished job 3.
5 of 14 steps (36%) done
[Thu Sep 10 18:41:42 2020]
Finished job 1.
6 of 14 steps (43%) done
[Thu Sep 10 18:42:39 2020]
Finished job 29.
7 of 14 steps (50%) done

[Thu Sep 10 18:42:39 2020]
Job 28: Building tree

[Thu Sep 10 18:42:45 2020]
Finished job 28.
8 of 14 steps (57%) done

[Thu Sep 10 18:42:45 2020]
Job 10: 
        Refining tree
        

[Thu Sep 10 18:52:33 2020]
Finished job 10.
9 of 14 steps (64%) done

[Thu Sep 10 18:52:33 2020]
Job 12: Reconstructing ancestral sequences and mutations

[Thu Sep 10 18:52:40 2020]
Finished job 12.
10 of 14 steps (71%) done

[Thu Sep 10 18:52:40 2020]
Job 13: Translating amino acid sequences

[Thu Sep 10 18:52:43 2020]
Finished job 13.
11 of 14 steps (79%) done

[Thu Sep 10 18:52:43 2020]
Job 14: Annotating clades

[Thu Sep 10 18:52:46 2020]
Finished job 14.
12 of 14 steps (86%) done

[Thu Sep 10 18:52:46 2020]
Job 2: Exporting data files for for auspice

[Thu Sep 10 18:52:49 2020]
Finished job 2.
13 of 14 steps (93%) done

[Thu Sep 10 18:52:49 2020]
localrule all:
    input: auspice/seasonal_corona_oc43_s1.json, auspice/seasonal_corona_oc43_spike.json, auspice/seasonal_corona_oc43_s2.json, auspice/seasonal_corona_oc43_rdrp.json
    jobid: 0

[Thu Sep 10 18:52:49 2020]
Finished job 0.
14 of 14 steps (100%) done
Complete log: /Users/katekistler/nextstrain/seasonal-cov/oc43/.snakemake/log/2020-09-10T184132.344460.snakemake.log
