Building DAG of jobs...
Using shell: /bin/bash
Provided cores: 4
Rules claiming more threads will be scaled down.
Job counts:
	count	jobs
	1	align
	1	all
	1	ancestral
	1	export
	1	filter
	1	parse
	1	refine
	1	translate
	1	tree
	9

[Sat May  2 15:19:57 2020]
Job 3: Parsing fasta into sequences and metadata

[Sat May  2 15:20:02 2020]
Finished job 3.
1 of 9 steps (11%) done

[Sat May  2 15:20:03 2020]
Job 9: 
        Filtering to
          - 5000 sequence(s) per country
          - minimum genome length of 1000
        

[Sat May  2 15:20:08 2020]
Finished job 9.
2 of 9 steps (22%) done

[Sat May  2 15:20:08 2020]
Job 7: 
        Aligning sequences to config/oc43_full_reference.gb
          - filling gaps with N
        

Terminating processes on user request, this might take some time.
[Sat May  2 15:20:26 2020]
Error in rule align:
    jobid: 7
    output: results/aligned_oc43_full.fasta
    shell:
        
        augur align             --sequences results/filtered_oc43_full.fasta             --reference-sequence config/oc43_full_reference.gb             --output results/aligned_oc43_full.fasta             --remove-reference             --fill-gaps
        
        (one of the commands exited with non-zero exit code; note that snakemake uses bash strict mode!)

Removing output files of failed job align since they might be corrupted:
results/aligned_oc43_full.fasta
Complete log: /Users/katekistler/nextstrain/seasonal-cov/oc43/.snakemake/log/2020-05-02T151957.618262.snakemake.log
