Building DAG of jobs...
Using shell: /bin/bash
Provided cores: 4
Rules claiming more threads will be scaled down.
Job counts:
	count	jobs
	1	all
	1	clades
	1	export
	3

[Mon May 25 15:39:30 2020]
Job 6: Annotating clades

[Mon May 25 15:39:33 2020]
Finished job 6.
1 of 3 steps (33%) done

[Mon May 25 15:39:33 2020]
Job 1: Exporting data files for for auspice

[Mon May 25 15:39:37 2020]
Finished job 1.
2 of 3 steps (67%) done

[Mon May 25 15:39:37 2020]
localrule all:
    input: auspice/seasonal_corona_oc43_full.json
    jobid: 0

[Mon May 25 15:39:37 2020]
Finished job 0.
3 of 3 steps (100%) done
Complete log: /Users/katekistler/nextstrain/seasonal-cov/oc43/.snakemake/log/2020-05-25T153930.494196.snakemake.log
