Building DAG of jobs...
Using shell: /bin/bash
Provided cores: 4
Rules claiming more threads will be scaled down.
Job counts:
	count	jobs
	11	align
	1	all
	11	ancestral
	11	export
	11	filter
	11	parse
	11	refine
	11	translate
	11	tree
	89

[Sat Apr 25 12:14:44 2020]
Job 25: Parsing fasta into sequences and metadata


[Sat Apr 25 12:14:44 2020]
Job 49: Parsing fasta into sequences and metadata


[Sat Apr 25 12:14:44 2020]
Job 53: Parsing fasta into sequences and metadata


[Sat Apr 25 12:14:44 2020]
Job 13: Parsing fasta into sequences and metadata

[Sat Apr 25 12:14:48 2020]
Finished job 25.
1 of 89 steps (1%) done

[Sat Apr 25 12:14:48 2020]
Job 92: 
        Filtering to
          - 5000 sequence(s) per country
          - minimum genome length of 200
        

[Sat Apr 25 12:14:48 2020]
Finished job 53.
2 of 89 steps (2%) done

[Sat Apr 25 12:14:48 2020]
Job 99: 
        Filtering to
          - 5000 sequence(s) per country
          - minimum genome length of 200
        

[Sat Apr 25 12:14:48 2020]
Finished job 49.
3 of 89 steps (3%) done

[Sat Apr 25 12:14:48 2020]
Job 98: 
        Filtering to
          - 5000 sequence(s) per country
          - minimum genome length of 200
        

[Sat Apr 25 12:14:48 2020]
Finished job 13.
4 of 89 steps (4%) done

[Sat Apr 25 12:14:48 2020]
Job 89: 
        Filtering to
          - 5000 sequence(s) per country
          - minimum genome length of 200
        

[Sat Apr 25 12:14:52 2020]
Finished job 99.
5 of 89 steps (6%) done

[Sat Apr 25 12:14:52 2020]
Job 87: 
        Aligning sequences to config/oc43_s2_reference.gb
          - filling gaps with N
        

[Sat Apr 25 12:14:52 2020]
Finished job 89.
6 of 89 steps (7%) done

[Sat Apr 25 12:14:52 2020]
Job 57: 
        Aligning sequences to config/oc43_replicase1ab_reference.gb
          - filling gaps with N
        

[Sat Apr 25 12:14:52 2020]
Finished job 98.
7 of 89 steps (8%) done

[Sat Apr 25 12:14:52 2020]
Job 84: 
        Aligning sequences to config/oc43_s1_reference.gb
          - filling gaps with N
        

[Sat Apr 25 12:14:52 2020]
Finished job 92.
8 of 89 steps (9%) done

[Sat Apr 25 12:14:52 2020]
Job 66: 
        Aligning sequences to config/oc43_spike_reference.gb
          - filling gaps with N
        

[Sat Apr 25 12:15:00 2020]
Finished job 87.
9 of 89 steps (10%) done

[Sat Apr 25 12:15:00 2020]
Job 86: Building tree

[Sat Apr 25 12:15:04 2020]
Finished job 86.
10 of 89 steps (11%) done

[Sat Apr 25 12:15:04 2020]
Job 52: 
        Refining tree
        

[Sat Apr 25 12:15:18 2020]
Finished job 84.
11 of 89 steps (12%) done

[Sat Apr 25 12:15:18 2020]
Job 83: Building tree

[Sat Apr 25 12:15:25 2020]
Finished job 83.
12 of 89 steps (13%) done

[Sat Apr 25 12:15:25 2020]
Job 48: 
        Refining tree
        

[Sat Apr 25 12:15:38 2020]
Finished job 57.
13 of 89 steps (15%) done

[Sat Apr 25 12:15:38 2020]
Job 56: Building tree

[Sat Apr 25 12:15:43 2020]
Finished job 56.
14 of 89 steps (16%) done

[Sat Apr 25 12:15:43 2020]
Job 12: 
        Refining tree
        

[Sat Apr 25 12:16:40 2020]
Finished job 66.
15 of 89 steps (17%) done

[Sat Apr 25 12:16:40 2020]
Job 65: Building tree

[Sat Apr 25 12:16:49 2020]
Finished job 65.
16 of 89 steps (18%) done

[Sat Apr 25 12:16:49 2020]
Job 24: 
        Refining tree
        

[Sat Apr 25 12:22:46 2020]
Finished job 52.
17 of 89 steps (19%) done

[Sat Apr 25 12:22:46 2020]
Job 54: Reconstructing ancestral sequences and mutations

[Sat Apr 25 12:23:02 2020]
Finished job 54.
18 of 89 steps (20%) done

[Sat Apr 25 12:23:02 2020]
Job 55: Translating amino acid sequences

[Sat Apr 25 12:23:14 2020]
Finished job 55.
19 of 89 steps (21%) done

[Sat Apr 25 12:23:14 2020]
Job 11: Exporting data files for for auspice

[Sat Apr 25 12:23:28 2020]
Finished job 11.
20 of 89 steps (22%) done

[Sat Apr 25 12:23:28 2020]
Job 41: Parsing fasta into sequences and metadata

[Sat Apr 25 12:23:40 2020]
Finished job 41.
21 of 89 steps (24%) done

[Sat Apr 25 12:23:40 2020]
Job 96: 
        Filtering to
          - 5000 sequence(s) per country
          - minimum genome length of 200
        

[Sat Apr 25 12:23:52 2020]
Finished job 96.
22 of 89 steps (25%) done

[Sat Apr 25 12:23:52 2020]
Job 78: 
        Aligning sequences to config/oc43_nucleocapsid_reference.gb
          - filling gaps with N
        

[Sat Apr 25 12:24:10 2020]
Finished job 78.
23 of 89 steps (26%) done

[Sat Apr 25 12:24:10 2020]
Job 77: Building tree

[Sat Apr 25 12:24:21 2020]
Finished job 77.
24 of 89 steps (27%) done

[Sat Apr 25 12:24:21 2020]
Job 40: 
        Refining tree
        

[Sat Apr 25 12:27:56 2020]
Finished job 12.
25 of 89 steps (28%) done

[Sat Apr 25 12:27:56 2020]
Job 14: Reconstructing ancestral sequences and mutations

[Sat Apr 25 12:28:29 2020]
Finished job 14.
26 of 89 steps (29%) done

[Sat Apr 25 12:28:29 2020]
Job 15: Translating amino acid sequences

[Sat Apr 25 12:28:41 2020]
Finished job 15.
27 of 89 steps (30%) done

[Sat Apr 25 12:28:41 2020]
Job 1: Exporting data files for for auspice

[Sat Apr 25 12:28:53 2020]
Finished job 1.
28 of 89 steps (31%) done

[Sat Apr 25 12:28:53 2020]
Job 21: Parsing fasta into sequences and metadata

[Sat Apr 25 12:29:05 2020]
Finished job 21.
29 of 89 steps (33%) done

[Sat Apr 25 12:29:05 2020]
Job 91: 
        Filtering to
          - 5000 sequence(s) per country
          - minimum genome length of 200
        

[Sat Apr 25 12:29:17 2020]
Finished job 91.
30 of 89 steps (34%) done

[Sat Apr 25 12:29:17 2020]
Job 63: 
        Aligning sequences to config/oc43_he_reference.gb
          - filling gaps with N
        

[Sat Apr 25 12:29:35 2020]
Finished job 63.
31 of 89 steps (35%) done

[Sat Apr 25 12:29:35 2020]
Job 62: Building tree

[Sat Apr 25 12:29:47 2020]
Finished job 62.
32 of 89 steps (36%) done

[Sat Apr 25 12:29:47 2020]
Job 20: 
        Refining tree
        

[Sat Apr 25 12:35:07 2020]
Finished job 40.
33 of 89 steps (37%) done

[Sat Apr 25 12:35:07 2020]
Job 42: Reconstructing ancestral sequences and mutations

[Sat Apr 25 12:35:18 2020]
Finished job 42.
34 of 89 steps (38%) done

[Sat Apr 25 12:35:18 2020]
Job 43: Translating amino acid sequences

[Sat Apr 25 12:35:27 2020]
Finished job 43.
35 of 89 steps (39%) done

[Sat Apr 25 12:35:27 2020]
Job 8: Exporting data files for for auspice

[Sat Apr 25 12:35:38 2020]
Finished job 8.
36 of 89 steps (40%) done

[Sat Apr 25 12:35:38 2020]
Job 17: Parsing fasta into sequences and metadata

[Sat Apr 25 12:35:48 2020]
Finished job 17.
37 of 89 steps (42%) done

[Sat Apr 25 12:35:48 2020]
Job 90: 
        Filtering to
          - 5000 sequence(s) per country
          - minimum genome length of 200
        

[Sat Apr 25 12:35:58 2020]
Finished job 90.
38 of 89 steps (43%) done

[Sat Apr 25 12:35:58 2020]
Job 60: 
        Aligning sequences to config/oc43_nonstructural2a_reference.gb
          - filling gaps with N
        

[Sat Apr 25 12:36:12 2020]
Finished job 60.
39 of 89 steps (44%) done

[Sat Apr 25 12:36:12 2020]
Job 59: Building tree

[Sat Apr 25 12:36:22 2020]
Finished job 59.
40 of 89 steps (45%) done

[Sat Apr 25 12:36:22 2020]
Job 16: 
        Refining tree
        

[Sat Apr 25 12:39:17 2020]
Finished job 20.
41 of 89 steps (46%) done

[Sat Apr 25 12:39:17 2020]
Job 22: Reconstructing ancestral sequences and mutations

[Sat Apr 25 12:39:27 2020]
Finished job 22.
42 of 89 steps (47%) done

[Sat Apr 25 12:39:27 2020]
Job 23: Translating amino acid sequences

[Sat Apr 25 12:39:35 2020]
Finished job 23.
43 of 89 steps (48%) done

[Sat Apr 25 12:39:35 2020]
Job 3: Exporting data files for for auspice

[Sat Apr 25 12:39:44 2020]
Finished job 3.
44 of 89 steps (49%) done

[Sat Apr 25 12:39:44 2020]
Job 37: Parsing fasta into sequences and metadata

[Sat Apr 25 12:39:52 2020]
Finished job 37.
45 of 89 steps (51%) done

[Sat Apr 25 12:39:52 2020]
Job 95: 
        Filtering to
          - 5000 sequence(s) per country
          - minimum genome length of 200
        

[Sat Apr 25 12:40:00 2020]
Finished job 95.
46 of 89 steps (52%) done

[Sat Apr 25 12:40:00 2020]
Job 75: 
        Aligning sequences to config/oc43_membrane_reference.gb
          - filling gaps with N
        

[Sat Apr 25 12:40:12 2020]
Finished job 75.
47 of 89 steps (53%) done

[Sat Apr 25 12:40:12 2020]
Job 74: Building tree

[Sat Apr 25 12:40:20 2020]
Finished job 74.
48 of 89 steps (54%) done

[Sat Apr 25 12:40:20 2020]
Job 36: 
        Refining tree
        

[Sat Apr 25 12:43:25 2020]
Finished job 16.
49 of 89 steps (55%) done

[Sat Apr 25 12:43:25 2020]
Job 18: Reconstructing ancestral sequences and mutations

[Sat Apr 25 12:43:32 2020]
Finished job 18.
50 of 89 steps (56%) done

[Sat Apr 25 12:43:32 2020]
Job 19: Translating amino acid sequences

[Sat Apr 25 12:43:39 2020]
Finished job 19.
51 of 89 steps (57%) done

[Sat Apr 25 12:43:39 2020]
Job 2: Exporting data files for for auspice

[Sat Apr 25 12:43:46 2020]
Finished job 2.
52 of 89 steps (58%) done

[Sat Apr 25 12:43:46 2020]
Job 45: Parsing fasta into sequences and metadata

[Sat Apr 25 12:43:52 2020]
Finished job 45.
53 of 89 steps (60%) done

[Sat Apr 25 12:43:52 2020]
Job 97: 
        Filtering to
          - 5000 sequence(s) per country
          - minimum genome length of 200
        

[Sat Apr 25 12:43:59 2020]
Finished job 97.
54 of 89 steps (61%) done

[Sat Apr 25 12:43:59 2020]
Job 29: Parsing fasta into sequences and metadata

[Sat Apr 25 12:44:06 2020]
Finished job 29.
55 of 89 steps (62%) done

[Sat Apr 25 12:44:06 2020]
Job 93: 
        Filtering to
          - 5000 sequence(s) per country
          - minimum genome length of 200
        

[Sat Apr 25 12:44:14 2020]
Finished job 93.
56 of 89 steps (63%) done

[Sat Apr 25 12:44:14 2020]
Job 81: 
        Aligning sequences to config/oc43_n2protein_reference.gb
          - filling gaps with N
        

[Sat Apr 25 12:44:22 2020]
Finished job 81.
57 of 89 steps (64%) done

[Sat Apr 25 12:44:22 2020]
Job 80: Building tree

[Sat Apr 25 12:44:28 2020]
Finished job 80.
58 of 89 steps (65%) done

[Sat Apr 25 12:44:28 2020]
Job 44: 
        Refining tree
        

[Sat Apr 25 12:45:25 2020]
Finished job 36.
59 of 89 steps (66%) done

[Sat Apr 25 12:45:25 2020]
Job 38: Reconstructing ancestral sequences and mutations

[Sat Apr 25 12:45:31 2020]
Finished job 38.
60 of 89 steps (67%) done

[Sat Apr 25 12:45:31 2020]
Job 39: Translating amino acid sequences

[Sat Apr 25 12:45:36 2020]
Finished job 39.
61 of 89 steps (69%) done

[Sat Apr 25 12:45:36 2020]
Job 7: Exporting data files for for auspice

[Sat Apr 25 12:45:42 2020]
Finished job 7.
62 of 89 steps (70%) done

[Sat Apr 25 12:45:42 2020]
Job 69: 
        Aligning sequences to config/oc43_nonstructural2_reference.gb
          - filling gaps with N
        

[Sat Apr 25 12:45:48 2020]
Finished job 69.
63 of 89 steps (71%) done

[Sat Apr 25 12:45:48 2020]
Job 68: Building tree

[Sat Apr 25 12:45:53 2020]
Finished job 68.
64 of 89 steps (72%) done

[Sat Apr 25 12:45:53 2020]
Job 28: 
        Refining tree
        

[Sat Apr 25 12:48:21 2020]
Finished job 44.
65 of 89 steps (73%) done

[Sat Apr 25 12:48:21 2020]
Job 46: Reconstructing ancestral sequences and mutations

[Sat Apr 25 12:48:25 2020]
Finished job 46.
66 of 89 steps (74%) done

[Sat Apr 25 12:48:25 2020]
Job 47: Translating amino acid sequences

[Sat Apr 25 12:48:29 2020]
Finished job 47.
67 of 89 steps (75%) done

[Sat Apr 25 12:48:29 2020]
Job 9: Exporting data files for for auspice

[Sat Apr 25 12:48:33 2020]
Finished job 9.
68 of 89 steps (76%) done

[Sat Apr 25 12:48:33 2020]
Job 33: Parsing fasta into sequences and metadata

[Sat Apr 25 12:48:36 2020]
Finished job 33.
69 of 89 steps (78%) done

[Sat Apr 25 12:48:36 2020]
Job 94: 
        Filtering to
          - 5000 sequence(s) per country
          - minimum genome length of 200
        

[Sat Apr 25 12:48:40 2020]
Finished job 94.
70 of 89 steps (79%) done

[Sat Apr 25 12:48:40 2020]
Job 72: 
        Aligning sequences to config/oc43_envelope_reference.gb
          - filling gaps with N
        

[Sat Apr 25 12:48:45 2020]
Finished job 72.
71 of 89 steps (80%) done

[Sat Apr 25 12:48:45 2020]
Job 71: Building tree

[Sat Apr 25 12:48:49 2020]
Finished job 71.
72 of 89 steps (81%) done

[Sat Apr 25 12:48:49 2020]
Job 32: 
        Refining tree
        

[Sat Apr 25 12:49:25 2020]
Finished job 28.
73 of 89 steps (82%) done

[Sat Apr 25 12:49:25 2020]
Job 30: Reconstructing ancestral sequences and mutations

[Sat Apr 25 12:49:29 2020]
Finished job 30.
74 of 89 steps (83%) done

[Sat Apr 25 12:49:29 2020]
Job 31: Translating amino acid sequences

[Sat Apr 25 12:49:32 2020]
Finished job 31.
75 of 89 steps (84%) done

[Sat Apr 25 12:49:32 2020]
Job 5: Exporting data files for for auspice

[Sat Apr 25 12:49:36 2020]
Finished job 5.
76 of 89 steps (85%) done
[Sat Apr 25 12:51:19 2020]
Finished job 32.
77 of 89 steps (87%) done

[Sat Apr 25 12:51:19 2020]
Job 34: Reconstructing ancestral sequences and mutations

[Sat Apr 25 12:51:23 2020]
Finished job 34.
78 of 89 steps (88%) done

[Sat Apr 25 12:51:23 2020]
Job 35: Translating amino acid sequences

[Sat Apr 25 12:51:26 2020]
Finished job 35.
79 of 89 steps (89%) done

[Sat Apr 25 12:51:26 2020]
Job 6: Exporting data files for for auspice

[Sat Apr 25 12:51:29 2020]
Finished job 6.
80 of 89 steps (90%) done
[Sat Apr 25 12:51:51 2020]
Finished job 48.
81 of 89 steps (91%) done

[Sat Apr 25 12:51:51 2020]
Job 50: Reconstructing ancestral sequences and mutations

[Sat Apr 25 12:52:01 2020]
Finished job 50.
82 of 89 steps (92%) done

[Sat Apr 25 12:52:01 2020]
Job 51: Translating amino acid sequences

[Sat Apr 25 12:52:04 2020]
Finished job 51.
83 of 89 steps (93%) done

[Sat Apr 25 12:52:04 2020]
Job 10: Exporting data files for for auspice

[Sat Apr 25 12:52:08 2020]
Finished job 10.
84 of 89 steps (94%) done
[Sat Apr 25 12:53:11 2020]
Finished job 24.
85 of 89 steps (96%) done

[Sat Apr 25 12:53:11 2020]
Job 26: Reconstructing ancestral sequences and mutations

[Sat Apr 25 12:53:17 2020]
Finished job 26.
86 of 89 steps (97%) done

[Sat Apr 25 12:53:17 2020]
Job 27: Translating amino acid sequences

[Sat Apr 25 12:53:19 2020]
Finished job 27.
87 of 89 steps (98%) done

[Sat Apr 25 12:53:19 2020]
Job 4: Exporting data files for for auspice

[Sat Apr 25 12:53:21 2020]
Finished job 4.
88 of 89 steps (99%) done

[Sat Apr 25 12:53:21 2020]
localrule all:
    input: auspice/seasonal_corona_oc43_replicase1ab.json, auspice/seasonal_corona_oc43_nonstructural2a.json, auspice/seasonal_corona_oc43_he.json, auspice/seasonal_corona_oc43_spike.json, auspice/seasonal_corona_oc43_nonstructural2.json, auspice/seasonal_corona_oc43_envelope.json, auspice/seasonal_corona_oc43_membrane.json, auspice/seasonal_corona_oc43_nucleocapsid.json, auspice/seasonal_corona_oc43_n2protein.json, auspice/seasonal_corona_oc43_s1.json, auspice/seasonal_corona_oc43_s2.json
    jobid: 0

[Sat Apr 25 12:53:21 2020]
Finished job 0.
89 of 89 steps (100%) done
Complete log: /Users/katekistler/nextstrain/seasonal-cov/oc43/.snakemake/log/2020-04-25T121444.263404.snakemake.log
