Building DAG of jobs...
Using shell: /bin/bash
Provided cores: 4
Rules claiming more threads will be scaled down.
Job counts:
	count	jobs
	1	align
	1	all
	1	ancestral
	1	export
	1	filter
	1	parse
	1	refine
	1	translate
	1	tree
	9

[Wed Apr 15 15:19:51 2020]
Job 3: Parsing fasta into sequences and metadata

[Wed Apr 15 15:19:52 2020]
Finished job 3.
1 of 9 steps (11%) done

[Wed Apr 15 15:19:52 2020]
Job 9: 
        Filtering to
          - 5000 sequence(s) per country
          - minimum genome length of 1000
        

[Wed Apr 15 15:19:54 2020]
Finished job 9.
2 of 9 steps (22%) done

[Wed Apr 15 15:19:54 2020]
Job 7: 
        Aligning sequences to config/oc43_full_reference.gb
          - filling gaps with N
        

[Wed Apr 15 16:21:53 2020]
Finished job 7.
3 of 9 steps (33%) done

[Wed Apr 15 16:21:53 2020]
Job 6: Building tree

[Wed Apr 15 16:22:07 2020]
Finished job 6.
4 of 9 steps (44%) done

[Wed Apr 15 16:22:07 2020]
Job 2: 
        Refining tree
        

[Wed Apr 15 16:39:22 2020]
Finished job 2.
5 of 9 steps (56%) done

[Wed Apr 15 16:39:22 2020]
Job 4: Reconstructing ancestral sequences and mutations

[Wed Apr 15 16:40:01 2020]
Finished job 4.
6 of 9 steps (67%) done

[Wed Apr 15 16:40:01 2020]
Job 5: Translating amino acid sequences

[Wed Apr 15 16:40:07 2020]
Finished job 5.
7 of 9 steps (78%) done

[Wed Apr 15 16:40:07 2020]
Job 1: Exporting data files for for auspice

[Wed Apr 15 16:40:10 2020]
Finished job 1.
8 of 9 steps (89%) done

[Wed Apr 15 16:40:10 2020]
localrule all:
    input: auspice/seasonal_corona_oc43_full.json
    jobid: 0

[Wed Apr 15 16:40:10 2020]
Finished job 0.
9 of 9 steps (100%) done
Complete log: /Users/katekistler/nextstrain/seasonal-cov/oc43/.snakemake/log/2020-04-15T151951.339233.snakemake.log
