Building DAG of jobs...
Using shell: /bin/bash
Provided cores: 4
Rules claiming more threads will be scaled down.
Job counts:
	count	jobs
	1	align
	1	all
	1	ancestral
	1	clades
	1	export
	1	refine
	1	translate
	1	tree
	8

[Fri Aug 21 20:22:41 2020]
Job 8: 
        Aligning sequences to config/oc43_replicase1ab_reference.gb
          - filling gaps with N
        

[Fri Aug 21 20:23:04 2020]
Finished job 8.
1 of 8 steps (12%) done

[Fri Aug 21 20:23:04 2020]
Job 7: Building tree

[Fri Aug 21 20:23:07 2020]
Finished job 7.
2 of 8 steps (25%) done

[Fri Aug 21 20:23:07 2020]
Job 2: 
        Refining tree
        

[Fri Aug 21 20:25:11 2020]
Finished job 2.
3 of 8 steps (38%) done

[Fri Aug 21 20:25:11 2020]
Job 4: Reconstructing ancestral sequences and mutations

[Fri Aug 21 20:25:17 2020]
Finished job 4.
4 of 8 steps (50%) done

[Fri Aug 21 20:25:17 2020]
Job 5: Translating amino acid sequences

[Fri Aug 21 20:25:20 2020]
Finished job 5.
5 of 8 steps (62%) done

[Fri Aug 21 20:25:20 2020]
Job 6: Annotating clades

[Fri Aug 21 20:25:22 2020]
Finished job 6.
6 of 8 steps (75%) done

[Fri Aug 21 20:25:22 2020]
Job 1: Exporting data files for for auspice

[Fri Aug 21 20:25:25 2020]
Finished job 1.
7 of 8 steps (88%) done

[Fri Aug 21 20:25:25 2020]
localrule all:
    input: auspice/seasonal_corona_oc43_replicase1ab.json
    jobid: 0

[Fri Aug 21 20:25:25 2020]
Finished job 0.
8 of 8 steps (100%) done
Complete log: /Users/katekistler/nextstrain/seasonal-cov/oc43/.snakemake/log/2020-08-21T202241.051546.snakemake.log
