Building DAG of jobs...
Using shell: /bin/bash
Provided cores: 4
Rules claiming more threads will be scaled down.
Job counts:
	count	jobs
	11	align
	1	all
	11	ancestral
	11	export
	11	filter
	11	parse
	11	refine
	11	translate
	11	tree
	89

[Sun May  3 17:37:26 2020]
Job 25: Parsing fasta into sequences and metadata


[Sun May  3 17:37:26 2020]
Job 53: Parsing fasta into sequences and metadata


[Sun May  3 17:37:26 2020]
Job 13: Parsing fasta into sequences and metadata


[Sun May  3 17:37:26 2020]
Job 49: Parsing fasta into sequences and metadata

[Sun May  3 17:37:33 2020]
Finished job 53.
1 of 89 steps (1%) done

[Sun May  3 17:37:33 2020]
Job 99: 
        Filtering to
          - 5000 sequence(s) per country
          - minimum genome length of 200
        

[Sun May  3 17:37:33 2020]
Finished job 49.
2 of 89 steps (2%) done

[Sun May  3 17:37:33 2020]
Job 98: 
        Filtering to
          - 5000 sequence(s) per country
          - minimum genome length of 200
        

[Sun May  3 17:37:33 2020]
Finished job 13.
3 of 89 steps (3%) done

[Sun May  3 17:37:34 2020]
Job 89: 
        Filtering to
          - 5000 sequence(s) per country
          - minimum genome length of 200
        

[Sun May  3 17:37:34 2020]
Finished job 25.
4 of 89 steps (4%) done

[Sun May  3 17:37:34 2020]
Job 92: 
        Filtering to
          - 5000 sequence(s) per country
          - minimum genome length of 200
        

[Sun May  3 17:37:43 2020]
Finished job 99.
5 of 89 steps (6%) done

[Sun May  3 17:37:43 2020]
Job 87: 
        Aligning sequences to config/oc43_s2_reference.gb
          - filling gaps with N
        

[Sun May  3 17:37:43 2020]
Finished job 89.
6 of 89 steps (7%) done

[Sun May  3 17:37:43 2020]
Job 57: 
        Aligning sequences to config/oc43_replicase1ab_reference.gb
          - filling gaps with N
        

[Sun May  3 17:37:43 2020]
Finished job 98.
7 of 89 steps (8%) done

[Sun May  3 17:37:43 2020]
Job 84: 
        Aligning sequences to config/oc43_s1_reference.gb
          - filling gaps with N
        

[Sun May  3 17:37:44 2020]
Finished job 92.
8 of 89 steps (9%) done

[Sun May  3 17:37:44 2020]
Job 66: 
        Aligning sequences to config/oc43_spike_reference.gb
          - filling gaps with N
        

[Sun May  3 17:38:15 2020]
Finished job 87.
9 of 89 steps (10%) done

[Sun May  3 17:38:15 2020]
Job 86: Building tree

[Sun May  3 17:38:23 2020]
Finished job 86.
10 of 89 steps (11%) done

[Sun May  3 17:38:23 2020]
Job 52: 
        Refining tree
        

[Sun May  3 17:39:00 2020]
Finished job 84.
11 of 89 steps (12%) done

[Sun May  3 17:39:00 2020]
Job 83: Building tree

[Sun May  3 17:39:19 2020]
Finished job 83.
12 of 89 steps (13%) done

[Sun May  3 17:39:19 2020]
Job 48: 
        Refining tree
        

[Sun May  3 17:40:27 2020]
Finished job 57.
13 of 89 steps (15%) done

[Sun May  3 17:40:27 2020]
Job 56: Building tree

[Sun May  3 17:40:44 2020]
Finished job 56.
14 of 89 steps (16%) done

[Sun May  3 17:40:44 2020]
Job 12: 
        Refining tree
        

[Sun May  3 17:42:43 2020]
Finished job 66.
15 of 89 steps (17%) done

[Sun May  3 17:42:43 2020]
Job 65: Building tree

[Sun May  3 17:43:13 2020]
Finished job 65.
16 of 89 steps (18%) done

[Sun May  3 17:43:13 2020]
Job 24: 
        Refining tree
        

[Sun May  3 18:05:58 2020]
Finished job 12.
17 of 89 steps (19%) done

[Sun May  3 18:05:58 2020]
Job 14: Reconstructing ancestral sequences and mutations

[Sun May  3 18:06:35 2020]
Finished job 14.
18 of 89 steps (20%) done

[Sun May  3 18:06:35 2020]
Job 15: Translating amino acid sequences

[Sun May  3 18:06:47 2020]
Finished job 15.
19 of 89 steps (21%) done

[Sun May  3 18:06:47 2020]
Job 1: Exporting data files for for auspice

[Sun May  3 18:07:01 2020]
Finished job 1.
20 of 89 steps (22%) done

[Sun May  3 18:07:01 2020]
Job 41: Parsing fasta into sequences and metadata

[Sun May  3 18:07:11 2020]
Finished job 41.
21 of 89 steps (24%) done

[Sun May  3 18:07:11 2020]
Job 96: 
        Filtering to
          - 5000 sequence(s) per country
          - minimum genome length of 200
        

[Sun May  3 18:07:20 2020]
Finished job 96.
22 of 89 steps (25%) done

[Sun May  3 18:07:20 2020]
Job 78: 
        Aligning sequences to config/oc43_nucleocapsid_reference.gb
          - filling gaps with N
        

[Sun May  3 18:07:53 2020]
Finished job 78.
23 of 89 steps (26%) done

[Sun May  3 18:07:53 2020]
Job 77: Building tree

[Sun May  3 18:08:03 2020]
Finished job 77.
24 of 89 steps (27%) done

[Sun May  3 18:08:03 2020]
Job 40: 
        Refining tree
        

[Sun May  3 18:10:15 2020]
Finished job 52.
25 of 89 steps (28%) done

[Sun May  3 18:10:15 2020]
Job 54: Reconstructing ancestral sequences and mutations

[Sun May  3 18:10:29 2020]
Finished job 54.
26 of 89 steps (29%) done

[Sun May  3 18:10:29 2020]
Job 55: Translating amino acid sequences

[Sun May  3 18:10:37 2020]
Finished job 55.
27 of 89 steps (30%) done

[Sun May  3 18:10:37 2020]
Job 11: Exporting data files for for auspice

[Sun May  3 18:10:46 2020]
Finished job 11.
28 of 89 steps (31%) done

[Sun May  3 18:10:46 2020]
Job 21: Parsing fasta into sequences and metadata

[Sun May  3 18:10:54 2020]
Finished job 21.
29 of 89 steps (33%) done

[Sun May  3 18:10:54 2020]
Job 91: 
        Filtering to
          - 5000 sequence(s) per country
          - minimum genome length of 200
        

[Sun May  3 18:11:03 2020]
Finished job 91.
30 of 89 steps (34%) done

[Sun May  3 18:11:03 2020]
Job 63: 
        Aligning sequences to config/oc43_he_reference.gb
          - filling gaps with N
        

[Sun May  3 18:11:27 2020]
Finished job 63.
31 of 89 steps (35%) done

[Sun May  3 18:11:27 2020]
Job 62: Building tree

[Sun May  3 18:11:36 2020]
Finished job 62.
32 of 89 steps (36%) done

[Sun May  3 18:11:36 2020]
Job 20: 
        Refining tree
        

[Sun May  3 18:32:14 2020]
Finished job 20.
33 of 89 steps (37%) done

[Sun May  3 18:32:14 2020]
Job 22: Reconstructing ancestral sequences and mutations

[Sun May  3 18:32:22 2020]
Finished job 22.
34 of 89 steps (38%) done

[Sun May  3 18:32:22 2020]
Job 23: Translating amino acid sequences

[Sun May  3 18:32:27 2020]
Finished job 23.
35 of 89 steps (39%) done

[Sun May  3 18:32:27 2020]
Job 3: Exporting data files for for auspice

[Sun May  3 18:32:32 2020]
Finished job 3.
36 of 89 steps (40%) done

[Sun May  3 18:32:32 2020]
Job 17: Parsing fasta into sequences and metadata

[Sun May  3 18:32:37 2020]
Finished job 17.
37 of 89 steps (42%) done

[Sun May  3 18:32:37 2020]
Job 90: 
        Filtering to
          - 5000 sequence(s) per country
          - minimum genome length of 200
        

[Sun May  3 18:32:43 2020]
Finished job 90.
38 of 89 steps (43%) done

[Sun May  3 18:32:43 2020]
Job 45: Parsing fasta into sequences and metadata

[Sun May  3 18:32:48 2020]
Finished job 45.
39 of 89 steps (44%) done

[Sun May  3 18:32:48 2020]
Job 97: 
        Filtering to
          - 5000 sequence(s) per country
          - minimum genome length of 200
        

[Sun May  3 18:32:53 2020]
Finished job 97.
40 of 89 steps (45%) done

[Sun May  3 18:32:53 2020]
Job 60: 
        Aligning sequences to config/oc43_nonstructural2a_reference.gb
          - filling gaps with N
        

[Sun May  3 18:33:02 2020]
Finished job 60.
41 of 89 steps (46%) done

[Sun May  3 18:33:02 2020]
Job 59: Building tree

[Sun May  3 18:33:07 2020]
Finished job 59.
42 of 89 steps (47%) done

[Sun May  3 18:33:07 2020]
Job 16: 
        Refining tree
        

[Sun May  3 18:35:31 2020]
Finished job 48.
43 of 89 steps (48%) done

[Sun May  3 18:35:31 2020]
Job 50: Reconstructing ancestral sequences and mutations

[Sun May  3 18:35:46 2020]
Finished job 50.
44 of 89 steps (49%) done

[Sun May  3 18:35:46 2020]
Job 51: Translating amino acid sequences

[Sun May  3 18:35:51 2020]
Finished job 51.
45 of 89 steps (51%) done

[Sun May  3 18:35:51 2020]
Job 10: Exporting data files for for auspice

[Sun May  3 18:35:58 2020]
Finished job 10.
46 of 89 steps (52%) done

[Sun May  3 18:35:58 2020]
Job 37: Parsing fasta into sequences and metadata

[Sun May  3 18:36:03 2020]
Finished job 37.
47 of 89 steps (53%) done

[Sun May  3 18:36:03 2020]
Job 95: 
        Filtering to
          - 5000 sequence(s) per country
          - minimum genome length of 200
        

[Sun May  3 18:36:08 2020]
Finished job 95.
48 of 89 steps (54%) done

[Sun May  3 18:36:08 2020]
Job 81: 
        Aligning sequences to config/oc43_n2protein_reference.gb
          - filling gaps with N
        

[Sun May  3 18:36:17 2020]
Finished job 81.
49 of 89 steps (55%) done

[Sun May  3 18:36:17 2020]
Job 80: Building tree

[Sun May  3 18:36:22 2020]
Finished job 80.
50 of 89 steps (56%) done

[Sun May  3 18:36:22 2020]
Job 44: 
        Refining tree
        

[Sun May  3 18:37:42 2020]
Finished job 40.
51 of 89 steps (57%) done

[Sun May  3 18:37:42 2020]
Job 42: Reconstructing ancestral sequences and mutations

[Sun May  3 18:37:51 2020]
Finished job 42.
52 of 89 steps (58%) done

[Sun May  3 18:37:51 2020]
Job 43: Translating amino acid sequences

[Sun May  3 18:37:56 2020]
Finished job 43.
53 of 89 steps (60%) done

[Sun May  3 18:37:56 2020]
Job 8: Exporting data files for for auspice

[Sun May  3 18:38:02 2020]
Finished job 8.
54 of 89 steps (61%) done

[Sun May  3 18:38:02 2020]
Job 75: 
        Aligning sequences to config/oc43_membrane_reference.gb
          - filling gaps with N
        

[Sun May  3 18:38:10 2020]
Finished job 75.
55 of 89 steps (62%) done

[Sun May  3 18:38:10 2020]
Job 74: Building tree

[Sun May  3 18:38:15 2020]
Finished job 74.
56 of 89 steps (63%) done

[Sun May  3 18:38:15 2020]
Job 36: 
        Refining tree
        

[Sun May  3 18:40:42 2020]
Finished job 24.
57 of 89 steps (64%) done

[Sun May  3 18:40:42 2020]
Job 26: Reconstructing ancestral sequences and mutations

[Sun May  3 18:41:05 2020]
Finished job 26.
58 of 89 steps (65%) done

[Sun May  3 18:41:05 2020]
Job 27: Translating amino acid sequences

[Sun May  3 18:41:10 2020]
Finished job 27.
59 of 89 steps (66%) done

[Sun May  3 18:41:10 2020]
Job 4: Exporting data files for for auspice

[Sun May  3 18:41:17 2020]
Finished job 4.
60 of 89 steps (67%) done

[Sun May  3 18:41:17 2020]
Job 29: Parsing fasta into sequences and metadata

[Sun May  3 18:41:22 2020]
Finished job 29.
61 of 89 steps (69%) done

[Sun May  3 18:41:22 2020]
Job 93: 
        Filtering to
          - 5000 sequence(s) per country
          - minimum genome length of 200
        

[Sun May  3 18:41:27 2020]
Finished job 93.
62 of 89 steps (70%) done

[Sun May  3 18:41:27 2020]
Job 69: 
        Aligning sequences to config/oc43_nonstructural2_reference.gb
          - filling gaps with N
        

[Sun May  3 18:41:34 2020]
Finished job 69.
63 of 89 steps (71%) done

[Sun May  3 18:41:34 2020]
Job 68: Building tree

[Sun May  3 18:41:39 2020]
Finished job 68.
64 of 89 steps (72%) done

[Sun May  3 18:41:39 2020]
Job 28: 
        Refining tree
        

[Sun May  3 18:43:41 2020]
Finished job 16.
65 of 89 steps (73%) done

[Sun May  3 18:43:41 2020]
Job 18: Reconstructing ancestral sequences and mutations

[Sun May  3 18:43:47 2020]
Finished job 18.
66 of 89 steps (74%) done

[Sun May  3 18:43:47 2020]
Job 19: Translating amino acid sequences

[Sun May  3 18:43:52 2020]
Finished job 19.
67 of 89 steps (75%) done

[Sun May  3 18:43:52 2020]
Job 2: Exporting data files for for auspice

[Sun May  3 18:43:58 2020]
Finished job 2.
68 of 89 steps (76%) done

[Sun May  3 18:43:58 2020]
Job 33: Parsing fasta into sequences and metadata

[Sun May  3 18:44:03 2020]
Finished job 33.
69 of 89 steps (78%) done

[Sun May  3 18:44:03 2020]
Job 94: 
        Filtering to
          - 5000 sequence(s) per country
          - minimum genome length of 200
        

[Sun May  3 18:44:08 2020]
Finished job 94.
70 of 89 steps (79%) done

[Sun May  3 18:44:08 2020]
Job 72: 
        Aligning sequences to config/oc43_envelope_reference.gb
          - filling gaps with N
        

[Sun May  3 18:44:14 2020]
Finished job 72.
71 of 89 steps (80%) done

[Sun May  3 18:44:14 2020]
Job 71: Building tree

[Sun May  3 18:44:20 2020]
Finished job 71.
72 of 89 steps (81%) done

[Sun May  3 18:44:20 2020]
Job 32: 
        Refining tree
        

[Sun May  3 18:50:06 2020]
Finished job 36.
73 of 89 steps (82%) done

[Sun May  3 18:50:06 2020]
Job 38: Reconstructing ancestral sequences and mutations

[Sun May  3 18:50:12 2020]
Finished job 38.
74 of 89 steps (83%) done

[Sun May  3 18:50:12 2020]
Job 39: Translating amino acid sequences

[Sun May  3 18:50:17 2020]
Finished job 39.
75 of 89 steps (84%) done

[Sun May  3 18:50:17 2020]
Job 7: Exporting data files for for auspice

[Sun May  3 18:50:22 2020]
Finished job 7.
76 of 89 steps (85%) done
[Sun May  3 18:52:17 2020]
Finished job 28.
77 of 89 steps (87%) done

[Sun May  3 18:52:17 2020]
Job 30: Reconstructing ancestral sequences and mutations

[Sun May  3 18:52:22 2020]
Finished job 30.
78 of 89 steps (88%) done

[Sun May  3 18:52:22 2020]
Job 31: Translating amino acid sequences

[Sun May  3 18:52:26 2020]
Finished job 31.
79 of 89 steps (89%) done

[Sun May  3 18:52:26 2020]
Job 5: Exporting data files for for auspice

[Sun May  3 18:52:31 2020]
Finished job 5.
80 of 89 steps (90%) done
[Sun May  3 18:56:21 2020]
Finished job 32.
81 of 89 steps (91%) done

[Sun May  3 18:56:21 2020]
Job 34: Reconstructing ancestral sequences and mutations

[Sun May  3 18:56:25 2020]
Finished job 34.
82 of 89 steps (92%) done

[Sun May  3 18:56:25 2020]
Job 35: Translating amino acid sequences

[Sun May  3 18:56:29 2020]
Finished job 35.
83 of 89 steps (93%) done

[Sun May  3 18:56:29 2020]
Job 6: Exporting data files for for auspice

[Sun May  3 18:56:33 2020]
Finished job 6.
84 of 89 steps (94%) done
[Sun May  3 19:00:23 2020]
Finished job 44.
85 of 89 steps (96%) done

[Sun May  3 19:00:23 2020]
Job 46: Reconstructing ancestral sequences and mutations

[Sun May  3 19:00:27 2020]
Finished job 46.
86 of 89 steps (97%) done

[Sun May  3 19:00:27 2020]
Job 47: Translating amino acid sequences

[Sun May  3 19:00:30 2020]
Finished job 47.
87 of 89 steps (98%) done

[Sun May  3 19:00:30 2020]
Job 9: Exporting data files for for auspice

[Sun May  3 19:00:34 2020]
Finished job 9.
88 of 89 steps (99%) done

[Sun May  3 19:00:34 2020]
localrule all:
    input: auspice/seasonal_corona_oc43_replicase1ab.json, auspice/seasonal_corona_oc43_nonstructural2a.json, auspice/seasonal_corona_oc43_he.json, auspice/seasonal_corona_oc43_spike.json, auspice/seasonal_corona_oc43_nonstructural2.json, auspice/seasonal_corona_oc43_envelope.json, auspice/seasonal_corona_oc43_membrane.json, auspice/seasonal_corona_oc43_nucleocapsid.json, auspice/seasonal_corona_oc43_n2protein.json, auspice/seasonal_corona_oc43_s1.json, auspice/seasonal_corona_oc43_s2.json
    jobid: 0

[Sun May  3 19:00:34 2020]
Finished job 0.
89 of 89 steps (100%) done
Complete log: /Users/katekistler/nextstrain/seasonal-cov/oc43/.snakemake/log/2020-05-03T173725.914442.snakemake.log
