Building DAG of jobs...
Using shell: /bin/bash
Provided cores: 4
Rules claiming more threads will be scaled down.
Job counts:
	count	jobs
	1	align
	1	all
	1	ancestral
	1	clades
	1	export
	1	filter
	1	parse
	1	refine
	1	translate
	1	tree
	10

[Sat Aug  1 13:17:00 2020]
Job 3: Parsing fasta into sequences and metadata

[Sat Aug  1 13:17:02 2020]
Finished job 3.
1 of 10 steps (10%) done

[Sat Aug  1 13:17:02 2020]
Job 10: 
        Filtering to
          - 5000 sequence(s) per country
          - minimum genome length of 200
        

[Sat Aug  1 13:17:04 2020]
Finished job 10.
2 of 10 steps (20%) done

[Sat Aug  1 13:17:04 2020]
Job 8: 
        Aligning sequences to config/oc43_replicase1ab_reference.gb
          - filling gaps with N
        

[Sat Aug  1 13:17:24 2020]
Finished job 8.
3 of 10 steps (30%) done

[Sat Aug  1 13:17:24 2020]
Job 7: Building tree

[Sat Aug  1 13:17:27 2020]
Finished job 7.
4 of 10 steps (40%) done

[Sat Aug  1 13:17:27 2020]
Job 2: 
        Refining tree
        

[Sat Aug  1 13:19:36 2020]
Finished job 2.
5 of 10 steps (50%) done

[Sat Aug  1 13:19:36 2020]
Job 4: Reconstructing ancestral sequences and mutations

[Sat Aug  1 13:19:40 2020]
Finished job 4.
6 of 10 steps (60%) done

[Sat Aug  1 13:19:40 2020]
Job 5: Translating amino acid sequences

[Sat Aug  1 13:19:42 2020]
Finished job 5.
7 of 10 steps (70%) done

[Sat Aug  1 13:19:42 2020]
Job 6: Annotating clades

[Sat Aug  1 13:19:45 2020]
Finished job 6.
8 of 10 steps (80%) done

[Sat Aug  1 13:19:45 2020]
Job 1: Exporting data files for for auspice

[Sat Aug  1 13:19:47 2020]
Finished job 1.
9 of 10 steps (90%) done

[Sat Aug  1 13:19:47 2020]
localrule all:
    input: auspice/seasonal_corona_oc43_replicase1ab.json
    jobid: 0

[Sat Aug  1 13:19:47 2020]
Finished job 0.
10 of 10 steps (100%) done
Complete log: /Users/katekistler/nextstrain/seasonal-cov/oc43/.snakemake/log/2020-08-01T131659.954774.snakemake.log
