Building DAG of jobs...
Using shell: /bin/bash
Provided cores: 4
Rules claiming more threads will be scaled down.
Job counts:
	count	jobs
	8	align
	1	all
	8	ancestral
	8	export
	8	filter
	8	parse
	8	refine
	8	translate
	8	tree
	65

[Fri Aug 21 20:48:21 2020]
Job 15: Parsing fasta into sequences and metadata


[Fri Aug 21 20:48:21 2020]
Job 35: Parsing fasta into sequences and metadata


[Fri Aug 21 20:48:21 2020]
Job 43: Parsing fasta into sequences and metadata


[Fri Aug 21 20:48:21 2020]
Job 19: Parsing fasta into sequences and metadata

[Fri Aug 21 20:48:26 2020]
Finished job 35.
1 of 65 steps (2%) done
[Fri Aug 21 20:48:26 2020]
Finished job 43.
2 of 65 steps (3%) done

[Fri Aug 21 20:48:26 2020]
Job 79: 
        Filtering to
          - 5000 sequence(s) per country
          - minimum genome length of 200
        


[Fri Aug 21 20:48:26 2020]
Job 81: 
        Filtering to
          - 5000 sequence(s) per country
          - minimum genome length of 200
        

[Fri Aug 21 20:48:27 2020]
Finished job 19.
3 of 65 steps (5%) done

[Fri Aug 21 20:48:27 2020]
Job 75: 
        Filtering to
          - 5000 sequence(s) per country
          - minimum genome length of 200
        

[Fri Aug 21 20:48:27 2020]
Finished job 15.
4 of 65 steps (6%) done

[Fri Aug 21 20:48:27 2020]
Job 74: 
        Filtering to
          - 5000 sequence(s) per country
          - minimum genome length of 200
        

[Fri Aug 21 20:48:31 2020]
Finished job 79.
5 of 65 steps (8%) done

[Fri Aug 21 20:48:31 2020]
Job 65: 
        Aligning sequences to config/oc43_nucleocapsid_reference.gb
          - filling gaps with N
        

[Fri Aug 21 20:48:31 2020]
Finished job 74.
6 of 65 steps (9%) done

[Fri Aug 21 20:48:31 2020]
Job 50: 
        Aligning sequences to config/oc43_nonstructural2a_reference.gb
          - filling gaps with N
        

[Fri Aug 21 20:48:31 2020]
Finished job 75.
7 of 65 steps (11%) done

[Fri Aug 21 20:48:31 2020]
Job 53: 
        Aligning sequences to config/oc43_he_reference.gb
          - filling gaps with N
        

[Fri Aug 21 20:48:31 2020]
Finished job 81.
8 of 65 steps (12%) done

[Fri Aug 21 20:48:31 2020]
Job 71: 
        Aligning sequences to config/oc43_s2_reference.gb
          - filling gaps with N
        

[Fri Aug 21 20:48:39 2020]
Finished job 50.
9 of 65 steps (14%) done

[Fri Aug 21 20:48:39 2020]
Job 49: Building tree

[Fri Aug 21 20:48:40 2020]
Finished job 53.
10 of 65 steps (15%) done

[Fri Aug 21 20:48:40 2020]
Job 52: Building tree

[Fri Aug 21 20:48:41 2020]
Finished job 65.
11 of 65 steps (17%) done

[Fri Aug 21 20:48:41 2020]
Job 64: Building tree

[Fri Aug 21 20:48:44 2020]
Finished job 49.
12 of 65 steps (18%) done

[Fri Aug 21 20:48:44 2020]
Job 14: 
        Refining tree
        

[Fri Aug 21 20:48:46 2020]
Finished job 52.
13 of 65 steps (20%) done

[Fri Aug 21 20:48:46 2020]
Job 18: 
        Refining tree
        

[Fri Aug 21 20:48:46 2020]
Finished job 64.
14 of 65 steps (22%) done

[Fri Aug 21 20:48:46 2020]
Job 34: 
        Refining tree
        

[Fri Aug 21 20:48:47 2020]
Finished job 71.
15 of 65 steps (23%) done

[Fri Aug 21 20:48:47 2020]
Job 70: Building tree

[Fri Aug 21 20:48:53 2020]
Finished job 70.
16 of 65 steps (25%) done

[Fri Aug 21 20:48:53 2020]
Job 42: 
        Refining tree
        

[Fri Aug 21 20:51:51 2020]
Finished job 14.
17 of 65 steps (26%) done

[Fri Aug 21 20:51:51 2020]
Job 16: Reconstructing ancestral sequences and mutations

[Fri Aug 21 20:51:58 2020]
Finished job 16.
18 of 65 steps (28%) done

[Fri Aug 21 20:51:58 2020]
Job 17: Translating amino acid sequences

[Fri Aug 21 20:52:03 2020]
Finished job 17.
19 of 65 steps (29%) done

[Fri Aug 21 20:52:03 2020]
Job 2: Exporting data files for for auspice

[Fri Aug 21 20:52:07 2020]
Finished job 2.
20 of 65 steps (31%) done

[Fri Aug 21 20:52:07 2020]
Job 31: Parsing fasta into sequences and metadata

[Fri Aug 21 20:52:09 2020]
Finished job 18.
21 of 65 steps (32%) done

[Fri Aug 21 20:52:09 2020]
Job 20: Reconstructing ancestral sequences and mutations

[Fri Aug 21 20:52:12 2020]
Finished job 31.
22 of 65 steps (34%) done

[Fri Aug 21 20:52:12 2020]
Job 78: 
        Filtering to
          - 5000 sequence(s) per country
          - minimum genome length of 200
        

[Fri Aug 21 20:52:14 2020]
Finished job 20.
23 of 65 steps (35%) done

[Fri Aug 21 20:52:14 2020]
Job 21: Translating amino acid sequences

[Fri Aug 21 20:52:18 2020]
Finished job 78.
24 of 65 steps (37%) done

[Fri Aug 21 20:52:18 2020]
Job 62: 
        Aligning sequences to config/oc43_membrane_reference.gb
          - filling gaps with N
        

[Fri Aug 21 20:52:20 2020]
Finished job 21.
25 of 65 steps (38%) done

[Fri Aug 21 20:52:20 2020]
Job 3: Exporting data files for for auspice

[Fri Aug 21 20:52:24 2020]
Finished job 34.
26 of 65 steps (40%) done

[Fri Aug 21 20:52:24 2020]
Job 36: Reconstructing ancestral sequences and mutations

[Fri Aug 21 20:52:25 2020]
Finished job 62.
27 of 65 steps (42%) done

[Fri Aug 21 20:52:25 2020]
Job 61: Building tree

[Fri Aug 21 20:52:26 2020]
Finished job 3.
28 of 65 steps (43%) done

[Fri Aug 21 20:52:26 2020]
Job 39: Parsing fasta into sequences and metadata

[Fri Aug 21 20:52:30 2020]
Finished job 61.
29 of 65 steps (45%) done

[Fri Aug 21 20:52:30 2020]
Job 30: 
        Refining tree
        

[Fri Aug 21 20:52:30 2020]
Finished job 36.
30 of 65 steps (46%) done

[Fri Aug 21 20:52:30 2020]
Job 37: Translating amino acid sequences

[Fri Aug 21 20:52:30 2020]
Finished job 39.
31 of 65 steps (48%) done

[Fri Aug 21 20:52:30 2020]
Job 80: 
        Filtering to
          - 5000 sequence(s) per country
          - minimum genome length of 200
        

[Fri Aug 21 20:52:35 2020]
Finished job 80.
32 of 65 steps (49%) done

[Fri Aug 21 20:52:35 2020]
Job 23: Parsing fasta into sequences and metadata

[Fri Aug 21 20:52:35 2020]
Finished job 37.
33 of 65 steps (51%) done

[Fri Aug 21 20:52:35 2020]
Job 7: Exporting data files for for auspice

[Fri Aug 21 20:52:40 2020]
Finished job 23.
34 of 65 steps (52%) done

[Fri Aug 21 20:52:40 2020]
Job 76: 
        Filtering to
          - 5000 sequence(s) per country
          - minimum genome length of 200
        

[Fri Aug 21 20:52:40 2020]
Finished job 7.
35 of 65 steps (54%) done

[Fri Aug 21 20:52:40 2020]
Job 68: 
        Aligning sequences to config/oc43_n2protein_reference.gb
          - filling gaps with N
        

[Fri Aug 21 20:52:45 2020]
Finished job 76.
36 of 65 steps (55%) done

[Fri Aug 21 20:52:45 2020]
Job 56: 
        Aligning sequences to config/oc43_nonstructural2_reference.gb
          - filling gaps with N
        

[Fri Aug 21 20:52:47 2020]
Finished job 68.
37 of 65 steps (57%) done

[Fri Aug 21 20:52:47 2020]
Job 67: Building tree

[Fri Aug 21 20:52:52 2020]
Finished job 56.
38 of 65 steps (58%) done

[Fri Aug 21 20:52:52 2020]
Job 27: Parsing fasta into sequences and metadata

[Fri Aug 21 20:52:52 2020]
Finished job 67.
39 of 65 steps (60%) done

[Fri Aug 21 20:52:52 2020]
Job 38: 
        Refining tree
        

[Fri Aug 21 20:52:57 2020]
Finished job 27.
40 of 65 steps (62%) done

[Fri Aug 21 20:52:57 2020]
Job 77: 
        Filtering to
          - 5000 sequence(s) per country
          - minimum genome length of 200
        

[Fri Aug 21 20:53:01 2020]
Finished job 77.
41 of 65 steps (63%) done

[Fri Aug 21 20:53:01 2020]
Job 55: Building tree

[Fri Aug 21 20:53:06 2020]
Finished job 55.
42 of 65 steps (65%) done

[Fri Aug 21 20:53:06 2020]
Job 22: 
        Refining tree
        

[Fri Aug 21 20:55:44 2020]
Finished job 30.
43 of 65 steps (66%) done

[Fri Aug 21 20:55:44 2020]
Job 32: Reconstructing ancestral sequences and mutations

[Fri Aug 21 20:55:50 2020]
Finished job 32.
44 of 65 steps (68%) done

[Fri Aug 21 20:55:50 2020]
Job 33: Translating amino acid sequences

[Fri Aug 21 20:55:55 2020]
Finished job 33.
45 of 65 steps (69%) done

[Fri Aug 21 20:55:55 2020]
Job 6: Exporting data files for for auspice

[Fri Aug 21 20:55:59 2020]
Finished job 6.
46 of 65 steps (71%) done

[Fri Aug 21 20:55:59 2020]
Job 59: 
        Aligning sequences to config/oc43_envelope_reference.gb
          - filling gaps with N
        

[Fri Aug 21 20:56:04 2020]
Finished job 59.
47 of 65 steps (72%) done

[Fri Aug 21 20:56:04 2020]
Job 58: Building tree

[Fri Aug 21 20:56:09 2020]
Finished job 58.
48 of 65 steps (74%) done

[Fri Aug 21 20:56:09 2020]
Job 26: 
        Refining tree
        

[Fri Aug 21 20:56:23 2020]
Finished job 38.
49 of 65 steps (75%) done

[Fri Aug 21 20:56:23 2020]
Job 40: Reconstructing ancestral sequences and mutations

[Fri Aug 21 20:56:28 2020]
Finished job 40.
50 of 65 steps (77%) done

[Fri Aug 21 20:56:28 2020]
Job 41: Translating amino acid sequences

[Fri Aug 21 20:56:32 2020]
Finished job 41.
51 of 65 steps (78%) done

[Fri Aug 21 20:56:32 2020]
Job 8: Exporting data files for for auspice

[Fri Aug 21 20:56:35 2020]
Finished job 22.
52 of 65 steps (80%) done

[Fri Aug 21 20:56:35 2020]
Job 24: Reconstructing ancestral sequences and mutations

[Fri Aug 21 20:56:37 2020]
Finished job 8.
53 of 65 steps (82%) done
[Fri Aug 21 20:56:39 2020]
Finished job 24.
54 of 65 steps (83%) done

[Fri Aug 21 20:56:39 2020]
Job 25: Translating amino acid sequences

[Fri Aug 21 20:56:43 2020]
Finished job 25.
55 of 65 steps (85%) done

[Fri Aug 21 20:56:43 2020]
Job 4: Exporting data files for for auspice

[Fri Aug 21 20:56:46 2020]
Finished job 4.
56 of 65 steps (86%) done
[Fri Aug 21 20:57:30 2020]
Finished job 42.
57 of 65 steps (88%) done

[Fri Aug 21 20:57:30 2020]
Job 44: Reconstructing ancestral sequences and mutations

[Fri Aug 21 20:57:34 2020]
Finished job 44.
58 of 65 steps (89%) done

[Fri Aug 21 20:57:34 2020]
Job 45: Translating amino acid sequences

[Fri Aug 21 20:57:37 2020]
Finished job 45.
59 of 65 steps (91%) done

[Fri Aug 21 20:57:37 2020]
Job 9: Exporting data files for for auspice

[Fri Aug 21 20:57:40 2020]
Finished job 9.
60 of 65 steps (92%) done
[Fri Aug 21 20:58:08 2020]
Finished job 26.
61 of 65 steps (94%) done

[Fri Aug 21 20:58:08 2020]
Job 28: Reconstructing ancestral sequences and mutations

[Fri Aug 21 20:58:11 2020]
Finished job 28.
62 of 65 steps (95%) done

[Fri Aug 21 20:58:11 2020]
Job 29: Translating amino acid sequences

[Fri Aug 21 20:58:13 2020]
Finished job 29.
63 of 65 steps (97%) done

[Fri Aug 21 20:58:13 2020]
Job 5: Exporting data files for for auspice

[Fri Aug 21 20:58:15 2020]
Finished job 5.
64 of 65 steps (98%) done

[Fri Aug 21 20:58:15 2020]
localrule all:
    input: auspice/seasonal_corona_oc43_replicase1ab.json, auspice/seasonal_corona_oc43_nonstructural2a.json, auspice/seasonal_corona_oc43_he.json, auspice/seasonal_corona_oc43_nonstructural2.json, auspice/seasonal_corona_oc43_envelope.json, auspice/seasonal_corona_oc43_membrane.json, auspice/seasonal_corona_oc43_nucleocapsid.json, auspice/seasonal_corona_oc43_n2protein.json, auspice/seasonal_corona_oc43_s2.json
    jobid: 0

[Fri Aug 21 20:58:15 2020]
Finished job 0.
65 of 65 steps (100%) done
Complete log: /Users/katekistler/nextstrain/seasonal-cov/oc43/.snakemake/log/2020-08-21T204821.782764.snakemake.log
