Building DAG of jobs...
Using shell: /bin/bash
Provided cores: 4
Rules claiming more threads will be scaled down.
Job counts:
	count	jobs
	1	all
	1	clades
	1	export
	3

[Tue Jun 16 11:22:22 2020]
Job 12: Annotating clades

[Tue Jun 16 11:22:24 2020]
Finished job 12.
1 of 3 steps (33%) done

[Tue Jun 16 11:22:24 2020]
Job 2: Exporting data files for for auspice

[Tue Jun 16 11:22:27 2020]
Finished job 2.
2 of 3 steps (67%) done

[Tue Jun 16 11:22:27 2020]
localrule all:
    input: auspice/seasonal_corona_oc43_replicase1ab.json, auspice/seasonal_corona_oc43_nonstructural2a.json, auspice/seasonal_corona_oc43_he.json, auspice/seasonal_corona_oc43_spike.json, auspice/seasonal_corona_oc43_nonstructural2.json, auspice/seasonal_corona_oc43_envelope.json, auspice/seasonal_corona_oc43_membrane.json, auspice/seasonal_corona_oc43_nucleocapsid.json, auspice/seasonal_corona_oc43_n2protein.json, auspice/seasonal_corona_oc43_s1.json, auspice/seasonal_corona_oc43_s2.json
    jobid: 0

[Tue Jun 16 11:22:27 2020]
Finished job 0.
3 of 3 steps (100%) done
Complete log: /Users/katekistler/nextstrain/seasonal-cov/oc43/.snakemake/log/2020-06-16T112221.994204.snakemake.log
