Building DAG of jobs...
Using shell: /bin/bash
Provided cores: 4
Rules claiming more threads will be scaled down.
Job counts:
	count	jobs
	1	all
	2	ancestral
	2	clades
	2	export
	2	translate
	9

[Tue Jun 16 15:10:29 2020]
Job 5: Reconstructing ancestral sequences and mutations


[Tue Jun 16 15:10:29 2020]
Job 10: Reconstructing ancestral sequences and mutations

[Tue Jun 16 15:10:40 2020]
Finished job 5.
1 of 9 steps (11%) done

[Tue Jun 16 15:10:40 2020]
Job 6: Translating amino acid sequences

[Tue Jun 16 15:10:42 2020]
Finished job 10.
2 of 9 steps (22%) done

[Tue Jun 16 15:10:42 2020]
Job 11: Translating amino acid sequences

[Tue Jun 16 15:10:43 2020]
Finished job 6.
3 of 9 steps (33%) done

[Tue Jun 16 15:10:43 2020]
Job 7: Annotating clades

[Tue Jun 16 15:10:46 2020]
Finished job 11.
4 of 9 steps (44%) done

[Tue Jun 16 15:10:46 2020]
Job 12: Annotating clades

[Tue Jun 16 15:10:47 2020]
Finished job 7.
5 of 9 steps (56%) done

[Tue Jun 16 15:10:47 2020]
Job 1: Exporting data files for for auspice

[Tue Jun 16 15:10:50 2020]
Finished job 12.
6 of 9 steps (67%) done

[Tue Jun 16 15:10:50 2020]
Job 2: Exporting data files for for auspice

[Tue Jun 16 15:10:52 2020]
Finished job 1.
7 of 9 steps (78%) done
[Tue Jun 16 15:10:54 2020]
Finished job 2.
8 of 9 steps (89%) done

[Tue Jun 16 15:10:54 2020]
localrule all:
    input: auspice/seasonal_corona_oc43_s1.json, auspice/seasonal_corona_oc43_spike.json
    jobid: 0

[Tue Jun 16 15:10:54 2020]
Finished job 0.
9 of 9 steps (100%) done
Complete log: /Users/katekistler/nextstrain/seasonal-cov/oc43/.snakemake/log/2020-06-16T151029.544344.snakemake.log
