Building DAG of jobs...
Using shell: /bin/bash
Provided cores: 4
Rules claiming more threads will be scaled down.
Job counts:
	count	jobs
	1	all
	1	clades
	1	export
	3

[Sat Aug  1 13:11:55 2020]
Job 6: Annotating clades

[Sat Aug  1 13:11:58 2020]
Finished job 6.
1 of 3 steps (33%) done

[Sat Aug  1 13:11:58 2020]
Job 1: Exporting data files for for auspice

[Sat Aug  1 13:12:00 2020]
Error in rule export:
    jobid: 1
    output: auspice/seasonal_corona_oc43_rdrp.json
    shell:
        
        augur export v2             --tree results/tree_oc43_rdrp.nwk             --metadata results/metadata_oc43_rdrp.tsv             --node-data results/branch_lengths_oc43_rdrp.json results/nt_muts_oc43_rdrp.json results/aa_muts_oc43_rdrp.json             --include-root-sequence             --auspice-config config/auspice_config.json             --lat-longs config/lat_longs.tsv             --colors config/colors.tsv             --clades results/clades_rdrp.json             --output auspice/seasonal_corona_oc43_rdrp.json
        
        (one of the commands exited with non-zero exit code; note that snakemake uses bash strict mode!)

Shutting down, this might take some time.
Exiting because a job execution failed. Look above for error message
Complete log: /Users/katekistler/nextstrain/seasonal-cov/oc43/.snakemake/log/2020-08-01T131155.772515.snakemake.log
