Building DAG of jobs...
Using shell: /bin/bash
Provided cores: 4
Rules claiming more threads will be scaled down.
Job counts:
	count	jobs
	1	align
	1	all
	1	ancestral
	1	export
	1	filter
	1	refine
	1	translate
	1	tree
	8

[Mon May 25 13:32:03 2020]
Job 9: 
        Filtering to
          - 5000 sequence(s) per country
          - minimum genome length of 1000
        

[Mon May 25 13:32:06 2020]
Finished job 9.
1 of 8 steps (12%) done

[Mon May 25 13:32:06 2020]
Job 7: 
        Aligning sequences to config/oc43_full_reference.gb
          - filling gaps with N
        

[Mon May 25 14:27:25 2020]
Finished job 7.
2 of 8 steps (25%) done

[Mon May 25 14:27:25 2020]
Job 6: Building tree

[Mon May 25 14:27:41 2020]
Finished job 6.
3 of 8 steps (38%) done

[Mon May 25 14:27:41 2020]
Job 2: 
        Refining tree
        

[Mon May 25 14:38:32 2020]
Finished job 2.
4 of 8 steps (50%) done

[Mon May 25 14:38:32 2020]
Job 4: Reconstructing ancestral sequences and mutations

[Mon May 25 14:39:09 2020]
Finished job 4.
5 of 8 steps (62%) done

[Mon May 25 14:39:09 2020]
Job 5: Translating amino acid sequences

[Mon May 25 14:39:15 2020]
Finished job 5.
6 of 8 steps (75%) done

[Mon May 25 14:39:15 2020]
Job 1: Exporting data files for for auspice

[Mon May 25 14:39:20 2020]
Finished job 1.
7 of 8 steps (88%) done

[Mon May 25 14:39:20 2020]
localrule all:
    input: auspice/seasonal_corona_oc43_full.json
    jobid: 0

[Mon May 25 14:39:20 2020]
Finished job 0.
8 of 8 steps (100%) done
Complete log: /Users/katekistler/nextstrain/seasonal-cov/oc43/.snakemake/log/2020-05-25T133203.622215.snakemake.log
