Building DAG of jobs...
Using shell: /bin/bash
Provided cores: 4
Rules claiming more threads will be scaled down.
Job counts:
	count	jobs
	11	align
	1	all
	11	ancestral
	11	export
	11	filter
	11	refine
	11	translate
	11	tree
	78

[Mon May 25 14:41:08 2020]
Job 98: 
        Filtering to
          - 5000 sequence(s) per country
          - minimum genome length of 200
        


[Mon May 25 14:41:08 2020]
Job 99: 
        Filtering to
          - 5000 sequence(s) per country
          - minimum genome length of 200
        


[Mon May 25 14:41:08 2020]
Job 92: 
        Filtering to
          - 5000 sequence(s) per country
          - minimum genome length of 200
        


[Mon May 25 14:41:08 2020]
Job 89: 
        Filtering to
          - 5000 sequence(s) per country
          - minimum genome length of 200
        

[Mon May 25 14:41:15 2020]
Finished job 99.
1 of 78 steps (1%) done

[Mon May 25 14:41:15 2020]
Job 87: 
        Aligning sequences to config/oc43_s2_reference.gb
          - filling gaps with N
        

[Mon May 25 14:41:15 2020]
Finished job 89.
2 of 78 steps (3%) done

[Mon May 25 14:41:15 2020]
Job 57: 
        Aligning sequences to config/oc43_replicase1ab_reference.gb
          - filling gaps with N
        

[Mon May 25 14:41:15 2020]
Finished job 98.
3 of 78 steps (4%) done

[Mon May 25 14:41:15 2020]
Job 84: 
        Aligning sequences to config/oc43_s1_reference.gb
          - filling gaps with N
        

[Mon May 25 14:41:15 2020]
Finished job 92.
4 of 78 steps (5%) done

[Mon May 25 14:41:15 2020]
Job 66: 
        Aligning sequences to config/oc43_spike_reference.gb
          - filling gaps with N
        

[Mon May 25 14:41:30 2020]
Finished job 87.
5 of 78 steps (6%) done

[Mon May 25 14:41:30 2020]
Job 86: Building tree

[Mon May 25 14:41:37 2020]
Finished job 86.
6 of 78 steps (8%) done

[Mon May 25 14:41:37 2020]
Job 52: 
        Refining tree
        

[Mon May 25 14:42:01 2020]
Finished job 84.
7 of 78 steps (9%) done

[Mon May 25 14:42:01 2020]
Job 83: Building tree

[Mon May 25 14:42:13 2020]
Finished job 83.
8 of 78 steps (10%) done

[Mon May 25 14:42:13 2020]
Job 48: 
        Refining tree
        

[Mon May 25 14:42:31 2020]
Finished job 57.
9 of 78 steps (12%) done

[Mon May 25 14:42:31 2020]
Job 56: Building tree

[Mon May 25 14:42:39 2020]
Finished job 56.
10 of 78 steps (13%) done

[Mon May 25 14:42:39 2020]
Job 12: 
        Refining tree
        

[Mon May 25 14:44:19 2020]
Finished job 66.
11 of 78 steps (14%) done

[Mon May 25 14:44:19 2020]
Job 65: Building tree

[Mon May 25 14:44:32 2020]
Finished job 65.
12 of 78 steps (15%) done

[Mon May 25 14:44:32 2020]
Job 24: 
        Refining tree
        

[Mon May 25 14:46:53 2020]
Finished job 52.
13 of 78 steps (17%) done

[Mon May 25 14:46:53 2020]
Job 54: Reconstructing ancestral sequences and mutations

[Mon May 25 14:46:59 2020]
Finished job 54.
14 of 78 steps (18%) done

[Mon May 25 14:46:59 2020]
Job 55: Translating amino acid sequences

[Mon May 25 14:47:05 2020]
Finished job 55.
15 of 78 steps (19%) done

[Mon May 25 14:47:05 2020]
Job 11: Exporting data files for for auspice

[Mon May 25 14:47:12 2020]
Finished job 11.
16 of 78 steps (21%) done

[Mon May 25 14:47:12 2020]
Job 96: 
        Filtering to
          - 5000 sequence(s) per country
          - minimum genome length of 200
        

[Mon May 25 14:47:18 2020]
Finished job 96.
17 of 78 steps (22%) done

[Mon May 25 14:47:18 2020]
Job 91: 
        Filtering to
          - 5000 sequence(s) per country
          - minimum genome length of 200
        

[Mon May 25 14:47:23 2020]
Finished job 91.
18 of 78 steps (23%) done

[Mon May 25 14:47:23 2020]
Job 78: 
        Aligning sequences to config/oc43_nucleocapsid_reference.gb
          - filling gaps with N
        

[Mon May 25 14:47:33 2020]
Finished job 78.
19 of 78 steps (24%) done

[Mon May 25 14:47:33 2020]
Job 77: Building tree

[Mon May 25 14:47:38 2020]
Finished job 77.
20 of 78 steps (26%) done

[Mon May 25 14:47:38 2020]
Job 40: 
        Refining tree
        

[Mon May 25 14:48:58 2020]
Finished job 12.
21 of 78 steps (27%) done

[Mon May 25 14:48:58 2020]
Job 14: Reconstructing ancestral sequences and mutations

[Mon May 25 14:49:10 2020]
Finished job 14.
22 of 78 steps (28%) done

[Mon May 25 14:49:10 2020]
Job 15: Translating amino acid sequences

[Mon May 25 14:49:15 2020]
Finished job 15.
23 of 78 steps (29%) done

[Mon May 25 14:49:15 2020]
Job 1: Exporting data files for for auspice

[Mon May 25 14:49:19 2020]
Finished job 1.
24 of 78 steps (31%) done

[Mon May 25 14:49:19 2020]
Job 63: 
        Aligning sequences to config/oc43_he_reference.gb
          - filling gaps with N
        

[Mon May 25 14:49:28 2020]
Finished job 63.
25 of 78 steps (32%) done

[Mon May 25 14:49:28 2020]
Job 62: Building tree

[Mon May 25 14:49:33 2020]
Finished job 62.
26 of 78 steps (33%) done

[Mon May 25 14:49:33 2020]
Job 20: 
        Refining tree
        

[Mon May 25 14:51:36 2020]
Finished job 40.
27 of 78 steps (35%) done

[Mon May 25 14:51:36 2020]
Job 42: Reconstructing ancestral sequences and mutations

[Mon May 25 14:51:42 2020]
Finished job 42.
28 of 78 steps (36%) done

[Mon May 25 14:51:42 2020]
Job 43: Translating amino acid sequences

[Mon May 25 14:51:47 2020]
Finished job 43.
29 of 78 steps (37%) done

[Mon May 25 14:51:47 2020]
Job 8: Exporting data files for for auspice

[Mon May 25 14:51:52 2020]
Finished job 8.
30 of 78 steps (38%) done

[Mon May 25 14:51:52 2020]
Job 90: 
        Filtering to
          - 5000 sequence(s) per country
          - minimum genome length of 200
        

[Mon May 25 14:51:56 2020]
Finished job 90.
31 of 78 steps (40%) done

[Mon May 25 14:51:56 2020]
Job 95: 
        Filtering to
          - 5000 sequence(s) per country
          - minimum genome length of 200
        

[Mon May 25 14:52:02 2020]
Finished job 95.
32 of 78 steps (41%) done

[Mon May 25 14:52:02 2020]
Job 60: 
        Aligning sequences to config/oc43_nonstructural2a_reference.gb
          - filling gaps with N
        

[Mon May 25 14:52:09 2020]
Finished job 60.
33 of 78 steps (42%) done

[Mon May 25 14:52:09 2020]
Job 59: Building tree

[Mon May 25 14:52:15 2020]
Finished job 59.
34 of 78 steps (44%) done

[Mon May 25 14:52:15 2020]
Job 16: 
        Refining tree
        

[Mon May 25 14:53:25 2020]
Finished job 20.
35 of 78 steps (45%) done

[Mon May 25 14:53:25 2020]
Job 22: Reconstructing ancestral sequences and mutations

[Mon May 25 14:53:32 2020]
Finished job 22.
36 of 78 steps (46%) done

[Mon May 25 14:53:32 2020]
Job 23: Translating amino acid sequences

[Mon May 25 14:53:37 2020]
Finished job 23.
37 of 78 steps (47%) done

[Mon May 25 14:53:37 2020]
Job 3: Exporting data files for for auspice

[Mon May 25 14:53:42 2020]
Finished job 3.
38 of 78 steps (49%) done

[Mon May 25 14:53:42 2020]
Job 75: 
        Aligning sequences to config/oc43_membrane_reference.gb
          - filling gaps with N
        

[Mon May 25 14:53:49 2020]
Finished job 75.
39 of 78 steps (50%) done

[Mon May 25 14:53:49 2020]
Job 74: Building tree

[Mon May 25 14:53:53 2020]
Finished job 74.
40 of 78 steps (51%) done

[Mon May 25 14:53:53 2020]
Job 36: 
        Refining tree
        

[Mon May 25 14:55:52 2020]
Finished job 16.
41 of 78 steps (53%) done

[Mon May 25 14:55:52 2020]
Job 18: Reconstructing ancestral sequences and mutations

[Mon May 25 14:55:57 2020]
Finished job 18.
42 of 78 steps (54%) done

[Mon May 25 14:55:57 2020]
Job 19: Translating amino acid sequences

[Mon May 25 14:56:01 2020]
Finished job 19.
43 of 78 steps (55%) done

[Mon May 25 14:56:01 2020]
Job 2: Exporting data files for for auspice

[Mon May 25 14:56:06 2020]
Finished job 2.
44 of 78 steps (56%) done

[Mon May 25 14:56:06 2020]
Job 97: 
        Filtering to
          - 5000 sequence(s) per country
          - minimum genome length of 200
        

[Mon May 25 14:56:10 2020]
Finished job 97.
45 of 78 steps (58%) done

[Mon May 25 14:56:10 2020]
Job 93: 
        Filtering to
          - 5000 sequence(s) per country
          - minimum genome length of 200
        

[Mon May 25 14:56:15 2020]
Finished job 93.
46 of 78 steps (59%) done

[Mon May 25 14:56:15 2020]
Job 94: 
        Filtering to
          - 5000 sequence(s) per country
          - minimum genome length of 200
        

[Mon May 25 14:56:20 2020]
Finished job 94.
47 of 78 steps (60%) done

[Mon May 25 14:56:20 2020]
Job 81: 
        Aligning sequences to config/oc43_n2protein_reference.gb
          - filling gaps with N
        

[Mon May 25 14:56:26 2020]
Finished job 81.
48 of 78 steps (62%) done

[Mon May 25 14:56:26 2020]
Job 80: Building tree

[Mon May 25 14:56:31 2020]
Finished job 80.
49 of 78 steps (63%) done

[Mon May 25 14:56:31 2020]
Job 44: 
        Refining tree
        

[Mon May 25 14:57:11 2020]
Finished job 36.
50 of 78 steps (64%) done

[Mon May 25 14:57:11 2020]
Job 38: Reconstructing ancestral sequences and mutations

[Mon May 25 14:57:16 2020]
Finished job 38.
51 of 78 steps (65%) done

[Mon May 25 14:57:16 2020]
Job 39: Translating amino acid sequences

[Mon May 25 14:57:20 2020]
Finished job 39.
52 of 78 steps (67%) done

[Mon May 25 14:57:20 2020]
Job 7: Exporting data files for for auspice

[Mon May 25 14:57:24 2020]
Finished job 7.
53 of 78 steps (68%) done

[Mon May 25 14:57:24 2020]
Job 69: 
        Aligning sequences to config/oc43_nonstructural2_reference.gb
          - filling gaps with N
        

[Mon May 25 14:57:30 2020]
Finished job 69.
54 of 78 steps (69%) done

[Mon May 25 14:57:30 2020]
Job 68: Building tree

[Mon May 25 14:57:34 2020]
Finished job 68.
55 of 78 steps (71%) done

[Mon May 25 14:57:34 2020]
Job 28: 
        Refining tree
        

[Mon May 25 14:59:52 2020]
Finished job 44.
56 of 78 steps (72%) done

[Mon May 25 14:59:52 2020]
Job 46: Reconstructing ancestral sequences and mutations

[Mon May 25 14:59:58 2020]
Finished job 46.
57 of 78 steps (73%) done

[Mon May 25 14:59:58 2020]
Job 47: Translating amino acid sequences

[Mon May 25 15:00:03 2020]
Finished job 47.
58 of 78 steps (74%) done

[Mon May 25 15:00:03 2020]
Job 9: Exporting data files for for auspice

[Mon May 25 15:00:08 2020]
Finished job 9.
59 of 78 steps (76%) done

[Mon May 25 15:00:08 2020]
Job 72: 
        Aligning sequences to config/oc43_envelope_reference.gb
          - filling gaps with N
        

[Mon May 25 15:00:14 2020]
Finished job 72.
60 of 78 steps (77%) done

[Mon May 25 15:00:14 2020]
Job 71: Building tree

[Mon May 25 15:00:20 2020]
Finished job 71.
61 of 78 steps (78%) done

[Mon May 25 15:00:20 2020]
Job 32: 
        Refining tree
        

[Mon May 25 15:01:12 2020]
Finished job 28.
62 of 78 steps (79%) done

[Mon May 25 15:01:12 2020]
Job 30: Reconstructing ancestral sequences and mutations

[Mon May 25 15:01:18 2020]
Finished job 30.
63 of 78 steps (81%) done

[Mon May 25 15:01:18 2020]
Job 31: Translating amino acid sequences

[Mon May 25 15:01:23 2020]
Finished job 31.
64 of 78 steps (82%) done

[Mon May 25 15:01:23 2020]
Job 5: Exporting data files for for auspice

[Mon May 25 15:01:28 2020]
Finished job 5.
65 of 78 steps (83%) done
[Mon May 25 15:03:26 2020]
Finished job 32.
66 of 78 steps (85%) done

[Mon May 25 15:03:26 2020]
Job 34: Reconstructing ancestral sequences and mutations

[Mon May 25 15:03:32 2020]
Finished job 34.
67 of 78 steps (86%) done

[Mon May 25 15:03:32 2020]
Job 35: Translating amino acid sequences

[Mon May 25 15:03:36 2020]
Finished job 35.
68 of 78 steps (87%) done

[Mon May 25 15:03:36 2020]
Job 6: Exporting data files for for auspice

[Mon May 25 15:03:41 2020]
Finished job 6.
69 of 78 steps (88%) done
[Mon May 25 15:04:38 2020]
Finished job 48.
70 of 78 steps (90%) done

[Mon May 25 15:04:38 2020]
Job 50: Reconstructing ancestral sequences and mutations

[Mon May 25 15:04:44 2020]
Finished job 50.
71 of 78 steps (91%) done

[Mon May 25 15:04:44 2020]
Job 51: Translating amino acid sequences

[Mon May 25 15:04:47 2020]
Finished job 51.
72 of 78 steps (92%) done

[Mon May 25 15:04:47 2020]
Job 10: Exporting data files for for auspice

[Mon May 25 15:04:51 2020]
Finished job 10.
73 of 78 steps (94%) done
[Mon May 25 15:06:34 2020]
Finished job 24.
74 of 78 steps (95%) done

[Mon May 25 15:06:34 2020]
Job 26: Reconstructing ancestral sequences and mutations

[Mon May 25 15:06:41 2020]
Finished job 26.
75 of 78 steps (96%) done

[Mon May 25 15:06:41 2020]
Job 27: Translating amino acid sequences

[Mon May 25 15:06:44 2020]
Finished job 27.
76 of 78 steps (97%) done

[Mon May 25 15:06:44 2020]
Job 4: Exporting data files for for auspice

[Mon May 25 15:06:47 2020]
Finished job 4.
77 of 78 steps (99%) done

[Mon May 25 15:06:47 2020]
localrule all:
    input: auspice/seasonal_corona_oc43_replicase1ab.json, auspice/seasonal_corona_oc43_nonstructural2a.json, auspice/seasonal_corona_oc43_he.json, auspice/seasonal_corona_oc43_spike.json, auspice/seasonal_corona_oc43_nonstructural2.json, auspice/seasonal_corona_oc43_envelope.json, auspice/seasonal_corona_oc43_membrane.json, auspice/seasonal_corona_oc43_nucleocapsid.json, auspice/seasonal_corona_oc43_n2protein.json, auspice/seasonal_corona_oc43_s1.json, auspice/seasonal_corona_oc43_s2.json
    jobid: 0

[Mon May 25 15:06:47 2020]
Finished job 0.
78 of 78 steps (100%) done
Complete log: /Users/katekistler/nextstrain/seasonal-cov/oc43/.snakemake/log/2020-05-25T144108.563941.snakemake.log
