Building DAG of jobs...
Using shell: /bin/bash
Provided cores: 4
Rules claiming more threads will be scaled down.
Job counts:
	count	jobs
	1	align
	1	all
	1	ancestral
	1	export
	1	format_data
	1	parse
	1	refine
	1	santa_sim
	1	translate
	1	tree
	10

[Sun Aug  2 13:56:11 2020]
Job 234: Simulating RDRP sequence data with SANTA-SIM

[Sun Aug  2 13:56:23 2020]
Finished job 234.
1 of 10 steps (10%) done

[Sun Aug  2 13:56:23 2020]
Job 208: Formatting data simulated by SANTA-SIM for Augur

[Sun Aug  2 13:56:24 2020]
Finished job 208.
2 of 10 steps (20%) done

[Sun Aug  2 13:56:24 2020]
Job 128: Parsing fasta into sequences and metadata

[Sun Aug  2 13:56:27 2020]
Finished job 128.
3 of 10 steps (30%) done

[Sun Aug  2 13:56:27 2020]
Job 207: 
        Aligning sequences to config/oc43a_rdrp_reference.gb
          - filling gaps with N
        

[Sun Aug  2 13:56:33 2020]
Finished job 207.
4 of 10 steps (40%) done

[Sun Aug  2 13:56:33 2020]
Job 206: Building tree

[Sun Aug  2 13:56:37 2020]
Finished job 206.
5 of 10 steps (50%) done

[Sun Aug  2 13:56:37 2020]
Job 127: 
        Refining tree
          - estimate timetree
          - use opt coalescent timescale
          - estimate marginal node dates
          - filter tips more than 4 IQDs from clock expectation
        

[Sun Aug  2 13:58:18 2020]
Finished job 127.
6 of 10 steps (60%) done

[Sun Aug  2 13:58:18 2020]
Job 129: Reconstructing ancestral sequences and mutations

[Sun Aug  2 13:58:21 2020]
Finished job 129.
7 of 10 steps (70%) done

[Sun Aug  2 13:58:21 2020]
Job 130: Translating amino acid sequences

[Sun Aug  2 13:58:23 2020]
Finished job 130.
8 of 10 steps (80%) done

[Sun Aug  2 13:58:23 2020]
Job 26: Exporting data files for for auspice

[Sun Aug  2 13:58:25 2020]
Finished job 26.
9 of 10 steps (90%) done

[Sun Aug  2 13:58:25 2020]
localrule all:
    input: auspice/simulated_oc43a_rdrp_s1.json, auspice/simulated_oc43a_rdrp_s2.json, auspice/simulated_oc43a_rdrp_s3.json, auspice/simulated_oc43a_rdrp_s4.json, auspice/simulated_oc43a_rdrp_s5.json, auspice/simulated_oc43a_rdrp_s6.json, auspice/simulated_oc43a_rdrp_s7.json, auspice/simulated_oc43a_rdrp_s8.json, auspice/simulated_oc43a_rdrp_s9.json, auspice/simulated_oc43a_rdrp_s10.json, auspice/simulated_oc43a_rdrp_s11.json, auspice/simulated_oc43a_rdrp_s12.json, auspice/simulated_oc43a_rdrp_s13.json, auspice/simulated_oc43a_rdrp_s14.json, auspice/simulated_oc43a_rdrp_s15.json, auspice/simulated_oc43a_rdrp_s16.json, auspice/simulated_oc43a_rdrp_s17.json, auspice/simulated_oc43a_rdrp_s18.json, auspice/simulated_oc43a_rdrp_s19.json, auspice/simulated_oc43a_rdrp_s20.json, auspice/simulated_oc43a_rdrp_s21.json, auspice/simulated_oc43a_rdrp_s22.json, auspice/simulated_oc43a_rdrp_s23.json, auspice/simulated_oc43a_rdrp_s24.json, auspice/simulated_oc43a_rdrp_s25.json, auspice/simulated_oc43a_rdrp_s26.json
    jobid: 0

[Sun Aug  2 13:58:25 2020]
Finished job 0.
10 of 10 steps (100%) done
Complete log: /Users/katekistler/nextstrain/seasonal-cov/santa-sim_oc43a/santa-sim_oc43a-rdrp/.snakemake/log/2020-08-02T135611.480460.snakemake.log
