Building DAG of jobs...
Using shell: /bin/bash
Provided cores: 4
Rules claiming more threads will be scaled down.
Job counts:
	count	jobs
	1	align
	1	all
	1	ancestral
	1	export
	1	format_data
	1	parse
	1	refine
	1	santa_sim
	1	translate
	1	tree
	10

[Sat Aug  1 15:17:46 2020]
Job 9: Simulating RDRP sequence data with SANTA-SIM

[Sat Aug  1 15:17:59 2020]
Finished job 9.
1 of 10 steps (10%) done

[Sat Aug  1 15:17:59 2020]
Job 8: Formatting data simulated by SANTA-SIM for Augur

[Sat Aug  1 15:17:59 2020]
Finished job 8.
2 of 10 steps (20%) done

[Sat Aug  1 15:17:59 2020]
Job 3: Parsing fasta into sequences and metadata

[Sat Aug  1 15:18:01 2020]
Finished job 3.
3 of 10 steps (30%) done

[Sat Aug  1 15:18:01 2020]
Job 7: 
        Aligning sequences to config/oc43a_rdrp_reference.gb
          - filling gaps with N
        

[Sat Aug  1 15:18:06 2020]
Finished job 7.
4 of 10 steps (40%) done

[Sat Aug  1 15:18:06 2020]
Job 6: Building tree

[Sat Aug  1 15:18:09 2020]
Finished job 6.
5 of 10 steps (50%) done

[Sat Aug  1 15:18:09 2020]
Job 2: 
        Refining tree
          - estimate timetree
          - use opt coalescent timescale
          - estimate marginal node dates
          - filter tips more than 4 IQDs from clock expectation
        

[Sat Aug  1 15:19:51 2020]
Finished job 2.
6 of 10 steps (60%) done

[Sat Aug  1 15:19:51 2020]
Job 4: Reconstructing ancestral sequences and mutations

[Sat Aug  1 15:19:53 2020]
Finished job 4.
7 of 10 steps (70%) done

[Sat Aug  1 15:19:53 2020]
Job 5: Translating amino acid sequences

[Sat Aug  1 15:19:55 2020]
Finished job 5.
8 of 10 steps (80%) done

[Sat Aug  1 15:19:55 2020]
Job 1: Exporting data files for for auspice

[Sat Aug  1 15:19:56 2020]
Finished job 1.
9 of 10 steps (90%) done

[Sat Aug  1 15:19:56 2020]
localrule all:
    input: auspice/simulated_oc43a_rdrp_s1.json
    jobid: 0

[Sat Aug  1 15:19:56 2020]
Finished job 0.
10 of 10 steps (100%) done
Complete log: /Users/katekistler/nextstrain/seasonal-cov/santa-sim_oc43a/santa-sim_oc43a-rdrp/.snakemake/log/2020-08-01T151746.879520.snakemake.log
