Building DAG of jobs...
Using shell: /bin/bash
Provided cores: 4
Rules claiming more threads will be scaled down.
Job counts:
	count	jobs
	4	align
	1	all
	4	ancestral
	4	export
	4	format_data
	4	parse
	4	refine
	4	santa_sim
	4	translate
	4	tree
	37

[Wed Aug  5 12:42:52 2020]
Job 34: Simulating RDRP sequence data with SANTA-SIM


[Wed Aug  5 12:42:52 2020]
Job 35: Simulating RDRP sequence data with SANTA-SIM


[Wed Aug  5 12:42:52 2020]
Job 36: Simulating RDRP sequence data with SANTA-SIM


[Wed Aug  5 12:42:52 2020]
Job 33: Simulating RDRP sequence data with SANTA-SIM

[Wed Aug  5 12:43:12 2020]
Finished job 34.
1 of 37 steps (3%) done

[Wed Aug  5 12:43:12 2020]
Job 26: Formatting data simulated by SANTA-SIM for Augur

[Wed Aug  5 12:43:12 2020]
Finished job 35.
2 of 37 steps (5%) done

[Wed Aug  5 12:43:12 2020]
Job 29: Formatting data simulated by SANTA-SIM for Augur

[Wed Aug  5 12:43:13 2020]
Finished job 26.
3 of 37 steps (8%) done

[Wed Aug  5 12:43:13 2020]
Job 10: Parsing fasta into sequences and metadata

[Wed Aug  5 12:43:13 2020]
Finished job 29.
4 of 37 steps (11%) done

[Wed Aug  5 12:43:13 2020]
Job 14: Parsing fasta into sequences and metadata

[Wed Aug  5 12:43:13 2020]
Finished job 36.
5 of 37 steps (14%) done

[Wed Aug  5 12:43:13 2020]
Job 32: Formatting data simulated by SANTA-SIM for Augur

[Wed Aug  5 12:43:14 2020]
Finished job 33.
6 of 37 steps (16%) done

[Wed Aug  5 12:43:14 2020]
Job 23: Formatting data simulated by SANTA-SIM for Augur

[Wed Aug  5 12:43:14 2020]
Finished job 32.
7 of 37 steps (19%) done

[Wed Aug  5 12:43:14 2020]
Job 18: Parsing fasta into sequences and metadata

[Wed Aug  5 12:43:15 2020]
Finished job 23.
8 of 37 steps (22%) done

[Wed Aug  5 12:43:15 2020]
Job 6: Parsing fasta into sequences and metadata

[Wed Aug  5 12:43:17 2020]
Finished job 14.
9 of 37 steps (24%) done
[Wed Aug  5 12:43:17 2020]
Finished job 10.
10 of 37 steps (27%) done

[Wed Aug  5 12:43:17 2020]
Job 28: 
        Aligning sequences to config/oc43a_rdrp_reference.gb
          - filling gaps with N
        


[Wed Aug  5 12:43:17 2020]
Job 25: 
        Aligning sequences to config/oc43a_rdrp_reference.gb
          - filling gaps with N
        

[Wed Aug  5 12:43:17 2020]
Finished job 18.
11 of 37 steps (30%) done

[Wed Aug  5 12:43:17 2020]
Job 31: 
        Aligning sequences to config/oc43a_rdrp_reference.gb
          - filling gaps with N
        

[Wed Aug  5 12:43:18 2020]
Finished job 6.
12 of 37 steps (32%) done

[Wed Aug  5 12:43:18 2020]
Job 22: 
        Aligning sequences to config/oc43a_rdrp_reference.gb
          - filling gaps with N
        

[Wed Aug  5 12:43:28 2020]
Finished job 31.
13 of 37 steps (35%) done

[Wed Aug  5 12:43:28 2020]
Job 30: Building tree

[Wed Aug  5 12:43:28 2020]
Finished job 25.
14 of 37 steps (38%) done

[Wed Aug  5 12:43:28 2020]
Job 24: Building tree

[Wed Aug  5 12:43:28 2020]
Finished job 28.
15 of 37 steps (41%) done

[Wed Aug  5 12:43:28 2020]
Job 27: Building tree

[Wed Aug  5 12:43:28 2020]
Finished job 22.
16 of 37 steps (43%) done

[Wed Aug  5 12:43:28 2020]
Job 21: Building tree

[Wed Aug  5 12:43:32 2020]
Finished job 24.
17 of 37 steps (46%) done

[Wed Aug  5 12:43:32 2020]
Job 9: 
        Refining tree
          - estimate timetree
          - use opt coalescent timescale
          - estimate marginal node dates
          - filter tips more than 4 IQDs from clock expectation
        

[Wed Aug  5 12:43:33 2020]
Finished job 30.
18 of 37 steps (49%) done

[Wed Aug  5 12:43:33 2020]
Job 17: 
        Refining tree
          - estimate timetree
          - use opt coalescent timescale
          - estimate marginal node dates
          - filter tips more than 4 IQDs from clock expectation
        

[Wed Aug  5 12:43:33 2020]
Finished job 27.
19 of 37 steps (51%) done

[Wed Aug  5 12:43:33 2020]
Job 13: 
        Refining tree
          - estimate timetree
          - use opt coalescent timescale
          - estimate marginal node dates
          - filter tips more than 4 IQDs from clock expectation
        

[Wed Aug  5 12:43:34 2020]
Finished job 21.
20 of 37 steps (54%) done

[Wed Aug  5 12:43:34 2020]
Job 5: 
        Refining tree
          - estimate timetree
          - use opt coalescent timescale
          - estimate marginal node dates
          - filter tips more than 4 IQDs from clock expectation
        

[Wed Aug  5 12:46:33 2020]
Finished job 9.
21 of 37 steps (57%) done

[Wed Aug  5 12:46:33 2020]
Job 11: Reconstructing ancestral sequences and mutations

[Wed Aug  5 12:46:34 2020]
Finished job 17.
22 of 37 steps (59%) done

[Wed Aug  5 12:46:34 2020]
Job 19: Reconstructing ancestral sequences and mutations

[Wed Aug  5 12:46:36 2020]
Finished job 13.
23 of 37 steps (62%) done

[Wed Aug  5 12:46:36 2020]
Job 15: Reconstructing ancestral sequences and mutations

[Wed Aug  5 12:46:38 2020]
Finished job 11.
24 of 37 steps (65%) done

[Wed Aug  5 12:46:38 2020]
Job 12: Translating amino acid sequences

[Wed Aug  5 12:46:38 2020]
Finished job 5.
25 of 37 steps (68%) done

[Wed Aug  5 12:46:38 2020]
Job 7: Reconstructing ancestral sequences and mutations

[Wed Aug  5 12:46:40 2020]
Finished job 19.
26 of 37 steps (70%) done

[Wed Aug  5 12:46:40 2020]
Job 20: Translating amino acid sequences

[Wed Aug  5 12:46:41 2020]
Finished job 15.
27 of 37 steps (73%) done

[Wed Aug  5 12:46:41 2020]
Job 16: Translating amino acid sequences

[Wed Aug  5 12:46:42 2020]
Finished job 12.
28 of 37 steps (76%) done

[Wed Aug  5 12:46:42 2020]
Job 2: Exporting data files for for auspice

[Wed Aug  5 12:46:43 2020]
Finished job 20.
29 of 37 steps (78%) done

[Wed Aug  5 12:46:43 2020]
Job 4: Exporting data files for for auspice

[Wed Aug  5 12:46:44 2020]
Finished job 7.
30 of 37 steps (81%) done

[Wed Aug  5 12:46:44 2020]
Job 8: Translating amino acid sequences

[Wed Aug  5 12:46:45 2020]
Finished job 16.
31 of 37 steps (84%) done

[Wed Aug  5 12:46:45 2020]
Job 3: Exporting data files for for auspice

[Wed Aug  5 12:46:46 2020]
Finished job 2.
32 of 37 steps (86%) done
[Wed Aug  5 12:46:48 2020]
Finished job 8.
33 of 37 steps (89%) done

[Wed Aug  5 12:46:48 2020]
Job 1: Exporting data files for for auspice

[Wed Aug  5 12:46:48 2020]
Finished job 4.
34 of 37 steps (92%) done
[Wed Aug  5 12:46:49 2020]
Finished job 3.
35 of 37 steps (95%) done
[Wed Aug  5 12:46:50 2020]
Finished job 1.
36 of 37 steps (97%) done

[Wed Aug  5 12:46:50 2020]
localrule all:
    input: auspice/simulated_oc43a_rdrp_a1.json, auspice/simulated_oc43a_rdrp_a5.json, auspice/simulated_oc43a_rdrp_a9.json, auspice/simulated_oc43a_rdrp_a13.json
    jobid: 0

[Wed Aug  5 12:46:50 2020]
Finished job 0.
37 of 37 steps (100%) done
Complete log: /Users/katekistler/nextstrain/seasonal-cov/santa-sim_oc43a/santa-sim_oc43a-rdrp/.snakemake/log/2020-08-05T124252.774399.snakemake.log
