Building DAG of jobs...
Using shell: /bin/bash
Provided cores: 4
Rules claiming more threads will be scaled down.
Job counts:
	count	jobs
	1	align
	1	all
	1	ancestral
	1	export
	1	format_data
	1	parse
	1	refine
	1	santa_sim
	1	translate
	1	tree
	10

[Sun Aug  2 13:32:53 2020]
Job 180: Simulating RDRP sequence data with SANTA-SIM

[Sun Aug  2 13:32:57 2020]
Finished job 180.
1 of 10 steps (10%) done

[Sun Aug  2 13:32:57 2020]
Job 160: Formatting data simulated by SANTA-SIM for Augur

[Sun Aug  2 13:32:57 2020]
Finished job 160.
2 of 10 steps (20%) done

[Sun Aug  2 13:32:57 2020]
Job 98: Parsing fasta into sequences and metadata

[Sun Aug  2 13:32:59 2020]
Finished job 98.
3 of 10 steps (30%) done

[Sun Aug  2 13:32:59 2020]
Job 159: 
        Aligning sequences to config/oc43a_rdrp_reference.gb
          - filling gaps with N
        

[Sun Aug  2 13:33:05 2020]
Finished job 159.
4 of 10 steps (40%) done

[Sun Aug  2 13:33:05 2020]
Job 158: Building tree

[Sun Aug  2 13:33:07 2020]
Finished job 158.
5 of 10 steps (50%) done

[Sun Aug  2 13:33:07 2020]
Job 97: 
        Refining tree
          - estimate timetree
          - use opt coalescent timescale
          - estimate marginal node dates
          - filter tips more than 4 IQDs from clock expectation
        

[Sun Aug  2 13:34:53 2020]
Finished job 97.
6 of 10 steps (60%) done

[Sun Aug  2 13:34:53 2020]
Job 99: Reconstructing ancestral sequences and mutations

[Sun Aug  2 13:34:57 2020]
Finished job 99.
7 of 10 steps (70%) done

[Sun Aug  2 13:34:57 2020]
Job 100: Translating amino acid sequences

[Sun Aug  2 13:35:00 2020]
Finished job 100.
8 of 10 steps (80%) done

[Sun Aug  2 13:35:00 2020]
Job 20: Exporting data files for for auspice

[Sun Aug  2 13:35:03 2020]
Finished job 20.
9 of 10 steps (90%) done

[Sun Aug  2 13:35:03 2020]
localrule all:
    input: auspice/simulated_oc43a_rdrp_s1.json, auspice/simulated_oc43a_rdrp_s2.json, auspice/simulated_oc43a_rdrp_s3.json, auspice/simulated_oc43a_rdrp_s4.json, auspice/simulated_oc43a_rdrp_s5.json, auspice/simulated_oc43a_rdrp_s6.json, auspice/simulated_oc43a_rdrp_s7.json, auspice/simulated_oc43a_rdrp_s8.json, auspice/simulated_oc43a_rdrp_s9.json, auspice/simulated_oc43a_rdrp_s10.json, auspice/simulated_oc43a_rdrp_s11.json, auspice/simulated_oc43a_rdrp_s12.json, auspice/simulated_oc43a_rdrp_s13.json, auspice/simulated_oc43a_rdrp_s14.json, auspice/simulated_oc43a_rdrp_s15.json, auspice/simulated_oc43a_rdrp_s16.json, auspice/simulated_oc43a_rdrp_s17.json, auspice/simulated_oc43a_rdrp_s18.json, auspice/simulated_oc43a_rdrp_s19.json, auspice/simulated_oc43a_rdrp_s20.json
    jobid: 0

[Sun Aug  2 13:35:04 2020]
Finished job 0.
10 of 10 steps (100%) done
Complete log: /Users/katekistler/nextstrain/seasonal-cov/santa-sim_oc43a/santa-sim_oc43a-rdrp/.snakemake/log/2020-08-02T133253.433250.snakemake.log
