IQ-TREE multicore version 2.2.0-beta COVID-edition for Mac OS X 64-bit built Mar  3 2022 built Mar  3 2022
Developed by Bui Quang Minh, James Barbetti, Nguyen Lam Tung,
Olga Chernomor, Heiko Schmidt, Dominik Schrempf, Michael Woodhams, Ly Trong Nhan.

Host:    macbook-pro-2.fhcrc.org (SSE4.2, 8 GB RAM)
Command: iqtree2 -nt 1 -s results/aligned_oc43_b_membrane-delim.fasta -m GTR -ninit 2 -n 2 -me 0.05
Seed:    100624 (Using SPRNG - Scalable Parallel Random Number Generator)
Time:    Fri May 13 12:32:02 2022
Kernel:  SSE2 - 1 threads (8 CPU cores detected)

HINT: Use -nt option to specify number of threads because your CPU has 8 cores!
HINT: -nt AUTO will automatically determine the best number of threads to use.

Reading alignment file results/aligned_oc43_b_membrane-delim.fasta ... Fasta format detected
Reading fasta file: done in 0.000398874 secs using 93.01% CPU
Alignment most likely contains DNA/RNA sequences
Constructing alignment: done in 0.000431061 secs using 71.92% CPU
Alignment has 26 sequences with 693 columns, 18 distinct patterns
12 parsimony-informative, 3 singleton sites, 678 constant sites
                                                                                                                                                                                                                                                   Gap/Ambiguity  Composition  p-value
Analyzing sequences: done in 1.12057e-05 secs using 44.62% CPU
   1  oc43_DELIM-IPCGLYOLWWSLPOOLZIMT_KF530092_DELIM-IPCGLYOLWWSLPOOLZIMT_OC43_DELIM-IPCGLYOLWWSLPOOLZIMT_human_DELIM-IPCGLYOLWWSLPOOLZIMT_USA_DELIM-IPCGLYOLWWSLPOOLZIMT_008_5_DELIM-IPCGLYOLWWSLPOOLZIMT_2000_DELIM-IPCGLYOLWWSLPOOLZIMT_2000            0.00%    passed     99.97%
   2  oc43_DELIM-IPCGLYOLWWSLPOOLZIMT_KF530078_DELIM-IPCGLYOLWWSLPOOLZIMT_OC43_DELIM-IPCGLYOLWWSLPOOLZIMT_human_DELIM-IPCGLYOLWWSLPOOLZIMT_USA_DELIM-IPCGLYOLWWSLPOOLZIMT_9612_29_DELIM-IPCGLYOLWWSLPOOLZIMT_1996_DELIM-IPCGLYOLWWSLPOOLZIMT_1996          0.00%    passed     99.77%
   3  oc43_DELIM-IPCGLYOLWWSLPOOLZIMT_KF530064_DELIM-IPCGLYOLWWSLPOOLZIMT_OC43_DELIM-IPCGLYOLWWSLPOOLZIMT_human_DELIM-IPCGLYOLWWSLPOOLZIMT_USA_DELIM-IPCGLYOLWWSLPOOLZIMT_9612_9_DELIM-IPCGLYOLWWSLPOOLZIMT_1996_DELIM-IPCGLYOLWWSLPOOLZIMT_1996           0.00%    passed     99.77%
   4  oc43_DELIM-IPCGLYOLWWSLPOOLZIMT_KF530072_DELIM-IPCGLYOLWWSLPOOLZIMT_OC43_DELIM-IPCGLYOLWWSLPOOLZIMT_human_DELIM-IPCGLYOLWWSLPOOLZIMT_USA_DELIM-IPCGLYOLWWSLPOOLZIMT_9712_13_DELIM-IPCGLYOLWWSLPOOLZIMT_1997_DELIM-IPCGLYOLWWSLPOOLZIMT_1997          0.00%    passed     99.77%
   5  oc43_DELIM-IPCGLYOLWWSLPOOLZIMT_KF530080_DELIM-IPCGLYOLWWSLPOOLZIMT_OC43_DELIM-IPCGLYOLWWSLPOOLZIMT_human_DELIM-IPCGLYOLWWSLPOOLZIMT_USA_DELIM-IPCGLYOLWWSLPOOLZIMT_9712_31_DELIM-IPCGLYOLWWSLPOOLZIMT_1997_DELIM-IPCGLYOLWWSLPOOLZIMT_1997          0.00%    passed     99.51%
   6  oc43_DELIM-IPCGLYOLWWSLPOOLZIMT_KF530093_DELIM-IPCGLYOLWWSLPOOLZIMT_OC43_DELIM-IPCGLYOLWWSLPOOLZIMT_human_DELIM-IPCGLYOLWWSLPOOLZIMT_USA_DELIM-IPCGLYOLWWSLPOOLZIMT_832_27_DELIM-IPCGLYOLWWSLPOOLZIMT_1983_DELIM-IPCGLYOLWWSLPOOLZIMT_1983           0.00%    passed     99.99%
   7  oc43_DELIM-IPCGLYOLWWSLPOOLZIMT_KF530085_DELIM-IPCGLYOLWWSLPOOLZIMT_OC43_DELIM-IPCGLYOLWWSLPOOLZIMT_human_DELIM-IPCGLYOLWWSLPOOLZIMT_USA_DELIM-IPCGLYOLWWSLPOOLZIMT_871_25_DELIM-IPCGLYOLWWSLPOOLZIMT_1987_DELIM-IPCGLYOLWWSLPOOLZIMT_1987           0.00%    passed     99.99%
   8  oc43_DELIM-IPCGLYOLWWSLPOOLZIMT_KF530059_DELIM-IPCGLYOLWWSLPOOLZIMT_OC43_DELIM-IPCGLYOLWWSLPOOLZIMT_human_DELIM-IPCGLYOLWWSLPOOLZIMT_USA_DELIM-IPCGLYOLWWSLPOOLZIMT_951_15_DELIM-IPCGLYOLWWSLPOOLZIMT_1995_DELIM-IPCGLYOLWWSLPOOLZIMT_1995           0.00%    passed     99.99%
   9  oc43_DELIM-IPCGLYOLWWSLPOOLZIMT_KF530062_DELIM-IPCGLYOLWWSLPOOLZIMT_OC43_DELIM-IPCGLYOLWWSLPOOLZIMT_human_DELIM-IPCGLYOLWWSLPOOLZIMT_USA_DELIM-IPCGLYOLWWSLPOOLZIMT_952_23_DELIM-IPCGLYOLWWSLPOOLZIMT_1995_DELIM-IPCGLYOLWWSLPOOLZIMT_1995           0.00%    passed     99.99%
  10  oc43_DELIM-IPCGLYOLWWSLPOOLZIMT_KF530075_DELIM-IPCGLYOLWWSLPOOLZIMT_OC43_DELIM-IPCGLYOLWWSLPOOLZIMT_human_DELIM-IPCGLYOLWWSLPOOLZIMT_USA_DELIM-IPCGLYOLWWSLPOOLZIMT_953_23_DELIM-IPCGLYOLWWSLPOOLZIMT_1995_DELIM-IPCGLYOLWWSLPOOLZIMT_1995           0.00%    passed     99.99%
  11  oc43_DELIM-IPCGLYOLWWSLPOOLZIMT_KF530060_DELIM-IPCGLYOLWWSLPOOLZIMT_OC43_DELIM-IPCGLYOLWWSLPOOLZIMT_human_DELIM-IPCGLYOLWWSLPOOLZIMT_USA_DELIM-IPCGLYOLWWSLPOOLZIMT_851_15_DELIM-IPCGLYOLWWSLPOOLZIMT_1985_DELIM-IPCGLYOLWWSLPOOLZIMT_1985           0.00%    passed     99.90%
  12  oc43_DELIM-IPCGLYOLWWSLPOOLZIMT_KF530086_DELIM-IPCGLYOLWWSLPOOLZIMT_OC43_DELIM-IPCGLYOLWWSLPOOLZIMT_human_DELIM-IPCGLYOLWWSLPOOLZIMT_USA_DELIM-IPCGLYOLWWSLPOOLZIMT_872_5_DELIM-IPCGLYOLWWSLPOOLZIMT_1987_DELIM-IPCGLYOLWWSLPOOLZIMT_1987            0.00%    passed     99.90%
  13  oc43_DELIM-IPCGLYOLWWSLPOOLZIMT_KF530077_DELIM-IPCGLYOLWWSLPOOLZIMT_OC43_DELIM-IPCGLYOLWWSLPOOLZIMT_human_DELIM-IPCGLYOLWWSLPOOLZIMT_USA_DELIM-IPCGLYOLWWSLPOOLZIMT_873_16_DELIM-IPCGLYOLWWSLPOOLZIMT_1987_DELIM-IPCGLYOLWWSLPOOLZIMT_1987           0.00%    passed     99.90%
  14  oc43_DELIM-IPCGLYOLWWSLPOOLZIMT_KF530083_DELIM-IPCGLYOLWWSLPOOLZIMT_OC43_DELIM-IPCGLYOLWWSLPOOLZIMT_human_DELIM-IPCGLYOLWWSLPOOLZIMT_USA_DELIM-IPCGLYOLWWSLPOOLZIMT_873_19_DELIM-IPCGLYOLWWSLPOOLZIMT_1987_DELIM-IPCGLYOLWWSLPOOLZIMT_1987           0.00%    passed     99.90%
  15  oc43_DELIM-IPCGLYOLWWSLPOOLZIMT_KF530073_DELIM-IPCGLYOLWWSLPOOLZIMT_OC43_DELIM-IPCGLYOLWWSLPOOLZIMT_human_DELIM-IPCGLYOLWWSLPOOLZIMT_USA_DELIM-IPCGLYOLWWSLPOOLZIMT_8912_37_DELIM-IPCGLYOLWWSLPOOLZIMT_1989_DELIM-IPCGLYOLWWSLPOOLZIMT_1989          0.00%    passed     99.90%
  16  oc43_DELIM-IPCGLYOLWWSLPOOLZIMT_KF530066_DELIM-IPCGLYOLWWSLPOOLZIMT_OC43_DELIM-IPCGLYOLWWSLPOOLZIMT_human_DELIM-IPCGLYOLWWSLPOOLZIMT_USA_DELIM-IPCGLYOLWWSLPOOLZIMT_901_33_DELIM-IPCGLYOLWWSLPOOLZIMT_1990_DELIM-IPCGLYOLWWSLPOOLZIMT_1990           0.00%    passed     99.90%
  17  oc43_DELIM-IPCGLYOLWWSLPOOLZIMT_KF530065_DELIM-IPCGLYOLWWSLPOOLZIMT_OC43_DELIM-IPCGLYOLWWSLPOOLZIMT_human_DELIM-IPCGLYOLWWSLPOOLZIMT_USA_DELIM-IPCGLYOLWWSLPOOLZIMT_901_41_DELIM-IPCGLYOLWWSLPOOLZIMT_1990_DELIM-IPCGLYOLWWSLPOOLZIMT_1990           0.00%    passed     99.90%
  18  oc43_DELIM-IPCGLYOLWWSLPOOLZIMT_KF530061_DELIM-IPCGLYOLWWSLPOOLZIMT_OC43_DELIM-IPCGLYOLWWSLPOOLZIMT_human_DELIM-IPCGLYOLWWSLPOOLZIMT_USA_DELIM-IPCGLYOLWWSLPOOLZIMT_901_43_DELIM-IPCGLYOLWWSLPOOLZIMT_1990_DELIM-IPCGLYOLWWSLPOOLZIMT_1990           0.00%    passed     99.90%
  19  oc43_DELIM-IPCGLYOLWWSLPOOLZIMT_KF530097_DELIM-IPCGLYOLWWSLPOOLZIMT_OC43_DELIM-IPCGLYOLWWSLPOOLZIMT_human_DELIM-IPCGLYOLWWSLPOOLZIMT_USA_DELIM-IPCGLYOLWWSLPOOLZIMT_9211_43_DELIM-IPCGLYOLWWSLPOOLZIMT_1992_DELIM-IPCGLYOLWWSLPOOLZIMT_1992          0.00%    passed     99.90%
  20  oc43_DELIM-IPCGLYOLWWSLPOOLZIMT_KF530074_DELIM-IPCGLYOLWWSLPOOLZIMT_OC43_DELIM-IPCGLYOLWWSLPOOLZIMT_human_DELIM-IPCGLYOLWWSLPOOLZIMT_USA_DELIM-IPCGLYOLWWSLPOOLZIMT_9212_33_DELIM-IPCGLYOLWWSLPOOLZIMT_1992_DELIM-IPCGLYOLWWSLPOOLZIMT_1992          0.00%    passed     99.90%
  21  oc43_DELIM-IPCGLYOLWWSLPOOLZIMT_KF530090_DELIM-IPCGLYOLWWSLPOOLZIMT_OC43_DELIM-IPCGLYOLWWSLPOOLZIMT_human_DELIM-IPCGLYOLWWSLPOOLZIMT_USA_DELIM-IPCGLYOLWWSLPOOLZIMT_931_85_DELIM-IPCGLYOLWWSLPOOLZIMT_1993_DELIM-IPCGLYOLWWSLPOOLZIMT_1993           0.00%    passed     99.90%
  22  oc43_DELIM-IPCGLYOLWWSLPOOLZIMT_KF530087_DELIM-IPCGLYOLWWSLPOOLZIMT_OC43_DELIM-IPCGLYOLWWSLPOOLZIMT_human_DELIM-IPCGLYOLWWSLPOOLZIMT_USA_DELIM-IPCGLYOLWWSLPOOLZIMT_873_6_DELIM-IPCGLYOLWWSLPOOLZIMT_1987_DELIM-IPCGLYOLWWSLPOOLZIMT_1987            0.00%    passed     99.92%
  23  oc43_DELIM-IPCGLYOLWWSLPOOLZIMT_KU131570_DELIM-IPCGLYOLWWSLPOOLZIMT_HCoV_OC43_DELIM-IPCGLYOLWWSLPOOLZIMT_UK_DELIM-IPCGLYOLWWSLPOOLZIMT_London_DELIM-IPCGLYOLWWSLPOOLZIMT_2011_DELIM-IPCGLYOLWWSLPOOLZIMT_2011                                        0.00%    passed     98.87%
  24  oc43_DELIM-IPCGLYOLWWSLPOOLZIMT_MF314143_DELIM-IPCGLYOLWWSLPOOLZIMT_HCoV_OC43_DELIM-IPCGLYOLWWSLPOOLZIMT_USA_DELIM-IPCGLYOLWWSLPOOLZIMT_ACRI_0052_DELIM-IPCGLYOLWWSLPOOLZIMT_2016_DELIM-IPCGLYOLWWSLPOOLZIMT_2016                                    0.00%    passed     98.87%
  25  oc43_DELIM-IPCGLYOLWWSLPOOLZIMT_KY967360_DELIM-IPCGLYOLWWSLPOOLZIMT_HCoV_OC43_DELIM-IPCGLYOLWWSLPOOLZIMT_Seattle_DELIM-IPCGLYOLWWSLPOOLZIMT_USA_DELIM-IPCGLYOLWWSLPOOLZIMT_SC2476_DELIM-IPCGLYOLWWSLPOOLZIMT_2015_DELIM-IPCGLYOLWWSLPOOLZIMT_2015    0.00%    passed     99.55%
  26  oc43_DELIM-IPCGLYOLWWSLPOOLZIMT_MN026165_DELIM-IPCGLYOLWWSLPOOLZIMT_OC43_KLF_02_2017_DELIM-IPCGLYOLWWSLPOOLZIMT_2017                                                                                                                                 0.00%    passed     99.83%
****  TOTAL                                                                                                                                                                                                                                                0.00%  0 sequences failed composition chi2 test (p-value<5%; df=3)
NOTE: oc43_DELIM-IPCGLYOLWWSLPOOLZIMT_KF530064_DELIM-IPCGLYOLWWSLPOOLZIMT_OC43_DELIM-IPCGLYOLWWSLPOOLZIMT_human_DELIM-IPCGLYOLWWSLPOOLZIMT_USA_DELIM-IPCGLYOLWWSLPOOLZIMT_9612_9_DELIM-IPCGLYOLWWSLPOOLZIMT_1996_DELIM-IPCGLYOLWWSLPOOLZIMT_1996 is identical to oc43_DELIM-IPCGLYOLWWSLPOOLZIMT_KF530078_DELIM-IPCGLYOLWWSLPOOLZIMT_OC43_DELIM-IPCGLYOLWWSLPOOLZIMT_human_DELIM-IPCGLYOLWWSLPOOLZIMT_USA_DELIM-IPCGLYOLWWSLPOOLZIMT_9612_29_DELIM-IPCGLYOLWWSLPOOLZIMT_1996_DELIM-IPCGLYOLWWSLPOOLZIMT_1996 but kept for subsequent analysis
NOTE: oc43_DELIM-IPCGLYOLWWSLPOOLZIMT_KF530085_DELIM-IPCGLYOLWWSLPOOLZIMT_OC43_DELIM-IPCGLYOLWWSLPOOLZIMT_human_DELIM-IPCGLYOLWWSLPOOLZIMT_USA_DELIM-IPCGLYOLWWSLPOOLZIMT_871_25_DELIM-IPCGLYOLWWSLPOOLZIMT_1987_DELIM-IPCGLYOLWWSLPOOLZIMT_1987 is identical to oc43_DELIM-IPCGLYOLWWSLPOOLZIMT_KF530093_DELIM-IPCGLYOLWWSLPOOLZIMT_OC43_DELIM-IPCGLYOLWWSLPOOLZIMT_human_DELIM-IPCGLYOLWWSLPOOLZIMT_USA_DELIM-IPCGLYOLWWSLPOOLZIMT_832_27_DELIM-IPCGLYOLWWSLPOOLZIMT_1983_DELIM-IPCGLYOLWWSLPOOLZIMT_1983 but kept for subsequent analysis
NOTE: oc43_DELIM-IPCGLYOLWWSLPOOLZIMT_KF530086_DELIM-IPCGLYOLWWSLPOOLZIMT_OC43_DELIM-IPCGLYOLWWSLPOOLZIMT_human_DELIM-IPCGLYOLWWSLPOOLZIMT_USA_DELIM-IPCGLYOLWWSLPOOLZIMT_872_5_DELIM-IPCGLYOLWWSLPOOLZIMT_1987_DELIM-IPCGLYOLWWSLPOOLZIMT_1987 is identical to oc43_DELIM-IPCGLYOLWWSLPOOLZIMT_KF530060_DELIM-IPCGLYOLWWSLPOOLZIMT_OC43_DELIM-IPCGLYOLWWSLPOOLZIMT_human_DELIM-IPCGLYOLWWSLPOOLZIMT_USA_DELIM-IPCGLYOLWWSLPOOLZIMT_851_15_DELIM-IPCGLYOLWWSLPOOLZIMT_1985_DELIM-IPCGLYOLWWSLPOOLZIMT_1985 but kept for subsequent analysis
NOTE: oc43_DELIM-IPCGLYOLWWSLPOOLZIMT_KF530066_DELIM-IPCGLYOLWWSLPOOLZIMT_OC43_DELIM-IPCGLYOLWWSLPOOLZIMT_human_DELIM-IPCGLYOLWWSLPOOLZIMT_USA_DELIM-IPCGLYOLWWSLPOOLZIMT_901_33_DELIM-IPCGLYOLWWSLPOOLZIMT_1990_DELIM-IPCGLYOLWWSLPOOLZIMT_1990 is identical to oc43_DELIM-IPCGLYOLWWSLPOOLZIMT_KF530073_DELIM-IPCGLYOLWWSLPOOLZIMT_OC43_DELIM-IPCGLYOLWWSLPOOLZIMT_human_DELIM-IPCGLYOLWWSLPOOLZIMT_USA_DELIM-IPCGLYOLWWSLPOOLZIMT_8912_37_DELIM-IPCGLYOLWWSLPOOLZIMT_1989_DELIM-IPCGLYOLWWSLPOOLZIMT_1989 but kept for subsequent analysis
NOTE: oc43_DELIM-IPCGLYOLWWSLPOOLZIMT_KF530074_DELIM-IPCGLYOLWWSLPOOLZIMT_OC43_DELIM-IPCGLYOLWWSLPOOLZIMT_human_DELIM-IPCGLYOLWWSLPOOLZIMT_USA_DELIM-IPCGLYOLWWSLPOOLZIMT_9212_33_DELIM-IPCGLYOLWWSLPOOLZIMT_1992_DELIM-IPCGLYOLWWSLPOOLZIMT_1992 is identical to oc43_DELIM-IPCGLYOLWWSLPOOLZIMT_KF530097_DELIM-IPCGLYOLWWSLPOOLZIMT_OC43_DELIM-IPCGLYOLWWSLPOOLZIMT_human_DELIM-IPCGLYOLWWSLPOOLZIMT_USA_DELIM-IPCGLYOLWWSLPOOLZIMT_9211_43_DELIM-IPCGLYOLWWSLPOOLZIMT_1992_DELIM-IPCGLYOLWWSLPOOLZIMT_1992 but kept for subsequent analysis
NOTE: oc43_DELIM-IPCGLYOLWWSLPOOLZIMT_MF314143_DELIM-IPCGLYOLWWSLPOOLZIMT_HCoV_OC43_DELIM-IPCGLYOLWWSLPOOLZIMT_USA_DELIM-IPCGLYOLWWSLPOOLZIMT_ACRI_0052_DELIM-IPCGLYOLWWSLPOOLZIMT_2016_DELIM-IPCGLYOLWWSLPOOLZIMT_2016 is identical to oc43_DELIM-IPCGLYOLWWSLPOOLZIMT_KU131570_DELIM-IPCGLYOLWWSLPOOLZIMT_HCoV_OC43_DELIM-IPCGLYOLWWSLPOOLZIMT_UK_DELIM-IPCGLYOLWWSLPOOLZIMT_London_DELIM-IPCGLYOLWWSLPOOLZIMT_2011_DELIM-IPCGLYOLWWSLPOOLZIMT_2011 but kept for subsequent analysis
Checking for duplicate sequences: done in 0.000295877 secs using 90.92% CPU
Identifying sites to remove: done in 0.00030303 secs using 99% CPU
NOTE: 9 identical sequences (see below) will be ignored for subsequent analysis
NOTE: oc43_DELIM-IPCGLYOLWWSLPOOLZIMT_KF530072_DELIM-IPCGLYOLWWSLPOOLZIMT_OC43_DELIM-IPCGLYOLWWSLPOOLZIMT_human_DELIM-IPCGLYOLWWSLPOOLZIMT_USA_DELIM-IPCGLYOLWWSLPOOLZIMT_9712_13_DELIM-IPCGLYOLWWSLPOOLZIMT_1997_DELIM-IPCGLYOLWWSLPOOLZIMT_1997 (identical to oc43_DELIM-IPCGLYOLWWSLPOOLZIMT_KF530078_DELIM-IPCGLYOLWWSLPOOLZIMT_OC43_DELIM-IPCGLYOLWWSLPOOLZIMT_human_DELIM-IPCGLYOLWWSLPOOLZIMT_USA_DELIM-IPCGLYOLWWSLPOOLZIMT_9612_29_DELIM-IPCGLYOLWWSLPOOLZIMT_1996_DELIM-IPCGLYOLWWSLPOOLZIMT_1996) is ignored but added at the end
NOTE: oc43_DELIM-IPCGLYOLWWSLPOOLZIMT_KF530059_DELIM-IPCGLYOLWWSLPOOLZIMT_OC43_DELIM-IPCGLYOLWWSLPOOLZIMT_human_DELIM-IPCGLYOLWWSLPOOLZIMT_USA_DELIM-IPCGLYOLWWSLPOOLZIMT_951_15_DELIM-IPCGLYOLWWSLPOOLZIMT_1995_DELIM-IPCGLYOLWWSLPOOLZIMT_1995 (identical to oc43_DELIM-IPCGLYOLWWSLPOOLZIMT_KF530093_DELIM-IPCGLYOLWWSLPOOLZIMT_OC43_DELIM-IPCGLYOLWWSLPOOLZIMT_human_DELIM-IPCGLYOLWWSLPOOLZIMT_USA_DELIM-IPCGLYOLWWSLPOOLZIMT_832_27_DELIM-IPCGLYOLWWSLPOOLZIMT_1983_DELIM-IPCGLYOLWWSLPOOLZIMT_1983) is ignored but added at the end
NOTE: oc43_DELIM-IPCGLYOLWWSLPOOLZIMT_KF530062_DELIM-IPCGLYOLWWSLPOOLZIMT_OC43_DELIM-IPCGLYOLWWSLPOOLZIMT_human_DELIM-IPCGLYOLWWSLPOOLZIMT_USA_DELIM-IPCGLYOLWWSLPOOLZIMT_952_23_DELIM-IPCGLYOLWWSLPOOLZIMT_1995_DELIM-IPCGLYOLWWSLPOOLZIMT_1995 (identical to oc43_DELIM-IPCGLYOLWWSLPOOLZIMT_KF530093_DELIM-IPCGLYOLWWSLPOOLZIMT_OC43_DELIM-IPCGLYOLWWSLPOOLZIMT_human_DELIM-IPCGLYOLWWSLPOOLZIMT_USA_DELIM-IPCGLYOLWWSLPOOLZIMT_832_27_DELIM-IPCGLYOLWWSLPOOLZIMT_1983_DELIM-IPCGLYOLWWSLPOOLZIMT_1983) is ignored but added at the end
NOTE: oc43_DELIM-IPCGLYOLWWSLPOOLZIMT_KF530075_DELIM-IPCGLYOLWWSLPOOLZIMT_OC43_DELIM-IPCGLYOLWWSLPOOLZIMT_human_DELIM-IPCGLYOLWWSLPOOLZIMT_USA_DELIM-IPCGLYOLWWSLPOOLZIMT_953_23_DELIM-IPCGLYOLWWSLPOOLZIMT_1995_DELIM-IPCGLYOLWWSLPOOLZIMT_1995 (identical to oc43_DELIM-IPCGLYOLWWSLPOOLZIMT_KF530093_DELIM-IPCGLYOLWWSLPOOLZIMT_OC43_DELIM-IPCGLYOLWWSLPOOLZIMT_human_DELIM-IPCGLYOLWWSLPOOLZIMT_USA_DELIM-IPCGLYOLWWSLPOOLZIMT_832_27_DELIM-IPCGLYOLWWSLPOOLZIMT_1983_DELIM-IPCGLYOLWWSLPOOLZIMT_1983) is ignored but added at the end
NOTE: oc43_DELIM-IPCGLYOLWWSLPOOLZIMT_KF530077_DELIM-IPCGLYOLWWSLPOOLZIMT_OC43_DELIM-IPCGLYOLWWSLPOOLZIMT_human_DELIM-IPCGLYOLWWSLPOOLZIMT_USA_DELIM-IPCGLYOLWWSLPOOLZIMT_873_16_DELIM-IPCGLYOLWWSLPOOLZIMT_1987_DELIM-IPCGLYOLWWSLPOOLZIMT_1987 (identical to oc43_DELIM-IPCGLYOLWWSLPOOLZIMT_KF530060_DELIM-IPCGLYOLWWSLPOOLZIMT_OC43_DELIM-IPCGLYOLWWSLPOOLZIMT_human_DELIM-IPCGLYOLWWSLPOOLZIMT_USA_DELIM-IPCGLYOLWWSLPOOLZIMT_851_15_DELIM-IPCGLYOLWWSLPOOLZIMT_1985_DELIM-IPCGLYOLWWSLPOOLZIMT_1985) is ignored but added at the end
NOTE: oc43_DELIM-IPCGLYOLWWSLPOOLZIMT_KF530083_DELIM-IPCGLYOLWWSLPOOLZIMT_OC43_DELIM-IPCGLYOLWWSLPOOLZIMT_human_DELIM-IPCGLYOLWWSLPOOLZIMT_USA_DELIM-IPCGLYOLWWSLPOOLZIMT_873_19_DELIM-IPCGLYOLWWSLPOOLZIMT_1987_DELIM-IPCGLYOLWWSLPOOLZIMT_1987 (identical to oc43_DELIM-IPCGLYOLWWSLPOOLZIMT_KF530060_DELIM-IPCGLYOLWWSLPOOLZIMT_OC43_DELIM-IPCGLYOLWWSLPOOLZIMT_human_DELIM-IPCGLYOLWWSLPOOLZIMT_USA_DELIM-IPCGLYOLWWSLPOOLZIMT_851_15_DELIM-IPCGLYOLWWSLPOOLZIMT_1985_DELIM-IPCGLYOLWWSLPOOLZIMT_1985) is ignored but added at the end
NOTE: oc43_DELIM-IPCGLYOLWWSLPOOLZIMT_KF530065_DELIM-IPCGLYOLWWSLPOOLZIMT_OC43_DELIM-IPCGLYOLWWSLPOOLZIMT_human_DELIM-IPCGLYOLWWSLPOOLZIMT_USA_DELIM-IPCGLYOLWWSLPOOLZIMT_901_41_DELIM-IPCGLYOLWWSLPOOLZIMT_1990_DELIM-IPCGLYOLWWSLPOOLZIMT_1990 (identical to oc43_DELIM-IPCGLYOLWWSLPOOLZIMT_KF530073_DELIM-IPCGLYOLWWSLPOOLZIMT_OC43_DELIM-IPCGLYOLWWSLPOOLZIMT_human_DELIM-IPCGLYOLWWSLPOOLZIMT_USA_DELIM-IPCGLYOLWWSLPOOLZIMT_8912_37_DELIM-IPCGLYOLWWSLPOOLZIMT_1989_DELIM-IPCGLYOLWWSLPOOLZIMT_1989) is ignored but added at the end
NOTE: oc43_DELIM-IPCGLYOLWWSLPOOLZIMT_KF530061_DELIM-IPCGLYOLWWSLPOOLZIMT_OC43_DELIM-IPCGLYOLWWSLPOOLZIMT_human_DELIM-IPCGLYOLWWSLPOOLZIMT_USA_DELIM-IPCGLYOLWWSLPOOLZIMT_901_43_DELIM-IPCGLYOLWWSLPOOLZIMT_1990_DELIM-IPCGLYOLWWSLPOOLZIMT_1990 (identical to oc43_DELIM-IPCGLYOLWWSLPOOLZIMT_KF530073_DELIM-IPCGLYOLWWSLPOOLZIMT_OC43_DELIM-IPCGLYOLWWSLPOOLZIMT_human_DELIM-IPCGLYOLWWSLPOOLZIMT_USA_DELIM-IPCGLYOLWWSLPOOLZIMT_8912_37_DELIM-IPCGLYOLWWSLPOOLZIMT_1989_DELIM-IPCGLYOLWWSLPOOLZIMT_1989) is ignored but added at the end
NOTE: oc43_DELIM-IPCGLYOLWWSLPOOLZIMT_KF530090_DELIM-IPCGLYOLWWSLPOOLZIMT_OC43_DELIM-IPCGLYOLWWSLPOOLZIMT_human_DELIM-IPCGLYOLWWSLPOOLZIMT_USA_DELIM-IPCGLYOLWWSLPOOLZIMT_931_85_DELIM-IPCGLYOLWWSLPOOLZIMT_1993_DELIM-IPCGLYOLWWSLPOOLZIMT_1993 (identical to oc43_DELIM-IPCGLYOLWWSLPOOLZIMT_KF530097_DELIM-IPCGLYOLWWSLPOOLZIMT_OC43_DELIM-IPCGLYOLWWSLPOOLZIMT_human_DELIM-IPCGLYOLWWSLPOOLZIMT_USA_DELIM-IPCGLYOLWWSLPOOLZIMT_9211_43_DELIM-IPCGLYOLWWSLPOOLZIMT_1992_DELIM-IPCGLYOLWWSLPOOLZIMT_1992) is ignored but added at the end
Alignment was printed to results/aligned_oc43_b_membrane-delim.fasta.uniqueseq.phy

For your convenience alignment with unique sequences printed to results/aligned_oc43_b_membrane-delim.fasta.uniqueseq.phy

Create initial parsimony tree by phylogenetic likelihood library (PLL)... 0.000 seconds

NOTE: 0 MB RAM (0 GB) is required!
Estimate model parameters (epsilon = 0.500)
1. Initial log-likelihood: -1317.499
2. Current log-likelihood: -1271.734
3. Current log-likelihood: -1270.737
Optimal log-likelihood: -1270.730
Rate parameters:  A-C: 13.50265  A-G: 27.91889  A-T: 9.02060  C-G: 0.00010  C-T: 100.00000  G-T: 1.00000
Base frequencies:  A: 0.290  C: 0.161  G: 0.197  T: 0.353
Parameters optimization took 3 rounds (0.004 sec)

WARNING: Estimated model parameters are at boundary that can cause numerical instability!

Wrote distance file to... 
Computing ML distances based on estimated model parameters...
Calculating distance matrix: done in 0.000442028 secs using 97.28% CPU
Computing ML distances took 0.000485 sec (of wall-clock time) 0.000463 sec (of CPU time)
Setting up auxiliary I and S matrices: done in 3.29018e-05 secs using 136.8% CPU
Constructing RapidNJ tree: done in 4.41074e-05 secs using 154.2% CPU
Computing RapidNJ tree took 0.000119 sec (of wall-clock time) 0.000165 sec (of CPU time)
Log-likelihood of RapidNJ tree: -1048.427
--------------------------------------------------------------------
|             INITIALIZING CANDIDATE TREE SET                      |
--------------------------------------------------------------------

Do NNI search on 2 best initial trees
Optimizing NNI: done in 0.000550985 secs using 188.6% CPU
BETTER TREE FOUND at iteration 1: -1048.427
Optimizing NNI: done in 0.00444698 secs using 184.8% CPU
Finish initializing candidate tree set (4)
Current best tree score: -1048.427 / CPU time: 0.006
Number of iterations: 2
TREE SEARCH COMPLETED AFTER 2 ITERATIONS / Time: 0h:0m:0s

--------------------------------------------------------------------
|                    FINALIZING TREE SEARCH                        |
--------------------------------------------------------------------
Performs final model parameters optimization
Estimate model parameters (epsilon = 0.050)
1. Initial log-likelihood: -1048.427
2. Current log-likelihood: -1047.845
Optimal log-likelihood: -1047.845
Rate parameters:  A-C: 11.06127  A-G: 18.24136  A-T: 15.32015  C-G: 0.00035  C-T: 100.00000  G-T: 1.00000
Base frequencies:  A: 0.290  C: 0.161  G: 0.197  T: 0.353
Parameters optimization took 2 rounds (0.002 sec)

WARNING: Estimated model parameters are at boundary that can cause numerical instability!

BEST SCORE FOUND : -1047.845
Total tree length: 0.025

Total number of iterations: 2
CPU time used for tree search: 0.011 sec (0h:0m:0s)
Wall-clock time used for tree search: 0.006 sec (0h:0m:0s)
Total CPU time used: 0.028 sec (0h:0m:0s)
Total wall-clock time used: 0.021 sec (0h:0m:0s)

Analysis results written to: 
  IQ-TREE report:                results/aligned_oc43_b_membrane-delim.fasta.iqtree
  Maximum-likelihood tree:       results/aligned_oc43_b_membrane-delim.fasta.treefile
  Likelihood distances:          results/aligned_oc43_b_membrane-delim.fasta.mldist
  Screen log file:               results/aligned_oc43_b_membrane-delim.fasta.log

Date and Time: Fri May 13 12:32:02 2022
