IQ-TREE multicore version 2.2.0-beta COVID-edition for Mac OS X 64-bit built Mar  3 2022 built Mar  3 2022
Developed by Bui Quang Minh, James Barbetti, Nguyen Lam Tung,
Olga Chernomor, Heiko Schmidt, Dominik Schrempf, Michael Woodhams, Ly Trong Nhan.

Host:    macbook-pro-2.fhcrc.org (SSE4.2, 8 GB RAM)
Command: iqtree2 -nt 1 -s results/aligned_oc43_a_membrane-delim.fasta -m GTR -ninit 2 -n 2 -me 0.05
Seed:    330055 (Using SPRNG - Scalable Parallel Random Number Generator)
Time:    Fri May 13 12:38:53 2022
Kernel:  SSE2 - 1 threads (8 CPU cores detected)

HINT: Use -nt option to specify number of threads because your CPU has 8 cores!
HINT: -nt AUTO will automatically determine the best number of threads to use.

Reading alignment file results/aligned_oc43_a_membrane-delim.fasta ... Fasta format detected
Reading fasta file: done in 0.000969887 secs using 61.45% CPU
Alignment most likely contains DNA/RNA sequences
Constructing alignment: done in 0.000494003 secs using 74.9% CPU
Alignment has 44 sequences with 693 columns, 28 distinct patterns
13 parsimony-informative, 8 singleton sites, 672 constant sites
                                                                                                                                                                                                                                                   Gap/Ambiguity  Composition  p-value
Analyzing sequences: done in 1.00136e-05 secs using 59.92% CPU
   1  oc43_DELIM-AGOEUVCKXZESUHDSIFTJ_KF530088_DELIM-AGOEUVCKXZESUHDSIFTJ_OC43_DELIM-AGOEUVCKXZESUHDSIFTJ_human_DELIM-AGOEUVCKXZESUHDSIFTJ_USA_DELIM-AGOEUVCKXZESUHDSIFTJ_901_54_DELIM-AGOEUVCKXZESUHDSIFTJ_1990_DELIM-AGOEUVCKXZESUHDSIFTJ_1990           0.00%    passed     99.49%
   2  oc43_DELIM-AGOEUVCKXZESUHDSIFTJ_KF530076_DELIM-AGOEUVCKXZESUHDSIFTJ_OC43_DELIM-AGOEUVCKXZESUHDSIFTJ_human_DELIM-AGOEUVCKXZESUHDSIFTJ_USA_DELIM-AGOEUVCKXZESUHDSIFTJ_911_11_DELIM-AGOEUVCKXZESUHDSIFTJ_1991_DELIM-AGOEUVCKXZESUHDSIFTJ_1991           0.00%    passed     99.49%
   3  oc43_DELIM-AGOEUVCKXZESUHDSIFTJ_KF530089_DELIM-AGOEUVCKXZESUHDSIFTJ_OC43_DELIM-AGOEUVCKXZESUHDSIFTJ_human_DELIM-AGOEUVCKXZESUHDSIFTJ_USA_DELIM-AGOEUVCKXZESUHDSIFTJ_911_66_DELIM-AGOEUVCKXZESUHDSIFTJ_1991_DELIM-AGOEUVCKXZESUHDSIFTJ_1991           0.00%    passed     99.49%
   4  oc43_DELIM-AGOEUVCKXZESUHDSIFTJ_KF530094_DELIM-AGOEUVCKXZESUHDSIFTJ_OC43_DELIM-AGOEUVCKXZESUHDSIFTJ_human_DELIM-AGOEUVCKXZESUHDSIFTJ_USA_DELIM-AGOEUVCKXZESUHDSIFTJ_912_36_DELIM-AGOEUVCKXZESUHDSIFTJ_1991_DELIM-AGOEUVCKXZESUHDSIFTJ_1991           0.00%    passed     99.49%
   5  oc43_DELIM-AGOEUVCKXZESUHDSIFTJ_KF530079_DELIM-AGOEUVCKXZESUHDSIFTJ_OC43_DELIM-AGOEUVCKXZESUHDSIFTJ_human_DELIM-AGOEUVCKXZESUHDSIFTJ_USA_DELIM-AGOEUVCKXZESUHDSIFTJ_913_29_DELIM-AGOEUVCKXZESUHDSIFTJ_1991_DELIM-AGOEUVCKXZESUHDSIFTJ_1991           0.00%    passed     99.49%
   6  oc43_DELIM-AGOEUVCKXZESUHDSIFTJ_KF530096_DELIM-AGOEUVCKXZESUHDSIFTJ_OC43_DELIM-AGOEUVCKXZESUHDSIFTJ_human_DELIM-AGOEUVCKXZESUHDSIFTJ_USA_DELIM-AGOEUVCKXZESUHDSIFTJ_911_38_DELIM-AGOEUVCKXZESUHDSIFTJ_1991_DELIM-AGOEUVCKXZESUHDSIFTJ_1991           0.00%    passed     99.88%
   7  oc43_DELIM-AGOEUVCKXZESUHDSIFTJ_KF530095_DELIM-AGOEUVCKXZESUHDSIFTJ_OC43_DELIM-AGOEUVCKXZESUHDSIFTJ_human_DELIM-AGOEUVCKXZESUHDSIFTJ_USA_DELIM-AGOEUVCKXZESUHDSIFTJ_912_6_DELIM-AGOEUVCKXZESUHDSIFTJ_1991_DELIM-AGOEUVCKXZESUHDSIFTJ_1991            0.00%    passed     99.88%
   8  oc43_DELIM-AGOEUVCKXZESUHDSIFTJ_KF530091_DELIM-AGOEUVCKXZESUHDSIFTJ_OC43_DELIM-AGOEUVCKXZESUHDSIFTJ_human_DELIM-AGOEUVCKXZESUHDSIFTJ_USA_DELIM-AGOEUVCKXZESUHDSIFTJ_911_58_DELIM-AGOEUVCKXZESUHDSIFTJ_1991_DELIM-AGOEUVCKXZESUHDSIFTJ_1991           0.00%    passed     99.88%
   9  oc43_DELIM-AGOEUVCKXZESUHDSIFTJ_KF530071_DELIM-AGOEUVCKXZESUHDSIFTJ_OC43_DELIM-AGOEUVCKXZESUHDSIFTJ_human_DELIM-AGOEUVCKXZESUHDSIFTJ_USA_DELIM-AGOEUVCKXZESUHDSIFTJ_925_1_DELIM-AGOEUVCKXZESUHDSIFTJ_1992_DELIM-AGOEUVCKXZESUHDSIFTJ_1992            0.00%    passed     99.88%
  10  oc43_DELIM-AGOEUVCKXZESUHDSIFTJ_KF530067_DELIM-AGOEUVCKXZESUHDSIFTJ_OC43_DELIM-AGOEUVCKXZESUHDSIFTJ_human_DELIM-AGOEUVCKXZESUHDSIFTJ_USA_DELIM-AGOEUVCKXZESUHDSIFTJ_912_10_DELIM-AGOEUVCKXZESUHDSIFTJ_1991_DELIM-AGOEUVCKXZESUHDSIFTJ_1991           0.00%    passed     98.59%
  11  oc43_DELIM-AGOEUVCKXZESUHDSIFTJ_KF530082_DELIM-AGOEUVCKXZESUHDSIFTJ_OC43_DELIM-AGOEUVCKXZESUHDSIFTJ_human_DELIM-AGOEUVCKXZESUHDSIFTJ_USA_DELIM-AGOEUVCKXZESUHDSIFTJ_912_11_DELIM-AGOEUVCKXZESUHDSIFTJ_1991_DELIM-AGOEUVCKXZESUHDSIFTJ_1991           0.00%    passed     99.52%
  12  oc43_DELIM-AGOEUVCKXZESUHDSIFTJ_MH121121_DELIM-AGOEUVCKXZESUHDSIFTJ_HCoV_OC43_DELIM-AGOEUVCKXZESUHDSIFTJ_USA_DELIM-AGOEUVCKXZESUHDSIFTJ_ACRI_0213_DELIM-AGOEUVCKXZESUHDSIFTJ_2016_DELIM-AGOEUVCKXZESUHDSIFTJ_2016                                    0.00%    passed     99.96%
  13  oc43_DELIM-AGOEUVCKXZESUHDSIFTJ_MF374984_DELIM-AGOEUVCKXZESUHDSIFTJ_HCoV_OC43_DELIM-AGOEUVCKXZESUHDSIFTJ_USA_DELIM-AGOEUVCKXZESUHDSIFTJ_TCNP_00204_DELIM-AGOEUVCKXZESUHDSIFTJ_2017_DELIM-AGOEUVCKXZESUHDSIFTJ_2017                                   0.00%    passed     99.96%
  14  oc43_DELIM-AGOEUVCKXZESUHDSIFTJ_MF374985_DELIM-AGOEUVCKXZESUHDSIFTJ_HCoV_OC43_DELIM-AGOEUVCKXZESUHDSIFTJ_USA_DELIM-AGOEUVCKXZESUHDSIFTJ_TCNP_00212_DELIM-AGOEUVCKXZESUHDSIFTJ_2017_DELIM-AGOEUVCKXZESUHDSIFTJ_2017                                   0.00%    passed     99.96%
  15  oc43_DELIM-AGOEUVCKXZESUHDSIFTJ_MN306036_DELIM-AGOEUVCKXZESUHDSIFTJ_HCoV_OC43_DELIM-AGOEUVCKXZESUHDSIFTJ_Seattle_DELIM-AGOEUVCKXZESUHDSIFTJ_USA_DELIM-AGOEUVCKXZESUHDSIFTJ_SC0682_DELIM-AGOEUVCKXZESUHDSIFTJ_2019_DELIM-AGOEUVCKXZESUHDSIFTJ_2019    0.00%    passed     99.96%
  16  oc43_DELIM-AGOEUVCKXZESUHDSIFTJ_MN310478_DELIM-AGOEUVCKXZESUHDSIFTJ_HCoV_OC43_DELIM-AGOEUVCKXZESUHDSIFTJ_Seattle_DELIM-AGOEUVCKXZESUHDSIFTJ_USA_DELIM-AGOEUVCKXZESUHDSIFTJ_SC0776_DELIM-AGOEUVCKXZESUHDSIFTJ_2019_DELIM-AGOEUVCKXZESUHDSIFTJ_2019    9.38%    passed     95.28%
  17  oc43_DELIM-AGOEUVCKXZESUHDSIFTJ_MN306041_DELIM-AGOEUVCKXZESUHDSIFTJ_HCoV_OC43_DELIM-AGOEUVCKXZESUHDSIFTJ_Seattle_DELIM-AGOEUVCKXZESUHDSIFTJ_USA_DELIM-AGOEUVCKXZESUHDSIFTJ_SC0810_DELIM-AGOEUVCKXZESUHDSIFTJ_2019_DELIM-AGOEUVCKXZESUHDSIFTJ_2019    0.00%    passed     99.96%
  18  oc43_DELIM-AGOEUVCKXZESUHDSIFTJ_MN306042_DELIM-AGOEUVCKXZESUHDSIFTJ_HCoV_OC43_DELIM-AGOEUVCKXZESUHDSIFTJ_Seattle_DELIM-AGOEUVCKXZESUHDSIFTJ_USA_DELIM-AGOEUVCKXZESUHDSIFTJ_SC0839_DELIM-AGOEUVCKXZESUHDSIFTJ_2019_DELIM-AGOEUVCKXZESUHDSIFTJ_2019    0.00%    passed     99.96%
  19  oc43_DELIM-AGOEUVCKXZESUHDSIFTJ_KY684759_DELIM-AGOEUVCKXZESUHDSIFTJ_HCoV_OC43_DELIM-AGOEUVCKXZESUHDSIFTJ_Seattle_DELIM-AGOEUVCKXZESUHDSIFTJ_USA_DELIM-AGOEUVCKXZESUHDSIFTJ_SC2269_DELIM-AGOEUVCKXZESUHDSIFTJ_2016_DELIM-AGOEUVCKXZESUHDSIFTJ_2016    0.00%    passed     99.96%
  20  oc43_DELIM-AGOEUVCKXZESUHDSIFTJ_KY967361_DELIM-AGOEUVCKXZESUHDSIFTJ_HCoV_OC43_DELIM-AGOEUVCKXZESUHDSIFTJ_Seattle_DELIM-AGOEUVCKXZESUHDSIFTJ_USA_DELIM-AGOEUVCKXZESUHDSIFTJ_SC2345_DELIM-AGOEUVCKXZESUHDSIFTJ_2015_DELIM-AGOEUVCKXZESUHDSIFTJ_2015    0.00%    passed     99.96%
  21  oc43_DELIM-AGOEUVCKXZESUHDSIFTJ_KY983583_DELIM-AGOEUVCKXZESUHDSIFTJ_HCoV_OC43_DELIM-AGOEUVCKXZESUHDSIFTJ_Seattle_DELIM-AGOEUVCKXZESUHDSIFTJ_USA_DELIM-AGOEUVCKXZESUHDSIFTJ_SC2481_DELIM-AGOEUVCKXZESUHDSIFTJ_2015_DELIM-AGOEUVCKXZESUHDSIFTJ_2015    0.00%    passed     99.96%
  22  oc43_DELIM-AGOEUVCKXZESUHDSIFTJ_KY967359_DELIM-AGOEUVCKXZESUHDSIFTJ_HCoV_OC43_DELIM-AGOEUVCKXZESUHDSIFTJ_Seattle_DELIM-AGOEUVCKXZESUHDSIFTJ_USA_DELIM-AGOEUVCKXZESUHDSIFTJ_SC2730_DELIM-AGOEUVCKXZESUHDSIFTJ_2015_DELIM-AGOEUVCKXZESUHDSIFTJ_2015    0.00%    passed     99.96%
  23  oc43_DELIM-AGOEUVCKXZESUHDSIFTJ_KY967358_DELIM-AGOEUVCKXZESUHDSIFTJ_HCoV_OC43_DELIM-AGOEUVCKXZESUHDSIFTJ_Seattle_DELIM-AGOEUVCKXZESUHDSIFTJ_USA_DELIM-AGOEUVCKXZESUHDSIFTJ_SC2770_DELIM-AGOEUVCKXZESUHDSIFTJ_2015_DELIM-AGOEUVCKXZESUHDSIFTJ_2015    0.00%    passed     99.96%
  24  oc43_DELIM-AGOEUVCKXZESUHDSIFTJ_KY983585_DELIM-AGOEUVCKXZESUHDSIFTJ_HCoV_OC43_DELIM-AGOEUVCKXZESUHDSIFTJ_Seattle_DELIM-AGOEUVCKXZESUHDSIFTJ_USA_DELIM-AGOEUVCKXZESUHDSIFTJ_SC2854_DELIM-AGOEUVCKXZESUHDSIFTJ_2015_DELIM-AGOEUVCKXZESUHDSIFTJ_2015    0.00%    passed     99.96%
  25  oc43_DELIM-AGOEUVCKXZESUHDSIFTJ_KY967356_DELIM-AGOEUVCKXZESUHDSIFTJ_HCoV_OC43_DELIM-AGOEUVCKXZESUHDSIFTJ_Seattle_DELIM-AGOEUVCKXZESUHDSIFTJ_USA_DELIM-AGOEUVCKXZESUHDSIFTJ_SC2924_DELIM-AGOEUVCKXZESUHDSIFTJ_2015_DELIM-AGOEUVCKXZESUHDSIFTJ_2015    0.00%    passed     99.96%
  26  oc43_DELIM-AGOEUVCKXZESUHDSIFTJ_KY983588_DELIM-AGOEUVCKXZESUHDSIFTJ_HCoV_OC43_DELIM-AGOEUVCKXZESUHDSIFTJ_Seattle_DELIM-AGOEUVCKXZESUHDSIFTJ_USA_DELIM-AGOEUVCKXZESUHDSIFTJ_SC3118_DELIM-AGOEUVCKXZESUHDSIFTJ_2015_DELIM-AGOEUVCKXZESUHDSIFTJ_2015    0.00%    passed     99.96%
  27  oc43_DELIM-AGOEUVCKXZESUHDSIFTJ_KY369906_DELIM-AGOEUVCKXZESUHDSIFTJ_HCoV_OC43_DELIM-AGOEUVCKXZESUHDSIFTJ_Seattle_DELIM-AGOEUVCKXZESUHDSIFTJ_USA_DELIM-AGOEUVCKXZESUHDSIFTJ_SC622_DELIM-AGOEUVCKXZESUHDSIFTJ_2016_DELIM-AGOEUVCKXZESUHDSIFTJ_2016     0.00%    passed     99.96%
  28  oc43_DELIM-AGOEUVCKXZESUHDSIFTJ_MN306053_DELIM-AGOEUVCKXZESUHDSIFTJ_HCoV_OC43_DELIM-AGOEUVCKXZESUHDSIFTJ_Seattle_DELIM-AGOEUVCKXZESUHDSIFTJ_USA_DELIM-AGOEUVCKXZESUHDSIFTJ_SC9430_DELIM-AGOEUVCKXZESUHDSIFTJ_2018_DELIM-AGOEUVCKXZESUHDSIFTJ_2019    0.00%    passed     99.96%
  29  oc43_DELIM-AGOEUVCKXZESUHDSIFTJ_MN026164_DELIM-AGOEUVCKXZESUHDSIFTJ_OC43_KLF_01_2018_DELIM-AGOEUVCKXZESUHDSIFTJ_2018                                                                                                                                 0.00%    passed     99.96%
  30  oc43_DELIM-AGOEUVCKXZESUHDSIFTJ_KY369905_DELIM-AGOEUVCKXZESUHDSIFTJ_HCoV_OC43_DELIM-AGOEUVCKXZESUHDSIFTJ_Seattle_DELIM-AGOEUVCKXZESUHDSIFTJ_USA_DELIM-AGOEUVCKXZESUHDSIFTJ_SC831_DELIM-AGOEUVCKXZESUHDSIFTJ_2016_DELIM-AGOEUVCKXZESUHDSIFTJ_2016     0.00%    passed     99.99%
  31  oc43_DELIM-AGOEUVCKXZESUHDSIFTJ_MF374983_DELIM-AGOEUVCKXZESUHDSIFTJ_HCoV_OC43_DELIM-AGOEUVCKXZESUHDSIFTJ_USA_DELIM-AGOEUVCKXZESUHDSIFTJ_TCNP_0070_DELIM-AGOEUVCKXZESUHDSIFTJ_2016_DELIM-AGOEUVCKXZESUHDSIFTJ_2016                                    0.00%    passed     99.86%
  32  oc43_DELIM-AGOEUVCKXZESUHDSIFTJ_KY369907_DELIM-AGOEUVCKXZESUHDSIFTJ_HCoV_OC43_DELIM-AGOEUVCKXZESUHDSIFTJ_Seattle_DELIM-AGOEUVCKXZESUHDSIFTJ_USA_DELIM-AGOEUVCKXZESUHDSIFTJ_SC9741_DELIM-AGOEUVCKXZESUHDSIFTJ_2016_DELIM-AGOEUVCKXZESUHDSIFTJ_2016    0.00%    passed     99.99%
  33  oc43_DELIM-AGOEUVCKXZESUHDSIFTJ_MN310476_DELIM-AGOEUVCKXZESUHDSIFTJ_HCoV_OC43_DELIM-AGOEUVCKXZESUHDSIFTJ_Seattle_DELIM-AGOEUVCKXZESUHDSIFTJ_USA_DELIM-AGOEUVCKXZESUHDSIFTJ_SC9428_DELIM-AGOEUVCKXZESUHDSIFTJ_2018_DELIM-AGOEUVCKXZESUHDSIFTJ_2019    0.00%    passed     99.38%
  34  oc43_DELIM-AGOEUVCKXZESUHDSIFTJ_KX344031_DELIM-AGOEUVCKXZESUHDSIFTJ_OC43_DELIM-AGOEUVCKXZESUHDSIFTJ_human_DELIM-AGOEUVCKXZESUHDSIFTJ_Mex_DELIM-AGOEUVCKXZESUHDSIFTJ_LRTI_238_DELIM-AGOEUVCKXZESUHDSIFTJ_2011_DELIM-AGOEUVCKXZESUHDSIFTJ_2011         0.00%    passed     99.86%
  35  oc43_DELIM-AGOEUVCKXZESUHDSIFTJ_JN129835_DELIM-AGOEUVCKXZESUHDSIFTJ_HK04_02_DELIM-AGOEUVCKXZESUHDSIFTJ_2004                                                                                                                                          0.00%    passed     99.96%
  36  oc43_DELIM-AGOEUVCKXZESUHDSIFTJ_JN129834_DELIM-AGOEUVCKXZESUHDSIFTJ_HK04_01_DELIM-AGOEUVCKXZESUHDSIFTJ_2004                                                                                                                                          0.00%    passed     99.96%
  37  oc43_DELIM-AGOEUVCKXZESUHDSIFTJ_KF530068_DELIM-AGOEUVCKXZESUHDSIFTJ_OC43_DELIM-AGOEUVCKXZESUHDSIFTJ_human_DELIM-AGOEUVCKXZESUHDSIFTJ_USA_DELIM-AGOEUVCKXZESUHDSIFTJ_007_11_DELIM-AGOEUVCKXZESUHDSIFTJ_2000_DELIM-AGOEUVCKXZESUHDSIFTJ_2000           0.00%    passed     99.96%
  38  oc43_DELIM-AGOEUVCKXZESUHDSIFTJ_KF530070_DELIM-AGOEUVCKXZESUHDSIFTJ_OC43_DELIM-AGOEUVCKXZESUHDSIFTJ_human_DELIM-AGOEUVCKXZESUHDSIFTJ_USA_DELIM-AGOEUVCKXZESUHDSIFTJ_991_19_DELIM-AGOEUVCKXZESUHDSIFTJ_1999_DELIM-AGOEUVCKXZESUHDSIFTJ_1999           0.00%    passed     99.96%
  39  oc43_DELIM-AGOEUVCKXZESUHDSIFTJ_KF530081_DELIM-AGOEUVCKXZESUHDSIFTJ_OC43_DELIM-AGOEUVCKXZESUHDSIFTJ_human_DELIM-AGOEUVCKXZESUHDSIFTJ_USA_DELIM-AGOEUVCKXZESUHDSIFTJ_991_5_DELIM-AGOEUVCKXZESUHDSIFTJ_1999_DELIM-AGOEUVCKXZESUHDSIFTJ_1999            0.00%    passed     99.96%
  40  oc43_DELIM-AGOEUVCKXZESUHDSIFTJ_KF530084_DELIM-AGOEUVCKXZESUHDSIFTJ_OC43_DELIM-AGOEUVCKXZESUHDSIFTJ_human_DELIM-AGOEUVCKXZESUHDSIFTJ_USA_DELIM-AGOEUVCKXZESUHDSIFTJ_951_18_DELIM-AGOEUVCKXZESUHDSIFTJ_1995_DELIM-AGOEUVCKXZESUHDSIFTJ_1995           0.00%    passed     99.91%
  41  oc43_DELIM-AGOEUVCKXZESUHDSIFTJ_KF530063_DELIM-AGOEUVCKXZESUHDSIFTJ_OC43_DELIM-AGOEUVCKXZESUHDSIFTJ_human_DELIM-AGOEUVCKXZESUHDSIFTJ_USA_DELIM-AGOEUVCKXZESUHDSIFTJ_9612_48_DELIM-AGOEUVCKXZESUHDSIFTJ_1996_DELIM-AGOEUVCKXZESUHDSIFTJ_1996          0.00%    passed     99.85%
  42  oc43_DELIM-AGOEUVCKXZESUHDSIFTJ_KF530099_DELIM-AGOEUVCKXZESUHDSIFTJ_OC43_DELIM-AGOEUVCKXZESUHDSIFTJ_human_DELIM-AGOEUVCKXZESUHDSIFTJ_USA_DELIM-AGOEUVCKXZESUHDSIFTJ_971_5_DELIM-AGOEUVCKXZESUHDSIFTJ_1997_DELIM-AGOEUVCKXZESUHDSIFTJ_1997            0.00%    passed     99.85%
  43  oc43_DELIM-AGOEUVCKXZESUHDSIFTJ_KF530069_DELIM-AGOEUVCKXZESUHDSIFTJ_OC43_DELIM-AGOEUVCKXZESUHDSIFTJ_human_DELIM-AGOEUVCKXZESUHDSIFTJ_USA_DELIM-AGOEUVCKXZESUHDSIFTJ_982_4_DELIM-AGOEUVCKXZESUHDSIFTJ_1998_DELIM-AGOEUVCKXZESUHDSIFTJ_1998            0.00%    passed     99.85%
  44  oc43_DELIM-AGOEUVCKXZESUHDSIFTJ_KF530098_DELIM-AGOEUVCKXZESUHDSIFTJ_OC43_DELIM-AGOEUVCKXZESUHDSIFTJ_human_DELIM-AGOEUVCKXZESUHDSIFTJ_USA_DELIM-AGOEUVCKXZESUHDSIFTJ_965_6_DELIM-AGOEUVCKXZESUHDSIFTJ_1996_DELIM-AGOEUVCKXZESUHDSIFTJ_1996            0.00%    passed     99.85%
****  TOTAL                                                                                                                                                                                                                                                0.21%  0 sequences failed composition chi2 test (p-value<5%; df=3)
NOTE: oc43_DELIM-AGOEUVCKXZESUHDSIFTJ_KF530076_DELIM-AGOEUVCKXZESUHDSIFTJ_OC43_DELIM-AGOEUVCKXZESUHDSIFTJ_human_DELIM-AGOEUVCKXZESUHDSIFTJ_USA_DELIM-AGOEUVCKXZESUHDSIFTJ_911_11_DELIM-AGOEUVCKXZESUHDSIFTJ_1991_DELIM-AGOEUVCKXZESUHDSIFTJ_1991 is identical to oc43_DELIM-AGOEUVCKXZESUHDSIFTJ_KF530088_DELIM-AGOEUVCKXZESUHDSIFTJ_OC43_DELIM-AGOEUVCKXZESUHDSIFTJ_human_DELIM-AGOEUVCKXZESUHDSIFTJ_USA_DELIM-AGOEUVCKXZESUHDSIFTJ_901_54_DELIM-AGOEUVCKXZESUHDSIFTJ_1990_DELIM-AGOEUVCKXZESUHDSIFTJ_1990 but kept for subsequent analysis
NOTE: oc43_DELIM-AGOEUVCKXZESUHDSIFTJ_KF530095_DELIM-AGOEUVCKXZESUHDSIFTJ_OC43_DELIM-AGOEUVCKXZESUHDSIFTJ_human_DELIM-AGOEUVCKXZESUHDSIFTJ_USA_DELIM-AGOEUVCKXZESUHDSIFTJ_912_6_DELIM-AGOEUVCKXZESUHDSIFTJ_1991_DELIM-AGOEUVCKXZESUHDSIFTJ_1991 is identical to oc43_DELIM-AGOEUVCKXZESUHDSIFTJ_KF530096_DELIM-AGOEUVCKXZESUHDSIFTJ_OC43_DELIM-AGOEUVCKXZESUHDSIFTJ_human_DELIM-AGOEUVCKXZESUHDSIFTJ_USA_DELIM-AGOEUVCKXZESUHDSIFTJ_911_38_DELIM-AGOEUVCKXZESUHDSIFTJ_1991_DELIM-AGOEUVCKXZESUHDSIFTJ_1991 but kept for subsequent analysis
NOTE: oc43_DELIM-AGOEUVCKXZESUHDSIFTJ_KF530071_DELIM-AGOEUVCKXZESUHDSIFTJ_OC43_DELIM-AGOEUVCKXZESUHDSIFTJ_human_DELIM-AGOEUVCKXZESUHDSIFTJ_USA_DELIM-AGOEUVCKXZESUHDSIFTJ_925_1_DELIM-AGOEUVCKXZESUHDSIFTJ_1992_DELIM-AGOEUVCKXZESUHDSIFTJ_1992 is identical to oc43_DELIM-AGOEUVCKXZESUHDSIFTJ_KF530091_DELIM-AGOEUVCKXZESUHDSIFTJ_OC43_DELIM-AGOEUVCKXZESUHDSIFTJ_human_DELIM-AGOEUVCKXZESUHDSIFTJ_USA_DELIM-AGOEUVCKXZESUHDSIFTJ_911_58_DELIM-AGOEUVCKXZESUHDSIFTJ_1991_DELIM-AGOEUVCKXZESUHDSIFTJ_1991 but kept for subsequent analysis
NOTE: oc43_DELIM-AGOEUVCKXZESUHDSIFTJ_MF374984_DELIM-AGOEUVCKXZESUHDSIFTJ_HCoV_OC43_DELIM-AGOEUVCKXZESUHDSIFTJ_USA_DELIM-AGOEUVCKXZESUHDSIFTJ_TCNP_00204_DELIM-AGOEUVCKXZESUHDSIFTJ_2017_DELIM-AGOEUVCKXZESUHDSIFTJ_2017 is identical to oc43_DELIM-AGOEUVCKXZESUHDSIFTJ_MH121121_DELIM-AGOEUVCKXZESUHDSIFTJ_HCoV_OC43_DELIM-AGOEUVCKXZESUHDSIFTJ_USA_DELIM-AGOEUVCKXZESUHDSIFTJ_ACRI_0213_DELIM-AGOEUVCKXZESUHDSIFTJ_2016_DELIM-AGOEUVCKXZESUHDSIFTJ_2016 but kept for subsequent analysis
NOTE: oc43_DELIM-AGOEUVCKXZESUHDSIFTJ_JN129834_DELIM-AGOEUVCKXZESUHDSIFTJ_HK04_01_DELIM-AGOEUVCKXZESUHDSIFTJ_2004 is identical to oc43_DELIM-AGOEUVCKXZESUHDSIFTJ_JN129835_DELIM-AGOEUVCKXZESUHDSIFTJ_HK04_02_DELIM-AGOEUVCKXZESUHDSIFTJ_2004 but kept for subsequent analysis
NOTE: oc43_DELIM-AGOEUVCKXZESUHDSIFTJ_KF530070_DELIM-AGOEUVCKXZESUHDSIFTJ_OC43_DELIM-AGOEUVCKXZESUHDSIFTJ_human_DELIM-AGOEUVCKXZESUHDSIFTJ_USA_DELIM-AGOEUVCKXZESUHDSIFTJ_991_19_DELIM-AGOEUVCKXZESUHDSIFTJ_1999_DELIM-AGOEUVCKXZESUHDSIFTJ_1999 is identical to oc43_DELIM-AGOEUVCKXZESUHDSIFTJ_KF530068_DELIM-AGOEUVCKXZESUHDSIFTJ_OC43_DELIM-AGOEUVCKXZESUHDSIFTJ_human_DELIM-AGOEUVCKXZESUHDSIFTJ_USA_DELIM-AGOEUVCKXZESUHDSIFTJ_007_11_DELIM-AGOEUVCKXZESUHDSIFTJ_2000_DELIM-AGOEUVCKXZESUHDSIFTJ_2000 but kept for subsequent analysis
NOTE: oc43_DELIM-AGOEUVCKXZESUHDSIFTJ_KF530099_DELIM-AGOEUVCKXZESUHDSIFTJ_OC43_DELIM-AGOEUVCKXZESUHDSIFTJ_human_DELIM-AGOEUVCKXZESUHDSIFTJ_USA_DELIM-AGOEUVCKXZESUHDSIFTJ_971_5_DELIM-AGOEUVCKXZESUHDSIFTJ_1997_DELIM-AGOEUVCKXZESUHDSIFTJ_1997 is identical to oc43_DELIM-AGOEUVCKXZESUHDSIFTJ_KF530063_DELIM-AGOEUVCKXZESUHDSIFTJ_OC43_DELIM-AGOEUVCKXZESUHDSIFTJ_human_DELIM-AGOEUVCKXZESUHDSIFTJ_USA_DELIM-AGOEUVCKXZESUHDSIFTJ_9612_48_DELIM-AGOEUVCKXZESUHDSIFTJ_1996_DELIM-AGOEUVCKXZESUHDSIFTJ_1996 but kept for subsequent analysis
Checking for duplicate sequences: done in 0.000368118 secs using 84.21% CPU
Identifying sites to remove: done in 0.000327826 secs using 99.44% CPU
NOTE: 20 identical sequences (see below) will be ignored for subsequent analysis
NOTE: oc43_DELIM-AGOEUVCKXZESUHDSIFTJ_KF530089_DELIM-AGOEUVCKXZESUHDSIFTJ_OC43_DELIM-AGOEUVCKXZESUHDSIFTJ_human_DELIM-AGOEUVCKXZESUHDSIFTJ_USA_DELIM-AGOEUVCKXZESUHDSIFTJ_911_66_DELIM-AGOEUVCKXZESUHDSIFTJ_1991_DELIM-AGOEUVCKXZESUHDSIFTJ_1991 (identical to oc43_DELIM-AGOEUVCKXZESUHDSIFTJ_KF530088_DELIM-AGOEUVCKXZESUHDSIFTJ_OC43_DELIM-AGOEUVCKXZESUHDSIFTJ_human_DELIM-AGOEUVCKXZESUHDSIFTJ_USA_DELIM-AGOEUVCKXZESUHDSIFTJ_901_54_DELIM-AGOEUVCKXZESUHDSIFTJ_1990_DELIM-AGOEUVCKXZESUHDSIFTJ_1990) is ignored but added at the end
NOTE: oc43_DELIM-AGOEUVCKXZESUHDSIFTJ_KF530094_DELIM-AGOEUVCKXZESUHDSIFTJ_OC43_DELIM-AGOEUVCKXZESUHDSIFTJ_human_DELIM-AGOEUVCKXZESUHDSIFTJ_USA_DELIM-AGOEUVCKXZESUHDSIFTJ_912_36_DELIM-AGOEUVCKXZESUHDSIFTJ_1991_DELIM-AGOEUVCKXZESUHDSIFTJ_1991 (identical to oc43_DELIM-AGOEUVCKXZESUHDSIFTJ_KF530088_DELIM-AGOEUVCKXZESUHDSIFTJ_OC43_DELIM-AGOEUVCKXZESUHDSIFTJ_human_DELIM-AGOEUVCKXZESUHDSIFTJ_USA_DELIM-AGOEUVCKXZESUHDSIFTJ_901_54_DELIM-AGOEUVCKXZESUHDSIFTJ_1990_DELIM-AGOEUVCKXZESUHDSIFTJ_1990) is ignored but added at the end
NOTE: oc43_DELIM-AGOEUVCKXZESUHDSIFTJ_KF530079_DELIM-AGOEUVCKXZESUHDSIFTJ_OC43_DELIM-AGOEUVCKXZESUHDSIFTJ_human_DELIM-AGOEUVCKXZESUHDSIFTJ_USA_DELIM-AGOEUVCKXZESUHDSIFTJ_913_29_DELIM-AGOEUVCKXZESUHDSIFTJ_1991_DELIM-AGOEUVCKXZESUHDSIFTJ_1991 (identical to oc43_DELIM-AGOEUVCKXZESUHDSIFTJ_KF530088_DELIM-AGOEUVCKXZESUHDSIFTJ_OC43_DELIM-AGOEUVCKXZESUHDSIFTJ_human_DELIM-AGOEUVCKXZESUHDSIFTJ_USA_DELIM-AGOEUVCKXZESUHDSIFTJ_901_54_DELIM-AGOEUVCKXZESUHDSIFTJ_1990_DELIM-AGOEUVCKXZESUHDSIFTJ_1990) is ignored but added at the end
NOTE: oc43_DELIM-AGOEUVCKXZESUHDSIFTJ_MF374985_DELIM-AGOEUVCKXZESUHDSIFTJ_HCoV_OC43_DELIM-AGOEUVCKXZESUHDSIFTJ_USA_DELIM-AGOEUVCKXZESUHDSIFTJ_TCNP_00212_DELIM-AGOEUVCKXZESUHDSIFTJ_2017_DELIM-AGOEUVCKXZESUHDSIFTJ_2017 (identical to oc43_DELIM-AGOEUVCKXZESUHDSIFTJ_MH121121_DELIM-AGOEUVCKXZESUHDSIFTJ_HCoV_OC43_DELIM-AGOEUVCKXZESUHDSIFTJ_USA_DELIM-AGOEUVCKXZESUHDSIFTJ_ACRI_0213_DELIM-AGOEUVCKXZESUHDSIFTJ_2016_DELIM-AGOEUVCKXZESUHDSIFTJ_2016) is ignored but added at the end
NOTE: oc43_DELIM-AGOEUVCKXZESUHDSIFTJ_MN306036_DELIM-AGOEUVCKXZESUHDSIFTJ_HCoV_OC43_DELIM-AGOEUVCKXZESUHDSIFTJ_Seattle_DELIM-AGOEUVCKXZESUHDSIFTJ_USA_DELIM-AGOEUVCKXZESUHDSIFTJ_SC0682_DELIM-AGOEUVCKXZESUHDSIFTJ_2019_DELIM-AGOEUVCKXZESUHDSIFTJ_2019 (identical to oc43_DELIM-AGOEUVCKXZESUHDSIFTJ_MH121121_DELIM-AGOEUVCKXZESUHDSIFTJ_HCoV_OC43_DELIM-AGOEUVCKXZESUHDSIFTJ_USA_DELIM-AGOEUVCKXZESUHDSIFTJ_ACRI_0213_DELIM-AGOEUVCKXZESUHDSIFTJ_2016_DELIM-AGOEUVCKXZESUHDSIFTJ_2016) is ignored but added at the end
NOTE: oc43_DELIM-AGOEUVCKXZESUHDSIFTJ_MN306041_DELIM-AGOEUVCKXZESUHDSIFTJ_HCoV_OC43_DELIM-AGOEUVCKXZESUHDSIFTJ_Seattle_DELIM-AGOEUVCKXZESUHDSIFTJ_USA_DELIM-AGOEUVCKXZESUHDSIFTJ_SC0810_DELIM-AGOEUVCKXZESUHDSIFTJ_2019_DELIM-AGOEUVCKXZESUHDSIFTJ_2019 (identical to oc43_DELIM-AGOEUVCKXZESUHDSIFTJ_MH121121_DELIM-AGOEUVCKXZESUHDSIFTJ_HCoV_OC43_DELIM-AGOEUVCKXZESUHDSIFTJ_USA_DELIM-AGOEUVCKXZESUHDSIFTJ_ACRI_0213_DELIM-AGOEUVCKXZESUHDSIFTJ_2016_DELIM-AGOEUVCKXZESUHDSIFTJ_2016) is ignored but added at the end
NOTE: oc43_DELIM-AGOEUVCKXZESUHDSIFTJ_MN306042_DELIM-AGOEUVCKXZESUHDSIFTJ_HCoV_OC43_DELIM-AGOEUVCKXZESUHDSIFTJ_Seattle_DELIM-AGOEUVCKXZESUHDSIFTJ_USA_DELIM-AGOEUVCKXZESUHDSIFTJ_SC0839_DELIM-AGOEUVCKXZESUHDSIFTJ_2019_DELIM-AGOEUVCKXZESUHDSIFTJ_2019 (identical to oc43_DELIM-AGOEUVCKXZESUHDSIFTJ_MH121121_DELIM-AGOEUVCKXZESUHDSIFTJ_HCoV_OC43_DELIM-AGOEUVCKXZESUHDSIFTJ_USA_DELIM-AGOEUVCKXZESUHDSIFTJ_ACRI_0213_DELIM-AGOEUVCKXZESUHDSIFTJ_2016_DELIM-AGOEUVCKXZESUHDSIFTJ_2016) is ignored but added at the end
NOTE: oc43_DELIM-AGOEUVCKXZESUHDSIFTJ_KY684759_DELIM-AGOEUVCKXZESUHDSIFTJ_HCoV_OC43_DELIM-AGOEUVCKXZESUHDSIFTJ_Seattle_DELIM-AGOEUVCKXZESUHDSIFTJ_USA_DELIM-AGOEUVCKXZESUHDSIFTJ_SC2269_DELIM-AGOEUVCKXZESUHDSIFTJ_2016_DELIM-AGOEUVCKXZESUHDSIFTJ_2016 (identical to oc43_DELIM-AGOEUVCKXZESUHDSIFTJ_MH121121_DELIM-AGOEUVCKXZESUHDSIFTJ_HCoV_OC43_DELIM-AGOEUVCKXZESUHDSIFTJ_USA_DELIM-AGOEUVCKXZESUHDSIFTJ_ACRI_0213_DELIM-AGOEUVCKXZESUHDSIFTJ_2016_DELIM-AGOEUVCKXZESUHDSIFTJ_2016) is ignored but added at the end
NOTE: oc43_DELIM-AGOEUVCKXZESUHDSIFTJ_KY967361_DELIM-AGOEUVCKXZESUHDSIFTJ_HCoV_OC43_DELIM-AGOEUVCKXZESUHDSIFTJ_Seattle_DELIM-AGOEUVCKXZESUHDSIFTJ_USA_DELIM-AGOEUVCKXZESUHDSIFTJ_SC2345_DELIM-AGOEUVCKXZESUHDSIFTJ_2015_DELIM-AGOEUVCKXZESUHDSIFTJ_2015 (identical to oc43_DELIM-AGOEUVCKXZESUHDSIFTJ_MH121121_DELIM-AGOEUVCKXZESUHDSIFTJ_HCoV_OC43_DELIM-AGOEUVCKXZESUHDSIFTJ_USA_DELIM-AGOEUVCKXZESUHDSIFTJ_ACRI_0213_DELIM-AGOEUVCKXZESUHDSIFTJ_2016_DELIM-AGOEUVCKXZESUHDSIFTJ_2016) is ignored but added at the end
NOTE: oc43_DELIM-AGOEUVCKXZESUHDSIFTJ_KY983583_DELIM-AGOEUVCKXZESUHDSIFTJ_HCoV_OC43_DELIM-AGOEUVCKXZESUHDSIFTJ_Seattle_DELIM-AGOEUVCKXZESUHDSIFTJ_USA_DELIM-AGOEUVCKXZESUHDSIFTJ_SC2481_DELIM-AGOEUVCKXZESUHDSIFTJ_2015_DELIM-AGOEUVCKXZESUHDSIFTJ_2015 (identical to oc43_DELIM-AGOEUVCKXZESUHDSIFTJ_MH121121_DELIM-AGOEUVCKXZESUHDSIFTJ_HCoV_OC43_DELIM-AGOEUVCKXZESUHDSIFTJ_USA_DELIM-AGOEUVCKXZESUHDSIFTJ_ACRI_0213_DELIM-AGOEUVCKXZESUHDSIFTJ_2016_DELIM-AGOEUVCKXZESUHDSIFTJ_2016) is ignored but added at the end
NOTE: oc43_DELIM-AGOEUVCKXZESUHDSIFTJ_KY967359_DELIM-AGOEUVCKXZESUHDSIFTJ_HCoV_OC43_DELIM-AGOEUVCKXZESUHDSIFTJ_Seattle_DELIM-AGOEUVCKXZESUHDSIFTJ_USA_DELIM-AGOEUVCKXZESUHDSIFTJ_SC2730_DELIM-AGOEUVCKXZESUHDSIFTJ_2015_DELIM-AGOEUVCKXZESUHDSIFTJ_2015 (identical to oc43_DELIM-AGOEUVCKXZESUHDSIFTJ_MH121121_DELIM-AGOEUVCKXZESUHDSIFTJ_HCoV_OC43_DELIM-AGOEUVCKXZESUHDSIFTJ_USA_DELIM-AGOEUVCKXZESUHDSIFTJ_ACRI_0213_DELIM-AGOEUVCKXZESUHDSIFTJ_2016_DELIM-AGOEUVCKXZESUHDSIFTJ_2016) is ignored but added at the end
NOTE: oc43_DELIM-AGOEUVCKXZESUHDSIFTJ_KY967358_DELIM-AGOEUVCKXZESUHDSIFTJ_HCoV_OC43_DELIM-AGOEUVCKXZESUHDSIFTJ_Seattle_DELIM-AGOEUVCKXZESUHDSIFTJ_USA_DELIM-AGOEUVCKXZESUHDSIFTJ_SC2770_DELIM-AGOEUVCKXZESUHDSIFTJ_2015_DELIM-AGOEUVCKXZESUHDSIFTJ_2015 (identical to oc43_DELIM-AGOEUVCKXZESUHDSIFTJ_MH121121_DELIM-AGOEUVCKXZESUHDSIFTJ_HCoV_OC43_DELIM-AGOEUVCKXZESUHDSIFTJ_USA_DELIM-AGOEUVCKXZESUHDSIFTJ_ACRI_0213_DELIM-AGOEUVCKXZESUHDSIFTJ_2016_DELIM-AGOEUVCKXZESUHDSIFTJ_2016) is ignored but added at the end
NOTE: oc43_DELIM-AGOEUVCKXZESUHDSIFTJ_KY983585_DELIM-AGOEUVCKXZESUHDSIFTJ_HCoV_OC43_DELIM-AGOEUVCKXZESUHDSIFTJ_Seattle_DELIM-AGOEUVCKXZESUHDSIFTJ_USA_DELIM-AGOEUVCKXZESUHDSIFTJ_SC2854_DELIM-AGOEUVCKXZESUHDSIFTJ_2015_DELIM-AGOEUVCKXZESUHDSIFTJ_2015 (identical to oc43_DELIM-AGOEUVCKXZESUHDSIFTJ_MH121121_DELIM-AGOEUVCKXZESUHDSIFTJ_HCoV_OC43_DELIM-AGOEUVCKXZESUHDSIFTJ_USA_DELIM-AGOEUVCKXZESUHDSIFTJ_ACRI_0213_DELIM-AGOEUVCKXZESUHDSIFTJ_2016_DELIM-AGOEUVCKXZESUHDSIFTJ_2016) is ignored but added at the end
NOTE: oc43_DELIM-AGOEUVCKXZESUHDSIFTJ_KY967356_DELIM-AGOEUVCKXZESUHDSIFTJ_HCoV_OC43_DELIM-AGOEUVCKXZESUHDSIFTJ_Seattle_DELIM-AGOEUVCKXZESUHDSIFTJ_USA_DELIM-AGOEUVCKXZESUHDSIFTJ_SC2924_DELIM-AGOEUVCKXZESUHDSIFTJ_2015_DELIM-AGOEUVCKXZESUHDSIFTJ_2015 (identical to oc43_DELIM-AGOEUVCKXZESUHDSIFTJ_MH121121_DELIM-AGOEUVCKXZESUHDSIFTJ_HCoV_OC43_DELIM-AGOEUVCKXZESUHDSIFTJ_USA_DELIM-AGOEUVCKXZESUHDSIFTJ_ACRI_0213_DELIM-AGOEUVCKXZESUHDSIFTJ_2016_DELIM-AGOEUVCKXZESUHDSIFTJ_2016) is ignored but added at the end
NOTE: oc43_DELIM-AGOEUVCKXZESUHDSIFTJ_KY983588_DELIM-AGOEUVCKXZESUHDSIFTJ_HCoV_OC43_DELIM-AGOEUVCKXZESUHDSIFTJ_Seattle_DELIM-AGOEUVCKXZESUHDSIFTJ_USA_DELIM-AGOEUVCKXZESUHDSIFTJ_SC3118_DELIM-AGOEUVCKXZESUHDSIFTJ_2015_DELIM-AGOEUVCKXZESUHDSIFTJ_2015 (identical to oc43_DELIM-AGOEUVCKXZESUHDSIFTJ_MH121121_DELIM-AGOEUVCKXZESUHDSIFTJ_HCoV_OC43_DELIM-AGOEUVCKXZESUHDSIFTJ_USA_DELIM-AGOEUVCKXZESUHDSIFTJ_ACRI_0213_DELIM-AGOEUVCKXZESUHDSIFTJ_2016_DELIM-AGOEUVCKXZESUHDSIFTJ_2016) is ignored but added at the end
NOTE: oc43_DELIM-AGOEUVCKXZESUHDSIFTJ_KY369906_DELIM-AGOEUVCKXZESUHDSIFTJ_HCoV_OC43_DELIM-AGOEUVCKXZESUHDSIFTJ_Seattle_DELIM-AGOEUVCKXZESUHDSIFTJ_USA_DELIM-AGOEUVCKXZESUHDSIFTJ_SC622_DELIM-AGOEUVCKXZESUHDSIFTJ_2016_DELIM-AGOEUVCKXZESUHDSIFTJ_2016 (identical to oc43_DELIM-AGOEUVCKXZESUHDSIFTJ_MH121121_DELIM-AGOEUVCKXZESUHDSIFTJ_HCoV_OC43_DELIM-AGOEUVCKXZESUHDSIFTJ_USA_DELIM-AGOEUVCKXZESUHDSIFTJ_ACRI_0213_DELIM-AGOEUVCKXZESUHDSIFTJ_2016_DELIM-AGOEUVCKXZESUHDSIFTJ_2016) is ignored but added at the end
NOTE: oc43_DELIM-AGOEUVCKXZESUHDSIFTJ_MN306053_DELIM-AGOEUVCKXZESUHDSIFTJ_HCoV_OC43_DELIM-AGOEUVCKXZESUHDSIFTJ_Seattle_DELIM-AGOEUVCKXZESUHDSIFTJ_USA_DELIM-AGOEUVCKXZESUHDSIFTJ_SC9430_DELIM-AGOEUVCKXZESUHDSIFTJ_2018_DELIM-AGOEUVCKXZESUHDSIFTJ_2019 (identical to oc43_DELIM-AGOEUVCKXZESUHDSIFTJ_MH121121_DELIM-AGOEUVCKXZESUHDSIFTJ_HCoV_OC43_DELIM-AGOEUVCKXZESUHDSIFTJ_USA_DELIM-AGOEUVCKXZESUHDSIFTJ_ACRI_0213_DELIM-AGOEUVCKXZESUHDSIFTJ_2016_DELIM-AGOEUVCKXZESUHDSIFTJ_2016) is ignored but added at the end
NOTE: oc43_DELIM-AGOEUVCKXZESUHDSIFTJ_MN026164_DELIM-AGOEUVCKXZESUHDSIFTJ_OC43_KLF_01_2018_DELIM-AGOEUVCKXZESUHDSIFTJ_2018 (identical to oc43_DELIM-AGOEUVCKXZESUHDSIFTJ_MH121121_DELIM-AGOEUVCKXZESUHDSIFTJ_HCoV_OC43_DELIM-AGOEUVCKXZESUHDSIFTJ_USA_DELIM-AGOEUVCKXZESUHDSIFTJ_ACRI_0213_DELIM-AGOEUVCKXZESUHDSIFTJ_2016_DELIM-AGOEUVCKXZESUHDSIFTJ_2016) is ignored but added at the end
NOTE: oc43_DELIM-AGOEUVCKXZESUHDSIFTJ_KF530081_DELIM-AGOEUVCKXZESUHDSIFTJ_OC43_DELIM-AGOEUVCKXZESUHDSIFTJ_human_DELIM-AGOEUVCKXZESUHDSIFTJ_USA_DELIM-AGOEUVCKXZESUHDSIFTJ_991_5_DELIM-AGOEUVCKXZESUHDSIFTJ_1999_DELIM-AGOEUVCKXZESUHDSIFTJ_1999 (identical to oc43_DELIM-AGOEUVCKXZESUHDSIFTJ_KF530068_DELIM-AGOEUVCKXZESUHDSIFTJ_OC43_DELIM-AGOEUVCKXZESUHDSIFTJ_human_DELIM-AGOEUVCKXZESUHDSIFTJ_USA_DELIM-AGOEUVCKXZESUHDSIFTJ_007_11_DELIM-AGOEUVCKXZESUHDSIFTJ_2000_DELIM-AGOEUVCKXZESUHDSIFTJ_2000) is ignored but added at the end
NOTE: oc43_DELIM-AGOEUVCKXZESUHDSIFTJ_KF530069_DELIM-AGOEUVCKXZESUHDSIFTJ_OC43_DELIM-AGOEUVCKXZESUHDSIFTJ_human_DELIM-AGOEUVCKXZESUHDSIFTJ_USA_DELIM-AGOEUVCKXZESUHDSIFTJ_982_4_DELIM-AGOEUVCKXZESUHDSIFTJ_1998_DELIM-AGOEUVCKXZESUHDSIFTJ_1998 (identical to oc43_DELIM-AGOEUVCKXZESUHDSIFTJ_KF530063_DELIM-AGOEUVCKXZESUHDSIFTJ_OC43_DELIM-AGOEUVCKXZESUHDSIFTJ_human_DELIM-AGOEUVCKXZESUHDSIFTJ_USA_DELIM-AGOEUVCKXZESUHDSIFTJ_9612_48_DELIM-AGOEUVCKXZESUHDSIFTJ_1996_DELIM-AGOEUVCKXZESUHDSIFTJ_1996) is ignored but added at the end
Alignment was printed to results/aligned_oc43_a_membrane-delim.fasta.uniqueseq.phy

For your convenience alignment with unique sequences printed to results/aligned_oc43_a_membrane-delim.fasta.uniqueseq.phy

Create initial parsimony tree by phylogenetic likelihood library (PLL)... 0.002 seconds

NOTE: 0 MB RAM (0 GB) is required!
Estimate model parameters (epsilon = 0.500)
1. Initial log-likelihood: -1509.953
2. Current log-likelihood: -1467.191
3. Current log-likelihood: -1460.984
4. Current log-likelihood: -1454.274
Optimal log-likelihood: -1454.163
Rate parameters:  A-C: 33.63317  A-G: 13.65590  A-T: 15.46159  C-G: 0.00010  C-T: 100.00000  G-T: 1.00000
Base frequencies:  A: 0.293  C: 0.155  G: 0.198  T: 0.354
Parameters optimization took 4 rounds (0.010 sec)

WARNING: Estimated model parameters are at boundary that can cause numerical instability!

Wrote distance file to... 
Computing ML distances based on estimated model parameters...
Calculating distance matrix: done in 0.00105095 secs using 69.56% CPU
Computing ML distances took 0.001123 sec (of wall-clock time) 0.000765 sec (of CPU time)
Setting up auxiliary I and S matrices: done in 9.29832e-05 secs using 143% CPU
Constructing RapidNJ tree: done in 0.000102997 secs using 89.32% CPU
Computing RapidNJ tree took 0.000296 sec (of wall-clock time) 0.000332 sec (of CPU time)
Log-likelihood of RapidNJ tree: -1081.259
--------------------------------------------------------------------
|             INITIALIZING CANDIDATE TREE SET                      |
--------------------------------------------------------------------

Do NNI search on 2 best initial trees
Optimizing NNI: done in 0.00100017 secs using 115.4% CPU
BETTER TREE FOUND at iteration 1: -1081.259
Optimizing NNI: done in 0.00946808 secs using 186.6% CPU
Finish initializing candidate tree set (4)
Current best tree score: -1081.259 / CPU time: 0.012
Number of iterations: 2
TREE SEARCH COMPLETED AFTER 2 ITERATIONS / Time: 0h:0m:0s

--------------------------------------------------------------------
|                    FINALIZING TREE SEARCH                        |
--------------------------------------------------------------------
Performs final model parameters optimization
Estimate model parameters (epsilon = 0.050)
1. Initial log-likelihood: -1081.259
2. Current log-likelihood: -1081.153
Optimal log-likelihood: -1081.153
Rate parameters:  A-C: 28.36125  A-G: 14.70953  A-T: 12.48827  C-G: 0.00010  C-T: 100.00000  G-T: 1.00000
Base frequencies:  A: 0.293  C: 0.155  G: 0.198  T: 0.354
Parameters optimization took 2 rounds (0.006 sec)

WARNING: Estimated model parameters are at boundary that can cause numerical instability!

BEST SCORE FOUND : -1081.153
Total tree length: 0.030

Total number of iterations: 2
CPU time used for tree search: 0.021 sec (0h:0m:0s)
Wall-clock time used for tree search: 0.012 sec (0h:0m:0s)
Total CPU time used: 0.049 sec (0h:0m:0s)
Total wall-clock time used: 0.046 sec (0h:0m:0s)

Analysis results written to: 
  IQ-TREE report:                results/aligned_oc43_a_membrane-delim.fasta.iqtree
  Maximum-likelihood tree:       results/aligned_oc43_a_membrane-delim.fasta.treefile
  Likelihood distances:          results/aligned_oc43_a_membrane-delim.fasta.mldist
  Screen log file:               results/aligned_oc43_a_membrane-delim.fasta.log

Date and Time: Fri May 13 12:38:53 2022
