IQ-TREE multicore version 2.2.0-beta COVID-edition for Mac OS X 64-bit built Mar  3 2022 built Mar  3 2022
Developed by Bui Quang Minh, James Barbetti, Nguyen Lam Tung,
Olga Chernomor, Heiko Schmidt, Dominik Schrempf, Michael Woodhams, Ly Trong Nhan.

Host:    macbook-pro-2.fhcrc.org (SSE4.2, 8 GB RAM)
Command: iqtree2 -nt 1 -s results/aligned_oc43_a_nucleocapsid-delim.fasta -m GTR -ninit 2 -n 2 -me 0.05
Seed:    972171 (Using SPRNG - Scalable Parallel Random Number Generator)
Time:    Fri May 13 12:31:58 2022
Kernel:  SSE2 - 1 threads (8 CPU cores detected)

HINT: Use -nt option to specify number of threads because your CPU has 8 cores!
HINT: -nt AUTO will automatically determine the best number of threads to use.

Reading alignment file results/aligned_oc43_a_nucleocapsid-delim.fasta ... Fasta format detected
Reading fasta file: done in 0.00153494 secs using 72.32% CPU
Alignment most likely contains DNA/RNA sequences
Constructing alignment: done in 0.00114799 secs using 78.4% CPU
Alignment has 45 sequences with 1347 columns, 67 distinct patterns
29 parsimony-informative, 40 singleton sites, 1278 constant sites
                                                                                                                                                                                                                                                   Gap/Ambiguity  Composition  p-value
Analyzing sequences: done in 1.21593e-05 secs using 65.79% CPU
   1  oc43_DELIM-BRPYCODBPDKWCLBPZGFW_KF530088_DELIM-BRPYCODBPDKWCLBPZGFW_OC43_DELIM-BRPYCODBPDKWCLBPZGFW_human_DELIM-BRPYCODBPDKWCLBPZGFW_USA_DELIM-BRPYCODBPDKWCLBPZGFW_901_54_DELIM-BRPYCODBPDKWCLBPZGFW_1990_DELIM-BRPYCODBPDKWCLBPZGFW_1990           0.00%    passed     99.84%
   2  oc43_DELIM-BRPYCODBPDKWCLBPZGFW_KF530076_DELIM-BRPYCODBPDKWCLBPZGFW_OC43_DELIM-BRPYCODBPDKWCLBPZGFW_human_DELIM-BRPYCODBPDKWCLBPZGFW_USA_DELIM-BRPYCODBPDKWCLBPZGFW_911_11_DELIM-BRPYCODBPDKWCLBPZGFW_1991_DELIM-BRPYCODBPDKWCLBPZGFW_1991           0.00%    passed     99.95%
   3  oc43_DELIM-BRPYCODBPDKWCLBPZGFW_KF530067_DELIM-BRPYCODBPDKWCLBPZGFW_OC43_DELIM-BRPYCODBPDKWCLBPZGFW_human_DELIM-BRPYCODBPDKWCLBPZGFW_USA_DELIM-BRPYCODBPDKWCLBPZGFW_912_10_DELIM-BRPYCODBPDKWCLBPZGFW_1991_DELIM-BRPYCODBPDKWCLBPZGFW_1991           0.00%    passed     99.95%
   4  oc43_DELIM-BRPYCODBPDKWCLBPZGFW_KF530091_DELIM-BRPYCODBPDKWCLBPZGFW_OC43_DELIM-BRPYCODBPDKWCLBPZGFW_human_DELIM-BRPYCODBPDKWCLBPZGFW_USA_DELIM-BRPYCODBPDKWCLBPZGFW_911_58_DELIM-BRPYCODBPDKWCLBPZGFW_1991_DELIM-BRPYCODBPDKWCLBPZGFW_1991           0.00%    passed     99.84%
   5  oc43_DELIM-BRPYCODBPDKWCLBPZGFW_KF530079_DELIM-BRPYCODBPDKWCLBPZGFW_OC43_DELIM-BRPYCODBPDKWCLBPZGFW_human_DELIM-BRPYCODBPDKWCLBPZGFW_USA_DELIM-BRPYCODBPDKWCLBPZGFW_913_29_DELIM-BRPYCODBPDKWCLBPZGFW_1991_DELIM-BRPYCODBPDKWCLBPZGFW_1991           0.00%    passed     99.91%
   6  oc43_DELIM-BRPYCODBPDKWCLBPZGFW_KF530071_DELIM-BRPYCODBPDKWCLBPZGFW_OC43_DELIM-BRPYCODBPDKWCLBPZGFW_human_DELIM-BRPYCODBPDKWCLBPZGFW_USA_DELIM-BRPYCODBPDKWCLBPZGFW_925_1_DELIM-BRPYCODBPDKWCLBPZGFW_1992_DELIM-BRPYCODBPDKWCLBPZGFW_1992            0.00%    passed     99.91%
   7  oc43_DELIM-BRPYCODBPDKWCLBPZGFW_KF530089_DELIM-BRPYCODBPDKWCLBPZGFW_OC43_DELIM-BRPYCODBPDKWCLBPZGFW_human_DELIM-BRPYCODBPDKWCLBPZGFW_USA_DELIM-BRPYCODBPDKWCLBPZGFW_911_66_DELIM-BRPYCODBPDKWCLBPZGFW_1991_DELIM-BRPYCODBPDKWCLBPZGFW_1991           0.00%    passed     99.58%
   8  oc43_DELIM-BRPYCODBPDKWCLBPZGFW_KF530082_DELIM-BRPYCODBPDKWCLBPZGFW_OC43_DELIM-BRPYCODBPDKWCLBPZGFW_human_DELIM-BRPYCODBPDKWCLBPZGFW_USA_DELIM-BRPYCODBPDKWCLBPZGFW_912_11_DELIM-BRPYCODBPDKWCLBPZGFW_1991_DELIM-BRPYCODBPDKWCLBPZGFW_1991           0.00%    passed     99.84%
   9  oc43_DELIM-BRPYCODBPDKWCLBPZGFW_KF530094_DELIM-BRPYCODBPDKWCLBPZGFW_OC43_DELIM-BRPYCODBPDKWCLBPZGFW_human_DELIM-BRPYCODBPDKWCLBPZGFW_USA_DELIM-BRPYCODBPDKWCLBPZGFW_912_36_DELIM-BRPYCODBPDKWCLBPZGFW_1991_DELIM-BRPYCODBPDKWCLBPZGFW_1991           0.00%    passed     99.78%
  10  oc43_DELIM-BRPYCODBPDKWCLBPZGFW_KF530096_DELIM-BRPYCODBPDKWCLBPZGFW_OC43_DELIM-BRPYCODBPDKWCLBPZGFW_human_DELIM-BRPYCODBPDKWCLBPZGFW_USA_DELIM-BRPYCODBPDKWCLBPZGFW_911_38_DELIM-BRPYCODBPDKWCLBPZGFW_1991_DELIM-BRPYCODBPDKWCLBPZGFW_1991           0.00%    passed     99.58%
  11  oc43_DELIM-BRPYCODBPDKWCLBPZGFW_KF530095_DELIM-BRPYCODBPDKWCLBPZGFW_OC43_DELIM-BRPYCODBPDKWCLBPZGFW_human_DELIM-BRPYCODBPDKWCLBPZGFW_USA_DELIM-BRPYCODBPDKWCLBPZGFW_912_6_DELIM-BRPYCODBPDKWCLBPZGFW_1991_DELIM-BRPYCODBPDKWCLBPZGFW_1991            0.00%    passed     99.58%
  12  oc43_DELIM-BRPYCODBPDKWCLBPZGFW_MH121121_DELIM-BRPYCODBPDKWCLBPZGFW_HCoV_OC43_DELIM-BRPYCODBPDKWCLBPZGFW_USA_DELIM-BRPYCODBPDKWCLBPZGFW_ACRI_0213_DELIM-BRPYCODBPDKWCLBPZGFW_2016_DELIM-BRPYCODBPDKWCLBPZGFW_2016                                    0.00%    passed     99.91%
  13  oc43_DELIM-BRPYCODBPDKWCLBPZGFW_MF374984_DELIM-BRPYCODBPDKWCLBPZGFW_HCoV_OC43_DELIM-BRPYCODBPDKWCLBPZGFW_USA_DELIM-BRPYCODBPDKWCLBPZGFW_TCNP_00204_DELIM-BRPYCODBPDKWCLBPZGFW_2017_DELIM-BRPYCODBPDKWCLBPZGFW_2017                                   0.00%    passed     99.98%
  14  oc43_DELIM-BRPYCODBPDKWCLBPZGFW_MN306036_DELIM-BRPYCODBPDKWCLBPZGFW_HCoV_OC43_DELIM-BRPYCODBPDKWCLBPZGFW_Seattle_DELIM-BRPYCODBPDKWCLBPZGFW_USA_DELIM-BRPYCODBPDKWCLBPZGFW_SC0682_DELIM-BRPYCODBPDKWCLBPZGFW_2019_DELIM-BRPYCODBPDKWCLBPZGFW_2019    0.00%    passed     99.98%
  15  oc43_DELIM-BRPYCODBPDKWCLBPZGFW_MN306041_DELIM-BRPYCODBPDKWCLBPZGFW_HCoV_OC43_DELIM-BRPYCODBPDKWCLBPZGFW_Seattle_DELIM-BRPYCODBPDKWCLBPZGFW_USA_DELIM-BRPYCODBPDKWCLBPZGFW_SC0810_DELIM-BRPYCODBPDKWCLBPZGFW_2019_DELIM-BRPYCODBPDKWCLBPZGFW_2019    0.00%    passed     99.98%
  16  oc43_DELIM-BRPYCODBPDKWCLBPZGFW_MN306042_DELIM-BRPYCODBPDKWCLBPZGFW_HCoV_OC43_DELIM-BRPYCODBPDKWCLBPZGFW_Seattle_DELIM-BRPYCODBPDKWCLBPZGFW_USA_DELIM-BRPYCODBPDKWCLBPZGFW_SC0839_DELIM-BRPYCODBPDKWCLBPZGFW_2019_DELIM-BRPYCODBPDKWCLBPZGFW_2019    0.00%    passed     99.98%
  17  oc43_DELIM-BRPYCODBPDKWCLBPZGFW_KY967361_DELIM-BRPYCODBPDKWCLBPZGFW_HCoV_OC43_DELIM-BRPYCODBPDKWCLBPZGFW_Seattle_DELIM-BRPYCODBPDKWCLBPZGFW_USA_DELIM-BRPYCODBPDKWCLBPZGFW_SC2345_DELIM-BRPYCODBPDKWCLBPZGFW_2015_DELIM-BRPYCODBPDKWCLBPZGFW_2015    0.00%    passed     99.98%
  18  oc43_DELIM-BRPYCODBPDKWCLBPZGFW_KY983588_DELIM-BRPYCODBPDKWCLBPZGFW_HCoV_OC43_DELIM-BRPYCODBPDKWCLBPZGFW_Seattle_DELIM-BRPYCODBPDKWCLBPZGFW_USA_DELIM-BRPYCODBPDKWCLBPZGFW_SC3118_DELIM-BRPYCODBPDKWCLBPZGFW_2015_DELIM-BRPYCODBPDKWCLBPZGFW_2015    0.00%    passed     99.98%
  19  oc43_DELIM-BRPYCODBPDKWCLBPZGFW_KY369905_DELIM-BRPYCODBPDKWCLBPZGFW_HCoV_OC43_DELIM-BRPYCODBPDKWCLBPZGFW_Seattle_DELIM-BRPYCODBPDKWCLBPZGFW_USA_DELIM-BRPYCODBPDKWCLBPZGFW_SC831_DELIM-BRPYCODBPDKWCLBPZGFW_2016_DELIM-BRPYCODBPDKWCLBPZGFW_2016     0.00%    passed     99.98%
  20  oc43_DELIM-BRPYCODBPDKWCLBPZGFW_MN306053_DELIM-BRPYCODBPDKWCLBPZGFW_HCoV_OC43_DELIM-BRPYCODBPDKWCLBPZGFW_Seattle_DELIM-BRPYCODBPDKWCLBPZGFW_USA_DELIM-BRPYCODBPDKWCLBPZGFW_SC9430_DELIM-BRPYCODBPDKWCLBPZGFW_2018_DELIM-BRPYCODBPDKWCLBPZGFW_2019    0.00%    passed     99.98%
  21  oc43_DELIM-BRPYCODBPDKWCLBPZGFW_KY369907_DELIM-BRPYCODBPDKWCLBPZGFW_HCoV_OC43_DELIM-BRPYCODBPDKWCLBPZGFW_Seattle_DELIM-BRPYCODBPDKWCLBPZGFW_USA_DELIM-BRPYCODBPDKWCLBPZGFW_SC9741_DELIM-BRPYCODBPDKWCLBPZGFW_2016_DELIM-BRPYCODBPDKWCLBPZGFW_2016    0.00%    passed     99.98%
  22  oc43_DELIM-BRPYCODBPDKWCLBPZGFW_MF374985_DELIM-BRPYCODBPDKWCLBPZGFW_HCoV_OC43_DELIM-BRPYCODBPDKWCLBPZGFW_USA_DELIM-BRPYCODBPDKWCLBPZGFW_TCNP_00212_DELIM-BRPYCODBPDKWCLBPZGFW_2017_DELIM-BRPYCODBPDKWCLBPZGFW_2017                                   0.00%    passed     99.97%
  23  oc43_DELIM-BRPYCODBPDKWCLBPZGFW_MN310478_DELIM-BRPYCODBPDKWCLBPZGFW_HCoV_OC43_DELIM-BRPYCODBPDKWCLBPZGFW_Seattle_DELIM-BRPYCODBPDKWCLBPZGFW_USA_DELIM-BRPYCODBPDKWCLBPZGFW_SC0776_DELIM-BRPYCODBPDKWCLBPZGFW_2019_DELIM-BRPYCODBPDKWCLBPZGFW_2019    0.00%    passed     99.97%
  24  oc43_DELIM-BRPYCODBPDKWCLBPZGFW_KY684759_DELIM-BRPYCODBPDKWCLBPZGFW_HCoV_OC43_DELIM-BRPYCODBPDKWCLBPZGFW_Seattle_DELIM-BRPYCODBPDKWCLBPZGFW_USA_DELIM-BRPYCODBPDKWCLBPZGFW_SC2269_DELIM-BRPYCODBPDKWCLBPZGFW_2016_DELIM-BRPYCODBPDKWCLBPZGFW_2016    0.00%    passed     99.97%
  25  oc43_DELIM-BRPYCODBPDKWCLBPZGFW_KY983583_DELIM-BRPYCODBPDKWCLBPZGFW_HCoV_OC43_DELIM-BRPYCODBPDKWCLBPZGFW_Seattle_DELIM-BRPYCODBPDKWCLBPZGFW_USA_DELIM-BRPYCODBPDKWCLBPZGFW_SC2481_DELIM-BRPYCODBPDKWCLBPZGFW_2015_DELIM-BRPYCODBPDKWCLBPZGFW_2015    0.00%    passed     99.97%
  26  oc43_DELIM-BRPYCODBPDKWCLBPZGFW_KY967359_DELIM-BRPYCODBPDKWCLBPZGFW_HCoV_OC43_DELIM-BRPYCODBPDKWCLBPZGFW_Seattle_DELIM-BRPYCODBPDKWCLBPZGFW_USA_DELIM-BRPYCODBPDKWCLBPZGFW_SC2730_DELIM-BRPYCODBPDKWCLBPZGFW_2015_DELIM-BRPYCODBPDKWCLBPZGFW_2015    0.00%    passed     99.97%
  27  oc43_DELIM-BRPYCODBPDKWCLBPZGFW_KY967358_DELIM-BRPYCODBPDKWCLBPZGFW_HCoV_OC43_DELIM-BRPYCODBPDKWCLBPZGFW_Seattle_DELIM-BRPYCODBPDKWCLBPZGFW_USA_DELIM-BRPYCODBPDKWCLBPZGFW_SC2770_DELIM-BRPYCODBPDKWCLBPZGFW_2015_DELIM-BRPYCODBPDKWCLBPZGFW_2015    0.00%    passed     99.97%
  28  oc43_DELIM-BRPYCODBPDKWCLBPZGFW_KY369906_DELIM-BRPYCODBPDKWCLBPZGFW_HCoV_OC43_DELIM-BRPYCODBPDKWCLBPZGFW_Seattle_DELIM-BRPYCODBPDKWCLBPZGFW_USA_DELIM-BRPYCODBPDKWCLBPZGFW_SC622_DELIM-BRPYCODBPDKWCLBPZGFW_2016_DELIM-BRPYCODBPDKWCLBPZGFW_2016     0.00%    passed     99.99%
  29  oc43_DELIM-BRPYCODBPDKWCLBPZGFW_KY983585_DELIM-BRPYCODBPDKWCLBPZGFW_HCoV_OC43_DELIM-BRPYCODBPDKWCLBPZGFW_Seattle_DELIM-BRPYCODBPDKWCLBPZGFW_USA_DELIM-BRPYCODBPDKWCLBPZGFW_SC2854_DELIM-BRPYCODBPDKWCLBPZGFW_2015_DELIM-BRPYCODBPDKWCLBPZGFW_2015    0.00%    passed     99.89%
  30  oc43_DELIM-BRPYCODBPDKWCLBPZGFW_MF374983_DELIM-BRPYCODBPDKWCLBPZGFW_HCoV_OC43_DELIM-BRPYCODBPDKWCLBPZGFW_USA_DELIM-BRPYCODBPDKWCLBPZGFW_TCNP_0070_DELIM-BRPYCODBPDKWCLBPZGFW_2016_DELIM-BRPYCODBPDKWCLBPZGFW_2016                                    0.00%    passed     99.90%
  31  oc43_DELIM-BRPYCODBPDKWCLBPZGFW_MN026164_DELIM-BRPYCODBPDKWCLBPZGFW_OC43_KLF_01_2018_DELIM-BRPYCODBPDKWCLBPZGFW_2018                                                                                                                                 0.00%    passed     99.83%
  32  oc43_DELIM-BRPYCODBPDKWCLBPZGFW_KY967356_DELIM-BRPYCODBPDKWCLBPZGFW_HCoV_OC43_DELIM-BRPYCODBPDKWCLBPZGFW_Seattle_DELIM-BRPYCODBPDKWCLBPZGFW_USA_DELIM-BRPYCODBPDKWCLBPZGFW_SC2924_DELIM-BRPYCODBPDKWCLBPZGFW_2015_DELIM-BRPYCODBPDKWCLBPZGFW_2015    0.00%    passed     99.90%
  33  oc43_DELIM-BRPYCODBPDKWCLBPZGFW_MN310476_DELIM-BRPYCODBPDKWCLBPZGFW_HCoV_OC43_DELIM-BRPYCODBPDKWCLBPZGFW_Seattle_DELIM-BRPYCODBPDKWCLBPZGFW_USA_DELIM-BRPYCODBPDKWCLBPZGFW_SC9428_DELIM-BRPYCODBPDKWCLBPZGFW_2018_DELIM-BRPYCODBPDKWCLBPZGFW_2019    0.00%    passed     99.80%
  34  oc43_DELIM-BRPYCODBPDKWCLBPZGFW_JN129835_DELIM-BRPYCODBPDKWCLBPZGFW_HK04_02_DELIM-BRPYCODBPDKWCLBPZGFW_2004                                                                                                                                          0.00%    passed     99.88%
  35  oc43_DELIM-BRPYCODBPDKWCLBPZGFW_JN129834_DELIM-BRPYCODBPDKWCLBPZGFW_HK04_01_DELIM-BRPYCODBPDKWCLBPZGFW_2004                                                                                                                                          0.00%    passed     99.93%
  36  oc43_DELIM-BRPYCODBPDKWCLBPZGFW_KX344031_DELIM-BRPYCODBPDKWCLBPZGFW_OC43_DELIM-BRPYCODBPDKWCLBPZGFW_human_DELIM-BRPYCODBPDKWCLBPZGFW_Mex_DELIM-BRPYCODBPDKWCLBPZGFW_LRTI_238_DELIM-BRPYCODBPDKWCLBPZGFW_2011_DELIM-BRPYCODBPDKWCLBPZGFW_2011         0.00%    passed     99.93%
  37  oc43_DELIM-BRPYCODBPDKWCLBPZGFW_KF530068_DELIM-BRPYCODBPDKWCLBPZGFW_OC43_DELIM-BRPYCODBPDKWCLBPZGFW_human_DELIM-BRPYCODBPDKWCLBPZGFW_USA_DELIM-BRPYCODBPDKWCLBPZGFW_007_11_DELIM-BRPYCODBPDKWCLBPZGFW_2000_DELIM-BRPYCODBPDKWCLBPZGFW_2000           0.00%    passed     99.73%
  38  oc43_DELIM-BRPYCODBPDKWCLBPZGFW_KF530070_DELIM-BRPYCODBPDKWCLBPZGFW_OC43_DELIM-BRPYCODBPDKWCLBPZGFW_human_DELIM-BRPYCODBPDKWCLBPZGFW_USA_DELIM-BRPYCODBPDKWCLBPZGFW_991_19_DELIM-BRPYCODBPDKWCLBPZGFW_1999_DELIM-BRPYCODBPDKWCLBPZGFW_1999           0.00%    passed     99.73%
  39  oc43_DELIM-BRPYCODBPDKWCLBPZGFW_KF530081_DELIM-BRPYCODBPDKWCLBPZGFW_OC43_DELIM-BRPYCODBPDKWCLBPZGFW_human_DELIM-BRPYCODBPDKWCLBPZGFW_USA_DELIM-BRPYCODBPDKWCLBPZGFW_991_5_DELIM-BRPYCODBPDKWCLBPZGFW_1999_DELIM-BRPYCODBPDKWCLBPZGFW_1999            0.00%    passed     99.73%
  40  oc43_DELIM-BRPYCODBPDKWCLBPZGFW_KF530084_DELIM-BRPYCODBPDKWCLBPZGFW_OC43_DELIM-BRPYCODBPDKWCLBPZGFW_human_DELIM-BRPYCODBPDKWCLBPZGFW_USA_DELIM-BRPYCODBPDKWCLBPZGFW_951_18_DELIM-BRPYCODBPDKWCLBPZGFW_1995_DELIM-BRPYCODBPDKWCLBPZGFW_1995           0.00%    passed     99.78%
  41  oc43_DELIM-BRPYCODBPDKWCLBPZGFW_KF530098_DELIM-BRPYCODBPDKWCLBPZGFW_OC43_DELIM-BRPYCODBPDKWCLBPZGFW_human_DELIM-BRPYCODBPDKWCLBPZGFW_USA_DELIM-BRPYCODBPDKWCLBPZGFW_965_6_DELIM-BRPYCODBPDKWCLBPZGFW_1996_DELIM-BRPYCODBPDKWCLBPZGFW_1996            0.00%    passed     99.39%
  42  oc43_DELIM-BRPYCODBPDKWCLBPZGFW_KF530063_DELIM-BRPYCODBPDKWCLBPZGFW_OC43_DELIM-BRPYCODBPDKWCLBPZGFW_human_DELIM-BRPYCODBPDKWCLBPZGFW_USA_DELIM-BRPYCODBPDKWCLBPZGFW_9612_48_DELIM-BRPYCODBPDKWCLBPZGFW_1996_DELIM-BRPYCODBPDKWCLBPZGFW_1996          0.00%    passed     99.84%
  43  oc43_DELIM-BRPYCODBPDKWCLBPZGFW_KF530099_DELIM-BRPYCODBPDKWCLBPZGFW_OC43_DELIM-BRPYCODBPDKWCLBPZGFW_human_DELIM-BRPYCODBPDKWCLBPZGFW_USA_DELIM-BRPYCODBPDKWCLBPZGFW_971_5_DELIM-BRPYCODBPDKWCLBPZGFW_1997_DELIM-BRPYCODBPDKWCLBPZGFW_1997            0.00%    passed     99.58%
  44  oc43_DELIM-BRPYCODBPDKWCLBPZGFW_KF530069_DELIM-BRPYCODBPDKWCLBPZGFW_OC43_DELIM-BRPYCODBPDKWCLBPZGFW_human_DELIM-BRPYCODBPDKWCLBPZGFW_USA_DELIM-BRPYCODBPDKWCLBPZGFW_982_4_DELIM-BRPYCODBPDKWCLBPZGFW_1998_DELIM-BRPYCODBPDKWCLBPZGFW_1998            0.00%    passed     99.95%
  45  oc43_DELIM-BRPYCODBPDKWCLBPZGFW_MN306043_DELIM-BRPYCODBPDKWCLBPZGFW_HCoV_OC43_DELIM-BRPYCODBPDKWCLBPZGFW_Seattle_DELIM-BRPYCODBPDKWCLBPZGFW_USA_DELIM-BRPYCODBPDKWCLBPZGFW_SC0841_DELIM-BRPYCODBPDKWCLBPZGFW_2019_DELIM-BRPYCODBPDKWCLBPZGFW_2019    0.22%    passed     99.46%
****  TOTAL                                                                                                                                                                                                                                                0.00%  0 sequences failed composition chi2 test (p-value<5%; df=3)
NOTE: oc43_DELIM-BRPYCODBPDKWCLBPZGFW_KF530067_DELIM-BRPYCODBPDKWCLBPZGFW_OC43_DELIM-BRPYCODBPDKWCLBPZGFW_human_DELIM-BRPYCODBPDKWCLBPZGFW_USA_DELIM-BRPYCODBPDKWCLBPZGFW_912_10_DELIM-BRPYCODBPDKWCLBPZGFW_1991_DELIM-BRPYCODBPDKWCLBPZGFW_1991 is identical to oc43_DELIM-BRPYCODBPDKWCLBPZGFW_KF530076_DELIM-BRPYCODBPDKWCLBPZGFW_OC43_DELIM-BRPYCODBPDKWCLBPZGFW_human_DELIM-BRPYCODBPDKWCLBPZGFW_USA_DELIM-BRPYCODBPDKWCLBPZGFW_911_11_DELIM-BRPYCODBPDKWCLBPZGFW_1991_DELIM-BRPYCODBPDKWCLBPZGFW_1991 but kept for subsequent analysis
NOTE: oc43_DELIM-BRPYCODBPDKWCLBPZGFW_KF530095_DELIM-BRPYCODBPDKWCLBPZGFW_OC43_DELIM-BRPYCODBPDKWCLBPZGFW_human_DELIM-BRPYCODBPDKWCLBPZGFW_USA_DELIM-BRPYCODBPDKWCLBPZGFW_912_6_DELIM-BRPYCODBPDKWCLBPZGFW_1991_DELIM-BRPYCODBPDKWCLBPZGFW_1991 is identical to oc43_DELIM-BRPYCODBPDKWCLBPZGFW_KF530096_DELIM-BRPYCODBPDKWCLBPZGFW_OC43_DELIM-BRPYCODBPDKWCLBPZGFW_human_DELIM-BRPYCODBPDKWCLBPZGFW_USA_DELIM-BRPYCODBPDKWCLBPZGFW_911_38_DELIM-BRPYCODBPDKWCLBPZGFW_1991_DELIM-BRPYCODBPDKWCLBPZGFW_1991 but kept for subsequent analysis
NOTE: oc43_DELIM-BRPYCODBPDKWCLBPZGFW_MN306036_DELIM-BRPYCODBPDKWCLBPZGFW_HCoV_OC43_DELIM-BRPYCODBPDKWCLBPZGFW_Seattle_DELIM-BRPYCODBPDKWCLBPZGFW_USA_DELIM-BRPYCODBPDKWCLBPZGFW_SC0682_DELIM-BRPYCODBPDKWCLBPZGFW_2019_DELIM-BRPYCODBPDKWCLBPZGFW_2019 is identical to oc43_DELIM-BRPYCODBPDKWCLBPZGFW_MF374984_DELIM-BRPYCODBPDKWCLBPZGFW_HCoV_OC43_DELIM-BRPYCODBPDKWCLBPZGFW_USA_DELIM-BRPYCODBPDKWCLBPZGFW_TCNP_00204_DELIM-BRPYCODBPDKWCLBPZGFW_2017_DELIM-BRPYCODBPDKWCLBPZGFW_2017 but kept for subsequent analysis
NOTE: oc43_DELIM-BRPYCODBPDKWCLBPZGFW_KY983583_DELIM-BRPYCODBPDKWCLBPZGFW_HCoV_OC43_DELIM-BRPYCODBPDKWCLBPZGFW_Seattle_DELIM-BRPYCODBPDKWCLBPZGFW_USA_DELIM-BRPYCODBPDKWCLBPZGFW_SC2481_DELIM-BRPYCODBPDKWCLBPZGFW_2015_DELIM-BRPYCODBPDKWCLBPZGFW_2015 is identical to oc43_DELIM-BRPYCODBPDKWCLBPZGFW_KY684759_DELIM-BRPYCODBPDKWCLBPZGFW_HCoV_OC43_DELIM-BRPYCODBPDKWCLBPZGFW_Seattle_DELIM-BRPYCODBPDKWCLBPZGFW_USA_DELIM-BRPYCODBPDKWCLBPZGFW_SC2269_DELIM-BRPYCODBPDKWCLBPZGFW_2016_DELIM-BRPYCODBPDKWCLBPZGFW_2016 but kept for subsequent analysis
NOTE: oc43_DELIM-BRPYCODBPDKWCLBPZGFW_KF530070_DELIM-BRPYCODBPDKWCLBPZGFW_OC43_DELIM-BRPYCODBPDKWCLBPZGFW_human_DELIM-BRPYCODBPDKWCLBPZGFW_USA_DELIM-BRPYCODBPDKWCLBPZGFW_991_19_DELIM-BRPYCODBPDKWCLBPZGFW_1999_DELIM-BRPYCODBPDKWCLBPZGFW_1999 is identical to oc43_DELIM-BRPYCODBPDKWCLBPZGFW_KF530068_DELIM-BRPYCODBPDKWCLBPZGFW_OC43_DELIM-BRPYCODBPDKWCLBPZGFW_human_DELIM-BRPYCODBPDKWCLBPZGFW_USA_DELIM-BRPYCODBPDKWCLBPZGFW_007_11_DELIM-BRPYCODBPDKWCLBPZGFW_2000_DELIM-BRPYCODBPDKWCLBPZGFW_2000 but kept for subsequent analysis
Checking for duplicate sequences: done in 0.000301838 secs using 83.49% CPU
Identifying sites to remove: done in 0.000771046 secs using 98.96% CPU
NOTE: 8 identical sequences (see below) will be ignored for subsequent analysis
NOTE: oc43_DELIM-BRPYCODBPDKWCLBPZGFW_MN306041_DELIM-BRPYCODBPDKWCLBPZGFW_HCoV_OC43_DELIM-BRPYCODBPDKWCLBPZGFW_Seattle_DELIM-BRPYCODBPDKWCLBPZGFW_USA_DELIM-BRPYCODBPDKWCLBPZGFW_SC0810_DELIM-BRPYCODBPDKWCLBPZGFW_2019_DELIM-BRPYCODBPDKWCLBPZGFW_2019 (identical to oc43_DELIM-BRPYCODBPDKWCLBPZGFW_MF374984_DELIM-BRPYCODBPDKWCLBPZGFW_HCoV_OC43_DELIM-BRPYCODBPDKWCLBPZGFW_USA_DELIM-BRPYCODBPDKWCLBPZGFW_TCNP_00204_DELIM-BRPYCODBPDKWCLBPZGFW_2017_DELIM-BRPYCODBPDKWCLBPZGFW_2017) is ignored but added at the end
NOTE: oc43_DELIM-BRPYCODBPDKWCLBPZGFW_MN306042_DELIM-BRPYCODBPDKWCLBPZGFW_HCoV_OC43_DELIM-BRPYCODBPDKWCLBPZGFW_Seattle_DELIM-BRPYCODBPDKWCLBPZGFW_USA_DELIM-BRPYCODBPDKWCLBPZGFW_SC0839_DELIM-BRPYCODBPDKWCLBPZGFW_2019_DELIM-BRPYCODBPDKWCLBPZGFW_2019 (identical to oc43_DELIM-BRPYCODBPDKWCLBPZGFW_MF374984_DELIM-BRPYCODBPDKWCLBPZGFW_HCoV_OC43_DELIM-BRPYCODBPDKWCLBPZGFW_USA_DELIM-BRPYCODBPDKWCLBPZGFW_TCNP_00204_DELIM-BRPYCODBPDKWCLBPZGFW_2017_DELIM-BRPYCODBPDKWCLBPZGFW_2017) is ignored but added at the end
NOTE: oc43_DELIM-BRPYCODBPDKWCLBPZGFW_KY967361_DELIM-BRPYCODBPDKWCLBPZGFW_HCoV_OC43_DELIM-BRPYCODBPDKWCLBPZGFW_Seattle_DELIM-BRPYCODBPDKWCLBPZGFW_USA_DELIM-BRPYCODBPDKWCLBPZGFW_SC2345_DELIM-BRPYCODBPDKWCLBPZGFW_2015_DELIM-BRPYCODBPDKWCLBPZGFW_2015 (identical to oc43_DELIM-BRPYCODBPDKWCLBPZGFW_MF374984_DELIM-BRPYCODBPDKWCLBPZGFW_HCoV_OC43_DELIM-BRPYCODBPDKWCLBPZGFW_USA_DELIM-BRPYCODBPDKWCLBPZGFW_TCNP_00204_DELIM-BRPYCODBPDKWCLBPZGFW_2017_DELIM-BRPYCODBPDKWCLBPZGFW_2017) is ignored but added at the end
NOTE: oc43_DELIM-BRPYCODBPDKWCLBPZGFW_KY983588_DELIM-BRPYCODBPDKWCLBPZGFW_HCoV_OC43_DELIM-BRPYCODBPDKWCLBPZGFW_Seattle_DELIM-BRPYCODBPDKWCLBPZGFW_USA_DELIM-BRPYCODBPDKWCLBPZGFW_SC3118_DELIM-BRPYCODBPDKWCLBPZGFW_2015_DELIM-BRPYCODBPDKWCLBPZGFW_2015 (identical to oc43_DELIM-BRPYCODBPDKWCLBPZGFW_MF374984_DELIM-BRPYCODBPDKWCLBPZGFW_HCoV_OC43_DELIM-BRPYCODBPDKWCLBPZGFW_USA_DELIM-BRPYCODBPDKWCLBPZGFW_TCNP_00204_DELIM-BRPYCODBPDKWCLBPZGFW_2017_DELIM-BRPYCODBPDKWCLBPZGFW_2017) is ignored but added at the end
NOTE: oc43_DELIM-BRPYCODBPDKWCLBPZGFW_KY369905_DELIM-BRPYCODBPDKWCLBPZGFW_HCoV_OC43_DELIM-BRPYCODBPDKWCLBPZGFW_Seattle_DELIM-BRPYCODBPDKWCLBPZGFW_USA_DELIM-BRPYCODBPDKWCLBPZGFW_SC831_DELIM-BRPYCODBPDKWCLBPZGFW_2016_DELIM-BRPYCODBPDKWCLBPZGFW_2016 (identical to oc43_DELIM-BRPYCODBPDKWCLBPZGFW_MF374984_DELIM-BRPYCODBPDKWCLBPZGFW_HCoV_OC43_DELIM-BRPYCODBPDKWCLBPZGFW_USA_DELIM-BRPYCODBPDKWCLBPZGFW_TCNP_00204_DELIM-BRPYCODBPDKWCLBPZGFW_2017_DELIM-BRPYCODBPDKWCLBPZGFW_2017) is ignored but added at the end
NOTE: oc43_DELIM-BRPYCODBPDKWCLBPZGFW_MN306053_DELIM-BRPYCODBPDKWCLBPZGFW_HCoV_OC43_DELIM-BRPYCODBPDKWCLBPZGFW_Seattle_DELIM-BRPYCODBPDKWCLBPZGFW_USA_DELIM-BRPYCODBPDKWCLBPZGFW_SC9430_DELIM-BRPYCODBPDKWCLBPZGFW_2018_DELIM-BRPYCODBPDKWCLBPZGFW_2019 (identical to oc43_DELIM-BRPYCODBPDKWCLBPZGFW_MF374984_DELIM-BRPYCODBPDKWCLBPZGFW_HCoV_OC43_DELIM-BRPYCODBPDKWCLBPZGFW_USA_DELIM-BRPYCODBPDKWCLBPZGFW_TCNP_00204_DELIM-BRPYCODBPDKWCLBPZGFW_2017_DELIM-BRPYCODBPDKWCLBPZGFW_2017) is ignored but added at the end
NOTE: oc43_DELIM-BRPYCODBPDKWCLBPZGFW_KY369907_DELIM-BRPYCODBPDKWCLBPZGFW_HCoV_OC43_DELIM-BRPYCODBPDKWCLBPZGFW_Seattle_DELIM-BRPYCODBPDKWCLBPZGFW_USA_DELIM-BRPYCODBPDKWCLBPZGFW_SC9741_DELIM-BRPYCODBPDKWCLBPZGFW_2016_DELIM-BRPYCODBPDKWCLBPZGFW_2016 (identical to oc43_DELIM-BRPYCODBPDKWCLBPZGFW_MF374984_DELIM-BRPYCODBPDKWCLBPZGFW_HCoV_OC43_DELIM-BRPYCODBPDKWCLBPZGFW_USA_DELIM-BRPYCODBPDKWCLBPZGFW_TCNP_00204_DELIM-BRPYCODBPDKWCLBPZGFW_2017_DELIM-BRPYCODBPDKWCLBPZGFW_2017) is ignored but added at the end
NOTE: oc43_DELIM-BRPYCODBPDKWCLBPZGFW_KF530081_DELIM-BRPYCODBPDKWCLBPZGFW_OC43_DELIM-BRPYCODBPDKWCLBPZGFW_human_DELIM-BRPYCODBPDKWCLBPZGFW_USA_DELIM-BRPYCODBPDKWCLBPZGFW_991_5_DELIM-BRPYCODBPDKWCLBPZGFW_1999_DELIM-BRPYCODBPDKWCLBPZGFW_1999 (identical to oc43_DELIM-BRPYCODBPDKWCLBPZGFW_KF530068_DELIM-BRPYCODBPDKWCLBPZGFW_OC43_DELIM-BRPYCODBPDKWCLBPZGFW_human_DELIM-BRPYCODBPDKWCLBPZGFW_USA_DELIM-BRPYCODBPDKWCLBPZGFW_007_11_DELIM-BRPYCODBPDKWCLBPZGFW_2000_DELIM-BRPYCODBPDKWCLBPZGFW_2000) is ignored but added at the end
Alignment was printed to results/aligned_oc43_a_nucleocapsid-delim.fasta.uniqueseq.phy

For your convenience alignment with unique sequences printed to results/aligned_oc43_a_nucleocapsid-delim.fasta.uniqueseq.phy

Create initial parsimony tree by phylogenetic likelihood library (PLL)... 0.001 seconds

NOTE: 0 MB RAM (0 GB) is required!
Estimate model parameters (epsilon = 0.500)
1. Initial log-likelihood: -3701.947
2. Current log-likelihood: -3581.362
3. Current log-likelihood: -3572.805
Optimal log-likelihood: -3572.588
Rate parameters:  A-C: 0.45703  A-G: 1.85890  A-T: 0.25644  C-G: 0.05931  C-T: 3.60168  G-T: 1.00000
Base frequencies:  A: 0.299  C: 0.222  G: 0.240  T: 0.239
Parameters optimization took 3 rounds (0.014 sec)
Wrote distance file to... 
Computing ML distances based on estimated model parameters...
Calculating distance matrix: done in 0.00183916 secs using 89.82% CPU
Computing ML distances took 0.001895 sec (of wall-clock time) 0.001690 sec (of CPU time)
Setting up auxiliary I and S matrices: done in 5.00679e-05 secs using 133.8% CPU
Constructing RapidNJ tree: done in 0.000106096 secs using 168.7% CPU
Computing RapidNJ tree took 0.000190 sec (of wall-clock time) 0.000300 sec (of CPU time)
Log-likelihood of RapidNJ tree: -2450.093
--------------------------------------------------------------------
|             INITIALIZING CANDIDATE TREE SET                      |
--------------------------------------------------------------------

Do NNI search on 2 best initial trees
Optimizing NNI: done in 0.00156307 secs using 98.14% CPU
BETTER TREE FOUND at iteration 1: -2450.093
Optimizing NNI: done in 0.032464 secs using 99.71% CPU
Finish initializing candidate tree set (4)
Current best tree score: -2450.093 / CPU time: 0.036
Number of iterations: 2
TREE SEARCH COMPLETED AFTER 2 ITERATIONS / Time: 0h:0m:0s

--------------------------------------------------------------------
|                    FINALIZING TREE SEARCH                        |
--------------------------------------------------------------------
Performs final model parameters optimization
Estimate model parameters (epsilon = 0.050)
1. Initial log-likelihood: -2450.093
2. Current log-likelihood: -2448.669
Optimal log-likelihood: -2448.669
Rate parameters:  A-C: 0.48871  A-G: 2.94027  A-T: 0.22511  C-G: 0.15132  C-T: 5.63808  G-T: 1.00000
Base frequencies:  A: 0.299  C: 0.222  G: 0.240  T: 0.239
Parameters optimization took 2 rounds (0.006 sec)
BEST SCORE FOUND : -2448.669
Total tree length: 0.057

Total number of iterations: 2
CPU time used for tree search: 0.036 sec (0h:0m:0s)
Wall-clock time used for tree search: 0.036 sec (0h:0m:0s)
Total CPU time used: 0.063 sec (0h:0m:0s)
Total wall-clock time used: 0.073 sec (0h:0m:0s)

Analysis results written to: 
  IQ-TREE report:                results/aligned_oc43_a_nucleocapsid-delim.fasta.iqtree
  Maximum-likelihood tree:       results/aligned_oc43_a_nucleocapsid-delim.fasta.treefile
  Likelihood distances:          results/aligned_oc43_a_nucleocapsid-delim.fasta.mldist
  Screen log file:               results/aligned_oc43_a_nucleocapsid-delim.fasta.log

Date and Time: Fri May 13 12:31:59 2022
