IQ-TREE multicore version 2.2.0-beta COVID-edition for Mac OS X 64-bit built Mar  3 2022 built Mar  3 2022
Developed by Bui Quang Minh, James Barbetti, Nguyen Lam Tung,
Olga Chernomor, Heiko Schmidt, Dominik Schrempf, Michael Woodhams, Ly Trong Nhan.

Host:    macbook-pro-2.fhcrc.org (SSE4.2, 8 GB RAM)
Command: iqtree2 -nt 1 -s results/aligned_oc43_b_he-delim.fasta -m GTR -ninit 2 -n 2 -me 0.05
Seed:    347965 (Using SPRNG - Scalable Parallel Random Number Generator)
Time:    Fri May 13 12:36:55 2022
Kernel:  SSE2 - 1 threads (8 CPU cores detected)

HINT: Use -nt option to specify number of threads because your CPU has 8 cores!
HINT: -nt AUTO will automatically determine the best number of threads to use.

Reading alignment file results/aligned_oc43_b_he-delim.fasta ... Fasta format detected
Reading fasta file: done in 0.00105596 secs using 49.34% CPU
Alignment most likely contains DNA/RNA sequences
Constructing alignment: done in 0.000799894 secs using 70.26% CPU
Alignment has 22 sequences with 1275 columns, 35 distinct patterns
13 parsimony-informative, 13 singleton sites, 1249 constant sites
                                                                                                                                                                                                                                             Gap/Ambiguity  Composition  p-value
Analyzing sequences: done in 1.00136e-05 secs using 59.92% CPU
   1  oc43_DELIM-JLDHHURCLCWFJOOFMXBD_KF530092_DELIM-JLDHHURCLCWFJOOFMXBD_OC43_DELIM-JLDHHURCLCWFJOOFMXBD_human_DELIM-JLDHHURCLCWFJOOFMXBD_USA_DELIM-JLDHHURCLCWFJOOFMXBD_008_5_DELIM-JLDHHURCLCWFJOOFMXBD_2000_DELIM-JLDHHURCLCWFJOOFMXBD_2000      0.00%    passed     99.84%
   2  oc43_DELIM-JLDHHURCLCWFJOOFMXBD_KF530078_DELIM-JLDHHURCLCWFJOOFMXBD_OC43_DELIM-JLDHHURCLCWFJOOFMXBD_human_DELIM-JLDHHURCLCWFJOOFMXBD_USA_DELIM-JLDHHURCLCWFJOOFMXBD_9612_29_DELIM-JLDHHURCLCWFJOOFMXBD_1996_DELIM-JLDHHURCLCWFJOOFMXBD_1996    0.00%    passed     99.92%
   3  oc43_DELIM-JLDHHURCLCWFJOOFMXBD_KF530064_DELIM-JLDHHURCLCWFJOOFMXBD_OC43_DELIM-JLDHHURCLCWFJOOFMXBD_human_DELIM-JLDHHURCLCWFJOOFMXBD_USA_DELIM-JLDHHURCLCWFJOOFMXBD_9612_9_DELIM-JLDHHURCLCWFJOOFMXBD_1996_DELIM-JLDHHURCLCWFJOOFMXBD_1996     0.00%    passed     99.92%
   4  oc43_DELIM-JLDHHURCLCWFJOOFMXBD_KF530072_DELIM-JLDHHURCLCWFJOOFMXBD_OC43_DELIM-JLDHHURCLCWFJOOFMXBD_human_DELIM-JLDHHURCLCWFJOOFMXBD_USA_DELIM-JLDHHURCLCWFJOOFMXBD_9712_13_DELIM-JLDHHURCLCWFJOOFMXBD_1997_DELIM-JLDHHURCLCWFJOOFMXBD_1997    0.00%    passed     99.75%
   5  oc43_DELIM-JLDHHURCLCWFJOOFMXBD_KF530080_DELIM-JLDHHURCLCWFJOOFMXBD_OC43_DELIM-JLDHHURCLCWFJOOFMXBD_human_DELIM-JLDHHURCLCWFJOOFMXBD_USA_DELIM-JLDHHURCLCWFJOOFMXBD_9712_31_DELIM-JLDHHURCLCWFJOOFMXBD_1997_DELIM-JLDHHURCLCWFJOOFMXBD_1997    0.00%    passed     99.75%
   6  oc43_DELIM-JLDHHURCLCWFJOOFMXBD_KF530097_DELIM-JLDHHURCLCWFJOOFMXBD_OC43_DELIM-JLDHHURCLCWFJOOFMXBD_human_DELIM-JLDHHURCLCWFJOOFMXBD_USA_DELIM-JLDHHURCLCWFJOOFMXBD_9211_43_DELIM-JLDHHURCLCWFJOOFMXBD_1992_DELIM-JLDHHURCLCWFJOOFMXBD_1992    0.00%    passed     99.92%
   7  oc43_DELIM-JLDHHURCLCWFJOOFMXBD_KF530074_DELIM-JLDHHURCLCWFJOOFMXBD_OC43_DELIM-JLDHHURCLCWFJOOFMXBD_human_DELIM-JLDHHURCLCWFJOOFMXBD_USA_DELIM-JLDHHURCLCWFJOOFMXBD_9212_33_DELIM-JLDHHURCLCWFJOOFMXBD_1992_DELIM-JLDHHURCLCWFJOOFMXBD_1992    0.00%    passed     99.92%
   8  oc43_DELIM-JLDHHURCLCWFJOOFMXBD_KF530090_DELIM-JLDHHURCLCWFJOOFMXBD_OC43_DELIM-JLDHHURCLCWFJOOFMXBD_human_DELIM-JLDHHURCLCWFJOOFMXBD_USA_DELIM-JLDHHURCLCWFJOOFMXBD_931_85_DELIM-JLDHHURCLCWFJOOFMXBD_1993_DELIM-JLDHHURCLCWFJOOFMXBD_1993     0.00%    passed     99.76%
   9  oc43_DELIM-JLDHHURCLCWFJOOFMXBD_KF530059_DELIM-JLDHHURCLCWFJOOFMXBD_OC43_DELIM-JLDHHURCLCWFJOOFMXBD_human_DELIM-JLDHHURCLCWFJOOFMXBD_USA_DELIM-JLDHHURCLCWFJOOFMXBD_951_15_DELIM-JLDHHURCLCWFJOOFMXBD_1995_DELIM-JLDHHURCLCWFJOOFMXBD_1995    43.69%    passed     92.00%
  10  oc43_DELIM-JLDHHURCLCWFJOOFMXBD_KF530062_DELIM-JLDHHURCLCWFJOOFMXBD_OC43_DELIM-JLDHHURCLCWFJOOFMXBD_human_DELIM-JLDHHURCLCWFJOOFMXBD_USA_DELIM-JLDHHURCLCWFJOOFMXBD_952_23_DELIM-JLDHHURCLCWFJOOFMXBD_1995_DELIM-JLDHHURCLCWFJOOFMXBD_1995    49.80%    passed     90.31%
  11  oc43_DELIM-JLDHHURCLCWFJOOFMXBD_KF530075_DELIM-JLDHHURCLCWFJOOFMXBD_OC43_DELIM-JLDHHURCLCWFJOOFMXBD_human_DELIM-JLDHHURCLCWFJOOFMXBD_USA_DELIM-JLDHHURCLCWFJOOFMXBD_953_23_DELIM-JLDHHURCLCWFJOOFMXBD_1995_DELIM-JLDHHURCLCWFJOOFMXBD_1995     0.00%    passed     99.75%
  12  oc43_DELIM-JLDHHURCLCWFJOOFMXBD_KF530093_DELIM-JLDHHURCLCWFJOOFMXBD_OC43_DELIM-JLDHHURCLCWFJOOFMXBD_human_DELIM-JLDHHURCLCWFJOOFMXBD_USA_DELIM-JLDHHURCLCWFJOOFMXBD_832_27_DELIM-JLDHHURCLCWFJOOFMXBD_1983_DELIM-JLDHHURCLCWFJOOFMXBD_1983     0.00%    passed     99.94%
  13  oc43_DELIM-JLDHHURCLCWFJOOFMXBD_KF530085_DELIM-JLDHHURCLCWFJOOFMXBD_OC43_DELIM-JLDHHURCLCWFJOOFMXBD_human_DELIM-JLDHHURCLCWFJOOFMXBD_USA_DELIM-JLDHHURCLCWFJOOFMXBD_871_25_DELIM-JLDHHURCLCWFJOOFMXBD_1987_DELIM-JLDHHURCLCWFJOOFMXBD_1987     0.00%    passed    100.00%
  14  oc43_DELIM-JLDHHURCLCWFJOOFMXBD_KF530086_DELIM-JLDHHURCLCWFJOOFMXBD_OC43_DELIM-JLDHHURCLCWFJOOFMXBD_human_DELIM-JLDHHURCLCWFJOOFMXBD_USA_DELIM-JLDHHURCLCWFJOOFMXBD_872_5_DELIM-JLDHHURCLCWFJOOFMXBD_1987_DELIM-JLDHHURCLCWFJOOFMXBD_1987      0.00%    passed     99.87%
  15  oc43_DELIM-JLDHHURCLCWFJOOFMXBD_KF530083_DELIM-JLDHHURCLCWFJOOFMXBD_OC43_DELIM-JLDHHURCLCWFJOOFMXBD_human_DELIM-JLDHHURCLCWFJOOFMXBD_USA_DELIM-JLDHHURCLCWFJOOFMXBD_873_19_DELIM-JLDHHURCLCWFJOOFMXBD_1987_DELIM-JLDHHURCLCWFJOOFMXBD_1987     0.00%    passed     99.65%
  16  oc43_DELIM-JLDHHURCLCWFJOOFMXBD_KF530060_DELIM-JLDHHURCLCWFJOOFMXBD_OC43_DELIM-JLDHHURCLCWFJOOFMXBD_human_DELIM-JLDHHURCLCWFJOOFMXBD_USA_DELIM-JLDHHURCLCWFJOOFMXBD_851_15_DELIM-JLDHHURCLCWFJOOFMXBD_1985_DELIM-JLDHHURCLCWFJOOFMXBD_1985     0.00%    passed     99.37%
  17  oc43_DELIM-JLDHHURCLCWFJOOFMXBD_KF530077_DELIM-JLDHHURCLCWFJOOFMXBD_OC43_DELIM-JLDHHURCLCWFJOOFMXBD_human_DELIM-JLDHHURCLCWFJOOFMXBD_USA_DELIM-JLDHHURCLCWFJOOFMXBD_873_16_DELIM-JLDHHURCLCWFJOOFMXBD_1987_DELIM-JLDHHURCLCWFJOOFMXBD_1987     0.00%    passed    100.00%
  18  oc43_DELIM-JLDHHURCLCWFJOOFMXBD_KF530087_DELIM-JLDHHURCLCWFJOOFMXBD_OC43_DELIM-JLDHHURCLCWFJOOFMXBD_human_DELIM-JLDHHURCLCWFJOOFMXBD_USA_DELIM-JLDHHURCLCWFJOOFMXBD_873_6_DELIM-JLDHHURCLCWFJOOFMXBD_1987_DELIM-JLDHHURCLCWFJOOFMXBD_1987      0.00%    passed     99.94%
  19  oc43_DELIM-JLDHHURCLCWFJOOFMXBD_KF530073_DELIM-JLDHHURCLCWFJOOFMXBD_OC43_DELIM-JLDHHURCLCWFJOOFMXBD_human_DELIM-JLDHHURCLCWFJOOFMXBD_USA_DELIM-JLDHHURCLCWFJOOFMXBD_8912_37_DELIM-JLDHHURCLCWFJOOFMXBD_1989_DELIM-JLDHHURCLCWFJOOFMXBD_1989    0.00%    passed     99.97%
  20  oc43_DELIM-JLDHHURCLCWFJOOFMXBD_KF530066_DELIM-JLDHHURCLCWFJOOFMXBD_OC43_DELIM-JLDHHURCLCWFJOOFMXBD_human_DELIM-JLDHHURCLCWFJOOFMXBD_USA_DELIM-JLDHHURCLCWFJOOFMXBD_901_33_DELIM-JLDHHURCLCWFJOOFMXBD_1990_DELIM-JLDHHURCLCWFJOOFMXBD_1990     0.00%    passed     99.97%
  21  oc43_DELIM-JLDHHURCLCWFJOOFMXBD_KF530065_DELIM-JLDHHURCLCWFJOOFMXBD_OC43_DELIM-JLDHHURCLCWFJOOFMXBD_human_DELIM-JLDHHURCLCWFJOOFMXBD_USA_DELIM-JLDHHURCLCWFJOOFMXBD_901_41_DELIM-JLDHHURCLCWFJOOFMXBD_1990_DELIM-JLDHHURCLCWFJOOFMXBD_1990     0.00%    passed     99.97%
  22  oc43_DELIM-JLDHHURCLCWFJOOFMXBD_KF530061_DELIM-JLDHHURCLCWFJOOFMXBD_OC43_DELIM-JLDHHURCLCWFJOOFMXBD_human_DELIM-JLDHHURCLCWFJOOFMXBD_USA_DELIM-JLDHHURCLCWFJOOFMXBD_901_43_DELIM-JLDHHURCLCWFJOOFMXBD_1990_DELIM-JLDHHURCLCWFJOOFMXBD_1990     0.00%    passed     99.97%
****  TOTAL                                                                                                                                                                                                                                          4.25%  0 sequences failed composition chi2 test (p-value<5%; df=3)
NOTE: oc43_DELIM-JLDHHURCLCWFJOOFMXBD_KF530064_DELIM-JLDHHURCLCWFJOOFMXBD_OC43_DELIM-JLDHHURCLCWFJOOFMXBD_human_DELIM-JLDHHURCLCWFJOOFMXBD_USA_DELIM-JLDHHURCLCWFJOOFMXBD_9612_9_DELIM-JLDHHURCLCWFJOOFMXBD_1996_DELIM-JLDHHURCLCWFJOOFMXBD_1996 is identical to oc43_DELIM-JLDHHURCLCWFJOOFMXBD_KF530078_DELIM-JLDHHURCLCWFJOOFMXBD_OC43_DELIM-JLDHHURCLCWFJOOFMXBD_human_DELIM-JLDHHURCLCWFJOOFMXBD_USA_DELIM-JLDHHURCLCWFJOOFMXBD_9612_29_DELIM-JLDHHURCLCWFJOOFMXBD_1996_DELIM-JLDHHURCLCWFJOOFMXBD_1996 but kept for subsequent analysis
NOTE: oc43_DELIM-JLDHHURCLCWFJOOFMXBD_KF530080_DELIM-JLDHHURCLCWFJOOFMXBD_OC43_DELIM-JLDHHURCLCWFJOOFMXBD_human_DELIM-JLDHHURCLCWFJOOFMXBD_USA_DELIM-JLDHHURCLCWFJOOFMXBD_9712_31_DELIM-JLDHHURCLCWFJOOFMXBD_1997_DELIM-JLDHHURCLCWFJOOFMXBD_1997 is identical to oc43_DELIM-JLDHHURCLCWFJOOFMXBD_KF530072_DELIM-JLDHHURCLCWFJOOFMXBD_OC43_DELIM-JLDHHURCLCWFJOOFMXBD_human_DELIM-JLDHHURCLCWFJOOFMXBD_USA_DELIM-JLDHHURCLCWFJOOFMXBD_9712_13_DELIM-JLDHHURCLCWFJOOFMXBD_1997_DELIM-JLDHHURCLCWFJOOFMXBD_1997 but kept for subsequent analysis
NOTE: oc43_DELIM-JLDHHURCLCWFJOOFMXBD_KF530074_DELIM-JLDHHURCLCWFJOOFMXBD_OC43_DELIM-JLDHHURCLCWFJOOFMXBD_human_DELIM-JLDHHURCLCWFJOOFMXBD_USA_DELIM-JLDHHURCLCWFJOOFMXBD_9212_33_DELIM-JLDHHURCLCWFJOOFMXBD_1992_DELIM-JLDHHURCLCWFJOOFMXBD_1992 is identical to oc43_DELIM-JLDHHURCLCWFJOOFMXBD_KF530097_DELIM-JLDHHURCLCWFJOOFMXBD_OC43_DELIM-JLDHHURCLCWFJOOFMXBD_human_DELIM-JLDHHURCLCWFJOOFMXBD_USA_DELIM-JLDHHURCLCWFJOOFMXBD_9211_43_DELIM-JLDHHURCLCWFJOOFMXBD_1992_DELIM-JLDHHURCLCWFJOOFMXBD_1992 but kept for subsequent analysis
NOTE: oc43_DELIM-JLDHHURCLCWFJOOFMXBD_KF530066_DELIM-JLDHHURCLCWFJOOFMXBD_OC43_DELIM-JLDHHURCLCWFJOOFMXBD_human_DELIM-JLDHHURCLCWFJOOFMXBD_USA_DELIM-JLDHHURCLCWFJOOFMXBD_901_33_DELIM-JLDHHURCLCWFJOOFMXBD_1990_DELIM-JLDHHURCLCWFJOOFMXBD_1990 is identical to oc43_DELIM-JLDHHURCLCWFJOOFMXBD_KF530073_DELIM-JLDHHURCLCWFJOOFMXBD_OC43_DELIM-JLDHHURCLCWFJOOFMXBD_human_DELIM-JLDHHURCLCWFJOOFMXBD_USA_DELIM-JLDHHURCLCWFJOOFMXBD_8912_37_DELIM-JLDHHURCLCWFJOOFMXBD_1989_DELIM-JLDHHURCLCWFJOOFMXBD_1989 but kept for subsequent analysis
Checking for duplicate sequences: done in 0.000221968 secs using 85.15% CPU
Identifying sites to remove: done in 0.00058794 secs using 99.33% CPU
NOTE: 2 identical sequences (see below) will be ignored for subsequent analysis
NOTE: oc43_DELIM-JLDHHURCLCWFJOOFMXBD_KF530065_DELIM-JLDHHURCLCWFJOOFMXBD_OC43_DELIM-JLDHHURCLCWFJOOFMXBD_human_DELIM-JLDHHURCLCWFJOOFMXBD_USA_DELIM-JLDHHURCLCWFJOOFMXBD_901_41_DELIM-JLDHHURCLCWFJOOFMXBD_1990_DELIM-JLDHHURCLCWFJOOFMXBD_1990 (identical to oc43_DELIM-JLDHHURCLCWFJOOFMXBD_KF530073_DELIM-JLDHHURCLCWFJOOFMXBD_OC43_DELIM-JLDHHURCLCWFJOOFMXBD_human_DELIM-JLDHHURCLCWFJOOFMXBD_USA_DELIM-JLDHHURCLCWFJOOFMXBD_8912_37_DELIM-JLDHHURCLCWFJOOFMXBD_1989_DELIM-JLDHHURCLCWFJOOFMXBD_1989) is ignored but added at the end
NOTE: oc43_DELIM-JLDHHURCLCWFJOOFMXBD_KF530061_DELIM-JLDHHURCLCWFJOOFMXBD_OC43_DELIM-JLDHHURCLCWFJOOFMXBD_human_DELIM-JLDHHURCLCWFJOOFMXBD_USA_DELIM-JLDHHURCLCWFJOOFMXBD_901_43_DELIM-JLDHHURCLCWFJOOFMXBD_1990_DELIM-JLDHHURCLCWFJOOFMXBD_1990 (identical to oc43_DELIM-JLDHHURCLCWFJOOFMXBD_KF530073_DELIM-JLDHHURCLCWFJOOFMXBD_OC43_DELIM-JLDHHURCLCWFJOOFMXBD_human_DELIM-JLDHHURCLCWFJOOFMXBD_USA_DELIM-JLDHHURCLCWFJOOFMXBD_8912_37_DELIM-JLDHHURCLCWFJOOFMXBD_1989_DELIM-JLDHHURCLCWFJOOFMXBD_1989) is ignored but added at the end
Alignment was printed to results/aligned_oc43_b_he-delim.fasta.uniqueseq.phy

For your convenience alignment with unique sequences printed to results/aligned_oc43_b_he-delim.fasta.uniqueseq.phy

Create initial parsimony tree by phylogenetic likelihood library (PLL)... 0.002 seconds

NOTE: 0 MB RAM (0 GB) is required!
Estimate model parameters (epsilon = 0.500)
1. Initial log-likelihood: -2195.153
2. Current log-likelihood: -2140.813
3. Current log-likelihood: -2136.360
Optimal log-likelihood: -2136.234
Rate parameters:  A-C: 8.44024  A-G: 48.41643  A-T: 0.01424  C-G: 39.38575  C-T: 100.00000  G-T: 1.00000
Base frequencies:  A: 0.252  C: 0.166  G: 0.192  T: 0.390
Parameters optimization took 3 rounds (0.007 sec)

WARNING: Estimated model parameters are at boundary that can cause numerical instability!

Wrote distance file to... 
Computing ML distances based on estimated model parameters...
Calculating distance matrix: done in 0.00090313 secs using 60.68% CPU
Computing ML distances took 0.000978 sec (of wall-clock time) 0.000578 sec (of CPU time)
Setting up auxiliary I and S matrices: done in 8.41618e-05 secs using 140.2% CPU
Constructing RapidNJ tree: done in 8.51154e-05 secs using 137.5% CPU
Computing RapidNJ tree took 0.000263 sec (of wall-clock time) 0.000327 sec (of CPU time)
Log-likelihood of RapidNJ tree: -1898.661
--------------------------------------------------------------------
|             INITIALIZING CANDIDATE TREE SET                      |
--------------------------------------------------------------------

Do NNI search on 2 best initial trees
Optimizing NNI: done in 0.00225401 secs using 164.4% CPU
BETTER TREE FOUND at iteration 1: -1898.661
Optimizing NNI: done in 0.00759411 secs using 193.5% CPU
Finish initializing candidate tree set (4)
Current best tree score: -1898.661 / CPU time: 0.011
Number of iterations: 2
TREE SEARCH COMPLETED AFTER 2 ITERATIONS / Time: 0h:0m:0s

--------------------------------------------------------------------
|                    FINALIZING TREE SEARCH                        |
--------------------------------------------------------------------
Performs final model parameters optimization
Estimate model parameters (epsilon = 0.050)
1. Initial log-likelihood: -1898.661
2. Current log-likelihood: -1897.905
3. Current log-likelihood: -1897.731
Optimal log-likelihood: -1897.718
Rate parameters:  A-C: 7.90706  A-G: 27.07471  A-T: 0.00010  C-G: 20.35709  C-T: 100.00000  G-T: 1.00000
Base frequencies:  A: 0.252  C: 0.166  G: 0.192  T: 0.390
Parameters optimization took 3 rounds (0.004 sec)

WARNING: Estimated model parameters are at boundary that can cause numerical instability!

BEST SCORE FOUND : -1897.718
Total tree length: 0.021

Total number of iterations: 2
CPU time used for tree search: 0.021 sec (0h:0m:0s)
Wall-clock time used for tree search: 0.011 sec (0h:0m:0s)
Total CPU time used: 0.042 sec (0h:0m:0s)
Total wall-clock time used: 0.040 sec (0h:0m:0s)

Analysis results written to: 
  IQ-TREE report:                results/aligned_oc43_b_he-delim.fasta.iqtree
  Maximum-likelihood tree:       results/aligned_oc43_b_he-delim.fasta.treefile
  Likelihood distances:          results/aligned_oc43_b_he-delim.fasta.mldist
  Screen log file:               results/aligned_oc43_b_he-delim.fasta.log

Date and Time: Fri May 13 12:36:55 2022
