IQ-TREE multicore version 2.2.0-beta COVID-edition for Mac OS X 64-bit built Mar  3 2022 built Mar  3 2022
Developed by Bui Quang Minh, James Barbetti, Nguyen Lam Tung,
Olga Chernomor, Heiko Schmidt, Dominik Schrempf, Michael Woodhams, Ly Trong Nhan.

Host:    macbook-pro-2.fhcrc.org (SSE4.2, 8 GB RAM)
Command: iqtree2 -nt 1 -s results/aligned_oc43_b_replicase1ab-delim.fasta -m GTR -ninit 2 -n 2 -me 0.05
Seed:    579790 (Using SPRNG - Scalable Parallel Random Number Generator)
Time:    Fri May 13 12:38:31 2022
Kernel:  SSE2 - 1 threads (8 CPU cores detected)

HINT: Use -nt option to specify number of threads because your CPU has 8 cores!
HINT: -nt AUTO will automatically determine the best number of threads to use.

Reading alignment file results/aligned_oc43_b_replicase1ab-delim.fasta ... Fasta format detected
Reading fasta file: done in 0.00617003 secs using 94.98% CPU
Alignment most likely contains DNA/RNA sequences
Constructing alignment: done in 0.012651 secs using 71.33% CPU
Alignment has 17 sequences with 21288 columns, 82 distinct patterns
64 parsimony-informative, 44 singleton sites, 21180 constant sites
                                                                                                                                                                                                                                             Gap/Ambiguity  Composition  p-value
Analyzing sequences: done in 1.09673e-05 secs using 63.83% CPU
   1  oc43_DELIM-AJVWXEBTXUNWGTDMRNGE_KF530093_DELIM-AJVWXEBTXUNWGTDMRNGE_OC43_DELIM-AJVWXEBTXUNWGTDMRNGE_human_DELIM-AJVWXEBTXUNWGTDMRNGE_USA_DELIM-AJVWXEBTXUNWGTDMRNGE_832_27_DELIM-AJVWXEBTXUNWGTDMRNGE_1983_DELIM-AJVWXEBTXUNWGTDMRNGE_1983     2.49%    passed     99.44%
   2  oc43_DELIM-AJVWXEBTXUNWGTDMRNGE_KF530060_DELIM-AJVWXEBTXUNWGTDMRNGE_OC43_DELIM-AJVWXEBTXUNWGTDMRNGE_human_DELIM-AJVWXEBTXUNWGTDMRNGE_USA_DELIM-AJVWXEBTXUNWGTDMRNGE_851_15_DELIM-AJVWXEBTXUNWGTDMRNGE_1985_DELIM-AJVWXEBTXUNWGTDMRNGE_1985     0.00%    passed    100.00%
   3  oc43_DELIM-AJVWXEBTXUNWGTDMRNGE_KF530087_DELIM-AJVWXEBTXUNWGTDMRNGE_OC43_DELIM-AJVWXEBTXUNWGTDMRNGE_human_DELIM-AJVWXEBTXUNWGTDMRNGE_USA_DELIM-AJVWXEBTXUNWGTDMRNGE_873_6_DELIM-AJVWXEBTXUNWGTDMRNGE_1987_DELIM-AJVWXEBTXUNWGTDMRNGE_1987      0.00%    passed     99.99%
   4  oc43_DELIM-AJVWXEBTXUNWGTDMRNGE_KF530086_DELIM-AJVWXEBTXUNWGTDMRNGE_OC43_DELIM-AJVWXEBTXUNWGTDMRNGE_human_DELIM-AJVWXEBTXUNWGTDMRNGE_USA_DELIM-AJVWXEBTXUNWGTDMRNGE_872_5_DELIM-AJVWXEBTXUNWGTDMRNGE_1987_DELIM-AJVWXEBTXUNWGTDMRNGE_1987      0.00%    passed     99.99%
   5  oc43_DELIM-AJVWXEBTXUNWGTDMRNGE_KF530083_DELIM-AJVWXEBTXUNWGTDMRNGE_OC43_DELIM-AJVWXEBTXUNWGTDMRNGE_human_DELIM-AJVWXEBTXUNWGTDMRNGE_USA_DELIM-AJVWXEBTXUNWGTDMRNGE_873_19_DELIM-AJVWXEBTXUNWGTDMRNGE_1987_DELIM-AJVWXEBTXUNWGTDMRNGE_1987     0.00%    passed     99.99%
   6  oc43_DELIM-AJVWXEBTXUNWGTDMRNGE_KF530077_DELIM-AJVWXEBTXUNWGTDMRNGE_OC43_DELIM-AJVWXEBTXUNWGTDMRNGE_human_DELIM-AJVWXEBTXUNWGTDMRNGE_USA_DELIM-AJVWXEBTXUNWGTDMRNGE_873_16_DELIM-AJVWXEBTXUNWGTDMRNGE_1987_DELIM-AJVWXEBTXUNWGTDMRNGE_1987     0.00%    passed     99.99%
   7  oc43_DELIM-AJVWXEBTXUNWGTDMRNGE_KF530085_DELIM-AJVWXEBTXUNWGTDMRNGE_OC43_DELIM-AJVWXEBTXUNWGTDMRNGE_human_DELIM-AJVWXEBTXUNWGTDMRNGE_USA_DELIM-AJVWXEBTXUNWGTDMRNGE_871_25_DELIM-AJVWXEBTXUNWGTDMRNGE_1987_DELIM-AJVWXEBTXUNWGTDMRNGE_1987     0.00%    passed     99.99%
   8  oc43_DELIM-AJVWXEBTXUNWGTDMRNGE_KF530073_DELIM-AJVWXEBTXUNWGTDMRNGE_OC43_DELIM-AJVWXEBTXUNWGTDMRNGE_human_DELIM-AJVWXEBTXUNWGTDMRNGE_USA_DELIM-AJVWXEBTXUNWGTDMRNGE_8912_37_DELIM-AJVWXEBTXUNWGTDMRNGE_1989_DELIM-AJVWXEBTXUNWGTDMRNGE_1989    0.00%    passed    100.00%
   9  oc43_DELIM-AJVWXEBTXUNWGTDMRNGE_KF530066_DELIM-AJVWXEBTXUNWGTDMRNGE_OC43_DELIM-AJVWXEBTXUNWGTDMRNGE_human_DELIM-AJVWXEBTXUNWGTDMRNGE_USA_DELIM-AJVWXEBTXUNWGTDMRNGE_901_33_DELIM-AJVWXEBTXUNWGTDMRNGE_1990_DELIM-AJVWXEBTXUNWGTDMRNGE_1990     0.00%    passed     99.99%
  10  oc43_DELIM-AJVWXEBTXUNWGTDMRNGE_KF530065_DELIM-AJVWXEBTXUNWGTDMRNGE_OC43_DELIM-AJVWXEBTXUNWGTDMRNGE_human_DELIM-AJVWXEBTXUNWGTDMRNGE_USA_DELIM-AJVWXEBTXUNWGTDMRNGE_901_41_DELIM-AJVWXEBTXUNWGTDMRNGE_1990_DELIM-AJVWXEBTXUNWGTDMRNGE_1990     0.00%    passed     99.99%
  11  oc43_DELIM-AJVWXEBTXUNWGTDMRNGE_KF530061_DELIM-AJVWXEBTXUNWGTDMRNGE_OC43_DELIM-AJVWXEBTXUNWGTDMRNGE_human_DELIM-AJVWXEBTXUNWGTDMRNGE_USA_DELIM-AJVWXEBTXUNWGTDMRNGE_901_43_DELIM-AJVWXEBTXUNWGTDMRNGE_1990_DELIM-AJVWXEBTXUNWGTDMRNGE_1990     0.00%    passed     99.99%
  12  oc43_DELIM-AJVWXEBTXUNWGTDMRNGE_KF530097_DELIM-AJVWXEBTXUNWGTDMRNGE_OC43_DELIM-AJVWXEBTXUNWGTDMRNGE_human_DELIM-AJVWXEBTXUNWGTDMRNGE_USA_DELIM-AJVWXEBTXUNWGTDMRNGE_9211_43_DELIM-AJVWXEBTXUNWGTDMRNGE_1992_DELIM-AJVWXEBTXUNWGTDMRNGE_1992    0.00%    passed     99.99%
  13  oc43_DELIM-AJVWXEBTXUNWGTDMRNGE_KF530074_DELIM-AJVWXEBTXUNWGTDMRNGE_OC43_DELIM-AJVWXEBTXUNWGTDMRNGE_human_DELIM-AJVWXEBTXUNWGTDMRNGE_USA_DELIM-AJVWXEBTXUNWGTDMRNGE_9212_33_DELIM-AJVWXEBTXUNWGTDMRNGE_1992_DELIM-AJVWXEBTXUNWGTDMRNGE_1992    0.00%    passed     99.98%
  14  oc43_DELIM-AJVWXEBTXUNWGTDMRNGE_KF530090_DELIM-AJVWXEBTXUNWGTDMRNGE_OC43_DELIM-AJVWXEBTXUNWGTDMRNGE_human_DELIM-AJVWXEBTXUNWGTDMRNGE_USA_DELIM-AJVWXEBTXUNWGTDMRNGE_931_85_DELIM-AJVWXEBTXUNWGTDMRNGE_1993_DELIM-AJVWXEBTXUNWGTDMRNGE_1993     0.00%    passed     99.98%
  15  oc43_DELIM-AJVWXEBTXUNWGTDMRNGE_KF530059_DELIM-AJVWXEBTXUNWGTDMRNGE_OC43_DELIM-AJVWXEBTXUNWGTDMRNGE_human_DELIM-AJVWXEBTXUNWGTDMRNGE_USA_DELIM-AJVWXEBTXUNWGTDMRNGE_951_15_DELIM-AJVWXEBTXUNWGTDMRNGE_1995_DELIM-AJVWXEBTXUNWGTDMRNGE_1995     1.24%    passed     99.94%
  16  oc43_DELIM-AJVWXEBTXUNWGTDMRNGE_KF530062_DELIM-AJVWXEBTXUNWGTDMRNGE_OC43_DELIM-AJVWXEBTXUNWGTDMRNGE_human_DELIM-AJVWXEBTXUNWGTDMRNGE_USA_DELIM-AJVWXEBTXUNWGTDMRNGE_952_23_DELIM-AJVWXEBTXUNWGTDMRNGE_1995_DELIM-AJVWXEBTXUNWGTDMRNGE_1995     1.89%    passed     99.73%
  17  oc43_DELIM-AJVWXEBTXUNWGTDMRNGE_KF530075_DELIM-AJVWXEBTXUNWGTDMRNGE_OC43_DELIM-AJVWXEBTXUNWGTDMRNGE_human_DELIM-AJVWXEBTXUNWGTDMRNGE_USA_DELIM-AJVWXEBTXUNWGTDMRNGE_953_23_DELIM-AJVWXEBTXUNWGTDMRNGE_1995_DELIM-AJVWXEBTXUNWGTDMRNGE_1995     0.00%    passed     99.99%
****  TOTAL                                                                                                                                                                                                                                          0.33%  0 sequences failed composition chi2 test (p-value<5%; df=3)
Checking for duplicate sequences: done in 2.90871e-05 secs using 72.2% CPU

Create initial parsimony tree by phylogenetic likelihood library (PLL)... 0.001 seconds

NOTE: 0 MB RAM (0 GB) is required!
Estimate model parameters (epsilon = 0.500)
1. Initial log-likelihood: -31070.606
2. Current log-likelihood: -30847.615
Optimal log-likelihood: -30847.558
Rate parameters:  A-C: 1.41168  A-G: 2.28183  A-T: 0.48843  C-G: 0.09016  C-T: 10.23118  G-T: 1.00000
Base frequencies:  A: 0.273  C: 0.144  G: 0.221  T: 0.363
Parameters optimization took 2 rounds (0.007 sec)
Wrote distance file to... 
Computing ML distances based on estimated model parameters...
Calculating distance matrix: done in 0.00121903 secs using 42.66% CPU
Computing ML distances took 0.001306 sec (of wall-clock time) 0.000573 sec (of CPU time)
Setting up auxiliary I and S matrices: done in 3.09944e-05 secs using 77.43% CPU
Constructing RapidNJ tree: done in 4.79221e-05 secs using 116.9% CPU
Computing RapidNJ tree took 0.000132 sec (of wall-clock time) 0.000127 sec (of CPU time)
Log-likelihood of RapidNJ tree: -29470.513
--------------------------------------------------------------------
|             INITIALIZING CANDIDATE TREE SET                      |
--------------------------------------------------------------------

Do NNI search on 2 best initial trees
Optimizing NNI: done in 0.000811815 secs using 149.2% CPU
BETTER TREE FOUND at iteration 1: -29470.513
Optimizing NNI: done in 0.0101309 secs using 156.4% CPU
BETTER TREE FOUND at iteration 2: -29470.491
Finish initializing candidate tree set (4)
Current best tree score: -29470.491 / CPU time: 0.013
Number of iterations: 2
TREE SEARCH COMPLETED AFTER 2 ITERATIONS / Time: 0h:0m:0s

--------------------------------------------------------------------
|                    FINALIZING TREE SEARCH                        |
--------------------------------------------------------------------
Performs final model parameters optimization
Estimate model parameters (epsilon = 0.050)
1. Initial log-likelihood: -29470.491
2. Current log-likelihood: -29469.841
Optimal log-likelihood: -29469.826
Rate parameters:  A-C: 1.36783  A-G: 2.67323  A-T: 0.42233  C-G: 0.22813  C-T: 9.99423  G-T: 1.00000
Base frequencies:  A: 0.273  C: 0.144  G: 0.221  T: 0.363
Parameters optimization took 2 rounds (0.001 sec)
BEST SCORE FOUND : -29469.826
Total tree length: 0.005

Total number of iterations: 2
CPU time used for tree search: 0.019 sec (0h:0m:0s)
Wall-clock time used for tree search: 0.013 sec (0h:0m:0s)
Total CPU time used: 0.036 sec (0h:0m:0s)
Total wall-clock time used: 0.043 sec (0h:0m:0s)

Analysis results written to: 
  IQ-TREE report:                results/aligned_oc43_b_replicase1ab-delim.fasta.iqtree
  Maximum-likelihood tree:       results/aligned_oc43_b_replicase1ab-delim.fasta.treefile
  Likelihood distances:          results/aligned_oc43_b_replicase1ab-delim.fasta.mldist
  Screen log file:               results/aligned_oc43_b_replicase1ab-delim.fasta.log

Date and Time: Fri May 13 12:38:31 2022
