IQ-TREE multicore version 2.2.0-beta COVID-edition for Mac OS X 64-bit built Mar  3 2022 built Mar  3 2022
Developed by Bui Quang Minh, James Barbetti, Nguyen Lam Tung,
Olga Chernomor, Heiko Schmidt, Dominik Schrempf, Michael Woodhams, Ly Trong Nhan.

Host:    macbook-pro-2.fhcrc.org (SSE4.2, 8 GB RAM)
Command: iqtree2 -nt 1 -s results/aligned_oc43_a_he-delim.fasta -m GTR -ninit 2 -n 2 -me 0.05
Seed:    702423 (Using SPRNG - Scalable Parallel Random Number Generator)
Time:    Fri May 13 12:32:04 2022
Kernel:  SSE2 - 1 threads (8 CPU cores detected)

HINT: Use -nt option to specify number of threads because your CPU has 8 cores!
HINT: -nt AUTO will automatically determine the best number of threads to use.

Reading alignment file results/aligned_oc43_a_he-delim.fasta ... Fasta format detected
Reading fasta file: done in 0.00117803 secs using 94.9% CPU
Alignment most likely contains DNA/RNA sequences
Constructing alignment: done in 0.00107789 secs using 81.27% CPU
Alignment has 49 sequences with 1275 columns, 78 distinct patterns
37 parsimony-informative, 45 singleton sites, 1193 constant sites
                                                                                                                                                                                                                                                   Gap/Ambiguity  Composition  p-value
Analyzing sequences: done in 1.09673e-05 secs using 82.06% CPU
   1  oc43_DELIM-JHOSZPAULYPFPPBIAMMM_KF530088_DELIM-JHOSZPAULYPFPPBIAMMM_OC43_DELIM-JHOSZPAULYPFPPBIAMMM_human_DELIM-JHOSZPAULYPFPPBIAMMM_USA_DELIM-JHOSZPAULYPFPPBIAMMM_901_54_DELIM-JHOSZPAULYPFPPBIAMMM_1990_DELIM-JHOSZPAULYPFPPBIAMMM_1990           0.00%    passed     99.93%
   2  oc43_DELIM-JHOSZPAULYPFPPBIAMMM_KF530091_DELIM-JHOSZPAULYPFPPBIAMMM_OC43_DELIM-JHOSZPAULYPFPPBIAMMM_human_DELIM-JHOSZPAULYPFPPBIAMMM_USA_DELIM-JHOSZPAULYPFPPBIAMMM_911_58_DELIM-JHOSZPAULYPFPPBIAMMM_1991_DELIM-JHOSZPAULYPFPPBIAMMM_1991           0.00%    passed     99.84%
   3  oc43_DELIM-JHOSZPAULYPFPPBIAMMM_KF530071_DELIM-JHOSZPAULYPFPPBIAMMM_OC43_DELIM-JHOSZPAULYPFPPBIAMMM_human_DELIM-JHOSZPAULYPFPPBIAMMM_USA_DELIM-JHOSZPAULYPFPPBIAMMM_925_1_DELIM-JHOSZPAULYPFPPBIAMMM_1992_DELIM-JHOSZPAULYPFPPBIAMMM_1992            0.00%    passed     99.84%
   4  oc43_DELIM-JHOSZPAULYPFPPBIAMMM_KF530076_DELIM-JHOSZPAULYPFPPBIAMMM_OC43_DELIM-JHOSZPAULYPFPPBIAMMM_human_DELIM-JHOSZPAULYPFPPBIAMMM_USA_DELIM-JHOSZPAULYPFPPBIAMMM_911_11_DELIM-JHOSZPAULYPFPPBIAMMM_1991_DELIM-JHOSZPAULYPFPPBIAMMM_1991           0.00%    passed     99.93%
   5  oc43_DELIM-JHOSZPAULYPFPPBIAMMM_KF530096_DELIM-JHOSZPAULYPFPPBIAMMM_OC43_DELIM-JHOSZPAULYPFPPBIAMMM_human_DELIM-JHOSZPAULYPFPPBIAMMM_USA_DELIM-JHOSZPAULYPFPPBIAMMM_911_38_DELIM-JHOSZPAULYPFPPBIAMMM_1991_DELIM-JHOSZPAULYPFPPBIAMMM_1991           0.00%    passed     99.59%
   6  oc43_DELIM-JHOSZPAULYPFPPBIAMMM_KF530095_DELIM-JHOSZPAULYPFPPBIAMMM_OC43_DELIM-JHOSZPAULYPFPPBIAMMM_human_DELIM-JHOSZPAULYPFPPBIAMMM_USA_DELIM-JHOSZPAULYPFPPBIAMMM_912_6_DELIM-JHOSZPAULYPFPPBIAMMM_1991_DELIM-JHOSZPAULYPFPPBIAMMM_1991            0.00%    passed     99.72%
   7  oc43_DELIM-JHOSZPAULYPFPPBIAMMM_KF530089_DELIM-JHOSZPAULYPFPPBIAMMM_OC43_DELIM-JHOSZPAULYPFPPBIAMMM_human_DELIM-JHOSZPAULYPFPPBIAMMM_USA_DELIM-JHOSZPAULYPFPPBIAMMM_911_66_DELIM-JHOSZPAULYPFPPBIAMMM_1991_DELIM-JHOSZPAULYPFPPBIAMMM_1991           0.00%    passed     99.52%
   8  oc43_DELIM-JHOSZPAULYPFPPBIAMMM_KF530082_DELIM-JHOSZPAULYPFPPBIAMMM_OC43_DELIM-JHOSZPAULYPFPPBIAMMM_human_DELIM-JHOSZPAULYPFPPBIAMMM_USA_DELIM-JHOSZPAULYPFPPBIAMMM_912_11_DELIM-JHOSZPAULYPFPPBIAMMM_1991_DELIM-JHOSZPAULYPFPPBIAMMM_1991           0.00%    passed     99.52%
   9  oc43_DELIM-JHOSZPAULYPFPPBIAMMM_KF530094_DELIM-JHOSZPAULYPFPPBIAMMM_OC43_DELIM-JHOSZPAULYPFPPBIAMMM_human_DELIM-JHOSZPAULYPFPPBIAMMM_USA_DELIM-JHOSZPAULYPFPPBIAMMM_912_36_DELIM-JHOSZPAULYPFPPBIAMMM_1991_DELIM-JHOSZPAULYPFPPBIAMMM_1991           0.00%    passed     99.52%
  10  oc43_DELIM-JHOSZPAULYPFPPBIAMMM_KF530079_DELIM-JHOSZPAULYPFPPBIAMMM_OC43_DELIM-JHOSZPAULYPFPPBIAMMM_human_DELIM-JHOSZPAULYPFPPBIAMMM_USA_DELIM-JHOSZPAULYPFPPBIAMMM_913_29_DELIM-JHOSZPAULYPFPPBIAMMM_1991_DELIM-JHOSZPAULYPFPPBIAMMM_1991           0.00%    passed     99.72%
  11  oc43_DELIM-JHOSZPAULYPFPPBIAMMM_KF530067_DELIM-JHOSZPAULYPFPPBIAMMM_OC43_DELIM-JHOSZPAULYPFPPBIAMMM_human_DELIM-JHOSZPAULYPFPPBIAMMM_USA_DELIM-JHOSZPAULYPFPPBIAMMM_912_10_DELIM-JHOSZPAULYPFPPBIAMMM_1991_DELIM-JHOSZPAULYPFPPBIAMMM_1991           0.00%    passed     98.48%
  12  oc43_DELIM-JHOSZPAULYPFPPBIAMMM_MH121121_DELIM-JHOSZPAULYPFPPBIAMMM_HCoV_OC43_DELIM-JHOSZPAULYPFPPBIAMMM_USA_DELIM-JHOSZPAULYPFPPBIAMMM_ACRI_0213_DELIM-JHOSZPAULYPFPPBIAMMM_2016_DELIM-JHOSZPAULYPFPPBIAMMM_2016                                    0.24%    passed     99.83%
  13  oc43_DELIM-JHOSZPAULYPFPPBIAMMM_MF374984_DELIM-JHOSZPAULYPFPPBIAMMM_HCoV_OC43_DELIM-JHOSZPAULYPFPPBIAMMM_USA_DELIM-JHOSZPAULYPFPPBIAMMM_TCNP_00204_DELIM-JHOSZPAULYPFPPBIAMMM_2017_DELIM-JHOSZPAULYPFPPBIAMMM_2017                                   0.24%    passed     99.83%
  14  oc43_DELIM-JHOSZPAULYPFPPBIAMMM_KY684759_DELIM-JHOSZPAULYPFPPBIAMMM_HCoV_OC43_DELIM-JHOSZPAULYPFPPBIAMMM_Seattle_DELIM-JHOSZPAULYPFPPBIAMMM_USA_DELIM-JHOSZPAULYPFPPBIAMMM_SC2269_DELIM-JHOSZPAULYPFPPBIAMMM_2016_DELIM-JHOSZPAULYPFPPBIAMMM_2016    0.24%    passed     99.83%
  15  oc43_DELIM-JHOSZPAULYPFPPBIAMMM_KY983583_DELIM-JHOSZPAULYPFPPBIAMMM_HCoV_OC43_DELIM-JHOSZPAULYPFPPBIAMMM_Seattle_DELIM-JHOSZPAULYPFPPBIAMMM_USA_DELIM-JHOSZPAULYPFPPBIAMMM_SC2481_DELIM-JHOSZPAULYPFPPBIAMMM_2015_DELIM-JHOSZPAULYPFPPBIAMMM_2015    0.24%    passed     99.83%
  16  oc43_DELIM-JHOSZPAULYPFPPBIAMMM_KY967359_DELIM-JHOSZPAULYPFPPBIAMMM_HCoV_OC43_DELIM-JHOSZPAULYPFPPBIAMMM_Seattle_DELIM-JHOSZPAULYPFPPBIAMMM_USA_DELIM-JHOSZPAULYPFPPBIAMMM_SC2730_DELIM-JHOSZPAULYPFPPBIAMMM_2015_DELIM-JHOSZPAULYPFPPBIAMMM_2015    0.24%    passed     99.83%
  17  oc43_DELIM-JHOSZPAULYPFPPBIAMMM_KY983585_DELIM-JHOSZPAULYPFPPBIAMMM_HCoV_OC43_DELIM-JHOSZPAULYPFPPBIAMMM_Seattle_DELIM-JHOSZPAULYPFPPBIAMMM_USA_DELIM-JHOSZPAULYPFPPBIAMMM_SC2854_DELIM-JHOSZPAULYPFPPBIAMMM_2015_DELIM-JHOSZPAULYPFPPBIAMMM_2015    0.24%    passed     99.83%
  18  oc43_DELIM-JHOSZPAULYPFPPBIAMMM_KY983588_DELIM-JHOSZPAULYPFPPBIAMMM_HCoV_OC43_DELIM-JHOSZPAULYPFPPBIAMMM_Seattle_DELIM-JHOSZPAULYPFPPBIAMMM_USA_DELIM-JHOSZPAULYPFPPBIAMMM_SC3118_DELIM-JHOSZPAULYPFPPBIAMMM_2015_DELIM-JHOSZPAULYPFPPBIAMMM_2015    0.24%    passed     99.83%
  19  oc43_DELIM-JHOSZPAULYPFPPBIAMMM_KY369906_DELIM-JHOSZPAULYPFPPBIAMMM_HCoV_OC43_DELIM-JHOSZPAULYPFPPBIAMMM_Seattle_DELIM-JHOSZPAULYPFPPBIAMMM_USA_DELIM-JHOSZPAULYPFPPBIAMMM_SC622_DELIM-JHOSZPAULYPFPPBIAMMM_2016_DELIM-JHOSZPAULYPFPPBIAMMM_2016     0.24%    passed     99.83%
  20  oc43_DELIM-JHOSZPAULYPFPPBIAMMM_KY369905_DELIM-JHOSZPAULYPFPPBIAMMM_HCoV_OC43_DELIM-JHOSZPAULYPFPPBIAMMM_Seattle_DELIM-JHOSZPAULYPFPPBIAMMM_USA_DELIM-JHOSZPAULYPFPPBIAMMM_SC831_DELIM-JHOSZPAULYPFPPBIAMMM_2016_DELIM-JHOSZPAULYPFPPBIAMMM_2016     0.24%    passed     99.83%
  21  oc43_DELIM-JHOSZPAULYPFPPBIAMMM_MF374985_DELIM-JHOSZPAULYPFPPBIAMMM_HCoV_OC43_DELIM-JHOSZPAULYPFPPBIAMMM_USA_DELIM-JHOSZPAULYPFPPBIAMMM_TCNP_00212_DELIM-JHOSZPAULYPFPPBIAMMM_2017_DELIM-JHOSZPAULYPFPPBIAMMM_2017                                   0.24%    passed     99.70%
  22  oc43_DELIM-JHOSZPAULYPFPPBIAMMM_KY369907_DELIM-JHOSZPAULYPFPPBIAMMM_HCoV_OC43_DELIM-JHOSZPAULYPFPPBIAMMM_Seattle_DELIM-JHOSZPAULYPFPPBIAMMM_USA_DELIM-JHOSZPAULYPFPPBIAMMM_SC9741_DELIM-JHOSZPAULYPFPPBIAMMM_2016_DELIM-JHOSZPAULYPFPPBIAMMM_2016    0.24%    passed     99.70%
  23  oc43_DELIM-JHOSZPAULYPFPPBIAMMM_KY967361_DELIM-JHOSZPAULYPFPPBIAMMM_HCoV_OC43_DELIM-JHOSZPAULYPFPPBIAMMM_Seattle_DELIM-JHOSZPAULYPFPPBIAMMM_USA_DELIM-JHOSZPAULYPFPPBIAMMM_SC2345_DELIM-JHOSZPAULYPFPPBIAMMM_2015_DELIM-JHOSZPAULYPFPPBIAMMM_2015    0.24%    passed     99.96%
  24  oc43_DELIM-JHOSZPAULYPFPPBIAMMM_MN310478_DELIM-JHOSZPAULYPFPPBIAMMM_HCoV_OC43_DELIM-JHOSZPAULYPFPPBIAMMM_Seattle_DELIM-JHOSZPAULYPFPPBIAMMM_USA_DELIM-JHOSZPAULYPFPPBIAMMM_SC0776_DELIM-JHOSZPAULYPFPPBIAMMM_2019_DELIM-JHOSZPAULYPFPPBIAMMM_2019    0.24%    passed     99.83%
  25  oc43_DELIM-JHOSZPAULYPFPPBIAMMM_MN306042_DELIM-JHOSZPAULYPFPPBIAMMM_HCoV_OC43_DELIM-JHOSZPAULYPFPPBIAMMM_Seattle_DELIM-JHOSZPAULYPFPPBIAMMM_USA_DELIM-JHOSZPAULYPFPPBIAMMM_SC0839_DELIM-JHOSZPAULYPFPPBIAMMM_2019_DELIM-JHOSZPAULYPFPPBIAMMM_2019    0.24%    passed     99.51%
  26  oc43_DELIM-JHOSZPAULYPFPPBIAMMM_MN306041_DELIM-JHOSZPAULYPFPPBIAMMM_HCoV_OC43_DELIM-JHOSZPAULYPFPPBIAMMM_Seattle_DELIM-JHOSZPAULYPFPPBIAMMM_USA_DELIM-JHOSZPAULYPFPPBIAMMM_SC0810_DELIM-JHOSZPAULYPFPPBIAMMM_2019_DELIM-JHOSZPAULYPFPPBIAMMM_2019    0.24%    passed     98.93%
  27  oc43_DELIM-JHOSZPAULYPFPPBIAMMM_MF374983_DELIM-JHOSZPAULYPFPPBIAMMM_HCoV_OC43_DELIM-JHOSZPAULYPFPPBIAMMM_USA_DELIM-JHOSZPAULYPFPPBIAMMM_TCNP_0070_DELIM-JHOSZPAULYPFPPBIAMMM_2016_DELIM-JHOSZPAULYPFPPBIAMMM_2016                                    0.24%    passed     98.93%
  28  oc43_DELIM-JHOSZPAULYPFPPBIAMMM_KY967358_DELIM-JHOSZPAULYPFPPBIAMMM_HCoV_OC43_DELIM-JHOSZPAULYPFPPBIAMMM_Seattle_DELIM-JHOSZPAULYPFPPBIAMMM_USA_DELIM-JHOSZPAULYPFPPBIAMMM_SC2770_DELIM-JHOSZPAULYPFPPBIAMMM_2015_DELIM-JHOSZPAULYPFPPBIAMMM_2015    0.24%    passed     99.65%
  29  oc43_DELIM-JHOSZPAULYPFPPBIAMMM_MN306036_DELIM-JHOSZPAULYPFPPBIAMMM_HCoV_OC43_DELIM-JHOSZPAULYPFPPBIAMMM_Seattle_DELIM-JHOSZPAULYPFPPBIAMMM_USA_DELIM-JHOSZPAULYPFPPBIAMMM_SC0682_DELIM-JHOSZPAULYPFPPBIAMMM_2019_DELIM-JHOSZPAULYPFPPBIAMMM_2019    0.24%    passed     99.22%
  30  oc43_DELIM-JHOSZPAULYPFPPBIAMMM_MN026164_DELIM-JHOSZPAULYPFPPBIAMMM_OC43_KLF_01_2018_DELIM-JHOSZPAULYPFPPBIAMMM_2018                                                                                                                                 0.24%    passed     99.84%
  31  oc43_DELIM-JHOSZPAULYPFPPBIAMMM_MN306053_DELIM-JHOSZPAULYPFPPBIAMMM_HCoV_OC43_DELIM-JHOSZPAULYPFPPBIAMMM_Seattle_DELIM-JHOSZPAULYPFPPBIAMMM_USA_DELIM-JHOSZPAULYPFPPBIAMMM_SC9430_DELIM-JHOSZPAULYPFPPBIAMMM_2018_DELIM-JHOSZPAULYPFPPBIAMMM_2019    0.24%    passed     98.74%
  32  oc43_DELIM-JHOSZPAULYPFPPBIAMMM_KY967356_DELIM-JHOSZPAULYPFPPBIAMMM_HCoV_OC43_DELIM-JHOSZPAULYPFPPBIAMMM_Seattle_DELIM-JHOSZPAULYPFPPBIAMMM_USA_DELIM-JHOSZPAULYPFPPBIAMMM_SC2924_DELIM-JHOSZPAULYPFPPBIAMMM_2015_DELIM-JHOSZPAULYPFPPBIAMMM_2015    0.24%    passed     97.88%
  33  oc43_DELIM-JHOSZPAULYPFPPBIAMMM_JN129835_DELIM-JHOSZPAULYPFPPBIAMMM_HK04_02_DELIM-JHOSZPAULYPFPPBIAMMM_2004                                                                                                                                          0.24%    passed     99.97%
  34  oc43_DELIM-JHOSZPAULYPFPPBIAMMM_JN129834_DELIM-JHOSZPAULYPFPPBIAMMM_HK04_01_DELIM-JHOSZPAULYPFPPBIAMMM_2004                                                                                                                                          0.24%    passed     99.97%
  35  oc43_DELIM-JHOSZPAULYPFPPBIAMMM_KF530068_DELIM-JHOSZPAULYPFPPBIAMMM_OC43_DELIM-JHOSZPAULYPFPPBIAMMM_human_DELIM-JHOSZPAULYPFPPBIAMMM_USA_DELIM-JHOSZPAULYPFPPBIAMMM_007_11_DELIM-JHOSZPAULYPFPPBIAMMM_2000_DELIM-JHOSZPAULYPFPPBIAMMM_2000           0.24%    passed     99.82%
  36  oc43_DELIM-JHOSZPAULYPFPPBIAMMM_KF530070_DELIM-JHOSZPAULYPFPPBIAMMM_OC43_DELIM-JHOSZPAULYPFPPBIAMMM_human_DELIM-JHOSZPAULYPFPPBIAMMM_USA_DELIM-JHOSZPAULYPFPPBIAMMM_991_19_DELIM-JHOSZPAULYPFPPBIAMMM_1999_DELIM-JHOSZPAULYPFPPBIAMMM_1999           0.24%    passed     99.82%
  37  oc43_DELIM-JHOSZPAULYPFPPBIAMMM_KF530081_DELIM-JHOSZPAULYPFPPBIAMMM_OC43_DELIM-JHOSZPAULYPFPPBIAMMM_human_DELIM-JHOSZPAULYPFPPBIAMMM_USA_DELIM-JHOSZPAULYPFPPBIAMMM_991_5_DELIM-JHOSZPAULYPFPPBIAMMM_1999_DELIM-JHOSZPAULYPFPPBIAMMM_1999            0.24%    passed     99.69%
  38  oc43_DELIM-JHOSZPAULYPFPPBIAMMM_KF530084_DELIM-JHOSZPAULYPFPPBIAMMM_OC43_DELIM-JHOSZPAULYPFPPBIAMMM_human_DELIM-JHOSZPAULYPFPPBIAMMM_USA_DELIM-JHOSZPAULYPFPPBIAMMM_951_18_DELIM-JHOSZPAULYPFPPBIAMMM_1995_DELIM-JHOSZPAULYPFPPBIAMMM_1995           0.24%    passed     99.70%
  39  oc43_DELIM-JHOSZPAULYPFPPBIAMMM_KF530098_DELIM-JHOSZPAULYPFPPBIAMMM_OC43_DELIM-JHOSZPAULYPFPPBIAMMM_human_DELIM-JHOSZPAULYPFPPBIAMMM_USA_DELIM-JHOSZPAULYPFPPBIAMMM_965_6_DELIM-JHOSZPAULYPFPPBIAMMM_1996_DELIM-JHOSZPAULYPFPPBIAMMM_1996            0.24%    passed     99.12%
  40  oc43_DELIM-JHOSZPAULYPFPPBIAMMM_KF530063_DELIM-JHOSZPAULYPFPPBIAMMM_OC43_DELIM-JHOSZPAULYPFPPBIAMMM_human_DELIM-JHOSZPAULYPFPPBIAMMM_USA_DELIM-JHOSZPAULYPFPPBIAMMM_9612_48_DELIM-JHOSZPAULYPFPPBIAMMM_1996_DELIM-JHOSZPAULYPFPPBIAMMM_1996          0.24%    passed     99.48%
  41  oc43_DELIM-JHOSZPAULYPFPPBIAMMM_KF530099_DELIM-JHOSZPAULYPFPPBIAMMM_OC43_DELIM-JHOSZPAULYPFPPBIAMMM_human_DELIM-JHOSZPAULYPFPPBIAMMM_USA_DELIM-JHOSZPAULYPFPPBIAMMM_971_5_DELIM-JHOSZPAULYPFPPBIAMMM_1997_DELIM-JHOSZPAULYPFPPBIAMMM_1997            0.24%    passed     99.48%
  42  oc43_DELIM-JHOSZPAULYPFPPBIAMMM_KF530069_DELIM-JHOSZPAULYPFPPBIAMMM_OC43_DELIM-JHOSZPAULYPFPPBIAMMM_human_DELIM-JHOSZPAULYPFPPBIAMMM_USA_DELIM-JHOSZPAULYPFPPBIAMMM_982_4_DELIM-JHOSZPAULYPFPPBIAMMM_1998_DELIM-JHOSZPAULYPFPPBIAMMM_1998            0.24%    passed     98.01%
  43  oc43_DELIM-JHOSZPAULYPFPPBIAMMM_KX344031_DELIM-JHOSZPAULYPFPPBIAMMM_OC43_DELIM-JHOSZPAULYPFPPBIAMMM_human_DELIM-JHOSZPAULYPFPPBIAMMM_Mex_DELIM-JHOSZPAULYPFPPBIAMMM_LRTI_238_DELIM-JHOSZPAULYPFPPBIAMMM_2011_DELIM-JHOSZPAULYPFPPBIAMMM_2011         0.24%    passed     99.93%
  44  oc43_DELIM-JHOSZPAULYPFPPBIAMMM_MN306043_DELIM-JHOSZPAULYPFPPBIAMMM_HCoV_OC43_DELIM-JHOSZPAULYPFPPBIAMMM_Seattle_DELIM-JHOSZPAULYPFPPBIAMMM_USA_DELIM-JHOSZPAULYPFPPBIAMMM_SC0841_DELIM-JHOSZPAULYPFPPBIAMMM_2019_DELIM-JHOSZPAULYPFPPBIAMMM_2019    0.24%    passed     99.68%
  45  oc43_DELIM-JHOSZPAULYPFPPBIAMMM_KU131570_DELIM-JHOSZPAULYPFPPBIAMMM_HCoV_OC43_DELIM-JHOSZPAULYPFPPBIAMMM_UK_DELIM-JHOSZPAULYPFPPBIAMMM_London_DELIM-JHOSZPAULYPFPPBIAMMM_2011_DELIM-JHOSZPAULYPFPPBIAMMM_2011                                        0.24%    passed     99.72%
  46  oc43_DELIM-JHOSZPAULYPFPPBIAMMM_MF314143_DELIM-JHOSZPAULYPFPPBIAMMM_HCoV_OC43_DELIM-JHOSZPAULYPFPPBIAMMM_USA_DELIM-JHOSZPAULYPFPPBIAMMM_ACRI_0052_DELIM-JHOSZPAULYPFPPBIAMMM_2016_DELIM-JHOSZPAULYPFPPBIAMMM_2016                                    0.24%    passed     98.70%
  47  oc43_DELIM-JHOSZPAULYPFPPBIAMMM_KY967360_DELIM-JHOSZPAULYPFPPBIAMMM_HCoV_OC43_DELIM-JHOSZPAULYPFPPBIAMMM_Seattle_DELIM-JHOSZPAULYPFPPBIAMMM_USA_DELIM-JHOSZPAULYPFPPBIAMMM_SC2476_DELIM-JHOSZPAULYPFPPBIAMMM_2015_DELIM-JHOSZPAULYPFPPBIAMMM_2015    0.24%    passed     99.68%
  48  oc43_DELIM-JHOSZPAULYPFPPBIAMMM_MN026165_DELIM-JHOSZPAULYPFPPBIAMMM_OC43_KLF_02_2017_DELIM-JHOSZPAULYPFPPBIAMMM_2017                                                                                                                                 0.24%    passed     99.86%
  49  oc43_DELIM-JHOSZPAULYPFPPBIAMMM_MN310476_DELIM-JHOSZPAULYPFPPBIAMMM_HCoV_OC43_DELIM-JHOSZPAULYPFPPBIAMMM_Seattle_DELIM-JHOSZPAULYPFPPBIAMMM_USA_DELIM-JHOSZPAULYPFPPBIAMMM_SC9428_DELIM-JHOSZPAULYPFPPBIAMMM_2018_DELIM-JHOSZPAULYPFPPBIAMMM_2019    0.24%    passed     96.43%
****  TOTAL                                                                                                                                                                                                                                                0.18%  0 sequences failed composition chi2 test (p-value<5%; df=3)
NOTE: oc43_DELIM-JHOSZPAULYPFPPBIAMMM_KF530071_DELIM-JHOSZPAULYPFPPBIAMMM_OC43_DELIM-JHOSZPAULYPFPPBIAMMM_human_DELIM-JHOSZPAULYPFPPBIAMMM_USA_DELIM-JHOSZPAULYPFPPBIAMMM_925_1_DELIM-JHOSZPAULYPFPPBIAMMM_1992_DELIM-JHOSZPAULYPFPPBIAMMM_1992 is identical to oc43_DELIM-JHOSZPAULYPFPPBIAMMM_KF530091_DELIM-JHOSZPAULYPFPPBIAMMM_OC43_DELIM-JHOSZPAULYPFPPBIAMMM_human_DELIM-JHOSZPAULYPFPPBIAMMM_USA_DELIM-JHOSZPAULYPFPPBIAMMM_911_58_DELIM-JHOSZPAULYPFPPBIAMMM_1991_DELIM-JHOSZPAULYPFPPBIAMMM_1991 but kept for subsequent analysis
NOTE: oc43_DELIM-JHOSZPAULYPFPPBIAMMM_KF530082_DELIM-JHOSZPAULYPFPPBIAMMM_OC43_DELIM-JHOSZPAULYPFPPBIAMMM_human_DELIM-JHOSZPAULYPFPPBIAMMM_USA_DELIM-JHOSZPAULYPFPPBIAMMM_912_11_DELIM-JHOSZPAULYPFPPBIAMMM_1991_DELIM-JHOSZPAULYPFPPBIAMMM_1991 is identical to oc43_DELIM-JHOSZPAULYPFPPBIAMMM_KF530089_DELIM-JHOSZPAULYPFPPBIAMMM_OC43_DELIM-JHOSZPAULYPFPPBIAMMM_human_DELIM-JHOSZPAULYPFPPBIAMMM_USA_DELIM-JHOSZPAULYPFPPBIAMMM_911_66_DELIM-JHOSZPAULYPFPPBIAMMM_1991_DELIM-JHOSZPAULYPFPPBIAMMM_1991 but kept for subsequent analysis
NOTE: oc43_DELIM-JHOSZPAULYPFPPBIAMMM_MF374984_DELIM-JHOSZPAULYPFPPBIAMMM_HCoV_OC43_DELIM-JHOSZPAULYPFPPBIAMMM_USA_DELIM-JHOSZPAULYPFPPBIAMMM_TCNP_00204_DELIM-JHOSZPAULYPFPPBIAMMM_2017_DELIM-JHOSZPAULYPFPPBIAMMM_2017 is identical to oc43_DELIM-JHOSZPAULYPFPPBIAMMM_MH121121_DELIM-JHOSZPAULYPFPPBIAMMM_HCoV_OC43_DELIM-JHOSZPAULYPFPPBIAMMM_USA_DELIM-JHOSZPAULYPFPPBIAMMM_ACRI_0213_DELIM-JHOSZPAULYPFPPBIAMMM_2016_DELIM-JHOSZPAULYPFPPBIAMMM_2016 but kept for subsequent analysis
NOTE: oc43_DELIM-JHOSZPAULYPFPPBIAMMM_KY369907_DELIM-JHOSZPAULYPFPPBIAMMM_HCoV_OC43_DELIM-JHOSZPAULYPFPPBIAMMM_Seattle_DELIM-JHOSZPAULYPFPPBIAMMM_USA_DELIM-JHOSZPAULYPFPPBIAMMM_SC9741_DELIM-JHOSZPAULYPFPPBIAMMM_2016_DELIM-JHOSZPAULYPFPPBIAMMM_2016 is identical to oc43_DELIM-JHOSZPAULYPFPPBIAMMM_MF374985_DELIM-JHOSZPAULYPFPPBIAMMM_HCoV_OC43_DELIM-JHOSZPAULYPFPPBIAMMM_USA_DELIM-JHOSZPAULYPFPPBIAMMM_TCNP_00212_DELIM-JHOSZPAULYPFPPBIAMMM_2017_DELIM-JHOSZPAULYPFPPBIAMMM_2017 but kept for subsequent analysis
NOTE: oc43_DELIM-JHOSZPAULYPFPPBIAMMM_KF530070_DELIM-JHOSZPAULYPFPPBIAMMM_OC43_DELIM-JHOSZPAULYPFPPBIAMMM_human_DELIM-JHOSZPAULYPFPPBIAMMM_USA_DELIM-JHOSZPAULYPFPPBIAMMM_991_19_DELIM-JHOSZPAULYPFPPBIAMMM_1999_DELIM-JHOSZPAULYPFPPBIAMMM_1999 is identical to oc43_DELIM-JHOSZPAULYPFPPBIAMMM_KF530068_DELIM-JHOSZPAULYPFPPBIAMMM_OC43_DELIM-JHOSZPAULYPFPPBIAMMM_human_DELIM-JHOSZPAULYPFPPBIAMMM_USA_DELIM-JHOSZPAULYPFPPBIAMMM_007_11_DELIM-JHOSZPAULYPFPPBIAMMM_2000_DELIM-JHOSZPAULYPFPPBIAMMM_2000 but kept for subsequent analysis
Checking for duplicate sequences: done in 0.00064683 secs using 47.31% CPU
Identifying sites to remove: done in 0.000818014 secs using 93.64% CPU
NOTE: 8 identical sequences (see below) will be ignored for subsequent analysis
NOTE: oc43_DELIM-JHOSZPAULYPFPPBIAMMM_KF530094_DELIM-JHOSZPAULYPFPPBIAMMM_OC43_DELIM-JHOSZPAULYPFPPBIAMMM_human_DELIM-JHOSZPAULYPFPPBIAMMM_USA_DELIM-JHOSZPAULYPFPPBIAMMM_912_36_DELIM-JHOSZPAULYPFPPBIAMMM_1991_DELIM-JHOSZPAULYPFPPBIAMMM_1991 (identical to oc43_DELIM-JHOSZPAULYPFPPBIAMMM_KF530089_DELIM-JHOSZPAULYPFPPBIAMMM_OC43_DELIM-JHOSZPAULYPFPPBIAMMM_human_DELIM-JHOSZPAULYPFPPBIAMMM_USA_DELIM-JHOSZPAULYPFPPBIAMMM_911_66_DELIM-JHOSZPAULYPFPPBIAMMM_1991_DELIM-JHOSZPAULYPFPPBIAMMM_1991) is ignored but added at the end
NOTE: oc43_DELIM-JHOSZPAULYPFPPBIAMMM_KY684759_DELIM-JHOSZPAULYPFPPBIAMMM_HCoV_OC43_DELIM-JHOSZPAULYPFPPBIAMMM_Seattle_DELIM-JHOSZPAULYPFPPBIAMMM_USA_DELIM-JHOSZPAULYPFPPBIAMMM_SC2269_DELIM-JHOSZPAULYPFPPBIAMMM_2016_DELIM-JHOSZPAULYPFPPBIAMMM_2016 (identical to oc43_DELIM-JHOSZPAULYPFPPBIAMMM_MH121121_DELIM-JHOSZPAULYPFPPBIAMMM_HCoV_OC43_DELIM-JHOSZPAULYPFPPBIAMMM_USA_DELIM-JHOSZPAULYPFPPBIAMMM_ACRI_0213_DELIM-JHOSZPAULYPFPPBIAMMM_2016_DELIM-JHOSZPAULYPFPPBIAMMM_2016) is ignored but added at the end
NOTE: oc43_DELIM-JHOSZPAULYPFPPBIAMMM_KY983583_DELIM-JHOSZPAULYPFPPBIAMMM_HCoV_OC43_DELIM-JHOSZPAULYPFPPBIAMMM_Seattle_DELIM-JHOSZPAULYPFPPBIAMMM_USA_DELIM-JHOSZPAULYPFPPBIAMMM_SC2481_DELIM-JHOSZPAULYPFPPBIAMMM_2015_DELIM-JHOSZPAULYPFPPBIAMMM_2015 (identical to oc43_DELIM-JHOSZPAULYPFPPBIAMMM_MH121121_DELIM-JHOSZPAULYPFPPBIAMMM_HCoV_OC43_DELIM-JHOSZPAULYPFPPBIAMMM_USA_DELIM-JHOSZPAULYPFPPBIAMMM_ACRI_0213_DELIM-JHOSZPAULYPFPPBIAMMM_2016_DELIM-JHOSZPAULYPFPPBIAMMM_2016) is ignored but added at the end
NOTE: oc43_DELIM-JHOSZPAULYPFPPBIAMMM_KY967359_DELIM-JHOSZPAULYPFPPBIAMMM_HCoV_OC43_DELIM-JHOSZPAULYPFPPBIAMMM_Seattle_DELIM-JHOSZPAULYPFPPBIAMMM_USA_DELIM-JHOSZPAULYPFPPBIAMMM_SC2730_DELIM-JHOSZPAULYPFPPBIAMMM_2015_DELIM-JHOSZPAULYPFPPBIAMMM_2015 (identical to oc43_DELIM-JHOSZPAULYPFPPBIAMMM_MH121121_DELIM-JHOSZPAULYPFPPBIAMMM_HCoV_OC43_DELIM-JHOSZPAULYPFPPBIAMMM_USA_DELIM-JHOSZPAULYPFPPBIAMMM_ACRI_0213_DELIM-JHOSZPAULYPFPPBIAMMM_2016_DELIM-JHOSZPAULYPFPPBIAMMM_2016) is ignored but added at the end
NOTE: oc43_DELIM-JHOSZPAULYPFPPBIAMMM_KY983585_DELIM-JHOSZPAULYPFPPBIAMMM_HCoV_OC43_DELIM-JHOSZPAULYPFPPBIAMMM_Seattle_DELIM-JHOSZPAULYPFPPBIAMMM_USA_DELIM-JHOSZPAULYPFPPBIAMMM_SC2854_DELIM-JHOSZPAULYPFPPBIAMMM_2015_DELIM-JHOSZPAULYPFPPBIAMMM_2015 (identical to oc43_DELIM-JHOSZPAULYPFPPBIAMMM_MH121121_DELIM-JHOSZPAULYPFPPBIAMMM_HCoV_OC43_DELIM-JHOSZPAULYPFPPBIAMMM_USA_DELIM-JHOSZPAULYPFPPBIAMMM_ACRI_0213_DELIM-JHOSZPAULYPFPPBIAMMM_2016_DELIM-JHOSZPAULYPFPPBIAMMM_2016) is ignored but added at the end
NOTE: oc43_DELIM-JHOSZPAULYPFPPBIAMMM_KY983588_DELIM-JHOSZPAULYPFPPBIAMMM_HCoV_OC43_DELIM-JHOSZPAULYPFPPBIAMMM_Seattle_DELIM-JHOSZPAULYPFPPBIAMMM_USA_DELIM-JHOSZPAULYPFPPBIAMMM_SC3118_DELIM-JHOSZPAULYPFPPBIAMMM_2015_DELIM-JHOSZPAULYPFPPBIAMMM_2015 (identical to oc43_DELIM-JHOSZPAULYPFPPBIAMMM_MH121121_DELIM-JHOSZPAULYPFPPBIAMMM_HCoV_OC43_DELIM-JHOSZPAULYPFPPBIAMMM_USA_DELIM-JHOSZPAULYPFPPBIAMMM_ACRI_0213_DELIM-JHOSZPAULYPFPPBIAMMM_2016_DELIM-JHOSZPAULYPFPPBIAMMM_2016) is ignored but added at the end
NOTE: oc43_DELIM-JHOSZPAULYPFPPBIAMMM_KY369906_DELIM-JHOSZPAULYPFPPBIAMMM_HCoV_OC43_DELIM-JHOSZPAULYPFPPBIAMMM_Seattle_DELIM-JHOSZPAULYPFPPBIAMMM_USA_DELIM-JHOSZPAULYPFPPBIAMMM_SC622_DELIM-JHOSZPAULYPFPPBIAMMM_2016_DELIM-JHOSZPAULYPFPPBIAMMM_2016 (identical to oc43_DELIM-JHOSZPAULYPFPPBIAMMM_MH121121_DELIM-JHOSZPAULYPFPPBIAMMM_HCoV_OC43_DELIM-JHOSZPAULYPFPPBIAMMM_USA_DELIM-JHOSZPAULYPFPPBIAMMM_ACRI_0213_DELIM-JHOSZPAULYPFPPBIAMMM_2016_DELIM-JHOSZPAULYPFPPBIAMMM_2016) is ignored but added at the end
NOTE: oc43_DELIM-JHOSZPAULYPFPPBIAMMM_KY369905_DELIM-JHOSZPAULYPFPPBIAMMM_HCoV_OC43_DELIM-JHOSZPAULYPFPPBIAMMM_Seattle_DELIM-JHOSZPAULYPFPPBIAMMM_USA_DELIM-JHOSZPAULYPFPPBIAMMM_SC831_DELIM-JHOSZPAULYPFPPBIAMMM_2016_DELIM-JHOSZPAULYPFPPBIAMMM_2016 (identical to oc43_DELIM-JHOSZPAULYPFPPBIAMMM_MH121121_DELIM-JHOSZPAULYPFPPBIAMMM_HCoV_OC43_DELIM-JHOSZPAULYPFPPBIAMMM_USA_DELIM-JHOSZPAULYPFPPBIAMMM_ACRI_0213_DELIM-JHOSZPAULYPFPPBIAMMM_2016_DELIM-JHOSZPAULYPFPPBIAMMM_2016) is ignored but added at the end
Alignment was printed to results/aligned_oc43_a_he-delim.fasta.uniqueseq.phy

For your convenience alignment with unique sequences printed to results/aligned_oc43_a_he-delim.fasta.uniqueseq.phy

Create initial parsimony tree by phylogenetic likelihood library (PLL)... 0.001 seconds

NOTE: 0 MB RAM (0 GB) is required!
Estimate model parameters (epsilon = 0.500)
1. Initial log-likelihood: -4155.617
2. Current log-likelihood: -3997.459
3. Current log-likelihood: -3991.841
Optimal log-likelihood: -3991.828
Rate parameters:  A-C: 0.32438  A-G: 0.71948  A-T: 0.37340  C-G: 0.84878  C-T: 3.00438  G-T: 1.00000
Base frequencies:  A: 0.253  C: 0.167  G: 0.187  T: 0.393
Parameters optimization took 3 rounds (0.012 sec)
Wrote distance file to... 
Computing ML distances based on estimated model parameters...
Calculating distance matrix: done in 0.00197291 secs using 97.82% CPU
Computing ML distances took 0.002070 sec (of wall-clock time) 0.001997 sec (of CPU time)
Setting up auxiliary I and S matrices: done in 0.000192881 secs using 117.2% CPU
Constructing RapidNJ tree: done in 0.000298977 secs using 163.2% CPU
Computing RapidNJ tree took 0.000637 sec (of wall-clock time) 0.000877 sec (of CPU time)
Log-likelihood of RapidNJ tree: -2419.149
--------------------------------------------------------------------
|             INITIALIZING CANDIDATE TREE SET                      |
--------------------------------------------------------------------

Do NNI search on 2 best initial trees
Optimizing NNI: done in 0.00204396 secs using 197.9% CPU
BETTER TREE FOUND at iteration 1: -2419.149
Optimizing NNI: done in 0.036551 secs using 193.2% CPU
Finish initializing candidate tree set (4)
Current best tree score: -2419.149 / CPU time: 0.040
Number of iterations: 2
TREE SEARCH COMPLETED AFTER 2 ITERATIONS / Time: 0h:0m:0s

--------------------------------------------------------------------
|                    FINALIZING TREE SEARCH                        |
--------------------------------------------------------------------
Performs final model parameters optimization
Estimate model parameters (epsilon = 0.050)
1. Initial log-likelihood: -2419.149
2. Current log-likelihood: -2418.112
Optimal log-likelihood: -2418.111
Rate parameters:  A-C: 0.19075  A-G: 0.59357  A-T: 0.28511  C-G: 0.90307  C-T: 3.32289  G-T: 1.00000
Base frequencies:  A: 0.253  C: 0.167  G: 0.187  T: 0.393
Parameters optimization took 2 rounds (0.005 sec)
BEST SCORE FOUND : -2418.111
Total tree length: 0.075

Total number of iterations: 2
CPU time used for tree search: 0.078 sec (0h:0m:0s)
Wall-clock time used for tree search: 0.041 sec (0h:0m:0s)
Total CPU time used: 0.110 sec (0h:0m:0s)
Total wall-clock time used: 0.072 sec (0h:0m:0s)

Analysis results written to: 
  IQ-TREE report:                results/aligned_oc43_a_he-delim.fasta.iqtree
  Maximum-likelihood tree:       results/aligned_oc43_a_he-delim.fasta.treefile
  Likelihood distances:          results/aligned_oc43_a_he-delim.fasta.mldist
  Screen log file:               results/aligned_oc43_a_he-delim.fasta.log

Date and Time: Fri May 13 12:32:04 2022
