IQ-TREE multicore version 2.2.0-beta COVID-edition for Mac OS X 64-bit built Mar  3 2022 built Mar  3 2022
Developed by Bui Quang Minh, James Barbetti, Nguyen Lam Tung,
Olga Chernomor, Heiko Schmidt, Dominik Schrempf, Michael Woodhams, Ly Trong Nhan.

Host:    macbook-pro-2.fhcrc.org (SSE4.2, 8 GB RAM)
Command: iqtree2 -nt 1 -s results/aligned_oc43_a_replicase1ab-delim.fasta -m GTR -ninit 2 -n 2 -me 0.05
Seed:    873949 (Using SPRNG - Scalable Parallel Random Number Generator)
Time:    Fri May 13 12:37:28 2022
Kernel:  SSE2 - 1 threads (8 CPU cores detected)

HINT: Use -nt option to specify number of threads because your CPU has 8 cores!
HINT: -nt AUTO will automatically determine the best number of threads to use.

Reading alignment file results/aligned_oc43_a_replicase1ab-delim.fasta ... Fasta format detected
Reading fasta file: done in 0.021714 secs using 93.72% CPU
Alignment most likely contains DNA/RNA sequences
Constructing alignment: done in 0.0170689 secs using 76.65% CPU
Alignment has 54 sequences with 21288 columns, 419 distinct patterns
328 parsimony-informative, 319 singleton sites, 20641 constant sites
                                                                                                                                                                                                                                                   Gap/Ambiguity  Composition  p-value
Analyzing sequences: done in 3.48091e-05 secs using 94.8% CPU
   1  oc43_DELIM-ILLHIEUFLQXQPQTOFRDK_KU131570_DELIM-ILLHIEUFLQXQPQTOFRDK_HCoV_OC43_DELIM-ILLHIEUFLQXQPQTOFRDK_UK_DELIM-ILLHIEUFLQXQPQTOFRDK_London_DELIM-ILLHIEUFLQXQPQTOFRDK_2011_DELIM-ILLHIEUFLQXQPQTOFRDK_2011                                        0.00%    passed     98.40%
   2  oc43_DELIM-ILLHIEUFLQXQPQTOFRDK_MF314143_DELIM-ILLHIEUFLQXQPQTOFRDK_HCoV_OC43_DELIM-ILLHIEUFLQXQPQTOFRDK_USA_DELIM-ILLHIEUFLQXQPQTOFRDK_ACRI_0052_DELIM-ILLHIEUFLQXQPQTOFRDK_2016_DELIM-ILLHIEUFLQXQPQTOFRDK_2016                                    0.00%    passed     98.77%
   3  oc43_DELIM-ILLHIEUFLQXQPQTOFRDK_KY967360_DELIM-ILLHIEUFLQXQPQTOFRDK_HCoV_OC43_DELIM-ILLHIEUFLQXQPQTOFRDK_Seattle_DELIM-ILLHIEUFLQXQPQTOFRDK_USA_DELIM-ILLHIEUFLQXQPQTOFRDK_SC2476_DELIM-ILLHIEUFLQXQPQTOFRDK_2015_DELIM-ILLHIEUFLQXQPQTOFRDK_2015    0.00%    passed     98.73%
   4  oc43_DELIM-ILLHIEUFLQXQPQTOFRDK_MN026165_DELIM-ILLHIEUFLQXQPQTOFRDK_OC43_KLF_02_2017_DELIM-ILLHIEUFLQXQPQTOFRDK_2017                                                                                                                                 0.80%    passed     94.41%
   5  oc43_DELIM-ILLHIEUFLQXQPQTOFRDK_KF530068_DELIM-ILLHIEUFLQXQPQTOFRDK_OC43_DELIM-ILLHIEUFLQXQPQTOFRDK_human_DELIM-ILLHIEUFLQXQPQTOFRDK_USA_DELIM-ILLHIEUFLQXQPQTOFRDK_007_11_DELIM-ILLHIEUFLQXQPQTOFRDK_2000_DELIM-ILLHIEUFLQXQPQTOFRDK_2000           0.00%    passed     99.95%
   6  oc43_DELIM-ILLHIEUFLQXQPQTOFRDK_KF530070_DELIM-ILLHIEUFLQXQPQTOFRDK_OC43_DELIM-ILLHIEUFLQXQPQTOFRDK_human_DELIM-ILLHIEUFLQXQPQTOFRDK_USA_DELIM-ILLHIEUFLQXQPQTOFRDK_991_19_DELIM-ILLHIEUFLQXQPQTOFRDK_1999_DELIM-ILLHIEUFLQXQPQTOFRDK_1999           0.00%    passed     99.89%
   7  oc43_DELIM-ILLHIEUFLQXQPQTOFRDK_KF530081_DELIM-ILLHIEUFLQXQPQTOFRDK_OC43_DELIM-ILLHIEUFLQXQPQTOFRDK_human_DELIM-ILLHIEUFLQXQPQTOFRDK_USA_DELIM-ILLHIEUFLQXQPQTOFRDK_991_5_DELIM-ILLHIEUFLQXQPQTOFRDK_1999_DELIM-ILLHIEUFLQXQPQTOFRDK_1999            0.00%    passed     99.99%
   8  oc43_DELIM-ILLHIEUFLQXQPQTOFRDK_KF530063_DELIM-ILLHIEUFLQXQPQTOFRDK_OC43_DELIM-ILLHIEUFLQXQPQTOFRDK_human_DELIM-ILLHIEUFLQXQPQTOFRDK_USA_DELIM-ILLHIEUFLQXQPQTOFRDK_9612_48_DELIM-ILLHIEUFLQXQPQTOFRDK_1996_DELIM-ILLHIEUFLQXQPQTOFRDK_1996          0.00%    passed     99.49%
   9  oc43_DELIM-ILLHIEUFLQXQPQTOFRDK_KF530099_DELIM-ILLHIEUFLQXQPQTOFRDK_OC43_DELIM-ILLHIEUFLQXQPQTOFRDK_human_DELIM-ILLHIEUFLQXQPQTOFRDK_USA_DELIM-ILLHIEUFLQXQPQTOFRDK_971_5_DELIM-ILLHIEUFLQXQPQTOFRDK_1997_DELIM-ILLHIEUFLQXQPQTOFRDK_1997            0.00%    passed     99.51%
  10  oc43_DELIM-ILLHIEUFLQXQPQTOFRDK_KF530069_DELIM-ILLHIEUFLQXQPQTOFRDK_OC43_DELIM-ILLHIEUFLQXQPQTOFRDK_human_DELIM-ILLHIEUFLQXQPQTOFRDK_USA_DELIM-ILLHIEUFLQXQPQTOFRDK_982_4_DELIM-ILLHIEUFLQXQPQTOFRDK_1998_DELIM-ILLHIEUFLQXQPQTOFRDK_1998            0.00%    passed     99.97%
  11  oc43_DELIM-ILLHIEUFLQXQPQTOFRDK_KF530088_DELIM-ILLHIEUFLQXQPQTOFRDK_OC43_DELIM-ILLHIEUFLQXQPQTOFRDK_human_DELIM-ILLHIEUFLQXQPQTOFRDK_USA_DELIM-ILLHIEUFLQXQPQTOFRDK_901_54_DELIM-ILLHIEUFLQXQPQTOFRDK_1990_DELIM-ILLHIEUFLQXQPQTOFRDK_1990           0.00%    passed     99.81%
  12  oc43_DELIM-ILLHIEUFLQXQPQTOFRDK_KF530076_DELIM-ILLHIEUFLQXQPQTOFRDK_OC43_DELIM-ILLHIEUFLQXQPQTOFRDK_human_DELIM-ILLHIEUFLQXQPQTOFRDK_USA_DELIM-ILLHIEUFLQXQPQTOFRDK_911_11_DELIM-ILLHIEUFLQXQPQTOFRDK_1991_DELIM-ILLHIEUFLQXQPQTOFRDK_1991           0.00%    passed     99.68%
  13  oc43_DELIM-ILLHIEUFLQXQPQTOFRDK_KF530079_DELIM-ILLHIEUFLQXQPQTOFRDK_OC43_DELIM-ILLHIEUFLQXQPQTOFRDK_human_DELIM-ILLHIEUFLQXQPQTOFRDK_USA_DELIM-ILLHIEUFLQXQPQTOFRDK_913_29_DELIM-ILLHIEUFLQXQPQTOFRDK_1991_DELIM-ILLHIEUFLQXQPQTOFRDK_1991           0.00%    passed     99.48%
  14  oc43_DELIM-ILLHIEUFLQXQPQTOFRDK_KF530089_DELIM-ILLHIEUFLQXQPQTOFRDK_OC43_DELIM-ILLHIEUFLQXQPQTOFRDK_human_DELIM-ILLHIEUFLQXQPQTOFRDK_USA_DELIM-ILLHIEUFLQXQPQTOFRDK_911_66_DELIM-ILLHIEUFLQXQPQTOFRDK_1991_DELIM-ILLHIEUFLQXQPQTOFRDK_1991           0.00%    passed     99.83%
  15  oc43_DELIM-ILLHIEUFLQXQPQTOFRDK_KF530082_DELIM-ILLHIEUFLQXQPQTOFRDK_OC43_DELIM-ILLHIEUFLQXQPQTOFRDK_human_DELIM-ILLHIEUFLQXQPQTOFRDK_USA_DELIM-ILLHIEUFLQXQPQTOFRDK_912_11_DELIM-ILLHIEUFLQXQPQTOFRDK_1991_DELIM-ILLHIEUFLQXQPQTOFRDK_1991           0.00%    passed     99.84%
  16  oc43_DELIM-ILLHIEUFLQXQPQTOFRDK_KF530094_DELIM-ILLHIEUFLQXQPQTOFRDK_OC43_DELIM-ILLHIEUFLQXQPQTOFRDK_human_DELIM-ILLHIEUFLQXQPQTOFRDK_USA_DELIM-ILLHIEUFLQXQPQTOFRDK_912_36_DELIM-ILLHIEUFLQXQPQTOFRDK_1991_DELIM-ILLHIEUFLQXQPQTOFRDK_1991           0.00%    passed     99.76%
  17  oc43_DELIM-ILLHIEUFLQXQPQTOFRDK_KF530091_DELIM-ILLHIEUFLQXQPQTOFRDK_OC43_DELIM-ILLHIEUFLQXQPQTOFRDK_human_DELIM-ILLHIEUFLQXQPQTOFRDK_USA_DELIM-ILLHIEUFLQXQPQTOFRDK_911_58_DELIM-ILLHIEUFLQXQPQTOFRDK_1991_DELIM-ILLHIEUFLQXQPQTOFRDK_1991           0.00%    passed     99.59%
  18  oc43_DELIM-ILLHIEUFLQXQPQTOFRDK_KF530071_DELIM-ILLHIEUFLQXQPQTOFRDK_OC43_DELIM-ILLHIEUFLQXQPQTOFRDK_human_DELIM-ILLHIEUFLQXQPQTOFRDK_USA_DELIM-ILLHIEUFLQXQPQTOFRDK_925_1_DELIM-ILLHIEUFLQXQPQTOFRDK_1992_DELIM-ILLHIEUFLQXQPQTOFRDK_1992            0.00%    passed     99.84%
  19  oc43_DELIM-ILLHIEUFLQXQPQTOFRDK_KF530067_DELIM-ILLHIEUFLQXQPQTOFRDK_OC43_DELIM-ILLHIEUFLQXQPQTOFRDK_human_DELIM-ILLHIEUFLQXQPQTOFRDK_USA_DELIM-ILLHIEUFLQXQPQTOFRDK_912_10_DELIM-ILLHIEUFLQXQPQTOFRDK_1991_DELIM-ILLHIEUFLQXQPQTOFRDK_1991           0.00%    passed     99.92%
  20  oc43_DELIM-ILLHIEUFLQXQPQTOFRDK_KF530096_DELIM-ILLHIEUFLQXQPQTOFRDK_OC43_DELIM-ILLHIEUFLQXQPQTOFRDK_human_DELIM-ILLHIEUFLQXQPQTOFRDK_USA_DELIM-ILLHIEUFLQXQPQTOFRDK_911_38_DELIM-ILLHIEUFLQXQPQTOFRDK_1991_DELIM-ILLHIEUFLQXQPQTOFRDK_1991           0.00%    passed     99.54%
  21  oc43_DELIM-ILLHIEUFLQXQPQTOFRDK_KF530095_DELIM-ILLHIEUFLQXQPQTOFRDK_OC43_DELIM-ILLHIEUFLQXQPQTOFRDK_human_DELIM-ILLHIEUFLQXQPQTOFRDK_USA_DELIM-ILLHIEUFLQXQPQTOFRDK_912_6_DELIM-ILLHIEUFLQXQPQTOFRDK_1991_DELIM-ILLHIEUFLQXQPQTOFRDK_1991            0.00%    passed     99.57%
  22  oc43_DELIM-ILLHIEUFLQXQPQTOFRDK_JN129834_DELIM-ILLHIEUFLQXQPQTOFRDK_HK04_01_DELIM-ILLHIEUFLQXQPQTOFRDK_2004                                                                                                                                          0.06%    passed     99.69%
  23  oc43_DELIM-ILLHIEUFLQXQPQTOFRDK_KF530092_DELIM-ILLHIEUFLQXQPQTOFRDK_OC43_DELIM-ILLHIEUFLQXQPQTOFRDK_human_DELIM-ILLHIEUFLQXQPQTOFRDK_USA_DELIM-ILLHIEUFLQXQPQTOFRDK_008_5_DELIM-ILLHIEUFLQXQPQTOFRDK_2000_DELIM-ILLHIEUFLQXQPQTOFRDK_2000            0.00%    passed     99.83%
  24  oc43_DELIM-ILLHIEUFLQXQPQTOFRDK_KF530078_DELIM-ILLHIEUFLQXQPQTOFRDK_OC43_DELIM-ILLHIEUFLQXQPQTOFRDK_human_DELIM-ILLHIEUFLQXQPQTOFRDK_USA_DELIM-ILLHIEUFLQXQPQTOFRDK_9612_29_DELIM-ILLHIEUFLQXQPQTOFRDK_1996_DELIM-ILLHIEUFLQXQPQTOFRDK_1996          0.00%    passed     99.86%
  25  oc43_DELIM-ILLHIEUFLQXQPQTOFRDK_KF530064_DELIM-ILLHIEUFLQXQPQTOFRDK_OC43_DELIM-ILLHIEUFLQXQPQTOFRDK_human_DELIM-ILLHIEUFLQXQPQTOFRDK_USA_DELIM-ILLHIEUFLQXQPQTOFRDK_9612_9_DELIM-ILLHIEUFLQXQPQTOFRDK_1996_DELIM-ILLHIEUFLQXQPQTOFRDK_1996           0.00%    passed     99.89%
  26  oc43_DELIM-ILLHIEUFLQXQPQTOFRDK_KF530072_DELIM-ILLHIEUFLQXQPQTOFRDK_OC43_DELIM-ILLHIEUFLQXQPQTOFRDK_human_DELIM-ILLHIEUFLQXQPQTOFRDK_USA_DELIM-ILLHIEUFLQXQPQTOFRDK_9712_13_DELIM-ILLHIEUFLQXQPQTOFRDK_1997_DELIM-ILLHIEUFLQXQPQTOFRDK_1997          0.00%    passed     99.92%
  27  oc43_DELIM-ILLHIEUFLQXQPQTOFRDK_KF530080_DELIM-ILLHIEUFLQXQPQTOFRDK_OC43_DELIM-ILLHIEUFLQXQPQTOFRDK_human_DELIM-ILLHIEUFLQXQPQTOFRDK_USA_DELIM-ILLHIEUFLQXQPQTOFRDK_9712_31_DELIM-ILLHIEUFLQXQPQTOFRDK_1997_DELIM-ILLHIEUFLQXQPQTOFRDK_1997          0.00%    passed     99.84%
  28  oc43_DELIM-ILLHIEUFLQXQPQTOFRDK_MH121121_DELIM-ILLHIEUFLQXQPQTOFRDK_HCoV_OC43_DELIM-ILLHIEUFLQXQPQTOFRDK_USA_DELIM-ILLHIEUFLQXQPQTOFRDK_ACRI_0213_DELIM-ILLHIEUFLQXQPQTOFRDK_2016_DELIM-ILLHIEUFLQXQPQTOFRDK_2016                                    0.00%    passed     99.91%
  29  oc43_DELIM-ILLHIEUFLQXQPQTOFRDK_KY967361_DELIM-ILLHIEUFLQXQPQTOFRDK_HCoV_OC43_DELIM-ILLHIEUFLQXQPQTOFRDK_Seattle_DELIM-ILLHIEUFLQXQPQTOFRDK_USA_DELIM-ILLHIEUFLQXQPQTOFRDK_SC2345_DELIM-ILLHIEUFLQXQPQTOFRDK_2015_DELIM-ILLHIEUFLQXQPQTOFRDK_2015    0.21%    passed     99.88%
  30  oc43_DELIM-ILLHIEUFLQXQPQTOFRDK_KY369907_DELIM-ILLHIEUFLQXQPQTOFRDK_HCoV_OC43_DELIM-ILLHIEUFLQXQPQTOFRDK_Seattle_DELIM-ILLHIEUFLQXQPQTOFRDK_USA_DELIM-ILLHIEUFLQXQPQTOFRDK_SC9741_DELIM-ILLHIEUFLQXQPQTOFRDK_2016_DELIM-ILLHIEUFLQXQPQTOFRDK_2016    0.00%    passed     99.94%
  31  oc43_DELIM-ILLHIEUFLQXQPQTOFRDK_KY369905_DELIM-ILLHIEUFLQXQPQTOFRDK_HCoV_OC43_DELIM-ILLHIEUFLQXQPQTOFRDK_Seattle_DELIM-ILLHIEUFLQXQPQTOFRDK_USA_DELIM-ILLHIEUFLQXQPQTOFRDK_SC831_DELIM-ILLHIEUFLQXQPQTOFRDK_2016_DELIM-ILLHIEUFLQXQPQTOFRDK_2016     0.00%    passed     99.94%
  32  oc43_DELIM-ILLHIEUFLQXQPQTOFRDK_KY967358_DELIM-ILLHIEUFLQXQPQTOFRDK_HCoV_OC43_DELIM-ILLHIEUFLQXQPQTOFRDK_Seattle_DELIM-ILLHIEUFLQXQPQTOFRDK_USA_DELIM-ILLHIEUFLQXQPQTOFRDK_SC2770_DELIM-ILLHIEUFLQXQPQTOFRDK_2015_DELIM-ILLHIEUFLQXQPQTOFRDK_2015    0.00%    passed     99.89%
  33  oc43_DELIM-ILLHIEUFLQXQPQTOFRDK_MF374984_DELIM-ILLHIEUFLQXQPQTOFRDK_HCoV_OC43_DELIM-ILLHIEUFLQXQPQTOFRDK_USA_DELIM-ILLHIEUFLQXQPQTOFRDK_TCNP_00204_DELIM-ILLHIEUFLQXQPQTOFRDK_2017_DELIM-ILLHIEUFLQXQPQTOFRDK_2017                                   0.00%    passed     99.90%
  34  oc43_DELIM-ILLHIEUFLQXQPQTOFRDK_KY983583_DELIM-ILLHIEUFLQXQPQTOFRDK_HCoV_OC43_DELIM-ILLHIEUFLQXQPQTOFRDK_Seattle_DELIM-ILLHIEUFLQXQPQTOFRDK_USA_DELIM-ILLHIEUFLQXQPQTOFRDK_SC2481_DELIM-ILLHIEUFLQXQPQTOFRDK_2015_DELIM-ILLHIEUFLQXQPQTOFRDK_2015    0.00%    passed     99.83%
  35  oc43_DELIM-ILLHIEUFLQXQPQTOFRDK_KY983585_DELIM-ILLHIEUFLQXQPQTOFRDK_HCoV_OC43_DELIM-ILLHIEUFLQXQPQTOFRDK_Seattle_DELIM-ILLHIEUFLQXQPQTOFRDK_USA_DELIM-ILLHIEUFLQXQPQTOFRDK_SC2854_DELIM-ILLHIEUFLQXQPQTOFRDK_2015_DELIM-ILLHIEUFLQXQPQTOFRDK_2015    0.00%    passed     99.90%
  36  oc43_DELIM-ILLHIEUFLQXQPQTOFRDK_MF374985_DELIM-ILLHIEUFLQXQPQTOFRDK_HCoV_OC43_DELIM-ILLHIEUFLQXQPQTOFRDK_USA_DELIM-ILLHIEUFLQXQPQTOFRDK_TCNP_00212_DELIM-ILLHIEUFLQXQPQTOFRDK_2017_DELIM-ILLHIEUFLQXQPQTOFRDK_2017                                   0.00%    passed     99.91%
  37  oc43_DELIM-ILLHIEUFLQXQPQTOFRDK_KY369906_DELIM-ILLHIEUFLQXQPQTOFRDK_HCoV_OC43_DELIM-ILLHIEUFLQXQPQTOFRDK_Seattle_DELIM-ILLHIEUFLQXQPQTOFRDK_USA_DELIM-ILLHIEUFLQXQPQTOFRDK_SC622_DELIM-ILLHIEUFLQXQPQTOFRDK_2016_DELIM-ILLHIEUFLQXQPQTOFRDK_2016     0.00%    passed     99.88%
  38  oc43_DELIM-ILLHIEUFLQXQPQTOFRDK_KY983588_DELIM-ILLHIEUFLQXQPQTOFRDK_HCoV_OC43_DELIM-ILLHIEUFLQXQPQTOFRDK_Seattle_DELIM-ILLHIEUFLQXQPQTOFRDK_USA_DELIM-ILLHIEUFLQXQPQTOFRDK_SC3118_DELIM-ILLHIEUFLQXQPQTOFRDK_2015_DELIM-ILLHIEUFLQXQPQTOFRDK_2015    0.08%    passed     99.81%
  39  oc43_DELIM-ILLHIEUFLQXQPQTOFRDK_KY967359_DELIM-ILLHIEUFLQXQPQTOFRDK_HCoV_OC43_DELIM-ILLHIEUFLQXQPQTOFRDK_Seattle_DELIM-ILLHIEUFLQXQPQTOFRDK_USA_DELIM-ILLHIEUFLQXQPQTOFRDK_SC2730_DELIM-ILLHIEUFLQXQPQTOFRDK_2015_DELIM-ILLHIEUFLQXQPQTOFRDK_2015    0.10%    passed     99.98%
  40  oc43_DELIM-ILLHIEUFLQXQPQTOFRDK_KY684759_DELIM-ILLHIEUFLQXQPQTOFRDK_HCoV_OC43_DELIM-ILLHIEUFLQXQPQTOFRDK_Seattle_DELIM-ILLHIEUFLQXQPQTOFRDK_USA_DELIM-ILLHIEUFLQXQPQTOFRDK_SC2269_DELIM-ILLHIEUFLQXQPQTOFRDK_2016_DELIM-ILLHIEUFLQXQPQTOFRDK_2016    0.00%    passed     99.84%
  41  oc43_DELIM-ILLHIEUFLQXQPQTOFRDK_MN306036_DELIM-ILLHIEUFLQXQPQTOFRDK_HCoV_OC43_DELIM-ILLHIEUFLQXQPQTOFRDK_Seattle_DELIM-ILLHIEUFLQXQPQTOFRDK_USA_DELIM-ILLHIEUFLQXQPQTOFRDK_SC0682_DELIM-ILLHIEUFLQXQPQTOFRDK_2019_DELIM-ILLHIEUFLQXQPQTOFRDK_2019    0.74%    passed     99.95%
  42  oc43_DELIM-ILLHIEUFLQXQPQTOFRDK_MN306041_DELIM-ILLHIEUFLQXQPQTOFRDK_HCoV_OC43_DELIM-ILLHIEUFLQXQPQTOFRDK_Seattle_DELIM-ILLHIEUFLQXQPQTOFRDK_USA_DELIM-ILLHIEUFLQXQPQTOFRDK_SC0810_DELIM-ILLHIEUFLQXQPQTOFRDK_2019_DELIM-ILLHIEUFLQXQPQTOFRDK_2019    0.00%    passed     99.72%
  43  oc43_DELIM-ILLHIEUFLQXQPQTOFRDK_MN306042_DELIM-ILLHIEUFLQXQPQTOFRDK_HCoV_OC43_DELIM-ILLHIEUFLQXQPQTOFRDK_Seattle_DELIM-ILLHIEUFLQXQPQTOFRDK_USA_DELIM-ILLHIEUFLQXQPQTOFRDK_SC0839_DELIM-ILLHIEUFLQXQPQTOFRDK_2019_DELIM-ILLHIEUFLQXQPQTOFRDK_2019    0.00%    passed     99.63%
  44  oc43_DELIM-ILLHIEUFLQXQPQTOFRDK_MN306053_DELIM-ILLHIEUFLQXQPQTOFRDK_HCoV_OC43_DELIM-ILLHIEUFLQXQPQTOFRDK_Seattle_DELIM-ILLHIEUFLQXQPQTOFRDK_USA_DELIM-ILLHIEUFLQXQPQTOFRDK_SC9430_DELIM-ILLHIEUFLQXQPQTOFRDK_2018_DELIM-ILLHIEUFLQXQPQTOFRDK_2019    0.00%    passed     99.70%
  45  oc43_DELIM-ILLHIEUFLQXQPQTOFRDK_MN310478_DELIM-ILLHIEUFLQXQPQTOFRDK_HCoV_OC43_DELIM-ILLHIEUFLQXQPQTOFRDK_Seattle_DELIM-ILLHIEUFLQXQPQTOFRDK_USA_DELIM-ILLHIEUFLQXQPQTOFRDK_SC0776_DELIM-ILLHIEUFLQXQPQTOFRDK_2019_DELIM-ILLHIEUFLQXQPQTOFRDK_2019    1.79%    passed     99.81%
  46  oc43_DELIM-ILLHIEUFLQXQPQTOFRDK_MF374983_DELIM-ILLHIEUFLQXQPQTOFRDK_HCoV_OC43_DELIM-ILLHIEUFLQXQPQTOFRDK_USA_DELIM-ILLHIEUFLQXQPQTOFRDK_TCNP_0070_DELIM-ILLHIEUFLQXQPQTOFRDK_2016_DELIM-ILLHIEUFLQXQPQTOFRDK_2016                                    0.00%    passed     99.88%
  47  oc43_DELIM-ILLHIEUFLQXQPQTOFRDK_MN310476_DELIM-ILLHIEUFLQXQPQTOFRDK_HCoV_OC43_DELIM-ILLHIEUFLQXQPQTOFRDK_Seattle_DELIM-ILLHIEUFLQXQPQTOFRDK_USA_DELIM-ILLHIEUFLQXQPQTOFRDK_SC9428_DELIM-ILLHIEUFLQXQPQTOFRDK_2018_DELIM-ILLHIEUFLQXQPQTOFRDK_2019    0.05%    passed     99.42%
  48  oc43_DELIM-ILLHIEUFLQXQPQTOFRDK_KY967356_DELIM-ILLHIEUFLQXQPQTOFRDK_HCoV_OC43_DELIM-ILLHIEUFLQXQPQTOFRDK_Seattle_DELIM-ILLHIEUFLQXQPQTOFRDK_USA_DELIM-ILLHIEUFLQXQPQTOFRDK_SC2924_DELIM-ILLHIEUFLQXQPQTOFRDK_2015_DELIM-ILLHIEUFLQXQPQTOFRDK_2015    0.24%    passed     99.99%
  49  oc43_DELIM-ILLHIEUFLQXQPQTOFRDK_JN129835_DELIM-ILLHIEUFLQXQPQTOFRDK_HK04_02_DELIM-ILLHIEUFLQXQPQTOFRDK_2004                                                                                                                                          0.00%    passed     99.98%
  50  oc43_DELIM-ILLHIEUFLQXQPQTOFRDK_KX344031_DELIM-ILLHIEUFLQXQPQTOFRDK_OC43_DELIM-ILLHIEUFLQXQPQTOFRDK_human_DELIM-ILLHIEUFLQXQPQTOFRDK_Mex_DELIM-ILLHIEUFLQXQPQTOFRDK_LRTI_238_DELIM-ILLHIEUFLQXQPQTOFRDK_2011_DELIM-ILLHIEUFLQXQPQTOFRDK_2011         0.00%    passed     99.95%
  51  oc43_DELIM-ILLHIEUFLQXQPQTOFRDK_MN026164_DELIM-ILLHIEUFLQXQPQTOFRDK_OC43_KLF_01_2018_DELIM-ILLHIEUFLQXQPQTOFRDK_2018                                                                                                                                 0.00%    passed     99.75%
  52  oc43_DELIM-ILLHIEUFLQXQPQTOFRDK_MN306043_DELIM-ILLHIEUFLQXQPQTOFRDK_HCoV_OC43_DELIM-ILLHIEUFLQXQPQTOFRDK_Seattle_DELIM-ILLHIEUFLQXQPQTOFRDK_USA_DELIM-ILLHIEUFLQXQPQTOFRDK_SC0841_DELIM-ILLHIEUFLQXQPQTOFRDK_2019_DELIM-ILLHIEUFLQXQPQTOFRDK_2019    0.00%    passed     99.26%
  53  oc43_DELIM-ILLHIEUFLQXQPQTOFRDK_KF530084_DELIM-ILLHIEUFLQXQPQTOFRDK_OC43_DELIM-ILLHIEUFLQXQPQTOFRDK_human_DELIM-ILLHIEUFLQXQPQTOFRDK_USA_DELIM-ILLHIEUFLQXQPQTOFRDK_951_18_DELIM-ILLHIEUFLQXQPQTOFRDK_1995_DELIM-ILLHIEUFLQXQPQTOFRDK_1995           0.00%    passed     99.98%
  54  oc43_DELIM-ILLHIEUFLQXQPQTOFRDK_KF530098_DELIM-ILLHIEUFLQXQPQTOFRDK_OC43_DELIM-ILLHIEUFLQXQPQTOFRDK_human_DELIM-ILLHIEUFLQXQPQTOFRDK_USA_DELIM-ILLHIEUFLQXQPQTOFRDK_965_6_DELIM-ILLHIEUFLQXQPQTOFRDK_1996_DELIM-ILLHIEUFLQXQPQTOFRDK_1996            0.00%    passed     99.96%
****  TOTAL                                                                                                                                                                                                                                                0.08%  0 sequences failed composition chi2 test (p-value<5%; df=3)
Checking for duplicate sequences: done in 0.000108957 secs using 81.68% CPU

Create initial parsimony tree by phylogenetic likelihood library (PLL)... 0.001 seconds

NOTE: 0 MB RAM (0 GB) is required!
Estimate model parameters (epsilon = 0.500)
1. Initial log-likelihood: -48738.580
2. Current log-likelihood: -47010.038
3. Current log-likelihood: -46990.870
Optimal log-likelihood: -46990.857
Rate parameters:  A-C: 0.54008  A-G: 2.15507  A-T: 0.37153  C-G: 0.31507  C-T: 7.22280  G-T: 1.00000
Base frequencies:  A: 0.273  C: 0.143  G: 0.221  T: 0.363
Parameters optimization took 3 rounds (0.057 sec)
Wrote distance file to... 
Computing ML distances based on estimated model parameters...
Calculating distance matrix: done in 0.005759 secs using 96.68% CPU
Computing ML distances took 0.005925 sec (of wall-clock time) 0.005687 sec (of CPU time)
Setting up auxiliary I and S matrices: done in 0.000150204 secs using 80.56% CPU
Constructing RapidNJ tree: done in 0.000265121 secs using 120.3% CPU
Computing RapidNJ tree took 0.000518 sec (of wall-clock time) 0.000537 sec (of CPU time)
Log-likelihood of RapidNJ tree: -34833.927
--------------------------------------------------------------------
|             INITIALIZING CANDIDATE TREE SET                      |
--------------------------------------------------------------------

Do NNI search on 2 best initial trees
Optimizing NNI: done in 0.017045 secs using 181.6% CPU
Estimate model parameters (epsilon = 0.500)
BETTER TREE FOUND at iteration 1: -34815.551
Optimizing NNI: done in 0.24278 secs using 155.2% CPU
Finish initializing candidate tree set (4)
Current best tree score: -34815.551 / CPU time: 0.285
Number of iterations: 2
TREE SEARCH COMPLETED AFTER 2 ITERATIONS / Time: 0h:0m:0s

--------------------------------------------------------------------
|                    FINALIZING TREE SEARCH                        |
--------------------------------------------------------------------
Performs final model parameters optimization
Estimate model parameters (epsilon = 0.050)
1. Initial log-likelihood: -34815.551
Optimal log-likelihood: -34815.535
Rate parameters:  A-C: 0.79922  A-G: 2.71611  A-T: 0.30080  C-G: 0.37302  C-T: 7.99812  G-T: 1.00000
Base frequencies:  A: 0.273  C: 0.143  G: 0.221  T: 0.363
Parameters optimization took 1 rounds (0.008 sec)
BEST SCORE FOUND : -34815.535
Total tree length: 0.035

Total number of iterations: 2
CPU time used for tree search: 0.452 sec (0h:0m:0s)
Wall-clock time used for tree search: 0.285 sec (0h:0m:0s)
Total CPU time used: 0.544 sec (0h:0m:0s)
Total wall-clock time used: 0.375 sec (0h:0m:0s)

Analysis results written to: 
  IQ-TREE report:                results/aligned_oc43_a_replicase1ab-delim.fasta.iqtree
  Maximum-likelihood tree:       results/aligned_oc43_a_replicase1ab-delim.fasta.treefile
  Likelihood distances:          results/aligned_oc43_a_replicase1ab-delim.fasta.mldist
  Screen log file:               results/aligned_oc43_a_replicase1ab-delim.fasta.log

Date and Time: Fri May 13 12:37:29 2022
