IQ-TREE multicore version 2.2.0-beta COVID-edition for Mac OS X 64-bit built Mar  3 2022 built Mar  3 2022
Developed by Bui Quang Minh, James Barbetti, Nguyen Lam Tung,
Olga Chernomor, Heiko Schmidt, Dominik Schrempf, Michael Woodhams, Ly Trong Nhan.

Host:    macbook-pro-2.fhcrc.org (SSE4.2, 8 GB RAM)
Command: iqtree2 -nt 1 -s results/aligned_oc43_b_nucleocapsid-delim.fasta -m GTR -ninit 2 -n 2 -me 0.05
Seed:    551712 (Using SPRNG - Scalable Parallel Random Number Generator)
Time:    Fri May 13 12:39:22 2022
Kernel:  SSE2 - 1 threads (8 CPU cores detected)

HINT: Use -nt option to specify number of threads because your CPU has 8 cores!
HINT: -nt AUTO will automatically determine the best number of threads to use.

Reading alignment file results/aligned_oc43_b_nucleocapsid-delim.fasta ... Fasta format detected
Reading fasta file: done in 0.00094986 secs using 67.27% CPU
Alignment most likely contains DNA/RNA sequences
Constructing alignment: done in 0.000908852 secs using 68.88% CPU
Alignment has 26 sequences with 1347 columns, 31 distinct patterns
16 parsimony-informative, 15 singleton sites, 1316 constant sites
                                                                                                                                                                                                                                                   Gap/Ambiguity  Composition  p-value
Analyzing sequences: done in 1.00136e-05 secs using 59.92% CPU
   1  oc43_DELIM-SWBNWBLMMRSTXXBOHFTK_KU131570_DELIM-SWBNWBLMMRSTXXBOHFTK_HCoV_OC43_DELIM-SWBNWBLMMRSTXXBOHFTK_UK_DELIM-SWBNWBLMMRSTXXBOHFTK_London_DELIM-SWBNWBLMMRSTXXBOHFTK_2011_DELIM-SWBNWBLMMRSTXXBOHFTK_2011                                        0.00%    passed     99.44%
   2  oc43_DELIM-SWBNWBLMMRSTXXBOHFTK_MF314143_DELIM-SWBNWBLMMRSTXXBOHFTK_HCoV_OC43_DELIM-SWBNWBLMMRSTXXBOHFTK_USA_DELIM-SWBNWBLMMRSTXXBOHFTK_ACRI_0052_DELIM-SWBNWBLMMRSTXXBOHFTK_2016_DELIM-SWBNWBLMMRSTXXBOHFTK_2016                                    0.00%    passed     99.86%
   3  oc43_DELIM-SWBNWBLMMRSTXXBOHFTK_KY967360_DELIM-SWBNWBLMMRSTXXBOHFTK_HCoV_OC43_DELIM-SWBNWBLMMRSTXXBOHFTK_Seattle_DELIM-SWBNWBLMMRSTXXBOHFTK_USA_DELIM-SWBNWBLMMRSTXXBOHFTK_SC2476_DELIM-SWBNWBLMMRSTXXBOHFTK_2015_DELIM-SWBNWBLMMRSTXXBOHFTK_2015    0.00%    passed     99.61%
   4  oc43_DELIM-SWBNWBLMMRSTXXBOHFTK_MN026165_DELIM-SWBNWBLMMRSTXXBOHFTK_OC43_KLF_02_2017_DELIM-SWBNWBLMMRSTXXBOHFTK_2017                                                                                                                                 0.00%    passed     99.61%
   5  oc43_DELIM-SWBNWBLMMRSTXXBOHFTK_KF530092_DELIM-SWBNWBLMMRSTXXBOHFTK_OC43_DELIM-SWBNWBLMMRSTXXBOHFTK_human_DELIM-SWBNWBLMMRSTXXBOHFTK_USA_DELIM-SWBNWBLMMRSTXXBOHFTK_008_5_DELIM-SWBNWBLMMRSTXXBOHFTK_2000_DELIM-SWBNWBLMMRSTXXBOHFTK_2000            0.00%    passed     99.98%
   6  oc43_DELIM-SWBNWBLMMRSTXXBOHFTK_KF530085_DELIM-SWBNWBLMMRSTXXBOHFTK_OC43_DELIM-SWBNWBLMMRSTXXBOHFTK_human_DELIM-SWBNWBLMMRSTXXBOHFTK_USA_DELIM-SWBNWBLMMRSTXXBOHFTK_871_25_DELIM-SWBNWBLMMRSTXXBOHFTK_1987_DELIM-SWBNWBLMMRSTXXBOHFTK_1987           0.00%    passed     99.99%
   7  oc43_DELIM-SWBNWBLMMRSTXXBOHFTK_KF530074_DELIM-SWBNWBLMMRSTXXBOHFTK_OC43_DELIM-SWBNWBLMMRSTXXBOHFTK_human_DELIM-SWBNWBLMMRSTXXBOHFTK_USA_DELIM-SWBNWBLMMRSTXXBOHFTK_9212_33_DELIM-SWBNWBLMMRSTXXBOHFTK_1992_DELIM-SWBNWBLMMRSTXXBOHFTK_1992          0.00%    passed     99.98%
   8  oc43_DELIM-SWBNWBLMMRSTXXBOHFTK_KF530090_DELIM-SWBNWBLMMRSTXXBOHFTK_OC43_DELIM-SWBNWBLMMRSTXXBOHFTK_human_DELIM-SWBNWBLMMRSTXXBOHFTK_USA_DELIM-SWBNWBLMMRSTXXBOHFTK_931_85_DELIM-SWBNWBLMMRSTXXBOHFTK_1993_DELIM-SWBNWBLMMRSTXXBOHFTK_1993           0.00%    passed     99.98%
   9  oc43_DELIM-SWBNWBLMMRSTXXBOHFTK_KF530059_DELIM-SWBNWBLMMRSTXXBOHFTK_OC43_DELIM-SWBNWBLMMRSTXXBOHFTK_human_DELIM-SWBNWBLMMRSTXXBOHFTK_USA_DELIM-SWBNWBLMMRSTXXBOHFTK_951_15_DELIM-SWBNWBLMMRSTXXBOHFTK_1995_DELIM-SWBNWBLMMRSTXXBOHFTK_1995           0.00%    passed     99.98%
  10  oc43_DELIM-SWBNWBLMMRSTXXBOHFTK_KF530062_DELIM-SWBNWBLMMRSTXXBOHFTK_OC43_DELIM-SWBNWBLMMRSTXXBOHFTK_human_DELIM-SWBNWBLMMRSTXXBOHFTK_USA_DELIM-SWBNWBLMMRSTXXBOHFTK_952_23_DELIM-SWBNWBLMMRSTXXBOHFTK_1995_DELIM-SWBNWBLMMRSTXXBOHFTK_1995           0.00%    passed    100.00%
  11  oc43_DELIM-SWBNWBLMMRSTXXBOHFTK_KF530075_DELIM-SWBNWBLMMRSTXXBOHFTK_OC43_DELIM-SWBNWBLMMRSTXXBOHFTK_human_DELIM-SWBNWBLMMRSTXXBOHFTK_USA_DELIM-SWBNWBLMMRSTXXBOHFTK_953_23_DELIM-SWBNWBLMMRSTXXBOHFTK_1995_DELIM-SWBNWBLMMRSTXXBOHFTK_1995           0.00%    passed    100.00%
  12  oc43_DELIM-SWBNWBLMMRSTXXBOHFTK_KF530078_DELIM-SWBNWBLMMRSTXXBOHFTK_OC43_DELIM-SWBNWBLMMRSTXXBOHFTK_human_DELIM-SWBNWBLMMRSTXXBOHFTK_USA_DELIM-SWBNWBLMMRSTXXBOHFTK_9612_29_DELIM-SWBNWBLMMRSTXXBOHFTK_1996_DELIM-SWBNWBLMMRSTXXBOHFTK_1996          0.00%    passed     99.96%
  13  oc43_DELIM-SWBNWBLMMRSTXXBOHFTK_KF530064_DELIM-SWBNWBLMMRSTXXBOHFTK_OC43_DELIM-SWBNWBLMMRSTXXBOHFTK_human_DELIM-SWBNWBLMMRSTXXBOHFTK_USA_DELIM-SWBNWBLMMRSTXXBOHFTK_9612_9_DELIM-SWBNWBLMMRSTXXBOHFTK_1996_DELIM-SWBNWBLMMRSTXXBOHFTK_1996           0.00%    passed     99.96%
  14  oc43_DELIM-SWBNWBLMMRSTXXBOHFTK_KF530080_DELIM-SWBNWBLMMRSTXXBOHFTK_OC43_DELIM-SWBNWBLMMRSTXXBOHFTK_human_DELIM-SWBNWBLMMRSTXXBOHFTK_USA_DELIM-SWBNWBLMMRSTXXBOHFTK_9712_31_DELIM-SWBNWBLMMRSTXXBOHFTK_1997_DELIM-SWBNWBLMMRSTXXBOHFTK_1997          0.00%    passed     99.96%
  15  oc43_DELIM-SWBNWBLMMRSTXXBOHFTK_KF530072_DELIM-SWBNWBLMMRSTXXBOHFTK_OC43_DELIM-SWBNWBLMMRSTXXBOHFTK_human_DELIM-SWBNWBLMMRSTXXBOHFTK_USA_DELIM-SWBNWBLMMRSTXXBOHFTK_9712_13_DELIM-SWBNWBLMMRSTXXBOHFTK_1997_DELIM-SWBNWBLMMRSTXXBOHFTK_1997          0.00%    passed     99.99%
  16  oc43_DELIM-SWBNWBLMMRSTXXBOHFTK_KF530073_DELIM-SWBNWBLMMRSTXXBOHFTK_OC43_DELIM-SWBNWBLMMRSTXXBOHFTK_human_DELIM-SWBNWBLMMRSTXXBOHFTK_USA_DELIM-SWBNWBLMMRSTXXBOHFTK_8912_37_DELIM-SWBNWBLMMRSTXXBOHFTK_1989_DELIM-SWBNWBLMMRSTXXBOHFTK_1989          0.00%    passed     99.99%
  17  oc43_DELIM-SWBNWBLMMRSTXXBOHFTK_KF530066_DELIM-SWBNWBLMMRSTXXBOHFTK_OC43_DELIM-SWBNWBLMMRSTXXBOHFTK_human_DELIM-SWBNWBLMMRSTXXBOHFTK_USA_DELIM-SWBNWBLMMRSTXXBOHFTK_901_33_DELIM-SWBNWBLMMRSTXXBOHFTK_1990_DELIM-SWBNWBLMMRSTXXBOHFTK_1990           0.00%    passed     99.99%
  18  oc43_DELIM-SWBNWBLMMRSTXXBOHFTK_KF530065_DELIM-SWBNWBLMMRSTXXBOHFTK_OC43_DELIM-SWBNWBLMMRSTXXBOHFTK_human_DELIM-SWBNWBLMMRSTXXBOHFTK_USA_DELIM-SWBNWBLMMRSTXXBOHFTK_901_41_DELIM-SWBNWBLMMRSTXXBOHFTK_1990_DELIM-SWBNWBLMMRSTXXBOHFTK_1990           0.00%    passed     99.99%
  19  oc43_DELIM-SWBNWBLMMRSTXXBOHFTK_KF530061_DELIM-SWBNWBLMMRSTXXBOHFTK_OC43_DELIM-SWBNWBLMMRSTXXBOHFTK_human_DELIM-SWBNWBLMMRSTXXBOHFTK_USA_DELIM-SWBNWBLMMRSTXXBOHFTK_901_43_DELIM-SWBNWBLMMRSTXXBOHFTK_1990_DELIM-SWBNWBLMMRSTXXBOHFTK_1990           0.00%    passed     99.99%
  20  oc43_DELIM-SWBNWBLMMRSTXXBOHFTK_KF530097_DELIM-SWBNWBLMMRSTXXBOHFTK_OC43_DELIM-SWBNWBLMMRSTXXBOHFTK_human_DELIM-SWBNWBLMMRSTXXBOHFTK_USA_DELIM-SWBNWBLMMRSTXXBOHFTK_9211_43_DELIM-SWBNWBLMMRSTXXBOHFTK_1992_DELIM-SWBNWBLMMRSTXXBOHFTK_1992          0.00%    passed     99.94%
  21  oc43_DELIM-SWBNWBLMMRSTXXBOHFTK_KF530093_DELIM-SWBNWBLMMRSTXXBOHFTK_OC43_DELIM-SWBNWBLMMRSTXXBOHFTK_human_DELIM-SWBNWBLMMRSTXXBOHFTK_USA_DELIM-SWBNWBLMMRSTXXBOHFTK_832_27_DELIM-SWBNWBLMMRSTXXBOHFTK_1983_DELIM-SWBNWBLMMRSTXXBOHFTK_1983           0.00%    passed     99.92%
  22  oc43_DELIM-SWBNWBLMMRSTXXBOHFTK_KF530077_DELIM-SWBNWBLMMRSTXXBOHFTK_OC43_DELIM-SWBNWBLMMRSTXXBOHFTK_human_DELIM-SWBNWBLMMRSTXXBOHFTK_USA_DELIM-SWBNWBLMMRSTXXBOHFTK_873_16_DELIM-SWBNWBLMMRSTXXBOHFTK_1987_DELIM-SWBNWBLMMRSTXXBOHFTK_1987           0.00%    passed     99.71%
  23  oc43_DELIM-SWBNWBLMMRSTXXBOHFTK_KF530083_DELIM-SWBNWBLMMRSTXXBOHFTK_OC43_DELIM-SWBNWBLMMRSTXXBOHFTK_human_DELIM-SWBNWBLMMRSTXXBOHFTK_USA_DELIM-SWBNWBLMMRSTXXBOHFTK_873_19_DELIM-SWBNWBLMMRSTXXBOHFTK_1987_DELIM-SWBNWBLMMRSTXXBOHFTK_1987           0.00%    passed     99.71%
  24  oc43_DELIM-SWBNWBLMMRSTXXBOHFTK_KF530087_DELIM-SWBNWBLMMRSTXXBOHFTK_OC43_DELIM-SWBNWBLMMRSTXXBOHFTK_human_DELIM-SWBNWBLMMRSTXXBOHFTK_USA_DELIM-SWBNWBLMMRSTXXBOHFTK_873_6_DELIM-SWBNWBLMMRSTXXBOHFTK_1987_DELIM-SWBNWBLMMRSTXXBOHFTK_1987            0.00%    passed     99.98%
  25  oc43_DELIM-SWBNWBLMMRSTXXBOHFTK_KF530060_DELIM-SWBNWBLMMRSTXXBOHFTK_OC43_DELIM-SWBNWBLMMRSTXXBOHFTK_human_DELIM-SWBNWBLMMRSTXXBOHFTK_USA_DELIM-SWBNWBLMMRSTXXBOHFTK_851_15_DELIM-SWBNWBLMMRSTXXBOHFTK_1985_DELIM-SWBNWBLMMRSTXXBOHFTK_1985           0.00%    passed     99.84%
  26  oc43_DELIM-SWBNWBLMMRSTXXBOHFTK_KF530086_DELIM-SWBNWBLMMRSTXXBOHFTK_OC43_DELIM-SWBNWBLMMRSTXXBOHFTK_human_DELIM-SWBNWBLMMRSTXXBOHFTK_USA_DELIM-SWBNWBLMMRSTXXBOHFTK_872_5_DELIM-SWBNWBLMMRSTXXBOHFTK_1987_DELIM-SWBNWBLMMRSTXXBOHFTK_1987            0.00%    passed     99.98%
****  TOTAL                                                                                                                                                                                                                                                0.00%  0 sequences failed composition chi2 test (p-value<5%; df=3)
NOTE: oc43_DELIM-SWBNWBLMMRSTXXBOHFTK_MN026165_DELIM-SWBNWBLMMRSTXXBOHFTK_OC43_KLF_02_2017_DELIM-SWBNWBLMMRSTXXBOHFTK_2017 is identical to oc43_DELIM-SWBNWBLMMRSTXXBOHFTK_KY967360_DELIM-SWBNWBLMMRSTXXBOHFTK_HCoV_OC43_DELIM-SWBNWBLMMRSTXXBOHFTK_Seattle_DELIM-SWBNWBLMMRSTXXBOHFTK_USA_DELIM-SWBNWBLMMRSTXXBOHFTK_SC2476_DELIM-SWBNWBLMMRSTXXBOHFTK_2015_DELIM-SWBNWBLMMRSTXXBOHFTK_2015 but kept for subsequent analysis
NOTE: oc43_DELIM-SWBNWBLMMRSTXXBOHFTK_KF530090_DELIM-SWBNWBLMMRSTXXBOHFTK_OC43_DELIM-SWBNWBLMMRSTXXBOHFTK_human_DELIM-SWBNWBLMMRSTXXBOHFTK_USA_DELIM-SWBNWBLMMRSTXXBOHFTK_931_85_DELIM-SWBNWBLMMRSTXXBOHFTK_1993_DELIM-SWBNWBLMMRSTXXBOHFTK_1993 is identical to oc43_DELIM-SWBNWBLMMRSTXXBOHFTK_KF530074_DELIM-SWBNWBLMMRSTXXBOHFTK_OC43_DELIM-SWBNWBLMMRSTXXBOHFTK_human_DELIM-SWBNWBLMMRSTXXBOHFTK_USA_DELIM-SWBNWBLMMRSTXXBOHFTK_9212_33_DELIM-SWBNWBLMMRSTXXBOHFTK_1992_DELIM-SWBNWBLMMRSTXXBOHFTK_1992 but kept for subsequent analysis
NOTE: oc43_DELIM-SWBNWBLMMRSTXXBOHFTK_KF530075_DELIM-SWBNWBLMMRSTXXBOHFTK_OC43_DELIM-SWBNWBLMMRSTXXBOHFTK_human_DELIM-SWBNWBLMMRSTXXBOHFTK_USA_DELIM-SWBNWBLMMRSTXXBOHFTK_953_23_DELIM-SWBNWBLMMRSTXXBOHFTK_1995_DELIM-SWBNWBLMMRSTXXBOHFTK_1995 is identical to oc43_DELIM-SWBNWBLMMRSTXXBOHFTK_KF530062_DELIM-SWBNWBLMMRSTXXBOHFTK_OC43_DELIM-SWBNWBLMMRSTXXBOHFTK_human_DELIM-SWBNWBLMMRSTXXBOHFTK_USA_DELIM-SWBNWBLMMRSTXXBOHFTK_952_23_DELIM-SWBNWBLMMRSTXXBOHFTK_1995_DELIM-SWBNWBLMMRSTXXBOHFTK_1995 but kept for subsequent analysis
NOTE: oc43_DELIM-SWBNWBLMMRSTXXBOHFTK_KF530064_DELIM-SWBNWBLMMRSTXXBOHFTK_OC43_DELIM-SWBNWBLMMRSTXXBOHFTK_human_DELIM-SWBNWBLMMRSTXXBOHFTK_USA_DELIM-SWBNWBLMMRSTXXBOHFTK_9612_9_DELIM-SWBNWBLMMRSTXXBOHFTK_1996_DELIM-SWBNWBLMMRSTXXBOHFTK_1996 is identical to oc43_DELIM-SWBNWBLMMRSTXXBOHFTK_KF530078_DELIM-SWBNWBLMMRSTXXBOHFTK_OC43_DELIM-SWBNWBLMMRSTXXBOHFTK_human_DELIM-SWBNWBLMMRSTXXBOHFTK_USA_DELIM-SWBNWBLMMRSTXXBOHFTK_9612_29_DELIM-SWBNWBLMMRSTXXBOHFTK_1996_DELIM-SWBNWBLMMRSTXXBOHFTK_1996 but kept for subsequent analysis
NOTE: oc43_DELIM-SWBNWBLMMRSTXXBOHFTK_KF530066_DELIM-SWBNWBLMMRSTXXBOHFTK_OC43_DELIM-SWBNWBLMMRSTXXBOHFTK_human_DELIM-SWBNWBLMMRSTXXBOHFTK_USA_DELIM-SWBNWBLMMRSTXXBOHFTK_901_33_DELIM-SWBNWBLMMRSTXXBOHFTK_1990_DELIM-SWBNWBLMMRSTXXBOHFTK_1990 is identical to oc43_DELIM-SWBNWBLMMRSTXXBOHFTK_KF530073_DELIM-SWBNWBLMMRSTXXBOHFTK_OC43_DELIM-SWBNWBLMMRSTXXBOHFTK_human_DELIM-SWBNWBLMMRSTXXBOHFTK_USA_DELIM-SWBNWBLMMRSTXXBOHFTK_8912_37_DELIM-SWBNWBLMMRSTXXBOHFTK_1989_DELIM-SWBNWBLMMRSTXXBOHFTK_1989 but kept for subsequent analysis
NOTE: oc43_DELIM-SWBNWBLMMRSTXXBOHFTK_KF530083_DELIM-SWBNWBLMMRSTXXBOHFTK_OC43_DELIM-SWBNWBLMMRSTXXBOHFTK_human_DELIM-SWBNWBLMMRSTXXBOHFTK_USA_DELIM-SWBNWBLMMRSTXXBOHFTK_873_19_DELIM-SWBNWBLMMRSTXXBOHFTK_1987_DELIM-SWBNWBLMMRSTXXBOHFTK_1987 is identical to oc43_DELIM-SWBNWBLMMRSTXXBOHFTK_KF530077_DELIM-SWBNWBLMMRSTXXBOHFTK_OC43_DELIM-SWBNWBLMMRSTXXBOHFTK_human_DELIM-SWBNWBLMMRSTXXBOHFTK_USA_DELIM-SWBNWBLMMRSTXXBOHFTK_873_16_DELIM-SWBNWBLMMRSTXXBOHFTK_1987_DELIM-SWBNWBLMMRSTXXBOHFTK_1987 but kept for subsequent analysis
Checking for duplicate sequences: done in 0.000747919 secs using 80.76% CPU
Identifying sites to remove: done in 0.00159383 secs using 99.38% CPU
NOTE: 3 identical sequences (see below) will be ignored for subsequent analysis
NOTE: oc43_DELIM-SWBNWBLMMRSTXXBOHFTK_KF530080_DELIM-SWBNWBLMMRSTXXBOHFTK_OC43_DELIM-SWBNWBLMMRSTXXBOHFTK_human_DELIM-SWBNWBLMMRSTXXBOHFTK_USA_DELIM-SWBNWBLMMRSTXXBOHFTK_9712_31_DELIM-SWBNWBLMMRSTXXBOHFTK_1997_DELIM-SWBNWBLMMRSTXXBOHFTK_1997 (identical to oc43_DELIM-SWBNWBLMMRSTXXBOHFTK_KF530078_DELIM-SWBNWBLMMRSTXXBOHFTK_OC43_DELIM-SWBNWBLMMRSTXXBOHFTK_human_DELIM-SWBNWBLMMRSTXXBOHFTK_USA_DELIM-SWBNWBLMMRSTXXBOHFTK_9612_29_DELIM-SWBNWBLMMRSTXXBOHFTK_1996_DELIM-SWBNWBLMMRSTXXBOHFTK_1996) is ignored but added at the end
NOTE: oc43_DELIM-SWBNWBLMMRSTXXBOHFTK_KF530065_DELIM-SWBNWBLMMRSTXXBOHFTK_OC43_DELIM-SWBNWBLMMRSTXXBOHFTK_human_DELIM-SWBNWBLMMRSTXXBOHFTK_USA_DELIM-SWBNWBLMMRSTXXBOHFTK_901_41_DELIM-SWBNWBLMMRSTXXBOHFTK_1990_DELIM-SWBNWBLMMRSTXXBOHFTK_1990 (identical to oc43_DELIM-SWBNWBLMMRSTXXBOHFTK_KF530073_DELIM-SWBNWBLMMRSTXXBOHFTK_OC43_DELIM-SWBNWBLMMRSTXXBOHFTK_human_DELIM-SWBNWBLMMRSTXXBOHFTK_USA_DELIM-SWBNWBLMMRSTXXBOHFTK_8912_37_DELIM-SWBNWBLMMRSTXXBOHFTK_1989_DELIM-SWBNWBLMMRSTXXBOHFTK_1989) is ignored but added at the end
NOTE: oc43_DELIM-SWBNWBLMMRSTXXBOHFTK_KF530061_DELIM-SWBNWBLMMRSTXXBOHFTK_OC43_DELIM-SWBNWBLMMRSTXXBOHFTK_human_DELIM-SWBNWBLMMRSTXXBOHFTK_USA_DELIM-SWBNWBLMMRSTXXBOHFTK_901_43_DELIM-SWBNWBLMMRSTXXBOHFTK_1990_DELIM-SWBNWBLMMRSTXXBOHFTK_1990 (identical to oc43_DELIM-SWBNWBLMMRSTXXBOHFTK_KF530073_DELIM-SWBNWBLMMRSTXXBOHFTK_OC43_DELIM-SWBNWBLMMRSTXXBOHFTK_human_DELIM-SWBNWBLMMRSTXXBOHFTK_USA_DELIM-SWBNWBLMMRSTXXBOHFTK_8912_37_DELIM-SWBNWBLMMRSTXXBOHFTK_1989_DELIM-SWBNWBLMMRSTXXBOHFTK_1989) is ignored but added at the end
Alignment was printed to results/aligned_oc43_b_nucleocapsid-delim.fasta.uniqueseq.phy

For your convenience alignment with unique sequences printed to results/aligned_oc43_b_nucleocapsid-delim.fasta.uniqueseq.phy

Create initial parsimony tree by phylogenetic likelihood library (PLL)... 0.002 seconds

NOTE: 0 MB RAM (0 GB) is required!
Estimate model parameters (epsilon = 0.500)
1. Initial log-likelihood: -2486.143
2. Current log-likelihood: -2437.405
3. Current log-likelihood: -2434.983
Optimal log-likelihood: -2434.926
Rate parameters:  A-C: 0.21926  A-G: 1.54935  A-T: 0.50182  C-G: 0.00010  C-T: 3.54569  G-T: 1.00000
Base frequencies:  A: 0.295  C: 0.221  G: 0.243  T: 0.241
Parameters optimization took 3 rounds (0.008 sec)
Wrote distance file to... 
Computing ML distances based on estimated model parameters...
Calculating distance matrix: done in 0.00175714 secs using 42.63% CPU
Computing ML distances took 0.001841 sec (of wall-clock time) 0.000792 sec (of CPU time)
Setting up auxiliary I and S matrices: done in 0.000334978 secs using 75.83% CPU
Constructing RapidNJ tree: done in 6.38962e-05 secs using 183.1% CPU
Computing RapidNJ tree took 0.000455 sec (of wall-clock time) 0.000436 sec (of CPU time)
Log-likelihood of RapidNJ tree: -2111.451
--------------------------------------------------------------------
|             INITIALIZING CANDIDATE TREE SET                      |
--------------------------------------------------------------------

Do NNI search on 2 best initial trees
Optimizing NNI: done in 0.000823021 secs using 178.7% CPU
BETTER TREE FOUND at iteration 1: -2111.451
Optimizing NNI: done in 0.00574899 secs using 180.4% CPU
Finish initializing candidate tree set (4)
Current best tree score: -2111.451 / CPU time: 0.008
Number of iterations: 2
TREE SEARCH COMPLETED AFTER 2 ITERATIONS / Time: 0h:0m:0s

--------------------------------------------------------------------
|                    FINALIZING TREE SEARCH                        |
--------------------------------------------------------------------
Performs final model parameters optimization
Estimate model parameters (epsilon = 0.050)
1. Initial log-likelihood: -2111.451
2. Current log-likelihood: -2111.326
Optimal log-likelihood: -2111.301
Rate parameters:  A-C: 0.19299  A-G: 1.42346  A-T: 0.34176  C-G: 0.00010  C-T: 3.56777  G-T: 1.00000
Base frequencies:  A: 0.295  C: 0.221  G: 0.243  T: 0.241
Parameters optimization took 2 rounds (0.002 sec)
BEST SCORE FOUND : -2111.301
Total tree length: 0.023

Total number of iterations: 2
CPU time used for tree search: 0.014 sec (0h:0m:0s)
Wall-clock time used for tree search: 0.008 sec (0h:0m:0s)
Total CPU time used: 0.036 sec (0h:0m:0s)
Total wall-clock time used: 0.038 sec (0h:0m:0s)

Analysis results written to: 
  IQ-TREE report:                results/aligned_oc43_b_nucleocapsid-delim.fasta.iqtree
  Maximum-likelihood tree:       results/aligned_oc43_b_nucleocapsid-delim.fasta.treefile
  Likelihood distances:          results/aligned_oc43_b_nucleocapsid-delim.fasta.mldist
  Screen log file:               results/aligned_oc43_b_nucleocapsid-delim.fasta.log

Date and Time: Fri May 13 12:39:22 2022
