Building DAG of jobs...
Using shell: /bin/bash
Provided cores: 4
Rules claiming more threads will be scaled down.
Job counts:
	count	jobs
	9	align
	1	all
	9	ancestral
	7	download
	9	export
	9	filter
	9	parse
	9	refine
	9	translate
	9	tree
	80

[Wed Apr 15 17:20:16 2020]
Job 51: Downloading sequences from fauna


[Wed Apr 15 17:20:16 2020]
Job 23: Parsing fasta into sequences and metadata


[Wed Apr 15 17:20:16 2020]
Job 19: Parsing fasta into sequences and metadata


[Wed Apr 15 17:20:16 2020]
Job 48: Downloading sequences from fauna

[Wed Apr 15 17:20:16 2020]
Error in rule download:
    jobid: 51
    output: data/oc43_nonstructural2a.fasta
    shell:
        
        python3 ../fauna/vdb/download.py             --database vdb             --virus seasonal_corona             --fasta_fields accession strain virus collection_date country sequence_locus subtype type             --select sequence_locus:nonstructural2a             --path $(dirname data/oc43_nonstructural2a.fasta)             --fstem $(basename data/oc43_nonstructural2a.fasta .fasta)
        
        (one of the commands exited with non-zero exit code; note that snakemake uses bash strict mode!)

[Wed Apr 15 17:20:16 2020]
Error in rule download:
    jobid: 48
    output: data/oc43_replicase1ab.fasta
    shell:
        
        python3 ../fauna/vdb/download.py             --database vdb             --virus seasonal_corona             --fasta_fields accession strain virus collection_date country sequence_locus subtype type             --select sequence_locus:replicase1ab             --path $(dirname data/oc43_replicase1ab.fasta)             --fstem $(basename data/oc43_replicase1ab.fasta .fasta)
        
        (one of the commands exited with non-zero exit code; note that snakemake uses bash strict mode!)

[Wed Apr 15 17:20:19 2020]
Finished job 19.
1 of 80 steps (1%) done
[Wed Apr 15 17:20:19 2020]
Finished job 23.
2 of 80 steps (2%) done
Shutting down, this might take some time.
Exiting because a job execution failed. Look above for error message
Complete log: /Users/katekistler/nextstrain/seasonal-cov/oc43/.snakemake/log/2020-04-15T172016.641349.snakemake.log
