IQ-TREE multicore version 2.2.0-beta COVID-edition for Mac OS X 64-bit built Mar  3 2022 built Mar  3 2022
Developed by Bui Quang Minh, James Barbetti, Nguyen Lam Tung,
Olga Chernomor, Heiko Schmidt, Dominik Schrempf, Michael Woodhams, Ly Trong Nhan.

Host:    macbook-pro-2.fhcrc.org (SSE4.2, 8 GB RAM)
Command: iqtree2 -nt 1 -s results/aligned_oc43_he-delim.fasta -m GTR -ninit 2 -n 2 -me 0.05
Seed:    524499 (Using SPRNG - Scalable Parallel Random Number Generator)
Time:    Fri May 13 12:27:51 2022
Kernel:  SSE2 - 1 threads (8 CPU cores detected)

HINT: Use -nt option to specify number of threads because your CPU has 8 cores!
HINT: -nt AUTO will automatically determine the best number of threads to use.

Reading alignment file results/aligned_oc43_he-delim.fasta ... Fasta format detected
Reading fasta file: done in 0.002069 secs using 78.88% CPU
Alignment most likely contains DNA/RNA sequences
Constructing alignment: done in 0.00104809 secs using 78.05% CPU
Alignment has 71 sequences with 1275 columns, 120 distinct patterns
64 parsimony-informative, 54 singleton sites, 1157 constant sites
                                                                                                                                                                                                                                                   Gap/Ambiguity  Composition  p-value
Analyzing sequences: done in 1.69277e-05 secs using 82.7% CPU
   1  oc43_DELIM-PMDTGQKLVMMVRXEEQFDY_KF530088_DELIM-PMDTGQKLVMMVRXEEQFDY_OC43_DELIM-PMDTGQKLVMMVRXEEQFDY_human_DELIM-PMDTGQKLVMMVRXEEQFDY_USA_DELIM-PMDTGQKLVMMVRXEEQFDY_901_54_DELIM-PMDTGQKLVMMVRXEEQFDY_1990_DELIM-PMDTGQKLVMMVRXEEQFDY_1990           0.00%    passed     99.99%
   2  oc43_DELIM-PMDTGQKLVMMVRXEEQFDY_KF530091_DELIM-PMDTGQKLVMMVRXEEQFDY_OC43_DELIM-PMDTGQKLVMMVRXEEQFDY_human_DELIM-PMDTGQKLVMMVRXEEQFDY_USA_DELIM-PMDTGQKLVMMVRXEEQFDY_911_58_DELIM-PMDTGQKLVMMVRXEEQFDY_1991_DELIM-PMDTGQKLVMMVRXEEQFDY_1991           0.00%    passed     99.94%
   3  oc43_DELIM-PMDTGQKLVMMVRXEEQFDY_KF530071_DELIM-PMDTGQKLVMMVRXEEQFDY_OC43_DELIM-PMDTGQKLVMMVRXEEQFDY_human_DELIM-PMDTGQKLVMMVRXEEQFDY_USA_DELIM-PMDTGQKLVMMVRXEEQFDY_925_1_DELIM-PMDTGQKLVMMVRXEEQFDY_1992_DELIM-PMDTGQKLVMMVRXEEQFDY_1992            0.00%    passed     99.94%
   4  oc43_DELIM-PMDTGQKLVMMVRXEEQFDY_KF530076_DELIM-PMDTGQKLVMMVRXEEQFDY_OC43_DELIM-PMDTGQKLVMMVRXEEQFDY_human_DELIM-PMDTGQKLVMMVRXEEQFDY_USA_DELIM-PMDTGQKLVMMVRXEEQFDY_911_11_DELIM-PMDTGQKLVMMVRXEEQFDY_1991_DELIM-PMDTGQKLVMMVRXEEQFDY_1991           0.00%    passed     99.99%
   5  oc43_DELIM-PMDTGQKLVMMVRXEEQFDY_KF530096_DELIM-PMDTGQKLVMMVRXEEQFDY_OC43_DELIM-PMDTGQKLVMMVRXEEQFDY_human_DELIM-PMDTGQKLVMMVRXEEQFDY_USA_DELIM-PMDTGQKLVMMVRXEEQFDY_911_38_DELIM-PMDTGQKLVMMVRXEEQFDY_1991_DELIM-PMDTGQKLVMMVRXEEQFDY_1991           0.00%    passed     99.91%
   6  oc43_DELIM-PMDTGQKLVMMVRXEEQFDY_KF530095_DELIM-PMDTGQKLVMMVRXEEQFDY_OC43_DELIM-PMDTGQKLVMMVRXEEQFDY_human_DELIM-PMDTGQKLVMMVRXEEQFDY_USA_DELIM-PMDTGQKLVMMVRXEEQFDY_912_6_DELIM-PMDTGQKLVMMVRXEEQFDY_1991_DELIM-PMDTGQKLVMMVRXEEQFDY_1991            0.00%    passed     99.97%
   7  oc43_DELIM-PMDTGQKLVMMVRXEEQFDY_KF530089_DELIM-PMDTGQKLVMMVRXEEQFDY_OC43_DELIM-PMDTGQKLVMMVRXEEQFDY_human_DELIM-PMDTGQKLVMMVRXEEQFDY_USA_DELIM-PMDTGQKLVMMVRXEEQFDY_911_66_DELIM-PMDTGQKLVMMVRXEEQFDY_1991_DELIM-PMDTGQKLVMMVRXEEQFDY_1991           0.00%    passed     99.86%
   8  oc43_DELIM-PMDTGQKLVMMVRXEEQFDY_KF530082_DELIM-PMDTGQKLVMMVRXEEQFDY_OC43_DELIM-PMDTGQKLVMMVRXEEQFDY_human_DELIM-PMDTGQKLVMMVRXEEQFDY_USA_DELIM-PMDTGQKLVMMVRXEEQFDY_912_11_DELIM-PMDTGQKLVMMVRXEEQFDY_1991_DELIM-PMDTGQKLVMMVRXEEQFDY_1991           0.00%    passed     99.86%
   9  oc43_DELIM-PMDTGQKLVMMVRXEEQFDY_KF530094_DELIM-PMDTGQKLVMMVRXEEQFDY_OC43_DELIM-PMDTGQKLVMMVRXEEQFDY_human_DELIM-PMDTGQKLVMMVRXEEQFDY_USA_DELIM-PMDTGQKLVMMVRXEEQFDY_912_36_DELIM-PMDTGQKLVMMVRXEEQFDY_1991_DELIM-PMDTGQKLVMMVRXEEQFDY_1991           0.00%    passed     99.86%
  10  oc43_DELIM-PMDTGQKLVMMVRXEEQFDY_KF530079_DELIM-PMDTGQKLVMMVRXEEQFDY_OC43_DELIM-PMDTGQKLVMMVRXEEQFDY_human_DELIM-PMDTGQKLVMMVRXEEQFDY_USA_DELIM-PMDTGQKLVMMVRXEEQFDY_913_29_DELIM-PMDTGQKLVMMVRXEEQFDY_1991_DELIM-PMDTGQKLVMMVRXEEQFDY_1991           0.00%    passed     99.97%
  11  oc43_DELIM-PMDTGQKLVMMVRXEEQFDY_KF530067_DELIM-PMDTGQKLVMMVRXEEQFDY_OC43_DELIM-PMDTGQKLVMMVRXEEQFDY_human_DELIM-PMDTGQKLVMMVRXEEQFDY_USA_DELIM-PMDTGQKLVMMVRXEEQFDY_912_10_DELIM-PMDTGQKLVMMVRXEEQFDY_1991_DELIM-PMDTGQKLVMMVRXEEQFDY_1991           0.00%    passed     99.07%
  12  oc43_DELIM-PMDTGQKLVMMVRXEEQFDY_MH121121_DELIM-PMDTGQKLVMMVRXEEQFDY_HCoV_OC43_DELIM-PMDTGQKLVMMVRXEEQFDY_USA_DELIM-PMDTGQKLVMMVRXEEQFDY_ACRI_0213_DELIM-PMDTGQKLVMMVRXEEQFDY_2016_DELIM-PMDTGQKLVMMVRXEEQFDY_2016                                    0.24%    passed     99.51%
  13  oc43_DELIM-PMDTGQKLVMMVRXEEQFDY_MF374984_DELIM-PMDTGQKLVMMVRXEEQFDY_HCoV_OC43_DELIM-PMDTGQKLVMMVRXEEQFDY_USA_DELIM-PMDTGQKLVMMVRXEEQFDY_TCNP_00204_DELIM-PMDTGQKLVMMVRXEEQFDY_2017_DELIM-PMDTGQKLVMMVRXEEQFDY_2017                                   0.24%    passed     99.51%
  14  oc43_DELIM-PMDTGQKLVMMVRXEEQFDY_KY684759_DELIM-PMDTGQKLVMMVRXEEQFDY_HCoV_OC43_DELIM-PMDTGQKLVMMVRXEEQFDY_Seattle_DELIM-PMDTGQKLVMMVRXEEQFDY_USA_DELIM-PMDTGQKLVMMVRXEEQFDY_SC2269_DELIM-PMDTGQKLVMMVRXEEQFDY_2016_DELIM-PMDTGQKLVMMVRXEEQFDY_2016    0.24%    passed     99.51%
  15  oc43_DELIM-PMDTGQKLVMMVRXEEQFDY_KY983583_DELIM-PMDTGQKLVMMVRXEEQFDY_HCoV_OC43_DELIM-PMDTGQKLVMMVRXEEQFDY_Seattle_DELIM-PMDTGQKLVMMVRXEEQFDY_USA_DELIM-PMDTGQKLVMMVRXEEQFDY_SC2481_DELIM-PMDTGQKLVMMVRXEEQFDY_2015_DELIM-PMDTGQKLVMMVRXEEQFDY_2015    0.24%    passed     99.51%
  16  oc43_DELIM-PMDTGQKLVMMVRXEEQFDY_KY967359_DELIM-PMDTGQKLVMMVRXEEQFDY_HCoV_OC43_DELIM-PMDTGQKLVMMVRXEEQFDY_Seattle_DELIM-PMDTGQKLVMMVRXEEQFDY_USA_DELIM-PMDTGQKLVMMVRXEEQFDY_SC2730_DELIM-PMDTGQKLVMMVRXEEQFDY_2015_DELIM-PMDTGQKLVMMVRXEEQFDY_2015    0.24%    passed     99.51%
  17  oc43_DELIM-PMDTGQKLVMMVRXEEQFDY_KY983585_DELIM-PMDTGQKLVMMVRXEEQFDY_HCoV_OC43_DELIM-PMDTGQKLVMMVRXEEQFDY_Seattle_DELIM-PMDTGQKLVMMVRXEEQFDY_USA_DELIM-PMDTGQKLVMMVRXEEQFDY_SC2854_DELIM-PMDTGQKLVMMVRXEEQFDY_2015_DELIM-PMDTGQKLVMMVRXEEQFDY_2015    0.24%    passed     99.51%
  18  oc43_DELIM-PMDTGQKLVMMVRXEEQFDY_KY983588_DELIM-PMDTGQKLVMMVRXEEQFDY_HCoV_OC43_DELIM-PMDTGQKLVMMVRXEEQFDY_Seattle_DELIM-PMDTGQKLVMMVRXEEQFDY_USA_DELIM-PMDTGQKLVMMVRXEEQFDY_SC3118_DELIM-PMDTGQKLVMMVRXEEQFDY_2015_DELIM-PMDTGQKLVMMVRXEEQFDY_2015    0.24%    passed     99.51%
  19  oc43_DELIM-PMDTGQKLVMMVRXEEQFDY_KY369906_DELIM-PMDTGQKLVMMVRXEEQFDY_HCoV_OC43_DELIM-PMDTGQKLVMMVRXEEQFDY_Seattle_DELIM-PMDTGQKLVMMVRXEEQFDY_USA_DELIM-PMDTGQKLVMMVRXEEQFDY_SC622_DELIM-PMDTGQKLVMMVRXEEQFDY_2016_DELIM-PMDTGQKLVMMVRXEEQFDY_2016     0.24%    passed     99.51%
  20  oc43_DELIM-PMDTGQKLVMMVRXEEQFDY_KY369905_DELIM-PMDTGQKLVMMVRXEEQFDY_HCoV_OC43_DELIM-PMDTGQKLVMMVRXEEQFDY_Seattle_DELIM-PMDTGQKLVMMVRXEEQFDY_USA_DELIM-PMDTGQKLVMMVRXEEQFDY_SC831_DELIM-PMDTGQKLVMMVRXEEQFDY_2016_DELIM-PMDTGQKLVMMVRXEEQFDY_2016     0.24%    passed     99.51%
  21  oc43_DELIM-PMDTGQKLVMMVRXEEQFDY_MF374985_DELIM-PMDTGQKLVMMVRXEEQFDY_HCoV_OC43_DELIM-PMDTGQKLVMMVRXEEQFDY_USA_DELIM-PMDTGQKLVMMVRXEEQFDY_TCNP_00212_DELIM-PMDTGQKLVMMVRXEEQFDY_2017_DELIM-PMDTGQKLVMMVRXEEQFDY_2017                                   0.24%    passed     99.13%
  22  oc43_DELIM-PMDTGQKLVMMVRXEEQFDY_KY369907_DELIM-PMDTGQKLVMMVRXEEQFDY_HCoV_OC43_DELIM-PMDTGQKLVMMVRXEEQFDY_Seattle_DELIM-PMDTGQKLVMMVRXEEQFDY_USA_DELIM-PMDTGQKLVMMVRXEEQFDY_SC9741_DELIM-PMDTGQKLVMMVRXEEQFDY_2016_DELIM-PMDTGQKLVMMVRXEEQFDY_2016    0.24%    passed     99.13%
  23  oc43_DELIM-PMDTGQKLVMMVRXEEQFDY_KY967361_DELIM-PMDTGQKLVMMVRXEEQFDY_HCoV_OC43_DELIM-PMDTGQKLVMMVRXEEQFDY_Seattle_DELIM-PMDTGQKLVMMVRXEEQFDY_USA_DELIM-PMDTGQKLVMMVRXEEQFDY_SC2345_DELIM-PMDTGQKLVMMVRXEEQFDY_2015_DELIM-PMDTGQKLVMMVRXEEQFDY_2015    0.24%    passed     99.74%
  24  oc43_DELIM-PMDTGQKLVMMVRXEEQFDY_MN310478_DELIM-PMDTGQKLVMMVRXEEQFDY_HCoV_OC43_DELIM-PMDTGQKLVMMVRXEEQFDY_Seattle_DELIM-PMDTGQKLVMMVRXEEQFDY_USA_DELIM-PMDTGQKLVMMVRXEEQFDY_SC0776_DELIM-PMDTGQKLVMMVRXEEQFDY_2019_DELIM-PMDTGQKLVMMVRXEEQFDY_2019    0.24%    passed     99.51%
  25  oc43_DELIM-PMDTGQKLVMMVRXEEQFDY_MN306042_DELIM-PMDTGQKLVMMVRXEEQFDY_HCoV_OC43_DELIM-PMDTGQKLVMMVRXEEQFDY_Seattle_DELIM-PMDTGQKLVMMVRXEEQFDY_USA_DELIM-PMDTGQKLVMMVRXEEQFDY_SC0839_DELIM-PMDTGQKLVMMVRXEEQFDY_2019_DELIM-PMDTGQKLVMMVRXEEQFDY_2019    0.24%    passed     99.07%
  26  oc43_DELIM-PMDTGQKLVMMVRXEEQFDY_MN306041_DELIM-PMDTGQKLVMMVRXEEQFDY_HCoV_OC43_DELIM-PMDTGQKLVMMVRXEEQFDY_Seattle_DELIM-PMDTGQKLVMMVRXEEQFDY_USA_DELIM-PMDTGQKLVMMVRXEEQFDY_SC0810_DELIM-PMDTGQKLVMMVRXEEQFDY_2019_DELIM-PMDTGQKLVMMVRXEEQFDY_2019    0.24%    passed     98.37%
  27  oc43_DELIM-PMDTGQKLVMMVRXEEQFDY_MF374983_DELIM-PMDTGQKLVMMVRXEEQFDY_HCoV_OC43_DELIM-PMDTGQKLVMMVRXEEQFDY_USA_DELIM-PMDTGQKLVMMVRXEEQFDY_TCNP_0070_DELIM-PMDTGQKLVMMVRXEEQFDY_2016_DELIM-PMDTGQKLVMMVRXEEQFDY_2016                                    0.24%    passed     98.37%
  28  oc43_DELIM-PMDTGQKLVMMVRXEEQFDY_KY967358_DELIM-PMDTGQKLVMMVRXEEQFDY_HCoV_OC43_DELIM-PMDTGQKLVMMVRXEEQFDY_Seattle_DELIM-PMDTGQKLVMMVRXEEQFDY_USA_DELIM-PMDTGQKLVMMVRXEEQFDY_SC2770_DELIM-PMDTGQKLVMMVRXEEQFDY_2015_DELIM-PMDTGQKLVMMVRXEEQFDY_2015    0.24%    passed     99.02%
  29  oc43_DELIM-PMDTGQKLVMMVRXEEQFDY_MN306036_DELIM-PMDTGQKLVMMVRXEEQFDY_HCoV_OC43_DELIM-PMDTGQKLVMMVRXEEQFDY_Seattle_DELIM-PMDTGQKLVMMVRXEEQFDY_USA_DELIM-PMDTGQKLVMMVRXEEQFDY_SC0682_DELIM-PMDTGQKLVMMVRXEEQFDY_2019_DELIM-PMDTGQKLVMMVRXEEQFDY_2019    0.24%    passed     98.45%
  30  oc43_DELIM-PMDTGQKLVMMVRXEEQFDY_MN026164_DELIM-PMDTGQKLVMMVRXEEQFDY_OC43_KLF_01_2018_DELIM-PMDTGQKLVMMVRXEEQFDY_2018                                                                                                                                 0.24%    passed     99.55%
  31  oc43_DELIM-PMDTGQKLVMMVRXEEQFDY_MN306053_DELIM-PMDTGQKLVMMVRXEEQFDY_HCoV_OC43_DELIM-PMDTGQKLVMMVRXEEQFDY_Seattle_DELIM-PMDTGQKLVMMVRXEEQFDY_USA_DELIM-PMDTGQKLVMMVRXEEQFDY_SC9430_DELIM-PMDTGQKLVMMVRXEEQFDY_2018_DELIM-PMDTGQKLVMMVRXEEQFDY_2019    0.24%    passed     97.54%
  32  oc43_DELIM-PMDTGQKLVMMVRXEEQFDY_KY967356_DELIM-PMDTGQKLVMMVRXEEQFDY_HCoV_OC43_DELIM-PMDTGQKLVMMVRXEEQFDY_Seattle_DELIM-PMDTGQKLVMMVRXEEQFDY_USA_DELIM-PMDTGQKLVMMVRXEEQFDY_SC2924_DELIM-PMDTGQKLVMMVRXEEQFDY_2015_DELIM-PMDTGQKLVMMVRXEEQFDY_2015    0.24%    passed     96.50%
  33  oc43_DELIM-PMDTGQKLVMMVRXEEQFDY_JN129835_DELIM-PMDTGQKLVMMVRXEEQFDY_HK04_02_DELIM-PMDTGQKLVMMVRXEEQFDY_2004                                                                                                                                          0.24%    passed     99.93%
  34  oc43_DELIM-PMDTGQKLVMMVRXEEQFDY_JN129834_DELIM-PMDTGQKLVMMVRXEEQFDY_HK04_01_DELIM-PMDTGQKLVMMVRXEEQFDY_2004                                                                                                                                          0.24%    passed     99.93%
  35  oc43_DELIM-PMDTGQKLVMMVRXEEQFDY_KF530068_DELIM-PMDTGQKLVMMVRXEEQFDY_OC43_DELIM-PMDTGQKLVMMVRXEEQFDY_human_DELIM-PMDTGQKLVMMVRXEEQFDY_USA_DELIM-PMDTGQKLVMMVRXEEQFDY_007_11_DELIM-PMDTGQKLVMMVRXEEQFDY_2000_DELIM-PMDTGQKLVMMVRXEEQFDY_2000           0.24%    passed     99.87%
  36  oc43_DELIM-PMDTGQKLVMMVRXEEQFDY_KF530070_DELIM-PMDTGQKLVMMVRXEEQFDY_OC43_DELIM-PMDTGQKLVMMVRXEEQFDY_human_DELIM-PMDTGQKLVMMVRXEEQFDY_USA_DELIM-PMDTGQKLVMMVRXEEQFDY_991_19_DELIM-PMDTGQKLVMMVRXEEQFDY_1999_DELIM-PMDTGQKLVMMVRXEEQFDY_1999           0.24%    passed     99.87%
  37  oc43_DELIM-PMDTGQKLVMMVRXEEQFDY_KF530081_DELIM-PMDTGQKLVMMVRXEEQFDY_OC43_DELIM-PMDTGQKLVMMVRXEEQFDY_human_DELIM-PMDTGQKLVMMVRXEEQFDY_USA_DELIM-PMDTGQKLVMMVRXEEQFDY_991_5_DELIM-PMDTGQKLVMMVRXEEQFDY_1999_DELIM-PMDTGQKLVMMVRXEEQFDY_1999            0.24%    passed     99.84%
  38  oc43_DELIM-PMDTGQKLVMMVRXEEQFDY_KF530084_DELIM-PMDTGQKLVMMVRXEEQFDY_OC43_DELIM-PMDTGQKLVMMVRXEEQFDY_human_DELIM-PMDTGQKLVMMVRXEEQFDY_USA_DELIM-PMDTGQKLVMMVRXEEQFDY_951_18_DELIM-PMDTGQKLVMMVRXEEQFDY_1995_DELIM-PMDTGQKLVMMVRXEEQFDY_1995           0.24%    passed     99.81%
  39  oc43_DELIM-PMDTGQKLVMMVRXEEQFDY_KF530098_DELIM-PMDTGQKLVMMVRXEEQFDY_OC43_DELIM-PMDTGQKLVMMVRXEEQFDY_human_DELIM-PMDTGQKLVMMVRXEEQFDY_USA_DELIM-PMDTGQKLVMMVRXEEQFDY_965_6_DELIM-PMDTGQKLVMMVRXEEQFDY_1996_DELIM-PMDTGQKLVMMVRXEEQFDY_1996            0.24%    passed     99.49%
  40  oc43_DELIM-PMDTGQKLVMMVRXEEQFDY_KF530063_DELIM-PMDTGQKLVMMVRXEEQFDY_OC43_DELIM-PMDTGQKLVMMVRXEEQFDY_human_DELIM-PMDTGQKLVMMVRXEEQFDY_USA_DELIM-PMDTGQKLVMMVRXEEQFDY_9612_48_DELIM-PMDTGQKLVMMVRXEEQFDY_1996_DELIM-PMDTGQKLVMMVRXEEQFDY_1996          0.24%    passed     99.60%
  41  oc43_DELIM-PMDTGQKLVMMVRXEEQFDY_KF530099_DELIM-PMDTGQKLVMMVRXEEQFDY_OC43_DELIM-PMDTGQKLVMMVRXEEQFDY_human_DELIM-PMDTGQKLVMMVRXEEQFDY_USA_DELIM-PMDTGQKLVMMVRXEEQFDY_971_5_DELIM-PMDTGQKLVMMVRXEEQFDY_1997_DELIM-PMDTGQKLVMMVRXEEQFDY_1997            0.24%    passed     99.60%
  42  oc43_DELIM-PMDTGQKLVMMVRXEEQFDY_KF530069_DELIM-PMDTGQKLVMMVRXEEQFDY_OC43_DELIM-PMDTGQKLVMMVRXEEQFDY_human_DELIM-PMDTGQKLVMMVRXEEQFDY_USA_DELIM-PMDTGQKLVMMVRXEEQFDY_982_4_DELIM-PMDTGQKLVMMVRXEEQFDY_1998_DELIM-PMDTGQKLVMMVRXEEQFDY_1998            0.24%    passed     98.26%
  43  oc43_DELIM-PMDTGQKLVMMVRXEEQFDY_KX344031_DELIM-PMDTGQKLVMMVRXEEQFDY_OC43_DELIM-PMDTGQKLVMMVRXEEQFDY_human_DELIM-PMDTGQKLVMMVRXEEQFDY_Mex_DELIM-PMDTGQKLVMMVRXEEQFDY_LRTI_238_DELIM-PMDTGQKLVMMVRXEEQFDY_2011_DELIM-PMDTGQKLVMMVRXEEQFDY_2011         0.24%    passed     99.53%
  44  oc43_DELIM-PMDTGQKLVMMVRXEEQFDY_MN306043_DELIM-PMDTGQKLVMMVRXEEQFDY_HCoV_OC43_DELIM-PMDTGQKLVMMVRXEEQFDY_Seattle_DELIM-PMDTGQKLVMMVRXEEQFDY_USA_DELIM-PMDTGQKLVMMVRXEEQFDY_SC0841_DELIM-PMDTGQKLVMMVRXEEQFDY_2019_DELIM-PMDTGQKLVMMVRXEEQFDY_2019    0.24%    passed     99.15%
  45  oc43_DELIM-PMDTGQKLVMMVRXEEQFDY_KU131570_DELIM-PMDTGQKLVMMVRXEEQFDY_HCoV_OC43_DELIM-PMDTGQKLVMMVRXEEQFDY_UK_DELIM-PMDTGQKLVMMVRXEEQFDY_London_DELIM-PMDTGQKLVMMVRXEEQFDY_2011_DELIM-PMDTGQKLVMMVRXEEQFDY_2011                                        0.24%    passed     98.97%
  46  oc43_DELIM-PMDTGQKLVMMVRXEEQFDY_MF314143_DELIM-PMDTGQKLVMMVRXEEQFDY_HCoV_OC43_DELIM-PMDTGQKLVMMVRXEEQFDY_USA_DELIM-PMDTGQKLVMMVRXEEQFDY_ACRI_0052_DELIM-PMDTGQKLVMMVRXEEQFDY_2016_DELIM-PMDTGQKLVMMVRXEEQFDY_2016                                    0.24%    passed     97.98%
  47  oc43_DELIM-PMDTGQKLVMMVRXEEQFDY_KY967360_DELIM-PMDTGQKLVMMVRXEEQFDY_HCoV_OC43_DELIM-PMDTGQKLVMMVRXEEQFDY_Seattle_DELIM-PMDTGQKLVMMVRXEEQFDY_USA_DELIM-PMDTGQKLVMMVRXEEQFDY_SC2476_DELIM-PMDTGQKLVMMVRXEEQFDY_2015_DELIM-PMDTGQKLVMMVRXEEQFDY_2015    0.24%    passed     99.15%
  48  oc43_DELIM-PMDTGQKLVMMVRXEEQFDY_MN026165_DELIM-PMDTGQKLVMMVRXEEQFDY_OC43_KLF_02_2017_DELIM-PMDTGQKLVMMVRXEEQFDY_2017                                                                                                                                 0.24%    passed     99.40%
  49  oc43_DELIM-PMDTGQKLVMMVRXEEQFDY_MN310476_DELIM-PMDTGQKLVMMVRXEEQFDY_HCoV_OC43_DELIM-PMDTGQKLVMMVRXEEQFDY_Seattle_DELIM-PMDTGQKLVMMVRXEEQFDY_USA_DELIM-PMDTGQKLVMMVRXEEQFDY_SC9428_DELIM-PMDTGQKLVMMVRXEEQFDY_2018_DELIM-PMDTGQKLVMMVRXEEQFDY_2019    0.24%    passed     94.53%
  50  oc43_DELIM-PMDTGQKLVMMVRXEEQFDY_KF530092_DELIM-PMDTGQKLVMMVRXEEQFDY_OC43_DELIM-PMDTGQKLVMMVRXEEQFDY_human_DELIM-PMDTGQKLVMMVRXEEQFDY_USA_DELIM-PMDTGQKLVMMVRXEEQFDY_008_5_DELIM-PMDTGQKLVMMVRXEEQFDY_2000_DELIM-PMDTGQKLVMMVRXEEQFDY_2000            0.00%    passed     99.55%
  51  oc43_DELIM-PMDTGQKLVMMVRXEEQFDY_KF530078_DELIM-PMDTGQKLVMMVRXEEQFDY_OC43_DELIM-PMDTGQKLVMMVRXEEQFDY_human_DELIM-PMDTGQKLVMMVRXEEQFDY_USA_DELIM-PMDTGQKLVMMVRXEEQFDY_9612_29_DELIM-PMDTGQKLVMMVRXEEQFDY_1996_DELIM-PMDTGQKLVMMVRXEEQFDY_1996          0.00%    passed     99.63%
  52  oc43_DELIM-PMDTGQKLVMMVRXEEQFDY_KF530064_DELIM-PMDTGQKLVMMVRXEEQFDY_OC43_DELIM-PMDTGQKLVMMVRXEEQFDY_human_DELIM-PMDTGQKLVMMVRXEEQFDY_USA_DELIM-PMDTGQKLVMMVRXEEQFDY_9612_9_DELIM-PMDTGQKLVMMVRXEEQFDY_1996_DELIM-PMDTGQKLVMMVRXEEQFDY_1996           0.00%    passed     99.63%
  53  oc43_DELIM-PMDTGQKLVMMVRXEEQFDY_KF530072_DELIM-PMDTGQKLVMMVRXEEQFDY_OC43_DELIM-PMDTGQKLVMMVRXEEQFDY_human_DELIM-PMDTGQKLVMMVRXEEQFDY_USA_DELIM-PMDTGQKLVMMVRXEEQFDY_9712_13_DELIM-PMDTGQKLVMMVRXEEQFDY_1997_DELIM-PMDTGQKLVMMVRXEEQFDY_1997          0.00%    passed     99.36%
  54  oc43_DELIM-PMDTGQKLVMMVRXEEQFDY_KF530080_DELIM-PMDTGQKLVMMVRXEEQFDY_OC43_DELIM-PMDTGQKLVMMVRXEEQFDY_human_DELIM-PMDTGQKLVMMVRXEEQFDY_USA_DELIM-PMDTGQKLVMMVRXEEQFDY_9712_31_DELIM-PMDTGQKLVMMVRXEEQFDY_1997_DELIM-PMDTGQKLVMMVRXEEQFDY_1997          0.00%    passed     99.36%
  55  oc43_DELIM-PMDTGQKLVMMVRXEEQFDY_KF530097_DELIM-PMDTGQKLVMMVRXEEQFDY_OC43_DELIM-PMDTGQKLVMMVRXEEQFDY_human_DELIM-PMDTGQKLVMMVRXEEQFDY_USA_DELIM-PMDTGQKLVMMVRXEEQFDY_9211_43_DELIM-PMDTGQKLVMMVRXEEQFDY_1992_DELIM-PMDTGQKLVMMVRXEEQFDY_1992          0.00%    passed     99.60%
  56  oc43_DELIM-PMDTGQKLVMMVRXEEQFDY_KF530074_DELIM-PMDTGQKLVMMVRXEEQFDY_OC43_DELIM-PMDTGQKLVMMVRXEEQFDY_human_DELIM-PMDTGQKLVMMVRXEEQFDY_USA_DELIM-PMDTGQKLVMMVRXEEQFDY_9212_33_DELIM-PMDTGQKLVMMVRXEEQFDY_1992_DELIM-PMDTGQKLVMMVRXEEQFDY_1992          0.00%    passed     99.60%
  57  oc43_DELIM-PMDTGQKLVMMVRXEEQFDY_KF530090_DELIM-PMDTGQKLVMMVRXEEQFDY_OC43_DELIM-PMDTGQKLVMMVRXEEQFDY_human_DELIM-PMDTGQKLVMMVRXEEQFDY_USA_DELIM-PMDTGQKLVMMVRXEEQFDY_931_85_DELIM-PMDTGQKLVMMVRXEEQFDY_1993_DELIM-PMDTGQKLVMMVRXEEQFDY_1993           0.00%    passed     99.31%
  58  oc43_DELIM-PMDTGQKLVMMVRXEEQFDY_KF530059_DELIM-PMDTGQKLVMMVRXEEQFDY_OC43_DELIM-PMDTGQKLVMMVRXEEQFDY_human_DELIM-PMDTGQKLVMMVRXEEQFDY_USA_DELIM-PMDTGQKLVMMVRXEEQFDY_951_15_DELIM-PMDTGQKLVMMVRXEEQFDY_1995_DELIM-PMDTGQKLVMMVRXEEQFDY_1995          43.69%    passed     84.46%
  59  oc43_DELIM-PMDTGQKLVMMVRXEEQFDY_KF530062_DELIM-PMDTGQKLVMMVRXEEQFDY_OC43_DELIM-PMDTGQKLVMMVRXEEQFDY_human_DELIM-PMDTGQKLVMMVRXEEQFDY_USA_DELIM-PMDTGQKLVMMVRXEEQFDY_952_23_DELIM-PMDTGQKLVMMVRXEEQFDY_1995_DELIM-PMDTGQKLVMMVRXEEQFDY_1995          49.80%    passed     84.49%
  60  oc43_DELIM-PMDTGQKLVMMVRXEEQFDY_KF530075_DELIM-PMDTGQKLVMMVRXEEQFDY_OC43_DELIM-PMDTGQKLVMMVRXEEQFDY_human_DELIM-PMDTGQKLVMMVRXEEQFDY_USA_DELIM-PMDTGQKLVMMVRXEEQFDY_953_23_DELIM-PMDTGQKLVMMVRXEEQFDY_1995_DELIM-PMDTGQKLVMMVRXEEQFDY_1995           0.00%    passed     99.75%
  61  oc43_DELIM-PMDTGQKLVMMVRXEEQFDY_KF530093_DELIM-PMDTGQKLVMMVRXEEQFDY_OC43_DELIM-PMDTGQKLVMMVRXEEQFDY_human_DELIM-PMDTGQKLVMMVRXEEQFDY_USA_DELIM-PMDTGQKLVMMVRXEEQFDY_832_27_DELIM-PMDTGQKLVMMVRXEEQFDY_1983_DELIM-PMDTGQKLVMMVRXEEQFDY_1983           0.00%    passed     98.78%
  62  oc43_DELIM-PMDTGQKLVMMVRXEEQFDY_KF530085_DELIM-PMDTGQKLVMMVRXEEQFDY_OC43_DELIM-PMDTGQKLVMMVRXEEQFDY_human_DELIM-PMDTGQKLVMMVRXEEQFDY_USA_DELIM-PMDTGQKLVMMVRXEEQFDY_871_25_DELIM-PMDTGQKLVMMVRXEEQFDY_1987_DELIM-PMDTGQKLVMMVRXEEQFDY_1987           0.00%    passed     98.90%
  63  oc43_DELIM-PMDTGQKLVMMVRXEEQFDY_KF530086_DELIM-PMDTGQKLVMMVRXEEQFDY_OC43_DELIM-PMDTGQKLVMMVRXEEQFDY_human_DELIM-PMDTGQKLVMMVRXEEQFDY_USA_DELIM-PMDTGQKLVMMVRXEEQFDY_872_5_DELIM-PMDTGQKLVMMVRXEEQFDY_1987_DELIM-PMDTGQKLVMMVRXEEQFDY_1987            0.00%    passed     98.00%
  64  oc43_DELIM-PMDTGQKLVMMVRXEEQFDY_KF530083_DELIM-PMDTGQKLVMMVRXEEQFDY_OC43_DELIM-PMDTGQKLVMMVRXEEQFDY_human_DELIM-PMDTGQKLVMMVRXEEQFDY_USA_DELIM-PMDTGQKLVMMVRXEEQFDY_873_19_DELIM-PMDTGQKLVMMVRXEEQFDY_1987_DELIM-PMDTGQKLVMMVRXEEQFDY_1987           0.00%    passed     97.64%
  65  oc43_DELIM-PMDTGQKLVMMVRXEEQFDY_KF530060_DELIM-PMDTGQKLVMMVRXEEQFDY_OC43_DELIM-PMDTGQKLVMMVRXEEQFDY_human_DELIM-PMDTGQKLVMMVRXEEQFDY_USA_DELIM-PMDTGQKLVMMVRXEEQFDY_851_15_DELIM-PMDTGQKLVMMVRXEEQFDY_1985_DELIM-PMDTGQKLVMMVRXEEQFDY_1985           0.00%    passed     97.94%
  66  oc43_DELIM-PMDTGQKLVMMVRXEEQFDY_KF530077_DELIM-PMDTGQKLVMMVRXEEQFDY_OC43_DELIM-PMDTGQKLVMMVRXEEQFDY_human_DELIM-PMDTGQKLVMMVRXEEQFDY_USA_DELIM-PMDTGQKLVMMVRXEEQFDY_873_16_DELIM-PMDTGQKLVMMVRXEEQFDY_1987_DELIM-PMDTGQKLVMMVRXEEQFDY_1987           0.00%    passed     98.90%
  67  oc43_DELIM-PMDTGQKLVMMVRXEEQFDY_KF530087_DELIM-PMDTGQKLVMMVRXEEQFDY_OC43_DELIM-PMDTGQKLVMMVRXEEQFDY_human_DELIM-PMDTGQKLVMMVRXEEQFDY_USA_DELIM-PMDTGQKLVMMVRXEEQFDY_873_6_DELIM-PMDTGQKLVMMVRXEEQFDY_1987_DELIM-PMDTGQKLVMMVRXEEQFDY_1987            0.00%    passed     98.78%
  68  oc43_DELIM-PMDTGQKLVMMVRXEEQFDY_KF530073_DELIM-PMDTGQKLVMMVRXEEQFDY_OC43_DELIM-PMDTGQKLVMMVRXEEQFDY_human_DELIM-PMDTGQKLVMMVRXEEQFDY_USA_DELIM-PMDTGQKLVMMVRXEEQFDY_8912_37_DELIM-PMDTGQKLVMMVRXEEQFDY_1989_DELIM-PMDTGQKLVMMVRXEEQFDY_1989          0.00%    passed     99.27%
  69  oc43_DELIM-PMDTGQKLVMMVRXEEQFDY_KF530066_DELIM-PMDTGQKLVMMVRXEEQFDY_OC43_DELIM-PMDTGQKLVMMVRXEEQFDY_human_DELIM-PMDTGQKLVMMVRXEEQFDY_USA_DELIM-PMDTGQKLVMMVRXEEQFDY_901_33_DELIM-PMDTGQKLVMMVRXEEQFDY_1990_DELIM-PMDTGQKLVMMVRXEEQFDY_1990           0.00%    passed     99.27%
  70  oc43_DELIM-PMDTGQKLVMMVRXEEQFDY_KF530065_DELIM-PMDTGQKLVMMVRXEEQFDY_OC43_DELIM-PMDTGQKLVMMVRXEEQFDY_human_DELIM-PMDTGQKLVMMVRXEEQFDY_USA_DELIM-PMDTGQKLVMMVRXEEQFDY_901_41_DELIM-PMDTGQKLVMMVRXEEQFDY_1990_DELIM-PMDTGQKLVMMVRXEEQFDY_1990           0.00%    passed     99.27%
  71  oc43_DELIM-PMDTGQKLVMMVRXEEQFDY_KF530061_DELIM-PMDTGQKLVMMVRXEEQFDY_OC43_DELIM-PMDTGQKLVMMVRXEEQFDY_human_DELIM-PMDTGQKLVMMVRXEEQFDY_USA_DELIM-PMDTGQKLVMMVRXEEQFDY_901_43_DELIM-PMDTGQKLVMMVRXEEQFDY_1990_DELIM-PMDTGQKLVMMVRXEEQFDY_1990           0.00%    passed     99.27%
****  TOTAL                                                                                                                                                                                                                                                1.44%  0 sequences failed composition chi2 test (p-value<5%; df=3)
NOTE: oc43_DELIM-PMDTGQKLVMMVRXEEQFDY_KF530071_DELIM-PMDTGQKLVMMVRXEEQFDY_OC43_DELIM-PMDTGQKLVMMVRXEEQFDY_human_DELIM-PMDTGQKLVMMVRXEEQFDY_USA_DELIM-PMDTGQKLVMMVRXEEQFDY_925_1_DELIM-PMDTGQKLVMMVRXEEQFDY_1992_DELIM-PMDTGQKLVMMVRXEEQFDY_1992 is identical to oc43_DELIM-PMDTGQKLVMMVRXEEQFDY_KF530091_DELIM-PMDTGQKLVMMVRXEEQFDY_OC43_DELIM-PMDTGQKLVMMVRXEEQFDY_human_DELIM-PMDTGQKLVMMVRXEEQFDY_USA_DELIM-PMDTGQKLVMMVRXEEQFDY_911_58_DELIM-PMDTGQKLVMMVRXEEQFDY_1991_DELIM-PMDTGQKLVMMVRXEEQFDY_1991 but kept for subsequent analysis
NOTE: oc43_DELIM-PMDTGQKLVMMVRXEEQFDY_KF530082_DELIM-PMDTGQKLVMMVRXEEQFDY_OC43_DELIM-PMDTGQKLVMMVRXEEQFDY_human_DELIM-PMDTGQKLVMMVRXEEQFDY_USA_DELIM-PMDTGQKLVMMVRXEEQFDY_912_11_DELIM-PMDTGQKLVMMVRXEEQFDY_1991_DELIM-PMDTGQKLVMMVRXEEQFDY_1991 is identical to oc43_DELIM-PMDTGQKLVMMVRXEEQFDY_KF530089_DELIM-PMDTGQKLVMMVRXEEQFDY_OC43_DELIM-PMDTGQKLVMMVRXEEQFDY_human_DELIM-PMDTGQKLVMMVRXEEQFDY_USA_DELIM-PMDTGQKLVMMVRXEEQFDY_911_66_DELIM-PMDTGQKLVMMVRXEEQFDY_1991_DELIM-PMDTGQKLVMMVRXEEQFDY_1991 but kept for subsequent analysis
NOTE: oc43_DELIM-PMDTGQKLVMMVRXEEQFDY_MF374984_DELIM-PMDTGQKLVMMVRXEEQFDY_HCoV_OC43_DELIM-PMDTGQKLVMMVRXEEQFDY_USA_DELIM-PMDTGQKLVMMVRXEEQFDY_TCNP_00204_DELIM-PMDTGQKLVMMVRXEEQFDY_2017_DELIM-PMDTGQKLVMMVRXEEQFDY_2017 is identical to oc43_DELIM-PMDTGQKLVMMVRXEEQFDY_MH121121_DELIM-PMDTGQKLVMMVRXEEQFDY_HCoV_OC43_DELIM-PMDTGQKLVMMVRXEEQFDY_USA_DELIM-PMDTGQKLVMMVRXEEQFDY_ACRI_0213_DELIM-PMDTGQKLVMMVRXEEQFDY_2016_DELIM-PMDTGQKLVMMVRXEEQFDY_2016 but kept for subsequent analysis
NOTE: oc43_DELIM-PMDTGQKLVMMVRXEEQFDY_KY369907_DELIM-PMDTGQKLVMMVRXEEQFDY_HCoV_OC43_DELIM-PMDTGQKLVMMVRXEEQFDY_Seattle_DELIM-PMDTGQKLVMMVRXEEQFDY_USA_DELIM-PMDTGQKLVMMVRXEEQFDY_SC9741_DELIM-PMDTGQKLVMMVRXEEQFDY_2016_DELIM-PMDTGQKLVMMVRXEEQFDY_2016 is identical to oc43_DELIM-PMDTGQKLVMMVRXEEQFDY_MF374985_DELIM-PMDTGQKLVMMVRXEEQFDY_HCoV_OC43_DELIM-PMDTGQKLVMMVRXEEQFDY_USA_DELIM-PMDTGQKLVMMVRXEEQFDY_TCNP_00212_DELIM-PMDTGQKLVMMVRXEEQFDY_2017_DELIM-PMDTGQKLVMMVRXEEQFDY_2017 but kept for subsequent analysis
NOTE: oc43_DELIM-PMDTGQKLVMMVRXEEQFDY_KF530070_DELIM-PMDTGQKLVMMVRXEEQFDY_OC43_DELIM-PMDTGQKLVMMVRXEEQFDY_human_DELIM-PMDTGQKLVMMVRXEEQFDY_USA_DELIM-PMDTGQKLVMMVRXEEQFDY_991_19_DELIM-PMDTGQKLVMMVRXEEQFDY_1999_DELIM-PMDTGQKLVMMVRXEEQFDY_1999 is identical to oc43_DELIM-PMDTGQKLVMMVRXEEQFDY_KF530068_DELIM-PMDTGQKLVMMVRXEEQFDY_OC43_DELIM-PMDTGQKLVMMVRXEEQFDY_human_DELIM-PMDTGQKLVMMVRXEEQFDY_USA_DELIM-PMDTGQKLVMMVRXEEQFDY_007_11_DELIM-PMDTGQKLVMMVRXEEQFDY_2000_DELIM-PMDTGQKLVMMVRXEEQFDY_2000 but kept for subsequent analysis
NOTE: oc43_DELIM-PMDTGQKLVMMVRXEEQFDY_KF530064_DELIM-PMDTGQKLVMMVRXEEQFDY_OC43_DELIM-PMDTGQKLVMMVRXEEQFDY_human_DELIM-PMDTGQKLVMMVRXEEQFDY_USA_DELIM-PMDTGQKLVMMVRXEEQFDY_9612_9_DELIM-PMDTGQKLVMMVRXEEQFDY_1996_DELIM-PMDTGQKLVMMVRXEEQFDY_1996 is identical to oc43_DELIM-PMDTGQKLVMMVRXEEQFDY_KF530078_DELIM-PMDTGQKLVMMVRXEEQFDY_OC43_DELIM-PMDTGQKLVMMVRXEEQFDY_human_DELIM-PMDTGQKLVMMVRXEEQFDY_USA_DELIM-PMDTGQKLVMMVRXEEQFDY_9612_29_DELIM-PMDTGQKLVMMVRXEEQFDY_1996_DELIM-PMDTGQKLVMMVRXEEQFDY_1996 but kept for subsequent analysis
NOTE: oc43_DELIM-PMDTGQKLVMMVRXEEQFDY_KF530080_DELIM-PMDTGQKLVMMVRXEEQFDY_OC43_DELIM-PMDTGQKLVMMVRXEEQFDY_human_DELIM-PMDTGQKLVMMVRXEEQFDY_USA_DELIM-PMDTGQKLVMMVRXEEQFDY_9712_31_DELIM-PMDTGQKLVMMVRXEEQFDY_1997_DELIM-PMDTGQKLVMMVRXEEQFDY_1997 is identical to oc43_DELIM-PMDTGQKLVMMVRXEEQFDY_KF530072_DELIM-PMDTGQKLVMMVRXEEQFDY_OC43_DELIM-PMDTGQKLVMMVRXEEQFDY_human_DELIM-PMDTGQKLVMMVRXEEQFDY_USA_DELIM-PMDTGQKLVMMVRXEEQFDY_9712_13_DELIM-PMDTGQKLVMMVRXEEQFDY_1997_DELIM-PMDTGQKLVMMVRXEEQFDY_1997 but kept for subsequent analysis
NOTE: oc43_DELIM-PMDTGQKLVMMVRXEEQFDY_KF530074_DELIM-PMDTGQKLVMMVRXEEQFDY_OC43_DELIM-PMDTGQKLVMMVRXEEQFDY_human_DELIM-PMDTGQKLVMMVRXEEQFDY_USA_DELIM-PMDTGQKLVMMVRXEEQFDY_9212_33_DELIM-PMDTGQKLVMMVRXEEQFDY_1992_DELIM-PMDTGQKLVMMVRXEEQFDY_1992 is identical to oc43_DELIM-PMDTGQKLVMMVRXEEQFDY_KF530097_DELIM-PMDTGQKLVMMVRXEEQFDY_OC43_DELIM-PMDTGQKLVMMVRXEEQFDY_human_DELIM-PMDTGQKLVMMVRXEEQFDY_USA_DELIM-PMDTGQKLVMMVRXEEQFDY_9211_43_DELIM-PMDTGQKLVMMVRXEEQFDY_1992_DELIM-PMDTGQKLVMMVRXEEQFDY_1992 but kept for subsequent analysis
NOTE: oc43_DELIM-PMDTGQKLVMMVRXEEQFDY_KF530066_DELIM-PMDTGQKLVMMVRXEEQFDY_OC43_DELIM-PMDTGQKLVMMVRXEEQFDY_human_DELIM-PMDTGQKLVMMVRXEEQFDY_USA_DELIM-PMDTGQKLVMMVRXEEQFDY_901_33_DELIM-PMDTGQKLVMMVRXEEQFDY_1990_DELIM-PMDTGQKLVMMVRXEEQFDY_1990 is identical to oc43_DELIM-PMDTGQKLVMMVRXEEQFDY_KF530073_DELIM-PMDTGQKLVMMVRXEEQFDY_OC43_DELIM-PMDTGQKLVMMVRXEEQFDY_human_DELIM-PMDTGQKLVMMVRXEEQFDY_USA_DELIM-PMDTGQKLVMMVRXEEQFDY_8912_37_DELIM-PMDTGQKLVMMVRXEEQFDY_1989_DELIM-PMDTGQKLVMMVRXEEQFDY_1989 but kept for subsequent analysis
Checking for duplicate sequences: done in 0.00050807 secs using 87.78% CPU
Identifying sites to remove: done in 0.000849009 secs using 98.7% CPU
NOTE: 10 identical sequences (see below) will be ignored for subsequent analysis
NOTE: oc43_DELIM-PMDTGQKLVMMVRXEEQFDY_KF530094_DELIM-PMDTGQKLVMMVRXEEQFDY_OC43_DELIM-PMDTGQKLVMMVRXEEQFDY_human_DELIM-PMDTGQKLVMMVRXEEQFDY_USA_DELIM-PMDTGQKLVMMVRXEEQFDY_912_36_DELIM-PMDTGQKLVMMVRXEEQFDY_1991_DELIM-PMDTGQKLVMMVRXEEQFDY_1991 (identical to oc43_DELIM-PMDTGQKLVMMVRXEEQFDY_KF530089_DELIM-PMDTGQKLVMMVRXEEQFDY_OC43_DELIM-PMDTGQKLVMMVRXEEQFDY_human_DELIM-PMDTGQKLVMMVRXEEQFDY_USA_DELIM-PMDTGQKLVMMVRXEEQFDY_911_66_DELIM-PMDTGQKLVMMVRXEEQFDY_1991_DELIM-PMDTGQKLVMMVRXEEQFDY_1991) is ignored but added at the end
NOTE: oc43_DELIM-PMDTGQKLVMMVRXEEQFDY_KY684759_DELIM-PMDTGQKLVMMVRXEEQFDY_HCoV_OC43_DELIM-PMDTGQKLVMMVRXEEQFDY_Seattle_DELIM-PMDTGQKLVMMVRXEEQFDY_USA_DELIM-PMDTGQKLVMMVRXEEQFDY_SC2269_DELIM-PMDTGQKLVMMVRXEEQFDY_2016_DELIM-PMDTGQKLVMMVRXEEQFDY_2016 (identical to oc43_DELIM-PMDTGQKLVMMVRXEEQFDY_MH121121_DELIM-PMDTGQKLVMMVRXEEQFDY_HCoV_OC43_DELIM-PMDTGQKLVMMVRXEEQFDY_USA_DELIM-PMDTGQKLVMMVRXEEQFDY_ACRI_0213_DELIM-PMDTGQKLVMMVRXEEQFDY_2016_DELIM-PMDTGQKLVMMVRXEEQFDY_2016) is ignored but added at the end
NOTE: oc43_DELIM-PMDTGQKLVMMVRXEEQFDY_KY983583_DELIM-PMDTGQKLVMMVRXEEQFDY_HCoV_OC43_DELIM-PMDTGQKLVMMVRXEEQFDY_Seattle_DELIM-PMDTGQKLVMMVRXEEQFDY_USA_DELIM-PMDTGQKLVMMVRXEEQFDY_SC2481_DELIM-PMDTGQKLVMMVRXEEQFDY_2015_DELIM-PMDTGQKLVMMVRXEEQFDY_2015 (identical to oc43_DELIM-PMDTGQKLVMMVRXEEQFDY_MH121121_DELIM-PMDTGQKLVMMVRXEEQFDY_HCoV_OC43_DELIM-PMDTGQKLVMMVRXEEQFDY_USA_DELIM-PMDTGQKLVMMVRXEEQFDY_ACRI_0213_DELIM-PMDTGQKLVMMVRXEEQFDY_2016_DELIM-PMDTGQKLVMMVRXEEQFDY_2016) is ignored but added at the end
NOTE: oc43_DELIM-PMDTGQKLVMMVRXEEQFDY_KY967359_DELIM-PMDTGQKLVMMVRXEEQFDY_HCoV_OC43_DELIM-PMDTGQKLVMMVRXEEQFDY_Seattle_DELIM-PMDTGQKLVMMVRXEEQFDY_USA_DELIM-PMDTGQKLVMMVRXEEQFDY_SC2730_DELIM-PMDTGQKLVMMVRXEEQFDY_2015_DELIM-PMDTGQKLVMMVRXEEQFDY_2015 (identical to oc43_DELIM-PMDTGQKLVMMVRXEEQFDY_MH121121_DELIM-PMDTGQKLVMMVRXEEQFDY_HCoV_OC43_DELIM-PMDTGQKLVMMVRXEEQFDY_USA_DELIM-PMDTGQKLVMMVRXEEQFDY_ACRI_0213_DELIM-PMDTGQKLVMMVRXEEQFDY_2016_DELIM-PMDTGQKLVMMVRXEEQFDY_2016) is ignored but added at the end
NOTE: oc43_DELIM-PMDTGQKLVMMVRXEEQFDY_KY983585_DELIM-PMDTGQKLVMMVRXEEQFDY_HCoV_OC43_DELIM-PMDTGQKLVMMVRXEEQFDY_Seattle_DELIM-PMDTGQKLVMMVRXEEQFDY_USA_DELIM-PMDTGQKLVMMVRXEEQFDY_SC2854_DELIM-PMDTGQKLVMMVRXEEQFDY_2015_DELIM-PMDTGQKLVMMVRXEEQFDY_2015 (identical to oc43_DELIM-PMDTGQKLVMMVRXEEQFDY_MH121121_DELIM-PMDTGQKLVMMVRXEEQFDY_HCoV_OC43_DELIM-PMDTGQKLVMMVRXEEQFDY_USA_DELIM-PMDTGQKLVMMVRXEEQFDY_ACRI_0213_DELIM-PMDTGQKLVMMVRXEEQFDY_2016_DELIM-PMDTGQKLVMMVRXEEQFDY_2016) is ignored but added at the end
NOTE: oc43_DELIM-PMDTGQKLVMMVRXEEQFDY_KY983588_DELIM-PMDTGQKLVMMVRXEEQFDY_HCoV_OC43_DELIM-PMDTGQKLVMMVRXEEQFDY_Seattle_DELIM-PMDTGQKLVMMVRXEEQFDY_USA_DELIM-PMDTGQKLVMMVRXEEQFDY_SC3118_DELIM-PMDTGQKLVMMVRXEEQFDY_2015_DELIM-PMDTGQKLVMMVRXEEQFDY_2015 (identical to oc43_DELIM-PMDTGQKLVMMVRXEEQFDY_MH121121_DELIM-PMDTGQKLVMMVRXEEQFDY_HCoV_OC43_DELIM-PMDTGQKLVMMVRXEEQFDY_USA_DELIM-PMDTGQKLVMMVRXEEQFDY_ACRI_0213_DELIM-PMDTGQKLVMMVRXEEQFDY_2016_DELIM-PMDTGQKLVMMVRXEEQFDY_2016) is ignored but added at the end
NOTE: oc43_DELIM-PMDTGQKLVMMVRXEEQFDY_KY369906_DELIM-PMDTGQKLVMMVRXEEQFDY_HCoV_OC43_DELIM-PMDTGQKLVMMVRXEEQFDY_Seattle_DELIM-PMDTGQKLVMMVRXEEQFDY_USA_DELIM-PMDTGQKLVMMVRXEEQFDY_SC622_DELIM-PMDTGQKLVMMVRXEEQFDY_2016_DELIM-PMDTGQKLVMMVRXEEQFDY_2016 (identical to oc43_DELIM-PMDTGQKLVMMVRXEEQFDY_MH121121_DELIM-PMDTGQKLVMMVRXEEQFDY_HCoV_OC43_DELIM-PMDTGQKLVMMVRXEEQFDY_USA_DELIM-PMDTGQKLVMMVRXEEQFDY_ACRI_0213_DELIM-PMDTGQKLVMMVRXEEQFDY_2016_DELIM-PMDTGQKLVMMVRXEEQFDY_2016) is ignored but added at the end
NOTE: oc43_DELIM-PMDTGQKLVMMVRXEEQFDY_KY369905_DELIM-PMDTGQKLVMMVRXEEQFDY_HCoV_OC43_DELIM-PMDTGQKLVMMVRXEEQFDY_Seattle_DELIM-PMDTGQKLVMMVRXEEQFDY_USA_DELIM-PMDTGQKLVMMVRXEEQFDY_SC831_DELIM-PMDTGQKLVMMVRXEEQFDY_2016_DELIM-PMDTGQKLVMMVRXEEQFDY_2016 (identical to oc43_DELIM-PMDTGQKLVMMVRXEEQFDY_MH121121_DELIM-PMDTGQKLVMMVRXEEQFDY_HCoV_OC43_DELIM-PMDTGQKLVMMVRXEEQFDY_USA_DELIM-PMDTGQKLVMMVRXEEQFDY_ACRI_0213_DELIM-PMDTGQKLVMMVRXEEQFDY_2016_DELIM-PMDTGQKLVMMVRXEEQFDY_2016) is ignored but added at the end
NOTE: oc43_DELIM-PMDTGQKLVMMVRXEEQFDY_KF530065_DELIM-PMDTGQKLVMMVRXEEQFDY_OC43_DELIM-PMDTGQKLVMMVRXEEQFDY_human_DELIM-PMDTGQKLVMMVRXEEQFDY_USA_DELIM-PMDTGQKLVMMVRXEEQFDY_901_41_DELIM-PMDTGQKLVMMVRXEEQFDY_1990_DELIM-PMDTGQKLVMMVRXEEQFDY_1990 (identical to oc43_DELIM-PMDTGQKLVMMVRXEEQFDY_KF530073_DELIM-PMDTGQKLVMMVRXEEQFDY_OC43_DELIM-PMDTGQKLVMMVRXEEQFDY_human_DELIM-PMDTGQKLVMMVRXEEQFDY_USA_DELIM-PMDTGQKLVMMVRXEEQFDY_8912_37_DELIM-PMDTGQKLVMMVRXEEQFDY_1989_DELIM-PMDTGQKLVMMVRXEEQFDY_1989) is ignored but added at the end
NOTE: oc43_DELIM-PMDTGQKLVMMVRXEEQFDY_KF530061_DELIM-PMDTGQKLVMMVRXEEQFDY_OC43_DELIM-PMDTGQKLVMMVRXEEQFDY_human_DELIM-PMDTGQKLVMMVRXEEQFDY_USA_DELIM-PMDTGQKLVMMVRXEEQFDY_901_43_DELIM-PMDTGQKLVMMVRXEEQFDY_1990_DELIM-PMDTGQKLVMMVRXEEQFDY_1990 (identical to oc43_DELIM-PMDTGQKLVMMVRXEEQFDY_KF530073_DELIM-PMDTGQKLVMMVRXEEQFDY_OC43_DELIM-PMDTGQKLVMMVRXEEQFDY_human_DELIM-PMDTGQKLVMMVRXEEQFDY_USA_DELIM-PMDTGQKLVMMVRXEEQFDY_8912_37_DELIM-PMDTGQKLVMMVRXEEQFDY_1989_DELIM-PMDTGQKLVMMVRXEEQFDY_1989) is ignored but added at the end
Alignment was printed to results/aligned_oc43_he-delim.fasta.uniqueseq.phy

For your convenience alignment with unique sequences printed to results/aligned_oc43_he-delim.fasta.uniqueseq.phy

Create initial parsimony tree by phylogenetic likelihood library (PLL)... 0.002 seconds

NOTE: 0 MB RAM (0 GB) is required!
Estimate model parameters (epsilon = 0.500)
1. Initial log-likelihood: -7274.877
2. Current log-likelihood: -6850.292
3. Current log-likelihood: -6840.209
4. Current log-likelihood: -6824.429
5. Current log-likelihood: -6820.722
Optimal log-likelihood: -6820.721
Rate parameters:  A-C: 0.26413  A-G: 1.23541  A-T: 0.38776  C-G: 1.31706  C-T: 4.60892  G-T: 1.00000
Base frequencies:  A: 0.252  C: 0.167  G: 0.188  T: 0.392
Parameters optimization took 5 rounds (0.027 sec)
Wrote distance file to... 
Computing ML distances based on estimated model parameters...
Calculating distance matrix: done in 0.00476098 secs using 93.09% CPU
Computing ML distances took 0.004890 sec (of wall-clock time) 0.004485 sec (of CPU time)
Setting up auxiliary I and S matrices: done in 9.08375e-05 secs using 165.1% CPU
Constructing RapidNJ tree: done in 0.000196934 secs using 177.2% CPU
Computing RapidNJ tree took 0.000323 sec (of wall-clock time) 0.000553 sec (of CPU time)
Log-likelihood of RapidNJ tree: -2745.175
--------------------------------------------------------------------
|             INITIALIZING CANDIDATE TREE SET                      |
--------------------------------------------------------------------

Do NNI search on 2 best initial trees
Optimizing NNI: done in 0.00386119 secs using 193.4% CPU
BETTER TREE FOUND at iteration 1: -2745.175
Optimizing NNI: done in 0.109067 secs using 195.8% CPU
Finish initializing candidate tree set (4)
Current best tree score: -2745.175 / CPU time: 0.116
Number of iterations: 2
TREE SEARCH COMPLETED AFTER 2 ITERATIONS / Time: 0h:0m:0s

--------------------------------------------------------------------
|                    FINALIZING TREE SEARCH                        |
--------------------------------------------------------------------
Performs final model parameters optimization
Estimate model parameters (epsilon = 0.050)
1. Initial log-likelihood: -2745.175
2. Current log-likelihood: -2744.394
Optimal log-likelihood: -2744.394
Rate parameters:  A-C: 0.25251  A-G: 0.97683  A-T: 0.28922  C-G: 1.23775  C-T: 4.75146  G-T: 1.00000
Base frequencies:  A: 0.252  C: 0.167  G: 0.188  T: 0.392
Parameters optimization took 2 rounds (0.007 sec)
BEST SCORE FOUND : -2744.394
Total tree length: 0.112

Total number of iterations: 2
CPU time used for tree search: 0.226 sec (0h:0m:0s)
Wall-clock time used for tree search: 0.116 sec (0h:0m:0s)
Total CPU time used: 0.288 sec (0h:0m:0s)
Total wall-clock time used: 0.177 sec (0h:0m:0s)

Analysis results written to: 
  IQ-TREE report:                results/aligned_oc43_he-delim.fasta.iqtree
  Maximum-likelihood tree:       results/aligned_oc43_he-delim.fasta.treefile
  Likelihood distances:          results/aligned_oc43_he-delim.fasta.mldist
  Screen log file:               results/aligned_oc43_he-delim.fasta.log

Date and Time: Fri May 13 12:27:51 2022
