Building DAG of jobs...
Using shell: /bin/bash
Provided cores: 4
Rules claiming more threads will be scaled down.
Job counts:
	count	jobs
	10	align
	1	all
	10	ancestral
	10	export
	10	filter
	10	parse
	10	refine
	10	translate
	10	tree
	81

[Fri May  8 13:51:39 2020]
Job 12: Parsing fasta into sequences and metadata


[Fri May  8 13:51:39 2020]
Job 48: Parsing fasta into sequences and metadata


[Fri May  8 13:51:40 2020]
Job 20: Parsing fasta into sequences and metadata


[Fri May  8 13:51:40 2020]
Job 16: Parsing fasta into sequences and metadata

[Fri May  8 13:51:49 2020]
Finished job 12.
1 of 81 steps (1%) done

[Fri May  8 13:51:49 2020]
Job 81: 
        Filtering to
          - 5000 sequence(s) per country
          - minimum genome length of 200
        

[Fri May  8 13:51:50 2020]
Finished job 16.
2 of 81 steps (2%) done

[Fri May  8 13:51:50 2020]
Job 82: 
        Filtering to
          - 5000 sequence(s) per country
          - minimum genome length of 200
        

[Fri May  8 13:51:50 2020]
Finished job 20.
3 of 81 steps (4%) done

[Fri May  8 13:51:50 2020]
Job 83: 
        Filtering to
          - 5000 sequence(s) per country
          - minimum genome length of 200
        

[Fri May  8 13:51:50 2020]
Finished job 48.
4 of 81 steps (5%) done

[Fri May  8 13:51:50 2020]
Job 90: 
        Filtering to
          - 5000 sequence(s) per country
          - minimum genome length of 200
        

[Fri May  8 13:51:58 2020]
Finished job 81.
5 of 81 steps (6%) done

[Fri May  8 13:51:58 2020]
Job 52: 
        Aligning sequences to config/229e_replicase1ab_reference.gb
          - filling gaps with N
        

[Fri May  8 13:51:59 2020]
Finished job 83.
6 of 81 steps (7%) done

[Fri May  8 13:51:59 2020]
Job 58: 
        Aligning sequences to config/229e_spike_reference.gb
          - filling gaps with N
        

[Fri May  8 13:51:59 2020]
Finished job 82.
7 of 81 steps (9%) done

[Fri May  8 13:51:59 2020]
Job 55: 
        Aligning sequences to config/229e_replicase1a_reference.gb
          - filling gaps with N
        

[Fri May  8 13:51:59 2020]
Finished job 90.
8 of 81 steps (10%) done

[Fri May  8 13:51:59 2020]
Job 79: 
        Aligning sequences to config/229e_s2_reference.gb
          - filling gaps with N
        

[Fri May  8 13:52:14 2020]
Finished job 79.
9 of 81 steps (11%) done

[Fri May  8 13:52:14 2020]
Job 78: Building tree

[Fri May  8 13:52:20 2020]
Finished job 58.
10 of 81 steps (12%) done

[Fri May  8 13:52:20 2020]
Job 57: Building tree

[Fri May  8 13:52:24 2020]
Finished job 78.
11 of 81 steps (14%) done

[Fri May  8 13:52:24 2020]
Job 47: 
        Refining tree
        

[Fri May  8 13:52:30 2020]
Finished job 57.
12 of 81 steps (15%) done

[Fri May  8 13:52:30 2020]
Job 19: 
        Refining tree
        

[Fri May  8 13:52:38 2020]
Finished job 55.
13 of 81 steps (16%) done

[Fri May  8 13:52:38 2020]
Job 54: Building tree

[Fri May  8 13:52:47 2020]
Finished job 54.
14 of 81 steps (17%) done

[Fri May  8 13:52:47 2020]
Job 15: 
        Refining tree
        

[Fri May  8 13:52:56 2020]
Finished job 52.
15 of 81 steps (19%) done

[Fri May  8 13:52:56 2020]
Job 51: Building tree

[Fri May  8 13:53:09 2020]
Finished job 51.
16 of 81 steps (20%) done

[Fri May  8 13:53:09 2020]
Job 11: 
        Refining tree
        

[Fri May  8 13:59:02 2020]
Finished job 15.
17 of 81 steps (21%) done

[Fri May  8 13:59:02 2020]
Job 17: Reconstructing ancestral sequences and mutations

[Fri May  8 13:59:07 2020]
Finished job 11.
18 of 81 steps (22%) done

[Fri May  8 13:59:07 2020]
Job 13: Reconstructing ancestral sequences and mutations

[Fri May  8 13:59:18 2020]
Finished job 17.
19 of 81 steps (23%) done

[Fri May  8 13:59:18 2020]
Job 18: Translating amino acid sequences

[Fri May  8 13:59:27 2020]
Finished job 13.
20 of 81 steps (25%) done

[Fri May  8 13:59:27 2020]
Job 14: Translating amino acid sequences

[Fri May  8 13:59:29 2020]
Finished job 18.
21 of 81 steps (26%) done

[Fri May  8 13:59:29 2020]
Job 2: Exporting data files for for auspice

[Fri May  8 13:59:38 2020]
Finished job 14.
22 of 81 steps (27%) done

[Fri May  8 13:59:38 2020]
Job 1: Exporting data files for for auspice

[Fri May  8 13:59:40 2020]
Finished job 2.
23 of 81 steps (28%) done

[Fri May  8 13:59:40 2020]
Job 44: Parsing fasta into sequences and metadata

[Fri May  8 13:59:49 2020]
Finished job 1.
24 of 81 steps (30%) done

[Fri May  8 13:59:49 2020]
Job 40: Parsing fasta into sequences and metadata

[Fri May  8 13:59:51 2020]
Finished job 44.
25 of 81 steps (31%) done

[Fri May  8 13:59:51 2020]
Job 89: 
        Filtering to
          - 5000 sequence(s) per country
          - minimum genome length of 200
        

[Fri May  8 14:00:01 2020]
Finished job 40.
26 of 81 steps (32%) done

[Fri May  8 14:00:01 2020]
Job 88: 
        Filtering to
          - 5000 sequence(s) per country
          - minimum genome length of 200
        

[Fri May  8 14:00:04 2020]
Finished job 89.
27 of 81 steps (33%) done

[Fri May  8 14:00:04 2020]
Job 76: 
        Aligning sequences to config/229e_s1_reference.gb
          - filling gaps with N
        

[Fri May  8 14:00:12 2020]
Finished job 88.
28 of 81 steps (35%) done

[Fri May  8 14:00:12 2020]
Job 73: 
        Aligning sequences to config/229e_nucleocapsid_reference.gb
          - filling gaps with N
        

[Fri May  8 14:00:22 2020]
Finished job 76.
29 of 81 steps (36%) done

[Fri May  8 14:00:22 2020]
Job 75: Building tree

[Fri May  8 14:00:30 2020]
Finished job 73.
30 of 81 steps (37%) done

[Fri May  8 14:00:30 2020]
Job 72: Building tree

[Fri May  8 14:00:35 2020]
Finished job 75.
31 of 81 steps (38%) done

[Fri May  8 14:00:35 2020]
Job 43: 
        Refining tree
        

[Fri May  8 14:00:43 2020]
Finished job 72.
32 of 81 steps (40%) done

[Fri May  8 14:00:43 2020]
Job 39: 
        Refining tree
        

[Fri May  8 14:03:03 2020]
Finished job 19.
33 of 81 steps (41%) done

[Fri May  8 14:03:03 2020]
Job 21: Reconstructing ancestral sequences and mutations

[Fri May  8 14:03:19 2020]
Finished job 21.
34 of 81 steps (42%) done

[Fri May  8 14:03:19 2020]
Job 22: Translating amino acid sequences

[Fri May  8 14:03:29 2020]
Finished job 22.
35 of 81 steps (43%) done

[Fri May  8 14:03:29 2020]
Job 3: Exporting data files for for auspice

[Fri May  8 14:03:37 2020]
Finished job 3.
36 of 81 steps (44%) done

[Fri May  8 14:03:37 2020]
Job 36: Parsing fasta into sequences and metadata

[Fri May  8 14:03:45 2020]
Finished job 36.
37 of 81 steps (46%) done

[Fri May  8 14:03:45 2020]
Job 87: 
        Filtering to
          - 5000 sequence(s) per country
          - minimum genome length of 200
        

[Fri May  8 14:03:52 2020]
Finished job 87.
38 of 81 steps (47%) done

[Fri May  8 14:03:52 2020]
Job 70: 
        Aligning sequences to config/229e_membrane_reference.gb
          - filling gaps with N
        

[Fri May  8 14:03:53 2020]
Finished job 47.
39 of 81 steps (48%) done

[Fri May  8 14:03:53 2020]
Job 49: Reconstructing ancestral sequences and mutations

[Fri May  8 14:04:02 2020]
Finished job 70.
40 of 81 steps (49%) done

[Fri May  8 14:04:02 2020]
Job 69: Building tree

[Fri May  8 14:04:04 2020]
Finished job 49.
41 of 81 steps (51%) done

[Fri May  8 14:04:04 2020]
Job 50: Translating amino acid sequences

[Fri May  8 14:04:11 2020]
Finished job 69.
42 of 81 steps (52%) done

[Fri May  8 14:04:11 2020]
Job 35: 
        Refining tree
        

[Fri May  8 14:04:14 2020]
Finished job 50.
43 of 81 steps (53%) done

[Fri May  8 14:04:14 2020]
Job 10: Exporting data files for for auspice

[Fri May  8 14:04:24 2020]
Finished job 10.
44 of 81 steps (54%) done

[Fri May  8 14:04:24 2020]
Job 24: Parsing fasta into sequences and metadata

[Fri May  8 14:04:33 2020]
Finished job 24.
45 of 81 steps (56%) done

[Fri May  8 14:04:33 2020]
Job 84: 
        Filtering to
          - 5000 sequence(s) per country
          - minimum genome length of 200
        

[Fri May  8 14:04:41 2020]
Finished job 84.
46 of 81 steps (57%) done

[Fri May  8 14:04:41 2020]
Job 61: 
        Aligning sequences to config/229e_protein4a_reference.gb
          - filling gaps with N
        

[Fri May  8 14:04:49 2020]
Finished job 61.
47 of 81 steps (58%) done

[Fri May  8 14:04:49 2020]
Job 60: Building tree

[Fri May  8 14:04:58 2020]
Finished job 60.
48 of 81 steps (59%) done

[Fri May  8 14:04:58 2020]
Job 23: 
        Refining tree
        

[Fri May  8 14:07:51 2020]
Finished job 35.
49 of 81 steps (60%) done

[Fri May  8 14:07:51 2020]
Job 37: Reconstructing ancestral sequences and mutations

[Fri May  8 14:08:00 2020]
Finished job 37.
50 of 81 steps (62%) done

[Fri May  8 14:08:00 2020]
Job 38: Translating amino acid sequences

[Fri May  8 14:08:08 2020]
Finished job 38.
51 of 81 steps (63%) done

[Fri May  8 14:08:08 2020]
Job 7: Exporting data files for for auspice

[Fri May  8 14:08:16 2020]
Finished job 7.
52 of 81 steps (64%) done

[Fri May  8 14:08:16 2020]
Job 28: Parsing fasta into sequences and metadata

[Fri May  8 14:08:24 2020]
Finished job 28.
53 of 81 steps (65%) done

[Fri May  8 14:08:24 2020]
Job 85: 
        Filtering to
          - 5000 sequence(s) per country
          - minimum genome length of 200
        

[Fri May  8 14:08:32 2020]
Finished job 85.
54 of 81 steps (67%) done

[Fri May  8 14:08:32 2020]
Job 32: Parsing fasta into sequences and metadata

[Fri May  8 14:08:37 2020]
Finished job 23.
55 of 81 steps (68%) done

[Fri May  8 14:08:37 2020]
Job 25: Reconstructing ancestral sequences and mutations

[Fri May  8 14:08:40 2020]
Finished job 32.
56 of 81 steps (69%) done

[Fri May  8 14:08:40 2020]
Job 86: 
        Filtering to
          - 5000 sequence(s) per country
          - minimum genome length of 200
        

[Fri May  8 14:08:46 2020]
Finished job 25.
57 of 81 steps (70%) done

[Fri May  8 14:08:46 2020]
Job 26: Translating amino acid sequences

[Fri May  8 14:08:48 2020]
Finished job 86.
58 of 81 steps (72%) done

[Fri May  8 14:08:48 2020]
Job 64: 
        Aligning sequences to config/229e_protein4b_reference.gb
          - filling gaps with N
        

[Fri May  8 14:08:54 2020]
Finished job 26.
59 of 81 steps (73%) done

[Fri May  8 14:08:54 2020]
Job 4: Exporting data files for for auspice

[Fri May  8 14:08:58 2020]
Finished job 64.
60 of 81 steps (74%) done

[Fri May  8 14:08:58 2020]
Job 63: Building tree

[Fri May  8 14:09:03 2020]
Finished job 4.
61 of 81 steps (75%) done

[Fri May  8 14:09:03 2020]
Job 67: 
        Aligning sequences to config/229e_envelope_reference.gb
          - filling gaps with N
        

[Fri May  8 14:09:06 2020]
Finished job 63.
62 of 81 steps (77%) done

[Fri May  8 14:09:06 2020]
Job 27: 
        Refining tree
        

[Fri May  8 14:09:11 2020]
Finished job 67.
63 of 81 steps (78%) done

[Fri May  8 14:09:11 2020]
Job 66: Building tree

[Fri May  8 14:09:20 2020]
Finished job 66.
64 of 81 steps (79%) done

[Fri May  8 14:09:20 2020]
Job 31: 
        Refining tree
        

[Fri May  8 14:10:42 2020]
Finished job 43.
65 of 81 steps (80%) done

[Fri May  8 14:10:42 2020]
Job 45: Reconstructing ancestral sequences and mutations

[Fri May  8 14:10:52 2020]
Finished job 45.
66 of 81 steps (81%) done

[Fri May  8 14:10:52 2020]
Job 46: Translating amino acid sequences

[Fri May  8 14:10:59 2020]
Finished job 46.
67 of 81 steps (83%) done

[Fri May  8 14:10:59 2020]
Job 9: Exporting data files for for auspice

[Fri May  8 14:11:08 2020]
Finished job 9.
68 of 81 steps (84%) done
[Fri May  8 14:11:28 2020]
Finished job 27.
69 of 81 steps (85%) done

[Fri May  8 14:11:28 2020]
Job 29: Reconstructing ancestral sequences and mutations

[Fri May  8 14:11:35 2020]
Finished job 29.
70 of 81 steps (86%) done

[Fri May  8 14:11:35 2020]
Job 30: Translating amino acid sequences

[Fri May  8 14:11:43 2020]
Finished job 30.
71 of 81 steps (88%) done

[Fri May  8 14:11:43 2020]
Job 5: Exporting data files for for auspice

[Fri May  8 14:11:50 2020]
Finished job 5.
72 of 81 steps (89%) done
[Fri May  8 14:12:34 2020]
Finished job 31.
73 of 81 steps (90%) done

[Fri May  8 14:12:34 2020]
Job 33: Reconstructing ancestral sequences and mutations

[Fri May  8 14:12:41 2020]
Finished job 33.
74 of 81 steps (91%) done

[Fri May  8 14:12:41 2020]
Job 34: Translating amino acid sequences

[Fri May  8 14:12:49 2020]
Finished job 34.
75 of 81 steps (93%) done

[Fri May  8 14:12:49 2020]
Job 6: Exporting data files for for auspice

[Fri May  8 14:12:56 2020]
Finished job 6.
76 of 81 steps (94%) done
[Fri May  8 14:14:03 2020]
Finished job 39.
77 of 81 steps (95%) done

[Fri May  8 14:14:03 2020]
Job 41: Reconstructing ancestral sequences and mutations

[Fri May  8 14:14:11 2020]
Finished job 41.
78 of 81 steps (96%) done

[Fri May  8 14:14:11 2020]
Job 42: Translating amino acid sequences

[Fri May  8 14:14:18 2020]
Finished job 42.
79 of 81 steps (98%) done

[Fri May  8 14:14:18 2020]
Job 8: Exporting data files for for auspice

[Fri May  8 14:14:23 2020]
Finished job 8.
80 of 81 steps (99%) done

[Fri May  8 14:14:23 2020]
localrule all:
    input: auspice/seasonal_corona_229e_replicase1ab.json, auspice/seasonal_corona_229e_replicase1a.json, auspice/seasonal_corona_229e_spike.json, auspice/seasonal_corona_229e_protein4a.json, auspice/seasonal_corona_229e_protein4b.json, auspice/seasonal_corona_229e_envelope.json, auspice/seasonal_corona_229e_membrane.json, auspice/seasonal_corona_229e_nucleocapsid.json, auspice/seasonal_corona_229e_s1.json, auspice/seasonal_corona_229e_s2.json
    jobid: 0

[Fri May  8 14:14:23 2020]
Finished job 0.
81 of 81 steps (100%) done
Complete log: /Users/katekistler/nextstrain/seasonal-cov/229e/.snakemake/log/2020-05-08T135139.079557.snakemake.log
