Building DAG of jobs...
Using shell: /bin/bash
Provided cores: 4
Rules claiming more threads will be scaled down.
Job counts:
	count	jobs
	3	align
	1	all
	3	ancestral
	3	export
	3	filter
	3	parse
	3	refine
	3	translate
	3	tree
	25

[Wed Sep 16 16:57:26 2020]
Job 9: Parsing fasta into sequences and metadata


[Wed Sep 16 16:57:26 2020]
Job 13: Parsing fasta into sequences and metadata


[Wed Sep 16 16:57:26 2020]
Job 5: Parsing fasta into sequences and metadata

[Wed Sep 16 16:57:29 2020]
Finished job 5.
1 of 25 steps (4%) done
[Wed Sep 16 16:57:29 2020]
Finished job 13.
2 of 25 steps (8%) done

[Wed Sep 16 16:57:29 2020]
Job 25: 
        Filtering to
          - 5000 sequence(s) per country
          - minimum genome length of 200
        


[Wed Sep 16 16:57:29 2020]
Job 27: 
        Filtering to
          - 5000 sequence(s) per country
          - minimum genome length of 200
        

[Wed Sep 16 16:57:29 2020]
Finished job 9.
3 of 25 steps (12%) done

[Wed Sep 16 16:57:29 2020]
Job 26: 
        Filtering to
          - 5000 sequence(s) per country
          - minimum genome length of 200
        

[Wed Sep 16 16:57:33 2020]
Finished job 26.
4 of 25 steps (16%) done

[Wed Sep 16 16:57:33 2020]
Job 20: 
        Aligning sequences to config/229e_s1_reference.gb
          - filling gaps with N
        

[Wed Sep 16 16:57:33 2020]
Finished job 27.
5 of 25 steps (20%) done

[Wed Sep 16 16:57:33 2020]
Job 23: 
        Aligning sequences to config/229e_s2_reference.gb
          - filling gaps with N
        

[Wed Sep 16 16:57:33 2020]
Finished job 25.
6 of 25 steps (24%) done

[Wed Sep 16 16:57:33 2020]
Job 17: 
        Aligning sequences to config/229e_spike_reference.gb
          - filling gaps with N
        

[Wed Sep 16 16:57:41 2020]
Finished job 23.
7 of 25 steps (28%) done

[Wed Sep 16 16:57:41 2020]
Job 22: Building tree

[Wed Sep 16 16:57:42 2020]
Finished job 20.
8 of 25 steps (32%) done

[Wed Sep 16 16:57:42 2020]
Job 19: Building tree

[Wed Sep 16 16:57:44 2020]
Finished job 17.
9 of 25 steps (36%) done

[Wed Sep 16 16:57:44 2020]
Job 16: Building tree

[Wed Sep 16 16:57:46 2020]
Finished job 22.
10 of 25 steps (40%) done

[Wed Sep 16 16:57:46 2020]
Job 12: 
        Refining tree
        

[Wed Sep 16 16:57:46 2020]
Finished job 19.
11 of 25 steps (44%) done

[Wed Sep 16 16:57:46 2020]
Job 8: 
        Refining tree
        

[Wed Sep 16 16:57:49 2020]
Finished job 16.
12 of 25 steps (48%) done

[Wed Sep 16 16:57:49 2020]
Job 4: 
        Refining tree
        

[Wed Sep 16 17:00:26 2020]
Finished job 4.
13 of 25 steps (52%) done

[Wed Sep 16 17:00:26 2020]
Job 6: Reconstructing ancestral sequences and mutations

[Wed Sep 16 17:00:31 2020]
Finished job 6.
14 of 25 steps (56%) done

[Wed Sep 16 17:00:31 2020]
Job 7: Translating amino acid sequences

[Wed Sep 16 17:00:32 2020]
Finished job 12.
15 of 25 steps (60%) done

[Wed Sep 16 17:00:32 2020]
Job 14: Reconstructing ancestral sequences and mutations

[Wed Sep 16 17:00:33 2020]
Finished job 8.
16 of 25 steps (64%) done

[Wed Sep 16 17:00:33 2020]
Job 10: Reconstructing ancestral sequences and mutations

[Wed Sep 16 17:00:36 2020]
Finished job 7.
17 of 25 steps (68%) done

[Wed Sep 16 17:00:36 2020]
Job 1: Exporting data files for for auspice

[Wed Sep 16 17:00:36 2020]
Finished job 14.
18 of 25 steps (72%) done

[Wed Sep 16 17:00:36 2020]
Job 15: Translating amino acid sequences

[Wed Sep 16 17:00:37 2020]
Finished job 10.
19 of 25 steps (76%) done

[Wed Sep 16 17:00:37 2020]
Job 11: Translating amino acid sequences

[Wed Sep 16 17:00:42 2020]
Finished job 15.
20 of 25 steps (80%) done

[Wed Sep 16 17:00:42 2020]
Job 3: Exporting data files for for auspice

[Wed Sep 16 17:00:43 2020]
Finished job 1.
21 of 25 steps (84%) done
[Wed Sep 16 17:00:44 2020]
Finished job 11.
22 of 25 steps (88%) done

[Wed Sep 16 17:00:44 2020]
Job 2: Exporting data files for for auspice

[Wed Sep 16 17:00:47 2020]
Finished job 3.
23 of 25 steps (92%) done
[Wed Sep 16 17:00:48 2020]
Finished job 2.
24 of 25 steps (96%) done

[Wed Sep 16 17:00:48 2020]
localrule all:
    input: auspice/seasonal_corona_229e_spike.json, auspice/seasonal_corona_229e_s1.json, auspice/seasonal_corona_229e_s2.json
    jobid: 0

[Wed Sep 16 17:00:48 2020]
Finished job 0.
25 of 25 steps (100%) done
Complete log: /Users/katekistler/nextstrain/seasonal-cov/229e/.snakemake/log/2020-09-16T165725.904963.snakemake.log
