Building DAG of jobs...
Using shell: /bin/bash
Provided cores: 4
Rules claiming more threads will be scaled down.
Job counts:
	count	jobs
	8	align
	1	all
	8	ancestral
	8	export
	8	filter
	8	parse
	8	refine
	8	translate
	8	tree
	65

[Sat Apr 18 15:12:14 2020]
Job 10: Parsing fasta into sequences and metadata


[Sat Apr 18 15:12:14 2020]
Job 18: Parsing fasta into sequences and metadata


[Sat Apr 18 15:12:14 2020]
Job 38: Parsing fasta into sequences and metadata


[Sat Apr 18 15:12:14 2020]
Job 14: Parsing fasta into sequences and metadata

[Sat Apr 18 15:12:19 2020]
Finished job 18.
1 of 65 steps (2%) done

[Sat Apr 18 15:12:19 2020]
Job 67: 
        Filtering to
          - 5000 sequence(s) per country
          - minimum genome length of 200
        

[Sat Apr 18 15:12:19 2020]
Finished job 10.
2 of 65 steps (3%) done
[Sat Apr 18 15:12:19 2020]
Finished job 38.
3 of 65 steps (5%) done

[Sat Apr 18 15:12:19 2020]
Job 72: 
        Filtering to
          - 5000 sequence(s) per country
          - minimum genome length of 200
        


[Sat Apr 18 15:12:19 2020]
Job 65: 
        Filtering to
          - 5000 sequence(s) per country
          - minimum genome length of 200
        

[Sat Apr 18 15:12:19 2020]
Finished job 14.
4 of 65 steps (6%) done

[Sat Apr 18 15:12:19 2020]
Job 66: 
        Filtering to
          - 5000 sequence(s) per country
          - minimum genome length of 200
        

[Sat Apr 18 15:12:24 2020]
Finished job 67.
5 of 65 steps (8%) done

[Sat Apr 18 15:12:24 2020]
Job 48: 
        Aligning sequences to config/229e_spike_reference.gb
          - filling gaps with N
        

[Sat Apr 18 15:12:24 2020]
Finished job 72.
6 of 65 steps (9%) done
[Sat Apr 18 15:12:24 2020]
Finished job 65.
7 of 65 steps (11%) done

[Sat Apr 18 15:12:24 2020]
Job 63: 
        Aligning sequences to config/229e_nucleocapsid_reference.gb
          - filling gaps with N
        


[Sat Apr 18 15:12:24 2020]
Job 42: 
        Aligning sequences to config/229e_replicase1ab_reference.gb
          - filling gaps with N
        

[Sat Apr 18 15:12:24 2020]
Finished job 66.
8 of 65 steps (12%) done

[Sat Apr 18 15:12:24 2020]
Job 45: 
        Aligning sequences to config/229e_replicase1a_reference.gb
          - filling gaps with N
        

[Sat Apr 18 15:12:31 2020]
Finished job 63.
9 of 65 steps (14%) done

[Sat Apr 18 15:12:31 2020]
Job 62: Building tree

[Sat Apr 18 15:12:36 2020]
Finished job 48.
10 of 65 steps (15%) done

[Sat Apr 18 15:12:36 2020]
Job 47: Building tree

[Sat Apr 18 15:12:37 2020]
Finished job 62.
11 of 65 steps (17%) done

[Sat Apr 18 15:12:37 2020]
Job 37: 
        Refining tree
        

[Sat Apr 18 15:12:45 2020]
Finished job 47.
12 of 65 steps (18%) done

[Sat Apr 18 15:12:45 2020]
Job 17: 
        Refining tree
        

[Sat Apr 18 15:12:53 2020]
Finished job 45.
13 of 65 steps (20%) done

[Sat Apr 18 15:12:53 2020]
Job 44: Building tree

[Sat Apr 18 15:13:01 2020]
Finished job 44.
14 of 65 steps (22%) done

[Sat Apr 18 15:13:01 2020]
Job 13: 
        Refining tree
        

[Sat Apr 18 15:13:10 2020]
Finished job 42.
15 of 65 steps (23%) done

[Sat Apr 18 15:13:10 2020]
Job 41: Building tree

[Sat Apr 18 15:13:20 2020]
Finished job 41.
16 of 65 steps (25%) done

[Sat Apr 18 15:13:20 2020]
Job 9: 
        Refining tree
        

[Sat Apr 18 15:19:13 2020]
Finished job 9.
17 of 65 steps (26%) done

[Sat Apr 18 15:19:13 2020]
Job 11: Reconstructing ancestral sequences and mutations

[Sat Apr 18 15:19:25 2020]
Finished job 13.
18 of 65 steps (28%) done

[Sat Apr 18 15:19:25 2020]
Job 15: Reconstructing ancestral sequences and mutations

[Sat Apr 18 15:19:32 2020]
Finished job 11.
19 of 65 steps (29%) done

[Sat Apr 18 15:19:32 2020]
Job 12: Translating amino acid sequences

[Sat Apr 18 15:19:41 2020]
Finished job 15.
20 of 65 steps (31%) done

[Sat Apr 18 15:19:41 2020]
Job 16: Translating amino acid sequences

[Sat Apr 18 15:19:42 2020]
Finished job 12.
21 of 65 steps (32%) done

[Sat Apr 18 15:19:42 2020]
Job 1: Exporting data files for for auspice

[Sat Apr 18 15:19:52 2020]
Finished job 16.
22 of 65 steps (34%) done

[Sat Apr 18 15:19:52 2020]
Job 2: Exporting data files for for auspice

[Sat Apr 18 15:19:53 2020]
Finished job 1.
23 of 65 steps (35%) done

[Sat Apr 18 15:19:53 2020]
Job 34: Parsing fasta into sequences and metadata

[Sat Apr 18 15:20:03 2020]
Finished job 2.
24 of 65 steps (37%) done

[Sat Apr 18 15:20:03 2020]
Job 22: Parsing fasta into sequences and metadata

[Sat Apr 18 15:20:05 2020]
Finished job 34.
25 of 65 steps (38%) done

[Sat Apr 18 15:20:05 2020]
Job 71: 
        Filtering to
          - 5000 sequence(s) per country
          - minimum genome length of 200
        

[Sat Apr 18 15:20:14 2020]
Finished job 22.
26 of 65 steps (40%) done

[Sat Apr 18 15:20:14 2020]
Job 68: 
        Filtering to
          - 5000 sequence(s) per country
          - minimum genome length of 200
        

[Sat Apr 18 15:20:15 2020]
Finished job 71.
27 of 65 steps (42%) done

[Sat Apr 18 15:20:15 2020]
Job 60: 
        Aligning sequences to config/229e_membrane_reference.gb
          - filling gaps with N
        

[Sat Apr 18 15:20:24 2020]
Finished job 68.
28 of 65 steps (43%) done

[Sat Apr 18 15:20:24 2020]
Job 51: 
        Aligning sequences to config/229e_protein4a_reference.gb
          - filling gaps with N
        

[Sat Apr 18 15:20:28 2020]
Finished job 60.
29 of 65 steps (45%) done

[Sat Apr 18 15:20:28 2020]
Job 59: Building tree

[Sat Apr 18 15:20:36 2020]
Finished job 51.
30 of 65 steps (46%) done

[Sat Apr 18 15:20:36 2020]
Job 50: Building tree

[Sat Apr 18 15:20:39 2020]
Finished job 59.
31 of 65 steps (48%) done

[Sat Apr 18 15:20:39 2020]
Job 33: 
        Refining tree
        

[Sat Apr 18 15:20:47 2020]
Finished job 50.
32 of 65 steps (49%) done

[Sat Apr 18 15:20:47 2020]
Job 21: 
        Refining tree
        

[Sat Apr 18 15:20:54 2020]
Finished job 37.
33 of 65 steps (51%) done

[Sat Apr 18 15:20:54 2020]
Job 39: Reconstructing ancestral sequences and mutations

[Sat Apr 18 15:21:06 2020]
Finished job 39.
34 of 65 steps (52%) done

[Sat Apr 18 15:21:06 2020]
Job 40: Translating amino acid sequences

[Sat Apr 18 15:21:16 2020]
Finished job 40.
35 of 65 steps (54%) done

[Sat Apr 18 15:21:16 2020]
Job 8: Exporting data files for for auspice

[Sat Apr 18 15:21:27 2020]
Finished job 8.
36 of 65 steps (55%) done

[Sat Apr 18 15:21:27 2020]
Job 26: Parsing fasta into sequences and metadata

[Sat Apr 18 15:21:38 2020]
Finished job 26.
37 of 65 steps (57%) done

[Sat Apr 18 15:21:38 2020]
Job 69: 
        Filtering to
          - 5000 sequence(s) per country
          - minimum genome length of 200
        

[Sat Apr 18 15:21:48 2020]
Finished job 69.
38 of 65 steps (58%) done

[Sat Apr 18 15:21:48 2020]
Job 54: 
        Aligning sequences to config/229e_protein4b_reference.gb
          - filling gaps with N
        

[Sat Apr 18 15:22:00 2020]
Finished job 54.
39 of 65 steps (60%) done

[Sat Apr 18 15:22:00 2020]
Job 30: Parsing fasta into sequences and metadata

[Sat Apr 18 15:22:10 2020]
Finished job 30.
40 of 65 steps (62%) done

[Sat Apr 18 15:22:10 2020]
Job 70: 
        Filtering to
          - 5000 sequence(s) per country
          - minimum genome length of 200
        

[Sat Apr 18 15:22:21 2020]
Finished job 70.
41 of 65 steps (63%) done

[Sat Apr 18 15:22:21 2020]
Job 57: 
        Aligning sequences to config/229e_envelope_reference.gb
          - filling gaps with N
        

[Sat Apr 18 15:22:32 2020]
Finished job 57.
42 of 65 steps (65%) done

[Sat Apr 18 15:22:32 2020]
Job 53: Building tree

[Sat Apr 18 15:22:42 2020]
Finished job 53.
43 of 65 steps (66%) done

[Sat Apr 18 15:22:42 2020]
Job 25: 
        Refining tree
        

[Sat Apr 18 15:23:23 2020]
Finished job 17.
44 of 65 steps (68%) done

[Sat Apr 18 15:23:23 2020]
Job 19: Reconstructing ancestral sequences and mutations

[Sat Apr 18 15:23:36 2020]
Finished job 19.
45 of 65 steps (69%) done

[Sat Apr 18 15:23:36 2020]
Job 20: Translating amino acid sequences

[Sat Apr 18 15:23:45 2020]
Finished job 20.
46 of 65 steps (71%) done

[Sat Apr 18 15:23:45 2020]
Job 3: Exporting data files for for auspice

[Sat Apr 18 15:23:56 2020]
Finished job 3.
47 of 65 steps (72%) done

[Sat Apr 18 15:23:56 2020]
Job 56: Building tree

[Sat Apr 18 15:24:06 2020]
Finished job 56.
48 of 65 steps (74%) done

[Sat Apr 18 15:24:06 2020]
Job 29: 
        Refining tree
        

[Sat Apr 18 15:25:04 2020]
Finished job 21.
49 of 65 steps (75%) done

[Sat Apr 18 15:25:04 2020]
Job 23: Reconstructing ancestral sequences and mutations

[Sat Apr 18 15:25:05 2020]
Finished job 33.
50 of 65 steps (77%) done

[Sat Apr 18 15:25:05 2020]
Job 35: Reconstructing ancestral sequences and mutations

[Sat Apr 18 15:25:13 2020]
Finished job 23.
51 of 65 steps (78%) done

[Sat Apr 18 15:25:13 2020]
Job 24: Translating amino acid sequences

[Sat Apr 18 15:25:15 2020]
Finished job 35.
52 of 65 steps (80%) done

[Sat Apr 18 15:25:15 2020]
Job 36: Translating amino acid sequences

[Sat Apr 18 15:25:22 2020]
Finished job 24.
53 of 65 steps (82%) done

[Sat Apr 18 15:25:22 2020]
Job 4: Exporting data files for for auspice

[Sat Apr 18 15:25:24 2020]
Finished job 36.
54 of 65 steps (83%) done

[Sat Apr 18 15:25:24 2020]
Job 7: Exporting data files for for auspice

[Sat Apr 18 15:25:32 2020]
Finished job 4.
55 of 65 steps (85%) done
[Sat Apr 18 15:25:33 2020]
Finished job 7.
56 of 65 steps (86%) done
[Sat Apr 18 15:26:32 2020]
Finished job 25.
57 of 65 steps (88%) done

[Sat Apr 18 15:26:32 2020]
Job 27: Reconstructing ancestral sequences and mutations

[Sat Apr 18 15:26:38 2020]
Finished job 27.
58 of 65 steps (89%) done

[Sat Apr 18 15:26:38 2020]
Job 28: Translating amino acid sequences

[Sat Apr 18 15:26:44 2020]
Finished job 28.
59 of 65 steps (91%) done

[Sat Apr 18 15:26:44 2020]
Job 5: Exporting data files for for auspice

[Sat Apr 18 15:26:52 2020]
Finished job 5.
60 of 65 steps (92%) done
[Sat Apr 18 15:27:42 2020]
Finished job 29.
61 of 65 steps (94%) done

[Sat Apr 18 15:27:42 2020]
Job 31: Reconstructing ancestral sequences and mutations

[Sat Apr 18 15:27:48 2020]
Finished job 31.
62 of 65 steps (95%) done

[Sat Apr 18 15:27:48 2020]
Job 32: Translating amino acid sequences

[Sat Apr 18 15:27:53 2020]
Finished job 32.
63 of 65 steps (97%) done

[Sat Apr 18 15:27:53 2020]
Job 6: Exporting data files for for auspice

[Sat Apr 18 15:27:58 2020]
Finished job 6.
64 of 65 steps (98%) done

[Sat Apr 18 15:27:58 2020]
localrule all:
    input: auspice/seasonal_corona_229e_replicase1ab.json, auspice/seasonal_corona_229e_replicase1a.json, auspice/seasonal_corona_229e_spike.json, auspice/seasonal_corona_229e_protein4a.json, auspice/seasonal_corona_229e_protein4b.json, auspice/seasonal_corona_229e_envelope.json, auspice/seasonal_corona_229e_membrane.json, auspice/seasonal_corona_229e_nucleocapsid.json
    jobid: 0

[Sat Apr 18 15:27:58 2020]
Finished job 0.
65 of 65 steps (100%) done
Complete log: /Users/katekistler/nextstrain/seasonal-cov/229e/.snakemake/log/2020-04-18T151214.045836.snakemake.log
