Building DAG of jobs...
Using shell: /bin/bash
Provided cores: 4
Rules claiming more threads will be scaled down.
Job counts:
	count	jobs
	1	align
	1	all
	1	ancestral
	1	export
	1	refine
	1	translate
	1	tree
	7

[Fri Aug 21 19:20:22 2020]
Job 58: 
        Aligning sequences to config/229e_spike_reference.gb
          - filling gaps with N
        

[Fri Aug 21 19:20:27 2020]
Finished job 58.
1 of 7 steps (14%) done

[Fri Aug 21 19:20:27 2020]
Job 57: Building tree

[Fri Aug 21 19:20:29 2020]
Finished job 57.
2 of 7 steps (29%) done

[Fri Aug 21 19:20:29 2020]
Job 19: 
        Refining tree
        

[Fri Aug 21 19:21:53 2020]
Finished job 19.
3 of 7 steps (43%) done

[Fri Aug 21 19:21:53 2020]
Job 21: Reconstructing ancestral sequences and mutations

[Fri Aug 21 19:21:55 2020]
Finished job 21.
4 of 7 steps (57%) done

[Fri Aug 21 19:21:55 2020]
Job 22: Translating amino acid sequences

[Fri Aug 21 19:21:57 2020]
Finished job 22.
5 of 7 steps (71%) done

[Fri Aug 21 19:21:57 2020]
Job 3: Exporting data files for for auspice

[Fri Aug 21 19:21:59 2020]
Finished job 3.
6 of 7 steps (86%) done

[Fri Aug 21 19:21:59 2020]
localrule all:
    input: auspice/seasonal_corona_229e_replicase1ab.json, auspice/seasonal_corona_229e_replicase1a.json, auspice/seasonal_corona_229e_spike.json, auspice/seasonal_corona_229e_protein4a.json, auspice/seasonal_corona_229e_protein4b.json, auspice/seasonal_corona_229e_envelope.json, auspice/seasonal_corona_229e_membrane.json, auspice/seasonal_corona_229e_nucleocapsid.json, auspice/seasonal_corona_229e_s1.json, auspice/seasonal_corona_229e_s2.json
    jobid: 0

[Fri Aug 21 19:21:59 2020]
Finished job 0.
7 of 7 steps (100%) done
Complete log: /Users/katekistler/nextstrain/seasonal-cov/229e/.snakemake/log/2020-08-21T192022.054454.snakemake.log
