Building DAG of jobs...
Using shell: /bin/bash
Provided cores: 4
Rules claiming more threads will be scaled down.
Job counts:
	count	jobs
	9	align
	1	all
	9	ancestral
	9	export
	9	refine
	9	translate
	9	tree
	55

[Fri Aug 21 19:25:33 2020]
Job 76: 
        Aligning sequences to config/229e_s1_reference.gb
          - filling gaps with N
        


[Fri Aug 21 19:25:33 2020]
Job 79: 
        Aligning sequences to config/229e_s2_reference.gb
          - filling gaps with N
        


[Fri Aug 21 19:25:33 2020]
Job 55: 
        Aligning sequences to config/229e_replicase1a_reference.gb
          - filling gaps with N
        


[Fri Aug 21 19:25:33 2020]
Job 52: 
        Aligning sequences to config/229e_replicase1ab_reference.gb
          - filling gaps with N
        

[Fri Aug 21 19:25:42 2020]
Finished job 76.
1 of 55 steps (2%) done

[Fri Aug 21 19:25:42 2020]
Job 75: Building tree

[Fri Aug 21 19:25:42 2020]
Finished job 79.
2 of 55 steps (4%) done

[Fri Aug 21 19:25:42 2020]
Job 78: Building tree

[Fri Aug 21 19:25:46 2020]
Finished job 75.
3 of 55 steps (5%) done

[Fri Aug 21 19:25:46 2020]
Job 43: 
        Refining tree
        

[Fri Aug 21 19:25:46 2020]
Finished job 78.
4 of 55 steps (7%) done

[Fri Aug 21 19:25:46 2020]
Job 47: 
        Refining tree
        

[Fri Aug 21 19:25:53 2020]
Finished job 55.
5 of 55 steps (9%) done

[Fri Aug 21 19:25:53 2020]
Job 54: Building tree

[Fri Aug 21 19:25:57 2020]
Finished job 54.
6 of 55 steps (11%) done

[Fri Aug 21 19:25:57 2020]
Job 15: 
        Refining tree
        

[Fri Aug 21 19:26:01 2020]
Finished job 52.
7 of 55 steps (13%) done

[Fri Aug 21 19:26:01 2020]
Job 51: Building tree

[Fri Aug 21 19:26:05 2020]
Finished job 51.
8 of 55 steps (15%) done

[Fri Aug 21 19:26:05 2020]
Job 11: 
        Refining tree
        

[Fri Aug 21 19:27:54 2020]
Finished job 11.
9 of 55 steps (16%) done

[Fri Aug 21 19:27:54 2020]
Job 13: Reconstructing ancestral sequences and mutations

[Fri Aug 21 19:27:55 2020]
Finished job 15.
10 of 55 steps (18%) done

[Fri Aug 21 19:27:55 2020]
Job 17: Reconstructing ancestral sequences and mutations

[Fri Aug 21 19:28:01 2020]
Finished job 17.
11 of 55 steps (20%) done

[Fri Aug 21 19:28:01 2020]
Job 18: Translating amino acid sequences

[Fri Aug 21 19:28:02 2020]
Finished job 13.
12 of 55 steps (22%) done

[Fri Aug 21 19:28:02 2020]
Job 14: Translating amino acid sequences

[Fri Aug 21 19:28:05 2020]
Finished job 18.
13 of 55 steps (24%) done

[Fri Aug 21 19:28:05 2020]
Job 2: Exporting data files for for auspice

[Fri Aug 21 19:28:07 2020]
Finished job 14.
14 of 55 steps (25%) done

[Fri Aug 21 19:28:07 2020]
Job 1: Exporting data files for for auspice

[Fri Aug 21 19:28:09 2020]
Finished job 2.
15 of 55 steps (27%) done

[Fri Aug 21 19:28:09 2020]
Job 73: 
        Aligning sequences to config/229e_nucleocapsid_reference.gb
          - filling gaps with N
        

[Fri Aug 21 19:28:11 2020]
Finished job 1.
16 of 55 steps (29%) done

[Fri Aug 21 19:28:11 2020]
Job 70: 
        Aligning sequences to config/229e_membrane_reference.gb
          - filling gaps with N
        

[Fri Aug 21 19:28:16 2020]
Finished job 70.
17 of 55 steps (31%) done

[Fri Aug 21 19:28:16 2020]
Job 69: Building tree

[Fri Aug 21 19:28:18 2020]
Finished job 73.
18 of 55 steps (33%) done

[Fri Aug 21 19:28:18 2020]
Job 72: Building tree

[Fri Aug 21 19:28:21 2020]
Finished job 69.
19 of 55 steps (35%) done

[Fri Aug 21 19:28:21 2020]
Job 35: 
        Refining tree
        

[Fri Aug 21 19:28:22 2020]
Finished job 72.
20 of 55 steps (36%) done

[Fri Aug 21 19:28:22 2020]
Job 39: 
        Refining tree
        

[Fri Aug 21 19:29:22 2020]
Finished job 47.
21 of 55 steps (38%) done

[Fri Aug 21 19:29:22 2020]
Job 49: Reconstructing ancestral sequences and mutations

[Fri Aug 21 19:29:23 2020]
Finished job 43.
22 of 55 steps (40%) done

[Fri Aug 21 19:29:23 2020]
Job 45: Reconstructing ancestral sequences and mutations

[Fri Aug 21 19:29:26 2020]
Finished job 49.
23 of 55 steps (42%) done

[Fri Aug 21 19:29:26 2020]
Job 50: Translating amino acid sequences

[Fri Aug 21 19:29:28 2020]
Finished job 45.
24 of 55 steps (44%) done

[Fri Aug 21 19:29:28 2020]
Job 46: Translating amino acid sequences

[Fri Aug 21 19:29:30 2020]
Finished job 50.
25 of 55 steps (45%) done

[Fri Aug 21 19:29:30 2020]
Job 10: Exporting data files for for auspice

[Fri Aug 21 19:29:32 2020]
Finished job 46.
26 of 55 steps (47%) done

[Fri Aug 21 19:29:32 2020]
Job 9: Exporting data files for for auspice

[Fri Aug 21 19:29:35 2020]
Finished job 10.
27 of 55 steps (49%) done

[Fri Aug 21 19:29:35 2020]
Job 61: 
        Aligning sequences to config/229e_protein4a_reference.gb
          - filling gaps with N
        

[Fri Aug 21 19:29:37 2020]
Finished job 9.
28 of 55 steps (51%) done

[Fri Aug 21 19:29:37 2020]
Job 64: 
        Aligning sequences to config/229e_protein4b_reference.gb
          - filling gaps with N
        

[Fri Aug 21 19:29:40 2020]
Finished job 61.
29 of 55 steps (53%) done

[Fri Aug 21 19:29:40 2020]
Job 60: Building tree

[Fri Aug 21 19:29:42 2020]
Finished job 64.
30 of 55 steps (55%) done

[Fri Aug 21 19:29:42 2020]
Job 63: Building tree

[Fri Aug 21 19:29:45 2020]
Finished job 60.
31 of 55 steps (56%) done

[Fri Aug 21 19:29:45 2020]
Job 23: 
        Refining tree
        

[Fri Aug 21 19:29:47 2020]
Finished job 63.
32 of 55 steps (58%) done

[Fri Aug 21 19:29:47 2020]
Job 27: 
        Refining tree
        

[Fri Aug 21 19:29:54 2020]
Finished job 35.
33 of 55 steps (60%) done

[Fri Aug 21 19:29:54 2020]
Job 37: Reconstructing ancestral sequences and mutations

[Fri Aug 21 19:29:58 2020]
Finished job 37.
34 of 55 steps (62%) done

[Fri Aug 21 19:29:58 2020]
Job 38: Translating amino acid sequences

[Fri Aug 21 19:30:02 2020]
Finished job 38.
35 of 55 steps (64%) done

[Fri Aug 21 19:30:02 2020]
Job 7: Exporting data files for for auspice

[Fri Aug 21 19:30:05 2020]
Finished job 7.
36 of 55 steps (65%) done

[Fri Aug 21 19:30:05 2020]
Job 67: 
        Aligning sequences to config/229e_envelope_reference.gb
          - filling gaps with N
        

[Fri Aug 21 19:30:10 2020]
Finished job 67.
37 of 55 steps (67%) done

[Fri Aug 21 19:30:10 2020]
Job 66: Building tree

[Fri Aug 21 19:30:14 2020]
Finished job 66.
38 of 55 steps (69%) done

[Fri Aug 21 19:30:14 2020]
Job 31: 
        Refining tree
        

[Fri Aug 21 19:31:01 2020]
Finished job 27.
39 of 55 steps (71%) done

[Fri Aug 21 19:31:01 2020]
Job 29: Reconstructing ancestral sequences and mutations

[Fri Aug 21 19:31:05 2020]
Finished job 29.
40 of 55 steps (73%) done

[Fri Aug 21 19:31:05 2020]
Job 30: Translating amino acid sequences

[Fri Aug 21 19:31:09 2020]
Finished job 30.
41 of 55 steps (75%) done

[Fri Aug 21 19:31:09 2020]
Job 5: Exporting data files for for auspice

[Fri Aug 21 19:31:13 2020]
Finished job 5.
42 of 55 steps (76%) done
[Fri Aug 21 19:31:16 2020]
Finished job 23.
43 of 55 steps (78%) done

[Fri Aug 21 19:31:16 2020]
Job 25: Reconstructing ancestral sequences and mutations

[Fri Aug 21 19:31:19 2020]
Finished job 25.
44 of 55 steps (80%) done

[Fri Aug 21 19:31:19 2020]
Job 26: Translating amino acid sequences

[Fri Aug 21 19:31:22 2020]
Finished job 26.
45 of 55 steps (82%) done

[Fri Aug 21 19:31:22 2020]
Job 4: Exporting data files for for auspice

[Fri Aug 21 19:31:25 2020]
Finished job 4.
46 of 55 steps (84%) done
[Fri Aug 21 19:31:34 2020]
Finished job 31.
47 of 55 steps (85%) done

[Fri Aug 21 19:31:34 2020]
Job 33: Reconstructing ancestral sequences and mutations

[Fri Aug 21 19:31:37 2020]
Finished job 33.
48 of 55 steps (87%) done

[Fri Aug 21 19:31:37 2020]
Job 34: Translating amino acid sequences

[Fri Aug 21 19:31:39 2020]
Finished job 34.
49 of 55 steps (89%) done

[Fri Aug 21 19:31:39 2020]
Job 6: Exporting data files for for auspice

[Fri Aug 21 19:31:41 2020]
Finished job 6.
50 of 55 steps (91%) done
[Fri Aug 21 19:32:26 2020]
Finished job 39.
51 of 55 steps (93%) done

[Fri Aug 21 19:32:26 2020]
Job 41: Reconstructing ancestral sequences and mutations

[Fri Aug 21 19:32:28 2020]
Finished job 41.
52 of 55 steps (95%) done

[Fri Aug 21 19:32:28 2020]
Job 42: Translating amino acid sequences

[Fri Aug 21 19:32:30 2020]
Finished job 42.
53 of 55 steps (96%) done

[Fri Aug 21 19:32:30 2020]
Job 8: Exporting data files for for auspice

[Fri Aug 21 19:32:32 2020]
Finished job 8.
54 of 55 steps (98%) done

[Fri Aug 21 19:32:32 2020]
localrule all:
    input: auspice/seasonal_corona_229e_replicase1ab.json, auspice/seasonal_corona_229e_replicase1a.json, auspice/seasonal_corona_229e_spike.json, auspice/seasonal_corona_229e_protein4a.json, auspice/seasonal_corona_229e_protein4b.json, auspice/seasonal_corona_229e_envelope.json, auspice/seasonal_corona_229e_membrane.json, auspice/seasonal_corona_229e_nucleocapsid.json, auspice/seasonal_corona_229e_s1.json, auspice/seasonal_corona_229e_s2.json
    jobid: 0

[Fri Aug 21 19:32:32 2020]
Finished job 0.
55 of 55 steps (100%) done
Complete log: /Users/katekistler/nextstrain/seasonal-cov/229e/.snakemake/log/2020-08-21T192532.759511.snakemake.log
