Building DAG of jobs...
Using shell: /bin/bash
Provided cores: 4
Rules claiming more threads will be scaled down.
Job counts:
	count	jobs
	10	align
	1	all
	10	ancestral
	10	export
	10	filter
	10	parse
	10	refine
	10	translate
	10	tree
	81

[Sat Apr 25 12:17:13 2020]
Job 48: Parsing fasta into sequences and metadata


[Sat Apr 25 12:17:13 2020]
Job 16: Parsing fasta into sequences and metadata


[Sat Apr 25 12:17:13 2020]
Job 12: Parsing fasta into sequences and metadata


[Sat Apr 25 12:17:13 2020]
Job 20: Parsing fasta into sequences and metadata

[Sat Apr 25 12:17:20 2020]
Finished job 48.
1 of 81 steps (1%) done

[Sat Apr 25 12:17:20 2020]
Job 90: 
        Filtering to
          - 5000 sequence(s) per country
          - minimum genome length of 200
        

[Sat Apr 25 12:17:20 2020]
Finished job 16.
2 of 81 steps (2%) done

[Sat Apr 25 12:17:20 2020]
Job 82: 
        Filtering to
          - 5000 sequence(s) per country
          - minimum genome length of 200
        

[Sat Apr 25 12:17:20 2020]
Finished job 12.
3 of 81 steps (4%) done

[Sat Apr 25 12:17:20 2020]
Job 81: 
        Filtering to
          - 5000 sequence(s) per country
          - minimum genome length of 200
        

[Sat Apr 25 12:17:20 2020]
Finished job 20.
4 of 81 steps (5%) done

[Sat Apr 25 12:17:20 2020]
Job 83: 
        Filtering to
          - 5000 sequence(s) per country
          - minimum genome length of 200
        

[Sat Apr 25 12:17:27 2020]
Finished job 90.
5 of 81 steps (6%) done

[Sat Apr 25 12:17:27 2020]
Job 79: 
        Aligning sequences to config/229e_s2_reference.gb
          - filling gaps with N
        

[Sat Apr 25 12:17:27 2020]
Finished job 82.
6 of 81 steps (7%) done

[Sat Apr 25 12:17:27 2020]
Job 55: 
        Aligning sequences to config/229e_replicase1a_reference.gb
          - filling gaps with N
        

[Sat Apr 25 12:17:27 2020]
Finished job 81.
7 of 81 steps (9%) done

[Sat Apr 25 12:17:27 2020]
Job 52: 
        Aligning sequences to config/229e_replicase1ab_reference.gb
          - filling gaps with N
        

[Sat Apr 25 12:17:27 2020]
Finished job 83.
8 of 81 steps (10%) done

[Sat Apr 25 12:17:27 2020]
Job 58: 
        Aligning sequences to config/229e_spike_reference.gb
          - filling gaps with N
        

[Sat Apr 25 12:17:40 2020]
Finished job 79.
9 of 81 steps (11%) done

[Sat Apr 25 12:17:40 2020]
Job 78: Building tree

[Sat Apr 25 12:17:49 2020]
Finished job 58.
10 of 81 steps (12%) done

[Sat Apr 25 12:17:49 2020]
Job 57: Building tree

[Sat Apr 25 12:17:52 2020]
Finished job 78.
11 of 81 steps (14%) done

[Sat Apr 25 12:17:52 2020]
Job 47: 
        Refining tree
        

[Sat Apr 25 12:17:59 2020]
Finished job 57.
12 of 81 steps (15%) done

[Sat Apr 25 12:17:59 2020]
Job 19: 
        Refining tree
        

[Sat Apr 25 12:18:08 2020]
Finished job 55.
13 of 81 steps (16%) done

[Sat Apr 25 12:18:08 2020]
Job 54: Building tree

[Sat Apr 25 12:18:22 2020]
Finished job 54.
14 of 81 steps (17%) done

[Sat Apr 25 12:18:22 2020]
Job 15: 
        Refining tree
        

[Sat Apr 25 12:18:32 2020]
Finished job 52.
15 of 81 steps (19%) done

[Sat Apr 25 12:18:32 2020]
Job 51: Building tree

[Sat Apr 25 12:18:45 2020]
Finished job 51.
16 of 81 steps (20%) done

[Sat Apr 25 12:18:45 2020]
Job 11: 
        Refining tree
        

[Sat Apr 25 12:25:46 2020]
Finished job 11.
17 of 81 steps (21%) done

[Sat Apr 25 12:25:46 2020]
Job 13: Reconstructing ancestral sequences and mutations

[Sat Apr 25 12:25:59 2020]
Finished job 15.
18 of 81 steps (22%) done

[Sat Apr 25 12:25:59 2020]
Job 17: Reconstructing ancestral sequences and mutations

[Sat Apr 25 12:26:06 2020]
Finished job 13.
19 of 81 steps (23%) done

[Sat Apr 25 12:26:06 2020]
Job 14: Translating amino acid sequences

[Sat Apr 25 12:26:16 2020]
Finished job 17.
20 of 81 steps (25%) done

[Sat Apr 25 12:26:16 2020]
Job 18: Translating amino acid sequences

[Sat Apr 25 12:26:18 2020]
Finished job 14.
21 of 81 steps (26%) done

[Sat Apr 25 12:26:18 2020]
Job 1: Exporting data files for for auspice

[Sat Apr 25 12:26:28 2020]
Finished job 18.
22 of 81 steps (27%) done

[Sat Apr 25 12:26:28 2020]
Job 2: Exporting data files for for auspice

[Sat Apr 25 12:26:30 2020]
Finished job 1.
23 of 81 steps (28%) done

[Sat Apr 25 12:26:30 2020]
Job 44: Parsing fasta into sequences and metadata

[Sat Apr 25 12:26:40 2020]
Finished job 2.
24 of 81 steps (30%) done

[Sat Apr 25 12:26:40 2020]
Job 40: Parsing fasta into sequences and metadata

[Sat Apr 25 12:26:42 2020]
Finished job 44.
25 of 81 steps (31%) done

[Sat Apr 25 12:26:42 2020]
Job 89: 
        Filtering to
          - 5000 sequence(s) per country
          - minimum genome length of 200
        

[Sat Apr 25 12:26:52 2020]
Finished job 40.
26 of 81 steps (32%) done

[Sat Apr 25 12:26:52 2020]
Job 88: 
        Filtering to
          - 5000 sequence(s) per country
          - minimum genome length of 200
        

[Sat Apr 25 12:26:54 2020]
Finished job 89.
27 of 81 steps (33%) done

[Sat Apr 25 12:26:54 2020]
Job 76: 
        Aligning sequences to config/229e_s1_reference.gb
          - filling gaps with N
        

[Sat Apr 25 12:27:04 2020]
Finished job 88.
28 of 81 steps (35%) done

[Sat Apr 25 12:27:04 2020]
Job 73: 
        Aligning sequences to config/229e_nucleocapsid_reference.gb
          - filling gaps with N
        

[Sat Apr 25 12:27:13 2020]
Finished job 76.
29 of 81 steps (36%) done

[Sat Apr 25 12:27:13 2020]
Job 75: Building tree

[Sat Apr 25 12:27:21 2020]
Finished job 73.
30 of 81 steps (37%) done

[Sat Apr 25 12:27:21 2020]
Job 72: Building tree

[Sat Apr 25 12:27:26 2020]
Finished job 75.
31 of 81 steps (38%) done

[Sat Apr 25 12:27:26 2020]
Job 43: 
        Refining tree
        

[Sat Apr 25 12:27:33 2020]
Finished job 72.
32 of 81 steps (40%) done

[Sat Apr 25 12:27:33 2020]
Job 39: 
        Refining tree
        

[Sat Apr 25 12:29:46 2020]
Finished job 19.
33 of 81 steps (41%) done

[Sat Apr 25 12:29:46 2020]
Job 21: Reconstructing ancestral sequences and mutations

[Sat Apr 25 12:30:01 2020]
Finished job 21.
34 of 81 steps (42%) done

[Sat Apr 25 12:30:01 2020]
Job 22: Translating amino acid sequences

[Sat Apr 25 12:30:12 2020]
Finished job 22.
35 of 81 steps (43%) done

[Sat Apr 25 12:30:12 2020]
Job 3: Exporting data files for for auspice

[Sat Apr 25 12:30:27 2020]
Finished job 3.
36 of 81 steps (44%) done

[Sat Apr 25 12:30:27 2020]
Job 36: Parsing fasta into sequences and metadata

[Sat Apr 25 12:30:36 2020]
Finished job 47.
37 of 81 steps (46%) done

[Sat Apr 25 12:30:36 2020]
Job 49: Reconstructing ancestral sequences and mutations

[Sat Apr 25 12:30:40 2020]
Finished job 36.
38 of 81 steps (47%) done

[Sat Apr 25 12:30:40 2020]
Job 87: 
        Filtering to
          - 5000 sequence(s) per country
          - minimum genome length of 200
        

[Sat Apr 25 12:30:50 2020]
Finished job 49.
39 of 81 steps (48%) done

[Sat Apr 25 12:30:50 2020]
Job 50: Translating amino acid sequences

[Sat Apr 25 12:30:51 2020]
Finished job 87.
40 of 81 steps (49%) done

[Sat Apr 25 12:30:51 2020]
Job 70: 
        Aligning sequences to config/229e_membrane_reference.gb
          - filling gaps with N
        

[Sat Apr 25 12:31:02 2020]
Finished job 50.
41 of 81 steps (51%) done

[Sat Apr 25 12:31:02 2020]
Job 10: Exporting data files for for auspice

[Sat Apr 25 12:31:05 2020]
Finished job 70.
42 of 81 steps (52%) done

[Sat Apr 25 12:31:05 2020]
Job 69: Building tree

[Sat Apr 25 12:31:15 2020]
Finished job 10.
43 of 81 steps (53%) done

[Sat Apr 25 12:31:15 2020]
Job 24: Parsing fasta into sequences and metadata

[Sat Apr 25 12:31:17 2020]
Finished job 69.
44 of 81 steps (54%) done

[Sat Apr 25 12:31:17 2020]
Job 35: 
        Refining tree
        

[Sat Apr 25 12:31:26 2020]
Finished job 24.
45 of 81 steps (56%) done

[Sat Apr 25 12:31:26 2020]
Job 84: 
        Filtering to
          - 5000 sequence(s) per country
          - minimum genome length of 200
        

[Sat Apr 25 12:31:38 2020]
Finished job 84.
46 of 81 steps (57%) done

[Sat Apr 25 12:31:38 2020]
Job 61: 
        Aligning sequences to config/229e_protein4a_reference.gb
          - filling gaps with N
        

[Sat Apr 25 12:31:51 2020]
Finished job 61.
47 of 81 steps (58%) done

[Sat Apr 25 12:31:51 2020]
Job 60: Building tree

[Sat Apr 25 12:32:03 2020]
Finished job 60.
48 of 81 steps (59%) done

[Sat Apr 25 12:32:03 2020]
Job 23: 
        Refining tree
        

[Sat Apr 25 12:36:04 2020]
Finished job 35.
49 of 81 steps (60%) done

[Sat Apr 25 12:36:04 2020]
Job 37: Reconstructing ancestral sequences and mutations

[Sat Apr 25 12:36:15 2020]
Finished job 37.
50 of 81 steps (62%) done

[Sat Apr 25 12:36:15 2020]
Job 38: Translating amino acid sequences

[Sat Apr 25 12:36:21 2020]
Finished job 23.
51 of 81 steps (63%) done

[Sat Apr 25 12:36:21 2020]
Job 25: Reconstructing ancestral sequences and mutations

[Sat Apr 25 12:36:25 2020]
Finished job 38.
52 of 81 steps (64%) done

[Sat Apr 25 12:36:25 2020]
Job 7: Exporting data files for for auspice

[Sat Apr 25 12:36:31 2020]
Finished job 25.
53 of 81 steps (65%) done

[Sat Apr 25 12:36:31 2020]
Job 26: Translating amino acid sequences

[Sat Apr 25 12:36:36 2020]
Finished job 7.
54 of 81 steps (67%) done

[Sat Apr 25 12:36:36 2020]
Job 28: Parsing fasta into sequences and metadata

[Sat Apr 25 12:36:41 2020]
Finished job 26.
55 of 81 steps (68%) done

[Sat Apr 25 12:36:41 2020]
Job 4: Exporting data files for for auspice

[Sat Apr 25 12:36:46 2020]
Finished job 28.
56 of 81 steps (69%) done

[Sat Apr 25 12:36:46 2020]
Job 85: 
        Filtering to
          - 5000 sequence(s) per country
          - minimum genome length of 200
        

[Sat Apr 25 12:36:47 2020]
Finished job 39.
57 of 81 steps (70%) done

[Sat Apr 25 12:36:47 2020]
Job 41: Reconstructing ancestral sequences and mutations

[Sat Apr 25 12:36:51 2020]
Finished job 4.
58 of 81 steps (72%) done

[Sat Apr 25 12:36:51 2020]
Job 32: Parsing fasta into sequences and metadata

[Sat Apr 25 12:36:56 2020]
Finished job 85.
59 of 81 steps (73%) done

[Sat Apr 25 12:36:56 2020]
Job 64: 
        Aligning sequences to config/229e_protein4b_reference.gb
          - filling gaps with N
        

[Sat Apr 25 12:36:58 2020]
Finished job 41.
60 of 81 steps (74%) done

[Sat Apr 25 12:36:58 2020]
Job 42: Translating amino acid sequences

[Sat Apr 25 12:37:02 2020]
Finished job 32.
61 of 81 steps (75%) done

[Sat Apr 25 12:37:02 2020]
Job 86: 
        Filtering to
          - 5000 sequence(s) per country
          - minimum genome length of 200
        

[Sat Apr 25 12:37:08 2020]
Finished job 64.
62 of 81 steps (77%) done

[Sat Apr 25 12:37:08 2020]
Job 63: Building tree

[Sat Apr 25 12:37:09 2020]
Finished job 42.
63 of 81 steps (78%) done

[Sat Apr 25 12:37:09 2020]
Job 8: Exporting data files for for auspice

[Sat Apr 25 12:37:12 2020]
Finished job 86.
64 of 81 steps (79%) done

[Sat Apr 25 12:37:12 2020]
Job 67: 
        Aligning sequences to config/229e_envelope_reference.gb
          - filling gaps with N
        

[Sat Apr 25 12:37:18 2020]
Finished job 63.
65 of 81 steps (80%) done

[Sat Apr 25 12:37:18 2020]
Job 27: 
        Refining tree
        

[Sat Apr 25 12:37:20 2020]
Finished job 8.
66 of 81 steps (81%) done
[Sat Apr 25 12:37:24 2020]
Finished job 67.
67 of 81 steps (83%) done

[Sat Apr 25 12:37:24 2020]
Job 66: Building tree

[Sat Apr 25 12:37:33 2020]
Finished job 66.
68 of 81 steps (84%) done

[Sat Apr 25 12:37:33 2020]
Job 31: 
        Refining tree
        

[Sat Apr 25 12:38:59 2020]
Finished job 43.
69 of 81 steps (85%) done

[Sat Apr 25 12:38:59 2020]
Job 45: Reconstructing ancestral sequences and mutations

[Sat Apr 25 12:39:09 2020]
Finished job 45.
70 of 81 steps (86%) done

[Sat Apr 25 12:39:09 2020]
Job 46: Translating amino acid sequences

[Sat Apr 25 12:39:18 2020]
Finished job 46.
71 of 81 steps (88%) done

[Sat Apr 25 12:39:18 2020]
Job 9: Exporting data files for for auspice

[Sat Apr 25 12:39:27 2020]
Finished job 9.
72 of 81 steps (89%) done
[Sat Apr 25 12:40:48 2020]
Finished job 27.
73 of 81 steps (90%) done

[Sat Apr 25 12:40:48 2020]
Job 29: Reconstructing ancestral sequences and mutations

[Sat Apr 25 12:40:56 2020]
Finished job 29.
74 of 81 steps (91%) done

[Sat Apr 25 12:40:56 2020]
Job 30: Translating amino acid sequences

[Sat Apr 25 12:41:04 2020]
Finished job 30.
75 of 81 steps (93%) done

[Sat Apr 25 12:41:04 2020]
Job 5: Exporting data files for for auspice

[Sat Apr 25 12:41:12 2020]
Finished job 5.
76 of 81 steps (94%) done
[Sat Apr 25 12:41:13 2020]
Finished job 31.
77 of 81 steps (95%) done

[Sat Apr 25 12:41:13 2020]
Job 33: Reconstructing ancestral sequences and mutations

[Sat Apr 25 12:41:20 2020]
Finished job 33.
78 of 81 steps (96%) done

[Sat Apr 25 12:41:20 2020]
Job 34: Translating amino acid sequences

[Sat Apr 25 12:41:28 2020]
Finished job 34.
79 of 81 steps (98%) done

[Sat Apr 25 12:41:28 2020]
Job 6: Exporting data files for for auspice

[Sat Apr 25 12:41:35 2020]
Finished job 6.
80 of 81 steps (99%) done

[Sat Apr 25 12:41:35 2020]
localrule all:
    input: auspice/seasonal_corona_229e_replicase1ab.json, auspice/seasonal_corona_229e_replicase1a.json, auspice/seasonal_corona_229e_spike.json, auspice/seasonal_corona_229e_protein4a.json, auspice/seasonal_corona_229e_protein4b.json, auspice/seasonal_corona_229e_envelope.json, auspice/seasonal_corona_229e_membrane.json, auspice/seasonal_corona_229e_nucleocapsid.json, auspice/seasonal_corona_229e_s1.json, auspice/seasonal_corona_229e_s2.json
    jobid: 0

[Sat Apr 25 12:41:35 2020]
Finished job 0.
81 of 81 steps (100%) done
Complete log: /Users/katekistler/nextstrain/seasonal-cov/229e/.snakemake/log/2020-04-25T121712.781489.snakemake.log
