Building DAG of jobs...
Using shell: /bin/bash
Provided cores: 4
Rules claiming more threads will be scaled down.
Job counts:
	count	jobs
	8	align
	1	all
	8	ancestral
	8	export
	8	filter
	8	parse
	8	refine
	8	translate
	8	tree
	65

[Wed Apr 15 14:24:50 2020]
Job 38: Parsing fasta into sequences and metadata


[Wed Apr 15 14:24:50 2020]
Job 14: Parsing fasta into sequences and metadata


[Wed Apr 15 14:24:50 2020]
Job 10: Parsing fasta into sequences and metadata


[Wed Apr 15 14:24:50 2020]
Job 18: Parsing fasta into sequences and metadata

[Wed Apr 15 14:24:53 2020]
Finished job 10.
1 of 65 steps (2%) done
[Wed Apr 15 14:24:53 2020]
Finished job 14.
2 of 65 steps (3%) done
[Wed Apr 15 14:24:53 2020]
Finished job 18.
3 of 65 steps (5%) done

[Wed Apr 15 14:24:53 2020]
Job 34: Parsing fasta into sequences and metadata


[Wed Apr 15 14:24:53 2020]
Job 65: 
        Filtering to
          - 5000 sequence(s) per country
          - minimum genome length of 1000
        


[Wed Apr 15 14:24:53 2020]
Job 66: 
        Filtering to
          - 5000 sequence(s) per country
          - minimum genome length of 1000
        

[Wed Apr 15 14:24:53 2020]
Finished job 38.
4 of 65 steps (6%) done

[Wed Apr 15 14:24:53 2020]
Job 67: 
        Filtering to
          - 5000 sequence(s) per country
          - minimum genome length of 1000
        

[Wed Apr 15 14:24:56 2020]
Finished job 66.
5 of 65 steps (8%) done

[Wed Apr 15 14:24:56 2020]
Job 45: 
        Aligning sequences to config/229e_replicase1a_reference.gb
          - filling gaps with N
        

[Wed Apr 15 14:24:56 2020]
Finished job 34.
6 of 65 steps (9%) done

[Wed Apr 15 14:24:56 2020]
Job 72: 
        Filtering to
          - 5000 sequence(s) per country
          - minimum genome length of 1000
        

[Wed Apr 15 14:24:56 2020]
Finished job 65.
7 of 65 steps (11%) done

[Wed Apr 15 14:24:56 2020]
Job 42: 
        Aligning sequences to config/229e_replicase1ab_reference.gb
          - filling gaps with N
        

[Wed Apr 15 14:24:56 2020]
Finished job 67.
8 of 65 steps (12%) done

[Wed Apr 15 14:24:56 2020]
Job 48: 
        Aligning sequences to config/229e_spike_reference.gb
          - filling gaps with N
        

[Wed Apr 15 14:24:59 2020]
Finished job 72.
9 of 65 steps (14%) done

[Wed Apr 15 14:24:59 2020]
Job 63: 
        Aligning sequences to config/229e_nucleocapsid_reference.gb
          - filling gaps with N
        

[Wed Apr 15 14:25:04 2020]
Finished job 48.
10 of 65 steps (15%) done

[Wed Apr 15 14:25:04 2020]
Job 47: Building tree

[Wed Apr 15 14:25:04 2020]
Finished job 63.
11 of 65 steps (17%) done

[Wed Apr 15 14:25:04 2020]
Job 62: Building tree

[Wed Apr 15 14:25:07 2020]
Finished job 62.
12 of 65 steps (18%) done

[Wed Apr 15 14:25:07 2020]
Job 37: 
        Refining tree
        

[Wed Apr 15 14:25:07 2020]
Finished job 47.
13 of 65 steps (20%) done

[Wed Apr 15 14:25:07 2020]
Job 17: 
        Refining tree
        

[Wed Apr 15 14:25:10 2020]
Finished job 45.
14 of 65 steps (22%) done

[Wed Apr 15 14:25:10 2020]
Job 44: Building tree

[Wed Apr 15 14:25:14 2020]
Finished job 44.
15 of 65 steps (23%) done

[Wed Apr 15 14:25:14 2020]
Job 13: 
        Refining tree
        

[Wed Apr 15 14:25:17 2020]
Finished job 42.
16 of 65 steps (25%) done

[Wed Apr 15 14:25:17 2020]
Job 41: Building tree

[Wed Apr 15 14:25:20 2020]
Finished job 41.
17 of 65 steps (26%) done

[Wed Apr 15 14:25:20 2020]
Job 9: 
        Refining tree
        

[Wed Apr 15 14:27:14 2020]
Finished job 9.
18 of 65 steps (28%) done

[Wed Apr 15 14:27:14 2020]
Job 11: Reconstructing ancestral sequences and mutations

[Wed Apr 15 14:27:18 2020]
Finished job 13.
19 of 65 steps (29%) done

[Wed Apr 15 14:27:18 2020]
Job 15: Reconstructing ancestral sequences and mutations

[Wed Apr 15 14:27:19 2020]
Finished job 11.
20 of 65 steps (31%) done

[Wed Apr 15 14:27:19 2020]
Job 12: Translating amino acid sequences

[Wed Apr 15 14:27:22 2020]
Finished job 12.
21 of 65 steps (32%) done

[Wed Apr 15 14:27:22 2020]
Job 1: Exporting data files for for auspice

[Wed Apr 15 14:27:22 2020]
Finished job 15.
22 of 65 steps (34%) done

[Wed Apr 15 14:27:22 2020]
Job 16: Translating amino acid sequences

[Wed Apr 15 14:27:25 2020]
Finished job 16.
23 of 65 steps (35%) done

[Wed Apr 15 14:27:25 2020]
Job 2: Exporting data files for for auspice

[Wed Apr 15 14:27:25 2020]
Finished job 1.
24 of 65 steps (37%) done

[Wed Apr 15 14:27:25 2020]
Job 71: 
        Filtering to
          - 5000 sequence(s) per country
          - minimum genome length of 1000
        

[Wed Apr 15 14:27:28 2020]
Finished job 2.
25 of 65 steps (38%) done

[Wed Apr 15 14:27:28 2020]
Job 22: Parsing fasta into sequences and metadata

[Wed Apr 15 14:27:28 2020]
Error in rule filter:
    jobid: 71
    output: results/filtered_229e_membrane.fasta
    shell:
        
        augur filter             --sequences results/sequences_229e_membrane.fasta             --metadata results/metadata_229e_membrane.tsv             --output results/filtered_229e_membrane.fasta             --group-by country             --sequences-per-group 5000             --min-length 1000
        
        (one of the commands exited with non-zero exit code; note that snakemake uses bash strict mode!)

[Wed Apr 15 14:27:30 2020]
Finished job 22.
26 of 65 steps (40%) done
[Wed Apr 15 14:27:37 2020]
Finished job 37.
27 of 65 steps (42%) done
[Wed Apr 15 14:27:52 2020]
Finished job 17.
28 of 65 steps (43%) done
Shutting down, this might take some time.
Exiting because a job execution failed. Look above for error message
Complete log: /Users/katekistler/nextstrain/seasonal-cov/229e/.snakemake/log/2020-04-15T142450.450605.snakemake.log
