Building DAG of jobs...
Using shell: /bin/bash
Provided cores: 4
Rules claiming more threads will be scaled down.
Job counts:
	count	jobs
	1	all
	10	export
	10	translate
	21

[Fri Aug 21 19:10:39 2020]
Job 50: Translating amino acid sequences


[Fri Aug 21 19:10:39 2020]
Job 22: Translating amino acid sequences


[Fri Aug 21 19:10:39 2020]
Job 18: Translating amino acid sequences


[Fri Aug 21 19:10:39 2020]
Job 14: Translating amino acid sequences

[Fri Aug 21 19:10:43 2020]
Finished job 22.
1 of 21 steps (5%) done
[Fri Aug 21 19:10:43 2020]
Finished job 50.
2 of 21 steps (10%) done
[Fri Aug 21 19:10:43 2020]
Finished job 18.
3 of 21 steps (14%) done

[Fri Aug 21 19:10:43 2020]
Job 3: Exporting data files for for auspice


[Fri Aug 21 19:10:43 2020]
Job 2: Exporting data files for for auspice


[Fri Aug 21 19:10:43 2020]
Job 10: Exporting data files for for auspice

[Fri Aug 21 19:10:43 2020]
Finished job 14.
4 of 21 steps (19%) done

[Fri Aug 21 19:10:43 2020]
Job 1: Exporting data files for for auspice

[Fri Aug 21 19:10:47 2020]
Finished job 2.
5 of 21 steps (24%) done

[Fri Aug 21 19:10:47 2020]
Job 46: Translating amino acid sequences

[Fri Aug 21 19:10:47 2020]
Finished job 3.
6 of 21 steps (29%) done

[Fri Aug 21 19:10:47 2020]
Job 42: Translating amino acid sequences

[Fri Aug 21 19:10:47 2020]
Finished job 10.
7 of 21 steps (33%) done
[Fri Aug 21 19:10:47 2020]
Finished job 1.
8 of 21 steps (38%) done

[Fri Aug 21 19:10:47 2020]
Job 38: Translating amino acid sequences


[Fri Aug 21 19:10:47 2020]
Job 26: Translating amino acid sequences

[Fri Aug 21 19:10:50 2020]
Finished job 42.
9 of 21 steps (43%) done

[Fri Aug 21 19:10:50 2020]
Job 8: Exporting data files for for auspice

[Fri Aug 21 19:10:51 2020]
Finished job 46.
10 of 21 steps (48%) done

[Fri Aug 21 19:10:51 2020]
Job 9: Exporting data files for for auspice

[Fri Aug 21 19:10:51 2020]
Finished job 38.
11 of 21 steps (52%) done

[Fri Aug 21 19:10:51 2020]
Job 7: Exporting data files for for auspice

[Fri Aug 21 19:10:51 2020]
Finished job 26.
12 of 21 steps (57%) done

[Fri Aug 21 19:10:51 2020]
Job 4: Exporting data files for for auspice

[Fri Aug 21 19:10:54 2020]
Finished job 7.
13 of 21 steps (62%) done

[Fri Aug 21 19:10:54 2020]
Job 34: Translating amino acid sequences

[Fri Aug 21 19:10:55 2020]
Finished job 4.
14 of 21 steps (67%) done

[Fri Aug 21 19:10:55 2020]
Job 30: Translating amino acid sequences

[Fri Aug 21 19:10:55 2020]
Finished job 9.
15 of 21 steps (71%) done
[Fri Aug 21 19:10:55 2020]
Finished job 8.
16 of 21 steps (76%) done
[Fri Aug 21 19:10:57 2020]
Finished job 34.
17 of 21 steps (81%) done
[Fri Aug 21 19:10:57 2020]
Finished job 30.
18 of 21 steps (86%) done

[Fri Aug 21 19:10:57 2020]
Job 6: Exporting data files for for auspice


[Fri Aug 21 19:10:57 2020]
Job 5: Exporting data files for for auspice

[Fri Aug 21 19:11:00 2020]
Finished job 6.
19 of 21 steps (90%) done
[Fri Aug 21 19:11:00 2020]
Finished job 5.
20 of 21 steps (95%) done

[Fri Aug 21 19:11:00 2020]
localrule all:
    input: auspice/seasonal_corona_229e_replicase1ab.json, auspice/seasonal_corona_229e_replicase1a.json, auspice/seasonal_corona_229e_spike.json, auspice/seasonal_corona_229e_protein4a.json, auspice/seasonal_corona_229e_protein4b.json, auspice/seasonal_corona_229e_envelope.json, auspice/seasonal_corona_229e_membrane.json, auspice/seasonal_corona_229e_nucleocapsid.json, auspice/seasonal_corona_229e_s1.json, auspice/seasonal_corona_229e_s2.json
    jobid: 0

[Fri Aug 21 19:11:00 2020]
Finished job 0.
21 of 21 steps (100%) done
Complete log: /Users/katekistler/nextstrain/seasonal-cov/229e/.snakemake/log/2020-08-21T191039.146010.snakemake.log
