Building DAG of jobs...
Using shell: /bin/bash
Provided cores: 4
Rules claiming more threads will be scaled down.
Job counts:
	count	jobs
	1	all
	1	export
	1	translate
	3

[Fri Aug 21 19:17:17 2020]
Job 22: Translating amino acid sequences

[Fri Aug 21 19:17:19 2020]
Finished job 22.
1 of 3 steps (33%) done

[Fri Aug 21 19:17:19 2020]
Job 3: Exporting data files for for auspice

[Fri Aug 21 19:17:21 2020]
Finished job 3.
2 of 3 steps (67%) done

[Fri Aug 21 19:17:21 2020]
localrule all:
    input: auspice/seasonal_corona_229e_replicase1ab.json, auspice/seasonal_corona_229e_replicase1a.json, auspice/seasonal_corona_229e_spike.json, auspice/seasonal_corona_229e_protein4a.json, auspice/seasonal_corona_229e_protein4b.json, auspice/seasonal_corona_229e_envelope.json, auspice/seasonal_corona_229e_membrane.json, auspice/seasonal_corona_229e_nucleocapsid.json, auspice/seasonal_corona_229e_s1.json, auspice/seasonal_corona_229e_s2.json
    jobid: 0

[Fri Aug 21 19:17:21 2020]
Finished job 0.
3 of 3 steps (100%) done
Complete log: /Users/katekistler/nextstrain/seasonal-cov/229e/.snakemake/log/2020-08-21T191716.996252.snakemake.log
