Building DAG of jobs...
Using shell: /bin/bash
Provided cores: 4
Rules claiming more threads will be scaled down.
Job counts:
	count	jobs
	1	align
	1	all
	1	ancestral
	1	export
	1	filter
	1	parse
	1	refine
	1	translate
	1	tree
	9

[Sat Apr 18 17:33:58 2020]
Job 3: Parsing fasta into sequences and metadata

[Sat Apr 18 17:34:02 2020]
Finished job 3.
1 of 9 steps (11%) done

[Sat Apr 18 17:34:02 2020]
Job 9: 
        Filtering to
          - 5000 sequence(s) per country
          - minimum genome length of 1000
        

[Sat Apr 18 17:34:05 2020]
Finished job 9.
2 of 9 steps (22%) done

[Sat Apr 18 17:34:05 2020]
Job 7: 
        Aligning sequences to config/nl63_full_reference.gb
          - filling gaps with N
        

[Sat Apr 18 18:54:43 2020]
Finished job 7.
3 of 9 steps (33%) done

[Sat Apr 18 18:54:43 2020]
Job 6: Building tree

[Sat Apr 18 18:54:58 2020]
Finished job 6.
4 of 9 steps (44%) done

[Sat Apr 18 18:54:58 2020]
Job 2: 
        Refining tree
        

[Sat Apr 18 19:00:55 2020]
Finished job 2.
5 of 9 steps (56%) done

[Sat Apr 18 19:00:55 2020]
Job 4: Reconstructing ancestral sequences and mutations

[Sat Apr 18 19:01:22 2020]
Finished job 4.
6 of 9 steps (67%) done

[Sat Apr 18 19:01:22 2020]
Job 5: Translating amino acid sequences

[Sat Apr 18 19:01:24 2020]
Finished job 5.
7 of 9 steps (78%) done

[Sat Apr 18 19:01:24 2020]
Job 1: Exporting data files for for auspice

[Sat Apr 18 19:01:28 2020]
Finished job 1.
8 of 9 steps (89%) done

[Sat Apr 18 19:01:28 2020]
localrule all:
    input: auspice/seasonal_corona_nl63_full.json
    jobid: 0

[Sat Apr 18 19:01:28 2020]
Finished job 0.
9 of 9 steps (100%) done
Complete log: /Users/katekistler/nextstrain/seasonal-cov/nl63/.snakemake/log/2020-04-18T173358.312020.snakemake.log
