Building DAG of jobs...
Using shell: /bin/bash
Provided cores: 4
Rules claiming more threads will be scaled down.
Job counts:
	count	jobs
	1	all
	1	export
	2

[Mon May 25 11:40:46 2020]
Job 1: Exporting data files for for auspice

[Mon May 25 11:40:51 2020]
Finished job 1.
1 of 2 steps (50%) done

[Mon May 25 11:40:51 2020]
localrule all:
    input: auspice/seasonal_corona_nl63_full.json
    jobid: 0

[Mon May 25 11:40:51 2020]
Finished job 0.
2 of 2 steps (100%) done
Complete log: /Users/katekistler/nextstrain/seasonal-cov/nl63/.snakemake/log/2020-05-25T114046.246889.snakemake.log
