Building DAG of jobs...
Using shell: /bin/bash
Provided cores: 4
Rules claiming more threads will be scaled down.
Job counts:
	count	jobs
	8	align
	1	all
	8	ancestral
	8	export
	8	filter
	8	parse
	8	refine
	8	translate
	8	tree
	65

[Fri May  8 21:19:53 2020]
Job 14: Parsing fasta into sequences and metadata


[Fri May  8 21:19:54 2020]
Job 34: Parsing fasta into sequences and metadata


[Fri May  8 21:19:54 2020]
Job 38: Parsing fasta into sequences and metadata


[Fri May  8 21:19:54 2020]
Job 10: Parsing fasta into sequences and metadata

[Fri May  8 21:19:59 2020]
Finished job 38.
1 of 65 steps (2%) done

[Fri May  8 21:19:59 2020]
Job 72: 
        Filtering to
          - 5000 sequence(s) per country
          - minimum genome length of 200
        

[Fri May  8 21:19:59 2020]
Finished job 34.
2 of 65 steps (3%) done

[Fri May  8 21:19:59 2020]
Job 71: 
        Filtering to
          - 5000 sequence(s) per country
          - minimum genome length of 200
        

[Fri May  8 21:19:59 2020]
Finished job 14.
3 of 65 steps (5%) done

[Fri May  8 21:19:59 2020]
Job 66: 
        Filtering to
          - 5000 sequence(s) per country
          - minimum genome length of 200
        

[Fri May  8 21:19:59 2020]
Finished job 10.
4 of 65 steps (6%) done

[Fri May  8 21:19:59 2020]
Job 65: 
        Filtering to
          - 5000 sequence(s) per country
          - minimum genome length of 200
        

[Fri May  8 21:20:05 2020]
Finished job 72.
5 of 65 steps (8%) done

[Fri May  8 21:20:05 2020]
Job 63: 
        Aligning sequences to config/nl63_s2_reference.gb
          - filling gaps with N
        

[Fri May  8 21:20:06 2020]
Finished job 71.
6 of 65 steps (9%) done

[Fri May  8 21:20:06 2020]
Job 60: 
        Aligning sequences to config/nl63_s1_reference.gb
          - filling gaps with N
        

[Fri May  8 21:20:06 2020]
Finished job 66.
7 of 65 steps (11%) done

[Fri May  8 21:20:06 2020]
Job 45: 
        Aligning sequences to config/nl63_replicase1ab_reference.gb
          - filling gaps with N
        

[Fri May  8 21:20:06 2020]
Finished job 65.
8 of 65 steps (12%) done

[Fri May  8 21:20:06 2020]
Job 42: 
        Aligning sequences to config/nl63_spike_reference.gb
          - filling gaps with N
        

[Fri May  8 21:20:20 2020]
Finished job 63.
9 of 65 steps (14%) done

[Fri May  8 21:20:20 2020]
Job 62: Building tree

[Fri May  8 21:20:25 2020]
Finished job 62.
10 of 65 steps (15%) done

[Fri May  8 21:20:25 2020]
Job 37: 
        Refining tree
        

[Fri May  8 21:20:36 2020]
Finished job 60.
11 of 65 steps (17%) done

[Fri May  8 21:20:36 2020]
Job 59: Building tree

[Fri May  8 21:20:43 2020]
Finished job 59.
12 of 65 steps (18%) done

[Fri May  8 21:20:43 2020]
Job 33: 
        Refining tree
        

[Fri May  8 21:21:07 2020]
Finished job 45.
13 of 65 steps (20%) done

[Fri May  8 21:21:07 2020]
Job 44: Building tree

[Fri May  8 21:21:15 2020]
Finished job 44.
14 of 65 steps (22%) done

[Fri May  8 21:21:15 2020]
Job 13: 
        Refining tree
        

[Fri May  8 21:21:27 2020]
Finished job 42.
15 of 65 steps (23%) done

[Fri May  8 21:21:27 2020]
Job 41: Building tree

[Fri May  8 21:21:35 2020]
Finished job 41.
16 of 65 steps (25%) done

[Fri May  8 21:21:35 2020]
Job 9: 
        Refining tree
        

[Fri May  8 21:26:07 2020]
Finished job 13.
17 of 65 steps (26%) done

[Fri May  8 21:26:07 2020]
Job 15: Reconstructing ancestral sequences and mutations

[Fri May  8 21:26:20 2020]
Finished job 15.
18 of 65 steps (28%) done

[Fri May  8 21:26:20 2020]
Job 16: Translating amino acid sequences

[Fri May  8 21:26:25 2020]
Finished job 16.
19 of 65 steps (29%) done

[Fri May  8 21:26:25 2020]
Job 2: Exporting data files for for auspice

[Fri May  8 21:26:30 2020]
Finished job 2.
20 of 65 steps (31%) done

[Fri May  8 21:26:30 2020]
Job 30: Parsing fasta into sequences and metadata

[Fri May  8 21:26:35 2020]
Finished job 30.
21 of 65 steps (32%) done

[Fri May  8 21:26:35 2020]
Job 70: 
        Filtering to
          - 5000 sequence(s) per country
          - minimum genome length of 200
        

[Fri May  8 21:26:41 2020]
Finished job 70.
22 of 65 steps (34%) done

[Fri May  8 21:26:41 2020]
Job 57: 
        Aligning sequences to config/nl63_nucleocapsid_reference.gb
          - filling gaps with N
        

[Fri May  8 21:26:49 2020]
Finished job 37.
23 of 65 steps (35%) done

[Fri May  8 21:26:49 2020]
Job 39: Reconstructing ancestral sequences and mutations

[Fri May  8 21:26:52 2020]
Finished job 57.
24 of 65 steps (37%) done

[Fri May  8 21:26:52 2020]
Job 56: Building tree

[Fri May  8 21:26:55 2020]
Finished job 39.
25 of 65 steps (38%) done

[Fri May  8 21:26:55 2020]
Job 40: Translating amino acid sequences

[Fri May  8 21:26:58 2020]
Finished job 56.
26 of 65 steps (40%) done

[Fri May  8 21:26:58 2020]
Job 29: 
        Refining tree
        

[Fri May  8 21:27:00 2020]
Finished job 40.
27 of 65 steps (42%) done

[Fri May  8 21:27:00 2020]
Job 8: Exporting data files for for auspice

[Fri May  8 21:27:05 2020]
Finished job 8.
28 of 65 steps (43%) done

[Fri May  8 21:27:05 2020]
Job 18: Parsing fasta into sequences and metadata

[Fri May  8 21:27:10 2020]
Finished job 18.
29 of 65 steps (45%) done

[Fri May  8 21:27:10 2020]
Job 67: 
        Filtering to
          - 5000 sequence(s) per country
          - minimum genome length of 200
        

[Fri May  8 21:27:15 2020]
Finished job 67.
30 of 65 steps (46%) done

[Fri May  8 21:27:15 2020]
Job 26: Parsing fasta into sequences and metadata

[Fri May  8 21:27:20 2020]
Finished job 26.
31 of 65 steps (48%) done

[Fri May  8 21:27:20 2020]
Job 69: 
        Filtering to
          - 5000 sequence(s) per country
          - minimum genome length of 200
        

[Fri May  8 21:27:25 2020]
Finished job 69.
32 of 65 steps (49%) done

[Fri May  8 21:27:25 2020]
Job 48: 
        Aligning sequences to config/nl63_protein3_reference.gb
          - filling gaps with N
        

[Fri May  8 21:27:31 2020]
Finished job 48.
33 of 65 steps (51%) done

[Fri May  8 21:27:31 2020]
Job 47: Building tree

[Fri May  8 21:27:36 2020]
Finished job 47.
34 of 65 steps (52%) done

[Fri May  8 21:27:36 2020]
Job 17: 
        Refining tree
        

[Fri May  8 21:30:29 2020]
Finished job 9.
35 of 65 steps (54%) done

[Fri May  8 21:30:29 2020]
Job 11: Reconstructing ancestral sequences and mutations

[Fri May  8 21:30:40 2020]
Finished job 11.
36 of 65 steps (55%) done

[Fri May  8 21:30:40 2020]
Job 12: Translating amino acid sequences

[Fri May  8 21:30:44 2020]
Finished job 12.
37 of 65 steps (57%) done

[Fri May  8 21:30:44 2020]
Job 1: Exporting data files for for auspice

[Fri May  8 21:30:50 2020]
Finished job 1.
38 of 65 steps (58%) done

[Fri May  8 21:30:50 2020]
Job 54: 
        Aligning sequences to config/nl63_membrane_reference.gb
          - filling gaps with N
        

[Fri May  8 21:30:57 2020]
Finished job 54.
39 of 65 steps (60%) done

[Fri May  8 21:30:57 2020]
Job 53: Building tree

[Fri May  8 21:31:02 2020]
Finished job 53.
40 of 65 steps (62%) done

[Fri May  8 21:31:02 2020]
Job 25: 
        Refining tree
        

[Fri May  8 21:31:10 2020]
Finished job 17.
41 of 65 steps (63%) done

[Fri May  8 21:31:10 2020]
Job 19: Reconstructing ancestral sequences and mutations

[Fri May  8 21:31:16 2020]
Finished job 19.
42 of 65 steps (65%) done

[Fri May  8 21:31:16 2020]
Job 20: Translating amino acid sequences

[Fri May  8 21:31:20 2020]
Finished job 20.
43 of 65 steps (66%) done

[Fri May  8 21:31:20 2020]
Job 3: Exporting data files for for auspice

[Fri May  8 21:31:25 2020]
Finished job 3.
44 of 65 steps (68%) done

[Fri May  8 21:31:25 2020]
Job 22: Parsing fasta into sequences and metadata

[Fri May  8 21:31:30 2020]
Finished job 22.
45 of 65 steps (69%) done

[Fri May  8 21:31:30 2020]
Job 68: 
        Filtering to
          - 5000 sequence(s) per country
          - minimum genome length of 200
        

[Fri May  8 21:31:35 2020]
Finished job 68.
46 of 65 steps (71%) done

[Fri May  8 21:31:35 2020]
Job 51: 
        Aligning sequences to config/nl63_envelope_reference.gb
          - filling gaps with N
        

[Fri May  8 21:31:41 2020]
Finished job 51.
47 of 65 steps (72%) done

[Fri May  8 21:31:41 2020]
Job 50: Building tree

[Fri May  8 21:31:45 2020]
Finished job 50.
48 of 65 steps (74%) done

[Fri May  8 21:31:45 2020]
Job 21: 
        Refining tree
        

[Fri May  8 21:33:37 2020]
Finished job 33.
49 of 65 steps (75%) done

[Fri May  8 21:33:37 2020]
Job 35: Reconstructing ancestral sequences and mutations

[Fri May  8 21:33:46 2020]
Finished job 35.
50 of 65 steps (77%) done

[Fri May  8 21:33:46 2020]
Job 36: Translating amino acid sequences

[Fri May  8 21:33:51 2020]
Finished job 36.
51 of 65 steps (78%) done

[Fri May  8 21:33:51 2020]
Job 7: Exporting data files for for auspice

[Fri May  8 21:33:57 2020]
Finished job 7.
52 of 65 steps (80%) done
[Fri May  8 21:34:34 2020]
Finished job 25.
53 of 65 steps (82%) done

[Fri May  8 21:34:34 2020]
Job 27: Reconstructing ancestral sequences and mutations

[Fri May  8 21:34:40 2020]
Finished job 27.
54 of 65 steps (83%) done

[Fri May  8 21:34:40 2020]
Job 28: Translating amino acid sequences

[Fri May  8 21:34:45 2020]
Finished job 28.
55 of 65 steps (85%) done

[Fri May  8 21:34:45 2020]
Job 5: Exporting data files for for auspice

[Fri May  8 21:34:49 2020]
Finished job 5.
56 of 65 steps (86%) done
[Fri May  8 21:35:10 2020]
Finished job 21.
57 of 65 steps (88%) done

[Fri May  8 21:35:10 2020]
Job 23: Reconstructing ancestral sequences and mutations

[Fri May  8 21:35:14 2020]
Finished job 23.
58 of 65 steps (89%) done

[Fri May  8 21:35:14 2020]
Job 24: Translating amino acid sequences

[Fri May  8 21:35:17 2020]
Finished job 24.
59 of 65 steps (91%) done

[Fri May  8 21:35:17 2020]
Job 4: Exporting data files for for auspice

[Fri May  8 21:35:21 2020]
Finished job 4.
60 of 65 steps (92%) done
[Fri May  8 21:36:18 2020]
Finished job 29.
61 of 65 steps (94%) done

[Fri May  8 21:36:18 2020]
Job 31: Reconstructing ancestral sequences and mutations

[Fri May  8 21:36:22 2020]
Finished job 31.
62 of 65 steps (95%) done

[Fri May  8 21:36:22 2020]
Job 32: Translating amino acid sequences

[Fri May  8 21:36:25 2020]
Finished job 32.
63 of 65 steps (97%) done

[Fri May  8 21:36:25 2020]
Job 6: Exporting data files for for auspice

[Fri May  8 21:36:28 2020]
Finished job 6.
64 of 65 steps (98%) done

[Fri May  8 21:36:28 2020]
localrule all:
    input: auspice/seasonal_corona_nl63_spike.json, auspice/seasonal_corona_nl63_replicase1ab.json, auspice/seasonal_corona_nl63_protein3.json, auspice/seasonal_corona_nl63_envelope.json, auspice/seasonal_corona_nl63_membrane.json, auspice/seasonal_corona_nl63_nucleocapsid.json, auspice/seasonal_corona_nl63_s1.json, auspice/seasonal_corona_nl63_s2.json
    jobid: 0

[Fri May  8 21:36:28 2020]
Finished job 0.
65 of 65 steps (100%) done
Complete log: /Users/katekistler/nextstrain/seasonal-cov/nl63/.snakemake/log/2020-05-08T211953.783625.snakemake.log
