Building DAG of jobs...
Using shell: /bin/bash
Provided cores: 4
Rules claiming more threads will be scaled down.
Job counts:
	count	jobs
	1	all
	1	clades
	1	export
	1	translate
	4

[Fri Sep 11 11:04:41 2020]
Job 5: Translating amino acid sequences

[Fri Sep 11 11:04:44 2020]
Finished job 5.
1 of 4 steps (25%) done

[Fri Sep 11 11:04:44 2020]
Job 6: Annotating clades

[Fri Sep 11 11:04:49 2020]
Finished job 6.
2 of 4 steps (50%) done

[Fri Sep 11 11:04:49 2020]
Job 1: Exporting data files for for auspice

[Fri Sep 11 11:04:56 2020]
Finished job 1.
3 of 4 steps (75%) done

[Fri Sep 11 11:04:56 2020]
localrule all:
    input: auspice/seasonal_corona_nl63_full.json
    jobid: 0

[Fri Sep 11 11:04:56 2020]
Finished job 0.
4 of 4 steps (100%) done
Complete log: /Users/katekistler/nextstrain/seasonal-cov/nl63/.snakemake/log/2020-09-11T110441.591667.snakemake.log
