Building DAG of jobs...
Using shell: /bin/bash
Provided cores: 4
Rules claiming more threads will be scaled down.
Job counts:
	count	jobs
	8	align
	1	all
	8	ancestral
	8	export
	8	filter
	8	parse
	8	refine
	8	translate
	8	tree
	65

[Sat Apr 25 12:17:38 2020]
Job 10: Parsing fasta into sequences and metadata


[Sat Apr 25 12:17:38 2020]
Job 14: Parsing fasta into sequences and metadata


[Sat Apr 25 12:17:38 2020]
Job 34: Parsing fasta into sequences and metadata


[Sat Apr 25 12:17:38 2020]
Job 38: Parsing fasta into sequences and metadata

[Sat Apr 25 12:17:48 2020]
Finished job 10.
1 of 65 steps (2%) done

[Sat Apr 25 12:17:48 2020]
Job 65: 
        Filtering to
          - 5000 sequence(s) per country
          - minimum genome length of 200
        

[Sat Apr 25 12:17:49 2020]
Finished job 34.
2 of 65 steps (3%) done

[Sat Apr 25 12:17:49 2020]
Job 71: 
        Filtering to
          - 5000 sequence(s) per country
          - minimum genome length of 200
        

[Sat Apr 25 12:17:49 2020]
Finished job 14.
3 of 65 steps (5%) done

[Sat Apr 25 12:17:49 2020]
Job 66: 
        Filtering to
          - 5000 sequence(s) per country
          - minimum genome length of 200
        

[Sat Apr 25 12:17:50 2020]
Finished job 38.
4 of 65 steps (6%) done

[Sat Apr 25 12:17:50 2020]
Job 72: 
        Filtering to
          - 5000 sequence(s) per country
          - minimum genome length of 200
        

[Sat Apr 25 12:17:58 2020]
Finished job 65.
5 of 65 steps (8%) done

[Sat Apr 25 12:17:58 2020]
Job 42: 
        Aligning sequences to config/nl63_spike_reference.gb
          - filling gaps with N
        

[Sat Apr 25 12:18:00 2020]
Finished job 72.
6 of 65 steps (9%) done

[Sat Apr 25 12:18:00 2020]
Job 63: 
        Aligning sequences to config/nl63_s2_reference.gb
          - filling gaps with N
        

[Sat Apr 25 12:18:00 2020]
Finished job 66.
7 of 65 steps (11%) done

[Sat Apr 25 12:18:00 2020]
Job 45: 
        Aligning sequences to config/nl63_replicase1ab_reference.gb
          - filling gaps with N
        

[Sat Apr 25 12:18:00 2020]
Finished job 71.
8 of 65 steps (12%) done

[Sat Apr 25 12:18:00 2020]
Job 60: 
        Aligning sequences to config/nl63_s1_reference.gb
          - filling gaps with N
        

[Sat Apr 25 12:18:30 2020]
Finished job 63.
9 of 65 steps (14%) done

[Sat Apr 25 12:18:30 2020]
Job 62: Building tree

[Sat Apr 25 12:18:44 2020]
Finished job 62.
10 of 65 steps (15%) done

[Sat Apr 25 12:18:44 2020]
Job 37: 
        Refining tree
        

[Sat Apr 25 12:19:10 2020]
Finished job 60.
11 of 65 steps (17%) done

[Sat Apr 25 12:19:10 2020]
Job 59: Building tree

[Sat Apr 25 12:19:29 2020]
Finished job 59.
12 of 65 steps (18%) done

[Sat Apr 25 12:19:29 2020]
Job 33: 
        Refining tree
        

[Sat Apr 25 12:21:08 2020]
Finished job 42.
13 of 65 steps (20%) done

[Sat Apr 25 12:21:08 2020]
Job 41: Building tree

[Sat Apr 25 12:21:28 2020]
Finished job 41.
14 of 65 steps (22%) done

[Sat Apr 25 12:21:28 2020]
Job 9: 
        Refining tree
        

[Sat Apr 25 12:24:45 2020]
Finished job 45.
15 of 65 steps (23%) done

[Sat Apr 25 12:24:45 2020]
Job 44: Building tree

[Sat Apr 25 12:25:02 2020]
Finished job 44.
16 of 65 steps (25%) done

[Sat Apr 25 12:25:02 2020]
Job 13: 
        Refining tree
        

[Sat Apr 25 12:30:18 2020]
Finished job 37.
17 of 65 steps (26%) done

[Sat Apr 25 12:30:18 2020]
Job 39: Reconstructing ancestral sequences and mutations

[Sat Apr 25 12:30:39 2020]
Finished job 39.
18 of 65 steps (28%) done

[Sat Apr 25 12:30:39 2020]
Job 40: Translating amino acid sequences

[Sat Apr 25 12:30:51 2020]
Finished job 40.
19 of 65 steps (29%) done

[Sat Apr 25 12:30:51 2020]
Job 8: Exporting data files for for auspice

[Sat Apr 25 12:31:04 2020]
Finished job 8.
20 of 65 steps (31%) done

[Sat Apr 25 12:31:04 2020]
Job 30: Parsing fasta into sequences and metadata

[Sat Apr 25 12:31:16 2020]
Finished job 30.
21 of 65 steps (32%) done

[Sat Apr 25 12:31:16 2020]
Job 70: 
        Filtering to
          - 5000 sequence(s) per country
          - minimum genome length of 200
        

[Sat Apr 25 12:31:28 2020]
Finished job 70.
22 of 65 steps (34%) done

[Sat Apr 25 12:31:28 2020]
Job 57: 
        Aligning sequences to config/nl63_nucleocapsid_reference.gb
          - filling gaps with N
        

[Sat Apr 25 12:31:46 2020]
Finished job 57.
23 of 65 steps (35%) done

[Sat Apr 25 12:31:46 2020]
Job 56: Building tree

[Sat Apr 25 12:31:59 2020]
Finished job 56.
24 of 65 steps (37%) done

[Sat Apr 25 12:31:59 2020]
Job 29: 
        Refining tree
        

[Sat Apr 25 12:36:58 2020]
Finished job 13.
25 of 65 steps (38%) done

[Sat Apr 25 12:36:58 2020]
Job 15: Reconstructing ancestral sequences and mutations

[Sat Apr 25 12:37:38 2020]
Finished job 15.
26 of 65 steps (40%) done

[Sat Apr 25 12:37:38 2020]
Job 16: Translating amino acid sequences

[Sat Apr 25 12:37:48 2020]
Finished job 16.
27 of 65 steps (42%) done

[Sat Apr 25 12:37:48 2020]
Job 2: Exporting data files for for auspice

[Sat Apr 25 12:38:02 2020]
Finished job 2.
28 of 65 steps (43%) done

[Sat Apr 25 12:38:02 2020]
Job 18: Parsing fasta into sequences and metadata

[Sat Apr 25 12:38:10 2020]
Finished job 18.
29 of 65 steps (45%) done

[Sat Apr 25 12:38:10 2020]
Job 67: 
        Filtering to
          - 5000 sequence(s) per country
          - minimum genome length of 200
        

[Sat Apr 25 12:38:19 2020]
Finished job 67.
30 of 65 steps (46%) done

[Sat Apr 25 12:38:19 2020]
Job 48: 
        Aligning sequences to config/nl63_protein3_reference.gb
          - filling gaps with N
        

[Sat Apr 25 12:38:32 2020]
Finished job 48.
31 of 65 steps (48%) done

[Sat Apr 25 12:38:32 2020]
Job 47: Building tree

[Sat Apr 25 12:38:40 2020]
Finished job 47.
32 of 65 steps (49%) done

[Sat Apr 25 12:38:40 2020]
Job 17: 
        Refining tree
        

[Sat Apr 25 12:39:05 2020]
Finished job 29.
33 of 65 steps (51%) done

[Sat Apr 25 12:39:05 2020]
Job 31: Reconstructing ancestral sequences and mutations

[Sat Apr 25 12:39:16 2020]
Finished job 31.
34 of 65 steps (52%) done

[Sat Apr 25 12:39:16 2020]
Job 32: Translating amino acid sequences

[Sat Apr 25 12:39:24 2020]
Finished job 32.
35 of 65 steps (54%) done

[Sat Apr 25 12:39:24 2020]
Job 6: Exporting data files for for auspice

[Sat Apr 25 12:39:33 2020]
Finished job 6.
36 of 65 steps (55%) done

[Sat Apr 25 12:39:33 2020]
Job 26: Parsing fasta into sequences and metadata

[Sat Apr 25 12:39:41 2020]
Finished job 26.
37 of 65 steps (57%) done

[Sat Apr 25 12:39:41 2020]
Job 69: 
        Filtering to
          - 5000 sequence(s) per country
          - minimum genome length of 200
        

[Sat Apr 25 12:39:49 2020]
Finished job 69.
38 of 65 steps (58%) done

[Sat Apr 25 12:39:49 2020]
Job 54: 
        Aligning sequences to config/nl63_membrane_reference.gb
          - filling gaps with N
        

[Sat Apr 25 12:40:00 2020]
Finished job 54.
39 of 65 steps (60%) done

[Sat Apr 25 12:40:00 2020]
Job 53: Building tree

[Sat Apr 25 12:40:08 2020]
Finished job 53.
40 of 65 steps (62%) done

[Sat Apr 25 12:40:08 2020]
Job 25: 
        Refining tree
        

[Sat Apr 25 12:40:10 2020]
Finished job 9.
41 of 65 steps (63%) done

[Sat Apr 25 12:40:10 2020]
Job 11: Reconstructing ancestral sequences and mutations

[Sat Apr 25 12:40:32 2020]
Finished job 11.
42 of 65 steps (65%) done

[Sat Apr 25 12:40:32 2020]
Job 12: Translating amino acid sequences

[Sat Apr 25 12:40:40 2020]
Finished job 12.
43 of 65 steps (66%) done

[Sat Apr 25 12:40:40 2020]
Job 1: Exporting data files for for auspice

[Sat Apr 25 12:40:50 2020]
Finished job 1.
44 of 65 steps (68%) done

[Sat Apr 25 12:40:50 2020]
Job 22: Parsing fasta into sequences and metadata

[Sat Apr 25 12:40:58 2020]
Finished job 22.
45 of 65 steps (69%) done

[Sat Apr 25 12:40:58 2020]
Job 68: 
        Filtering to
          - 5000 sequence(s) per country
          - minimum genome length of 200
        

[Sat Apr 25 12:41:06 2020]
Finished job 68.
46 of 65 steps (71%) done

[Sat Apr 25 12:41:06 2020]
Job 51: 
        Aligning sequences to config/nl63_envelope_reference.gb
          - filling gaps with N
        

[Sat Apr 25 12:41:14 2020]
Finished job 51.
47 of 65 steps (72%) done

[Sat Apr 25 12:41:14 2020]
Job 50: Building tree

[Sat Apr 25 12:41:22 2020]
Finished job 50.
48 of 65 steps (74%) done

[Sat Apr 25 12:41:22 2020]
Job 21: 
        Refining tree
        

[Sat Apr 25 12:43:49 2020]
Finished job 17.
49 of 65 steps (75%) done

[Sat Apr 25 12:43:49 2020]
Job 19: Reconstructing ancestral sequences and mutations

[Sat Apr 25 12:43:57 2020]
Finished job 19.
50 of 65 steps (77%) done

[Sat Apr 25 12:43:57 2020]
Job 20: Translating amino acid sequences

[Sat Apr 25 12:44:04 2020]
Finished job 20.
51 of 65 steps (78%) done

[Sat Apr 25 12:44:04 2020]
Job 3: Exporting data files for for auspice

[Sat Apr 25 12:44:12 2020]
Finished job 3.
52 of 65 steps (80%) done
[Sat Apr 25 12:44:37 2020]
Finished job 25.
53 of 65 steps (82%) done

[Sat Apr 25 12:44:37 2020]
Job 27: Reconstructing ancestral sequences and mutations

[Sat Apr 25 12:44:44 2020]
Finished job 27.
54 of 65 steps (83%) done

[Sat Apr 25 12:44:44 2020]
Job 28: Translating amino acid sequences

[Sat Apr 25 12:44:50 2020]
Finished job 28.
55 of 65 steps (85%) done

[Sat Apr 25 12:44:50 2020]
Job 5: Exporting data files for for auspice

[Sat Apr 25 12:44:56 2020]
Finished job 5.
56 of 65 steps (86%) done
[Sat Apr 25 12:46:12 2020]
Finished job 21.
57 of 65 steps (88%) done

[Sat Apr 25 12:46:12 2020]
Job 23: Reconstructing ancestral sequences and mutations

[Sat Apr 25 12:46:17 2020]
Finished job 23.
58 of 65 steps (89%) done

[Sat Apr 25 12:46:17 2020]
Job 24: Translating amino acid sequences

[Sat Apr 25 12:46:22 2020]
Finished job 24.
59 of 65 steps (91%) done

[Sat Apr 25 12:46:22 2020]
Job 4: Exporting data files for for auspice

[Sat Apr 25 12:46:27 2020]
Finished job 4.
60 of 65 steps (92%) done
[Sat Apr 25 12:47:00 2020]
Finished job 33.
61 of 65 steps (94%) done

[Sat Apr 25 12:47:00 2020]
Job 35: Reconstructing ancestral sequences and mutations

[Sat Apr 25 12:47:10 2020]
Finished job 35.
62 of 65 steps (95%) done

[Sat Apr 25 12:47:10 2020]
Job 36: Translating amino acid sequences

[Sat Apr 25 12:47:14 2020]
Finished job 36.
63 of 65 steps (97%) done

[Sat Apr 25 12:47:14 2020]
Job 7: Exporting data files for for auspice

[Sat Apr 25 12:47:19 2020]
Finished job 7.
64 of 65 steps (98%) done

[Sat Apr 25 12:47:19 2020]
localrule all:
    input: auspice/seasonal_corona_nl63_spike.json, auspice/seasonal_corona_nl63_replicase1ab.json, auspice/seasonal_corona_nl63_protein3.json, auspice/seasonal_corona_nl63_envelope.json, auspice/seasonal_corona_nl63_membrane.json, auspice/seasonal_corona_nl63_nucleocapsid.json, auspice/seasonal_corona_nl63_s1.json, auspice/seasonal_corona_nl63_s2.json
    jobid: 0

[Sat Apr 25 12:47:19 2020]
Finished job 0.
65 of 65 steps (100%) done
Complete log: /Users/katekistler/nextstrain/seasonal-cov/nl63/.snakemake/log/2020-04-25T121737.740002.snakemake.log
