Building DAG of jobs...
Using shell: /bin/bash
Provided cores: 4
Rules claiming more threads will be scaled down.
Job counts:
	count	jobs
	1	all
	3	clades
	3	export
	7

[Wed Sep 16 16:42:42 2020]
Job 14: Annotating clades

[Wed Sep 16 16:42:42 2020]
Job 19: Annotating clades

[Wed Sep 16 16:42:42 2020]
Job 24: Annotating clades

[Wed Sep 16 16:42:47 2020]
Finished job 24.
1 of 7 steps (14%) done

[Wed Sep 16 16:42:47 2020]
Job 4: Exporting data files for for auspice

[Wed Sep 16 16:42:47 2020]
Finished job 14.
2 of 7 steps (29%) done

[Wed Sep 16 16:42:47 2020]
Job 2: Exporting data files for for auspice

[Wed Sep 16 16:42:47 2020]
Finished job 19.
3 of 7 steps (43%) done

[Wed Sep 16 16:42:47 2020]
Job 3: Exporting data files for for auspice

[Wed Sep 16 16:42:50 2020]
Finished job 4.
4 of 7 steps (57%) done
[Wed Sep 16 16:42:51 2020]
Finished job 2.
5 of 7 steps (71%) done
[Wed Sep 16 16:42:51 2020]
Finished job 3.
6 of 7 steps (86%) done

[Wed Sep 16 16:42:51 2020]
localrule all:
    input: auspice/seasonal_corona_nl63_rdrp.json, auspice/seasonal_corona_nl63_spike.json, auspice/seasonal_corona_nl63_s1.json, auspice/seasonal_corona_nl63_s2.json
    jobid: 0

[Wed Sep 16 16:42:51 2020]
Finished job 0.
7 of 7 steps (100%) done
Complete log: /Users/katekistler/nextstrain/seasonal-cov/nl63/.snakemake/log/2020-09-16T164242.558417.snakemake.log
