Building DAG of jobs...
Using shell: /bin/bash
Provided cores: 4
Rules claiming more threads will be scaled down.
Job counts:
	count	jobs
	1	all
	1	clades
	1	export
	3

[Wed Sep 16 16:47:03 2020]
Job 14: Annotating clades

[Wed Sep 16 16:47:08 2020]
Finished job 14.
1 of 3 steps (33%) done

[Wed Sep 16 16:47:08 2020]
Job 2: Exporting data files for for auspice

[Wed Sep 16 16:47:11 2020]
Finished job 2.
2 of 3 steps (67%) done

[Wed Sep 16 16:47:11 2020]
localrule all:
    input: auspice/seasonal_corona_nl63_rdrp.json, auspice/seasonal_corona_nl63_spike.json, auspice/seasonal_corona_nl63_s1.json, auspice/seasonal_corona_nl63_s2.json
    jobid: 0

[Wed Sep 16 16:47:11 2020]
Finished job 0.
3 of 3 steps (100%) done
Complete log: /Users/katekistler/nextstrain/seasonal-cov/nl63/.snakemake/log/2020-09-16T164703.646806.snakemake.log
