Building DAG of jobs...
Using shell: /bin/bash
Provided cores: 4
Rules claiming more threads will be scaled down.
Job counts:
	count	jobs
	7	align
	1	all
	7	ancestral
	7	export
	7	refine
	7	translate
	7	tree
	43

[Fri Aug 21 20:10:20 2020]
Job 49: 
        Aligning sequences to config/nl63_nucleocapsid_reference.gb
          - filling gaps with N
        


[Fri Aug 21 20:10:20 2020]
Job 37: 
        Aligning sequences to config/nl63_replicase1ab_reference.gb
          - filling gaps with N
        


[Fri Aug 21 20:10:20 2020]
Job 52: 
        Aligning sequences to config/nl63_s1_reference.gb
          - filling gaps with N
        


[Fri Aug 21 20:10:20 2020]
Job 55: 
        Aligning sequences to config/nl63_s2_reference.gb
          - filling gaps with N
        

[Fri Aug 21 20:10:31 2020]
Finished job 49.
1 of 43 steps (2%) done

[Fri Aug 21 20:10:31 2020]
Job 48: Building tree

[Fri Aug 21 20:10:31 2020]
Finished job 55.
2 of 43 steps (5%) done

[Fri Aug 21 20:10:31 2020]
Job 54: Building tree

[Fri Aug 21 20:10:35 2020]
Finished job 54.
3 of 43 steps (7%) done

[Fri Aug 21 20:10:35 2020]
Job 32: 
        Refining tree
        

[Fri Aug 21 20:10:35 2020]
Finished job 48.
4 of 43 steps (9%) done

[Fri Aug 21 20:10:35 2020]
Job 24: 
        Refining tree
        

[Fri Aug 21 20:10:44 2020]
Finished job 52.
5 of 43 steps (12%) done

[Fri Aug 21 20:10:44 2020]
Job 51: Building tree

[Fri Aug 21 20:10:51 2020]
Finished job 51.
6 of 43 steps (14%) done

[Fri Aug 21 20:10:51 2020]
Job 28: 
        Refining tree
        

[Fri Aug 21 20:11:05 2020]
Finished job 37.
7 of 43 steps (16%) done

[Fri Aug 21 20:11:05 2020]
Job 36: Building tree

[Fri Aug 21 20:11:11 2020]
Finished job 36.
8 of 43 steps (19%) done

[Fri Aug 21 20:11:11 2020]
Job 8: 
        Refining tree
        

[Fri Aug 21 20:14:31 2020]
Finished job 8.
9 of 43 steps (21%) done

[Fri Aug 21 20:14:31 2020]
Job 10: Reconstructing ancestral sequences and mutations

[Fri Aug 21 20:14:41 2020]
Finished job 10.
10 of 43 steps (23%) done

[Fri Aug 21 20:14:41 2020]
Job 11: Translating amino acid sequences

[Fri Aug 21 20:14:48 2020]
Finished job 11.
11 of 43 steps (26%) done

[Fri Aug 21 20:14:48 2020]
Job 1: Exporting data files for for auspice

[Fri Aug 21 20:14:53 2020]
Finished job 1.
12 of 43 steps (28%) done

[Fri Aug 21 20:14:53 2020]
Job 40: 
        Aligning sequences to config/nl63_protein3_reference.gb
          - filling gaps with N
        

[Fri Aug 21 20:14:59 2020]
Finished job 40.
13 of 43 steps (30%) done

[Fri Aug 21 20:14:59 2020]
Job 39: Building tree

[Fri Aug 21 20:15:04 2020]
Finished job 39.
14 of 43 steps (33%) done

[Fri Aug 21 20:15:04 2020]
Job 12: 
        Refining tree
        

[Fri Aug 21 20:15:07 2020]
Finished job 32.
15 of 43 steps (35%) done

[Fri Aug 21 20:15:07 2020]
Job 34: Reconstructing ancestral sequences and mutations

[Fri Aug 21 20:15:12 2020]
Finished job 34.
16 of 43 steps (37%) done

[Fri Aug 21 20:15:12 2020]
Job 35: Translating amino acid sequences

[Fri Aug 21 20:15:17 2020]
Finished job 35.
17 of 43 steps (40%) done

[Fri Aug 21 20:15:17 2020]
Job 7: Exporting data files for for auspice

[Fri Aug 21 20:15:21 2020]
Finished job 7.
18 of 43 steps (42%) done

[Fri Aug 21 20:15:21 2020]
Job 46: 
        Aligning sequences to config/nl63_membrane_reference.gb
          - filling gaps with N
        

[Fri Aug 21 20:15:27 2020]
Finished job 46.
19 of 43 steps (44%) done

[Fri Aug 21 20:15:27 2020]
Job 45: Building tree

[Fri Aug 21 20:15:31 2020]
Finished job 45.
20 of 43 steps (47%) done

[Fri Aug 21 20:15:31 2020]
Job 20: 
        Refining tree
        

[Fri Aug 21 20:17:26 2020]
Finished job 24.
21 of 43 steps (49%) done

[Fri Aug 21 20:17:26 2020]
Job 26: Reconstructing ancestral sequences and mutations

[Fri Aug 21 20:17:31 2020]
Finished job 26.
22 of 43 steps (51%) done

[Fri Aug 21 20:17:31 2020]
Job 27: Translating amino acid sequences

[Fri Aug 21 20:17:36 2020]
Finished job 27.
23 of 43 steps (53%) done

[Fri Aug 21 20:17:36 2020]
Job 5: Exporting data files for for auspice

[Fri Aug 21 20:17:42 2020]
Finished job 5.
24 of 43 steps (56%) done

[Fri Aug 21 20:17:42 2020]
Job 43: 
        Aligning sequences to config/nl63_envelope_reference.gb
          - filling gaps with N
        

[Fri Aug 21 20:17:47 2020]
Finished job 12.
25 of 43 steps (58%) done

[Fri Aug 21 20:17:47 2020]
Job 14: Reconstructing ancestral sequences and mutations

[Fri Aug 21 20:17:48 2020]
Finished job 43.
26 of 43 steps (60%) done

[Fri Aug 21 20:17:48 2020]
Job 42: Building tree

[Fri Aug 21 20:17:52 2020]
Finished job 42.
27 of 43 steps (63%) done

[Fri Aug 21 20:17:52 2020]
Job 16: 
        Refining tree
        

[Fri Aug 21 20:17:53 2020]
Finished job 14.
28 of 43 steps (65%) done

[Fri Aug 21 20:17:53 2020]
Job 15: Translating amino acid sequences

[Fri Aug 21 20:17:57 2020]
Finished job 15.
29 of 43 steps (67%) done

[Fri Aug 21 20:17:57 2020]
Job 2: Exporting data files for for auspice

[Fri Aug 21 20:18:03 2020]
Finished job 2.
30 of 43 steps (70%) done
[Fri Aug 21 20:18:16 2020]
Finished job 20.
31 of 43 steps (72%) done

[Fri Aug 21 20:18:16 2020]
Job 22: Reconstructing ancestral sequences and mutations

[Fri Aug 21 20:18:21 2020]
Finished job 22.
32 of 43 steps (74%) done

[Fri Aug 21 20:18:21 2020]
Job 23: Translating amino acid sequences

[Fri Aug 21 20:18:24 2020]
Finished job 23.
33 of 43 steps (77%) done

[Fri Aug 21 20:18:24 2020]
Job 4: Exporting data files for for auspice

[Fri Aug 21 20:18:28 2020]
Finished job 4.
34 of 43 steps (79%) done
[Fri Aug 21 20:19:33 2020]
Finished job 16.
35 of 43 steps (81%) done

[Fri Aug 21 20:19:33 2020]
Job 18: Reconstructing ancestral sequences and mutations

[Fri Aug 21 20:19:34 2020]
Finished job 28.
36 of 43 steps (84%) done

[Fri Aug 21 20:19:34 2020]
Job 30: Reconstructing ancestral sequences and mutations

[Fri Aug 21 20:19:36 2020]
Finished job 18.
37 of 43 steps (86%) done

[Fri Aug 21 20:19:36 2020]
Job 19: Translating amino acid sequences

[Fri Aug 21 20:19:38 2020]
Finished job 19.
38 of 43 steps (88%) done

[Fri Aug 21 20:19:38 2020]
Job 3: Exporting data files for for auspice

[Fri Aug 21 20:19:38 2020]
Finished job 30.
39 of 43 steps (91%) done

[Fri Aug 21 20:19:38 2020]
Job 31: Translating amino acid sequences

[Fri Aug 21 20:19:40 2020]
Finished job 3.
40 of 43 steps (93%) done
[Fri Aug 21 20:19:41 2020]
Finished job 31.
41 of 43 steps (95%) done

[Fri Aug 21 20:19:41 2020]
Job 6: Exporting data files for for auspice

[Fri Aug 21 20:19:43 2020]
Finished job 6.
42 of 43 steps (98%) done

[Fri Aug 21 20:19:43 2020]
localrule all:
    input: auspice/seasonal_corona_nl63_replicase1ab.json, auspice/seasonal_corona_nl63_protein3.json, auspice/seasonal_corona_nl63_envelope.json, auspice/seasonal_corona_nl63_membrane.json, auspice/seasonal_corona_nl63_nucleocapsid.json, auspice/seasonal_corona_nl63_s1.json, auspice/seasonal_corona_nl63_s2.json
    jobid: 0

[Fri Aug 21 20:19:43 2020]
Finished job 0.
43 of 43 steps (100%) done
Complete log: /Users/katekistler/nextstrain/seasonal-cov/nl63/.snakemake/log/2020-08-21T201020.251574.snakemake.log
