Building DAG of jobs...
Using shell: /bin/bash
Provided cores: 4
Rules claiming more threads will be scaled down.
Job counts:
	count	jobs
	1	all
	1	clades
	1	export
	3

[Mon May 25 11:46:50 2020]
Job 6: Annotating clades

[Mon May 25 11:46:55 2020]
Finished job 6.
1 of 3 steps (33%) done

[Mon May 25 11:46:55 2020]
Job 1: Exporting data files for for auspice

[Mon May 25 11:46:58 2020]
Finished job 1.
2 of 3 steps (67%) done

[Mon May 25 11:46:58 2020]
localrule all:
    input: auspice/seasonal_corona_nl63_spike.json, auspice/seasonal_corona_nl63_replicase1ab.json, auspice/seasonal_corona_nl63_protein3.json, auspice/seasonal_corona_nl63_envelope.json, auspice/seasonal_corona_nl63_membrane.json, auspice/seasonal_corona_nl63_nucleocapsid.json, auspice/seasonal_corona_nl63_s1.json, auspice/seasonal_corona_nl63_s2.json
    jobid: 0

[Mon May 25 11:46:58 2020]
Finished job 0.
3 of 3 steps (100%) done
Complete log: /Users/katekistler/nextstrain/seasonal-cov/nl63/.snakemake/log/2020-05-25T114650.672378.snakemake.log
