Building DAG of jobs...
Using shell: /bin/bash
Provided cores: 4
Rules claiming more threads will be scaled down.
Job counts:
	count	jobs
	2	align
	1	all
	2	ancestral
	2	export
	2	filter
	2	parse
	2	refine
	2	translate
	2	tree
	17

[Wed Apr 15 12:14:54 2020]
Job 4: Parsing fasta into sequences and metadata


[Wed Apr 15 12:14:54 2020]
Job 8: Parsing fasta into sequences and metadata

[Wed Apr 15 12:14:57 2020]
Finished job 8.
1 of 17 steps (6%) done

[Wed Apr 15 12:14:57 2020]
Job 18: 
        Filtering to
          - 5000 sequence(s) per country
          - minimum genome length of 1000
        

[Wed Apr 15 12:14:57 2020]
Finished job 4.
2 of 17 steps (12%) done

[Wed Apr 15 12:14:57 2020]
Job 17: 
        Filtering to
          - 5000 sequence(s) per country
          - minimum genome length of 1000
        

[Wed Apr 15 12:14:59 2020]
Finished job 18.
3 of 17 steps (18%) done

[Wed Apr 15 12:14:59 2020]
Job 15: 
        Aligning sequences to config/nl63_spike_reference.gb
          - filling gaps with N
        

[Wed Apr 15 12:14:59 2020]
Finished job 17.
4 of 17 steps (24%) done

[Wed Apr 15 12:14:59 2020]
Job 12: 
        Aligning sequences to config/nl63_full_reference.gb
          - filling gaps with N
        

[Wed Apr 15 12:15:07 2020]
Finished job 15.
5 of 17 steps (29%) done

[Wed Apr 15 12:15:07 2020]
Job 14: Building tree

[Wed Apr 15 12:15:09 2020]
Finished job 14.
6 of 17 steps (35%) done

[Wed Apr 15 12:15:09 2020]
Job 7: 
        Refining tree
        

[Wed Apr 15 12:16:37 2020]
Finished job 7.
7 of 17 steps (41%) done

[Wed Apr 15 12:16:37 2020]
Job 9: Reconstructing ancestral sequences and mutations

[Wed Apr 15 12:16:40 2020]
Finished job 9.
8 of 17 steps (47%) done

[Wed Apr 15 12:16:40 2020]
Job 10: Translating amino acid sequences

[Wed Apr 15 12:16:42 2020]
Finished job 10.
9 of 17 steps (53%) done

[Wed Apr 15 12:16:42 2020]
Job 2: Exporting data files for for auspice

[Wed Apr 15 12:16:44 2020]
Finished job 2.
10 of 17 steps (59%) done
Terminating processes on user request, this might take some time.
[Wed Apr 15 12:57:36 2020]
Error in rule align:
    jobid: 12
    output: results/aligned_nl63_full.fasta
    shell:
        
        augur align             --sequences results/filtered_nl63_full.fasta             --reference-sequence config/nl63_full_reference.gb             --output results/aligned_nl63_full.fasta             --remove-reference             --fill-gaps
        
        (one of the commands exited with non-zero exit code; note that snakemake uses bash strict mode!)

Removing output files of failed job align since they might be corrupted:
results/aligned_nl63_full.fasta
Complete log: /Users/katekistler/nextstrain/seasonal-cov/nl63/.snakemake/log/2020-04-15T121454.456169.snakemake.log
