Building DAG of jobs...
Using shell: /bin/bash
Provided cores: 4
Rules claiming more threads will be scaled down.
Job counts:
	count	jobs
	3	align
	1	all
	3	ancestral
	4	clades
	4	export
	3	filter
	3	parse
	3	refine
	3	translate
	3	tree
	30

[Fri Sep 11 10:04:53 2020]
Job 9: Annotating clades

[Fri Sep 11 10:04:53 2020]
Job 21: Parsing fasta into sequences and metadata


[Fri Sep 11 10:04:53 2020]
Job 11: Parsing fasta into sequences and metadata


[Fri Sep 11 10:04:53 2020]
Job 16: Parsing fasta into sequences and metadata

[Fri Sep 11 10:04:59 2020]
Finished job 21.
1 of 30 steps (3%) done

[Fri Sep 11 10:04:59 2020]
Job 40: 
        Filtering to
          - 5000 sequence(s) per country
          - minimum genome length of 200
        

[Fri Sep 11 10:04:59 2020]
Finished job 11.
2 of 30 steps (7%) done

[Fri Sep 11 10:04:59 2020]
Job 38: 
        Filtering to
          - 5000 sequence(s) per country
          - minimum genome length of 200
        

[Fri Sep 11 10:04:59 2020]
Finished job 16.
3 of 30 steps (10%) done

[Fri Sep 11 10:04:59 2020]
Job 39: 
        Filtering to
          - 5000 sequence(s) per country
          - minimum genome length of 200
        

[Fri Sep 11 10:04:59 2020]
Finished job 9.
4 of 30 steps (13%) done

[Fri Sep 11 10:04:59 2020]
Job 1: Exporting data files for for auspice

[Fri Sep 11 10:05:03 2020]
Finished job 40.
5 of 30 steps (17%) done

[Fri Sep 11 10:05:03 2020]
Job 35: 
        Aligning sequences to config/nl63_s2_reference.gb
          - filling gaps with N
        

[Fri Sep 11 10:05:03 2020]
Finished job 38.
6 of 30 steps (20%) done

[Fri Sep 11 10:05:03 2020]
Job 29: 
        Aligning sequences to config/nl63_spike_reference.gb
          - filling gaps with N
        

[Fri Sep 11 10:05:03 2020]
Finished job 39.
7 of 30 steps (23%) done

[Fri Sep 11 10:05:03 2020]
Job 32: 
        Aligning sequences to config/nl63_s1_reference.gb
          - filling gaps with N
        

[Fri Sep 11 10:05:04 2020]
Finished job 1.
8 of 30 steps (27%) done
[Fri Sep 11 10:05:11 2020]
Finished job 35.
9 of 30 steps (30%) done

[Fri Sep 11 10:05:11 2020]
Job 34: Building tree

[Fri Sep 11 10:05:14 2020]
Finished job 34.
10 of 30 steps (33%) done

[Fri Sep 11 10:05:14 2020]
Job 20: 
        Refining tree
        

[Fri Sep 11 10:05:21 2020]
Finished job 32.
11 of 30 steps (37%) done

[Fri Sep 11 10:05:21 2020]
Job 31: Building tree

[Fri Sep 11 10:05:26 2020]
Finished job 31.
12 of 30 steps (40%) done

[Fri Sep 11 10:05:26 2020]
Job 15: 
        Refining tree
        

[Fri Sep 11 10:05:44 2020]
Finished job 29.
13 of 30 steps (43%) done

[Fri Sep 11 10:05:44 2020]
Job 28: Building tree

[Fri Sep 11 10:05:48 2020]
Finished job 28.
14 of 30 steps (47%) done

[Fri Sep 11 10:05:48 2020]
Job 10: 
        Refining tree
        

[Fri Sep 11 10:08:08 2020]
Finished job 20.
15 of 30 steps (50%) done

[Fri Sep 11 10:08:08 2020]
Job 22: Reconstructing ancestral sequences and mutations

[Fri Sep 11 10:08:11 2020]
Finished job 22.
16 of 30 steps (53%) done

[Fri Sep 11 10:08:11 2020]
Job 23: Translating amino acid sequences

[Fri Sep 11 10:08:13 2020]
Finished job 23.
17 of 30 steps (57%) done

[Fri Sep 11 10:08:13 2020]
Job 24: Annotating clades

[Fri Sep 11 10:08:16 2020]
Finished job 24.
18 of 30 steps (60%) done

[Fri Sep 11 10:08:16 2020]
Job 4: Exporting data files for for auspice

[Fri Sep 11 10:08:19 2020]
Finished job 4.
19 of 30 steps (63%) done
[Fri Sep 11 10:09:39 2020]
Finished job 10.
20 of 30 steps (67%) done

[Fri Sep 11 10:09:39 2020]
Job 12: Reconstructing ancestral sequences and mutations

[Fri Sep 11 10:09:42 2020]
Finished job 12.
21 of 30 steps (70%) done

[Fri Sep 11 10:09:42 2020]
Job 13: Translating amino acid sequences

[Fri Sep 11 10:09:45 2020]
Finished job 13.
22 of 30 steps (73%) done

[Fri Sep 11 10:09:45 2020]
Job 14: Annotating clades

[Fri Sep 11 10:09:47 2020]
Finished job 14.
23 of 30 steps (77%) done

[Fri Sep 11 10:09:47 2020]
Job 2: Exporting data files for for auspice

[Fri Sep 11 10:09:49 2020]
Finished job 2.
24 of 30 steps (80%) done
[Fri Sep 11 10:10:30 2020]
Finished job 15.
25 of 30 steps (83%) done

[Fri Sep 11 10:10:30 2020]
Job 17: Reconstructing ancestral sequences and mutations

[Fri Sep 11 10:10:33 2020]
Finished job 17.
26 of 30 steps (87%) done

[Fri Sep 11 10:10:33 2020]
Job 18: Translating amino acid sequences

[Fri Sep 11 10:10:35 2020]
Finished job 18.
27 of 30 steps (90%) done

[Fri Sep 11 10:10:35 2020]
Job 19: Annotating clades

[Fri Sep 11 10:10:37 2020]
Finished job 19.
28 of 30 steps (93%) done

[Fri Sep 11 10:10:37 2020]
Job 3: Exporting data files for for auspice

[Fri Sep 11 10:10:39 2020]
Finished job 3.
29 of 30 steps (97%) done

[Fri Sep 11 10:10:39 2020]
localrule all:
    input: auspice/seasonal_corona_nl63_rdrp.json, auspice/seasonal_corona_nl63_spike.json, auspice/seasonal_corona_nl63_s1.json, auspice/seasonal_corona_nl63_s2.json
    jobid: 0

[Fri Sep 11 10:10:39 2020]
Finished job 0.
30 of 30 steps (100%) done
Complete log: /Users/katekistler/nextstrain/seasonal-cov/nl63/.snakemake/log/2020-09-11T100453.722877.snakemake.log
