Building DAG of jobs...
Using shell: /bin/bash
Provided cores: 4
Rules claiming more threads will be scaled down.
Job counts:
	count	jobs
	2	align
	1	all
	2	ancestral
	2	export
	2	filter
	2	parse
	2	refine
	2	translate
	2	tree
	17

[Wed Apr 22 17:20:18 2020]
Job 38: Parsing fasta into sequences and metadata


[Wed Apr 22 17:20:18 2020]
Job 34: Parsing fasta into sequences and metadata

[Wed Apr 22 17:20:21 2020]
Finished job 38.
1 of 17 steps (6%) done
[Wed Apr 22 17:20:21 2020]
Finished job 34.
2 of 17 steps (12%) done

[Wed Apr 22 17:20:21 2020]
Job 70: 
        Filtering to
          - 5000 sequence(s) per country
          - minimum genome length of 200
        


[Wed Apr 22 17:20:21 2020]
Job 69: 
        Filtering to
          - 5000 sequence(s) per country
          - minimum genome length of 200
        

[Wed Apr 22 17:20:24 2020]
Finished job 69.
3 of 17 steps (18%) done

[Wed Apr 22 17:20:24 2020]
Job 60: 
        Aligning sequences to config/nl63_s1_reference.gb
          - filling gaps with N
        

[Wed Apr 22 17:20:24 2020]
Finished job 70.
4 of 17 steps (24%) done

[Wed Apr 22 17:20:24 2020]
Job 62: 
        Aligning sequences to config/nl63_s2_reference.gb
          - filling gaps with N
        

[Wed Apr 22 17:21:12 2020]
Finished job 60.
5 of 17 steps (29%) done

[Wed Apr 22 17:21:12 2020]
Job 59: Building tree

[Wed Apr 22 17:21:19 2020]
Finished job 59.
6 of 17 steps (35%) done

[Wed Apr 22 17:21:19 2020]
Job 33: 
        Refining tree
        

[Wed Apr 22 17:21:30 2020]
Finished job 62.
7 of 17 steps (41%) done

[Wed Apr 22 17:21:30 2020]
Job 61: Building tree

[Wed Apr 22 17:21:34 2020]
Finished job 61.
8 of 17 steps (47%) done

[Wed Apr 22 17:21:34 2020]
Job 37: 
        Refining tree
        

[Wed Apr 22 17:25:58 2020]
Finished job 37.
9 of 17 steps (53%) done

[Wed Apr 22 17:25:58 2020]
Job 39: Reconstructing ancestral sequences and mutations

[Wed Apr 22 17:26:02 2020]
Finished job 39.
10 of 17 steps (59%) done

[Wed Apr 22 17:26:02 2020]
Job 40: Translating amino acid sequences

[Wed Apr 22 17:26:05 2020]
Finished job 40.
11 of 17 steps (65%) done

[Wed Apr 22 17:26:05 2020]
Job 8: Exporting data files for for auspice

[Wed Apr 22 17:26:09 2020]
Finished job 8.
12 of 17 steps (71%) done
[Wed Apr 22 17:26:31 2020]
Finished job 33.
13 of 17 steps (76%) done

[Wed Apr 22 17:26:31 2020]
Job 35: Reconstructing ancestral sequences and mutations

[Wed Apr 22 17:26:36 2020]
Finished job 35.
14 of 17 steps (82%) done

[Wed Apr 22 17:26:36 2020]
Job 36: Translating amino acid sequences

[Wed Apr 22 17:26:40 2020]
Finished job 36.
15 of 17 steps (88%) done

[Wed Apr 22 17:26:40 2020]
Job 7: Exporting data files for for auspice

[Wed Apr 22 17:26:43 2020]
Finished job 7.
16 of 17 steps (94%) done

[Wed Apr 22 17:26:43 2020]
localrule all:
    input: auspice/seasonal_corona_nl63_spike.json, auspice/seasonal_corona_nl63_replicase1ab.json, auspice/seasonal_corona_nl63_protein3.json, auspice/seasonal_corona_nl63_envelope.json, auspice/seasonal_corona_nl63_membrane.json, auspice/seasonal_corona_nl63_nucleocapsid.json, auspice/seasonal_corona_nl63_s1.json, auspice/seasonal_corona_nl63_s2.json
    jobid: 0

[Wed Apr 22 17:26:43 2020]
Finished job 0.
17 of 17 steps (100%) done
Complete log: /Users/katekistler/nextstrain/seasonal-cov/nl63/.snakemake/log/2020-04-22T172018.297142.snakemake.log
