Building DAG of jobs...
Using shell: /bin/bash
Provided cores: 4
Rules claiming more threads will be scaled down.
Job counts:
	count	jobs
	1	align
	1	all
	1	ancestral
	1	export
	1	filter
	1	parse
	1	refine
	1	translate
	1	tree
	9

[Wed Sep  2 12:40:16 2020]
Job 3: Parsing fasta into sequences and metadata

[Wed Sep  2 12:40:19 2020]
Finished job 3.
1 of 9 steps (11%) done

[Wed Sep  2 12:40:19 2020]
Job 9: 
        Filtering to
          - 5000 sequence(s) per country
          - minimum genome length of 200
        

[Wed Sep  2 12:40:21 2020]
Finished job 9.
2 of 9 steps (22%) done

[Wed Sep  2 12:40:21 2020]
Job 7: 
        Aligning sequences to config/nl63_rdrp_reference.gb
          - filling gaps with N
        

[Wed Sep  2 12:40:29 2020]
Finished job 7.
3 of 9 steps (33%) done

[Wed Sep  2 12:40:29 2020]
Job 6: Building tree

[Wed Sep  2 12:40:31 2020]
Finished job 6.
4 of 9 steps (44%) done

[Wed Sep  2 12:40:31 2020]
Job 2: 
        Refining tree
        

[Wed Sep  2 12:42:54 2020]
Finished job 2.
5 of 9 steps (56%) done

[Wed Sep  2 12:42:54 2020]
Job 4: Reconstructing ancestral sequences and mutations

[Wed Sep  2 12:42:56 2020]
Finished job 4.
6 of 9 steps (67%) done

[Wed Sep  2 12:42:56 2020]
Job 5: Translating amino acid sequences

[Wed Sep  2 12:42:59 2020]
Finished job 5.
7 of 9 steps (78%) done

[Wed Sep  2 12:42:59 2020]
Job 1: Exporting data files for for auspice

[Wed Sep  2 12:43:02 2020]
Finished job 1.
8 of 9 steps (89%) done

[Wed Sep  2 12:43:02 2020]
localrule all:
    input: auspice/seasonal_corona_nl63_rdrp.json
    jobid: 0

[Wed Sep  2 12:43:02 2020]
Finished job 0.
9 of 9 steps (100%) done
Complete log: /Users/katekistler/nextstrain/seasonal-cov/nl63/.snakemake/log/2020-09-02T124016.364352.snakemake.log
