Building DAG of jobs...
Using shell: /bin/bash
Provided cores: 4
Rules claiming more threads will be scaled down.
Job counts:
	count	jobs
	1	align
	1	all
	1	ancestral
	1	export
	1	filter
	1	parse
	1	refine
	1	translate
	1	tree
	9

[Sun May  3 15:11:39 2020]
Job 3: Parsing fasta into sequences and metadata

[Sun May  3 15:11:50 2020]
Finished job 3.
1 of 9 steps (11%) done

[Sun May  3 15:11:50 2020]
Job 9: 
        Filtering to
          - 5000 sequence(s) per country
          - minimum genome length of 1000
        

[Sun May  3 15:12:01 2020]
Finished job 9.
2 of 9 steps (22%) done

[Sun May  3 15:12:01 2020]
Job 7: 
        Aligning sequences to config/nl63_full_reference.gb
          - filling gaps with N
        

[Sun May  3 17:46:16 2020]
Finished job 7.
3 of 9 steps (33%) done

[Sun May  3 17:46:16 2020]
Job 6: Building tree

[Sun May  3 17:47:33 2020]
Finished job 6.
4 of 9 steps (44%) done

[Sun May  3 17:47:33 2020]
Job 2: 
        Refining tree
        

[Sun May  3 17:51:38 2020]
Error in rule refine:
    jobid: 2
    output: results/tree_nl63_full.nwk, results/branch_lengths_nl63_full.json
    shell:
        
        augur refine             --tree results/tree_raw_nl63_full.nwk             --alignment results/aligned_nl63_full.fasta             --metadata results/metadata_nl63_full.tsv             --output-tree results/tree_nl63_full.nwk             --output-node-data results/branch_lengths_nl63_full.json             --timetree             --coalescent opt             --date-confidence             --date-inference marginal             --clock-filter-iqd 4
        
        (one of the commands exited with non-zero exit code; note that snakemake uses bash strict mode!)

Shutting down, this might take some time.
Exiting because a job execution failed. Look above for error message
Complete log: /Users/katekistler/nextstrain/seasonal-cov/nl63/.snakemake/log/2020-05-03T151139.518163.snakemake.log
