Building DAG of jobs...
Using shell: /bin/bash
Provided cores: 4
Rules claiming more threads will be scaled down.
Job counts:
	count	jobs
	1	all
	8	export
	9

[Mon May 25 10:45:32 2020]
Job 2: Exporting data files for for auspice


[Mon May 25 10:45:32 2020]
Job 1: Exporting data files for for auspice


[Mon May 25 10:45:32 2020]
Job 7: Exporting data files for for auspice


[Mon May 25 10:45:32 2020]
Job 6: Exporting data files for for auspice

[Mon May 25 10:45:38 2020]
Finished job 6.
1 of 9 steps (11%) done

[Mon May 25 10:45:38 2020]
Job 8: Exporting data files for for auspice

[Mon May 25 10:45:38 2020]
Finished job 2.
2 of 9 steps (22%) done

[Mon May 25 10:45:38 2020]
Job 5: Exporting data files for for auspice

[Mon May 25 10:45:38 2020]
Finished job 1.
3 of 9 steps (33%) done

[Mon May 25 10:45:38 2020]
Job 3: Exporting data files for for auspice

[Mon May 25 10:45:38 2020]
Finished job 7.
4 of 9 steps (44%) done

[Mon May 25 10:45:38 2020]
Job 4: Exporting data files for for auspice

[Mon May 25 10:45:43 2020]
Finished job 5.
5 of 9 steps (56%) done
[Mon May 25 10:45:43 2020]
Finished job 8.
6 of 9 steps (67%) done
[Mon May 25 10:45:43 2020]
Finished job 3.
7 of 9 steps (78%) done
[Mon May 25 10:45:43 2020]
Finished job 4.
8 of 9 steps (89%) done

[Mon May 25 10:45:43 2020]
localrule all:
    input: auspice/seasonal_corona_nl63_spike.json, auspice/seasonal_corona_nl63_replicase1ab.json, auspice/seasonal_corona_nl63_protein3.json, auspice/seasonal_corona_nl63_envelope.json, auspice/seasonal_corona_nl63_membrane.json, auspice/seasonal_corona_nl63_nucleocapsid.json, auspice/seasonal_corona_nl63_s1.json, auspice/seasonal_corona_nl63_s2.json
    jobid: 0

[Mon May 25 10:45:43 2020]
Finished job 0.
9 of 9 steps (100%) done
Complete log: /Users/katekistler/nextstrain/seasonal-cov/nl63/.snakemake/log/2020-05-25T104532.109851.snakemake.log
