Building DAG of jobs...
Using shell: /bin/bash
Provided cores: 4
Rules claiming more threads will be scaled down.
Job counts:
	count	jobs
	6	align
	1	all
	6	ancestral
	6	export
	6	filter
	6	parse
	6	refine
	6	translate
	6	tree
	49

[Sat Apr 18 15:14:28 2020]
Job 12: Parsing fasta into sequences and metadata


[Sat Apr 18 15:14:28 2020]
Job 16: Parsing fasta into sequences and metadata


[Sat Apr 18 15:14:28 2020]
Job 28: Parsing fasta into sequences and metadata


[Sat Apr 18 15:14:28 2020]
Job 8: Parsing fasta into sequences and metadata

[Sat Apr 18 15:14:38 2020]
Finished job 16.
1 of 49 steps (2%) done

[Sat Apr 18 15:14:38 2020]
Job 51: 
        Filtering to
          - 5000 sequence(s) per country
          - minimum genome length of 200
        

[Sat Apr 18 15:14:39 2020]
Finished job 8.
2 of 49 steps (4%) done

[Sat Apr 18 15:14:39 2020]
Job 49: 
        Filtering to
          - 5000 sequence(s) per country
          - minimum genome length of 200
        

[Sat Apr 18 15:14:39 2020]
Finished job 12.
3 of 49 steps (6%) done
[Sat Apr 18 15:14:39 2020]
Finished job 28.
4 of 49 steps (8%) done

[Sat Apr 18 15:14:39 2020]
Job 54: 
        Filtering to
          - 5000 sequence(s) per country
          - minimum genome length of 200
        


[Sat Apr 18 15:14:39 2020]
Job 50: 
        Filtering to
          - 5000 sequence(s) per country
          - minimum genome length of 200
        

[Sat Apr 18 15:14:49 2020]
Finished job 51.
5 of 49 steps (10%) done

[Sat Apr 18 15:14:49 2020]
Job 38: 
        Aligning sequences to config/nl63_protein3_reference.gb
          - filling gaps with N
        

[Sat Apr 18 15:14:50 2020]
Finished job 49.
6 of 49 steps (12%) done

[Sat Apr 18 15:14:50 2020]
Job 32: 
        Aligning sequences to config/nl63_spike_reference.gb
          - filling gaps with N
        

[Sat Apr 18 15:14:50 2020]
Finished job 54.
7 of 49 steps (14%) done

[Sat Apr 18 15:14:50 2020]
Job 47: 
        Aligning sequences to config/nl63_nucleocapsid_reference.gb
          - filling gaps with N
        

[Sat Apr 18 15:14:51 2020]
Finished job 50.
8 of 49 steps (16%) done

[Sat Apr 18 15:14:51 2020]
Job 35: 
        Aligning sequences to config/nl63_replicase1ab_reference.gb
          - filling gaps with N
        

[Sat Apr 18 15:15:04 2020]
Finished job 38.
9 of 49 steps (18%) done

[Sat Apr 18 15:15:04 2020]
Job 37: Building tree

[Sat Apr 18 15:15:09 2020]
Finished job 47.
10 of 49 steps (20%) done

[Sat Apr 18 15:15:09 2020]
Job 46: Building tree

[Sat Apr 18 15:15:15 2020]
Finished job 37.
11 of 49 steps (22%) done

[Sat Apr 18 15:15:15 2020]
Job 15: 
        Refining tree
        

[Sat Apr 18 15:15:20 2020]
Finished job 46.
12 of 49 steps (24%) done

[Sat Apr 18 15:15:20 2020]
Job 27: 
        Refining tree
        

[Sat Apr 18 15:17:35 2020]
Finished job 32.
13 of 49 steps (27%) done

[Sat Apr 18 15:17:35 2020]
Job 31: Building tree

[Sat Apr 18 15:17:52 2020]
Finished job 31.
14 of 49 steps (29%) done

[Sat Apr 18 15:17:52 2020]
Job 7: 
        Refining tree
        

[Sat Apr 18 15:20:41 2020]
Finished job 35.
15 of 49 steps (31%) done

[Sat Apr 18 15:20:41 2020]
Job 34: Building tree

[Sat Apr 18 15:20:58 2020]
Finished job 34.
16 of 49 steps (33%) done

[Sat Apr 18 15:20:58 2020]
Job 11: 
        Refining tree
        

[Sat Apr 18 15:22:51 2020]
Finished job 27.
17 of 49 steps (35%) done

[Sat Apr 18 15:22:51 2020]
Job 29: Reconstructing ancestral sequences and mutations

[Sat Apr 18 15:23:02 2020]
Finished job 29.
18 of 49 steps (37%) done

[Sat Apr 18 15:23:02 2020]
Job 30: Translating amino acid sequences

[Sat Apr 18 15:23:06 2020]
Finished job 15.
19 of 49 steps (39%) done

[Sat Apr 18 15:23:06 2020]
Job 17: Reconstructing ancestral sequences and mutations

[Sat Apr 18 15:23:12 2020]
Finished job 30.
20 of 49 steps (41%) done

[Sat Apr 18 15:23:12 2020]
Job 6: Exporting data files for for auspice

[Sat Apr 18 15:23:17 2020]
Finished job 17.
21 of 49 steps (43%) done

[Sat Apr 18 15:23:17 2020]
Job 18: Translating amino acid sequences

[Sat Apr 18 15:23:23 2020]
Finished job 6.
22 of 49 steps (45%) done

[Sat Apr 18 15:23:23 2020]
Job 24: Parsing fasta into sequences and metadata

[Sat Apr 18 15:23:27 2020]
Finished job 18.
23 of 49 steps (47%) done

[Sat Apr 18 15:23:27 2020]
Job 3: Exporting data files for for auspice

[Sat Apr 18 15:23:32 2020]
Finished job 24.
24 of 49 steps (49%) done

[Sat Apr 18 15:23:32 2020]
Job 53: 
        Filtering to
          - 5000 sequence(s) per country
          - minimum genome length of 200
        

[Sat Apr 18 15:23:37 2020]
Finished job 3.
25 of 49 steps (51%) done

[Sat Apr 18 15:23:37 2020]
Job 20: Parsing fasta into sequences and metadata

[Sat Apr 18 15:23:42 2020]
Finished job 53.
26 of 49 steps (53%) done

[Sat Apr 18 15:23:42 2020]
Job 44: 
        Aligning sequences to config/nl63_membrane_reference.gb
          - filling gaps with N
        

[Sat Apr 18 15:23:47 2020]
Finished job 20.
27 of 49 steps (55%) done

[Sat Apr 18 15:23:47 2020]
Job 52: 
        Filtering to
          - 5000 sequence(s) per country
          - minimum genome length of 200
        

[Sat Apr 18 15:23:55 2020]
Finished job 44.
28 of 49 steps (57%) done

[Sat Apr 18 15:23:55 2020]
Job 43: Building tree

[Sat Apr 18 15:23:58 2020]
Finished job 52.
29 of 49 steps (59%) done

[Sat Apr 18 15:23:58 2020]
Job 41: 
        Aligning sequences to config/nl63_envelope_reference.gb
          - filling gaps with N
        

[Sat Apr 18 15:24:05 2020]
Finished job 43.
30 of 49 steps (61%) done

[Sat Apr 18 15:24:05 2020]
Job 23: 
        Refining tree
        

[Sat Apr 18 15:24:09 2020]
Finished job 41.
31 of 49 steps (63%) done

[Sat Apr 18 15:24:09 2020]
Job 40: Building tree

[Sat Apr 18 15:24:19 2020]
Finished job 40.
32 of 49 steps (65%) done

[Sat Apr 18 15:24:19 2020]
Job 19: 
        Refining tree
        

[Sat Apr 18 15:28:39 2020]
Finished job 23.
33 of 49 steps (67%) done

[Sat Apr 18 15:28:39 2020]
Job 25: Reconstructing ancestral sequences and mutations

[Sat Apr 18 15:28:44 2020]
Finished job 25.
34 of 49 steps (69%) done

[Sat Apr 18 15:28:44 2020]
Job 26: Translating amino acid sequences

[Sat Apr 18 15:28:49 2020]
Finished job 26.
35 of 49 steps (71%) done

[Sat Apr 18 15:28:49 2020]
Job 5: Exporting data files for for auspice

[Sat Apr 18 15:28:54 2020]
Finished job 5.
36 of 49 steps (73%) done
[Sat Apr 18 15:29:09 2020]
Finished job 11.
37 of 49 steps (76%) done

[Sat Apr 18 15:29:09 2020]
Job 13: Reconstructing ancestral sequences and mutations

[Sat Apr 18 15:29:22 2020]
Finished job 13.
38 of 49 steps (78%) done

[Sat Apr 18 15:29:22 2020]
Job 14: Translating amino acid sequences

[Sat Apr 18 15:29:27 2020]
Finished job 14.
39 of 49 steps (80%) done

[Sat Apr 18 15:29:27 2020]
Job 2: Exporting data files for for auspice

[Sat Apr 18 15:29:31 2020]
Finished job 19.
40 of 49 steps (82%) done

[Sat Apr 18 15:29:31 2020]
Job 21: Reconstructing ancestral sequences and mutations

[Sat Apr 18 15:29:34 2020]
Finished job 2.
41 of 49 steps (84%) done
[Sat Apr 18 15:29:35 2020]
Finished job 21.
42 of 49 steps (86%) done

[Sat Apr 18 15:29:35 2020]
Job 22: Translating amino acid sequences

[Sat Apr 18 15:29:39 2020]
Finished job 22.
43 of 49 steps (88%) done

[Sat Apr 18 15:29:39 2020]
Job 4: Exporting data files for for auspice

[Sat Apr 18 15:29:42 2020]
Finished job 4.
44 of 49 steps (90%) done
[Sat Apr 18 15:30:07 2020]
Finished job 7.
45 of 49 steps (92%) done

[Sat Apr 18 15:30:07 2020]
Job 9: Reconstructing ancestral sequences and mutations

[Sat Apr 18 15:30:13 2020]
Finished job 9.
46 of 49 steps (94%) done

[Sat Apr 18 15:30:13 2020]
Job 10: Translating amino acid sequences

[Sat Apr 18 15:30:16 2020]
Finished job 10.
47 of 49 steps (96%) done

[Sat Apr 18 15:30:16 2020]
Job 1: Exporting data files for for auspice

[Sat Apr 18 15:30:20 2020]
Finished job 1.
48 of 49 steps (98%) done

[Sat Apr 18 15:30:20 2020]
localrule all:
    input: auspice/seasonal_corona_nl63_spike.json, auspice/seasonal_corona_nl63_replicase1ab.json, auspice/seasonal_corona_nl63_protein3.json, auspice/seasonal_corona_nl63_envelope.json, auspice/seasonal_corona_nl63_membrane.json, auspice/seasonal_corona_nl63_nucleocapsid.json
    jobid: 0

[Sat Apr 18 15:30:20 2020]
Finished job 0.
49 of 49 steps (100%) done
Complete log: /Users/katekistler/nextstrain/seasonal-cov/nl63/.snakemake/log/2020-04-18T151428.159040.snakemake.log
