Building DAG of jobs...
Using shell: /bin/bash
Provided cores: 4
Rules claiming more threads will be scaled down.
Job counts:
	count	jobs
	10	align
	1	all
	10	ancestral
	10	export
	10	format_data
	10	parse
	10	refine
	10	santa_sim
	10	translate
	10	tree
	91

[Sat Aug  1 15:56:40 2020]
Job 86: Simulating Spike sequence data with SANTA-SIM


[Sat Aug  1 15:56:40 2020]
Job 83: Simulating Spike sequence data with SANTA-SIM


[Sat Aug  1 15:56:40 2020]
Job 87: Simulating Spike sequence data with SANTA-SIM


[Sat Aug  1 15:56:40 2020]
Job 84: Simulating Spike sequence data with SANTA-SIM

[Sat Aug  1 16:30:50 2020]
Finished job 83.
1 of 91 steps (1%) done

[Sat Aug  1 16:30:50 2020]
Job 59: Formatting data simulated by SANTA-SIM for Augur

[Sat Aug  1 16:30:51 2020]
Finished job 59.
2 of 91 steps (2%) done

[Sat Aug  1 16:30:51 2020]
Job 20: Parsing fasta into sequences and metadata

[Sat Aug  1 16:31:13 2020]
Finished job 20.
3 of 91 steps (3%) done

[Sat Aug  1 16:31:13 2020]
Job 58: 
        Aligning sequences to config/oc43a_replicase_reference.gb
          - filling gaps with N
        

[Sat Aug  1 16:31:58 2020]
Finished job 87.
4 of 91 steps (4%) done

[Sat Aug  1 16:31:58 2020]
Job 71: Formatting data simulated by SANTA-SIM for Augur

[Sat Aug  1 16:31:58 2020]
Finished job 71.
5 of 91 steps (5%) done

[Sat Aug  1 16:31:58 2020]
Job 36: Parsing fasta into sequences and metadata

[Sat Aug  1 16:32:04 2020]
Finished job 36.
6 of 91 steps (7%) done

[Sat Aug  1 16:32:04 2020]
Job 70: 
        Aligning sequences to config/oc43a_replicase_reference.gb
          - filling gaps with N
        

[Sat Aug  1 16:32:25 2020]
Finished job 86.
7 of 91 steps (8%) done

[Sat Aug  1 16:32:25 2020]
Job 68: Formatting data simulated by SANTA-SIM for Augur

[Sat Aug  1 16:32:26 2020]
Finished job 68.
8 of 91 steps (9%) done

[Sat Aug  1 16:32:26 2020]
Job 32: Parsing fasta into sequences and metadata

[Sat Aug  1 16:32:29 2020]
Finished job 32.
9 of 91 steps (10%) done

[Sat Aug  1 16:32:29 2020]
Job 67: 
        Aligning sequences to config/oc43a_replicase_reference.gb
          - filling gaps with N
        

[Sat Aug  1 16:32:41 2020]
Finished job 58.
10 of 91 steps (11%) done

[Sat Aug  1 16:32:41 2020]
Job 57: Building tree

[Sat Aug  1 16:32:46 2020]
Finished job 84.
11 of 91 steps (12%) done

[Sat Aug  1 16:32:46 2020]
Job 62: Formatting data simulated by SANTA-SIM for Augur

[Sat Aug  1 16:32:47 2020]
Finished job 62.
12 of 91 steps (13%) done

[Sat Aug  1 16:32:47 2020]
Job 24: Parsing fasta into sequences and metadata

[Sat Aug  1 16:32:48 2020]
Finished job 57.
13 of 91 steps (14%) done

[Sat Aug  1 16:32:48 2020]
Job 19: 
        Refining tree
          - estimate timetree
          - use opt coalescent timescale
          - estimate marginal node dates
          - filter tips more than 4 IQDs from clock expectation
        

[Sat Aug  1 16:32:53 2020]
Finished job 24.
14 of 91 steps (15%) done

[Sat Aug  1 16:32:53 2020]
Job 61: 
        Aligning sequences to config/oc43a_replicase_reference.gb
          - filling gaps with N
        

[Sat Aug  1 16:33:08 2020]
Finished job 70.
15 of 91 steps (16%) done

[Sat Aug  1 16:33:08 2020]
Job 69: Building tree

[Sat Aug  1 16:33:13 2020]
Finished job 69.
16 of 91 steps (18%) done

[Sat Aug  1 16:33:13 2020]
Job 35: 
        Refining tree
          - estimate timetree
          - use opt coalescent timescale
          - estimate marginal node dates
          - filter tips more than 4 IQDs from clock expectation
        

[Sat Aug  1 16:33:23 2020]
Finished job 67.
17 of 91 steps (19%) done

[Sat Aug  1 16:33:23 2020]
Job 66: Building tree

[Sat Aug  1 16:33:28 2020]
Finished job 66.
18 of 91 steps (20%) done

[Sat Aug  1 16:33:28 2020]
Job 31: 
        Refining tree
          - estimate timetree
          - use opt coalescent timescale
          - estimate marginal node dates
          - filter tips more than 4 IQDs from clock expectation
        

[Sat Aug  1 16:33:39 2020]
Finished job 61.
19 of 91 steps (21%) done

[Sat Aug  1 16:33:39 2020]
Job 60: Building tree

[Sat Aug  1 16:33:43 2020]
Finished job 60.
20 of 91 steps (22%) done

[Sat Aug  1 16:33:43 2020]
Job 23: 
        Refining tree
          - estimate timetree
          - use opt coalescent timescale
          - estimate marginal node dates
          - filter tips more than 4 IQDs from clock expectation
        

[Sat Aug  1 16:36:57 2020]
Finished job 19.
21 of 91 steps (23%) done

[Sat Aug  1 16:36:57 2020]
Job 21: Reconstructing ancestral sequences and mutations

[Sat Aug  1 16:37:04 2020]
Finished job 35.
22 of 91 steps (24%) done

[Sat Aug  1 16:37:04 2020]
Job 37: Reconstructing ancestral sequences and mutations

[Sat Aug  1 16:37:08 2020]
Finished job 21.
23 of 91 steps (25%) done

[Sat Aug  1 16:37:08 2020]
Job 22: Translating amino acid sequences

[Sat Aug  1 16:37:10 2020]
Finished job 22.
24 of 91 steps (26%) done

[Sat Aug  1 16:37:10 2020]
Job 3: Exporting data files for for auspice

[Sat Aug  1 16:37:13 2020]
Finished job 3.
25 of 91 steps (27%) done

[Sat Aug  1 16:37:13 2020]
Job 85: Simulating Spike sequence data with SANTA-SIM

[Sat Aug  1 16:37:14 2020]
Finished job 37.
26 of 91 steps (29%) done

[Sat Aug  1 16:37:14 2020]
Job 38: Translating amino acid sequences

[Sat Aug  1 16:37:18 2020]
Finished job 38.
27 of 91 steps (30%) done

[Sat Aug  1 16:37:18 2020]
Job 7: Exporting data files for for auspice

[Sat Aug  1 16:37:23 2020]
Finished job 31.
28 of 91 steps (31%) done

[Sat Aug  1 16:37:23 2020]
Job 33: Reconstructing ancestral sequences and mutations

[Sat Aug  1 16:37:23 2020]
Finished job 7.
29 of 91 steps (32%) done

[Sat Aug  1 16:37:23 2020]
Job 90: Simulating Spike sequence data with SANTA-SIM

[Sat Aug  1 16:37:42 2020]
Finished job 33.
30 of 91 steps (33%) done

[Sat Aug  1 16:37:42 2020]
Job 34: Translating amino acid sequences

[Sat Aug  1 16:37:47 2020]
Finished job 34.
31 of 91 steps (34%) done

[Sat Aug  1 16:37:47 2020]
Job 6: Exporting data files for for auspice

[Sat Aug  1 16:37:52 2020]
Finished job 6.
32 of 91 steps (35%) done

[Sat Aug  1 16:37:52 2020]
Job 88: Simulating Spike sequence data with SANTA-SIM

[Sat Aug  1 16:39:04 2020]
Finished job 23.
33 of 91 steps (36%) done

[Sat Aug  1 16:39:04 2020]
Job 25: Reconstructing ancestral sequences and mutations

[Sat Aug  1 16:39:33 2020]
Finished job 25.
34 of 91 steps (37%) done

[Sat Aug  1 16:39:33 2020]
Job 26: Translating amino acid sequences

[Sat Aug  1 16:39:41 2020]
Finished job 26.
35 of 91 steps (38%) done

[Sat Aug  1 16:39:41 2020]
Job 4: Exporting data files for for auspice

[Sat Aug  1 16:39:50 2020]
Finished job 4.
36 of 91 steps (40%) done

[Sat Aug  1 16:39:50 2020]
Job 82: Simulating Spike sequence data with SANTA-SIM

[Sat Aug  1 16:59:05 2020]
Finished job 82.
37 of 91 steps (41%) done

[Sat Aug  1 16:59:05 2020]
Job 56: Formatting data simulated by SANTA-SIM for Augur

[Sat Aug  1 16:59:06 2020]
Finished job 56.
38 of 91 steps (42%) done

[Sat Aug  1 16:59:06 2020]
Job 16: Parsing fasta into sequences and metadata

[Sat Aug  1 16:59:13 2020]
Finished job 16.
39 of 91 steps (43%) done

[Sat Aug  1 16:59:13 2020]
Job 55: 
        Aligning sequences to config/oc43a_replicase_reference.gb
          - filling gaps with N
        

[Sat Aug  1 16:59:42 2020]
Finished job 90.
40 of 91 steps (44%) done

[Sat Aug  1 16:59:42 2020]
Job 80: Formatting data simulated by SANTA-SIM for Augur

[Sat Aug  1 16:59:43 2020]
Finished job 80.
41 of 91 steps (45%) done

[Sat Aug  1 16:59:43 2020]
Job 48: Parsing fasta into sequences and metadata

[Sat Aug  1 16:59:48 2020]
Finished job 48.
42 of 91 steps (46%) done

[Sat Aug  1 16:59:48 2020]
Job 79: 
        Aligning sequences to config/oc43a_replicase_reference.gb
          - filling gaps with N
        

[Sat Aug  1 17:00:23 2020]
Finished job 85.
43 of 91 steps (47%) done

[Sat Aug  1 17:00:23 2020]
Job 65: Formatting data simulated by SANTA-SIM for Augur

[Sat Aug  1 17:00:24 2020]
Finished job 65.
44 of 91 steps (48%) done

[Sat Aug  1 17:00:24 2020]
Job 28: Parsing fasta into sequences and metadata

[Sat Aug  1 17:00:26 2020]
Finished job 88.
45 of 91 steps (49%) done

[Sat Aug  1 17:00:26 2020]
Job 74: Formatting data simulated by SANTA-SIM for Augur

[Sat Aug  1 17:00:27 2020]
Finished job 74.
46 of 91 steps (51%) done

[Sat Aug  1 17:00:27 2020]
Job 40: Parsing fasta into sequences and metadata

[Sat Aug  1 17:00:28 2020]
Finished job 28.
47 of 91 steps (52%) done

[Sat Aug  1 17:00:28 2020]
Job 64: 
        Aligning sequences to config/oc43a_replicase_reference.gb
          - filling gaps with N
        

[Sat Aug  1 17:00:29 2020]
Finished job 40.
48 of 91 steps (53%) done

[Sat Aug  1 17:00:29 2020]
Job 73: 
        Aligning sequences to config/oc43a_replicase_reference.gb
          - filling gaps with N
        

[Sat Aug  1 17:00:37 2020]
Finished job 55.
49 of 91 steps (54%) done

[Sat Aug  1 17:00:37 2020]
Job 54: Building tree

[Sat Aug  1 17:00:41 2020]
Finished job 54.
50 of 91 steps (55%) done

[Sat Aug  1 17:00:41 2020]
Job 15: 
        Refining tree
          - estimate timetree
          - use opt coalescent timescale
          - estimate marginal node dates
          - filter tips more than 4 IQDs from clock expectation
        

[Sat Aug  1 17:00:51 2020]
Finished job 79.
51 of 91 steps (56%) done

[Sat Aug  1 17:00:51 2020]
Job 78: Building tree

[Sat Aug  1 17:00:55 2020]
Finished job 78.
52 of 91 steps (57%) done

[Sat Aug  1 17:00:55 2020]
Job 47: 
        Refining tree
          - estimate timetree
          - use opt coalescent timescale
          - estimate marginal node dates
          - filter tips more than 4 IQDs from clock expectation
        

[Sat Aug  1 17:01:15 2020]
Finished job 64.
53 of 91 steps (58%) done

[Sat Aug  1 17:01:15 2020]
Job 63: Building tree

[Sat Aug  1 17:01:17 2020]
Finished job 73.
54 of 91 steps (59%) done

[Sat Aug  1 17:01:17 2020]
Job 72: Building tree

[Sat Aug  1 17:01:19 2020]
Finished job 63.
55 of 91 steps (60%) done

[Sat Aug  1 17:01:19 2020]
Job 27: 
        Refining tree
          - estimate timetree
          - use opt coalescent timescale
          - estimate marginal node dates
          - filter tips more than 4 IQDs from clock expectation
        

[Sat Aug  1 17:01:21 2020]
Finished job 72.
56 of 91 steps (62%) done

[Sat Aug  1 17:01:21 2020]
Job 39: 
        Refining tree
          - estimate timetree
          - use opt coalescent timescale
          - estimate marginal node dates
          - filter tips more than 4 IQDs from clock expectation
        

[Sat Aug  1 17:05:05 2020]
Finished job 15.
57 of 91 steps (63%) done

[Sat Aug  1 17:05:05 2020]
Job 17: Reconstructing ancestral sequences and mutations

[Sat Aug  1 17:05:14 2020]
Finished job 17.
58 of 91 steps (64%) done

[Sat Aug  1 17:05:14 2020]
Job 18: Translating amino acid sequences

[Sat Aug  1 17:05:17 2020]
Finished job 18.
59 of 91 steps (65%) done

[Sat Aug  1 17:05:17 2020]
Job 2: Exporting data files for for auspice

[Sat Aug  1 17:05:20 2020]
Finished job 2.
60 of 91 steps (66%) done

[Sat Aug  1 17:05:20 2020]
Job 81: Simulating Spike sequence data with SANTA-SIM

[Sat Aug  1 17:05:22 2020]
Finished job 47.
61 of 91 steps (67%) done

[Sat Aug  1 17:05:22 2020]
Job 49: Reconstructing ancestral sequences and mutations

[Sat Aug  1 17:05:36 2020]
Finished job 49.
62 of 91 steps (68%) done

[Sat Aug  1 17:05:36 2020]
Job 50: Translating amino acid sequences

[Sat Aug  1 17:05:40 2020]
Finished job 50.
63 of 91 steps (69%) done

[Sat Aug  1 17:05:40 2020]
Job 10: Exporting data files for for auspice

[Sat Aug  1 17:05:45 2020]
Finished job 10.
64 of 91 steps (70%) done

[Sat Aug  1 17:05:45 2020]
Job 89: Simulating Spike sequence data with SANTA-SIM

[Sat Aug  1 17:06:42 2020]
Finished job 39.
65 of 91 steps (71%) done

[Sat Aug  1 17:06:42 2020]
Job 41: Reconstructing ancestral sequences and mutations

[Sat Aug  1 17:06:50 2020]
Finished job 27.
66 of 91 steps (73%) done

[Sat Aug  1 17:06:50 2020]
Job 29: Reconstructing ancestral sequences and mutations

[Sat Aug  1 17:07:02 2020]
Finished job 41.
67 of 91 steps (74%) done

[Sat Aug  1 17:07:02 2020]
Job 42: Translating amino acid sequences

[Sat Aug  1 17:07:07 2020]
Finished job 42.
68 of 91 steps (75%) done

[Sat Aug  1 17:07:07 2020]
Job 8: Exporting data files for for auspice

[Sat Aug  1 17:07:08 2020]
Finished job 29.
69 of 91 steps (76%) done

[Sat Aug  1 17:07:08 2020]
Job 30: Translating amino acid sequences

[Sat Aug  1 17:07:13 2020]
Finished job 30.
70 of 91 steps (77%) done

[Sat Aug  1 17:07:13 2020]
Job 5: Exporting data files for for auspice

[Sat Aug  1 17:07:13 2020]
Finished job 8.
71 of 91 steps (78%) done
[Sat Aug  1 17:07:18 2020]
Finished job 5.
72 of 91 steps (79%) done
[Sat Aug  1 17:07:27 2020]
Finished job 81.
73 of 91 steps (80%) done

[Sat Aug  1 17:07:27 2020]
Job 53: Formatting data simulated by SANTA-SIM for Augur

[Sat Aug  1 17:07:27 2020]
Finished job 53.
74 of 91 steps (81%) done

[Sat Aug  1 17:07:27 2020]
Job 12: Parsing fasta into sequences and metadata

[Sat Aug  1 17:07:30 2020]
Finished job 12.
75 of 91 steps (82%) done

[Sat Aug  1 17:07:30 2020]
Job 52: 
        Aligning sequences to config/oc43a_replicase_reference.gb
          - filling gaps with N
        

[Sat Aug  1 17:07:41 2020]
Finished job 89.
76 of 91 steps (84%) done

[Sat Aug  1 17:07:41 2020]
Job 77: Formatting data simulated by SANTA-SIM for Augur

[Sat Aug  1 17:07:42 2020]
Finished job 77.
77 of 91 steps (85%) done

[Sat Aug  1 17:07:42 2020]
Job 44: Parsing fasta into sequences and metadata

[Sat Aug  1 17:07:43 2020]
Finished job 44.
78 of 91 steps (86%) done

[Sat Aug  1 17:07:43 2020]
Job 76: 
        Aligning sequences to config/oc43a_replicase_reference.gb
          - filling gaps with N
        

[Sat Aug  1 17:08:01 2020]
Finished job 52.
79 of 91 steps (87%) done

[Sat Aug  1 17:08:01 2020]
Job 51: Building tree

[Sat Aug  1 17:08:04 2020]
Finished job 51.
80 of 91 steps (88%) done

[Sat Aug  1 17:08:04 2020]
Job 11: 
        Refining tree
          - estimate timetree
          - use opt coalescent timescale
          - estimate marginal node dates
          - filter tips more than 4 IQDs from clock expectation
        

[Sat Aug  1 17:08:10 2020]
Finished job 76.
81 of 91 steps (89%) done

[Sat Aug  1 17:08:10 2020]
Job 75: Building tree

[Sat Aug  1 17:08:13 2020]
Finished job 75.
82 of 91 steps (90%) done

[Sat Aug  1 17:08:13 2020]
Job 43: 
        Refining tree
          - estimate timetree
          - use opt coalescent timescale
          - estimate marginal node dates
          - filter tips more than 4 IQDs from clock expectation
        

[Sat Aug  1 17:09:56 2020]
Finished job 43.
83 of 91 steps (91%) done

[Sat Aug  1 17:09:56 2020]
Job 45: Reconstructing ancestral sequences and mutations

[Sat Aug  1 17:09:57 2020]
Finished job 11.
84 of 91 steps (92%) done

[Sat Aug  1 17:09:57 2020]
Job 13: Reconstructing ancestral sequences and mutations

[Sat Aug  1 17:10:01 2020]
Finished job 45.
85 of 91 steps (93%) done

[Sat Aug  1 17:10:01 2020]
Job 46: Translating amino acid sequences

[Sat Aug  1 17:10:02 2020]
Finished job 46.
86 of 91 steps (95%) done

[Sat Aug  1 17:10:02 2020]
Job 9: Exporting data files for for auspice

[Sat Aug  1 17:10:03 2020]
Finished job 13.
87 of 91 steps (96%) done

[Sat Aug  1 17:10:03 2020]
Job 14: Translating amino acid sequences

[Sat Aug  1 17:10:04 2020]
Finished job 14.
88 of 91 steps (97%) done

[Sat Aug  1 17:10:04 2020]
Job 1: Exporting data files for for auspice

[Sat Aug  1 17:10:04 2020]
Finished job 9.
89 of 91 steps (98%) done
[Sat Aug  1 17:10:06 2020]
Finished job 1.
90 of 91 steps (99%) done

[Sat Aug  1 17:10:06 2020]
localrule all:
    input: auspice/simulated_oc43a_replicase_s1.json, auspice/simulated_oc43a_replicase_s2.json, auspice/simulated_oc43a_replicase_s3.json, auspice/simulated_oc43a_replicase_s4.json, auspice/simulated_oc43a_replicase_s5.json, auspice/simulated_oc43a_replicase_s6.json, auspice/simulated_oc43a_replicase_s7.json, auspice/simulated_oc43a_replicase_s8.json, auspice/simulated_oc43a_replicase_s9.json, auspice/simulated_oc43a_replicase_s10.json
    jobid: 0

[Sat Aug  1 17:10:06 2020]
Finished job 0.
91 of 91 steps (100%) done
Complete log: /Users/katekistler/nextstrain/seasonal-cov/santa-sim_oc43a/santa-sim_oc43a-rep/.snakemake/log/2020-08-01T155640.079227.snakemake.log
