Building DAG of jobs...
Using shell: /bin/bash
Provided cores: 4
Rules claiming more threads will be scaled down.
Job counts:
	count	jobs
	1	align
	1	all
	1	ancestral
	1	export
	1	parse
	1	refine
	1	translate
	1	tree
	8

[Wed Jul 15 13:43:48 2020]
Job 3: Parsing fasta into sequences and metadata

[Wed Jul 15 13:43:51 2020]
Finished job 3.
1 of 8 steps (12%) done

[Wed Jul 15 13:43:51 2020]
Job 7: 
        Aligning sequences to config/oc43a_reference.gb
          - filling gaps with N
        

[Wed Jul 15 13:43:57 2020]
Finished job 7.
2 of 8 steps (25%) done

[Wed Jul 15 13:43:57 2020]
Job 6: Building tree

[Wed Jul 15 13:44:00 2020]
Finished job 6.
3 of 8 steps (38%) done

[Wed Jul 15 13:44:00 2020]
Job 2: 
        Refining tree
          - estimate timetree
          - use opt coalescent timescale
          - estimate marginal node dates
          - filter tips more than 4 IQDs from clock expectation
        

[Wed Jul 15 13:45:54 2020]
Finished job 2.
4 of 8 steps (50%) done

[Wed Jul 15 13:45:54 2020]
Job 4: Reconstructing ancestral sequences and mutations

[Wed Jul 15 13:45:57 2020]
Finished job 4.
5 of 8 steps (62%) done

[Wed Jul 15 13:45:57 2020]
Job 5: Translating amino acid sequences

[Wed Jul 15 13:45:59 2020]
Finished job 5.
6 of 8 steps (75%) done

[Wed Jul 15 13:45:59 2020]
Job 1: Exporting data files for for auspice

[Wed Jul 15 13:46:01 2020]
Finished job 1.
7 of 8 steps (88%) done

[Wed Jul 15 13:46:01 2020]
localrule all:
    input: auspice/simulated_oc43a.json
    jobid: 0

[Wed Jul 15 13:46:01 2020]
Finished job 0.
8 of 8 steps (100%) done
Complete log: /Users/katekistler/nextstrain/santa-sim-nextstrain/.snakemake/log/2020-07-15T134348.734501.snakemake.log
