Building DAG of jobs...
Using shell: /bin/bash
Provided cores: 4
Rules claiming more threads will be scaled down.
Job counts:
	count	jobs
	1	all
	1	format_data
	2

[Fri Jul 17 11:57:42 2020]
Job 1: Formatting data simulated by SANTA-SIM for Augur

[Fri Jul 17 11:57:43 2020]
Finished job 1.
1 of 2 steps (50%) done

[Fri Jul 17 11:57:43 2020]
localrule all:
    input: data/simulated_oc43aspike_s1.fasta
    jobid: 0

[Fri Jul 17 11:57:43 2020]
Finished job 0.
2 of 2 steps (100%) done
Complete log: /Users/katekistler/nextstrain/seasonal-cov/santa-sim_oc43a-spike/.snakemake/log/2020-07-17T115742.929716.snakemake.log
