Building DAG of jobs...
Using shell: /bin/bash
Provided cores: 4
Rules claiming more threads will be scaled down.
Job counts:
	count	jobs
	1	all
	1	format_data
	1	santa_sim
	3

[Fri Jul 17 11:58:10 2020]
Job 2: Simulating Spike sequence data with SANTA-SIM

[Fri Jul 17 11:59:08 2020]
Finished job 2.
1 of 3 steps (33%) done

[Fri Jul 17 11:59:08 2020]
Job 1: Formatting data simulated by SANTA-SIM for Augur

[Fri Jul 17 11:59:09 2020]
Finished job 1.
2 of 3 steps (67%) done

[Fri Jul 17 11:59:09 2020]
localrule all:
    input: data/simulated_oc43aspike_s1.fasta
    jobid: 0

[Fri Jul 17 11:59:09 2020]
Finished job 0.
3 of 3 steps (100%) done
Complete log: /Users/katekistler/nextstrain/seasonal-cov/santa-sim_oc43a-spike/.snakemake/log/2020-07-17T115810.381592.snakemake.log
