Building DAG of jobs...
Using shell: /bin/bash
Provided cores: 4
Rules claiming more threads will be scaled down.
Job counts:
	count	jobs
	12	align
	1	all
	12	ancestral
	12	export
	11	format_data
	12	parse
	12	refine
	11	santa_sim
	12	translate
	12	tree
	107

[Sat Jul 18 14:02:07 2020]
Job 105: Simulating Spike sequence data with SANTA-SIM


[Sat Jul 18 14:02:07 2020]
Job 14: Parsing fasta into sequences and metadata


[Sat Jul 18 14:02:07 2020]
Job 104: Simulating Spike sequence data with SANTA-SIM


[Sat Jul 18 14:02:07 2020]
Job 107: Simulating Spike sequence data with SANTA-SIM

[Sat Jul 18 14:02:16 2020]
Finished job 14.
1 of 107 steps (0.93%) done

[Sat Jul 18 14:02:16 2020]
Job 62: 
        Aligning sequences to config/oc43a_reference.gb
          - filling gaps with N
        

[Sat Jul 18 14:02:30 2020]
Finished job 62.
2 of 107 steps (2%) done

[Sat Jul 18 14:02:30 2020]
Job 61: Building tree

[Sat Jul 18 14:02:36 2020]
Finished job 61.
3 of 107 steps (3%) done

[Sat Jul 18 14:02:36 2020]
Job 13: 
        Refining tree
          - estimate timetree
          - use opt coalescent timescale
          - estimate marginal node dates
          - filter tips more than 4 IQDs from clock expectation
        

[Sat Jul 18 14:02:59 2020]
Finished job 107.
4 of 107 steps (4%) done

[Sat Jul 18 14:02:59 2020]
Job 93: Formatting data simulated by SANTA-SIM for Augur

[Sat Jul 18 14:03:00 2020]
Finished job 93.
5 of 107 steps (5%) done

[Sat Jul 18 14:03:00 2020]
Job 54: Parsing fasta into sequences and metadata

[Sat Jul 18 14:03:03 2020]
Finished job 54.
6 of 107 steps (6%) done

[Sat Jul 18 14:03:03 2020]
Job 92: 
        Aligning sequences to config/oc43a_reference.gb
          - filling gaps with N
        

[Sat Jul 18 14:03:12 2020]
Finished job 105.
7 of 107 steps (7%) done

[Sat Jul 18 14:03:12 2020]
Job 87: Formatting data simulated by SANTA-SIM for Augur

[Sat Jul 18 14:03:12 2020]
Finished job 87.
8 of 107 steps (7%) done

[Sat Jul 18 14:03:12 2020]
Job 46: Parsing fasta into sequences and metadata

[Sat Jul 18 14:03:12 2020]
Finished job 104.
9 of 107 steps (8%) done

[Sat Jul 18 14:03:12 2020]
Job 84: Formatting data simulated by SANTA-SIM for Augur

[Sat Jul 18 14:03:13 2020]
Finished job 84.
10 of 107 steps (9%) done

[Sat Jul 18 14:03:13 2020]
Job 42: Parsing fasta into sequences and metadata

[Sat Jul 18 14:03:15 2020]
Finished job 46.
11 of 107 steps (10%) done

[Sat Jul 18 14:03:15 2020]
Job 86: 
        Aligning sequences to config/oc43a_reference.gb
          - filling gaps with N
        

[Sat Jul 18 14:03:15 2020]
Finished job 92.
12 of 107 steps (11%) done

[Sat Jul 18 14:03:15 2020]
Job 91: Building tree

[Sat Jul 18 14:03:16 2020]
Finished job 42.
13 of 107 steps (12%) done

[Sat Jul 18 14:03:16 2020]
Job 83: 
        Aligning sequences to config/oc43a_reference.gb
          - filling gaps with N
        

[Sat Jul 18 14:03:19 2020]
Finished job 91.
14 of 107 steps (13%) done

[Sat Jul 18 14:03:19 2020]
Job 53: 
        Refining tree
          - estimate timetree
          - use opt coalescent timescale
          - estimate marginal node dates
          - filter tips more than 4 IQDs from clock expectation
        

[Sat Jul 18 14:03:27 2020]
Finished job 86.
15 of 107 steps (14%) done

[Sat Jul 18 14:03:27 2020]
Job 85: Building tree

[Sat Jul 18 14:03:28 2020]
Finished job 83.
16 of 107 steps (15%) done

[Sat Jul 18 14:03:28 2020]
Job 82: Building tree

[Sat Jul 18 14:03:31 2020]
Finished job 85.
17 of 107 steps (16%) done

[Sat Jul 18 14:03:31 2020]
Job 45: 
        Refining tree
          - estimate timetree
          - use opt coalescent timescale
          - estimate marginal node dates
          - filter tips more than 4 IQDs from clock expectation
        

[Sat Jul 18 14:03:32 2020]
Finished job 82.
18 of 107 steps (17%) done

[Sat Jul 18 14:03:32 2020]
Job 41: 
        Refining tree
          - estimate timetree
          - use opt coalescent timescale
          - estimate marginal node dates
          - filter tips more than 4 IQDs from clock expectation
        

[Sat Jul 18 14:05:58 2020]
Finished job 13.
19 of 107 steps (18%) done

[Sat Jul 18 14:05:58 2020]
Job 15: Reconstructing ancestral sequences and mutations

[Sat Jul 18 14:06:04 2020]
Finished job 15.
20 of 107 steps (19%) done

[Sat Jul 18 14:06:04 2020]
Job 16: Translating amino acid sequences

[Sat Jul 18 14:06:07 2020]
Finished job 16.
21 of 107 steps (20%) done

[Sat Jul 18 14:06:07 2020]
Job 1: Exporting data files for for auspice

[Sat Jul 18 14:06:10 2020]
Finished job 1.
22 of 107 steps (21%) done

[Sat Jul 18 14:06:10 2020]
Job 108: Simulating Spike sequence data with SANTA-SIM

[Sat Jul 18 14:06:18 2020]
Finished job 53.
23 of 107 steps (21%) done

[Sat Jul 18 14:06:18 2020]
Job 55: Reconstructing ancestral sequences and mutations

[Sat Jul 18 14:06:23 2020]
Finished job 55.
24 of 107 steps (22%) done

[Sat Jul 18 14:06:23 2020]
Job 56: Translating amino acid sequences

[Sat Jul 18 14:06:26 2020]
Finished job 56.
25 of 107 steps (23%) done

[Sat Jul 18 14:06:26 2020]
Job 11: Exporting data files for for auspice

[Sat Jul 18 14:06:29 2020]
Finished job 11.
26 of 107 steps (24%) done

[Sat Jul 18 14:06:29 2020]
Job 98: Simulating Spike sequence data with SANTA-SIM

[Sat Jul 18 14:06:38 2020]
Finished job 108.
27 of 107 steps (25%) done

[Sat Jul 18 14:06:38 2020]
Job 96: Formatting data simulated by SANTA-SIM for Augur

[Sat Jul 18 14:06:38 2020]
Finished job 96.
28 of 107 steps (26%) done

[Sat Jul 18 14:06:38 2020]
Job 58: Parsing fasta into sequences and metadata

[Sat Jul 18 14:06:41 2020]
Finished job 58.
29 of 107 steps (27%) done

[Sat Jul 18 14:06:41 2020]
Job 95: 
        Aligning sequences to config/oc43a_reference.gb
          - filling gaps with N
        

[Sat Jul 18 14:06:43 2020]
Finished job 45.
30 of 107 steps (28%) done

[Sat Jul 18 14:06:43 2020]
Job 47: Reconstructing ancestral sequences and mutations

[Sat Jul 18 14:06:47 2020]
Finished job 41.
31 of 107 steps (29%) done

[Sat Jul 18 14:06:47 2020]
Job 43: Reconstructing ancestral sequences and mutations

[Sat Jul 18 14:06:48 2020]
Finished job 47.
32 of 107 steps (30%) done

[Sat Jul 18 14:06:48 2020]
Job 48: Translating amino acid sequences

[Sat Jul 18 14:06:51 2020]
Finished job 48.
33 of 107 steps (31%) done

[Sat Jul 18 14:06:51 2020]
Job 9: Exporting data files for for auspice

[Sat Jul 18 14:06:51 2020]
Finished job 43.
34 of 107 steps (32%) done

[Sat Jul 18 14:06:51 2020]
Job 44: Translating amino acid sequences

[Sat Jul 18 14:06:53 2020]
Finished job 95.
35 of 107 steps (33%) done

[Sat Jul 18 14:06:53 2020]
Job 94: Building tree

[Sat Jul 18 14:06:54 2020]
Finished job 9.
36 of 107 steps (34%) done

[Sat Jul 18 14:06:54 2020]
Job 106: Simulating Spike sequence data with SANTA-SIM

[Sat Jul 18 14:06:55 2020]
Finished job 44.
37 of 107 steps (35%) done

[Sat Jul 18 14:06:55 2020]
Job 8: Exporting data files for for auspice

[Sat Jul 18 14:06:56 2020]
Finished job 94.
38 of 107 steps (36%) done

[Sat Jul 18 14:06:56 2020]
Job 57: 
        Refining tree
          - estimate timetree
          - use opt coalescent timescale
          - estimate marginal node dates
          - filter tips more than 4 IQDs from clock expectation
        

[Sat Jul 18 14:06:59 2020]
Finished job 8.
39 of 107 steps (36%) done

[Sat Jul 18 14:06:59 2020]
Job 102: Simulating Spike sequence data with SANTA-SIM

[Sat Jul 18 14:07:23 2020]
Finished job 98.
40 of 107 steps (37%) done

[Sat Jul 18 14:07:23 2020]
Job 66: Formatting data simulated by SANTA-SIM for Augur

[Sat Jul 18 14:07:24 2020]
Finished job 66.
41 of 107 steps (38%) done

[Sat Jul 18 14:07:24 2020]
Job 18: Parsing fasta into sequences and metadata

[Sat Jul 18 14:07:27 2020]
Finished job 18.
42 of 107 steps (39%) done

[Sat Jul 18 14:07:27 2020]
Job 65: 
        Aligning sequences to config/oc43a_reference.gb
          - filling gaps with N
        

[Sat Jul 18 14:07:38 2020]
Finished job 65.
43 of 107 steps (40%) done

[Sat Jul 18 14:07:38 2020]
Job 64: Building tree

[Sat Jul 18 14:07:42 2020]
Finished job 64.
44 of 107 steps (41%) done

[Sat Jul 18 14:07:42 2020]
Job 17: 
        Refining tree
          - estimate timetree
          - use opt coalescent timescale
          - estimate marginal node dates
          - filter tips more than 4 IQDs from clock expectation
        

[Sat Jul 18 14:07:48 2020]
Finished job 102.
45 of 107 steps (42%) done

[Sat Jul 18 14:07:48 2020]
Job 78: Formatting data simulated by SANTA-SIM for Augur

[Sat Jul 18 14:07:48 2020]
Finished job 78.
46 of 107 steps (43%) done

[Sat Jul 18 14:07:48 2020]
Job 34: Parsing fasta into sequences and metadata

[Sat Jul 18 14:07:51 2020]
Finished job 34.
47 of 107 steps (44%) done

[Sat Jul 18 14:07:51 2020]
Job 77: 
        Aligning sequences to config/oc43a_reference.gb
          - filling gaps with N
        

[Sat Jul 18 14:07:54 2020]
Finished job 106.
48 of 107 steps (45%) done

[Sat Jul 18 14:07:54 2020]
Job 90: Formatting data simulated by SANTA-SIM for Augur

[Sat Jul 18 14:07:55 2020]
Finished job 90.
49 of 107 steps (46%) done

[Sat Jul 18 14:07:55 2020]
Job 50: Parsing fasta into sequences and metadata

[Sat Jul 18 14:07:57 2020]
Finished job 50.
50 of 107 steps (47%) done

[Sat Jul 18 14:07:57 2020]
Job 89: 
        Aligning sequences to config/oc43a_reference.gb
          - filling gaps with N
        

[Sat Jul 18 14:08:02 2020]
Finished job 77.
51 of 107 steps (48%) done

[Sat Jul 18 14:08:02 2020]
Job 76: Building tree

[Sat Jul 18 14:08:06 2020]
Finished job 76.
52 of 107 steps (49%) done

[Sat Jul 18 14:08:06 2020]
Job 33: 
        Refining tree
          - estimate timetree
          - use opt coalescent timescale
          - estimate marginal node dates
          - filter tips more than 4 IQDs from clock expectation
        

[Sat Jul 18 14:08:08 2020]
Finished job 89.
53 of 107 steps (50%) done

[Sat Jul 18 14:08:08 2020]
Job 88: Building tree

[Sat Jul 18 14:08:12 2020]
Finished job 88.
54 of 107 steps (50%) done

[Sat Jul 18 14:08:12 2020]
Job 49: 
        Refining tree
          - estimate timetree
          - use opt coalescent timescale
          - estimate marginal node dates
          - filter tips more than 4 IQDs from clock expectation
        

[Sat Jul 18 14:09:22 2020]
Finished job 57.
55 of 107 steps (51%) done

[Sat Jul 18 14:09:22 2020]
Job 59: Reconstructing ancestral sequences and mutations

[Sat Jul 18 14:09:26 2020]
Finished job 59.
56 of 107 steps (52%) done

[Sat Jul 18 14:09:26 2020]
Job 60: Translating amino acid sequences

[Sat Jul 18 14:09:29 2020]
Finished job 60.
57 of 107 steps (53%) done

[Sat Jul 18 14:09:29 2020]
Job 12: Exporting data files for for auspice

[Sat Jul 18 14:09:32 2020]
Finished job 12.
58 of 107 steps (54%) done

[Sat Jul 18 14:09:32 2020]
Job 101: Simulating Spike sequence data with SANTA-SIM

[Sat Jul 18 14:10:20 2020]
Finished job 101.
59 of 107 steps (55%) done

[Sat Jul 18 14:10:20 2020]
Job 75: Formatting data simulated by SANTA-SIM for Augur

[Sat Jul 18 14:10:21 2020]
Finished job 75.
60 of 107 steps (56%) done

[Sat Jul 18 14:10:21 2020]
Job 30: Parsing fasta into sequences and metadata

[Sat Jul 18 14:10:24 2020]
Finished job 30.
61 of 107 steps (57%) done

[Sat Jul 18 14:10:24 2020]
Job 74: 
        Aligning sequences to config/oc43a_reference.gb
          - filling gaps with N
        

[Sat Jul 18 14:10:35 2020]
Finished job 74.
62 of 107 steps (58%) done

[Sat Jul 18 14:10:35 2020]
Job 73: Building tree

[Sat Jul 18 14:10:37 2020]
Finished job 17.
63 of 107 steps (59%) done

[Sat Jul 18 14:10:37 2020]
Job 19: Reconstructing ancestral sequences and mutations

[Sat Jul 18 14:10:39 2020]
Finished job 73.
64 of 107 steps (60%) done

[Sat Jul 18 14:10:39 2020]
Job 29: 
        Refining tree
          - estimate timetree
          - use opt coalescent timescale
          - estimate marginal node dates
          - filter tips more than 4 IQDs from clock expectation
        

[Sat Jul 18 14:10:42 2020]
Finished job 19.
65 of 107 steps (61%) done

[Sat Jul 18 14:10:42 2020]
Job 20: Translating amino acid sequences

[Sat Jul 18 14:10:45 2020]
Finished job 20.
66 of 107 steps (62%) done

[Sat Jul 18 14:10:45 2020]
Job 2: Exporting data files for for auspice

[Sat Jul 18 14:10:48 2020]
Finished job 2.
67 of 107 steps (63%) done

[Sat Jul 18 14:10:48 2020]
Job 103: Simulating Spike sequence data with SANTA-SIM

[Sat Jul 18 14:11:15 2020]
Finished job 49.
68 of 107 steps (64%) done

[Sat Jul 18 14:11:16 2020]
Job 51: Reconstructing ancestral sequences and mutations

[Sat Jul 18 14:11:20 2020]
Finished job 51.
69 of 107 steps (64%) done

[Sat Jul 18 14:11:20 2020]
Job 52: Translating amino acid sequences

[Sat Jul 18 14:11:21 2020]
Finished job 33.
70 of 107 steps (65%) done

[Sat Jul 18 14:11:21 2020]
Job 35: Reconstructing ancestral sequences and mutations

[Sat Jul 18 14:11:23 2020]
Finished job 52.
71 of 107 steps (66%) done

[Sat Jul 18 14:11:23 2020]
Job 10: Exporting data files for for auspice

[Sat Jul 18 14:11:25 2020]
Finished job 35.
72 of 107 steps (67%) done

[Sat Jul 18 14:11:25 2020]
Job 36: Translating amino acid sequences

[Sat Jul 18 14:11:26 2020]
Finished job 10.
73 of 107 steps (68%) done

[Sat Jul 18 14:11:26 2020]
Job 100: Simulating Spike sequence data with SANTA-SIM

[Sat Jul 18 14:11:30 2020]
Finished job 36.
74 of 107 steps (69%) done

[Sat Jul 18 14:11:30 2020]
Job 6: Exporting data files for for auspice

[Sat Jul 18 14:11:33 2020]
Finished job 6.
75 of 107 steps (70%) done

[Sat Jul 18 14:11:33 2020]
Job 99: Simulating Spike sequence data with SANTA-SIM

[Sat Jul 18 14:11:38 2020]
Finished job 103.
76 of 107 steps (71%) done

[Sat Jul 18 14:11:38 2020]
Job 81: Formatting data simulated by SANTA-SIM for Augur

[Sat Jul 18 14:11:38 2020]
Finished job 81.
77 of 107 steps (72%) done

[Sat Jul 18 14:11:38 2020]
Job 38: Parsing fasta into sequences and metadata

[Sat Jul 18 14:11:41 2020]
Finished job 38.
78 of 107 steps (73%) done

[Sat Jul 18 14:11:41 2020]
Job 80: 
        Aligning sequences to config/oc43a_reference.gb
          - filling gaps with N
        

[Sat Jul 18 14:11:51 2020]
Finished job 100.
79 of 107 steps (74%) done

[Sat Jul 18 14:11:51 2020]
Job 72: Formatting data simulated by SANTA-SIM for Augur

[Sat Jul 18 14:11:52 2020]
Finished job 72.
80 of 107 steps (75%) done

[Sat Jul 18 14:11:52 2020]
Job 26: Parsing fasta into sequences and metadata

[Sat Jul 18 14:11:53 2020]
Finished job 80.
81 of 107 steps (76%) done

[Sat Jul 18 14:11:53 2020]
Job 79: Building tree

[Sat Jul 18 14:11:54 2020]
Finished job 26.
82 of 107 steps (77%) done

[Sat Jul 18 14:11:54 2020]
Job 71: 
        Aligning sequences to config/oc43a_reference.gb
          - filling gaps with N
        

[Sat Jul 18 14:11:55 2020]
Finished job 99.
83 of 107 steps (78%) done

[Sat Jul 18 14:11:55 2020]
Job 69: Formatting data simulated by SANTA-SIM for Augur

[Sat Jul 18 14:11:55 2020]
Finished job 69.
84 of 107 steps (79%) done

[Sat Jul 18 14:11:55 2020]
Job 22: Parsing fasta into sequences and metadata

[Sat Jul 18 14:11:57 2020]
Finished job 79.
85 of 107 steps (79%) done

[Sat Jul 18 14:11:57 2020]
Job 37: 
        Refining tree
          - estimate timetree
          - use opt coalescent timescale
          - estimate marginal node dates
          - filter tips more than 4 IQDs from clock expectation
        

[Sat Jul 18 14:11:58 2020]
Finished job 22.
86 of 107 steps (80%) done

[Sat Jul 18 14:11:58 2020]
Job 68: 
        Aligning sequences to config/oc43a_reference.gb
          - filling gaps with N
        

[Sat Jul 18 14:12:06 2020]
Finished job 71.
87 of 107 steps (81%) done

[Sat Jul 18 14:12:06 2020]
Job 70: Building tree

[Sat Jul 18 14:12:09 2020]
Finished job 68.
88 of 107 steps (82%) done

[Sat Jul 18 14:12:09 2020]
Job 67: Building tree

[Sat Jul 18 14:12:10 2020]
Finished job 70.
89 of 107 steps (83%) done

[Sat Jul 18 14:12:10 2020]
Job 25: 
        Refining tree
          - estimate timetree
          - use opt coalescent timescale
          - estimate marginal node dates
          - filter tips more than 4 IQDs from clock expectation
        

[Sat Jul 18 14:12:13 2020]
Finished job 67.
90 of 107 steps (84%) done

[Sat Jul 18 14:12:13 2020]
Job 21: 
        Refining tree
          - estimate timetree
          - use opt coalescent timescale
          - estimate marginal node dates
          - filter tips more than 4 IQDs from clock expectation
        

[Sat Jul 18 14:13:46 2020]
Finished job 29.
91 of 107 steps (85%) done

[Sat Jul 18 14:13:46 2020]
Job 31: Reconstructing ancestral sequences and mutations

[Sat Jul 18 14:13:50 2020]
Finished job 31.
92 of 107 steps (86%) done

[Sat Jul 18 14:13:50 2020]
Job 32: Translating amino acid sequences

[Sat Jul 18 14:13:53 2020]
Finished job 32.
93 of 107 steps (87%) done

[Sat Jul 18 14:13:53 2020]
Job 5: Exporting data files for for auspice

[Sat Jul 18 14:13:56 2020]
Finished job 5.
94 of 107 steps (88%) done
[Sat Jul 18 14:14:49 2020]
Finished job 37.
95 of 107 steps (89%) done

[Sat Jul 18 14:14:49 2020]
Job 39: Reconstructing ancestral sequences and mutations

[Sat Jul 18 14:14:53 2020]
Finished job 39.
96 of 107 steps (90%) done

[Sat Jul 18 14:14:53 2020]
Job 40: Translating amino acid sequences

[Sat Jul 18 14:14:53 2020]
Finished job 21.
97 of 107 steps (91%) done

[Sat Jul 18 14:14:53 2020]
Job 23: Reconstructing ancestral sequences and mutations

[Sat Jul 18 14:14:55 2020]
Finished job 40.
98 of 107 steps (92%) done

[Sat Jul 18 14:14:55 2020]
Job 7: Exporting data files for for auspice

[Sat Jul 18 14:14:56 2020]
Finished job 23.
99 of 107 steps (93%) done

[Sat Jul 18 14:14:56 2020]
Job 24: Translating amino acid sequences

[Sat Jul 18 14:14:58 2020]
Finished job 7.
100 of 107 steps (93%) done
[Sat Jul 18 14:14:59 2020]
Finished job 24.
101 of 107 steps (94%) done

[Sat Jul 18 14:14:59 2020]
Job 3: Exporting data files for for auspice

[Sat Jul 18 14:15:00 2020]
Finished job 25.
102 of 107 steps (95%) done

[Sat Jul 18 14:15:00 2020]
Job 27: Reconstructing ancestral sequences and mutations

[Sat Jul 18 14:15:00 2020]
Finished job 3.
103 of 107 steps (96%) done
[Sat Jul 18 14:15:03 2020]
Finished job 27.
104 of 107 steps (97%) done

[Sat Jul 18 14:15:03 2020]
Job 28: Translating amino acid sequences

[Sat Jul 18 14:15:04 2020]
Finished job 28.
105 of 107 steps (98%) done

[Sat Jul 18 14:15:04 2020]
Job 4: Exporting data files for for auspice

[Sat Jul 18 14:15:06 2020]
Finished job 4.
106 of 107 steps (99%) done

[Sat Jul 18 14:15:06 2020]
localrule all:
    input: auspice/simulated_oc43a_s1.json, auspice/simulated_oc43a_s2.json, auspice/simulated_oc43a_s3.json, auspice/simulated_oc43a_s4.json, auspice/simulated_oc43a_s5.json, auspice/simulated_oc43a_s6.json, auspice/simulated_oc43a_s7.json, auspice/simulated_oc43a_s8.json, auspice/simulated_oc43a_s9.json, auspice/simulated_oc43a_s10.json, auspice/simulated_oc43a_s11.json, auspice/simulated_oc43a_s12.json
    jobid: 0

[Sat Jul 18 14:15:06 2020]
Finished job 0.
107 of 107 steps (100%) done
Complete log: /Users/katekistler/nextstrain/seasonal-cov/santa-sim_oc43a-spike/.snakemake/log/2020-07-18T140207.703655.snakemake.log
