Building DAG of jobs...
Using shell: /bin/bash
Provided cores: 4
Rules claiming more threads will be scaled down.
Job counts:
	count	jobs
	2	align
	1	all
	2	ancestral
	2	export
	2	parse
	2	refine
	2	translate
	2	tree
	15

[Wed Jul 15 14:07:06 2020]
Job 8: Parsing fasta into sequences and metadata


[Wed Jul 15 14:07:06 2020]
Job 4: Parsing fasta into sequences and metadata

[Wed Jul 15 14:07:08 2020]
Finished job 8.
1 of 15 steps (7%) done
[Wed Jul 15 14:07:08 2020]
Finished job 4.
2 of 15 steps (13%) done

[Wed Jul 15 14:07:08 2020]
Job 12: 
        Aligning sequences to config/oc43a_reference.gb
          - filling gaps with N
        


[Wed Jul 15 14:07:08 2020]
Job 14: 
        Aligning sequences to config/oc43a_reference.gb
          - filling gaps with N
        

[Wed Jul 15 14:07:15 2020]
Finished job 14.
3 of 15 steps (20%) done

[Wed Jul 15 14:07:15 2020]
Job 13: Building tree

[Wed Jul 15 14:07:15 2020]
Finished job 12.
4 of 15 steps (27%) done

[Wed Jul 15 14:07:15 2020]
Job 11: Building tree

[Wed Jul 15 14:07:18 2020]
Finished job 11.
5 of 15 steps (33%) done

[Wed Jul 15 14:07:18 2020]
Job 3: 
        Refining tree
          - estimate timetree
          - use opt coalescent timescale
          - estimate marginal node dates
          - filter tips more than 4 IQDs from clock expectation
        

[Wed Jul 15 14:07:18 2020]
Finished job 13.
6 of 15 steps (40%) done

[Wed Jul 15 14:07:18 2020]
Job 7: 
        Refining tree
          - estimate timetree
          - use opt coalescent timescale
          - estimate marginal node dates
          - filter tips more than 4 IQDs from clock expectation
        

[Wed Jul 15 14:09:12 2020]
Finished job 7.
7 of 15 steps (47%) done

[Wed Jul 15 14:09:12 2020]
Job 9: Reconstructing ancestral sequences and mutations

[Wed Jul 15 14:09:19 2020]
Finished job 9.
8 of 15 steps (53%) done

[Wed Jul 15 14:09:19 2020]
Job 10: Translating amino acid sequences

[Wed Jul 15 14:09:21 2020]
Finished job 3.
9 of 15 steps (60%) done

[Wed Jul 15 14:09:21 2020]
Job 5: Reconstructing ancestral sequences and mutations

[Wed Jul 15 14:09:22 2020]
Finished job 10.
10 of 15 steps (67%) done

[Wed Jul 15 14:09:22 2020]
Job 2: Exporting data files for for auspice

[Wed Jul 15 14:09:25 2020]
Finished job 2.
11 of 15 steps (73%) done
[Wed Jul 15 14:09:25 2020]
Finished job 5.
12 of 15 steps (80%) done

[Wed Jul 15 14:09:25 2020]
Job 6: Translating amino acid sequences

[Wed Jul 15 14:09:27 2020]
Finished job 6.
13 of 15 steps (87%) done

[Wed Jul 15 14:09:27 2020]
Job 1: Exporting data files for for auspice

[Wed Jul 15 14:09:29 2020]
Finished job 1.
14 of 15 steps (93%) done

[Wed Jul 15 14:09:29 2020]
localrule all:
    input: auspice/simulated_oc43a_pos.json, auspice/simulated_oc43a_recomb.json
    jobid: 0

[Wed Jul 15 14:09:29 2020]
Finished job 0.
15 of 15 steps (100%) done
Complete log: /Users/katekistler/nextstrain/santa-sim-nextstrain/.snakemake/log/2020-07-15T140706.326521.snakemake.log
