Building DAG of jobs...
Using shell: /bin/bash
Provided cores: 4
Rules claiming more threads will be scaled down.
Job counts:
	count	jobs
	1	align
	1	all
	1	ancestral
	1	download
	1	export
	1	filter
	1	parse
	1	refine
	1	translate
	1	tree
	10

[Wed Jun  3 10:04:28 2020]
Job 8: Downloading sequences from fauna

[Wed Jun  3 10:05:57 2020]
Finished job 8.
1 of 10 steps (10%) done

[Wed Jun  3 10:05:57 2020]
Job 3: Parsing fasta into sequences and metadata

[Wed Jun  3 10:06:00 2020]
Finished job 3.
2 of 10 steps (20%) done

[Wed Jun  3 10:06:00 2020]
Job 9: 
        Filtering to
          - 20 sequence(s) per country year month
          - from 1950 onwards
          - excluding strains in config/dropped_strains.txt
          - minimum genome length of 5000
        

[Wed Jun  3 10:06:02 2020]
Finished job 9.
3 of 10 steps (30%) done

[Wed Jun  3 10:06:02 2020]
Job 7: 
        Aligning sequences to config/measles_reference.gb
          - filling gaps with N
        

[Wed Jun  3 10:12:45 2020]
Finished job 7.
4 of 10 steps (40%) done

[Wed Jun  3 10:12:45 2020]
Job 6: Building tree

[Wed Jun  3 10:13:01 2020]
Finished job 6.
5 of 10 steps (50%) done

[Wed Jun  3 10:13:01 2020]
Job 2: 
        Refining tree
          - estimate timetree
          - use opt coalescent timescale
          - estimate marginal node dates
          - filter tips more than 4 IQDs from clock expectation
        

[Wed Jun  3 10:17:11 2020]
Finished job 2.
6 of 10 steps (60%) done

[Wed Jun  3 10:17:11 2020]
Job 4: Reconstructing ancestral sequences and mutations

[Wed Jun  3 10:17:18 2020]
Finished job 4.
7 of 10 steps (70%) done

[Wed Jun  3 10:17:18 2020]
Job 5: Translating amino acid sequences

[Wed Jun  3 10:17:20 2020]
Finished job 5.
8 of 10 steps (80%) done

[Wed Jun  3 10:17:20 2020]
Job 1: Exporting data files for for auspice

[Wed Jun  3 10:17:22 2020]
Finished job 1.
9 of 10 steps (90%) done

[Wed Jun  3 10:17:22 2020]
localrule all:
    input: auspice/measles.json
    jobid: 0

[Wed Jun  3 10:17:22 2020]
Finished job 0.
10 of 10 steps (100%) done
Complete log: /Users/katekistler/nextstrain/measles/.snakemake/log/2020-06-03T100428.795741.snakemake.log
