Building DAG of jobs...
Using shell: /bin/bash
Provided cores: 4
Rules claiming more threads will be scaled down.
Job counts:
	count	jobs
	1	align
	1	all
	1	ancestral
	1	export
	1	parse
	1	refine
	1	translate
	1	tree
	8

[Wed Jul 15 13:07:23 2020]
Job 7: 
        Aligning sequences to config/oc43a_reference.gb
          - filling gaps with N
        


[Wed Jul 15 13:07:23 2020]
Job 3: Parsing fasta into sequences and metadata

[Wed Jul 15 13:07:26 2020]
Finished job 3.
1 of 8 steps (12%) done
[Wed Jul 15 13:07:31 2020]
Finished job 7.
2 of 8 steps (25%) done

[Wed Jul 15 13:07:31 2020]
Job 6: Building tree

[Wed Jul 15 13:07:33 2020]
Finished job 6.
3 of 8 steps (38%) done

[Wed Jul 15 13:07:33 2020]
Job 2: 
        Refining tree
          - estimate timetree
          - use opt coalescent timescale
          - estimate marginal node dates
          - filter tips more than 4 IQDs from clock expectation
        

[Wed Jul 15 13:07:35 2020]
Error in rule refine:
    jobid: 2
    output: results/tree.nwk, results/branch_lengths.json
    shell:
        
        augur refine             --tree results/tree_raw.nwk             --alignment results/aligned.fasta             --metadata results/metadata.tsv             --output-tree results/tree.nwk             --output-node-data results/branch_lengths.json             --timetree             --coalescent opt             --date-confidence             --date-inference marginal             --clock-filter-iqd 4
        
        (one of the commands exited with non-zero exit code; note that snakemake uses bash strict mode!)

Shutting down, this might take some time.
Exiting because a job execution failed. Look above for error message
Complete log: /Users/katekistler/nextstrain/santa-sim-nextstrain/.snakemake/log/2020-07-15T130723.461945.snakemake.log
