Building DAG of jobs...
Using shell: /bin/bash
Provided cores: 4
Rules claiming more threads will be scaled down.
Job counts:
	count	jobs
	1	all
	1	santa_sim
	2

[Fri Jul 17 11:25:44 2020]
Job 1: Simulating Spike sequence data with SANTA-SIM

[Fri Jul 17 11:26:44 2020]
Finished job 1.
1 of 2 steps (50%) done

[Fri Jul 17 11:26:44 2020]
localrule all:
    input: simulated_oc43_s1.fasta
    jobid: 0

[Fri Jul 17 11:26:44 2020]
Finished job 0.
2 of 2 steps (100%) done
Complete log: /Users/katekistler/nextstrain/seasonal-cov/santa-sim_oc43a-spike/.snakemake/log/2020-07-17T112544.468611.snakemake.log
