IQ-TREE multicore version 2.2.0-beta COVID-edition for Mac OS X 64-bit built Mar  3 2022 built Mar  3 2022
Developed by Bui Quang Minh, James Barbetti, Nguyen Lam Tung,
Olga Chernomor, Heiko Schmidt, Dominik Schrempf, Michael Woodhams, Ly Trong Nhan.

Host:    macbook-pro-2.fhcrc.org (SSE4.2, 8 GB RAM)
Command: iqtree2 -nt 1 -s results/aligned_nl63_s1-delim.fasta -m GTR -ninit 2 -n 2 -me 0.05
Seed:    264364 (Using SPRNG - Scalable Parallel Random Number Generator)
Time:    Fri May 13 12:37:27 2022
Kernel:  SSE2 - 1 threads (8 CPU cores detected)

HINT: Use -nt option to specify number of threads because your CPU has 8 cores!
HINT: -nt AUTO will automatically determine the best number of threads to use.

Reading alignment file results/aligned_nl63_s1-delim.fasta ... Fasta format detected
Reading fasta file: done in 0.00888109 secs using 92.52% CPU
Alignment most likely contains DNA/RNA sequences
Constructing alignment: done in 0.00350881 secs using 82.45% CPU
Alignment has 213 sequences with 2202 columns, 450 distinct patterns
222 parsimony-informative, 592 singleton sites, 1388 constant sites
                                                                                                                                                                                                                                                   Gap/Ambiguity  Composition  p-value
Analyzing sequences: done in 0.000123024 secs using 94.29% CPU
   1  nl63_DELIM-WJYYUWRVGLUJBSLGGREP_JX504050_DELIM-WJYYUWRVGLUJBSLGGREP_NL63_DELIM-WJYYUWRVGLUJBSLGGREP_RPTEC_DELIM-WJYYUWRVGLUJBSLGGREP_2004_DELIM-WJYYUWRVGLUJBSLGGREP_2004                                                                            0.00%    passed     99.56%
   2  nl63_DELIM-WJYYUWRVGLUJBSLGGREP_JQ765573_DELIM-WJYYUWRVGLUJBSLGGREP_NL63_DELIM-WJYYUWRVGLUJBSLGGREP_DEN_DELIM-WJYYUWRVGLUJBSLGGREP_2005_DELIM-WJYYUWRVGLUJBSLGGREP_1062_DELIM-WJYYUWRVGLUJBSLGGREP_2005                                              0.00%    passed     99.91%
   3  nl63_DELIM-WJYYUWRVGLUJBSLGGREP_JQ765568_DELIM-WJYYUWRVGLUJBSLGGREP_NL63_DELIM-WJYYUWRVGLUJBSLGGREP_DEN_DELIM-WJYYUWRVGLUJBSLGGREP_2005_DELIM-WJYYUWRVGLUJBSLGGREP_193_DELIM-WJYYUWRVGLUJBSLGGREP_2005                                               0.00%    passed     99.83%
   4  nl63_DELIM-WJYYUWRVGLUJBSLGGREP_KY862052_DELIM-WJYYUWRVGLUJBSLGGREP_NL63_DELIM-WJYYUWRVGLUJBSLGGREP_FRA_EPI_DELIM-WJYYUWRVGLUJBSLGGREP_Caen_DELIM-WJYYUWRVGLUJBSLGGREP_2005_DELIM-WJYYUWRVGLUJBSLGGREP_03_DELIM-WJYYUWRVGLUJBSLGGREP_2005            0.00%    passed     99.83%
   5  nl63_DELIM-WJYYUWRVGLUJBSLGGREP_JQ900259_DELIM-WJYYUWRVGLUJBSLGGREP_NL63_DELIM-WJYYUWRVGLUJBSLGGREP_DEN_DELIM-WJYYUWRVGLUJBSLGGREP_2005_DELIM-WJYYUWRVGLUJBSLGGREP_449_DELIM-WJYYUWRVGLUJBSLGGREP_2005                                               0.00%    passed     99.78%
   6  nl63_DELIM-WJYYUWRVGLUJBSLGGREP_JQ765575_DELIM-WJYYUWRVGLUJBSLGGREP_NL63_DELIM-WJYYUWRVGLUJBSLGGREP_DEN_DELIM-WJYYUWRVGLUJBSLGGREP_2005_DELIM-WJYYUWRVGLUJBSLGGREP_1876_DELIM-WJYYUWRVGLUJBSLGGREP_2005                                              0.00%    passed     99.91%
   7  nl63_DELIM-WJYYUWRVGLUJBSLGGREP_JQ765571_DELIM-WJYYUWRVGLUJBSLGGREP_NL63_DELIM-WJYYUWRVGLUJBSLGGREP_DEN_DELIM-WJYYUWRVGLUJBSLGGREP_2005_DELIM-WJYYUWRVGLUJBSLGGREP_271_DELIM-WJYYUWRVGLUJBSLGGREP_2005                                               0.00%    passed     99.20%
   8  nl63_DELIM-WJYYUWRVGLUJBSLGGREP_JQ765572_DELIM-WJYYUWRVGLUJBSLGGREP_NL63_DELIM-WJYYUWRVGLUJBSLGGREP_DEN_DELIM-WJYYUWRVGLUJBSLGGREP_2005_DELIM-WJYYUWRVGLUJBSLGGREP_347_DELIM-WJYYUWRVGLUJBSLGGREP_2005                                               0.00%    passed     99.28%
   9  nl63_DELIM-WJYYUWRVGLUJBSLGGREP_JQ900260_DELIM-WJYYUWRVGLUJBSLGGREP_NL63_DELIM-WJYYUWRVGLUJBSLGGREP_DEN_DELIM-WJYYUWRVGLUJBSLGGREP_2005_DELIM-WJYYUWRVGLUJBSLGGREP_1120_DELIM-WJYYUWRVGLUJBSLGGREP_2005                                             47.91%    passed     97.80%
  10  nl63_DELIM-WJYYUWRVGLUJBSLGGREP_KY554969_DELIM-WJYYUWRVGLUJBSLGGREP_N07_196B_DELIM-WJYYUWRVGLUJBSLGGREP_2016                                                                                                                                         0.00%    passed     99.90%
  11  nl63_DELIM-WJYYUWRVGLUJBSLGGREP_KY829118_DELIM-WJYYUWRVGLUJBSLGGREP_N07_262B_DELIM-WJYYUWRVGLUJBSLGGREP_2015                                                                                                                                         0.00%    passed     99.90%
  12  nl63_DELIM-WJYYUWRVGLUJBSLGGREP_KY862054_DELIM-WJYYUWRVGLUJBSLGGREP_NL63_DELIM-WJYYUWRVGLUJBSLGGREP_FRA_EPI_DELIM-WJYYUWRVGLUJBSLGGREP_Caen_DELIM-WJYYUWRVGLUJBSLGGREP_2004_DELIM-WJYYUWRVGLUJBSLGGREP_01_DELIM-WJYYUWRVGLUJBSLGGREP_2004            0.00%    passed     99.90%
  13  nl63_DELIM-WJYYUWRVGLUJBSLGGREP_KY862053_DELIM-WJYYUWRVGLUJBSLGGREP_NL63_DELIM-WJYYUWRVGLUJBSLGGREP_FRA_EPI_DELIM-WJYYUWRVGLUJBSLGGREP_Caen_DELIM-WJYYUWRVGLUJBSLGGREP_2004_DELIM-WJYYUWRVGLUJBSLGGREP_02_DELIM-WJYYUWRVGLUJBSLGGREP_2004            0.00%    passed     99.90%
  14  nl63_DELIM-WJYYUWRVGLUJBSLGGREP_KY554971_DELIM-WJYYUWRVGLUJBSLGGREP_N07_468B_176X_DELIM-WJYYUWRVGLUJBSLGGREP_2016                                                                                                                                    0.00%    passed     99.84%
  15  nl63_DELIM-WJYYUWRVGLUJBSLGGREP_JQ765574_DELIM-WJYYUWRVGLUJBSLGGREP_NL63_DELIM-WJYYUWRVGLUJBSLGGREP_DEN_DELIM-WJYYUWRVGLUJBSLGGREP_2005_DELIM-WJYYUWRVGLUJBSLGGREP_1862_DELIM-WJYYUWRVGLUJBSLGGREP_2005                                              0.00%    passed     99.91%
  16  nl63_DELIM-WJYYUWRVGLUJBSLGGREP_KF530105_DELIM-WJYYUWRVGLUJBSLGGREP_NL63_DELIM-WJYYUWRVGLUJBSLGGREP_human_DELIM-WJYYUWRVGLUJBSLGGREP_USA_DELIM-WJYYUWRVGLUJBSLGGREP_012_31_DELIM-WJYYUWRVGLUJBSLGGREP_2001_DELIM-WJYYUWRVGLUJBSLGGREP_2001           0.00%    passed     99.78%
  17  nl63_DELIM-WJYYUWRVGLUJBSLGGREP_KT266906_DELIM-WJYYUWRVGLUJBSLGGREP_HCoV_NL63_DELIM-WJYYUWRVGLUJBSLGGREP_Haiti_1_DELIM-WJYYUWRVGLUJBSLGGREP_2015_DELIM-WJYYUWRVGLUJBSLGGREP_2015                                                                     0.00%    passed     98.67%
  18  nl63_DELIM-WJYYUWRVGLUJBSLGGREP_KX179494_DELIM-WJYYUWRVGLUJBSLGGREP_NL63_DELIM-WJYYUWRVGLUJBSLGGREP_Haiti_2_DELIM-WJYYUWRVGLUJBSLGGREP_2015_DELIM-WJYYUWRVGLUJBSLGGREP_2015                                                                          0.00%    passed     98.67%
  19  nl63_DELIM-WJYYUWRVGLUJBSLGGREP_KX179495_DELIM-WJYYUWRVGLUJBSLGGREP_NL63_DELIM-WJYYUWRVGLUJBSLGGREP_Haiti_3_DELIM-WJYYUWRVGLUJBSLGGREP_2015_DELIM-WJYYUWRVGLUJBSLGGREP_2015                                                                          0.00%    passed     98.67%
  20  nl63_DELIM-WJYYUWRVGLUJBSLGGREP_KX179496_DELIM-WJYYUWRVGLUJBSLGGREP_NL63_DELIM-WJYYUWRVGLUJBSLGGREP_Haiti_4_DELIM-WJYYUWRVGLUJBSLGGREP_2015_DELIM-WJYYUWRVGLUJBSLGGREP_2015                                                                          0.00%    passed     98.67%
  21  nl63_DELIM-WJYYUWRVGLUJBSLGGREP_KF530110_DELIM-WJYYUWRVGLUJBSLGGREP_NL63_DELIM-WJYYUWRVGLUJBSLGGREP_human_DELIM-WJYYUWRVGLUJBSLGGREP_USA_DELIM-WJYYUWRVGLUJBSLGGREP_838_9_DELIM-WJYYUWRVGLUJBSLGGREP_1983_DELIM-WJYYUWRVGLUJBSLGGREP_1983            0.00%    passed     92.96%
  22  nl63_DELIM-WJYYUWRVGLUJBSLGGREP_KF530106_DELIM-WJYYUWRVGLUJBSLGGREP_NL63_DELIM-WJYYUWRVGLUJBSLGGREP_human_DELIM-WJYYUWRVGLUJBSLGGREP_USA_DELIM-WJYYUWRVGLUJBSLGGREP_8712_17_DELIM-WJYYUWRVGLUJBSLGGREP_1987_DELIM-WJYYUWRVGLUJBSLGGREP_1987          0.14%    passed     91.81%
  23  nl63_DELIM-WJYYUWRVGLUJBSLGGREP_KF530114_DELIM-WJYYUWRVGLUJBSLGGREP_NL63_DELIM-WJYYUWRVGLUJBSLGGREP_human_DELIM-WJYYUWRVGLUJBSLGGREP_USA_DELIM-WJYYUWRVGLUJBSLGGREP_891_4_DELIM-WJYYUWRVGLUJBSLGGREP_1989_DELIM-WJYYUWRVGLUJBSLGGREP_1989            0.14%    passed     93.48%
  24  nl63_DELIM-WJYYUWRVGLUJBSLGGREP_KF530108_DELIM-WJYYUWRVGLUJBSLGGREP_NL63_DELIM-WJYYUWRVGLUJBSLGGREP_human_DELIM-WJYYUWRVGLUJBSLGGREP_USA_DELIM-WJYYUWRVGLUJBSLGGREP_891_6_DELIM-WJYYUWRVGLUJBSLGGREP_1989_DELIM-WJYYUWRVGLUJBSLGGREP_1989            0.14%    passed     93.48%
  25  nl63_DELIM-WJYYUWRVGLUJBSLGGREP_KF530109_DELIM-WJYYUWRVGLUJBSLGGREP_NL63_DELIM-WJYYUWRVGLUJBSLGGREP_human_DELIM-WJYYUWRVGLUJBSLGGREP_USA_DELIM-WJYYUWRVGLUJBSLGGREP_903_28_DELIM-WJYYUWRVGLUJBSLGGREP_1990_DELIM-WJYYUWRVGLUJBSLGGREP_1990           0.14%    passed     93.48%
  26  nl63_DELIM-WJYYUWRVGLUJBSLGGREP_KF530104_DELIM-WJYYUWRVGLUJBSLGGREP_NL63_DELIM-WJYYUWRVGLUJBSLGGREP_human_DELIM-WJYYUWRVGLUJBSLGGREP_USA_DELIM-WJYYUWRVGLUJBSLGGREP_904_20_DELIM-WJYYUWRVGLUJBSLGGREP_1990_DELIM-WJYYUWRVGLUJBSLGGREP_1990           0.14%    passed     93.48%
  27  nl63_DELIM-WJYYUWRVGLUJBSLGGREP_KF530113_DELIM-WJYYUWRVGLUJBSLGGREP_NL63_DELIM-WJYYUWRVGLUJBSLGGREP_human_DELIM-WJYYUWRVGLUJBSLGGREP_USA_DELIM-WJYYUWRVGLUJBSLGGREP_905_25_DELIM-WJYYUWRVGLUJBSLGGREP_1990_DELIM-WJYYUWRVGLUJBSLGGREP_1990           0.14%    passed     93.48%
  28  nl63_DELIM-WJYYUWRVGLUJBSLGGREP_KF530107_DELIM-WJYYUWRVGLUJBSLGGREP_NL63_DELIM-WJYYUWRVGLUJBSLGGREP_human_DELIM-WJYYUWRVGLUJBSLGGREP_USA_DELIM-WJYYUWRVGLUJBSLGGREP_911_56_DELIM-WJYYUWRVGLUJBSLGGREP_1991_DELIM-WJYYUWRVGLUJBSLGGREP_1991           0.14%    passed     93.48%
  29  nl63_DELIM-WJYYUWRVGLUJBSLGGREP_KF530111_DELIM-WJYYUWRVGLUJBSLGGREP_NL63_DELIM-WJYYUWRVGLUJBSLGGREP_human_DELIM-WJYYUWRVGLUJBSLGGREP_USA_DELIM-WJYYUWRVGLUJBSLGGREP_901_24_DELIM-WJYYUWRVGLUJBSLGGREP_1990_DELIM-WJYYUWRVGLUJBSLGGREP_1990           0.14%    passed     93.48%
  30  nl63_DELIM-WJYYUWRVGLUJBSLGGREP_KM055632_DELIM-WJYYUWRVGLUJBSLGGREP_1014A_2008_DELIM-WJYYUWRVGLUJBSLGGREP_2008                                                                                                                                       0.00%    passed     99.97%
  31  nl63_DELIM-WJYYUWRVGLUJBSLGGREP_KM055634_DELIM-WJYYUWRVGLUJBSLGGREP_1023A_2008_DELIM-WJYYUWRVGLUJBSLGGREP_2008                                                                                                                                       0.00%    passed     99.97%
  32  nl63_DELIM-WJYYUWRVGLUJBSLGGREP_KM055635_DELIM-WJYYUWRVGLUJBSLGGREP_1093A_2008_DELIM-WJYYUWRVGLUJBSLGGREP_2008                                                                                                                                       0.00%    passed     99.98%
  33  nl63_DELIM-WJYYUWRVGLUJBSLGGREP_KT359893_DELIM-WJYYUWRVGLUJBSLGGREP_12MYKL1013_DELIM-WJYYUWRVGLUJBSLGGREP_2012                                                                                                                                      41.33%    passed     99.01%
  34  nl63_DELIM-WJYYUWRVGLUJBSLGGREP_KM055637_DELIM-WJYYUWRVGLUJBSLGGREP_945A_2008_DELIM-WJYYUWRVGLUJBSLGGREP_2008                                                                                                                                        0.00%    passed     99.98%
  35  nl63_DELIM-WJYYUWRVGLUJBSLGGREP_JQ900257_DELIM-WJYYUWRVGLUJBSLGGREP_NL63_DELIM-WJYYUWRVGLUJBSLGGREP_DEN_DELIM-WJYYUWRVGLUJBSLGGREP_2009_DELIM-WJYYUWRVGLUJBSLGGREP_31_DELIM-WJYYUWRVGLUJBSLGGREP_2009                                                0.00%    passed     99.98%
  36  nl63_DELIM-WJYYUWRVGLUJBSLGGREP_KY862043_DELIM-WJYYUWRVGLUJBSLGGREP_NL63_DELIM-WJYYUWRVGLUJBSLGGREP_FRA_EPI_DELIM-WJYYUWRVGLUJBSLGGREP_Caen_DELIM-WJYYUWRVGLUJBSLGGREP_2011_DELIM-WJYYUWRVGLUJBSLGGREP_12_DELIM-WJYYUWRVGLUJBSLGGREP_2011            0.00%    passed     99.98%
  37  nl63_DELIM-WJYYUWRVGLUJBSLGGREP_KM055633_DELIM-WJYYUWRVGLUJBSLGGREP_2093A_2010_DELIM-WJYYUWRVGLUJBSLGGREP_2010                                                                                                                                       0.00%    passed     99.96%
  38  nl63_DELIM-WJYYUWRVGLUJBSLGGREP_JX524171_DELIM-WJYYUWRVGLUJBSLGGREP_CBJ123_DELIM-WJYYUWRVGLUJBSLGGREP_2009                                                                                                                                           0.00%    passed     99.96%
  39  nl63_DELIM-WJYYUWRVGLUJBSLGGREP_KM055636_DELIM-WJYYUWRVGLUJBSLGGREP_940A_2008_DELIM-WJYYUWRVGLUJBSLGGREP_2008                                                                                                                                        0.00%    passed     99.94%
  40  nl63_DELIM-WJYYUWRVGLUJBSLGGREP_KM055649_DELIM-WJYYUWRVGLUJBSLGGREP_996A_2008_DELIM-WJYYUWRVGLUJBSLGGREP_2008                                                                                                                                        0.00%    passed    100.00%
  41  nl63_DELIM-WJYYUWRVGLUJBSLGGREP_MG356424_DELIM-WJYYUWRVGLUJBSLGGREP_Kilifi_DELIM-WJYYUWRVGLUJBSLGGREP_HH_DELIM-WJYYUWRVGLUJBSLGGREP_0511_DELIM-WJYYUWRVGLUJBSLGGREP_01_Jun_2010_DELIM-WJYYUWRVGLUJBSLGGREP_2010                                      2.36%    passed     99.24%
  42  nl63_DELIM-WJYYUWRVGLUJBSLGGREP_MG356426_DELIM-WJYYUWRVGLUJBSLGGREP_Kilifi_DELIM-WJYYUWRVGLUJBSLGGREP_HH_DELIM-WJYYUWRVGLUJBSLGGREP_0512_DELIM-WJYYUWRVGLUJBSLGGREP_04_Jun_2010_DELIM-WJYYUWRVGLUJBSLGGREP_2010                                      2.36%    passed     99.24%
  43  nl63_DELIM-WJYYUWRVGLUJBSLGGREP_MG356422_DELIM-WJYYUWRVGLUJBSLGGREP_Kilifi_DELIM-WJYYUWRVGLUJBSLGGREP_HH_DELIM-WJYYUWRVGLUJBSLGGREP_0522_DELIM-WJYYUWRVGLUJBSLGGREP_21_May_2010_DELIM-WJYYUWRVGLUJBSLGGREP_2010                                      2.36%    passed     99.24%
  44  nl63_DELIM-WJYYUWRVGLUJBSLGGREP_MG356417_DELIM-WJYYUWRVGLUJBSLGGREP_Kilifi_DELIM-WJYYUWRVGLUJBSLGGREP_HH_DELIM-WJYYUWRVGLUJBSLGGREP_1612_DELIM-WJYYUWRVGLUJBSLGGREP_18_May_2010_DELIM-WJYYUWRVGLUJBSLGGREP_2010                                      2.36%    passed     99.24%
  45  nl63_DELIM-WJYYUWRVGLUJBSLGGREP_MG356414_DELIM-WJYYUWRVGLUJBSLGGREP_Kilifi_DELIM-WJYYUWRVGLUJBSLGGREP_HH_DELIM-WJYYUWRVGLUJBSLGGREP_3807_DELIM-WJYYUWRVGLUJBSLGGREP_11_May_2010_DELIM-WJYYUWRVGLUJBSLGGREP_2010                                      2.36%    passed     99.24%
  46  nl63_DELIM-WJYYUWRVGLUJBSLGGREP_MG356423_DELIM-WJYYUWRVGLUJBSLGGREP_Kilifi_DELIM-WJYYUWRVGLUJBSLGGREP_HH_DELIM-WJYYUWRVGLUJBSLGGREP_3808_DELIM-WJYYUWRVGLUJBSLGGREP_24_May_2010_DELIM-WJYYUWRVGLUJBSLGGREP_2010                                      2.36%    passed     99.24%
  47  nl63_DELIM-WJYYUWRVGLUJBSLGGREP_MG356419_DELIM-WJYYUWRVGLUJBSLGGREP_Kilifi_DELIM-WJYYUWRVGLUJBSLGGREP_HH_DELIM-WJYYUWRVGLUJBSLGGREP_5402_DELIM-WJYYUWRVGLUJBSLGGREP_20_May_2010_DELIM-WJYYUWRVGLUJBSLGGREP_2010                                      2.36%    passed     99.24%
  48  nl63_DELIM-WJYYUWRVGLUJBSLGGREP_MG356416_DELIM-WJYYUWRVGLUJBSLGGREP_Kilifi_DELIM-WJYYUWRVGLUJBSLGGREP_HH_DELIM-WJYYUWRVGLUJBSLGGREP_5405_DELIM-WJYYUWRVGLUJBSLGGREP_15_May_2010_DELIM-WJYYUWRVGLUJBSLGGREP_2010                                      2.36%    passed     99.24%
  49  nl63_DELIM-WJYYUWRVGLUJBSLGGREP_MG356415_DELIM-WJYYUWRVGLUJBSLGGREP_Kilifi_DELIM-WJYYUWRVGLUJBSLGGREP_IP_DELIM-WJYYUWRVGLUJBSLGGREP_002_DELIM-WJYYUWRVGLUJBSLGGREP_14_May_2010_DELIM-WJYYUWRVGLUJBSLGGREP_2010                                       2.36%    passed     99.24%
  50  nl63_DELIM-WJYYUWRVGLUJBSLGGREP_MG356420_DELIM-WJYYUWRVGLUJBSLGGREP_Kilifi_DELIM-WJYYUWRVGLUJBSLGGREP_IP_DELIM-WJYYUWRVGLUJBSLGGREP_003_DELIM-WJYYUWRVGLUJBSLGGREP_20_May_2010_DELIM-WJYYUWRVGLUJBSLGGREP_2010                                       2.36%    passed     99.24%
  51  nl63_DELIM-WJYYUWRVGLUJBSLGGREP_MG356427_DELIM-WJYYUWRVGLUJBSLGGREP_Kilifi_DELIM-WJYYUWRVGLUJBSLGGREP_IP_DELIM-WJYYUWRVGLUJBSLGGREP_004_DELIM-WJYYUWRVGLUJBSLGGREP_20_Jun_2010_DELIM-WJYYUWRVGLUJBSLGGREP_2010                                       2.36%    passed     99.24%
  52  nl63_DELIM-WJYYUWRVGLUJBSLGGREP_MG356428_DELIM-WJYYUWRVGLUJBSLGGREP_Kilifi_DELIM-WJYYUWRVGLUJBSLGGREP_IP_DELIM-WJYYUWRVGLUJBSLGGREP_005_DELIM-WJYYUWRVGLUJBSLGGREP_09_Aug_2010_DELIM-WJYYUWRVGLUJBSLGGREP_2010                                       2.36%    passed     99.24%
  53  nl63_DELIM-WJYYUWRVGLUJBSLGGREP_MG428703_DELIM-WJYYUWRVGLUJBSLGGREP_Kilifi_HH_0511_01_Jun_2010_DELIM-WJYYUWRVGLUJBSLGGREP_2010                                                                                                                       0.00%    passed     99.94%
  54  nl63_DELIM-WJYYUWRVGLUJBSLGGREP_MG428701_DELIM-WJYYUWRVGLUJBSLGGREP_Kilifi_HH_0512_04_Jun_2010_DELIM-WJYYUWRVGLUJBSLGGREP_2010                                                                                                                       0.00%    passed     99.94%
  55  nl63_DELIM-WJYYUWRVGLUJBSLGGREP_MG428705_DELIM-WJYYUWRVGLUJBSLGGREP_Kilifi_HH_0522_21_May_2010_DELIM-WJYYUWRVGLUJBSLGGREP_2010                                                                                                                       0.00%    passed     99.94%
  56  nl63_DELIM-WJYYUWRVGLUJBSLGGREP_MG428700_DELIM-WJYYUWRVGLUJBSLGGREP_Kilifi_HH_1602_01_Jun_2010_DELIM-WJYYUWRVGLUJBSLGGREP_2010                                                                                                                       0.00%    passed     99.94%
  57  nl63_DELIM-WJYYUWRVGLUJBSLGGREP_MG428702_DELIM-WJYYUWRVGLUJBSLGGREP_Kilifi_HH_3807_11_May_2010_DELIM-WJYYUWRVGLUJBSLGGREP_2010                                                                                                                       0.00%    passed     99.94%
  58  nl63_DELIM-WJYYUWRVGLUJBSLGGREP_MG428706_DELIM-WJYYUWRVGLUJBSLGGREP_Kilifi_HH_3808_24_May_2010_DELIM-WJYYUWRVGLUJBSLGGREP_2010                                                                                                                       0.00%    passed     99.94%
  59  nl63_DELIM-WJYYUWRVGLUJBSLGGREP_MG428704_DELIM-WJYYUWRVGLUJBSLGGREP_Kilifi_HH_5402_20_May_2010_DELIM-WJYYUWRVGLUJBSLGGREP_2010                                                                                                                       0.00%    passed     99.94%
  60  nl63_DELIM-WJYYUWRVGLUJBSLGGREP_MG356418_DELIM-WJYYUWRVGLUJBSLGGREP_Kilifi_DELIM-WJYYUWRVGLUJBSLGGREP_HH_DELIM-WJYYUWRVGLUJBSLGGREP_5709_DELIM-WJYYUWRVGLUJBSLGGREP_19_May_2010_DELIM-WJYYUWRVGLUJBSLGGREP_2010                                      2.36%    passed     99.28%
  61  nl63_DELIM-WJYYUWRVGLUJBSLGGREP_MG428699_DELIM-WJYYUWRVGLUJBSLGGREP_Kilifi_HH_5709_19_May_2010_DELIM-WJYYUWRVGLUJBSLGGREP_2010                                                                                                                       0.00%    passed     99.81%
  62  nl63_DELIM-WJYYUWRVGLUJBSLGGREP_KX179500_DELIM-WJYYUWRVGLUJBSLGGREP_NL63_DELIM-WJYYUWRVGLUJBSLGGREP_UF_2_DELIM-WJYYUWRVGLUJBSLGGREP_2015_DELIM-WJYYUWRVGLUJBSLGGREP_2015                                                                             0.00%    passed     99.98%
  63  nl63_DELIM-WJYYUWRVGLUJBSLGGREP_KY862039_DELIM-WJYYUWRVGLUJBSLGGREP_NL63_DELIM-WJYYUWRVGLUJBSLGGREP_FRA_EPI_DELIM-WJYYUWRVGLUJBSLGGREP_Caen_DELIM-WJYYUWRVGLUJBSLGGREP_2013_DELIM-WJYYUWRVGLUJBSLGGREP_16_DELIM-WJYYUWRVGLUJBSLGGREP_2013            0.00%    passed     99.97%
  64  nl63_DELIM-WJYYUWRVGLUJBSLGGREP_MG428707_DELIM-WJYYUWRVGLUJBSLGGREP_Kilifi_HH_5401_20_May_2010_DELIM-WJYYUWRVGLUJBSLGGREP_2010                                                                                                                       3.86%    passed     99.68%
  65  nl63_DELIM-WJYYUWRVGLUJBSLGGREP_KM055650_DELIM-WJYYUWRVGLUJBSLGGREP_930A_2008_DELIM-WJYYUWRVGLUJBSLGGREP_2008                                                                                                                                        0.00%    passed     99.92%
  66  nl63_DELIM-WJYYUWRVGLUJBSLGGREP_JX104161_DELIM-WJYYUWRVGLUJBSLGGREP_CBJ_037_DELIM-WJYYUWRVGLUJBSLGGREP_2008                                                                                                                                          0.00%    passed     99.82%
  67  nl63_DELIM-WJYYUWRVGLUJBSLGGREP_KT359912_DELIM-WJYYUWRVGLUJBSLGGREP_13MYKL1870_DELIM-WJYYUWRVGLUJBSLGGREP_2013                                                                                                                                      41.33%    passed     99.19%
  68  nl63_DELIM-WJYYUWRVGLUJBSLGGREP_KM055647_DELIM-WJYYUWRVGLUJBSLGGREP_188A_2007_DELIM-WJYYUWRVGLUJBSLGGREP_2007                                                                                                                                        0.00%    passed     99.97%
  69  nl63_DELIM-WJYYUWRVGLUJBSLGGREP_KM055639_DELIM-WJYYUWRVGLUJBSLGGREP_197A_2007_DELIM-WJYYUWRVGLUJBSLGGREP_2007                                                                                                                                        0.00%    passed     99.97%
  70  nl63_DELIM-WJYYUWRVGLUJBSLGGREP_KM055640_DELIM-WJYYUWRVGLUJBSLGGREP_225A_2007_DELIM-WJYYUWRVGLUJBSLGGREP_2007                                                                                                                                        0.00%    passed     99.97%
  71  nl63_DELIM-WJYYUWRVGLUJBSLGGREP_KM055641_DELIM-WJYYUWRVGLUJBSLGGREP_236A_2007_DELIM-WJYYUWRVGLUJBSLGGREP_2007                                                                                                                                        0.00%    passed     99.97%
  72  nl63_DELIM-WJYYUWRVGLUJBSLGGREP_KM055642_DELIM-WJYYUWRVGLUJBSLGGREP_277A_2007_DELIM-WJYYUWRVGLUJBSLGGREP_2007                                                                                                                                        0.00%    passed     99.97%
  73  nl63_DELIM-WJYYUWRVGLUJBSLGGREP_KM055645_DELIM-WJYYUWRVGLUJBSLGGREP_909A_2008_DELIM-WJYYUWRVGLUJBSLGGREP_2008                                                                                                                                        0.00%    passed     99.97%
  74  nl63_DELIM-WJYYUWRVGLUJBSLGGREP_KY862042_DELIM-WJYYUWRVGLUJBSLGGREP_NL63_DELIM-WJYYUWRVGLUJBSLGGREP_FRA_EPI_DELIM-WJYYUWRVGLUJBSLGGREP_Caen_DELIM-WJYYUWRVGLUJBSLGGREP_2012_DELIM-WJYYUWRVGLUJBSLGGREP_13_DELIM-WJYYUWRVGLUJBSLGGREP_2012            0.00%    passed     99.97%
  75  nl63_DELIM-WJYYUWRVGLUJBSLGGREP_KM055638_DELIM-WJYYUWRVGLUJBSLGGREP_180A_2007_DELIM-WJYYUWRVGLUJBSLGGREP_2007                                                                                                                                        0.00%    passed     99.97%
  76  nl63_DELIM-WJYYUWRVGLUJBSLGGREP_KM055644_DELIM-WJYYUWRVGLUJBSLGGREP_374A_2007_DELIM-WJYYUWRVGLUJBSLGGREP_2007                                                                                                                                        0.00%    passed     99.97%
  77  nl63_DELIM-WJYYUWRVGLUJBSLGGREP_KM055648_DELIM-WJYYUWRVGLUJBSLGGREP_954A_2008_DELIM-WJYYUWRVGLUJBSLGGREP_2008                                                                                                                                        0.00%    passed     99.92%
  78  nl63_DELIM-WJYYUWRVGLUJBSLGGREP_JQ900255_DELIM-WJYYUWRVGLUJBSLGGREP_NL63_DELIM-WJYYUWRVGLUJBSLGGREP_DEN_DELIM-WJYYUWRVGLUJBSLGGREP_2009_DELIM-WJYYUWRVGLUJBSLGGREP_6_DELIM-WJYYUWRVGLUJBSLGGREP_2009                                                 1.27%    passed     99.56%
  79  nl63_DELIM-WJYYUWRVGLUJBSLGGREP_KY862041_DELIM-WJYYUWRVGLUJBSLGGREP_NL63_DELIM-WJYYUWRVGLUJBSLGGREP_FRA_EPI_DELIM-WJYYUWRVGLUJBSLGGREP_Caen_DELIM-WJYYUWRVGLUJBSLGGREP_2012_DELIM-WJYYUWRVGLUJBSLGGREP_14_DELIM-WJYYUWRVGLUJBSLGGREP_2012            0.18%    passed     99.97%
  80  nl63_DELIM-WJYYUWRVGLUJBSLGGREP_KY862049_DELIM-WJYYUWRVGLUJBSLGGREP_NL63_DELIM-WJYYUWRVGLUJBSLGGREP_FRA_EPI_DELIM-WJYYUWRVGLUJBSLGGREP_Caen_DELIM-WJYYUWRVGLUJBSLGGREP_2008_DELIM-WJYYUWRVGLUJBSLGGREP_06_DELIM-WJYYUWRVGLUJBSLGGREP_2008            0.00%    passed     99.97%
  81  nl63_DELIM-WJYYUWRVGLUJBSLGGREP_JQ765566_DELIM-WJYYUWRVGLUJBSLGGREP_NL63_DELIM-WJYYUWRVGLUJBSLGGREP_DEN_DELIM-WJYYUWRVGLUJBSLGGREP_2008_DELIM-WJYYUWRVGLUJBSLGGREP_16_DELIM-WJYYUWRVGLUJBSLGGREP_2008                                                0.00%    passed     99.92%
  82  nl63_DELIM-WJYYUWRVGLUJBSLGGREP_KT359872_DELIM-WJYYUWRVGLUJBSLGGREP_12MYKL0280_DELIM-WJYYUWRVGLUJBSLGGREP_2012                                                                                                                                      41.33%    passed     98.96%
  83  nl63_DELIM-WJYYUWRVGLUJBSLGGREP_KT359881_DELIM-WJYYUWRVGLUJBSLGGREP_12MYKL0802_DELIM-WJYYUWRVGLUJBSLGGREP_2012                                                                                                                                      41.33%    passed     98.96%
  84  nl63_DELIM-WJYYUWRVGLUJBSLGGREP_KT359888_DELIM-WJYYUWRVGLUJBSLGGREP_12MYKL0943_DELIM-WJYYUWRVGLUJBSLGGREP_2012                                                                                                                                      41.33%    passed     98.96%
  85  nl63_DELIM-WJYYUWRVGLUJBSLGGREP_KT359896_DELIM-WJYYUWRVGLUJBSLGGREP_12MYKL1079_DELIM-WJYYUWRVGLUJBSLGGREP_2012                                                                                                                                      41.33%    passed     98.96%
  86  nl63_DELIM-WJYYUWRVGLUJBSLGGREP_KT359900_DELIM-WJYYUWRVGLUJBSLGGREP_12MYKL1195_DELIM-WJYYUWRVGLUJBSLGGREP_2012                                                                                                                                      41.33%    passed     98.96%
  87  nl63_DELIM-WJYYUWRVGLUJBSLGGREP_KT359905_DELIM-WJYYUWRVGLUJBSLGGREP_12MYKL1253_DELIM-WJYYUWRVGLUJBSLGGREP_2012                                                                                                                                      41.33%    passed     98.96%
  88  nl63_DELIM-WJYYUWRVGLUJBSLGGREP_KT359906_DELIM-WJYYUWRVGLUJBSLGGREP_12MYKL1336_DELIM-WJYYUWRVGLUJBSLGGREP_2012                                                                                                                                      41.33%    passed     99.01%
  89  nl63_DELIM-WJYYUWRVGLUJBSLGGREP_KT359907_DELIM-WJYYUWRVGLUJBSLGGREP_12MYKL1337_DELIM-WJYYUWRVGLUJBSLGGREP_2012                                                                                                                                      41.33%    passed     99.01%
  90  nl63_DELIM-WJYYUWRVGLUJBSLGGREP_KT359879_DELIM-WJYYUWRVGLUJBSLGGREP_12MYKL0779_DELIM-WJYYUWRVGLUJBSLGGREP_2012                                                                                                                                      41.33%    passed     98.90%
  91  nl63_DELIM-WJYYUWRVGLUJBSLGGREP_KT359913_DELIM-WJYYUWRVGLUJBSLGGREP_13MYKL2005_DELIM-WJYYUWRVGLUJBSLGGREP_2013                                                                                                                                      41.33%    passed     99.01%
  92  nl63_DELIM-WJYYUWRVGLUJBSLGGREP_KT359877_DELIM-WJYYUWRVGLUJBSLGGREP_12MYKL0750_DELIM-WJYYUWRVGLUJBSLGGREP_2012                                                                                                                                      41.33%    passed     98.90%
  93  nl63_DELIM-WJYYUWRVGLUJBSLGGREP_KT359895_DELIM-WJYYUWRVGLUJBSLGGREP_12MYKL1064_DELIM-WJYYUWRVGLUJBSLGGREP_2012                                                                                                                                      41.33%    passed     98.90%
  94  nl63_DELIM-WJYYUWRVGLUJBSLGGREP_KT359880_DELIM-WJYYUWRVGLUJBSLGGREP_12MYKL0809_DELIM-WJYYUWRVGLUJBSLGGREP_2012                                                                                                                                      41.33%    passed     98.57%
  95  nl63_DELIM-WJYYUWRVGLUJBSLGGREP_KT359908_DELIM-WJYYUWRVGLUJBSLGGREP_12MYKL1350_DELIM-WJYYUWRVGLUJBSLGGREP_2012                                                                                                                                      41.33%    passed     98.96%
  96  nl63_DELIM-WJYYUWRVGLUJBSLGGREP_JX513253_DELIM-WJYYUWRVGLUJBSLGGREP_CU_H1996_DELIM-WJYYUWRVGLUJBSLGGREP_2010_DELIM-WJYYUWRVGLUJBSLGGREP_2010                                                                                                        14.44%    passed     98.46%
  97  nl63_DELIM-WJYYUWRVGLUJBSLGGREP_MG356421_DELIM-WJYYUWRVGLUJBSLGGREP_Kilifi_DELIM-WJYYUWRVGLUJBSLGGREP_HH_DELIM-WJYYUWRVGLUJBSLGGREP_5401_DELIM-WJYYUWRVGLUJBSLGGREP_20_May_2010_DELIM-WJYYUWRVGLUJBSLGGREP_2010                                      2.36%    passed     99.56%
  98  nl63_DELIM-WJYYUWRVGLUJBSLGGREP_KY554967_DELIM-WJYYUWRVGLUJBSLGGREP_N06_1144B_DELIM-WJYYUWRVGLUJBSLGGREP_2016                                                                                                                                        0.00%    passed     99.97%
  99  nl63_DELIM-WJYYUWRVGLUJBSLGGREP_KY554968_DELIM-WJYYUWRVGLUJBSLGGREP_N07_185B_DELIM-WJYYUWRVGLUJBSLGGREP_2016                                                                                                                                         0.00%    passed     99.97%
 100  nl63_DELIM-WJYYUWRVGLUJBSLGGREP_KY674916_DELIM-WJYYUWRVGLUJBSLGGREP_N07_64B_DELIM-WJYYUWRVGLUJBSLGGREP_2016                                                                                                                                          0.00%    passed     99.97%
 101  nl63_DELIM-WJYYUWRVGLUJBSLGGREP_KY674915_DELIM-WJYYUWRVGLUJBSLGGREP_N07_6B_DELIM-WJYYUWRVGLUJBSLGGREP_2016                                                                                                                                           0.00%    passed     99.97%
 102  nl63_DELIM-WJYYUWRVGLUJBSLGGREP_KY554970_DELIM-WJYYUWRVGLUJBSLGGREP_N07_324B_182X_DELIM-WJYYUWRVGLUJBSLGGREP_2016                                                                                                                                    0.00%    passed     99.96%
 103  nl63_DELIM-WJYYUWRVGLUJBSLGGREP_MG356429_DELIM-WJYYUWRVGLUJBSLGGREP_Kilifi_DELIM-WJYYUWRVGLUJBSLGGREP_IP_DELIM-WJYYUWRVGLUJBSLGGREP_006_DELIM-WJYYUWRVGLUJBSLGGREP_28_Mar_2011_DELIM-WJYYUWRVGLUJBSLGGREP_2011                                       2.36%    passed     99.03%
 104  nl63_DELIM-WJYYUWRVGLUJBSLGGREP_MG356431_DELIM-WJYYUWRVGLUJBSLGGREP_Kilifi_DELIM-WJYYUWRVGLUJBSLGGREP_IP_DELIM-WJYYUWRVGLUJBSLGGREP_008_DELIM-WJYYUWRVGLUJBSLGGREP_12_May_2011_DELIM-WJYYUWRVGLUJBSLGGREP_2011                                       2.36%    passed     99.03%
 105  nl63_DELIM-WJYYUWRVGLUJBSLGGREP_MG356446_DELIM-WJYYUWRVGLUJBSLGGREP_Kilifi_DELIM-WJYYUWRVGLUJBSLGGREP_IP_DELIM-WJYYUWRVGLUJBSLGGREP_023_DELIM-WJYYUWRVGLUJBSLGGREP_18_Jun_2013_DELIM-WJYYUWRVGLUJBSLGGREP_2013                                       2.36%    passed     99.03%
 106  nl63_DELIM-WJYYUWRVGLUJBSLGGREP_MG356435_DELIM-WJYYUWRVGLUJBSLGGREP_Kilifi_DELIM-WJYYUWRVGLUJBSLGGREP_IP_DELIM-WJYYUWRVGLUJBSLGGREP_012_DELIM-WJYYUWRVGLUJBSLGGREP_15_Jun_2012_DELIM-WJYYUWRVGLUJBSLGGREP_2012                                       2.36%    passed     99.19%
 107  nl63_DELIM-WJYYUWRVGLUJBSLGGREP_MG356443_DELIM-WJYYUWRVGLUJBSLGGREP_Kilifi_DELIM-WJYYUWRVGLUJBSLGGREP_IP_DELIM-WJYYUWRVGLUJBSLGGREP_020_DELIM-WJYYUWRVGLUJBSLGGREP_25_May_2013_DELIM-WJYYUWRVGLUJBSLGGREP_2013                                       2.36%    passed     98.75%
 108  nl63_DELIM-WJYYUWRVGLUJBSLGGREP_MG356432_DELIM-WJYYUWRVGLUJBSLGGREP_Kilifi_DELIM-WJYYUWRVGLUJBSLGGREP_IP_DELIM-WJYYUWRVGLUJBSLGGREP_009_DELIM-WJYYUWRVGLUJBSLGGREP_20_May_2011_DELIM-WJYYUWRVGLUJBSLGGREP_2011                                       2.36%    passed     99.03%
 109  nl63_DELIM-WJYYUWRVGLUJBSLGGREP_MG356437_DELIM-WJYYUWRVGLUJBSLGGREP_Kilifi_DELIM-WJYYUWRVGLUJBSLGGREP_IP_DELIM-WJYYUWRVGLUJBSLGGREP_014_DELIM-WJYYUWRVGLUJBSLGGREP_21_Aug_2012_DELIM-WJYYUWRVGLUJBSLGGREP_2012                                       2.36%    passed     99.04%
 110  nl63_DELIM-WJYYUWRVGLUJBSLGGREP_JX513249_DELIM-WJYYUWRVGLUJBSLGGREP_CU_H1694_DELIM-WJYYUWRVGLUJBSLGGREP_2010_DELIM-WJYYUWRVGLUJBSLGGREP_2010                                                                                                        14.44%    passed     97.15%
 111  nl63_DELIM-WJYYUWRVGLUJBSLGGREP_JX513255_DELIM-WJYYUWRVGLUJBSLGGREP_CU_H2007_DELIM-WJYYUWRVGLUJBSLGGREP_2010_DELIM-WJYYUWRVGLUJBSLGGREP_2010                                                                                                        13.49%    passed     98.79%
 112  nl63_DELIM-WJYYUWRVGLUJBSLGGREP_MG356425_DELIM-WJYYUWRVGLUJBSLGGREP_Kilifi_DELIM-WJYYUWRVGLUJBSLGGREP_HH_DELIM-WJYYUWRVGLUJBSLGGREP_0503_DELIM-WJYYUWRVGLUJBSLGGREP_04_Jun_2010_DELIM-WJYYUWRVGLUJBSLGGREP_2010                                      2.36%    passed     98.88%
 113  nl63_DELIM-WJYYUWRVGLUJBSLGGREP_JQ765567_DELIM-WJYYUWRVGLUJBSLGGREP_NL63_DELIM-WJYYUWRVGLUJBSLGGREP_DEN_DELIM-WJYYUWRVGLUJBSLGGREP_2009_DELIM-WJYYUWRVGLUJBSLGGREP_20_DELIM-WJYYUWRVGLUJBSLGGREP_2009                                                0.05%    passed     99.98%
 114  nl63_DELIM-WJYYUWRVGLUJBSLGGREP_JQ771055_DELIM-WJYYUWRVGLUJBSLGGREP_NL63_DELIM-WJYYUWRVGLUJBSLGGREP_DEN_DELIM-WJYYUWRVGLUJBSLGGREP_2010_DELIM-WJYYUWRVGLUJBSLGGREP_20_DELIM-WJYYUWRVGLUJBSLGGREP_2010                                                0.00%    passed     99.98%
 115  nl63_DELIM-WJYYUWRVGLUJBSLGGREP_JQ771058_DELIM-WJYYUWRVGLUJBSLGGREP_NL63_DELIM-WJYYUWRVGLUJBSLGGREP_DEN_DELIM-WJYYUWRVGLUJBSLGGREP_2010_DELIM-WJYYUWRVGLUJBSLGGREP_31_DELIM-WJYYUWRVGLUJBSLGGREP_2010                                                0.00%    passed     99.98%
 116  nl63_DELIM-WJYYUWRVGLUJBSLGGREP_JQ771057_DELIM-WJYYUWRVGLUJBSLGGREP_NL63_DELIM-WJYYUWRVGLUJBSLGGREP_DEN_DELIM-WJYYUWRVGLUJBSLGGREP_2010_DELIM-WJYYUWRVGLUJBSLGGREP_28_DELIM-WJYYUWRVGLUJBSLGGREP_2010                                                0.00%    passed     99.94%
 117  nl63_DELIM-WJYYUWRVGLUJBSLGGREP_JQ771059_DELIM-WJYYUWRVGLUJBSLGGREP_NL63_DELIM-WJYYUWRVGLUJBSLGGREP_DEN_DELIM-WJYYUWRVGLUJBSLGGREP_2010_DELIM-WJYYUWRVGLUJBSLGGREP_35_DELIM-WJYYUWRVGLUJBSLGGREP_2010                                                0.00%    passed     99.98%
 118  nl63_DELIM-WJYYUWRVGLUJBSLGGREP_KT381875_DELIM-WJYYUWRVGLUJBSLGGREP_NL63_DELIM-WJYYUWRVGLUJBSLGGREP_UF_1_DELIM-WJYYUWRVGLUJBSLGGREP_2015_DELIM-WJYYUWRVGLUJBSLGGREP_2015                                                                             0.00%    passed     99.97%
 119  nl63_DELIM-WJYYUWRVGLUJBSLGGREP_KU521535_DELIM-WJYYUWRVGLUJBSLGGREP_NL63_DELIM-WJYYUWRVGLUJBSLGGREP_UF_2_DELIM-WJYYUWRVGLUJBSLGGREP_2015_DELIM-WJYYUWRVGLUJBSLGGREP_2015                                                                             0.00%    passed     99.97%
 120  nl63_DELIM-WJYYUWRVGLUJBSLGGREP_MG356434_DELIM-WJYYUWRVGLUJBSLGGREP_Kilifi_DELIM-WJYYUWRVGLUJBSLGGREP_IP_DELIM-WJYYUWRVGLUJBSLGGREP_011_DELIM-WJYYUWRVGLUJBSLGGREP_26_Jul_2011_DELIM-WJYYUWRVGLUJBSLGGREP_2011                                       2.36%    passed     97.97%
 121  nl63_DELIM-WJYYUWRVGLUJBSLGGREP_MK334043_DELIM-WJYYUWRVGLUJBSLGGREP_ChinaGD02_DELIM-WJYYUWRVGLUJBSLGGREP_2018                                                                                                                                        0.14%    passed    100.00%
 122  nl63_DELIM-WJYYUWRVGLUJBSLGGREP_MK334044_DELIM-WJYYUWRVGLUJBSLGGREP_ChinaGD03_DELIM-WJYYUWRVGLUJBSLGGREP_2018                                                                                                                                        0.14%    passed    100.00%
 123  nl63_DELIM-WJYYUWRVGLUJBSLGGREP_MK342131_DELIM-WJYYUWRVGLUJBSLGGREP_ChinaGD12_DELIM-WJYYUWRVGLUJBSLGGREP_2018                                                                                                                                       20.03%    passed     96.97%
 124  nl63_DELIM-WJYYUWRVGLUJBSLGGREP_MK342132_DELIM-WJYYUWRVGLUJBSLGGREP_ChinaGD13_DELIM-WJYYUWRVGLUJBSLGGREP_2018                                                                                                                                       20.03%    passed     96.97%
 125  nl63_DELIM-WJYYUWRVGLUJBSLGGREP_MK342133_DELIM-WJYYUWRVGLUJBSLGGREP_ChinaGD14_DELIM-WJYYUWRVGLUJBSLGGREP_2018                                                                                                                                       20.03%    passed     96.97%
 126  nl63_DELIM-WJYYUWRVGLUJBSLGGREP_MG356447_DELIM-WJYYUWRVGLUJBSLGGREP_Kilifi_DELIM-WJYYUWRVGLUJBSLGGREP_IP_DELIM-WJYYUWRVGLUJBSLGGREP_024_DELIM-WJYYUWRVGLUJBSLGGREP_09_Dec_2013_DELIM-WJYYUWRVGLUJBSLGGREP_2013                                       2.50%    passed     99.79%
 127  nl63_DELIM-WJYYUWRVGLUJBSLGGREP_MG356448_DELIM-WJYYUWRVGLUJBSLGGREP_Kilifi_DELIM-WJYYUWRVGLUJBSLGGREP_IP_DELIM-WJYYUWRVGLUJBSLGGREP_025_DELIM-WJYYUWRVGLUJBSLGGREP_21_Jan_2014_DELIM-WJYYUWRVGLUJBSLGGREP_2014                                       2.50%    passed     99.79%
 128  nl63_DELIM-WJYYUWRVGLUJBSLGGREP_MG356449_DELIM-WJYYUWRVGLUJBSLGGREP_Kilifi_DELIM-WJYYUWRVGLUJBSLGGREP_IP_DELIM-WJYYUWRVGLUJBSLGGREP_026_DELIM-WJYYUWRVGLUJBSLGGREP_24_Jan_2014_DELIM-WJYYUWRVGLUJBSLGGREP_2014                                       2.50%    passed     99.79%
 129  nl63_DELIM-WJYYUWRVGLUJBSLGGREP_MG356451_DELIM-WJYYUWRVGLUJBSLGGREP_Kilifi_DELIM-WJYYUWRVGLUJBSLGGREP_IP_DELIM-WJYYUWRVGLUJBSLGGREP_028_DELIM-WJYYUWRVGLUJBSLGGREP_21_Feb_2014_DELIM-WJYYUWRVGLUJBSLGGREP_2014                                       2.50%    passed     99.79%
 130  nl63_DELIM-WJYYUWRVGLUJBSLGGREP_KY862040_DELIM-WJYYUWRVGLUJBSLGGREP_NL63_DELIM-WJYYUWRVGLUJBSLGGREP_FRA_EPI_DELIM-WJYYUWRVGLUJBSLGGREP_Caen_DELIM-WJYYUWRVGLUJBSLGGREP_2013_DELIM-WJYYUWRVGLUJBSLGGREP_15_DELIM-WJYYUWRVGLUJBSLGGREP_2013            0.14%    passed     99.93%
 131  nl63_DELIM-WJYYUWRVGLUJBSLGGREP_KY862038_DELIM-WJYYUWRVGLUJBSLGGREP_NL63_DELIM-WJYYUWRVGLUJBSLGGREP_FRA_EPI_DELIM-WJYYUWRVGLUJBSLGGREP_Caen_DELIM-WJYYUWRVGLUJBSLGGREP_2014_DELIM-WJYYUWRVGLUJBSLGGREP_17_DELIM-WJYYUWRVGLUJBSLGGREP_2014            0.14%    passed     99.93%
 132  nl63_DELIM-WJYYUWRVGLUJBSLGGREP_MG356450_DELIM-WJYYUWRVGLUJBSLGGREP_Kilifi_DELIM-WJYYUWRVGLUJBSLGGREP_IP_DELIM-WJYYUWRVGLUJBSLGGREP_027_DELIM-WJYYUWRVGLUJBSLGGREP_26_Jan_2014_DELIM-WJYYUWRVGLUJBSLGGREP_2014                                       2.50%    passed     99.90%
 133  nl63_DELIM-WJYYUWRVGLUJBSLGGREP_KY862037_DELIM-WJYYUWRVGLUJBSLGGREP_NL63_DELIM-WJYYUWRVGLUJBSLGGREP_FRA_EPI_DELIM-WJYYUWRVGLUJBSLGGREP_Caen_DELIM-WJYYUWRVGLUJBSLGGREP_2014_DELIM-WJYYUWRVGLUJBSLGGREP_18_DELIM-WJYYUWRVGLUJBSLGGREP_2014            0.14%    passed     99.87%
 134  nl63_DELIM-WJYYUWRVGLUJBSLGGREP_MG356452_DELIM-WJYYUWRVGLUJBSLGGREP_Kilifi_DELIM-WJYYUWRVGLUJBSLGGREP_IP_DELIM-WJYYUWRVGLUJBSLGGREP_029_DELIM-WJYYUWRVGLUJBSLGGREP_27_May_2014_DELIM-WJYYUWRVGLUJBSLGGREP_2014                                       2.50%    passed     99.82%
 135  nl63_DELIM-WJYYUWRVGLUJBSLGGREP_KY862036_DELIM-WJYYUWRVGLUJBSLGGREP_NL63_DELIM-WJYYUWRVGLUJBSLGGREP_FRA_EPI_DELIM-WJYYUWRVGLUJBSLGGREP_Caen_DELIM-WJYYUWRVGLUJBSLGGREP_2015_DELIM-WJYYUWRVGLUJBSLGGREP_19_DELIM-WJYYUWRVGLUJBSLGGREP_2015            0.14%    passed     99.81%
 136  nl63_DELIM-WJYYUWRVGLUJBSLGGREP_MN306018_DELIM-WJYYUWRVGLUJBSLGGREP_HCoV_NL63_DELIM-WJYYUWRVGLUJBSLGGREP_Seattle_DELIM-WJYYUWRVGLUJBSLGGREP_USA_DELIM-WJYYUWRVGLUJBSLGGREP_SC0179_DELIM-WJYYUWRVGLUJBSLGGREP_2018_DELIM-WJYYUWRVGLUJBSLGGREP_2018    3.72%    passed     98.76%
 137  nl63_DELIM-WJYYUWRVGLUJBSLGGREP_MN306040_DELIM-WJYYUWRVGLUJBSLGGREP_HCoV_NL63_DELIM-WJYYUWRVGLUJBSLGGREP_Seattle_DELIM-WJYYUWRVGLUJBSLGGREP_USA_DELIM-WJYYUWRVGLUJBSLGGREP_SC0768_DELIM-WJYYUWRVGLUJBSLGGREP_2019_DELIM-WJYYUWRVGLUJBSLGGREP_2019    0.23%    passed     99.50%
 138  nl63_DELIM-WJYYUWRVGLUJBSLGGREP_MK334045_DELIM-WJYYUWRVGLUJBSLGGREP_ChinaGD05_DELIM-WJYYUWRVGLUJBSLGGREP_2018                                                                                                                                        0.05%    passed     99.48%
 139  nl63_DELIM-WJYYUWRVGLUJBSLGGREP_MK342130_DELIM-WJYYUWRVGLUJBSLGGREP_ChinaGD11_DELIM-WJYYUWRVGLUJBSLGGREP_2018                                                                                                                                       19.89%    passed     96.56%
 140  nl63_DELIM-WJYYUWRVGLUJBSLGGREP_MK342129_DELIM-WJYYUWRVGLUJBSLGGREP_ChinaGD10_DELIM-WJYYUWRVGLUJBSLGGREP_2018                                                                                                                                       19.89%    passed     97.07%
 141  nl63_DELIM-WJYYUWRVGLUJBSLGGREP_KM055643_DELIM-WJYYUWRVGLUJBSLGGREP_971A_2008_DELIM-WJYYUWRVGLUJBSLGGREP_2008                                                                                                                                        0.00%    passed     91.03%
 142  nl63_DELIM-WJYYUWRVGLUJBSLGGREP_KM055646_DELIM-WJYYUWRVGLUJBSLGGREP_990A_2008_DELIM-WJYYUWRVGLUJBSLGGREP_2008                                                                                                                                        0.00%    passed     94.55%
 143  nl63_DELIM-WJYYUWRVGLUJBSLGGREP_KT359873_DELIM-WJYYUWRVGLUJBSLGGREP_12MYKL0482_DELIM-WJYYUWRVGLUJBSLGGREP_2012                                                                                                                                      41.46%    passed     97.91%
 144  nl63_DELIM-WJYYUWRVGLUJBSLGGREP_KT359875_DELIM-WJYYUWRVGLUJBSLGGREP_12MYKL0730_DELIM-WJYYUWRVGLUJBSLGGREP_2012                                                                                                                                      41.46%    passed     97.91%
 145  nl63_DELIM-WJYYUWRVGLUJBSLGGREP_KT359886_DELIM-WJYYUWRVGLUJBSLGGREP_12MYKL0880_DELIM-WJYYUWRVGLUJBSLGGREP_2012                                                                                                                                      41.46%    passed     97.91%
 146  nl63_DELIM-WJYYUWRVGLUJBSLGGREP_KT359887_DELIM-WJYYUWRVGLUJBSLGGREP_12MYKL0903_DELIM-WJYYUWRVGLUJBSLGGREP_2012                                                                                                                                      41.46%    passed     97.91%
 147  nl63_DELIM-WJYYUWRVGLUJBSLGGREP_KT359889_DELIM-WJYYUWRVGLUJBSLGGREP_12MYKL0964_DELIM-WJYYUWRVGLUJBSLGGREP_2012                                                                                                                                      41.46%    passed     97.91%
 148  nl63_DELIM-WJYYUWRVGLUJBSLGGREP_KT359891_DELIM-WJYYUWRVGLUJBSLGGREP_12MYKL1002_DELIM-WJYYUWRVGLUJBSLGGREP_2012                                                                                                                                      41.46%    passed     97.91%
 149  nl63_DELIM-WJYYUWRVGLUJBSLGGREP_KT359892_DELIM-WJYYUWRVGLUJBSLGGREP_12MYKL1007_DELIM-WJYYUWRVGLUJBSLGGREP_2012                                                                                                                                      41.46%    passed     97.91%
 150  nl63_DELIM-WJYYUWRVGLUJBSLGGREP_KT359899_DELIM-WJYYUWRVGLUJBSLGGREP_12MYKL1193_DELIM-WJYYUWRVGLUJBSLGGREP_2012                                                                                                                                      41.46%    passed     97.91%
 151  nl63_DELIM-WJYYUWRVGLUJBSLGGREP_KT359901_DELIM-WJYYUWRVGLUJBSLGGREP_12MYKL1197_DELIM-WJYYUWRVGLUJBSLGGREP_2012                                                                                                                                      41.46%    passed     97.91%
 152  nl63_DELIM-WJYYUWRVGLUJBSLGGREP_KT359902_DELIM-WJYYUWRVGLUJBSLGGREP_12MYKL1229_DELIM-WJYYUWRVGLUJBSLGGREP_2012                                                                                                                                      41.46%    passed     97.91%
 153  nl63_DELIM-WJYYUWRVGLUJBSLGGREP_KT359903_DELIM-WJYYUWRVGLUJBSLGGREP_12MYKL1238_DELIM-WJYYUWRVGLUJBSLGGREP_2012                                                                                                                                      41.46%    passed     97.91%
 154  nl63_DELIM-WJYYUWRVGLUJBSLGGREP_KT359904_DELIM-WJYYUWRVGLUJBSLGGREP_12MYKL1288_DELIM-WJYYUWRVGLUJBSLGGREP_2012                                                                                                                                      41.46%    passed     97.91%
 155  nl63_DELIM-WJYYUWRVGLUJBSLGGREP_KT359909_DELIM-WJYYUWRVGLUJBSLGGREP_12MYKL1528_DELIM-WJYYUWRVGLUJBSLGGREP_2012                                                                                                                                      41.46%    passed     97.91%
 156  nl63_DELIM-WJYYUWRVGLUJBSLGGREP_KT359911_DELIM-WJYYUWRVGLUJBSLGGREP_13MYKL1797_DELIM-WJYYUWRVGLUJBSLGGREP_2013                                                                                                                                      41.46%    passed     97.91%
 157  nl63_DELIM-WJYYUWRVGLUJBSLGGREP_KT359874_DELIM-WJYYUWRVGLUJBSLGGREP_12MYKL0719_DELIM-WJYYUWRVGLUJBSLGGREP_2012                                                                                                                                      41.46%    passed     97.08%
 158  nl63_DELIM-WJYYUWRVGLUJBSLGGREP_KT359885_DELIM-WJYYUWRVGLUJBSLGGREP_12MYKL0865_DELIM-WJYYUWRVGLUJBSLGGREP_2012                                                                                                                                      41.46%    passed     97.08%
 159  nl63_DELIM-WJYYUWRVGLUJBSLGGREP_KT359876_DELIM-WJYYUWRVGLUJBSLGGREP_12MYKL0736_DELIM-WJYYUWRVGLUJBSLGGREP_2012                                                                                                                                      41.46%    passed     96.49%
 160  nl63_DELIM-WJYYUWRVGLUJBSLGGREP_KT359883_DELIM-WJYYUWRVGLUJBSLGGREP_12MYKL0862_DELIM-WJYYUWRVGLUJBSLGGREP_2012                                                                                                                                      41.46%    passed     97.85%
 161  nl63_DELIM-WJYYUWRVGLUJBSLGGREP_KT359894_DELIM-WJYYUWRVGLUJBSLGGREP_12MYKL1055_DELIM-WJYYUWRVGLUJBSLGGREP_2012                                                                                                                                      41.46%    passed     97.91%
 162  nl63_DELIM-WJYYUWRVGLUJBSLGGREP_KT359897_DELIM-WJYYUWRVGLUJBSLGGREP_12MYKL1088_DELIM-WJYYUWRVGLUJBSLGGREP_2012                                                                                                                                      41.46%    passed     97.08%
 163  nl63_DELIM-WJYYUWRVGLUJBSLGGREP_KT359898_DELIM-WJYYUWRVGLUJBSLGGREP_12MYKL1089_DELIM-WJYYUWRVGLUJBSLGGREP_2012                                                                                                                                      41.46%    passed     98.46%
 164  nl63_DELIM-WJYYUWRVGLUJBSLGGREP_KT359878_DELIM-WJYYUWRVGLUJBSLGGREP_12MYKL0780_DELIM-WJYYUWRVGLUJBSLGGREP_2012                                                                                                                                      41.46%    passed     98.81%
 165  nl63_DELIM-WJYYUWRVGLUJBSLGGREP_KT359882_DELIM-WJYYUWRVGLUJBSLGGREP_12MYKL0813_DELIM-WJYYUWRVGLUJBSLGGREP_2012                                                                                                                                      41.46%    passed     96.39%
 166  nl63_DELIM-WJYYUWRVGLUJBSLGGREP_KT359884_DELIM-WJYYUWRVGLUJBSLGGREP_12MYKL0863_DELIM-WJYYUWRVGLUJBSLGGREP_2012                                                                                                                                      41.46%    passed     94.45%
 167  nl63_DELIM-WJYYUWRVGLUJBSLGGREP_KT359890_DELIM-WJYYUWRVGLUJBSLGGREP_12MYKL0967_DELIM-WJYYUWRVGLUJBSLGGREP_2012                                                                                                                                      41.46%    passed     94.45%
 168  nl63_DELIM-WJYYUWRVGLUJBSLGGREP_KT359910_DELIM-WJYYUWRVGLUJBSLGGREP_13MYKL1791_DELIM-WJYYUWRVGLUJBSLGGREP_2013                                                                                                                                      41.46%    passed     97.49%
 169  nl63_DELIM-WJYYUWRVGLUJBSLGGREP_MG356413_DELIM-WJYYUWRVGLUJBSLGGREP_Kilifi_DELIM-WJYYUWRVGLUJBSLGGREP_IP_DELIM-WJYYUWRVGLUJBSLGGREP_001_DELIM-WJYYUWRVGLUJBSLGGREP_18_Mar_2008_DELIM-WJYYUWRVGLUJBSLGGREP_2008                                       2.50%    passed     99.57%
 170  nl63_DELIM-WJYYUWRVGLUJBSLGGREP_MG356445_DELIM-WJYYUWRVGLUJBSLGGREP_Kilifi_DELIM-WJYYUWRVGLUJBSLGGREP_IP_DELIM-WJYYUWRVGLUJBSLGGREP_022_DELIM-WJYYUWRVGLUJBSLGGREP_17_Jun_2013_DELIM-WJYYUWRVGLUJBSLGGREP_2013                                       2.50%    passed     99.43%
 171  nl63_DELIM-WJYYUWRVGLUJBSLGGREP_MG772808_DELIM-WJYYUWRVGLUJBSLGGREP_CN0601_DELIM-WJYYUWRVGLUJBSLGGREP_14_DELIM-WJYYUWRVGLUJBSLGGREP_2014                                                                                                             0.14%    passed     99.88%
 172  nl63_DELIM-WJYYUWRVGLUJBSLGGREP_MF996622_DELIM-WJYYUWRVGLUJBSLGGREP_NL63_DELIM-WJYYUWRVGLUJBSLGGREP_2014                                                                                                                                             0.14%    passed     99.86%
 173  nl63_DELIM-WJYYUWRVGLUJBSLGGREP_MF996623_DELIM-WJYYUWRVGLUJBSLGGREP_NL63_DELIM-WJYYUWRVGLUJBSLGGREP_2014                                                                                                                                             0.14%    passed     99.86%
 174  nl63_DELIM-WJYYUWRVGLUJBSLGGREP_MF996621_DELIM-WJYYUWRVGLUJBSLGGREP_NL63_DELIM-WJYYUWRVGLUJBSLGGREP_2014                                                                                                                                             0.14%    passed     99.88%
 175  nl63_DELIM-WJYYUWRVGLUJBSLGGREP_NC_036584_DELIM-WJYYUWRVGLUJBSLGGREP_NL63_DELIM-WJYYUWRVGLUJBSLGGREP_2014                                                                                                                                            0.14%    passed     99.88%
 176  nl63_DELIM-WJYYUWRVGLUJBSLGGREP_KY862035_DELIM-WJYYUWRVGLUJBSLGGREP_NL63_DELIM-WJYYUWRVGLUJBSLGGREP_FRA_EPI_DELIM-WJYYUWRVGLUJBSLGGREP_Caen_DELIM-WJYYUWRVGLUJBSLGGREP_2015_DELIM-WJYYUWRVGLUJBSLGGREP_20_DELIM-WJYYUWRVGLUJBSLGGREP_2015            0.14%    passed     99.86%
 177  nl63_DELIM-WJYYUWRVGLUJBSLGGREP_MN026166_DELIM-WJYYUWRVGLUJBSLGGREP_NL63_KLF_01_2018_DELIM-WJYYUWRVGLUJBSLGGREP_2018                                                                                                                                 0.14%    passed     99.86%
 178  nl63_DELIM-WJYYUWRVGLUJBSLGGREP_MK334046_DELIM-WJYYUWRVGLUJBSLGGREP_ChinaGD01_DELIM-WJYYUWRVGLUJBSLGGREP_2018                                                                                                                                        0.14%    passed     99.96%
 179  nl63_DELIM-WJYYUWRVGLUJBSLGGREP_MK342125_DELIM-WJYYUWRVGLUJBSLGGREP_ChinaGD06_DELIM-WJYYUWRVGLUJBSLGGREP_2018                                                                                                                                       20.03%    passed     96.86%
 180  nl63_DELIM-WJYYUWRVGLUJBSLGGREP_MK342126_DELIM-WJYYUWRVGLUJBSLGGREP_ChinaGD07_DELIM-WJYYUWRVGLUJBSLGGREP_2018                                                                                                                                       20.03%    passed     96.86%
 181  nl63_DELIM-WJYYUWRVGLUJBSLGGREP_LC488389_DELIM-WJYYUWRVGLUJBSLGGREP_HCoVNL63_DELIM-WJYYUWRVGLUJBSLGGREP_Tokyo_DELIM-WJYYUWRVGLUJBSLGGREP_SGH_18_DELIM-WJYYUWRVGLUJBSLGGREP_2018_DELIM-WJYYUWRVGLUJBSLGGREP_2018                                      0.14%    passed     99.96%
 182  nl63_DELIM-WJYYUWRVGLUJBSLGGREP_LC488388_DELIM-WJYYUWRVGLUJBSLGGREP_HCoVNL63_DELIM-WJYYUWRVGLUJBSLGGREP_Tokyo_DELIM-WJYYUWRVGLUJBSLGGREP_SGH_24_DELIM-WJYYUWRVGLUJBSLGGREP_2018_DELIM-WJYYUWRVGLUJBSLGGREP_2018                                      0.14%    passed     99.96%
 183  nl63_DELIM-WJYYUWRVGLUJBSLGGREP_MK334047_DELIM-WJYYUWRVGLUJBSLGGREP_ChinaGD04_DELIM-WJYYUWRVGLUJBSLGGREP_2018                                                                                                                                        0.14%    passed     99.64%
 184  nl63_DELIM-WJYYUWRVGLUJBSLGGREP_MK342127_DELIM-WJYYUWRVGLUJBSLGGREP_ChinaGD08_DELIM-WJYYUWRVGLUJBSLGGREP_2018                                                                                                                                       20.03%    passed     94.11%
 185  nl63_DELIM-WJYYUWRVGLUJBSLGGREP_MK342128_DELIM-WJYYUWRVGLUJBSLGGREP_ChinaGD09_DELIM-WJYYUWRVGLUJBSLGGREP_2018                                                                                                                                       20.03%    passed     94.98%
 186  nl63_DELIM-WJYYUWRVGLUJBSLGGREP_MG356430_DELIM-WJYYUWRVGLUJBSLGGREP_Kilifi_DELIM-WJYYUWRVGLUJBSLGGREP_IP_DELIM-WJYYUWRVGLUJBSLGGREP_007_DELIM-WJYYUWRVGLUJBSLGGREP_30_Mar_2011_DELIM-WJYYUWRVGLUJBSLGGREP_2011                                       2.50%    passed     98.90%
 187  nl63_DELIM-WJYYUWRVGLUJBSLGGREP_MG356436_DELIM-WJYYUWRVGLUJBSLGGREP_Kilifi_DELIM-WJYYUWRVGLUJBSLGGREP_IP_DELIM-WJYYUWRVGLUJBSLGGREP_013_DELIM-WJYYUWRVGLUJBSLGGREP_27_Jul_2012_DELIM-WJYYUWRVGLUJBSLGGREP_2012                                       2.50%    passed     98.46%
 188  nl63_DELIM-WJYYUWRVGLUJBSLGGREP_MG356433_DELIM-WJYYUWRVGLUJBSLGGREP_Kilifi_DELIM-WJYYUWRVGLUJBSLGGREP_IP_DELIM-WJYYUWRVGLUJBSLGGREP_010_DELIM-WJYYUWRVGLUJBSLGGREP_06_Jun_2011_DELIM-WJYYUWRVGLUJBSLGGREP_2011                                       2.50%    passed     98.90%
 189  nl63_DELIM-WJYYUWRVGLUJBSLGGREP_JQ771056_DELIM-WJYYUWRVGLUJBSLGGREP_NL63_DELIM-WJYYUWRVGLUJBSLGGREP_DEN_DELIM-WJYYUWRVGLUJBSLGGREP_2010_DELIM-WJYYUWRVGLUJBSLGGREP_25_DELIM-WJYYUWRVGLUJBSLGGREP_2010                                                0.14%    passed     99.84%
 190  nl63_DELIM-WJYYUWRVGLUJBSLGGREP_JQ771060_DELIM-WJYYUWRVGLUJBSLGGREP_NL63_DELIM-WJYYUWRVGLUJBSLGGREP_DEN_DELIM-WJYYUWRVGLUJBSLGGREP_2010_DELIM-WJYYUWRVGLUJBSLGGREP_36_DELIM-WJYYUWRVGLUJBSLGGREP_2010                                                0.14%    passed     99.94%
 191  nl63_DELIM-WJYYUWRVGLUJBSLGGREP_KY862045_DELIM-WJYYUWRVGLUJBSLGGREP_NL63_DELIM-WJYYUWRVGLUJBSLGGREP_FRA_EPI_DELIM-WJYYUWRVGLUJBSLGGREP_Caen_DELIM-WJYYUWRVGLUJBSLGGREP_2010_DELIM-WJYYUWRVGLUJBSLGGREP_10_DELIM-WJYYUWRVGLUJBSLGGREP_2010            0.14%    passed     99.99%
 192  nl63_DELIM-WJYYUWRVGLUJBSLGGREP_MG356438_DELIM-WJYYUWRVGLUJBSLGGREP_Kilifi_DELIM-WJYYUWRVGLUJBSLGGREP_IP_DELIM-WJYYUWRVGLUJBSLGGREP_015_DELIM-WJYYUWRVGLUJBSLGGREP_19_Nov_2012_DELIM-WJYYUWRVGLUJBSLGGREP_2012                                       2.50%    passed     98.35%
 193  nl63_DELIM-WJYYUWRVGLUJBSLGGREP_MG356439_DELIM-WJYYUWRVGLUJBSLGGREP_Kilifi_DELIM-WJYYUWRVGLUJBSLGGREP_IP_DELIM-WJYYUWRVGLUJBSLGGREP_016_DELIM-WJYYUWRVGLUJBSLGGREP_08_Apr_2013_DELIM-WJYYUWRVGLUJBSLGGREP_2013                                       2.50%    passed     97.85%
 194  nl63_DELIM-WJYYUWRVGLUJBSLGGREP_MG356441_DELIM-WJYYUWRVGLUJBSLGGREP_Kilifi_DELIM-WJYYUWRVGLUJBSLGGREP_IP_DELIM-WJYYUWRVGLUJBSLGGREP_018_DELIM-WJYYUWRVGLUJBSLGGREP_03_May_2013_DELIM-WJYYUWRVGLUJBSLGGREP_2013                                       2.50%    passed     97.85%
 195  nl63_DELIM-WJYYUWRVGLUJBSLGGREP_MG356442_DELIM-WJYYUWRVGLUJBSLGGREP_Kilifi_DELIM-WJYYUWRVGLUJBSLGGREP_IP_DELIM-WJYYUWRVGLUJBSLGGREP_019_DELIM-WJYYUWRVGLUJBSLGGREP_04_May_2013_DELIM-WJYYUWRVGLUJBSLGGREP_2013                                       2.50%    passed     97.85%
 196  nl63_DELIM-WJYYUWRVGLUJBSLGGREP_MG356444_DELIM-WJYYUWRVGLUJBSLGGREP_Kilifi_DELIM-WJYYUWRVGLUJBSLGGREP_IP_DELIM-WJYYUWRVGLUJBSLGGREP_021_DELIM-WJYYUWRVGLUJBSLGGREP_26_May_2013_DELIM-WJYYUWRVGLUJBSLGGREP_2013                                       2.50%    passed     97.85%
 197  nl63_DELIM-WJYYUWRVGLUJBSLGGREP_MG356440_DELIM-WJYYUWRVGLUJBSLGGREP_Kilifi_DELIM-WJYYUWRVGLUJBSLGGREP_IP_DELIM-WJYYUWRVGLUJBSLGGREP_017_DELIM-WJYYUWRVGLUJBSLGGREP_12_Apr_2013_DELIM-WJYYUWRVGLUJBSLGGREP_2013                                       2.50%    passed     98.31%
 198  nl63_DELIM-WJYYUWRVGLUJBSLGGREP_JQ765569_DELIM-WJYYUWRVGLUJBSLGGREP_NL63_DELIM-WJYYUWRVGLUJBSLGGREP_DEN_DELIM-WJYYUWRVGLUJBSLGGREP_2005_DELIM-WJYYUWRVGLUJBSLGGREP_232_DELIM-WJYYUWRVGLUJBSLGGREP_2005                                               0.14%    passed     99.99%
 199  nl63_DELIM-WJYYUWRVGLUJBSLGGREP_JQ765570_DELIM-WJYYUWRVGLUJBSLGGREP_NL63_DELIM-WJYYUWRVGLUJBSLGGREP_DEN_DELIM-WJYYUWRVGLUJBSLGGREP_2005_DELIM-WJYYUWRVGLUJBSLGGREP_235_DELIM-WJYYUWRVGLUJBSLGGREP_2005                                               0.14%    passed     99.98%
 200  nl63_DELIM-WJYYUWRVGLUJBSLGGREP_JQ765565_DELIM-WJYYUWRVGLUJBSLGGREP_NL63_DELIM-WJYYUWRVGLUJBSLGGREP_DEN_DELIM-WJYYUWRVGLUJBSLGGREP_2009_DELIM-WJYYUWRVGLUJBSLGGREP_15_DELIM-WJYYUWRVGLUJBSLGGREP_2009                                                0.14%    passed     99.98%
 201  nl63_DELIM-WJYYUWRVGLUJBSLGGREP_JQ765564_DELIM-WJYYUWRVGLUJBSLGGREP_NL63_DELIM-WJYYUWRVGLUJBSLGGREP_DEN_DELIM-WJYYUWRVGLUJBSLGGREP_2009_DELIM-WJYYUWRVGLUJBSLGGREP_14_DELIM-WJYYUWRVGLUJBSLGGREP_2009                                                0.14%    passed     99.92%
 202  nl63_DELIM-WJYYUWRVGLUJBSLGGREP_KY862044_DELIM-WJYYUWRVGLUJBSLGGREP_NL63_DELIM-WJYYUWRVGLUJBSLGGREP_FRA_EPI_DELIM-WJYYUWRVGLUJBSLGGREP_Caen_DELIM-WJYYUWRVGLUJBSLGGREP_2011_DELIM-WJYYUWRVGLUJBSLGGREP_11_DELIM-WJYYUWRVGLUJBSLGGREP_2011            0.14%    passed     99.99%
 203  nl63_DELIM-WJYYUWRVGLUJBSLGGREP_KY862047_DELIM-WJYYUWRVGLUJBSLGGREP_NL63_DELIM-WJYYUWRVGLUJBSLGGREP_FRA_EPI_DELIM-WJYYUWRVGLUJBSLGGREP_Caen_DELIM-WJYYUWRVGLUJBSLGGREP_2009_DELIM-WJYYUWRVGLUJBSLGGREP_08_DELIM-WJYYUWRVGLUJBSLGGREP_2009            0.18%    passed     99.98%
 204  nl63_DELIM-WJYYUWRVGLUJBSLGGREP_KY862051_DELIM-WJYYUWRVGLUJBSLGGREP_NL63_DELIM-WJYYUWRVGLUJBSLGGREP_FRA_EPI_DELIM-WJYYUWRVGLUJBSLGGREP_Caen_DELIM-WJYYUWRVGLUJBSLGGREP_2005_DELIM-WJYYUWRVGLUJBSLGGREP_04_DELIM-WJYYUWRVGLUJBSLGGREP_2005            0.23%    passed     99.92%
 205  nl63_DELIM-WJYYUWRVGLUJBSLGGREP_KY862046_DELIM-WJYYUWRVGLUJBSLGGREP_NL63_DELIM-WJYYUWRVGLUJBSLGGREP_FRA_EPI_DELIM-WJYYUWRVGLUJBSLGGREP_Caen_DELIM-WJYYUWRVGLUJBSLGGREP_2010_DELIM-WJYYUWRVGLUJBSLGGREP_09_DELIM-WJYYUWRVGLUJBSLGGREP_2010            0.14%    passed     99.90%
 206  nl63_DELIM-WJYYUWRVGLUJBSLGGREP_KY862048_DELIM-WJYYUWRVGLUJBSLGGREP_NL63_DELIM-WJYYUWRVGLUJBSLGGREP_FRA_EPI_DELIM-WJYYUWRVGLUJBSLGGREP_Caen_DELIM-WJYYUWRVGLUJBSLGGREP_2009_DELIM-WJYYUWRVGLUJBSLGGREP_07_DELIM-WJYYUWRVGLUJBSLGGREP_2009            0.14%    passed     99.93%
 207  nl63_DELIM-WJYYUWRVGLUJBSLGGREP_JQ900256_DELIM-WJYYUWRVGLUJBSLGGREP_NL63_DELIM-WJYYUWRVGLUJBSLGGREP_DEN_DELIM-WJYYUWRVGLUJBSLGGREP_2009_DELIM-WJYYUWRVGLUJBSLGGREP_22_DELIM-WJYYUWRVGLUJBSLGGREP_2009                                               23.25%    passed     98.20%
 208  nl63_DELIM-WJYYUWRVGLUJBSLGGREP_KY862050_DELIM-WJYYUWRVGLUJBSLGGREP_NL63_DELIM-WJYYUWRVGLUJBSLGGREP_FRA_EPI_DELIM-WJYYUWRVGLUJBSLGGREP_Caen_DELIM-WJYYUWRVGLUJBSLGGREP_2008_DELIM-WJYYUWRVGLUJBSLGGREP_05_DELIM-WJYYUWRVGLUJBSLGGREP_2008            0.14%    passed     99.93%
 209  nl63_DELIM-WJYYUWRVGLUJBSLGGREP_JQ765563_DELIM-WJYYUWRVGLUJBSLGGREP_NL63_DELIM-WJYYUWRVGLUJBSLGGREP_DEN_DELIM-WJYYUWRVGLUJBSLGGREP_2009_DELIM-WJYYUWRVGLUJBSLGGREP_9_DELIM-WJYYUWRVGLUJBSLGGREP_2009                                                 0.14%    passed     99.89%
 210  nl63_DELIM-WJYYUWRVGLUJBSLGGREP_KF530112_DELIM-WJYYUWRVGLUJBSLGGREP_NL63_DELIM-WJYYUWRVGLUJBSLGGREP_human_DELIM-WJYYUWRVGLUJBSLGGREP_USA_DELIM-WJYYUWRVGLUJBSLGGREP_0111_25_DELIM-WJYYUWRVGLUJBSLGGREP_2001_DELIM-WJYYUWRVGLUJBSLGGREP_2001          0.14%    passed     99.99%
 211  nl63_DELIM-WJYYUWRVGLUJBSLGGREP_KY983586_DELIM-WJYYUWRVGLUJBSLGGREP_HCoV_NL63_DELIM-WJYYUWRVGLUJBSLGGREP_Seattle_DELIM-WJYYUWRVGLUJBSLGGREP_USA_DELIM-WJYYUWRVGLUJBSLGGREP_SC2940_DELIM-WJYYUWRVGLUJBSLGGREP_2015_DELIM-WJYYUWRVGLUJBSLGGREP_2015    0.45%    passed     99.49%
 212  nl63_DELIM-WJYYUWRVGLUJBSLGGREP_LC488390_DELIM-WJYYUWRVGLUJBSLGGREP_HCoVNL63_DELIM-WJYYUWRVGLUJBSLGGREP_Tokyo_DELIM-WJYYUWRVGLUJBSLGGREP_SGH_15_DELIM-WJYYUWRVGLUJBSLGGREP_2017_DELIM-WJYYUWRVGLUJBSLGGREP_2017                                      0.14%    passed     99.71%
 213  229e_DELIM-WJYYUWRVGLUJBSLGGREP_AF304460_DELIM-WJYYUWRVGLUJBSLGGREP_229e_ref_DELIM-WJYYUWRVGLUJBSLGGREP_Germany_DELIM-WJYYUWRVGLUJBSLGGREP_2000                                                                                                     24.39%    failed      1.32%
****  TOTAL                                                                                                                                                                                                                                               10.19%  1 sequences failed composition chi2 test (p-value<5%; df=3)
NOTE: nl63_DELIM-WJYYUWRVGLUJBSLGGREP_KY862052_DELIM-WJYYUWRVGLUJBSLGGREP_NL63_DELIM-WJYYUWRVGLUJBSLGGREP_FRA_EPI_DELIM-WJYYUWRVGLUJBSLGGREP_Caen_DELIM-WJYYUWRVGLUJBSLGGREP_2005_DELIM-WJYYUWRVGLUJBSLGGREP_03_DELIM-WJYYUWRVGLUJBSLGGREP_2005 is identical to nl63_DELIM-WJYYUWRVGLUJBSLGGREP_JQ765568_DELIM-WJYYUWRVGLUJBSLGGREP_NL63_DELIM-WJYYUWRVGLUJBSLGGREP_DEN_DELIM-WJYYUWRVGLUJBSLGGREP_2005_DELIM-WJYYUWRVGLUJBSLGGREP_193_DELIM-WJYYUWRVGLUJBSLGGREP_2005 but kept for subsequent analysis
NOTE: nl63_DELIM-WJYYUWRVGLUJBSLGGREP_KY829118_DELIM-WJYYUWRVGLUJBSLGGREP_N07_262B_DELIM-WJYYUWRVGLUJBSLGGREP_2015 is identical to nl63_DELIM-WJYYUWRVGLUJBSLGGREP_KY554969_DELIM-WJYYUWRVGLUJBSLGGREP_N07_196B_DELIM-WJYYUWRVGLUJBSLGGREP_2016 but kept for subsequent analysis
NOTE: nl63_DELIM-WJYYUWRVGLUJBSLGGREP_KX179494_DELIM-WJYYUWRVGLUJBSLGGREP_NL63_DELIM-WJYYUWRVGLUJBSLGGREP_Haiti_2_DELIM-WJYYUWRVGLUJBSLGGREP_2015_DELIM-WJYYUWRVGLUJBSLGGREP_2015 is identical to nl63_DELIM-WJYYUWRVGLUJBSLGGREP_KT266906_DELIM-WJYYUWRVGLUJBSLGGREP_HCoV_NL63_DELIM-WJYYUWRVGLUJBSLGGREP_Haiti_1_DELIM-WJYYUWRVGLUJBSLGGREP_2015_DELIM-WJYYUWRVGLUJBSLGGREP_2015 but kept for subsequent analysis
NOTE: nl63_DELIM-WJYYUWRVGLUJBSLGGREP_KF530108_DELIM-WJYYUWRVGLUJBSLGGREP_NL63_DELIM-WJYYUWRVGLUJBSLGGREP_human_DELIM-WJYYUWRVGLUJBSLGGREP_USA_DELIM-WJYYUWRVGLUJBSLGGREP_891_6_DELIM-WJYYUWRVGLUJBSLGGREP_1989_DELIM-WJYYUWRVGLUJBSLGGREP_1989 is identical to nl63_DELIM-WJYYUWRVGLUJBSLGGREP_KF530114_DELIM-WJYYUWRVGLUJBSLGGREP_NL63_DELIM-WJYYUWRVGLUJBSLGGREP_human_DELIM-WJYYUWRVGLUJBSLGGREP_USA_DELIM-WJYYUWRVGLUJBSLGGREP_891_4_DELIM-WJYYUWRVGLUJBSLGGREP_1989_DELIM-WJYYUWRVGLUJBSLGGREP_1989 but kept for subsequent analysis
NOTE: nl63_DELIM-WJYYUWRVGLUJBSLGGREP_KM055637_DELIM-WJYYUWRVGLUJBSLGGREP_945A_2008_DELIM-WJYYUWRVGLUJBSLGGREP_2008 is identical to nl63_DELIM-WJYYUWRVGLUJBSLGGREP_KM055635_DELIM-WJYYUWRVGLUJBSLGGREP_1093A_2008_DELIM-WJYYUWRVGLUJBSLGGREP_2008 but kept for subsequent analysis
NOTE: nl63_DELIM-WJYYUWRVGLUJBSLGGREP_JX524171_DELIM-WJYYUWRVGLUJBSLGGREP_CBJ123_DELIM-WJYYUWRVGLUJBSLGGREP_2009 is identical to nl63_DELIM-WJYYUWRVGLUJBSLGGREP_KM055633_DELIM-WJYYUWRVGLUJBSLGGREP_2093A_2010_DELIM-WJYYUWRVGLUJBSLGGREP_2010 but kept for subsequent analysis
NOTE: nl63_DELIM-WJYYUWRVGLUJBSLGGREP_MG356426_DELIM-WJYYUWRVGLUJBSLGGREP_Kilifi_DELIM-WJYYUWRVGLUJBSLGGREP_HH_DELIM-WJYYUWRVGLUJBSLGGREP_0512_DELIM-WJYYUWRVGLUJBSLGGREP_04_Jun_2010_DELIM-WJYYUWRVGLUJBSLGGREP_2010 is identical to nl63_DELIM-WJYYUWRVGLUJBSLGGREP_MG356424_DELIM-WJYYUWRVGLUJBSLGGREP_Kilifi_DELIM-WJYYUWRVGLUJBSLGGREP_HH_DELIM-WJYYUWRVGLUJBSLGGREP_0511_DELIM-WJYYUWRVGLUJBSLGGREP_01_Jun_2010_DELIM-WJYYUWRVGLUJBSLGGREP_2010 but kept for subsequent analysis
NOTE: nl63_DELIM-WJYYUWRVGLUJBSLGGREP_MG428701_DELIM-WJYYUWRVGLUJBSLGGREP_Kilifi_HH_0512_04_Jun_2010_DELIM-WJYYUWRVGLUJBSLGGREP_2010 is identical to nl63_DELIM-WJYYUWRVGLUJBSLGGREP_MG428703_DELIM-WJYYUWRVGLUJBSLGGREP_Kilifi_HH_0511_01_Jun_2010_DELIM-WJYYUWRVGLUJBSLGGREP_2010 but kept for subsequent analysis
NOTE: nl63_DELIM-WJYYUWRVGLUJBSLGGREP_KM055639_DELIM-WJYYUWRVGLUJBSLGGREP_197A_2007_DELIM-WJYYUWRVGLUJBSLGGREP_2007 is identical to nl63_DELIM-WJYYUWRVGLUJBSLGGREP_KM055647_DELIM-WJYYUWRVGLUJBSLGGREP_188A_2007_DELIM-WJYYUWRVGLUJBSLGGREP_2007 but kept for subsequent analysis
NOTE: nl63_DELIM-WJYYUWRVGLUJBSLGGREP_KT359881_DELIM-WJYYUWRVGLUJBSLGGREP_12MYKL0802_DELIM-WJYYUWRVGLUJBSLGGREP_2012 is identical to nl63_DELIM-WJYYUWRVGLUJBSLGGREP_KT359872_DELIM-WJYYUWRVGLUJBSLGGREP_12MYKL0280_DELIM-WJYYUWRVGLUJBSLGGREP_2012 but kept for subsequent analysis
NOTE: nl63_DELIM-WJYYUWRVGLUJBSLGGREP_KT359907_DELIM-WJYYUWRVGLUJBSLGGREP_12MYKL1337_DELIM-WJYYUWRVGLUJBSLGGREP_2012 is identical to nl63_DELIM-WJYYUWRVGLUJBSLGGREP_KT359906_DELIM-WJYYUWRVGLUJBSLGGREP_12MYKL1336_DELIM-WJYYUWRVGLUJBSLGGREP_2012 but kept for subsequent analysis
NOTE: nl63_DELIM-WJYYUWRVGLUJBSLGGREP_KT359895_DELIM-WJYYUWRVGLUJBSLGGREP_12MYKL1064_DELIM-WJYYUWRVGLUJBSLGGREP_2012 is identical to nl63_DELIM-WJYYUWRVGLUJBSLGGREP_KT359877_DELIM-WJYYUWRVGLUJBSLGGREP_12MYKL0750_DELIM-WJYYUWRVGLUJBSLGGREP_2012 but kept for subsequent analysis
NOTE: nl63_DELIM-WJYYUWRVGLUJBSLGGREP_KY554968_DELIM-WJYYUWRVGLUJBSLGGREP_N07_185B_DELIM-WJYYUWRVGLUJBSLGGREP_2016 is identical to nl63_DELIM-WJYYUWRVGLUJBSLGGREP_KY554967_DELIM-WJYYUWRVGLUJBSLGGREP_N06_1144B_DELIM-WJYYUWRVGLUJBSLGGREP_2016 but kept for subsequent analysis
NOTE: nl63_DELIM-WJYYUWRVGLUJBSLGGREP_MG356431_DELIM-WJYYUWRVGLUJBSLGGREP_Kilifi_DELIM-WJYYUWRVGLUJBSLGGREP_IP_DELIM-WJYYUWRVGLUJBSLGGREP_008_DELIM-WJYYUWRVGLUJBSLGGREP_12_May_2011_DELIM-WJYYUWRVGLUJBSLGGREP_2011 is identical to nl63_DELIM-WJYYUWRVGLUJBSLGGREP_MG356429_DELIM-WJYYUWRVGLUJBSLGGREP_Kilifi_DELIM-WJYYUWRVGLUJBSLGGREP_IP_DELIM-WJYYUWRVGLUJBSLGGREP_006_DELIM-WJYYUWRVGLUJBSLGGREP_28_Mar_2011_DELIM-WJYYUWRVGLUJBSLGGREP_2011 but kept for subsequent analysis
NOTE: nl63_DELIM-WJYYUWRVGLUJBSLGGREP_JQ771058_DELIM-WJYYUWRVGLUJBSLGGREP_NL63_DELIM-WJYYUWRVGLUJBSLGGREP_DEN_DELIM-WJYYUWRVGLUJBSLGGREP_2010_DELIM-WJYYUWRVGLUJBSLGGREP_31_DELIM-WJYYUWRVGLUJBSLGGREP_2010 is identical to nl63_DELIM-WJYYUWRVGLUJBSLGGREP_JQ771055_DELIM-WJYYUWRVGLUJBSLGGREP_NL63_DELIM-WJYYUWRVGLUJBSLGGREP_DEN_DELIM-WJYYUWRVGLUJBSLGGREP_2010_DELIM-WJYYUWRVGLUJBSLGGREP_20_DELIM-WJYYUWRVGLUJBSLGGREP_2010 but kept for subsequent analysis
NOTE: nl63_DELIM-WJYYUWRVGLUJBSLGGREP_KU521535_DELIM-WJYYUWRVGLUJBSLGGREP_NL63_DELIM-WJYYUWRVGLUJBSLGGREP_UF_2_DELIM-WJYYUWRVGLUJBSLGGREP_2015_DELIM-WJYYUWRVGLUJBSLGGREP_2015 is identical to nl63_DELIM-WJYYUWRVGLUJBSLGGREP_KT381875_DELIM-WJYYUWRVGLUJBSLGGREP_NL63_DELIM-WJYYUWRVGLUJBSLGGREP_UF_1_DELIM-WJYYUWRVGLUJBSLGGREP_2015_DELIM-WJYYUWRVGLUJBSLGGREP_2015 but kept for subsequent analysis
NOTE: nl63_DELIM-WJYYUWRVGLUJBSLGGREP_MK334044_DELIM-WJYYUWRVGLUJBSLGGREP_ChinaGD03_DELIM-WJYYUWRVGLUJBSLGGREP_2018 is identical to nl63_DELIM-WJYYUWRVGLUJBSLGGREP_MK334043_DELIM-WJYYUWRVGLUJBSLGGREP_ChinaGD02_DELIM-WJYYUWRVGLUJBSLGGREP_2018 but kept for subsequent analysis
NOTE: nl63_DELIM-WJYYUWRVGLUJBSLGGREP_MK342132_DELIM-WJYYUWRVGLUJBSLGGREP_ChinaGD13_DELIM-WJYYUWRVGLUJBSLGGREP_2018 is identical to nl63_DELIM-WJYYUWRVGLUJBSLGGREP_MK342131_DELIM-WJYYUWRVGLUJBSLGGREP_ChinaGD12_DELIM-WJYYUWRVGLUJBSLGGREP_2018 but kept for subsequent analysis
NOTE: nl63_DELIM-WJYYUWRVGLUJBSLGGREP_MG356448_DELIM-WJYYUWRVGLUJBSLGGREP_Kilifi_DELIM-WJYYUWRVGLUJBSLGGREP_IP_DELIM-WJYYUWRVGLUJBSLGGREP_025_DELIM-WJYYUWRVGLUJBSLGGREP_21_Jan_2014_DELIM-WJYYUWRVGLUJBSLGGREP_2014 is identical to nl63_DELIM-WJYYUWRVGLUJBSLGGREP_MG356447_DELIM-WJYYUWRVGLUJBSLGGREP_Kilifi_DELIM-WJYYUWRVGLUJBSLGGREP_IP_DELIM-WJYYUWRVGLUJBSLGGREP_024_DELIM-WJYYUWRVGLUJBSLGGREP_09_Dec_2013_DELIM-WJYYUWRVGLUJBSLGGREP_2013 but kept for subsequent analysis
NOTE: nl63_DELIM-WJYYUWRVGLUJBSLGGREP_KY862038_DELIM-WJYYUWRVGLUJBSLGGREP_NL63_DELIM-WJYYUWRVGLUJBSLGGREP_FRA_EPI_DELIM-WJYYUWRVGLUJBSLGGREP_Caen_DELIM-WJYYUWRVGLUJBSLGGREP_2014_DELIM-WJYYUWRVGLUJBSLGGREP_17_DELIM-WJYYUWRVGLUJBSLGGREP_2014 is identical to nl63_DELIM-WJYYUWRVGLUJBSLGGREP_KY862040_DELIM-WJYYUWRVGLUJBSLGGREP_NL63_DELIM-WJYYUWRVGLUJBSLGGREP_FRA_EPI_DELIM-WJYYUWRVGLUJBSLGGREP_Caen_DELIM-WJYYUWRVGLUJBSLGGREP_2013_DELIM-WJYYUWRVGLUJBSLGGREP_15_DELIM-WJYYUWRVGLUJBSLGGREP_2013 but kept for subsequent analysis
NOTE: nl63_DELIM-WJYYUWRVGLUJBSLGGREP_KT359875_DELIM-WJYYUWRVGLUJBSLGGREP_12MYKL0730_DELIM-WJYYUWRVGLUJBSLGGREP_2012 is identical to nl63_DELIM-WJYYUWRVGLUJBSLGGREP_KT359873_DELIM-WJYYUWRVGLUJBSLGGREP_12MYKL0482_DELIM-WJYYUWRVGLUJBSLGGREP_2012 but kept for subsequent analysis
NOTE: nl63_DELIM-WJYYUWRVGLUJBSLGGREP_KT359890_DELIM-WJYYUWRVGLUJBSLGGREP_12MYKL0967_DELIM-WJYYUWRVGLUJBSLGGREP_2012 is identical to nl63_DELIM-WJYYUWRVGLUJBSLGGREP_KT359884_DELIM-WJYYUWRVGLUJBSLGGREP_12MYKL0863_DELIM-WJYYUWRVGLUJBSLGGREP_2012 but kept for subsequent analysis
NOTE: nl63_DELIM-WJYYUWRVGLUJBSLGGREP_MF996623_DELIM-WJYYUWRVGLUJBSLGGREP_NL63_DELIM-WJYYUWRVGLUJBSLGGREP_2014 is identical to nl63_DELIM-WJYYUWRVGLUJBSLGGREP_MF996622_DELIM-WJYYUWRVGLUJBSLGGREP_NL63_DELIM-WJYYUWRVGLUJBSLGGREP_2014 but kept for subsequent analysis
NOTE: nl63_DELIM-WJYYUWRVGLUJBSLGGREP_NC_036584_DELIM-WJYYUWRVGLUJBSLGGREP_NL63_DELIM-WJYYUWRVGLUJBSLGGREP_2014 is identical to nl63_DELIM-WJYYUWRVGLUJBSLGGREP_MF996621_DELIM-WJYYUWRVGLUJBSLGGREP_NL63_DELIM-WJYYUWRVGLUJBSLGGREP_2014 but kept for subsequent analysis
NOTE: nl63_DELIM-WJYYUWRVGLUJBSLGGREP_MK342126_DELIM-WJYYUWRVGLUJBSLGGREP_ChinaGD07_DELIM-WJYYUWRVGLUJBSLGGREP_2018 is identical to nl63_DELIM-WJYYUWRVGLUJBSLGGREP_MK342125_DELIM-WJYYUWRVGLUJBSLGGREP_ChinaGD06_DELIM-WJYYUWRVGLUJBSLGGREP_2018 but kept for subsequent analysis
NOTE: nl63_DELIM-WJYYUWRVGLUJBSLGGREP_LC488388_DELIM-WJYYUWRVGLUJBSLGGREP_HCoVNL63_DELIM-WJYYUWRVGLUJBSLGGREP_Tokyo_DELIM-WJYYUWRVGLUJBSLGGREP_SGH_24_DELIM-WJYYUWRVGLUJBSLGGREP_2018_DELIM-WJYYUWRVGLUJBSLGGREP_2018 is identical to nl63_DELIM-WJYYUWRVGLUJBSLGGREP_LC488389_DELIM-WJYYUWRVGLUJBSLGGREP_HCoVNL63_DELIM-WJYYUWRVGLUJBSLGGREP_Tokyo_DELIM-WJYYUWRVGLUJBSLGGREP_SGH_18_DELIM-WJYYUWRVGLUJBSLGGREP_2018_DELIM-WJYYUWRVGLUJBSLGGREP_2018 but kept for subsequent analysis
NOTE: nl63_DELIM-WJYYUWRVGLUJBSLGGREP_MG356441_DELIM-WJYYUWRVGLUJBSLGGREP_Kilifi_DELIM-WJYYUWRVGLUJBSLGGREP_IP_DELIM-WJYYUWRVGLUJBSLGGREP_018_DELIM-WJYYUWRVGLUJBSLGGREP_03_May_2013_DELIM-WJYYUWRVGLUJBSLGGREP_2013 is identical to nl63_DELIM-WJYYUWRVGLUJBSLGGREP_MG356439_DELIM-WJYYUWRVGLUJBSLGGREP_Kilifi_DELIM-WJYYUWRVGLUJBSLGGREP_IP_DELIM-WJYYUWRVGLUJBSLGGREP_016_DELIM-WJYYUWRVGLUJBSLGGREP_08_Apr_2013_DELIM-WJYYUWRVGLUJBSLGGREP_2013 but kept for subsequent analysis
Checking for duplicate sequences: done in 0.0013411 secs using 86.57% CPU
Identifying sites to remove: done in 0.00275612 secs using 96.04% CPU
NOTE: 54 identical sequences (see below) will be ignored for subsequent analysis
NOTE: nl63_DELIM-WJYYUWRVGLUJBSLGGREP_KY862054_DELIM-WJYYUWRVGLUJBSLGGREP_NL63_DELIM-WJYYUWRVGLUJBSLGGREP_FRA_EPI_DELIM-WJYYUWRVGLUJBSLGGREP_Caen_DELIM-WJYYUWRVGLUJBSLGGREP_2004_DELIM-WJYYUWRVGLUJBSLGGREP_01_DELIM-WJYYUWRVGLUJBSLGGREP_2004 (identical to nl63_DELIM-WJYYUWRVGLUJBSLGGREP_KY554969_DELIM-WJYYUWRVGLUJBSLGGREP_N07_196B_DELIM-WJYYUWRVGLUJBSLGGREP_2016) is ignored but added at the end
NOTE: nl63_DELIM-WJYYUWRVGLUJBSLGGREP_KY862053_DELIM-WJYYUWRVGLUJBSLGGREP_NL63_DELIM-WJYYUWRVGLUJBSLGGREP_FRA_EPI_DELIM-WJYYUWRVGLUJBSLGGREP_Caen_DELIM-WJYYUWRVGLUJBSLGGREP_2004_DELIM-WJYYUWRVGLUJBSLGGREP_02_DELIM-WJYYUWRVGLUJBSLGGREP_2004 (identical to nl63_DELIM-WJYYUWRVGLUJBSLGGREP_KY554969_DELIM-WJYYUWRVGLUJBSLGGREP_N07_196B_DELIM-WJYYUWRVGLUJBSLGGREP_2016) is ignored but added at the end
NOTE: nl63_DELIM-WJYYUWRVGLUJBSLGGREP_KX179495_DELIM-WJYYUWRVGLUJBSLGGREP_NL63_DELIM-WJYYUWRVGLUJBSLGGREP_Haiti_3_DELIM-WJYYUWRVGLUJBSLGGREP_2015_DELIM-WJYYUWRVGLUJBSLGGREP_2015 (identical to nl63_DELIM-WJYYUWRVGLUJBSLGGREP_KT266906_DELIM-WJYYUWRVGLUJBSLGGREP_HCoV_NL63_DELIM-WJYYUWRVGLUJBSLGGREP_Haiti_1_DELIM-WJYYUWRVGLUJBSLGGREP_2015_DELIM-WJYYUWRVGLUJBSLGGREP_2015) is ignored but added at the end
NOTE: nl63_DELIM-WJYYUWRVGLUJBSLGGREP_KX179496_DELIM-WJYYUWRVGLUJBSLGGREP_NL63_DELIM-WJYYUWRVGLUJBSLGGREP_Haiti_4_DELIM-WJYYUWRVGLUJBSLGGREP_2015_DELIM-WJYYUWRVGLUJBSLGGREP_2015 (identical to nl63_DELIM-WJYYUWRVGLUJBSLGGREP_KT266906_DELIM-WJYYUWRVGLUJBSLGGREP_HCoV_NL63_DELIM-WJYYUWRVGLUJBSLGGREP_Haiti_1_DELIM-WJYYUWRVGLUJBSLGGREP_2015_DELIM-WJYYUWRVGLUJBSLGGREP_2015) is ignored but added at the end
NOTE: nl63_DELIM-WJYYUWRVGLUJBSLGGREP_KF530109_DELIM-WJYYUWRVGLUJBSLGGREP_NL63_DELIM-WJYYUWRVGLUJBSLGGREP_human_DELIM-WJYYUWRVGLUJBSLGGREP_USA_DELIM-WJYYUWRVGLUJBSLGGREP_903_28_DELIM-WJYYUWRVGLUJBSLGGREP_1990_DELIM-WJYYUWRVGLUJBSLGGREP_1990 (identical to nl63_DELIM-WJYYUWRVGLUJBSLGGREP_KF530114_DELIM-WJYYUWRVGLUJBSLGGREP_NL63_DELIM-WJYYUWRVGLUJBSLGGREP_human_DELIM-WJYYUWRVGLUJBSLGGREP_USA_DELIM-WJYYUWRVGLUJBSLGGREP_891_4_DELIM-WJYYUWRVGLUJBSLGGREP_1989_DELIM-WJYYUWRVGLUJBSLGGREP_1989) is ignored but added at the end
NOTE: nl63_DELIM-WJYYUWRVGLUJBSLGGREP_KF530104_DELIM-WJYYUWRVGLUJBSLGGREP_NL63_DELIM-WJYYUWRVGLUJBSLGGREP_human_DELIM-WJYYUWRVGLUJBSLGGREP_USA_DELIM-WJYYUWRVGLUJBSLGGREP_904_20_DELIM-WJYYUWRVGLUJBSLGGREP_1990_DELIM-WJYYUWRVGLUJBSLGGREP_1990 (identical to nl63_DELIM-WJYYUWRVGLUJBSLGGREP_KF530114_DELIM-WJYYUWRVGLUJBSLGGREP_NL63_DELIM-WJYYUWRVGLUJBSLGGREP_human_DELIM-WJYYUWRVGLUJBSLGGREP_USA_DELIM-WJYYUWRVGLUJBSLGGREP_891_4_DELIM-WJYYUWRVGLUJBSLGGREP_1989_DELIM-WJYYUWRVGLUJBSLGGREP_1989) is ignored but added at the end
NOTE: nl63_DELIM-WJYYUWRVGLUJBSLGGREP_KF530113_DELIM-WJYYUWRVGLUJBSLGGREP_NL63_DELIM-WJYYUWRVGLUJBSLGGREP_human_DELIM-WJYYUWRVGLUJBSLGGREP_USA_DELIM-WJYYUWRVGLUJBSLGGREP_905_25_DELIM-WJYYUWRVGLUJBSLGGREP_1990_DELIM-WJYYUWRVGLUJBSLGGREP_1990 (identical to nl63_DELIM-WJYYUWRVGLUJBSLGGREP_KF530114_DELIM-WJYYUWRVGLUJBSLGGREP_NL63_DELIM-WJYYUWRVGLUJBSLGGREP_human_DELIM-WJYYUWRVGLUJBSLGGREP_USA_DELIM-WJYYUWRVGLUJBSLGGREP_891_4_DELIM-WJYYUWRVGLUJBSLGGREP_1989_DELIM-WJYYUWRVGLUJBSLGGREP_1989) is ignored but added at the end
NOTE: nl63_DELIM-WJYYUWRVGLUJBSLGGREP_KF530107_DELIM-WJYYUWRVGLUJBSLGGREP_NL63_DELIM-WJYYUWRVGLUJBSLGGREP_human_DELIM-WJYYUWRVGLUJBSLGGREP_USA_DELIM-WJYYUWRVGLUJBSLGGREP_911_56_DELIM-WJYYUWRVGLUJBSLGGREP_1991_DELIM-WJYYUWRVGLUJBSLGGREP_1991 (identical to nl63_DELIM-WJYYUWRVGLUJBSLGGREP_KF530114_DELIM-WJYYUWRVGLUJBSLGGREP_NL63_DELIM-WJYYUWRVGLUJBSLGGREP_human_DELIM-WJYYUWRVGLUJBSLGGREP_USA_DELIM-WJYYUWRVGLUJBSLGGREP_891_4_DELIM-WJYYUWRVGLUJBSLGGREP_1989_DELIM-WJYYUWRVGLUJBSLGGREP_1989) is ignored but added at the end
NOTE: nl63_DELIM-WJYYUWRVGLUJBSLGGREP_JQ900257_DELIM-WJYYUWRVGLUJBSLGGREP_NL63_DELIM-WJYYUWRVGLUJBSLGGREP_DEN_DELIM-WJYYUWRVGLUJBSLGGREP_2009_DELIM-WJYYUWRVGLUJBSLGGREP_31_DELIM-WJYYUWRVGLUJBSLGGREP_2009 (identical to nl63_DELIM-WJYYUWRVGLUJBSLGGREP_KM055635_DELIM-WJYYUWRVGLUJBSLGGREP_1093A_2008_DELIM-WJYYUWRVGLUJBSLGGREP_2008) is ignored but added at the end
NOTE: nl63_DELIM-WJYYUWRVGLUJBSLGGREP_KY862043_DELIM-WJYYUWRVGLUJBSLGGREP_NL63_DELIM-WJYYUWRVGLUJBSLGGREP_FRA_EPI_DELIM-WJYYUWRVGLUJBSLGGREP_Caen_DELIM-WJYYUWRVGLUJBSLGGREP_2011_DELIM-WJYYUWRVGLUJBSLGGREP_12_DELIM-WJYYUWRVGLUJBSLGGREP_2011 (identical to nl63_DELIM-WJYYUWRVGLUJBSLGGREP_KM055635_DELIM-WJYYUWRVGLUJBSLGGREP_1093A_2008_DELIM-WJYYUWRVGLUJBSLGGREP_2008) is ignored but added at the end
NOTE: nl63_DELIM-WJYYUWRVGLUJBSLGGREP_MG356422_DELIM-WJYYUWRVGLUJBSLGGREP_Kilifi_DELIM-WJYYUWRVGLUJBSLGGREP_HH_DELIM-WJYYUWRVGLUJBSLGGREP_0522_DELIM-WJYYUWRVGLUJBSLGGREP_21_May_2010_DELIM-WJYYUWRVGLUJBSLGGREP_2010 (identical to nl63_DELIM-WJYYUWRVGLUJBSLGGREP_MG356424_DELIM-WJYYUWRVGLUJBSLGGREP_Kilifi_DELIM-WJYYUWRVGLUJBSLGGREP_HH_DELIM-WJYYUWRVGLUJBSLGGREP_0511_DELIM-WJYYUWRVGLUJBSLGGREP_01_Jun_2010_DELIM-WJYYUWRVGLUJBSLGGREP_2010) is ignored but added at the end
NOTE: nl63_DELIM-WJYYUWRVGLUJBSLGGREP_MG356417_DELIM-WJYYUWRVGLUJBSLGGREP_Kilifi_DELIM-WJYYUWRVGLUJBSLGGREP_HH_DELIM-WJYYUWRVGLUJBSLGGREP_1612_DELIM-WJYYUWRVGLUJBSLGGREP_18_May_2010_DELIM-WJYYUWRVGLUJBSLGGREP_2010 (identical to nl63_DELIM-WJYYUWRVGLUJBSLGGREP_MG356424_DELIM-WJYYUWRVGLUJBSLGGREP_Kilifi_DELIM-WJYYUWRVGLUJBSLGGREP_HH_DELIM-WJYYUWRVGLUJBSLGGREP_0511_DELIM-WJYYUWRVGLUJBSLGGREP_01_Jun_2010_DELIM-WJYYUWRVGLUJBSLGGREP_2010) is ignored but added at the end
NOTE: nl63_DELIM-WJYYUWRVGLUJBSLGGREP_MG356414_DELIM-WJYYUWRVGLUJBSLGGREP_Kilifi_DELIM-WJYYUWRVGLUJBSLGGREP_HH_DELIM-WJYYUWRVGLUJBSLGGREP_3807_DELIM-WJYYUWRVGLUJBSLGGREP_11_May_2010_DELIM-WJYYUWRVGLUJBSLGGREP_2010 (identical to nl63_DELIM-WJYYUWRVGLUJBSLGGREP_MG356424_DELIM-WJYYUWRVGLUJBSLGGREP_Kilifi_DELIM-WJYYUWRVGLUJBSLGGREP_HH_DELIM-WJYYUWRVGLUJBSLGGREP_0511_DELIM-WJYYUWRVGLUJBSLGGREP_01_Jun_2010_DELIM-WJYYUWRVGLUJBSLGGREP_2010) is ignored but added at the end
NOTE: nl63_DELIM-WJYYUWRVGLUJBSLGGREP_MG356423_DELIM-WJYYUWRVGLUJBSLGGREP_Kilifi_DELIM-WJYYUWRVGLUJBSLGGREP_HH_DELIM-WJYYUWRVGLUJBSLGGREP_3808_DELIM-WJYYUWRVGLUJBSLGGREP_24_May_2010_DELIM-WJYYUWRVGLUJBSLGGREP_2010 (identical to nl63_DELIM-WJYYUWRVGLUJBSLGGREP_MG356424_DELIM-WJYYUWRVGLUJBSLGGREP_Kilifi_DELIM-WJYYUWRVGLUJBSLGGREP_HH_DELIM-WJYYUWRVGLUJBSLGGREP_0511_DELIM-WJYYUWRVGLUJBSLGGREP_01_Jun_2010_DELIM-WJYYUWRVGLUJBSLGGREP_2010) is ignored but added at the end
NOTE: nl63_DELIM-WJYYUWRVGLUJBSLGGREP_MG356419_DELIM-WJYYUWRVGLUJBSLGGREP_Kilifi_DELIM-WJYYUWRVGLUJBSLGGREP_HH_DELIM-WJYYUWRVGLUJBSLGGREP_5402_DELIM-WJYYUWRVGLUJBSLGGREP_20_May_2010_DELIM-WJYYUWRVGLUJBSLGGREP_2010 (identical to nl63_DELIM-WJYYUWRVGLUJBSLGGREP_MG356424_DELIM-WJYYUWRVGLUJBSLGGREP_Kilifi_DELIM-WJYYUWRVGLUJBSLGGREP_HH_DELIM-WJYYUWRVGLUJBSLGGREP_0511_DELIM-WJYYUWRVGLUJBSLGGREP_01_Jun_2010_DELIM-WJYYUWRVGLUJBSLGGREP_2010) is ignored but added at the end
NOTE: nl63_DELIM-WJYYUWRVGLUJBSLGGREP_MG356416_DELIM-WJYYUWRVGLUJBSLGGREP_Kilifi_DELIM-WJYYUWRVGLUJBSLGGREP_HH_DELIM-WJYYUWRVGLUJBSLGGREP_5405_DELIM-WJYYUWRVGLUJBSLGGREP_15_May_2010_DELIM-WJYYUWRVGLUJBSLGGREP_2010 (identical to nl63_DELIM-WJYYUWRVGLUJBSLGGREP_MG356424_DELIM-WJYYUWRVGLUJBSLGGREP_Kilifi_DELIM-WJYYUWRVGLUJBSLGGREP_HH_DELIM-WJYYUWRVGLUJBSLGGREP_0511_DELIM-WJYYUWRVGLUJBSLGGREP_01_Jun_2010_DELIM-WJYYUWRVGLUJBSLGGREP_2010) is ignored but added at the end
NOTE: nl63_DELIM-WJYYUWRVGLUJBSLGGREP_MG356415_DELIM-WJYYUWRVGLUJBSLGGREP_Kilifi_DELIM-WJYYUWRVGLUJBSLGGREP_IP_DELIM-WJYYUWRVGLUJBSLGGREP_002_DELIM-WJYYUWRVGLUJBSLGGREP_14_May_2010_DELIM-WJYYUWRVGLUJBSLGGREP_2010 (identical to nl63_DELIM-WJYYUWRVGLUJBSLGGREP_MG356424_DELIM-WJYYUWRVGLUJBSLGGREP_Kilifi_DELIM-WJYYUWRVGLUJBSLGGREP_HH_DELIM-WJYYUWRVGLUJBSLGGREP_0511_DELIM-WJYYUWRVGLUJBSLGGREP_01_Jun_2010_DELIM-WJYYUWRVGLUJBSLGGREP_2010) is ignored but added at the end
NOTE: nl63_DELIM-WJYYUWRVGLUJBSLGGREP_MG356420_DELIM-WJYYUWRVGLUJBSLGGREP_Kilifi_DELIM-WJYYUWRVGLUJBSLGGREP_IP_DELIM-WJYYUWRVGLUJBSLGGREP_003_DELIM-WJYYUWRVGLUJBSLGGREP_20_May_2010_DELIM-WJYYUWRVGLUJBSLGGREP_2010 (identical to nl63_DELIM-WJYYUWRVGLUJBSLGGREP_MG356424_DELIM-WJYYUWRVGLUJBSLGGREP_Kilifi_DELIM-WJYYUWRVGLUJBSLGGREP_HH_DELIM-WJYYUWRVGLUJBSLGGREP_0511_DELIM-WJYYUWRVGLUJBSLGGREP_01_Jun_2010_DELIM-WJYYUWRVGLUJBSLGGREP_2010) is ignored but added at the end
NOTE: nl63_DELIM-WJYYUWRVGLUJBSLGGREP_MG356427_DELIM-WJYYUWRVGLUJBSLGGREP_Kilifi_DELIM-WJYYUWRVGLUJBSLGGREP_IP_DELIM-WJYYUWRVGLUJBSLGGREP_004_DELIM-WJYYUWRVGLUJBSLGGREP_20_Jun_2010_DELIM-WJYYUWRVGLUJBSLGGREP_2010 (identical to nl63_DELIM-WJYYUWRVGLUJBSLGGREP_MG356424_DELIM-WJYYUWRVGLUJBSLGGREP_Kilifi_DELIM-WJYYUWRVGLUJBSLGGREP_HH_DELIM-WJYYUWRVGLUJBSLGGREP_0511_DELIM-WJYYUWRVGLUJBSLGGREP_01_Jun_2010_DELIM-WJYYUWRVGLUJBSLGGREP_2010) is ignored but added at the end
NOTE: nl63_DELIM-WJYYUWRVGLUJBSLGGREP_MG356428_DELIM-WJYYUWRVGLUJBSLGGREP_Kilifi_DELIM-WJYYUWRVGLUJBSLGGREP_IP_DELIM-WJYYUWRVGLUJBSLGGREP_005_DELIM-WJYYUWRVGLUJBSLGGREP_09_Aug_2010_DELIM-WJYYUWRVGLUJBSLGGREP_2010 (identical to nl63_DELIM-WJYYUWRVGLUJBSLGGREP_MG356424_DELIM-WJYYUWRVGLUJBSLGGREP_Kilifi_DELIM-WJYYUWRVGLUJBSLGGREP_HH_DELIM-WJYYUWRVGLUJBSLGGREP_0511_DELIM-WJYYUWRVGLUJBSLGGREP_01_Jun_2010_DELIM-WJYYUWRVGLUJBSLGGREP_2010) is ignored but added at the end
NOTE: nl63_DELIM-WJYYUWRVGLUJBSLGGREP_MG428705_DELIM-WJYYUWRVGLUJBSLGGREP_Kilifi_HH_0522_21_May_2010_DELIM-WJYYUWRVGLUJBSLGGREP_2010 (identical to nl63_DELIM-WJYYUWRVGLUJBSLGGREP_MG428703_DELIM-WJYYUWRVGLUJBSLGGREP_Kilifi_HH_0511_01_Jun_2010_DELIM-WJYYUWRVGLUJBSLGGREP_2010) is ignored but added at the end
NOTE: nl63_DELIM-WJYYUWRVGLUJBSLGGREP_MG428700_DELIM-WJYYUWRVGLUJBSLGGREP_Kilifi_HH_1602_01_Jun_2010_DELIM-WJYYUWRVGLUJBSLGGREP_2010 (identical to nl63_DELIM-WJYYUWRVGLUJBSLGGREP_MG428703_DELIM-WJYYUWRVGLUJBSLGGREP_Kilifi_HH_0511_01_Jun_2010_DELIM-WJYYUWRVGLUJBSLGGREP_2010) is ignored but added at the end
NOTE: nl63_DELIM-WJYYUWRVGLUJBSLGGREP_MG428702_DELIM-WJYYUWRVGLUJBSLGGREP_Kilifi_HH_3807_11_May_2010_DELIM-WJYYUWRVGLUJBSLGGREP_2010 (identical to nl63_DELIM-WJYYUWRVGLUJBSLGGREP_MG428703_DELIM-WJYYUWRVGLUJBSLGGREP_Kilifi_HH_0511_01_Jun_2010_DELIM-WJYYUWRVGLUJBSLGGREP_2010) is ignored but added at the end
NOTE: nl63_DELIM-WJYYUWRVGLUJBSLGGREP_MG428706_DELIM-WJYYUWRVGLUJBSLGGREP_Kilifi_HH_3808_24_May_2010_DELIM-WJYYUWRVGLUJBSLGGREP_2010 (identical to nl63_DELIM-WJYYUWRVGLUJBSLGGREP_MG428703_DELIM-WJYYUWRVGLUJBSLGGREP_Kilifi_HH_0511_01_Jun_2010_DELIM-WJYYUWRVGLUJBSLGGREP_2010) is ignored but added at the end
NOTE: nl63_DELIM-WJYYUWRVGLUJBSLGGREP_MG428704_DELIM-WJYYUWRVGLUJBSLGGREP_Kilifi_HH_5402_20_May_2010_DELIM-WJYYUWRVGLUJBSLGGREP_2010 (identical to nl63_DELIM-WJYYUWRVGLUJBSLGGREP_MG428703_DELIM-WJYYUWRVGLUJBSLGGREP_Kilifi_HH_0511_01_Jun_2010_DELIM-WJYYUWRVGLUJBSLGGREP_2010) is ignored but added at the end
NOTE: nl63_DELIM-WJYYUWRVGLUJBSLGGREP_KM055640_DELIM-WJYYUWRVGLUJBSLGGREP_225A_2007_DELIM-WJYYUWRVGLUJBSLGGREP_2007 (identical to nl63_DELIM-WJYYUWRVGLUJBSLGGREP_KM055647_DELIM-WJYYUWRVGLUJBSLGGREP_188A_2007_DELIM-WJYYUWRVGLUJBSLGGREP_2007) is ignored but added at the end
NOTE: nl63_DELIM-WJYYUWRVGLUJBSLGGREP_KM055641_DELIM-WJYYUWRVGLUJBSLGGREP_236A_2007_DELIM-WJYYUWRVGLUJBSLGGREP_2007 (identical to nl63_DELIM-WJYYUWRVGLUJBSLGGREP_KM055647_DELIM-WJYYUWRVGLUJBSLGGREP_188A_2007_DELIM-WJYYUWRVGLUJBSLGGREP_2007) is ignored but added at the end
NOTE: nl63_DELIM-WJYYUWRVGLUJBSLGGREP_KM055642_DELIM-WJYYUWRVGLUJBSLGGREP_277A_2007_DELIM-WJYYUWRVGLUJBSLGGREP_2007 (identical to nl63_DELIM-WJYYUWRVGLUJBSLGGREP_KM055647_DELIM-WJYYUWRVGLUJBSLGGREP_188A_2007_DELIM-WJYYUWRVGLUJBSLGGREP_2007) is ignored but added at the end
NOTE: nl63_DELIM-WJYYUWRVGLUJBSLGGREP_KM055645_DELIM-WJYYUWRVGLUJBSLGGREP_909A_2008_DELIM-WJYYUWRVGLUJBSLGGREP_2008 (identical to nl63_DELIM-WJYYUWRVGLUJBSLGGREP_KM055647_DELIM-WJYYUWRVGLUJBSLGGREP_188A_2007_DELIM-WJYYUWRVGLUJBSLGGREP_2007) is ignored but added at the end
NOTE: nl63_DELIM-WJYYUWRVGLUJBSLGGREP_KY862042_DELIM-WJYYUWRVGLUJBSLGGREP_NL63_DELIM-WJYYUWRVGLUJBSLGGREP_FRA_EPI_DELIM-WJYYUWRVGLUJBSLGGREP_Caen_DELIM-WJYYUWRVGLUJBSLGGREP_2012_DELIM-WJYYUWRVGLUJBSLGGREP_13_DELIM-WJYYUWRVGLUJBSLGGREP_2012 (identical to nl63_DELIM-WJYYUWRVGLUJBSLGGREP_KM055647_DELIM-WJYYUWRVGLUJBSLGGREP_188A_2007_DELIM-WJYYUWRVGLUJBSLGGREP_2007) is ignored but added at the end
NOTE: nl63_DELIM-WJYYUWRVGLUJBSLGGREP_KT359888_DELIM-WJYYUWRVGLUJBSLGGREP_12MYKL0943_DELIM-WJYYUWRVGLUJBSLGGREP_2012 (identical to nl63_DELIM-WJYYUWRVGLUJBSLGGREP_KT359872_DELIM-WJYYUWRVGLUJBSLGGREP_12MYKL0280_DELIM-WJYYUWRVGLUJBSLGGREP_2012) is ignored but added at the end
NOTE: nl63_DELIM-WJYYUWRVGLUJBSLGGREP_KT359896_DELIM-WJYYUWRVGLUJBSLGGREP_12MYKL1079_DELIM-WJYYUWRVGLUJBSLGGREP_2012 (identical to nl63_DELIM-WJYYUWRVGLUJBSLGGREP_KT359872_DELIM-WJYYUWRVGLUJBSLGGREP_12MYKL0280_DELIM-WJYYUWRVGLUJBSLGGREP_2012) is ignored but added at the end
NOTE: nl63_DELIM-WJYYUWRVGLUJBSLGGREP_KT359900_DELIM-WJYYUWRVGLUJBSLGGREP_12MYKL1195_DELIM-WJYYUWRVGLUJBSLGGREP_2012 (identical to nl63_DELIM-WJYYUWRVGLUJBSLGGREP_KT359872_DELIM-WJYYUWRVGLUJBSLGGREP_12MYKL0280_DELIM-WJYYUWRVGLUJBSLGGREP_2012) is ignored but added at the end
NOTE: nl63_DELIM-WJYYUWRVGLUJBSLGGREP_KT359905_DELIM-WJYYUWRVGLUJBSLGGREP_12MYKL1253_DELIM-WJYYUWRVGLUJBSLGGREP_2012 (identical to nl63_DELIM-WJYYUWRVGLUJBSLGGREP_KT359872_DELIM-WJYYUWRVGLUJBSLGGREP_12MYKL0280_DELIM-WJYYUWRVGLUJBSLGGREP_2012) is ignored but added at the end
NOTE: nl63_DELIM-WJYYUWRVGLUJBSLGGREP_KY674916_DELIM-WJYYUWRVGLUJBSLGGREP_N07_64B_DELIM-WJYYUWRVGLUJBSLGGREP_2016 (identical to nl63_DELIM-WJYYUWRVGLUJBSLGGREP_KY554967_DELIM-WJYYUWRVGLUJBSLGGREP_N06_1144B_DELIM-WJYYUWRVGLUJBSLGGREP_2016) is ignored but added at the end
NOTE: nl63_DELIM-WJYYUWRVGLUJBSLGGREP_KY674915_DELIM-WJYYUWRVGLUJBSLGGREP_N07_6B_DELIM-WJYYUWRVGLUJBSLGGREP_2016 (identical to nl63_DELIM-WJYYUWRVGLUJBSLGGREP_KY554967_DELIM-WJYYUWRVGLUJBSLGGREP_N06_1144B_DELIM-WJYYUWRVGLUJBSLGGREP_2016) is ignored but added at the end
NOTE: nl63_DELIM-WJYYUWRVGLUJBSLGGREP_MG356446_DELIM-WJYYUWRVGLUJBSLGGREP_Kilifi_DELIM-WJYYUWRVGLUJBSLGGREP_IP_DELIM-WJYYUWRVGLUJBSLGGREP_023_DELIM-WJYYUWRVGLUJBSLGGREP_18_Jun_2013_DELIM-WJYYUWRVGLUJBSLGGREP_2013 (identical to nl63_DELIM-WJYYUWRVGLUJBSLGGREP_MG356429_DELIM-WJYYUWRVGLUJBSLGGREP_Kilifi_DELIM-WJYYUWRVGLUJBSLGGREP_IP_DELIM-WJYYUWRVGLUJBSLGGREP_006_DELIM-WJYYUWRVGLUJBSLGGREP_28_Mar_2011_DELIM-WJYYUWRVGLUJBSLGGREP_2011) is ignored but added at the end
NOTE: nl63_DELIM-WJYYUWRVGLUJBSLGGREP_MK342133_DELIM-WJYYUWRVGLUJBSLGGREP_ChinaGD14_DELIM-WJYYUWRVGLUJBSLGGREP_2018 (identical to nl63_DELIM-WJYYUWRVGLUJBSLGGREP_MK342131_DELIM-WJYYUWRVGLUJBSLGGREP_ChinaGD12_DELIM-WJYYUWRVGLUJBSLGGREP_2018) is ignored but added at the end
NOTE: nl63_DELIM-WJYYUWRVGLUJBSLGGREP_MG356449_DELIM-WJYYUWRVGLUJBSLGGREP_Kilifi_DELIM-WJYYUWRVGLUJBSLGGREP_IP_DELIM-WJYYUWRVGLUJBSLGGREP_026_DELIM-WJYYUWRVGLUJBSLGGREP_24_Jan_2014_DELIM-WJYYUWRVGLUJBSLGGREP_2014 (identical to nl63_DELIM-WJYYUWRVGLUJBSLGGREP_MG356447_DELIM-WJYYUWRVGLUJBSLGGREP_Kilifi_DELIM-WJYYUWRVGLUJBSLGGREP_IP_DELIM-WJYYUWRVGLUJBSLGGREP_024_DELIM-WJYYUWRVGLUJBSLGGREP_09_Dec_2013_DELIM-WJYYUWRVGLUJBSLGGREP_2013) is ignored but added at the end
NOTE: nl63_DELIM-WJYYUWRVGLUJBSLGGREP_MG356451_DELIM-WJYYUWRVGLUJBSLGGREP_Kilifi_DELIM-WJYYUWRVGLUJBSLGGREP_IP_DELIM-WJYYUWRVGLUJBSLGGREP_028_DELIM-WJYYUWRVGLUJBSLGGREP_21_Feb_2014_DELIM-WJYYUWRVGLUJBSLGGREP_2014 (identical to nl63_DELIM-WJYYUWRVGLUJBSLGGREP_MG356447_DELIM-WJYYUWRVGLUJBSLGGREP_Kilifi_DELIM-WJYYUWRVGLUJBSLGGREP_IP_DELIM-WJYYUWRVGLUJBSLGGREP_024_DELIM-WJYYUWRVGLUJBSLGGREP_09_Dec_2013_DELIM-WJYYUWRVGLUJBSLGGREP_2013) is ignored but added at the end
NOTE: nl63_DELIM-WJYYUWRVGLUJBSLGGREP_KT359886_DELIM-WJYYUWRVGLUJBSLGGREP_12MYKL0880_DELIM-WJYYUWRVGLUJBSLGGREP_2012 (identical to nl63_DELIM-WJYYUWRVGLUJBSLGGREP_KT359873_DELIM-WJYYUWRVGLUJBSLGGREP_12MYKL0482_DELIM-WJYYUWRVGLUJBSLGGREP_2012) is ignored but added at the end
NOTE: nl63_DELIM-WJYYUWRVGLUJBSLGGREP_KT359887_DELIM-WJYYUWRVGLUJBSLGGREP_12MYKL0903_DELIM-WJYYUWRVGLUJBSLGGREP_2012 (identical to nl63_DELIM-WJYYUWRVGLUJBSLGGREP_KT359873_DELIM-WJYYUWRVGLUJBSLGGREP_12MYKL0482_DELIM-WJYYUWRVGLUJBSLGGREP_2012) is ignored but added at the end
NOTE: nl63_DELIM-WJYYUWRVGLUJBSLGGREP_KT359889_DELIM-WJYYUWRVGLUJBSLGGREP_12MYKL0964_DELIM-WJYYUWRVGLUJBSLGGREP_2012 (identical to nl63_DELIM-WJYYUWRVGLUJBSLGGREP_KT359873_DELIM-WJYYUWRVGLUJBSLGGREP_12MYKL0482_DELIM-WJYYUWRVGLUJBSLGGREP_2012) is ignored but added at the end
NOTE: nl63_DELIM-WJYYUWRVGLUJBSLGGREP_KT359891_DELIM-WJYYUWRVGLUJBSLGGREP_12MYKL1002_DELIM-WJYYUWRVGLUJBSLGGREP_2012 (identical to nl63_DELIM-WJYYUWRVGLUJBSLGGREP_KT359873_DELIM-WJYYUWRVGLUJBSLGGREP_12MYKL0482_DELIM-WJYYUWRVGLUJBSLGGREP_2012) is ignored but added at the end
NOTE: nl63_DELIM-WJYYUWRVGLUJBSLGGREP_KT359892_DELIM-WJYYUWRVGLUJBSLGGREP_12MYKL1007_DELIM-WJYYUWRVGLUJBSLGGREP_2012 (identical to nl63_DELIM-WJYYUWRVGLUJBSLGGREP_KT359873_DELIM-WJYYUWRVGLUJBSLGGREP_12MYKL0482_DELIM-WJYYUWRVGLUJBSLGGREP_2012) is ignored but added at the end
NOTE: nl63_DELIM-WJYYUWRVGLUJBSLGGREP_KT359899_DELIM-WJYYUWRVGLUJBSLGGREP_12MYKL1193_DELIM-WJYYUWRVGLUJBSLGGREP_2012 (identical to nl63_DELIM-WJYYUWRVGLUJBSLGGREP_KT359873_DELIM-WJYYUWRVGLUJBSLGGREP_12MYKL0482_DELIM-WJYYUWRVGLUJBSLGGREP_2012) is ignored but added at the end
NOTE: nl63_DELIM-WJYYUWRVGLUJBSLGGREP_KT359901_DELIM-WJYYUWRVGLUJBSLGGREP_12MYKL1197_DELIM-WJYYUWRVGLUJBSLGGREP_2012 (identical to nl63_DELIM-WJYYUWRVGLUJBSLGGREP_KT359873_DELIM-WJYYUWRVGLUJBSLGGREP_12MYKL0482_DELIM-WJYYUWRVGLUJBSLGGREP_2012) is ignored but added at the end
NOTE: nl63_DELIM-WJYYUWRVGLUJBSLGGREP_KT359902_DELIM-WJYYUWRVGLUJBSLGGREP_12MYKL1229_DELIM-WJYYUWRVGLUJBSLGGREP_2012 (identical to nl63_DELIM-WJYYUWRVGLUJBSLGGREP_KT359873_DELIM-WJYYUWRVGLUJBSLGGREP_12MYKL0482_DELIM-WJYYUWRVGLUJBSLGGREP_2012) is ignored but added at the end
NOTE: nl63_DELIM-WJYYUWRVGLUJBSLGGREP_KT359903_DELIM-WJYYUWRVGLUJBSLGGREP_12MYKL1238_DELIM-WJYYUWRVGLUJBSLGGREP_2012 (identical to nl63_DELIM-WJYYUWRVGLUJBSLGGREP_KT359873_DELIM-WJYYUWRVGLUJBSLGGREP_12MYKL0482_DELIM-WJYYUWRVGLUJBSLGGREP_2012) is ignored but added at the end
NOTE: nl63_DELIM-WJYYUWRVGLUJBSLGGREP_KT359904_DELIM-WJYYUWRVGLUJBSLGGREP_12MYKL1288_DELIM-WJYYUWRVGLUJBSLGGREP_2012 (identical to nl63_DELIM-WJYYUWRVGLUJBSLGGREP_KT359873_DELIM-WJYYUWRVGLUJBSLGGREP_12MYKL0482_DELIM-WJYYUWRVGLUJBSLGGREP_2012) is ignored but added at the end
NOTE: nl63_DELIM-WJYYUWRVGLUJBSLGGREP_KT359909_DELIM-WJYYUWRVGLUJBSLGGREP_12MYKL1528_DELIM-WJYYUWRVGLUJBSLGGREP_2012 (identical to nl63_DELIM-WJYYUWRVGLUJBSLGGREP_KT359873_DELIM-WJYYUWRVGLUJBSLGGREP_12MYKL0482_DELIM-WJYYUWRVGLUJBSLGGREP_2012) is ignored but added at the end
NOTE: nl63_DELIM-WJYYUWRVGLUJBSLGGREP_KT359911_DELIM-WJYYUWRVGLUJBSLGGREP_13MYKL1797_DELIM-WJYYUWRVGLUJBSLGGREP_2013 (identical to nl63_DELIM-WJYYUWRVGLUJBSLGGREP_KT359873_DELIM-WJYYUWRVGLUJBSLGGREP_12MYKL0482_DELIM-WJYYUWRVGLUJBSLGGREP_2012) is ignored but added at the end
NOTE: nl63_DELIM-WJYYUWRVGLUJBSLGGREP_MG356442_DELIM-WJYYUWRVGLUJBSLGGREP_Kilifi_DELIM-WJYYUWRVGLUJBSLGGREP_IP_DELIM-WJYYUWRVGLUJBSLGGREP_019_DELIM-WJYYUWRVGLUJBSLGGREP_04_May_2013_DELIM-WJYYUWRVGLUJBSLGGREP_2013 (identical to nl63_DELIM-WJYYUWRVGLUJBSLGGREP_MG356439_DELIM-WJYYUWRVGLUJBSLGGREP_Kilifi_DELIM-WJYYUWRVGLUJBSLGGREP_IP_DELIM-WJYYUWRVGLUJBSLGGREP_016_DELIM-WJYYUWRVGLUJBSLGGREP_08_Apr_2013_DELIM-WJYYUWRVGLUJBSLGGREP_2013) is ignored but added at the end
NOTE: nl63_DELIM-WJYYUWRVGLUJBSLGGREP_MG356444_DELIM-WJYYUWRVGLUJBSLGGREP_Kilifi_DELIM-WJYYUWRVGLUJBSLGGREP_IP_DELIM-WJYYUWRVGLUJBSLGGREP_021_DELIM-WJYYUWRVGLUJBSLGGREP_26_May_2013_DELIM-WJYYUWRVGLUJBSLGGREP_2013 (identical to nl63_DELIM-WJYYUWRVGLUJBSLGGREP_MG356439_DELIM-WJYYUWRVGLUJBSLGGREP_Kilifi_DELIM-WJYYUWRVGLUJBSLGGREP_IP_DELIM-WJYYUWRVGLUJBSLGGREP_016_DELIM-WJYYUWRVGLUJBSLGGREP_08_Apr_2013_DELIM-WJYYUWRVGLUJBSLGGREP_2013) is ignored but added at the end
Alignment was printed to results/aligned_nl63_s1-delim.fasta.uniqueseq.phy

For your convenience alignment with unique sequences printed to results/aligned_nl63_s1-delim.fasta.uniqueseq.phy

Create initial parsimony tree by phylogenetic likelihood library (PLL)... 0.003 seconds

NOTE: 2 MB RAM (0 GB) is required!
Estimate model parameters (epsilon = 0.500)
1. Initial log-likelihood: -34652.599
2. Current log-likelihood: -31809.127
3. Current log-likelihood: -31720.755
4. Current log-likelihood: -31719.307
Optimal log-likelihood: -31719.305
Rate parameters:  A-C: 0.80249  A-G: 3.01989  A-T: 0.67804  C-G: 1.55676  C-T: 7.17835  G-T: 1.00000
Base frequencies:  A: 0.251  C: 0.172  G: 0.176  T: 0.401
Parameters optimization took 4 rounds (0.286 sec)
Wrote distance file to... 
Computing ML distances based on estimated model parameters...
Calculating distance matrix: done in 0.033021 secs using 99.03% CPU
Computing ML distances took 0.033345 sec (of wall-clock time) 0.032948 sec (of CPU time)
Setting up auxiliary I and S matrices: done in 0.000515938 secs using 153.1% CPU
Constructing RapidNJ tree: done in 0.00100017 secs using 190.8% CPU
Computing RapidNJ tree took 0.001560 sec (of wall-clock time) 0.002725 sec (of CPU time)
Log-likelihood of RapidNJ tree: -8041.869
--------------------------------------------------------------------
|             INITIALIZING CANDIDATE TREE SET                      |
--------------------------------------------------------------------

Do NNI search on 2 best initial trees
Optimizing NNI: done in 0.158359 secs using 178.6% CPU
Estimate model parameters (epsilon = 0.500)
BETTER TREE FOUND at iteration 1: -7862.130
Optimizing NNI: done in 0.952665 secs using 98.37% CPU
Finish initializing candidate tree set (4)
Current best tree score: -7862.130 / CPU time: 1.253
Number of iterations: 2
TREE SEARCH COMPLETED AFTER 2 ITERATIONS / Time: 0h:0m:1s

--------------------------------------------------------------------
|                    FINALIZING TREE SEARCH                        |
--------------------------------------------------------------------
Performs final model parameters optimization
Estimate model parameters (epsilon = 0.050)
1. Initial log-likelihood: -7862.130
2. Current log-likelihood: -7862.080
Optimal log-likelihood: -7862.076
Rate parameters:  A-C: 1.74587  A-G: 3.58273  A-T: 1.17512  C-G: 1.64717  C-T: 6.24002  G-T: 1.00000
Base frequencies:  A: 0.251  C: 0.172  G: 0.176  T: 0.401
Parameters optimization took 2 rounds (0.050 sec)
BEST SCORE FOUND : -7862.076
Total tree length: 0.866

Total number of iterations: 2
CPU time used for tree search: 1.362 sec (0h:0m:1s)
Wall-clock time used for tree search: 1.254 sec (0h:0m:1s)
Total CPU time used: 1.832 sec (0h:0m:1s)
Total wall-clock time used: 1.699 sec (0h:0m:1s)

Analysis results written to: 
  IQ-TREE report:                results/aligned_nl63_s1-delim.fasta.iqtree
  Maximum-likelihood tree:       results/aligned_nl63_s1-delim.fasta.treefile
  Likelihood distances:          results/aligned_nl63_s1-delim.fasta.mldist
  Screen log file:               results/aligned_nl63_s1-delim.fasta.log

Date and Time: Fri May 13 12:37:29 2022
