IQ-TREE multicore version 2.2.0-beta COVID-edition for Mac OS X 64-bit built Mar  3 2022 built Mar  3 2022
Developed by Bui Quang Minh, James Barbetti, Nguyen Lam Tung,
Olga Chernomor, Heiko Schmidt, Dominik Schrempf, Michael Woodhams, Ly Trong Nhan.

Host:    macbook-pro-2.fhcrc.org (SSE4.2, 8 GB RAM)
Command: iqtree2 -nt 1 -s results/aligned_nl63_protein3-delim.fasta -m GTR -ninit 2 -n 2 -me 0.05
Seed:    648611 (Using SPRNG - Scalable Parallel Random Number Generator)
Time:    Fri May 13 12:36:13 2022
Kernel:  SSE2 - 1 threads (8 CPU cores detected)

HINT: Use -nt option to specify number of threads because your CPU has 8 cores!
HINT: -nt AUTO will automatically determine the best number of threads to use.

Reading alignment file results/aligned_nl63_protein3-delim.fasta ... Fasta format detected
Reading fasta file: done in 0.00129294 secs using 70.85% CPU
Alignment most likely contains DNA/RNA sequences
Constructing alignment: done in 0.000639915 secs using 77.67% CPU
Alignment has 73 sequences with 678 columns, 129 distinct patterns
22 parsimony-informative, 268 singleton sites, 388 constant sites
                                                                                                                                                                                                                                                   Gap/Ambiguity  Composition  p-value
Analyzing sequences: done in 1.81198e-05 secs using 82.78% CPU
   1  nl63_DELIM-BNKCXXPLXJJQOYCQGBZD_JX504050_DELIM-BNKCXXPLXJJQOYCQGBZD_NL63_DELIM-BNKCXXPLXJJQOYCQGBZD_RPTEC_DELIM-BNKCXXPLXJJQOYCQGBZD_2004_DELIM-BNKCXXPLXJJQOYCQGBZD_2004                                                                            0.00%    passed     99.96%
   2  nl63_DELIM-BNKCXXPLXJJQOYCQGBZD_JX104161_DELIM-BNKCXXPLXJJQOYCQGBZD_CBJ_037_DELIM-BNKCXXPLXJJQOYCQGBZD_2008                                                                                                                                          0.00%    passed    100.00%
   3  nl63_DELIM-BNKCXXPLXJJQOYCQGBZD_JX524171_DELIM-BNKCXXPLXJJQOYCQGBZD_CBJ123_DELIM-BNKCXXPLXJJQOYCQGBZD_2009                                                                                                                                           0.00%    passed    100.00%
   4  nl63_DELIM-BNKCXXPLXJJQOYCQGBZD_MK334044_DELIM-BNKCXXPLXJJQOYCQGBZD_ChinaGD03_DELIM-BNKCXXPLXJJQOYCQGBZD_2018                                                                                                                                        0.00%    passed    100.00%
   5  nl63_DELIM-BNKCXXPLXJJQOYCQGBZD_MN306018_DELIM-BNKCXXPLXJJQOYCQGBZD_HCoV_NL63_DELIM-BNKCXXPLXJJQOYCQGBZD_Seattle_DELIM-BNKCXXPLXJJQOYCQGBZD_USA_DELIM-BNKCXXPLXJJQOYCQGBZD_SC0179_DELIM-BNKCXXPLXJJQOYCQGBZD_2018_DELIM-BNKCXXPLXJJQOYCQGBZD_2018    2.80%    passed     98.80%
   6  nl63_DELIM-BNKCXXPLXJJQOYCQGBZD_MG428703_DELIM-BNKCXXPLXJJQOYCQGBZD_Kilifi_HH_0511_01_Jun_2010_DELIM-BNKCXXPLXJJQOYCQGBZD_2010                                                                                                                       0.00%    passed    100.00%
   7  nl63_DELIM-BNKCXXPLXJJQOYCQGBZD_MG428701_DELIM-BNKCXXPLXJJQOYCQGBZD_Kilifi_HH_0512_04_Jun_2010_DELIM-BNKCXXPLXJJQOYCQGBZD_2010                                                                                                                       0.00%    passed    100.00%
   8  nl63_DELIM-BNKCXXPLXJJQOYCQGBZD_MG428705_DELIM-BNKCXXPLXJJQOYCQGBZD_Kilifi_HH_0522_21_May_2010_DELIM-BNKCXXPLXJJQOYCQGBZD_2010                                                                                                                       0.00%    passed    100.00%
   9  nl63_DELIM-BNKCXXPLXJJQOYCQGBZD_MG428700_DELIM-BNKCXXPLXJJQOYCQGBZD_Kilifi_HH_1602_01_Jun_2010_DELIM-BNKCXXPLXJJQOYCQGBZD_2010                                                                                                                       0.00%    passed    100.00%
  10  nl63_DELIM-BNKCXXPLXJJQOYCQGBZD_MG428702_DELIM-BNKCXXPLXJJQOYCQGBZD_Kilifi_HH_3807_11_May_2010_DELIM-BNKCXXPLXJJQOYCQGBZD_2010                                                                                                                       0.00%    passed    100.00%
  11  nl63_DELIM-BNKCXXPLXJJQOYCQGBZD_MG428706_DELIM-BNKCXXPLXJJQOYCQGBZD_Kilifi_HH_3808_24_May_2010_DELIM-BNKCXXPLXJJQOYCQGBZD_2010                                                                                                                       0.00%    passed    100.00%
  12  nl63_DELIM-BNKCXXPLXJJQOYCQGBZD_MG428707_DELIM-BNKCXXPLXJJQOYCQGBZD_Kilifi_HH_5401_20_May_2010_DELIM-BNKCXXPLXJJQOYCQGBZD_2010                                                                                                                       0.00%    passed    100.00%
  13  nl63_DELIM-BNKCXXPLXJJQOYCQGBZD_MG428704_DELIM-BNKCXXPLXJJQOYCQGBZD_Kilifi_HH_5402_20_May_2010_DELIM-BNKCXXPLXJJQOYCQGBZD_2010                                                                                                                       0.00%    passed    100.00%
  14  nl63_DELIM-BNKCXXPLXJJQOYCQGBZD_MG428699_DELIM-BNKCXXPLXJJQOYCQGBZD_Kilifi_HH_5709_19_May_2010_DELIM-BNKCXXPLXJJQOYCQGBZD_2010                                                                                                                       0.00%    passed    100.00%
  15  nl63_DELIM-BNKCXXPLXJJQOYCQGBZD_KF530110_DELIM-BNKCXXPLXJJQOYCQGBZD_NL63_DELIM-BNKCXXPLXJJQOYCQGBZD_human_DELIM-BNKCXXPLXJJQOYCQGBZD_USA_DELIM-BNKCXXPLXJJQOYCQGBZD_838_9_DELIM-BNKCXXPLXJJQOYCQGBZD_1983_DELIM-BNKCXXPLXJJQOYCQGBZD_1983            0.00%    passed    100.00%
  16  nl63_DELIM-BNKCXXPLXJJQOYCQGBZD_KF530114_DELIM-BNKCXXPLXJJQOYCQGBZD_NL63_DELIM-BNKCXXPLXJJQOYCQGBZD_human_DELIM-BNKCXXPLXJJQOYCQGBZD_USA_DELIM-BNKCXXPLXJJQOYCQGBZD_891_4_DELIM-BNKCXXPLXJJQOYCQGBZD_1989_DELIM-BNKCXXPLXJJQOYCQGBZD_1989            0.00%    passed    100.00%
  17  nl63_DELIM-BNKCXXPLXJJQOYCQGBZD_KF530108_DELIM-BNKCXXPLXJJQOYCQGBZD_NL63_DELIM-BNKCXXPLXJJQOYCQGBZD_human_DELIM-BNKCXXPLXJJQOYCQGBZD_USA_DELIM-BNKCXXPLXJJQOYCQGBZD_891_6_DELIM-BNKCXXPLXJJQOYCQGBZD_1989_DELIM-BNKCXXPLXJJQOYCQGBZD_1989            0.00%    passed    100.00%
  18  nl63_DELIM-BNKCXXPLXJJQOYCQGBZD_KF530104_DELIM-BNKCXXPLXJJQOYCQGBZD_NL63_DELIM-BNKCXXPLXJJQOYCQGBZD_human_DELIM-BNKCXXPLXJJQOYCQGBZD_USA_DELIM-BNKCXXPLXJJQOYCQGBZD_904_20_DELIM-BNKCXXPLXJJQOYCQGBZD_1990_DELIM-BNKCXXPLXJJQOYCQGBZD_1990           0.00%    passed    100.00%
  19  nl63_DELIM-BNKCXXPLXJJQOYCQGBZD_KT266906_DELIM-BNKCXXPLXJJQOYCQGBZD_HCoV_NL63_DELIM-BNKCXXPLXJJQOYCQGBZD_Haiti_1_DELIM-BNKCXXPLXJJQOYCQGBZD_2015_DELIM-BNKCXXPLXJJQOYCQGBZD_2015                                                                     0.00%    passed     99.96%
  20  nl63_DELIM-BNKCXXPLXJJQOYCQGBZD_MK334043_DELIM-BNKCXXPLXJJQOYCQGBZD_ChinaGD02_DELIM-BNKCXXPLXJJQOYCQGBZD_2018                                                                                                                                        0.00%    passed     99.96%
  21  nl63_DELIM-BNKCXXPLXJJQOYCQGBZD_MN306040_DELIM-BNKCXXPLXJJQOYCQGBZD_HCoV_NL63_DELIM-BNKCXXPLXJJQOYCQGBZD_Seattle_DELIM-BNKCXXPLXJJQOYCQGBZD_USA_DELIM-BNKCXXPLXJJQOYCQGBZD_SC0768_DELIM-BNKCXXPLXJJQOYCQGBZD_2019_DELIM-BNKCXXPLXJJQOYCQGBZD_2019    6.78%    passed     98.66%
  22  nl63_DELIM-BNKCXXPLXJJQOYCQGBZD_JQ900257_DELIM-BNKCXXPLXJJQOYCQGBZD_NL63_DELIM-BNKCXXPLXJJQOYCQGBZD_DEN_DELIM-BNKCXXPLXJJQOYCQGBZD_2009_DELIM-BNKCXXPLXJJQOYCQGBZD_31_DELIM-BNKCXXPLXJJQOYCQGBZD_2009                                                0.00%    passed     99.96%
  23  nl63_DELIM-BNKCXXPLXJJQOYCQGBZD_KF530109_DELIM-BNKCXXPLXJJQOYCQGBZD_NL63_DELIM-BNKCXXPLXJJQOYCQGBZD_human_DELIM-BNKCXXPLXJJQOYCQGBZD_USA_DELIM-BNKCXXPLXJJQOYCQGBZD_903_28_DELIM-BNKCXXPLXJJQOYCQGBZD_1990_DELIM-BNKCXXPLXJJQOYCQGBZD_1990           0.00%    passed     99.96%
  24  nl63_DELIM-BNKCXXPLXJJQOYCQGBZD_KF530113_DELIM-BNKCXXPLXJJQOYCQGBZD_NL63_DELIM-BNKCXXPLXJJQOYCQGBZD_human_DELIM-BNKCXXPLXJJQOYCQGBZD_USA_DELIM-BNKCXXPLXJJQOYCQGBZD_905_25_DELIM-BNKCXXPLXJJQOYCQGBZD_1990_DELIM-BNKCXXPLXJJQOYCQGBZD_1990           0.00%    passed     99.96%
  25  nl63_DELIM-BNKCXXPLXJJQOYCQGBZD_MK334046_DELIM-BNKCXXPLXJJQOYCQGBZD_ChinaGD01_DELIM-BNKCXXPLXJJQOYCQGBZD_2018                                                                                                                                        0.00%    passed     99.96%
  26  nl63_DELIM-BNKCXXPLXJJQOYCQGBZD_LC488388_DELIM-BNKCXXPLXJJQOYCQGBZD_HCoVNL63_DELIM-BNKCXXPLXJJQOYCQGBZD_Tokyo_DELIM-BNKCXXPLXJJQOYCQGBZD_SGH_24_DELIM-BNKCXXPLXJJQOYCQGBZD_2018_DELIM-BNKCXXPLXJJQOYCQGBZD_2018                                      0.00%    passed     99.96%
  27  nl63_DELIM-BNKCXXPLXJJQOYCQGBZD_MK334047_DELIM-BNKCXXPLXJJQOYCQGBZD_ChinaGD04_DELIM-BNKCXXPLXJJQOYCQGBZD_2018                                                                                                                                        0.00%    passed     99.70%
  28  nl63_DELIM-BNKCXXPLXJJQOYCQGBZD_JQ765571_DELIM-BNKCXXPLXJJQOYCQGBZD_NL63_DELIM-BNKCXXPLXJJQOYCQGBZD_DEN_DELIM-BNKCXXPLXJJQOYCQGBZD_2005_DELIM-BNKCXXPLXJJQOYCQGBZD_271_DELIM-BNKCXXPLXJJQOYCQGBZD_2005                                               0.00%    passed     99.96%
  29  nl63_DELIM-BNKCXXPLXJJQOYCQGBZD_JQ765572_DELIM-BNKCXXPLXJJQOYCQGBZD_NL63_DELIM-BNKCXXPLXJJQOYCQGBZD_DEN_DELIM-BNKCXXPLXJJQOYCQGBZD_2005_DELIM-BNKCXXPLXJJQOYCQGBZD_347_DELIM-BNKCXXPLXJJQOYCQGBZD_2005                                               0.00%    passed     99.96%
  30  nl63_DELIM-BNKCXXPLXJJQOYCQGBZD_KY983586_DELIM-BNKCXXPLXJJQOYCQGBZD_HCoV_NL63_DELIM-BNKCXXPLXJJQOYCQGBZD_Seattle_DELIM-BNKCXXPLXJJQOYCQGBZD_USA_DELIM-BNKCXXPLXJJQOYCQGBZD_SC2940_DELIM-BNKCXXPLXJJQOYCQGBZD_2015_DELIM-BNKCXXPLXJJQOYCQGBZD_2015    0.00%    passed     99.54%
  31  nl63_DELIM-BNKCXXPLXJJQOYCQGBZD_LC488390_DELIM-BNKCXXPLXJJQOYCQGBZD_HCoVNL63_DELIM-BNKCXXPLXJJQOYCQGBZD_Tokyo_DELIM-BNKCXXPLXJJQOYCQGBZD_SGH_15_DELIM-BNKCXXPLXJJQOYCQGBZD_2017_DELIM-BNKCXXPLXJJQOYCQGBZD_2017                                     24.48%    passed     84.47%
  32  nl63_DELIM-BNKCXXPLXJJQOYCQGBZD_JQ765570_DELIM-BNKCXXPLXJJQOYCQGBZD_NL63_DELIM-BNKCXXPLXJJQOYCQGBZD_DEN_DELIM-BNKCXXPLXJJQOYCQGBZD_2005_DELIM-BNKCXXPLXJJQOYCQGBZD_235_DELIM-BNKCXXPLXJJQOYCQGBZD_2005                                               0.00%    passed     99.96%
  33  nl63_DELIM-BNKCXXPLXJJQOYCQGBZD_JQ765565_DELIM-BNKCXXPLXJJQOYCQGBZD_NL63_DELIM-BNKCXXPLXJJQOYCQGBZD_DEN_DELIM-BNKCXXPLXJJQOYCQGBZD_2009_DELIM-BNKCXXPLXJJQOYCQGBZD_15_DELIM-BNKCXXPLXJJQOYCQGBZD_2009                                                0.00%    passed     99.70%
  34  nl63_DELIM-BNKCXXPLXJJQOYCQGBZD_JQ900256_DELIM-BNKCXXPLXJJQOYCQGBZD_NL63_DELIM-BNKCXXPLXJJQOYCQGBZD_DEN_DELIM-BNKCXXPLXJJQOYCQGBZD_2009_DELIM-BNKCXXPLXJJQOYCQGBZD_22_DELIM-BNKCXXPLXJJQOYCQGBZD_2009                                                0.00%    passed     99.70%
  35  nl63_DELIM-BNKCXXPLXJJQOYCQGBZD_JQ765563_DELIM-BNKCXXPLXJJQOYCQGBZD_NL63_DELIM-BNKCXXPLXJJQOYCQGBZD_DEN_DELIM-BNKCXXPLXJJQOYCQGBZD_2009_DELIM-BNKCXXPLXJJQOYCQGBZD_9_DELIM-BNKCXXPLXJJQOYCQGBZD_2009                                                 0.00%    passed     99.70%
  36  nl63_DELIM-BNKCXXPLXJJQOYCQGBZD_JQ771056_DELIM-BNKCXXPLXJJQOYCQGBZD_NL63_DELIM-BNKCXXPLXJJQOYCQGBZD_DEN_DELIM-BNKCXXPLXJJQOYCQGBZD_2010_DELIM-BNKCXXPLXJJQOYCQGBZD_25_DELIM-BNKCXXPLXJJQOYCQGBZD_2010                                                6.34%    passed     98.86%
  37  nl63_DELIM-BNKCXXPLXJJQOYCQGBZD_JQ771060_DELIM-BNKCXXPLXJJQOYCQGBZD_NL63_DELIM-BNKCXXPLXJJQOYCQGBZD_DEN_DELIM-BNKCXXPLXJJQOYCQGBZD_2010_DELIM-BNKCXXPLXJJQOYCQGBZD_36_DELIM-BNKCXXPLXJJQOYCQGBZD_2010                                                6.78%    passed     99.09%
  38  nl63_DELIM-BNKCXXPLXJJQOYCQGBZD_KF530112_DELIM-BNKCXXPLXJJQOYCQGBZD_NL63_DELIM-BNKCXXPLXJJQOYCQGBZD_human_DELIM-BNKCXXPLXJJQOYCQGBZD_USA_DELIM-BNKCXXPLXJJQOYCQGBZD_0111_25_DELIM-BNKCXXPLXJJQOYCQGBZD_2001_DELIM-BNKCXXPLXJJQOYCQGBZD_2001          0.00%    passed     99.96%
  39  nl63_DELIM-BNKCXXPLXJJQOYCQGBZD_KF530106_DELIM-BNKCXXPLXJJQOYCQGBZD_NL63_DELIM-BNKCXXPLXJJQOYCQGBZD_human_DELIM-BNKCXXPLXJJQOYCQGBZD_USA_DELIM-BNKCXXPLXJJQOYCQGBZD_8712_17_DELIM-BNKCXXPLXJJQOYCQGBZD_1987_DELIM-BNKCXXPLXJJQOYCQGBZD_1987          0.00%    passed     99.96%
  40  nl63_DELIM-BNKCXXPLXJJQOYCQGBZD_KY554967_DELIM-BNKCXXPLXJJQOYCQGBZD_N06_1144B_DELIM-BNKCXXPLXJJQOYCQGBZD_2016                                                                                                                                        0.00%    passed     99.96%
  41  nl63_DELIM-BNKCXXPLXJJQOYCQGBZD_KY674916_DELIM-BNKCXXPLXJJQOYCQGBZD_N07_64B_DELIM-BNKCXXPLXJJQOYCQGBZD_2016                                                                                                                                          0.00%    passed     99.96%
  42  nl63_DELIM-BNKCXXPLXJJQOYCQGBZD_KY674915_DELIM-BNKCXXPLXJJQOYCQGBZD_N07_6B_DELIM-BNKCXXPLXJJQOYCQGBZD_2016                                                                                                                                           0.00%    passed     99.96%
  43  nl63_DELIM-BNKCXXPLXJJQOYCQGBZD_KY554968_DELIM-BNKCXXPLXJJQOYCQGBZD_N07_185B_DELIM-BNKCXXPLXJJQOYCQGBZD_2016                                                                                                                                         0.00%    passed    100.00%
  44  nl63_DELIM-BNKCXXPLXJJQOYCQGBZD_KY554970_DELIM-BNKCXXPLXJJQOYCQGBZD_N07_324B_182X_DELIM-BNKCXXPLXJJQOYCQGBZD_2016                                                                                                                                    0.00%    passed    100.00%
  45  nl63_DELIM-BNKCXXPLXJJQOYCQGBZD_MN026166_DELIM-BNKCXXPLXJJQOYCQGBZD_NL63_KLF_01_2018_DELIM-BNKCXXPLXJJQOYCQGBZD_2018                                                                                                                                 0.00%    passed    100.00%
  46  nl63_DELIM-BNKCXXPLXJJQOYCQGBZD_JQ771055_DELIM-BNKCXXPLXJJQOYCQGBZD_NL63_DELIM-BNKCXXPLXJJQOYCQGBZD_DEN_DELIM-BNKCXXPLXJJQOYCQGBZD_2010_DELIM-BNKCXXPLXJJQOYCQGBZD_20_DELIM-BNKCXXPLXJJQOYCQGBZD_2010                                                6.78%    passed     99.03%
  47  nl63_DELIM-BNKCXXPLXJJQOYCQGBZD_JQ771058_DELIM-BNKCXXPLXJJQOYCQGBZD_NL63_DELIM-BNKCXXPLXJJQOYCQGBZD_DEN_DELIM-BNKCXXPLXJJQOYCQGBZD_2010_DELIM-BNKCXXPLXJJQOYCQGBZD_31_DELIM-BNKCXXPLXJJQOYCQGBZD_2010                                                6.78%    passed     99.03%
  48  nl63_DELIM-BNKCXXPLXJJQOYCQGBZD_JQ771057_DELIM-BNKCXXPLXJJQOYCQGBZD_NL63_DELIM-BNKCXXPLXJJQOYCQGBZD_DEN_DELIM-BNKCXXPLXJJQOYCQGBZD_2010_DELIM-BNKCXXPLXJJQOYCQGBZD_28_DELIM-BNKCXXPLXJJQOYCQGBZD_2010                                                5.90%    passed     99.73%
  49  nl63_DELIM-BNKCXXPLXJJQOYCQGBZD_KY554969_DELIM-BNKCXXPLXJJQOYCQGBZD_N07_196B_DELIM-BNKCXXPLXJJQOYCQGBZD_2016                                                                                                                                         0.00%    passed     99.03%
  50  nl63_DELIM-BNKCXXPLXJJQOYCQGBZD_KY829118_DELIM-BNKCXXPLXJJQOYCQGBZD_N07_262B_DELIM-BNKCXXPLXJJQOYCQGBZD_2015                                                                                                                                         0.00%    passed     99.03%
  51  nl63_DELIM-BNKCXXPLXJJQOYCQGBZD_KY554971_DELIM-BNKCXXPLXJJQOYCQGBZD_N07_468B_176X_DELIM-BNKCXXPLXJJQOYCQGBZD_2016                                                                                                                                    0.00%    passed     99.03%
  52  nl63_DELIM-BNKCXXPLXJJQOYCQGBZD_JQ765574_DELIM-BNKCXXPLXJJQOYCQGBZD_NL63_DELIM-BNKCXXPLXJJQOYCQGBZD_DEN_DELIM-BNKCXXPLXJJQOYCQGBZD_2005_DELIM-BNKCXXPLXJJQOYCQGBZD_1862_DELIM-BNKCXXPLXJJQOYCQGBZD_2005                                              0.00%    passed     99.03%
  53  nl63_DELIM-BNKCXXPLXJJQOYCQGBZD_JQ765573_DELIM-BNKCXXPLXJJQOYCQGBZD_NL63_DELIM-BNKCXXPLXJJQOYCQGBZD_DEN_DELIM-BNKCXXPLXJJQOYCQGBZD_2005_DELIM-BNKCXXPLXJJQOYCQGBZD_1062_DELIM-BNKCXXPLXJJQOYCQGBZD_2005                                              0.00%    passed     99.54%
  54  nl63_DELIM-BNKCXXPLXJJQOYCQGBZD_JQ765568_DELIM-BNKCXXPLXJJQOYCQGBZD_NL63_DELIM-BNKCXXPLXJJQOYCQGBZD_DEN_DELIM-BNKCXXPLXJJQOYCQGBZD_2005_DELIM-BNKCXXPLXJJQOYCQGBZD_193_DELIM-BNKCXXPLXJJQOYCQGBZD_2005                                               0.00%    passed     99.54%
  55  nl63_DELIM-BNKCXXPLXJJQOYCQGBZD_JQ900259_DELIM-BNKCXXPLXJJQOYCQGBZD_NL63_DELIM-BNKCXXPLXJJQOYCQGBZD_DEN_DELIM-BNKCXXPLXJJQOYCQGBZD_2005_DELIM-BNKCXXPLXJJQOYCQGBZD_449_DELIM-BNKCXXPLXJJQOYCQGBZD_2005                                               0.00%    passed     99.54%
  56  nl63_DELIM-BNKCXXPLXJJQOYCQGBZD_KF530111_DELIM-BNKCXXPLXJJQOYCQGBZD_NL63_DELIM-BNKCXXPLXJJQOYCQGBZD_human_DELIM-BNKCXXPLXJJQOYCQGBZD_USA_DELIM-BNKCXXPLXJJQOYCQGBZD_901_24_DELIM-BNKCXXPLXJJQOYCQGBZD_1990_DELIM-BNKCXXPLXJJQOYCQGBZD_1990           0.00%    passed     99.93%
  57  nl63_DELIM-BNKCXXPLXJJQOYCQGBZD_KF530107_DELIM-BNKCXXPLXJJQOYCQGBZD_NL63_DELIM-BNKCXXPLXJJQOYCQGBZD_human_DELIM-BNKCXXPLXJJQOYCQGBZD_USA_DELIM-BNKCXXPLXJJQOYCQGBZD_911_56_DELIM-BNKCXXPLXJJQOYCQGBZD_1991_DELIM-BNKCXXPLXJJQOYCQGBZD_1991           0.00%    passed     99.93%
  58  nl63_DELIM-BNKCXXPLXJJQOYCQGBZD_MG772808_DELIM-BNKCXXPLXJJQOYCQGBZD_CN0601_DELIM-BNKCXXPLXJJQOYCQGBZD_14_DELIM-BNKCXXPLXJJQOYCQGBZD_2014                                                                                                             0.00%    passed    100.00%
  59  nl63_DELIM-BNKCXXPLXJJQOYCQGBZD_JQ765569_DELIM-BNKCXXPLXJJQOYCQGBZD_NL63_DELIM-BNKCXXPLXJJQOYCQGBZD_DEN_DELIM-BNKCXXPLXJJQOYCQGBZD_2005_DELIM-BNKCXXPLXJJQOYCQGBZD_232_DELIM-BNKCXXPLXJJQOYCQGBZD_2005                                               0.00%    passed     99.66%
  60  nl63_DELIM-BNKCXXPLXJJQOYCQGBZD_JQ900258_DELIM-BNKCXXPLXJJQOYCQGBZD_NL63_DELIM-BNKCXXPLXJJQOYCQGBZD_DEN_DELIM-BNKCXXPLXJJQOYCQGBZD_2005_DELIM-BNKCXXPLXJJQOYCQGBZD_291_DELIM-BNKCXXPLXJJQOYCQGBZD_2005                                               0.00%    passed     99.66%
  61  nl63_DELIM-BNKCXXPLXJJQOYCQGBZD_JQ771059_DELIM-BNKCXXPLXJJQOYCQGBZD_NL63_DELIM-BNKCXXPLXJJQOYCQGBZD_DEN_DELIM-BNKCXXPLXJJQOYCQGBZD_2010_DELIM-BNKCXXPLXJJQOYCQGBZD_35_DELIM-BNKCXXPLXJJQOYCQGBZD_2010                                                6.93%    passed     98.68%
  62  nl63_DELIM-BNKCXXPLXJJQOYCQGBZD_JQ765564_DELIM-BNKCXXPLXJJQOYCQGBZD_NL63_DELIM-BNKCXXPLXJJQOYCQGBZD_DEN_DELIM-BNKCXXPLXJJQOYCQGBZD_2009_DELIM-BNKCXXPLXJJQOYCQGBZD_14_DELIM-BNKCXXPLXJJQOYCQGBZD_2009                                                0.00%    passed    100.00%
  63  nl63_DELIM-BNKCXXPLXJJQOYCQGBZD_JQ765566_DELIM-BNKCXXPLXJJQOYCQGBZD_NL63_DELIM-BNKCXXPLXJJQOYCQGBZD_DEN_DELIM-BNKCXXPLXJJQOYCQGBZD_2008_DELIM-BNKCXXPLXJJQOYCQGBZD_16_DELIM-BNKCXXPLXJJQOYCQGBZD_2008                                                0.00%    passed     99.96%
  64  nl63_DELIM-BNKCXXPLXJJQOYCQGBZD_JQ900255_DELIM-BNKCXXPLXJJQOYCQGBZD_NL63_DELIM-BNKCXXPLXJJQOYCQGBZD_DEN_DELIM-BNKCXXPLXJJQOYCQGBZD_2009_DELIM-BNKCXXPLXJJQOYCQGBZD_6_DELIM-BNKCXXPLXJJQOYCQGBZD_2009                                                 0.00%    passed     99.96%
  65  nl63_DELIM-BNKCXXPLXJJQOYCQGBZD_JQ765567_DELIM-BNKCXXPLXJJQOYCQGBZD_NL63_DELIM-BNKCXXPLXJJQOYCQGBZD_DEN_DELIM-BNKCXXPLXJJQOYCQGBZD_2009_DELIM-BNKCXXPLXJJQOYCQGBZD_20_DELIM-BNKCXXPLXJJQOYCQGBZD_2009                                                0.00%    passed     99.92%
  66  nl63_DELIM-BNKCXXPLXJJQOYCQGBZD_KT381875_DELIM-BNKCXXPLXJJQOYCQGBZD_NL63_DELIM-BNKCXXPLXJJQOYCQGBZD_UF_1_DELIM-BNKCXXPLXJJQOYCQGBZD_2015_DELIM-BNKCXXPLXJJQOYCQGBZD_2015                                                                             0.00%    passed     99.92%
  67  nl63_DELIM-BNKCXXPLXJJQOYCQGBZD_KU521535_DELIM-BNKCXXPLXJJQOYCQGBZD_NL63_DELIM-BNKCXXPLXJJQOYCQGBZD_UF_2_DELIM-BNKCXXPLXJJQOYCQGBZD_2015_DELIM-BNKCXXPLXJJQOYCQGBZD_2015                                                                             0.00%    passed     99.92%
  68  nl63_DELIM-BNKCXXPLXJJQOYCQGBZD_KX179500_DELIM-BNKCXXPLXJJQOYCQGBZD_NL63_DELIM-BNKCXXPLXJJQOYCQGBZD_UF_2_DELIM-BNKCXXPLXJJQOYCQGBZD_2015_DELIM-BNKCXXPLXJJQOYCQGBZD_2015                                                                             0.00%    passed     99.92%
  69  nl63_DELIM-BNKCXXPLXJJQOYCQGBZD_KF530105_DELIM-BNKCXXPLXJJQOYCQGBZD_NL63_DELIM-BNKCXXPLXJJQOYCQGBZD_human_DELIM-BNKCXXPLXJJQOYCQGBZD_USA_DELIM-BNKCXXPLXJJQOYCQGBZD_012_31_DELIM-BNKCXXPLXJJQOYCQGBZD_2001_DELIM-BNKCXXPLXJJQOYCQGBZD_2001           0.00%    passed     97.76%
  70  nl63_DELIM-BNKCXXPLXJJQOYCQGBZD_MK334045_DELIM-BNKCXXPLXJJQOYCQGBZD_ChinaGD05_DELIM-BNKCXXPLXJJQOYCQGBZD_2018                                                                                                                                        0.00%    passed     99.63%
  71  nl63_DELIM-BNKCXXPLXJJQOYCQGBZD_JQ765575_DELIM-BNKCXXPLXJJQOYCQGBZD_NL63_DELIM-BNKCXXPLXJJQOYCQGBZD_DEN_DELIM-BNKCXXPLXJJQOYCQGBZD_2005_DELIM-BNKCXXPLXJJQOYCQGBZD_1876_DELIM-BNKCXXPLXJJQOYCQGBZD_2005                                              0.00%    passed     97.62%
  72  nl63_DELIM-BNKCXXPLXJJQOYCQGBZD_JQ900260_DELIM-BNKCXXPLXJJQOYCQGBZD_NL63_DELIM-BNKCXXPLXJJQOYCQGBZD_DEN_DELIM-BNKCXXPLXJJQOYCQGBZD_2005_DELIM-BNKCXXPLXJJQOYCQGBZD_1120_DELIM-BNKCXXPLXJJQOYCQGBZD_2005                                              6.05%    passed     99.83%
  73  229e_DELIM-BNKCXXPLXJJQOYCQGBZD_AF304460_DELIM-BNKCXXPLXJJQOYCQGBZD_229e_ref_DELIM-BNKCXXPLXJJQOYCQGBZD_Germany_DELIM-BNKCXXPLXJJQOYCQGBZD_2000                                                                                                      4.28%    failed      0.06%
****  TOTAL                                                                                                                                                                                                                                                1.15%  1 sequences failed composition chi2 test (p-value<5%; df=3)
NOTE: nl63_DELIM-BNKCXXPLXJJQOYCQGBZD_JX524171_DELIM-BNKCXXPLXJJQOYCQGBZD_CBJ123_DELIM-BNKCXXPLXJJQOYCQGBZD_2009 is identical to nl63_DELIM-BNKCXXPLXJJQOYCQGBZD_JX104161_DELIM-BNKCXXPLXJJQOYCQGBZD_CBJ_037_DELIM-BNKCXXPLXJJQOYCQGBZD_2008 but kept for subsequent analysis
NOTE: nl63_DELIM-BNKCXXPLXJJQOYCQGBZD_LC488388_DELIM-BNKCXXPLXJJQOYCQGBZD_HCoVNL63_DELIM-BNKCXXPLXJJQOYCQGBZD_Tokyo_DELIM-BNKCXXPLXJJQOYCQGBZD_SGH_24_DELIM-BNKCXXPLXJJQOYCQGBZD_2018_DELIM-BNKCXXPLXJJQOYCQGBZD_2018 is identical to nl63_DELIM-BNKCXXPLXJJQOYCQGBZD_MK334046_DELIM-BNKCXXPLXJJQOYCQGBZD_ChinaGD01_DELIM-BNKCXXPLXJJQOYCQGBZD_2018 but kept for subsequent analysis
NOTE: nl63_DELIM-BNKCXXPLXJJQOYCQGBZD_JQ765572_DELIM-BNKCXXPLXJJQOYCQGBZD_NL63_DELIM-BNKCXXPLXJJQOYCQGBZD_DEN_DELIM-BNKCXXPLXJJQOYCQGBZD_2005_DELIM-BNKCXXPLXJJQOYCQGBZD_347_DELIM-BNKCXXPLXJJQOYCQGBZD_2005 is identical to nl63_DELIM-BNKCXXPLXJJQOYCQGBZD_JQ765571_DELIM-BNKCXXPLXJJQOYCQGBZD_NL63_DELIM-BNKCXXPLXJJQOYCQGBZD_DEN_DELIM-BNKCXXPLXJJQOYCQGBZD_2005_DELIM-BNKCXXPLXJJQOYCQGBZD_271_DELIM-BNKCXXPLXJJQOYCQGBZD_2005 but kept for subsequent analysis
NOTE: nl63_DELIM-BNKCXXPLXJJQOYCQGBZD_JQ900256_DELIM-BNKCXXPLXJJQOYCQGBZD_NL63_DELIM-BNKCXXPLXJJQOYCQGBZD_DEN_DELIM-BNKCXXPLXJJQOYCQGBZD_2009_DELIM-BNKCXXPLXJJQOYCQGBZD_22_DELIM-BNKCXXPLXJJQOYCQGBZD_2009 is identical to nl63_DELIM-BNKCXXPLXJJQOYCQGBZD_JQ765565_DELIM-BNKCXXPLXJJQOYCQGBZD_NL63_DELIM-BNKCXXPLXJJQOYCQGBZD_DEN_DELIM-BNKCXXPLXJJQOYCQGBZD_2009_DELIM-BNKCXXPLXJJQOYCQGBZD_15_DELIM-BNKCXXPLXJJQOYCQGBZD_2009 but kept for subsequent analysis
NOTE: nl63_DELIM-BNKCXXPLXJJQOYCQGBZD_KY674916_DELIM-BNKCXXPLXJJQOYCQGBZD_N07_64B_DELIM-BNKCXXPLXJJQOYCQGBZD_2016 is identical to nl63_DELIM-BNKCXXPLXJJQOYCQGBZD_KY554967_DELIM-BNKCXXPLXJJQOYCQGBZD_N06_1144B_DELIM-BNKCXXPLXJJQOYCQGBZD_2016 but kept for subsequent analysis
NOTE: nl63_DELIM-BNKCXXPLXJJQOYCQGBZD_KY554970_DELIM-BNKCXXPLXJJQOYCQGBZD_N07_324B_182X_DELIM-BNKCXXPLXJJQOYCQGBZD_2016 is identical to nl63_DELIM-BNKCXXPLXJJQOYCQGBZD_KY554968_DELIM-BNKCXXPLXJJQOYCQGBZD_N07_185B_DELIM-BNKCXXPLXJJQOYCQGBZD_2016 but kept for subsequent analysis
NOTE: nl63_DELIM-BNKCXXPLXJJQOYCQGBZD_JQ771058_DELIM-BNKCXXPLXJJQOYCQGBZD_NL63_DELIM-BNKCXXPLXJJQOYCQGBZD_DEN_DELIM-BNKCXXPLXJJQOYCQGBZD_2010_DELIM-BNKCXXPLXJJQOYCQGBZD_31_DELIM-BNKCXXPLXJJQOYCQGBZD_2010 is identical to nl63_DELIM-BNKCXXPLXJJQOYCQGBZD_JQ771055_DELIM-BNKCXXPLXJJQOYCQGBZD_NL63_DELIM-BNKCXXPLXJJQOYCQGBZD_DEN_DELIM-BNKCXXPLXJJQOYCQGBZD_2010_DELIM-BNKCXXPLXJJQOYCQGBZD_20_DELIM-BNKCXXPLXJJQOYCQGBZD_2010 but kept for subsequent analysis
NOTE: nl63_DELIM-BNKCXXPLXJJQOYCQGBZD_KY829118_DELIM-BNKCXXPLXJJQOYCQGBZD_N07_262B_DELIM-BNKCXXPLXJJQOYCQGBZD_2015 is identical to nl63_DELIM-BNKCXXPLXJJQOYCQGBZD_KY554969_DELIM-BNKCXXPLXJJQOYCQGBZD_N07_196B_DELIM-BNKCXXPLXJJQOYCQGBZD_2016 but kept for subsequent analysis
NOTE: nl63_DELIM-BNKCXXPLXJJQOYCQGBZD_JQ765568_DELIM-BNKCXXPLXJJQOYCQGBZD_NL63_DELIM-BNKCXXPLXJJQOYCQGBZD_DEN_DELIM-BNKCXXPLXJJQOYCQGBZD_2005_DELIM-BNKCXXPLXJJQOYCQGBZD_193_DELIM-BNKCXXPLXJJQOYCQGBZD_2005 is identical to nl63_DELIM-BNKCXXPLXJJQOYCQGBZD_JQ765573_DELIM-BNKCXXPLXJJQOYCQGBZD_NL63_DELIM-BNKCXXPLXJJQOYCQGBZD_DEN_DELIM-BNKCXXPLXJJQOYCQGBZD_2005_DELIM-BNKCXXPLXJJQOYCQGBZD_1062_DELIM-BNKCXXPLXJJQOYCQGBZD_2005 but kept for subsequent analysis
NOTE: nl63_DELIM-BNKCXXPLXJJQOYCQGBZD_JQ900258_DELIM-BNKCXXPLXJJQOYCQGBZD_NL63_DELIM-BNKCXXPLXJJQOYCQGBZD_DEN_DELIM-BNKCXXPLXJJQOYCQGBZD_2005_DELIM-BNKCXXPLXJJQOYCQGBZD_291_DELIM-BNKCXXPLXJJQOYCQGBZD_2005 is identical to nl63_DELIM-BNKCXXPLXJJQOYCQGBZD_JQ765569_DELIM-BNKCXXPLXJJQOYCQGBZD_NL63_DELIM-BNKCXXPLXJJQOYCQGBZD_DEN_DELIM-BNKCXXPLXJJQOYCQGBZD_2005_DELIM-BNKCXXPLXJJQOYCQGBZD_232_DELIM-BNKCXXPLXJJQOYCQGBZD_2005 but kept for subsequent analysis
NOTE: nl63_DELIM-BNKCXXPLXJJQOYCQGBZD_KT381875_DELIM-BNKCXXPLXJJQOYCQGBZD_NL63_DELIM-BNKCXXPLXJJQOYCQGBZD_UF_1_DELIM-BNKCXXPLXJJQOYCQGBZD_2015_DELIM-BNKCXXPLXJJQOYCQGBZD_2015 is identical to nl63_DELIM-BNKCXXPLXJJQOYCQGBZD_JQ765567_DELIM-BNKCXXPLXJJQOYCQGBZD_NL63_DELIM-BNKCXXPLXJJQOYCQGBZD_DEN_DELIM-BNKCXXPLXJJQOYCQGBZD_2009_DELIM-BNKCXXPLXJJQOYCQGBZD_20_DELIM-BNKCXXPLXJJQOYCQGBZD_2009 but kept for subsequent analysis
Checking for duplicate sequences: done in 0.000469923 secs using 86.61% CPU
Identifying sites to remove: done in 0.000672102 secs using 95.07% CPU
NOTE: 21 identical sequences (see below) will be ignored for subsequent analysis
NOTE: nl63_DELIM-BNKCXXPLXJJQOYCQGBZD_MK334044_DELIM-BNKCXXPLXJJQOYCQGBZD_ChinaGD03_DELIM-BNKCXXPLXJJQOYCQGBZD_2018 (identical to nl63_DELIM-BNKCXXPLXJJQOYCQGBZD_JX104161_DELIM-BNKCXXPLXJJQOYCQGBZD_CBJ_037_DELIM-BNKCXXPLXJJQOYCQGBZD_2008) is ignored but added at the end
NOTE: nl63_DELIM-BNKCXXPLXJJQOYCQGBZD_MG428703_DELIM-BNKCXXPLXJJQOYCQGBZD_Kilifi_HH_0511_01_Jun_2010_DELIM-BNKCXXPLXJJQOYCQGBZD_2010 (identical to nl63_DELIM-BNKCXXPLXJJQOYCQGBZD_JX104161_DELIM-BNKCXXPLXJJQOYCQGBZD_CBJ_037_DELIM-BNKCXXPLXJJQOYCQGBZD_2008) is ignored but added at the end
NOTE: nl63_DELIM-BNKCXXPLXJJQOYCQGBZD_MG428701_DELIM-BNKCXXPLXJJQOYCQGBZD_Kilifi_HH_0512_04_Jun_2010_DELIM-BNKCXXPLXJJQOYCQGBZD_2010 (identical to nl63_DELIM-BNKCXXPLXJJQOYCQGBZD_JX104161_DELIM-BNKCXXPLXJJQOYCQGBZD_CBJ_037_DELIM-BNKCXXPLXJJQOYCQGBZD_2008) is ignored but added at the end
NOTE: nl63_DELIM-BNKCXXPLXJJQOYCQGBZD_MG428705_DELIM-BNKCXXPLXJJQOYCQGBZD_Kilifi_HH_0522_21_May_2010_DELIM-BNKCXXPLXJJQOYCQGBZD_2010 (identical to nl63_DELIM-BNKCXXPLXJJQOYCQGBZD_JX104161_DELIM-BNKCXXPLXJJQOYCQGBZD_CBJ_037_DELIM-BNKCXXPLXJJQOYCQGBZD_2008) is ignored but added at the end
NOTE: nl63_DELIM-BNKCXXPLXJJQOYCQGBZD_MG428700_DELIM-BNKCXXPLXJJQOYCQGBZD_Kilifi_HH_1602_01_Jun_2010_DELIM-BNKCXXPLXJJQOYCQGBZD_2010 (identical to nl63_DELIM-BNKCXXPLXJJQOYCQGBZD_JX104161_DELIM-BNKCXXPLXJJQOYCQGBZD_CBJ_037_DELIM-BNKCXXPLXJJQOYCQGBZD_2008) is ignored but added at the end
NOTE: nl63_DELIM-BNKCXXPLXJJQOYCQGBZD_MG428702_DELIM-BNKCXXPLXJJQOYCQGBZD_Kilifi_HH_3807_11_May_2010_DELIM-BNKCXXPLXJJQOYCQGBZD_2010 (identical to nl63_DELIM-BNKCXXPLXJJQOYCQGBZD_JX104161_DELIM-BNKCXXPLXJJQOYCQGBZD_CBJ_037_DELIM-BNKCXXPLXJJQOYCQGBZD_2008) is ignored but added at the end
NOTE: nl63_DELIM-BNKCXXPLXJJQOYCQGBZD_MG428706_DELIM-BNKCXXPLXJJQOYCQGBZD_Kilifi_HH_3808_24_May_2010_DELIM-BNKCXXPLXJJQOYCQGBZD_2010 (identical to nl63_DELIM-BNKCXXPLXJJQOYCQGBZD_JX104161_DELIM-BNKCXXPLXJJQOYCQGBZD_CBJ_037_DELIM-BNKCXXPLXJJQOYCQGBZD_2008) is ignored but added at the end
NOTE: nl63_DELIM-BNKCXXPLXJJQOYCQGBZD_MG428707_DELIM-BNKCXXPLXJJQOYCQGBZD_Kilifi_HH_5401_20_May_2010_DELIM-BNKCXXPLXJJQOYCQGBZD_2010 (identical to nl63_DELIM-BNKCXXPLXJJQOYCQGBZD_JX104161_DELIM-BNKCXXPLXJJQOYCQGBZD_CBJ_037_DELIM-BNKCXXPLXJJQOYCQGBZD_2008) is ignored but added at the end
NOTE: nl63_DELIM-BNKCXXPLXJJQOYCQGBZD_MG428704_DELIM-BNKCXXPLXJJQOYCQGBZD_Kilifi_HH_5402_20_May_2010_DELIM-BNKCXXPLXJJQOYCQGBZD_2010 (identical to nl63_DELIM-BNKCXXPLXJJQOYCQGBZD_JX104161_DELIM-BNKCXXPLXJJQOYCQGBZD_CBJ_037_DELIM-BNKCXXPLXJJQOYCQGBZD_2008) is ignored but added at the end
NOTE: nl63_DELIM-BNKCXXPLXJJQOYCQGBZD_MG428699_DELIM-BNKCXXPLXJJQOYCQGBZD_Kilifi_HH_5709_19_May_2010_DELIM-BNKCXXPLXJJQOYCQGBZD_2010 (identical to nl63_DELIM-BNKCXXPLXJJQOYCQGBZD_JX104161_DELIM-BNKCXXPLXJJQOYCQGBZD_CBJ_037_DELIM-BNKCXXPLXJJQOYCQGBZD_2008) is ignored but added at the end
NOTE: nl63_DELIM-BNKCXXPLXJJQOYCQGBZD_KF530110_DELIM-BNKCXXPLXJJQOYCQGBZD_NL63_DELIM-BNKCXXPLXJJQOYCQGBZD_human_DELIM-BNKCXXPLXJJQOYCQGBZD_USA_DELIM-BNKCXXPLXJJQOYCQGBZD_838_9_DELIM-BNKCXXPLXJJQOYCQGBZD_1983_DELIM-BNKCXXPLXJJQOYCQGBZD_1983 (identical to nl63_DELIM-BNKCXXPLXJJQOYCQGBZD_JX104161_DELIM-BNKCXXPLXJJQOYCQGBZD_CBJ_037_DELIM-BNKCXXPLXJJQOYCQGBZD_2008) is ignored but added at the end
NOTE: nl63_DELIM-BNKCXXPLXJJQOYCQGBZD_KF530114_DELIM-BNKCXXPLXJJQOYCQGBZD_NL63_DELIM-BNKCXXPLXJJQOYCQGBZD_human_DELIM-BNKCXXPLXJJQOYCQGBZD_USA_DELIM-BNKCXXPLXJJQOYCQGBZD_891_4_DELIM-BNKCXXPLXJJQOYCQGBZD_1989_DELIM-BNKCXXPLXJJQOYCQGBZD_1989 (identical to nl63_DELIM-BNKCXXPLXJJQOYCQGBZD_JX104161_DELIM-BNKCXXPLXJJQOYCQGBZD_CBJ_037_DELIM-BNKCXXPLXJJQOYCQGBZD_2008) is ignored but added at the end
NOTE: nl63_DELIM-BNKCXXPLXJJQOYCQGBZD_KF530108_DELIM-BNKCXXPLXJJQOYCQGBZD_NL63_DELIM-BNKCXXPLXJJQOYCQGBZD_human_DELIM-BNKCXXPLXJJQOYCQGBZD_USA_DELIM-BNKCXXPLXJJQOYCQGBZD_891_6_DELIM-BNKCXXPLXJJQOYCQGBZD_1989_DELIM-BNKCXXPLXJJQOYCQGBZD_1989 (identical to nl63_DELIM-BNKCXXPLXJJQOYCQGBZD_JX104161_DELIM-BNKCXXPLXJJQOYCQGBZD_CBJ_037_DELIM-BNKCXXPLXJJQOYCQGBZD_2008) is ignored but added at the end
NOTE: nl63_DELIM-BNKCXXPLXJJQOYCQGBZD_KF530104_DELIM-BNKCXXPLXJJQOYCQGBZD_NL63_DELIM-BNKCXXPLXJJQOYCQGBZD_human_DELIM-BNKCXXPLXJJQOYCQGBZD_USA_DELIM-BNKCXXPLXJJQOYCQGBZD_904_20_DELIM-BNKCXXPLXJJQOYCQGBZD_1990_DELIM-BNKCXXPLXJJQOYCQGBZD_1990 (identical to nl63_DELIM-BNKCXXPLXJJQOYCQGBZD_JX104161_DELIM-BNKCXXPLXJJQOYCQGBZD_CBJ_037_DELIM-BNKCXXPLXJJQOYCQGBZD_2008) is ignored but added at the end
NOTE: nl63_DELIM-BNKCXXPLXJJQOYCQGBZD_JQ765563_DELIM-BNKCXXPLXJJQOYCQGBZD_NL63_DELIM-BNKCXXPLXJJQOYCQGBZD_DEN_DELIM-BNKCXXPLXJJQOYCQGBZD_2009_DELIM-BNKCXXPLXJJQOYCQGBZD_9_DELIM-BNKCXXPLXJJQOYCQGBZD_2009 (identical to nl63_DELIM-BNKCXXPLXJJQOYCQGBZD_JQ765565_DELIM-BNKCXXPLXJJQOYCQGBZD_NL63_DELIM-BNKCXXPLXJJQOYCQGBZD_DEN_DELIM-BNKCXXPLXJJQOYCQGBZD_2009_DELIM-BNKCXXPLXJJQOYCQGBZD_15_DELIM-BNKCXXPLXJJQOYCQGBZD_2009) is ignored but added at the end
NOTE: nl63_DELIM-BNKCXXPLXJJQOYCQGBZD_KY674915_DELIM-BNKCXXPLXJJQOYCQGBZD_N07_6B_DELIM-BNKCXXPLXJJQOYCQGBZD_2016 (identical to nl63_DELIM-BNKCXXPLXJJQOYCQGBZD_KY554967_DELIM-BNKCXXPLXJJQOYCQGBZD_N06_1144B_DELIM-BNKCXXPLXJJQOYCQGBZD_2016) is ignored but added at the end
NOTE: nl63_DELIM-BNKCXXPLXJJQOYCQGBZD_KY554971_DELIM-BNKCXXPLXJJQOYCQGBZD_N07_468B_176X_DELIM-BNKCXXPLXJJQOYCQGBZD_2016 (identical to nl63_DELIM-BNKCXXPLXJJQOYCQGBZD_KY554969_DELIM-BNKCXXPLXJJQOYCQGBZD_N07_196B_DELIM-BNKCXXPLXJJQOYCQGBZD_2016) is ignored but added at the end
NOTE: nl63_DELIM-BNKCXXPLXJJQOYCQGBZD_JQ765574_DELIM-BNKCXXPLXJJQOYCQGBZD_NL63_DELIM-BNKCXXPLXJJQOYCQGBZD_DEN_DELIM-BNKCXXPLXJJQOYCQGBZD_2005_DELIM-BNKCXXPLXJJQOYCQGBZD_1862_DELIM-BNKCXXPLXJJQOYCQGBZD_2005 (identical to nl63_DELIM-BNKCXXPLXJJQOYCQGBZD_KY554969_DELIM-BNKCXXPLXJJQOYCQGBZD_N07_196B_DELIM-BNKCXXPLXJJQOYCQGBZD_2016) is ignored but added at the end
NOTE: nl63_DELIM-BNKCXXPLXJJQOYCQGBZD_JQ900259_DELIM-BNKCXXPLXJJQOYCQGBZD_NL63_DELIM-BNKCXXPLXJJQOYCQGBZD_DEN_DELIM-BNKCXXPLXJJQOYCQGBZD_2005_DELIM-BNKCXXPLXJJQOYCQGBZD_449_DELIM-BNKCXXPLXJJQOYCQGBZD_2005 (identical to nl63_DELIM-BNKCXXPLXJJQOYCQGBZD_JQ765573_DELIM-BNKCXXPLXJJQOYCQGBZD_NL63_DELIM-BNKCXXPLXJJQOYCQGBZD_DEN_DELIM-BNKCXXPLXJJQOYCQGBZD_2005_DELIM-BNKCXXPLXJJQOYCQGBZD_1062_DELIM-BNKCXXPLXJJQOYCQGBZD_2005) is ignored but added at the end
NOTE: nl63_DELIM-BNKCXXPLXJJQOYCQGBZD_KU521535_DELIM-BNKCXXPLXJJQOYCQGBZD_NL63_DELIM-BNKCXXPLXJJQOYCQGBZD_UF_2_DELIM-BNKCXXPLXJJQOYCQGBZD_2015_DELIM-BNKCXXPLXJJQOYCQGBZD_2015 (identical to nl63_DELIM-BNKCXXPLXJJQOYCQGBZD_JQ765567_DELIM-BNKCXXPLXJJQOYCQGBZD_NL63_DELIM-BNKCXXPLXJJQOYCQGBZD_DEN_DELIM-BNKCXXPLXJJQOYCQGBZD_2009_DELIM-BNKCXXPLXJJQOYCQGBZD_20_DELIM-BNKCXXPLXJJQOYCQGBZD_2009) is ignored but added at the end
NOTE: nl63_DELIM-BNKCXXPLXJJQOYCQGBZD_KX179500_DELIM-BNKCXXPLXJJQOYCQGBZD_NL63_DELIM-BNKCXXPLXJJQOYCQGBZD_UF_2_DELIM-BNKCXXPLXJJQOYCQGBZD_2015_DELIM-BNKCXXPLXJJQOYCQGBZD_2015 (identical to nl63_DELIM-BNKCXXPLXJJQOYCQGBZD_JQ765567_DELIM-BNKCXXPLXJJQOYCQGBZD_NL63_DELIM-BNKCXXPLXJJQOYCQGBZD_DEN_DELIM-BNKCXXPLXJJQOYCQGBZD_2009_DELIM-BNKCXXPLXJJQOYCQGBZD_20_DELIM-BNKCXXPLXJJQOYCQGBZD_2009) is ignored but added at the end
Alignment was printed to results/aligned_nl63_protein3-delim.fasta.uniqueseq.phy

For your convenience alignment with unique sequences printed to results/aligned_nl63_protein3-delim.fasta.uniqueseq.phy

Create initial parsimony tree by phylogenetic likelihood library (PLL)... 0.002 seconds

NOTE: 0 MB RAM (0 GB) is required!
Estimate model parameters (epsilon = 0.500)
1. Initial log-likelihood: -2467.084
2. Current log-likelihood: -2365.468
3. Current log-likelihood: -2357.734
4. Current log-likelihood: -2356.611
Optimal log-likelihood: -2355.940
Rate parameters:  A-C: 1.16151  A-G: 1.59370  A-T: 0.50112  C-G: 0.14265  C-T: 5.43174  G-T: 1.00000
Base frequencies:  A: 0.230  C: 0.164  G: 0.175  T: 0.431
Parameters optimization took 4 rounds (0.046 sec)
Wrote distance file to... 
Computing ML distances based on estimated model parameters...
Calculating distance matrix: done in 0.00231814 secs using 92.01% CPU
Computing ML distances took 0.002380 sec (of wall-clock time) 0.002181 sec (of CPU time)
Setting up auxiliary I and S matrices: done in 7.89165e-05 secs using 83.63% CPU
Constructing RapidNJ tree: done in 0.000189066 secs using 157.6% CPU
Computing RapidNJ tree took 0.000308 sec (of wall-clock time) 0.000396 sec (of CPU time)
Log-likelihood of RapidNJ tree: -2011.174
--------------------------------------------------------------------
|             INITIALIZING CANDIDATE TREE SET                      |
--------------------------------------------------------------------

Do NNI search on 2 best initial trees
Optimizing NNI: done in 0.0172281 secs using 179.4% CPU
Estimate model parameters (epsilon = 0.500)
BETTER TREE FOUND at iteration 1: -1991.260
Optimizing NNI: done in 0.0416889 secs using 121.7% CPU
Finish initializing candidate tree set (4)
Current best tree score: -1991.260 / CPU time: 0.084
Number of iterations: 2
TREE SEARCH COMPLETED AFTER 2 ITERATIONS / Time: 0h:0m:0s

--------------------------------------------------------------------
|                    FINALIZING TREE SEARCH                        |
--------------------------------------------------------------------
Performs final model parameters optimization
Estimate model parameters (epsilon = 0.050)
1. Initial log-likelihood: -1991.260
Optimal log-likelihood: -1991.227
Rate parameters:  A-C: 1.25082  A-G: 1.51053  A-T: 0.53412  C-G: 0.36687  C-T: 3.31647  G-T: 1.00000
Base frequencies:  A: 0.230  C: 0.164  G: 0.175  T: 0.431
Parameters optimization took 1 rounds (0.009 sec)
BEST SCORE FOUND : -1991.227
Total tree length: 0.804

Total number of iterations: 2
CPU time used for tree search: 0.127 sec (0h:0m:0s)
Wall-clock time used for tree search: 0.085 sec (0h:0m:0s)
Total CPU time used: 0.204 sec (0h:0m:0s)
Total wall-clock time used: 0.169 sec (0h:0m:0s)

Analysis results written to: 
  IQ-TREE report:                results/aligned_nl63_protein3-delim.fasta.iqtree
  Maximum-likelihood tree:       results/aligned_nl63_protein3-delim.fasta.treefile
  Likelihood distances:          results/aligned_nl63_protein3-delim.fasta.mldist
  Screen log file:               results/aligned_nl63_protein3-delim.fasta.log

Date and Time: Fri May 13 12:36:13 2022
