IQ-TREE multicore version 2.2.0-beta COVID-edition for Mac OS X 64-bit built Mar  3 2022 built Mar  3 2022
Developed by Bui Quang Minh, James Barbetti, Nguyen Lam Tung,
Olga Chernomor, Heiko Schmidt, Dominik Schrempf, Michael Woodhams, Ly Trong Nhan.

Host:    macbook-pro-2.fhcrc.org (SSE4.2, 8 GB RAM)
Command: iqtree2 -nt 1 -s results/aligned_nl63_spike-delim.fasta -m GTR -ninit 2 -n 2 -me 0.05
Seed:    428336 (Using SPRNG - Scalable Parallel Random Number Generator)
Time:    Fri May 13 12:37:10 2022
Kernel:  SSE2 - 1 threads (8 CPU cores detected)

HINT: Use -nt option to specify number of threads because your CPU has 8 cores!
HINT: -nt AUTO will automatically determine the best number of threads to use.

Reading alignment file results/aligned_nl63_spike-delim.fasta ... Fasta format detected
Reading fasta file: done in 0.0113959 secs using 95.33% CPU
Alignment most likely contains DNA/RNA sequences
Constructing alignment: done in 0.00543499 secs using 82.45% CPU
Alignment has 160 sequences with 4071 columns, 564 distinct patterns
292 parsimony-informative, 1095 singleton sites, 2684 constant sites
                                                                                                                                                                                                                                                   Gap/Ambiguity  Composition  p-value
Analyzing sequences: done in 0.000123978 secs using 95.99% CPU
   1  nl63_DELIM-ZXHKPSGERYRLVIETPPJV_JX504050_DELIM-ZXHKPSGERYRLVIETPPJV_NL63_DELIM-ZXHKPSGERYRLVIETPPJV_RPTEC_DELIM-ZXHKPSGERYRLVIETPPJV_2004_DELIM-ZXHKPSGERYRLVIETPPJV_2004                                                                            0.00%    passed     96.68%
   2  nl63_DELIM-ZXHKPSGERYRLVIETPPJV_JQ765573_DELIM-ZXHKPSGERYRLVIETPPJV_NL63_DELIM-ZXHKPSGERYRLVIETPPJV_DEN_DELIM-ZXHKPSGERYRLVIETPPJV_2005_DELIM-ZXHKPSGERYRLVIETPPJV_1062_DELIM-ZXHKPSGERYRLVIETPPJV_2005                                              0.00%    passed     96.30%
   3  nl63_DELIM-ZXHKPSGERYRLVIETPPJV_JQ765568_DELIM-ZXHKPSGERYRLVIETPPJV_NL63_DELIM-ZXHKPSGERYRLVIETPPJV_DEN_DELIM-ZXHKPSGERYRLVIETPPJV_2005_DELIM-ZXHKPSGERYRLVIETPPJV_193_DELIM-ZXHKPSGERYRLVIETPPJV_2005                                               0.00%    passed     96.56%
   4  nl63_DELIM-ZXHKPSGERYRLVIETPPJV_KY862052_DELIM-ZXHKPSGERYRLVIETPPJV_NL63_DELIM-ZXHKPSGERYRLVIETPPJV_FRA_EPI_DELIM-ZXHKPSGERYRLVIETPPJV_Caen_DELIM-ZXHKPSGERYRLVIETPPJV_2005_DELIM-ZXHKPSGERYRLVIETPPJV_03_DELIM-ZXHKPSGERYRLVIETPPJV_2005           38.00%    passed     88.97%
   5  nl63_DELIM-ZXHKPSGERYRLVIETPPJV_JQ900259_DELIM-ZXHKPSGERYRLVIETPPJV_NL63_DELIM-ZXHKPSGERYRLVIETPPJV_DEN_DELIM-ZXHKPSGERYRLVIETPPJV_2005_DELIM-ZXHKPSGERYRLVIETPPJV_449_DELIM-ZXHKPSGERYRLVIETPPJV_2005                                               0.00%    passed     96.46%
   6  nl63_DELIM-ZXHKPSGERYRLVIETPPJV_JQ765575_DELIM-ZXHKPSGERYRLVIETPPJV_NL63_DELIM-ZXHKPSGERYRLVIETPPJV_DEN_DELIM-ZXHKPSGERYRLVIETPPJV_2005_DELIM-ZXHKPSGERYRLVIETPPJV_1876_DELIM-ZXHKPSGERYRLVIETPPJV_2005                                              0.00%    passed     96.91%
   7  nl63_DELIM-ZXHKPSGERYRLVIETPPJV_JQ765571_DELIM-ZXHKPSGERYRLVIETPPJV_NL63_DELIM-ZXHKPSGERYRLVIETPPJV_DEN_DELIM-ZXHKPSGERYRLVIETPPJV_2005_DELIM-ZXHKPSGERYRLVIETPPJV_271_DELIM-ZXHKPSGERYRLVIETPPJV_2005                                               0.00%    passed     96.78%
   8  nl63_DELIM-ZXHKPSGERYRLVIETPPJV_JQ765572_DELIM-ZXHKPSGERYRLVIETPPJV_NL63_DELIM-ZXHKPSGERYRLVIETPPJV_DEN_DELIM-ZXHKPSGERYRLVIETPPJV_2005_DELIM-ZXHKPSGERYRLVIETPPJV_347_DELIM-ZXHKPSGERYRLVIETPPJV_2005                                               0.00%    passed     97.03%
   9  nl63_DELIM-ZXHKPSGERYRLVIETPPJV_JQ900260_DELIM-ZXHKPSGERYRLVIETPPJV_NL63_DELIM-ZXHKPSGERYRLVIETPPJV_DEN_DELIM-ZXHKPSGERYRLVIETPPJV_2005_DELIM-ZXHKPSGERYRLVIETPPJV_1120_DELIM-ZXHKPSGERYRLVIETPPJV_2005                                             25.92%    passed     82.79%
  10  nl63_DELIM-ZXHKPSGERYRLVIETPPJV_KY554969_DELIM-ZXHKPSGERYRLVIETPPJV_N07_196B_DELIM-ZXHKPSGERYRLVIETPPJV_2016                                                                                                                                         0.00%    passed     97.65%
  11  nl63_DELIM-ZXHKPSGERYRLVIETPPJV_KY829118_DELIM-ZXHKPSGERYRLVIETPPJV_N07_262B_DELIM-ZXHKPSGERYRLVIETPPJV_2015                                                                                                                                         0.00%    passed     97.65%
  12  nl63_DELIM-ZXHKPSGERYRLVIETPPJV_KY862054_DELIM-ZXHKPSGERYRLVIETPPJV_NL63_DELIM-ZXHKPSGERYRLVIETPPJV_FRA_EPI_DELIM-ZXHKPSGERYRLVIETPPJV_Caen_DELIM-ZXHKPSGERYRLVIETPPJV_2004_DELIM-ZXHKPSGERYRLVIETPPJV_01_DELIM-ZXHKPSGERYRLVIETPPJV_2004           38.00%    passed     84.29%
  13  nl63_DELIM-ZXHKPSGERYRLVIETPPJV_KY554971_DELIM-ZXHKPSGERYRLVIETPPJV_N07_468B_176X_DELIM-ZXHKPSGERYRLVIETPPJV_2016                                                                                                                                    0.00%    passed     97.84%
  14  nl63_DELIM-ZXHKPSGERYRLVIETPPJV_KY862053_DELIM-ZXHKPSGERYRLVIETPPJV_NL63_DELIM-ZXHKPSGERYRLVIETPPJV_FRA_EPI_DELIM-ZXHKPSGERYRLVIETPPJV_Caen_DELIM-ZXHKPSGERYRLVIETPPJV_2004_DELIM-ZXHKPSGERYRLVIETPPJV_02_DELIM-ZXHKPSGERYRLVIETPPJV_2004           38.00%    passed     85.40%
  15  nl63_DELIM-ZXHKPSGERYRLVIETPPJV_JQ765574_DELIM-ZXHKPSGERYRLVIETPPJV_NL63_DELIM-ZXHKPSGERYRLVIETPPJV_DEN_DELIM-ZXHKPSGERYRLVIETPPJV_2005_DELIM-ZXHKPSGERYRLVIETPPJV_1862_DELIM-ZXHKPSGERYRLVIETPPJV_2005                                              0.00%    passed     97.06%
  16  nl63_DELIM-ZXHKPSGERYRLVIETPPJV_KF530105_DELIM-ZXHKPSGERYRLVIETPPJV_NL63_DELIM-ZXHKPSGERYRLVIETPPJV_human_DELIM-ZXHKPSGERYRLVIETPPJV_USA_DELIM-ZXHKPSGERYRLVIETPPJV_012_31_DELIM-ZXHKPSGERYRLVIETPPJV_2001_DELIM-ZXHKPSGERYRLVIETPPJV_2001           0.00%    passed     96.79%
  17  nl63_DELIM-ZXHKPSGERYRLVIETPPJV_KF530110_DELIM-ZXHKPSGERYRLVIETPPJV_NL63_DELIM-ZXHKPSGERYRLVIETPPJV_human_DELIM-ZXHKPSGERYRLVIETPPJV_USA_DELIM-ZXHKPSGERYRLVIETPPJV_838_9_DELIM-ZXHKPSGERYRLVIETPPJV_1983_DELIM-ZXHKPSGERYRLVIETPPJV_1983            0.00%    passed     95.36%
  18  nl63_DELIM-ZXHKPSGERYRLVIETPPJV_KF530106_DELIM-ZXHKPSGERYRLVIETPPJV_NL63_DELIM-ZXHKPSGERYRLVIETPPJV_human_DELIM-ZXHKPSGERYRLVIETPPJV_USA_DELIM-ZXHKPSGERYRLVIETPPJV_8712_17_DELIM-ZXHKPSGERYRLVIETPPJV_1987_DELIM-ZXHKPSGERYRLVIETPPJV_1987          0.07%    passed     96.82%
  19  nl63_DELIM-ZXHKPSGERYRLVIETPPJV_KF530114_DELIM-ZXHKPSGERYRLVIETPPJV_NL63_DELIM-ZXHKPSGERYRLVIETPPJV_human_DELIM-ZXHKPSGERYRLVIETPPJV_USA_DELIM-ZXHKPSGERYRLVIETPPJV_891_4_DELIM-ZXHKPSGERYRLVIETPPJV_1989_DELIM-ZXHKPSGERYRLVIETPPJV_1989            0.07%    passed     95.98%
  20  nl63_DELIM-ZXHKPSGERYRLVIETPPJV_KF530108_DELIM-ZXHKPSGERYRLVIETPPJV_NL63_DELIM-ZXHKPSGERYRLVIETPPJV_human_DELIM-ZXHKPSGERYRLVIETPPJV_USA_DELIM-ZXHKPSGERYRLVIETPPJV_891_6_DELIM-ZXHKPSGERYRLVIETPPJV_1989_DELIM-ZXHKPSGERYRLVIETPPJV_1989            0.07%    passed     95.98%
  21  nl63_DELIM-ZXHKPSGERYRLVIETPPJV_KF530104_DELIM-ZXHKPSGERYRLVIETPPJV_NL63_DELIM-ZXHKPSGERYRLVIETPPJV_human_DELIM-ZXHKPSGERYRLVIETPPJV_USA_DELIM-ZXHKPSGERYRLVIETPPJV_904_20_DELIM-ZXHKPSGERYRLVIETPPJV_1990_DELIM-ZXHKPSGERYRLVIETPPJV_1990           0.07%    passed     95.98%
  22  nl63_DELIM-ZXHKPSGERYRLVIETPPJV_KF530109_DELIM-ZXHKPSGERYRLVIETPPJV_NL63_DELIM-ZXHKPSGERYRLVIETPPJV_human_DELIM-ZXHKPSGERYRLVIETPPJV_USA_DELIM-ZXHKPSGERYRLVIETPPJV_903_28_DELIM-ZXHKPSGERYRLVIETPPJV_1990_DELIM-ZXHKPSGERYRLVIETPPJV_1990           0.07%    passed     96.44%
  23  nl63_DELIM-ZXHKPSGERYRLVIETPPJV_KF530113_DELIM-ZXHKPSGERYRLVIETPPJV_NL63_DELIM-ZXHKPSGERYRLVIETPPJV_human_DELIM-ZXHKPSGERYRLVIETPPJV_USA_DELIM-ZXHKPSGERYRLVIETPPJV_905_25_DELIM-ZXHKPSGERYRLVIETPPJV_1990_DELIM-ZXHKPSGERYRLVIETPPJV_1990           0.07%    passed     95.44%
  24  nl63_DELIM-ZXHKPSGERYRLVIETPPJV_KF530107_DELIM-ZXHKPSGERYRLVIETPPJV_NL63_DELIM-ZXHKPSGERYRLVIETPPJV_human_DELIM-ZXHKPSGERYRLVIETPPJV_USA_DELIM-ZXHKPSGERYRLVIETPPJV_911_56_DELIM-ZXHKPSGERYRLVIETPPJV_1991_DELIM-ZXHKPSGERYRLVIETPPJV_1991           0.07%    passed     95.88%
  25  nl63_DELIM-ZXHKPSGERYRLVIETPPJV_KF530111_DELIM-ZXHKPSGERYRLVIETPPJV_NL63_DELIM-ZXHKPSGERYRLVIETPPJV_human_DELIM-ZXHKPSGERYRLVIETPPJV_USA_DELIM-ZXHKPSGERYRLVIETPPJV_901_24_DELIM-ZXHKPSGERYRLVIETPPJV_1990_DELIM-ZXHKPSGERYRLVIETPPJV_1990           0.07%    passed     95.98%
  26  nl63_DELIM-ZXHKPSGERYRLVIETPPJV_KT266906_DELIM-ZXHKPSGERYRLVIETPPJV_HCoV_NL63_DELIM-ZXHKPSGERYRLVIETPPJV_Haiti_1_DELIM-ZXHKPSGERYRLVIETPPJV_2015_DELIM-ZXHKPSGERYRLVIETPPJV_2015                                                                     0.00%    passed     98.39%
  27  nl63_DELIM-ZXHKPSGERYRLVIETPPJV_KX179494_DELIM-ZXHKPSGERYRLVIETPPJV_NL63_DELIM-ZXHKPSGERYRLVIETPPJV_Haiti_2_DELIM-ZXHKPSGERYRLVIETPPJV_2015_DELIM-ZXHKPSGERYRLVIETPPJV_2015                                                                          0.00%    passed     98.39%
  28  nl63_DELIM-ZXHKPSGERYRLVIETPPJV_KX179495_DELIM-ZXHKPSGERYRLVIETPPJV_NL63_DELIM-ZXHKPSGERYRLVIETPPJV_Haiti_3_DELIM-ZXHKPSGERYRLVIETPPJV_2015_DELIM-ZXHKPSGERYRLVIETPPJV_2015                                                                          0.00%    passed     98.39%
  29  nl63_DELIM-ZXHKPSGERYRLVIETPPJV_KX179496_DELIM-ZXHKPSGERYRLVIETPPJV_NL63_DELIM-ZXHKPSGERYRLVIETPPJV_Haiti_4_DELIM-ZXHKPSGERYRLVIETPPJV_2015_DELIM-ZXHKPSGERYRLVIETPPJV_2015                                                                          0.00%    passed     98.39%
  30  nl63_DELIM-ZXHKPSGERYRLVIETPPJV_KM055632_DELIM-ZXHKPSGERYRLVIETPPJV_1014A_2008_DELIM-ZXHKPSGERYRLVIETPPJV_2008                                                                                                                                       0.00%    passed     97.90%
  31  nl63_DELIM-ZXHKPSGERYRLVIETPPJV_KM055635_DELIM-ZXHKPSGERYRLVIETPPJV_1093A_2008_DELIM-ZXHKPSGERYRLVIETPPJV_2008                                                                                                                                       0.00%    passed     98.05%
  32  nl63_DELIM-ZXHKPSGERYRLVIETPPJV_KM055637_DELIM-ZXHKPSGERYRLVIETPPJV_945A_2008_DELIM-ZXHKPSGERYRLVIETPPJV_2008                                                                                                                                        0.00%    passed     98.05%
  33  nl63_DELIM-ZXHKPSGERYRLVIETPPJV_KY862043_DELIM-ZXHKPSGERYRLVIETPPJV_NL63_DELIM-ZXHKPSGERYRLVIETPPJV_FRA_EPI_DELIM-ZXHKPSGERYRLVIETPPJV_Caen_DELIM-ZXHKPSGERYRLVIETPPJV_2011_DELIM-ZXHKPSGERYRLVIETPPJV_12_DELIM-ZXHKPSGERYRLVIETPPJV_2011           38.00%    passed     84.12%
  34  nl63_DELIM-ZXHKPSGERYRLVIETPPJV_JQ900257_DELIM-ZXHKPSGERYRLVIETPPJV_NL63_DELIM-ZXHKPSGERYRLVIETPPJV_DEN_DELIM-ZXHKPSGERYRLVIETPPJV_2009_DELIM-ZXHKPSGERYRLVIETPPJV_31_DELIM-ZXHKPSGERYRLVIETPPJV_2009                                                0.02%    passed     98.32%
  35  nl63_DELIM-ZXHKPSGERYRLVIETPPJV_KM055649_DELIM-ZXHKPSGERYRLVIETPPJV_996A_2008_DELIM-ZXHKPSGERYRLVIETPPJV_2008                                                                                                                                        0.00%    passed     97.81%
  36  nl63_DELIM-ZXHKPSGERYRLVIETPPJV_KM055633_DELIM-ZXHKPSGERYRLVIETPPJV_2093A_2010_DELIM-ZXHKPSGERYRLVIETPPJV_2010                                                                                                                                       0.00%    passed     98.32%
  37  nl63_DELIM-ZXHKPSGERYRLVIETPPJV_JX524171_DELIM-ZXHKPSGERYRLVIETPPJV_CBJ123_DELIM-ZXHKPSGERYRLVIETPPJV_2009                                                                                                                                           0.00%    passed     98.14%
  38  nl63_DELIM-ZXHKPSGERYRLVIETPPJV_MG356424_DELIM-ZXHKPSGERYRLVIETPPJV_Kilifi_DELIM-ZXHKPSGERYRLVIETPPJV_HH_DELIM-ZXHKPSGERYRLVIETPPJV_0511_DELIM-ZXHKPSGERYRLVIETPPJV_01_Jun_2010_DELIM-ZXHKPSGERYRLVIETPPJV_2010                                     46.08%    passed     80.94%
  39  nl63_DELIM-ZXHKPSGERYRLVIETPPJV_MG356426_DELIM-ZXHKPSGERYRLVIETPPJV_Kilifi_DELIM-ZXHKPSGERYRLVIETPPJV_HH_DELIM-ZXHKPSGERYRLVIETPPJV_0512_DELIM-ZXHKPSGERYRLVIETPPJV_04_Jun_2010_DELIM-ZXHKPSGERYRLVIETPPJV_2010                                     46.08%    passed     80.94%
  40  nl63_DELIM-ZXHKPSGERYRLVIETPPJV_MG356422_DELIM-ZXHKPSGERYRLVIETPPJV_Kilifi_DELIM-ZXHKPSGERYRLVIETPPJV_HH_DELIM-ZXHKPSGERYRLVIETPPJV_0522_DELIM-ZXHKPSGERYRLVIETPPJV_21_May_2010_DELIM-ZXHKPSGERYRLVIETPPJV_2010                                     46.08%    passed     80.94%
  41  nl63_DELIM-ZXHKPSGERYRLVIETPPJV_MG356417_DELIM-ZXHKPSGERYRLVIETPPJV_Kilifi_DELIM-ZXHKPSGERYRLVIETPPJV_HH_DELIM-ZXHKPSGERYRLVIETPPJV_1612_DELIM-ZXHKPSGERYRLVIETPPJV_18_May_2010_DELIM-ZXHKPSGERYRLVIETPPJV_2010                                     46.08%    passed     80.94%
  42  nl63_DELIM-ZXHKPSGERYRLVIETPPJV_MG356414_DELIM-ZXHKPSGERYRLVIETPPJV_Kilifi_DELIM-ZXHKPSGERYRLVIETPPJV_HH_DELIM-ZXHKPSGERYRLVIETPPJV_3807_DELIM-ZXHKPSGERYRLVIETPPJV_11_May_2010_DELIM-ZXHKPSGERYRLVIETPPJV_2010                                     46.08%    passed     80.94%
  43  nl63_DELIM-ZXHKPSGERYRLVIETPPJV_MG356423_DELIM-ZXHKPSGERYRLVIETPPJV_Kilifi_DELIM-ZXHKPSGERYRLVIETPPJV_HH_DELIM-ZXHKPSGERYRLVIETPPJV_3808_DELIM-ZXHKPSGERYRLVIETPPJV_24_May_2010_DELIM-ZXHKPSGERYRLVIETPPJV_2010                                     46.08%    passed     80.94%
  44  nl63_DELIM-ZXHKPSGERYRLVIETPPJV_MG356419_DELIM-ZXHKPSGERYRLVIETPPJV_Kilifi_DELIM-ZXHKPSGERYRLVIETPPJV_HH_DELIM-ZXHKPSGERYRLVIETPPJV_5402_DELIM-ZXHKPSGERYRLVIETPPJV_20_May_2010_DELIM-ZXHKPSGERYRLVIETPPJV_2010                                     46.08%    passed     80.94%
  45  nl63_DELIM-ZXHKPSGERYRLVIETPPJV_MG356416_DELIM-ZXHKPSGERYRLVIETPPJV_Kilifi_DELIM-ZXHKPSGERYRLVIETPPJV_HH_DELIM-ZXHKPSGERYRLVIETPPJV_5405_DELIM-ZXHKPSGERYRLVIETPPJV_15_May_2010_DELIM-ZXHKPSGERYRLVIETPPJV_2010                                     46.08%    passed     80.94%
  46  nl63_DELIM-ZXHKPSGERYRLVIETPPJV_MG356415_DELIM-ZXHKPSGERYRLVIETPPJV_Kilifi_DELIM-ZXHKPSGERYRLVIETPPJV_IP_DELIM-ZXHKPSGERYRLVIETPPJV_002_DELIM-ZXHKPSGERYRLVIETPPJV_14_May_2010_DELIM-ZXHKPSGERYRLVIETPPJV_2010                                      46.08%    passed     80.94%
  47  nl63_DELIM-ZXHKPSGERYRLVIETPPJV_MG356420_DELIM-ZXHKPSGERYRLVIETPPJV_Kilifi_DELIM-ZXHKPSGERYRLVIETPPJV_IP_DELIM-ZXHKPSGERYRLVIETPPJV_003_DELIM-ZXHKPSGERYRLVIETPPJV_20_May_2010_DELIM-ZXHKPSGERYRLVIETPPJV_2010                                      46.08%    passed     80.94%
  48  nl63_DELIM-ZXHKPSGERYRLVIETPPJV_MG356427_DELIM-ZXHKPSGERYRLVIETPPJV_Kilifi_DELIM-ZXHKPSGERYRLVIETPPJV_IP_DELIM-ZXHKPSGERYRLVIETPPJV_004_DELIM-ZXHKPSGERYRLVIETPPJV_20_Jun_2010_DELIM-ZXHKPSGERYRLVIETPPJV_2010                                      46.08%    passed     80.94%
  49  nl63_DELIM-ZXHKPSGERYRLVIETPPJV_MG356428_DELIM-ZXHKPSGERYRLVIETPPJV_Kilifi_DELIM-ZXHKPSGERYRLVIETPPJV_IP_DELIM-ZXHKPSGERYRLVIETPPJV_005_DELIM-ZXHKPSGERYRLVIETPPJV_09_Aug_2010_DELIM-ZXHKPSGERYRLVIETPPJV_2010                                      46.08%    passed     80.94%
  50  nl63_DELIM-ZXHKPSGERYRLVIETPPJV_MG428703_DELIM-ZXHKPSGERYRLVIETPPJV_Kilifi_HH_0511_01_Jun_2010_DELIM-ZXHKPSGERYRLVIETPPJV_2010                                                                                                                       0.00%    passed     98.23%
  51  nl63_DELIM-ZXHKPSGERYRLVIETPPJV_MG428701_DELIM-ZXHKPSGERYRLVIETPPJV_Kilifi_HH_0512_04_Jun_2010_DELIM-ZXHKPSGERYRLVIETPPJV_2010                                                                                                                       0.00%    passed     98.23%
  52  nl63_DELIM-ZXHKPSGERYRLVIETPPJV_MG428705_DELIM-ZXHKPSGERYRLVIETPPJV_Kilifi_HH_0522_21_May_2010_DELIM-ZXHKPSGERYRLVIETPPJV_2010                                                                                                                       0.00%    passed     98.23%
  53  nl63_DELIM-ZXHKPSGERYRLVIETPPJV_MG428700_DELIM-ZXHKPSGERYRLVIETPPJV_Kilifi_HH_1602_01_Jun_2010_DELIM-ZXHKPSGERYRLVIETPPJV_2010                                                                                                                       0.00%    passed     98.23%
  54  nl63_DELIM-ZXHKPSGERYRLVIETPPJV_MG428702_DELIM-ZXHKPSGERYRLVIETPPJV_Kilifi_HH_3807_11_May_2010_DELIM-ZXHKPSGERYRLVIETPPJV_2010                                                                                                                       0.00%    passed     98.23%
  55  nl63_DELIM-ZXHKPSGERYRLVIETPPJV_MG428706_DELIM-ZXHKPSGERYRLVIETPPJV_Kilifi_HH_3808_24_May_2010_DELIM-ZXHKPSGERYRLVIETPPJV_2010                                                                                                                       0.00%    passed     98.23%
  56  nl63_DELIM-ZXHKPSGERYRLVIETPPJV_MG428704_DELIM-ZXHKPSGERYRLVIETPPJV_Kilifi_HH_5402_20_May_2010_DELIM-ZXHKPSGERYRLVIETPPJV_2010                                                                                                                       0.00%    passed     98.23%
  57  nl63_DELIM-ZXHKPSGERYRLVIETPPJV_MG356418_DELIM-ZXHKPSGERYRLVIETPPJV_Kilifi_DELIM-ZXHKPSGERYRLVIETPPJV_HH_DELIM-ZXHKPSGERYRLVIETPPJV_5709_DELIM-ZXHKPSGERYRLVIETPPJV_19_May_2010_DELIM-ZXHKPSGERYRLVIETPPJV_2010                                     46.08%    passed     79.90%
  58  nl63_DELIM-ZXHKPSGERYRLVIETPPJV_MG428699_DELIM-ZXHKPSGERYRLVIETPPJV_Kilifi_HH_5709_19_May_2010_DELIM-ZXHKPSGERYRLVIETPPJV_2010                                                                                                                       0.00%    passed     98.34%
  59  nl63_DELIM-ZXHKPSGERYRLVIETPPJV_KM055636_DELIM-ZXHKPSGERYRLVIETPPJV_940A_2008_DELIM-ZXHKPSGERYRLVIETPPJV_2008                                                                                                                                        0.00%    passed     98.07%
  60  nl63_DELIM-ZXHKPSGERYRLVIETPPJV_KM055650_DELIM-ZXHKPSGERYRLVIETPPJV_930A_2008_DELIM-ZXHKPSGERYRLVIETPPJV_2008                                                                                                                                        0.00%    passed     97.69%
  61  nl63_DELIM-ZXHKPSGERYRLVIETPPJV_JX104161_DELIM-ZXHKPSGERYRLVIETPPJV_CBJ_037_DELIM-ZXHKPSGERYRLVIETPPJV_2008                                                                                                                                          0.00%    passed     97.83%
  62  nl63_DELIM-ZXHKPSGERYRLVIETPPJV_KM055634_DELIM-ZXHKPSGERYRLVIETPPJV_1023A_2008_DELIM-ZXHKPSGERYRLVIETPPJV_2008                                                                                                                                       0.00%    passed     98.14%
  63  nl63_DELIM-ZXHKPSGERYRLVIETPPJV_KY862039_DELIM-ZXHKPSGERYRLVIETPPJV_NL63_DELIM-ZXHKPSGERYRLVIETPPJV_FRA_EPI_DELIM-ZXHKPSGERYRLVIETPPJV_Caen_DELIM-ZXHKPSGERYRLVIETPPJV_2013_DELIM-ZXHKPSGERYRLVIETPPJV_16_DELIM-ZXHKPSGERYRLVIETPPJV_2013           38.00%    passed     85.95%
  64  nl63_DELIM-ZXHKPSGERYRLVIETPPJV_MG356425_DELIM-ZXHKPSGERYRLVIETPPJV_Kilifi_DELIM-ZXHKPSGERYRLVIETPPJV_HH_DELIM-ZXHKPSGERYRLVIETPPJV_0503_DELIM-ZXHKPSGERYRLVIETPPJV_04_Jun_2010_DELIM-ZXHKPSGERYRLVIETPPJV_2010                                     46.08%    passed     81.71%
  65  nl63_DELIM-ZXHKPSGERYRLVIETPPJV_MG356447_DELIM-ZXHKPSGERYRLVIETPPJV_Kilifi_DELIM-ZXHKPSGERYRLVIETPPJV_IP_DELIM-ZXHKPSGERYRLVIETPPJV_024_DELIM-ZXHKPSGERYRLVIETPPJV_09_Dec_2013_DELIM-ZXHKPSGERYRLVIETPPJV_2013                                      46.16%    passed     78.45%
  66  nl63_DELIM-ZXHKPSGERYRLVIETPPJV_MG356448_DELIM-ZXHKPSGERYRLVIETPPJV_Kilifi_DELIM-ZXHKPSGERYRLVIETPPJV_IP_DELIM-ZXHKPSGERYRLVIETPPJV_025_DELIM-ZXHKPSGERYRLVIETPPJV_21_Jan_2014_DELIM-ZXHKPSGERYRLVIETPPJV_2014                                      46.16%    passed     78.45%
  67  nl63_DELIM-ZXHKPSGERYRLVIETPPJV_MG356449_DELIM-ZXHKPSGERYRLVIETPPJV_Kilifi_DELIM-ZXHKPSGERYRLVIETPPJV_IP_DELIM-ZXHKPSGERYRLVIETPPJV_026_DELIM-ZXHKPSGERYRLVIETPPJV_24_Jan_2014_DELIM-ZXHKPSGERYRLVIETPPJV_2014                                      46.16%    passed     78.45%
  68  nl63_DELIM-ZXHKPSGERYRLVIETPPJV_MG356451_DELIM-ZXHKPSGERYRLVIETPPJV_Kilifi_DELIM-ZXHKPSGERYRLVIETPPJV_IP_DELIM-ZXHKPSGERYRLVIETPPJV_028_DELIM-ZXHKPSGERYRLVIETPPJV_21_Feb_2014_DELIM-ZXHKPSGERYRLVIETPPJV_2014                                      46.16%    passed     78.45%
  69  nl63_DELIM-ZXHKPSGERYRLVIETPPJV_KY862040_DELIM-ZXHKPSGERYRLVIETPPJV_NL63_DELIM-ZXHKPSGERYRLVIETPPJV_FRA_EPI_DELIM-ZXHKPSGERYRLVIETPPJV_Caen_DELIM-ZXHKPSGERYRLVIETPPJV_2013_DELIM-ZXHKPSGERYRLVIETPPJV_15_DELIM-ZXHKPSGERYRLVIETPPJV_2013           38.07%    passed     82.27%
  70  nl63_DELIM-ZXHKPSGERYRLVIETPPJV_KY862038_DELIM-ZXHKPSGERYRLVIETPPJV_NL63_DELIM-ZXHKPSGERYRLVIETPPJV_FRA_EPI_DELIM-ZXHKPSGERYRLVIETPPJV_Caen_DELIM-ZXHKPSGERYRLVIETPPJV_2014_DELIM-ZXHKPSGERYRLVIETPPJV_17_DELIM-ZXHKPSGERYRLVIETPPJV_2014           38.07%    passed     81.83%
  71  nl63_DELIM-ZXHKPSGERYRLVIETPPJV_MG356450_DELIM-ZXHKPSGERYRLVIETPPJV_Kilifi_DELIM-ZXHKPSGERYRLVIETPPJV_IP_DELIM-ZXHKPSGERYRLVIETPPJV_027_DELIM-ZXHKPSGERYRLVIETPPJV_26_Jan_2014_DELIM-ZXHKPSGERYRLVIETPPJV_2014                                      46.16%    passed     78.88%
  72  nl63_DELIM-ZXHKPSGERYRLVIETPPJV_KY862037_DELIM-ZXHKPSGERYRLVIETPPJV_NL63_DELIM-ZXHKPSGERYRLVIETPPJV_FRA_EPI_DELIM-ZXHKPSGERYRLVIETPPJV_Caen_DELIM-ZXHKPSGERYRLVIETPPJV_2014_DELIM-ZXHKPSGERYRLVIETPPJV_18_DELIM-ZXHKPSGERYRLVIETPPJV_2014           38.07%    passed     82.85%
  73  nl63_DELIM-ZXHKPSGERYRLVIETPPJV_MG356452_DELIM-ZXHKPSGERYRLVIETPPJV_Kilifi_DELIM-ZXHKPSGERYRLVIETPPJV_IP_DELIM-ZXHKPSGERYRLVIETPPJV_029_DELIM-ZXHKPSGERYRLVIETPPJV_27_May_2014_DELIM-ZXHKPSGERYRLVIETPPJV_2014                                      46.16%    passed     77.41%
  74  nl63_DELIM-ZXHKPSGERYRLVIETPPJV_KY862036_DELIM-ZXHKPSGERYRLVIETPPJV_NL63_DELIM-ZXHKPSGERYRLVIETPPJV_FRA_EPI_DELIM-ZXHKPSGERYRLVIETPPJV_Caen_DELIM-ZXHKPSGERYRLVIETPPJV_2015_DELIM-ZXHKPSGERYRLVIETPPJV_19_DELIM-ZXHKPSGERYRLVIETPPJV_2015           38.07%    passed     81.24%
  75  nl63_DELIM-ZXHKPSGERYRLVIETPPJV_KM055638_DELIM-ZXHKPSGERYRLVIETPPJV_180A_2007_DELIM-ZXHKPSGERYRLVIETPPJV_2007                                                                                                                                        0.00%    passed     97.20%
  76  nl63_DELIM-ZXHKPSGERYRLVIETPPJV_KM055647_DELIM-ZXHKPSGERYRLVIETPPJV_188A_2007_DELIM-ZXHKPSGERYRLVIETPPJV_2007                                                                                                                                        0.00%    passed     97.48%
  77  nl63_DELIM-ZXHKPSGERYRLVIETPPJV_KM055645_DELIM-ZXHKPSGERYRLVIETPPJV_909A_2008_DELIM-ZXHKPSGERYRLVIETPPJV_2008                                                                                                                                        0.00%    passed     97.48%
  78  nl63_DELIM-ZXHKPSGERYRLVIETPPJV_KM055640_DELIM-ZXHKPSGERYRLVIETPPJV_225A_2007_DELIM-ZXHKPSGERYRLVIETPPJV_2007                                                                                                                                        0.00%    passed     97.20%
  79  nl63_DELIM-ZXHKPSGERYRLVIETPPJV_KM055641_DELIM-ZXHKPSGERYRLVIETPPJV_236A_2007_DELIM-ZXHKPSGERYRLVIETPPJV_2007                                                                                                                                        0.00%    passed     97.20%
  80  nl63_DELIM-ZXHKPSGERYRLVIETPPJV_KM055639_DELIM-ZXHKPSGERYRLVIETPPJV_197A_2007_DELIM-ZXHKPSGERYRLVIETPPJV_2007                                                                                                                                        0.00%    passed     97.48%
  81  nl63_DELIM-ZXHKPSGERYRLVIETPPJV_KY862042_DELIM-ZXHKPSGERYRLVIETPPJV_NL63_DELIM-ZXHKPSGERYRLVIETPPJV_FRA_EPI_DELIM-ZXHKPSGERYRLVIETPPJV_Caen_DELIM-ZXHKPSGERYRLVIETPPJV_2012_DELIM-ZXHKPSGERYRLVIETPPJV_13_DELIM-ZXHKPSGERYRLVIETPPJV_2012           38.00%    passed     85.41%
  82  nl63_DELIM-ZXHKPSGERYRLVIETPPJV_KY862041_DELIM-ZXHKPSGERYRLVIETPPJV_NL63_DELIM-ZXHKPSGERYRLVIETPPJV_FRA_EPI_DELIM-ZXHKPSGERYRLVIETPPJV_Caen_DELIM-ZXHKPSGERYRLVIETPPJV_2012_DELIM-ZXHKPSGERYRLVIETPPJV_14_DELIM-ZXHKPSGERYRLVIETPPJV_2012           38.10%    passed     84.47%
  83  nl63_DELIM-ZXHKPSGERYRLVIETPPJV_KM055642_DELIM-ZXHKPSGERYRLVIETPPJV_277A_2007_DELIM-ZXHKPSGERYRLVIETPPJV_2007                                                                                                                                        0.00%    passed     96.60%
  84  nl63_DELIM-ZXHKPSGERYRLVIETPPJV_KM055644_DELIM-ZXHKPSGERYRLVIETPPJV_374A_2007_DELIM-ZXHKPSGERYRLVIETPPJV_2007                                                                                                                                        0.00%    passed     96.60%
  85  nl63_DELIM-ZXHKPSGERYRLVIETPPJV_KY862049_DELIM-ZXHKPSGERYRLVIETPPJV_NL63_DELIM-ZXHKPSGERYRLVIETPPJV_FRA_EPI_DELIM-ZXHKPSGERYRLVIETPPJV_Caen_DELIM-ZXHKPSGERYRLVIETPPJV_2008_DELIM-ZXHKPSGERYRLVIETPPJV_06_DELIM-ZXHKPSGERYRLVIETPPJV_2008           38.00%    passed     85.95%
  86  nl63_DELIM-ZXHKPSGERYRLVIETPPJV_KM055648_DELIM-ZXHKPSGERYRLVIETPPJV_954A_2008_DELIM-ZXHKPSGERYRLVIETPPJV_2008                                                                                                                                        0.00%    passed     97.69%
  87  nl63_DELIM-ZXHKPSGERYRLVIETPPJV_MG356429_DELIM-ZXHKPSGERYRLVIETPPJV_Kilifi_DELIM-ZXHKPSGERYRLVIETPPJV_IP_DELIM-ZXHKPSGERYRLVIETPPJV_006_DELIM-ZXHKPSGERYRLVIETPPJV_28_Mar_2011_DELIM-ZXHKPSGERYRLVIETPPJV_2011                                      46.08%    passed     83.47%
  88  nl63_DELIM-ZXHKPSGERYRLVIETPPJV_MG356431_DELIM-ZXHKPSGERYRLVIETPPJV_Kilifi_DELIM-ZXHKPSGERYRLVIETPPJV_IP_DELIM-ZXHKPSGERYRLVIETPPJV_008_DELIM-ZXHKPSGERYRLVIETPPJV_12_May_2011_DELIM-ZXHKPSGERYRLVIETPPJV_2011                                      46.08%    passed     83.47%
  89  nl63_DELIM-ZXHKPSGERYRLVIETPPJV_MG356446_DELIM-ZXHKPSGERYRLVIETPPJV_Kilifi_DELIM-ZXHKPSGERYRLVIETPPJV_IP_DELIM-ZXHKPSGERYRLVIETPPJV_023_DELIM-ZXHKPSGERYRLVIETPPJV_18_Jun_2013_DELIM-ZXHKPSGERYRLVIETPPJV_2013                                      46.08%    passed     83.47%
  90  nl63_DELIM-ZXHKPSGERYRLVIETPPJV_MG356435_DELIM-ZXHKPSGERYRLVIETPPJV_Kilifi_DELIM-ZXHKPSGERYRLVIETPPJV_IP_DELIM-ZXHKPSGERYRLVIETPPJV_012_DELIM-ZXHKPSGERYRLVIETPPJV_15_Jun_2012_DELIM-ZXHKPSGERYRLVIETPPJV_2012                                      46.08%    passed     82.48%
  91  nl63_DELIM-ZXHKPSGERYRLVIETPPJV_MG356443_DELIM-ZXHKPSGERYRLVIETPPJV_Kilifi_DELIM-ZXHKPSGERYRLVIETPPJV_IP_DELIM-ZXHKPSGERYRLVIETPPJV_020_DELIM-ZXHKPSGERYRLVIETPPJV_25_May_2013_DELIM-ZXHKPSGERYRLVIETPPJV_2013                                      46.08%    passed     84.27%
  92  nl63_DELIM-ZXHKPSGERYRLVIETPPJV_MG356432_DELIM-ZXHKPSGERYRLVIETPPJV_Kilifi_DELIM-ZXHKPSGERYRLVIETPPJV_IP_DELIM-ZXHKPSGERYRLVIETPPJV_009_DELIM-ZXHKPSGERYRLVIETPPJV_20_May_2011_DELIM-ZXHKPSGERYRLVIETPPJV_2011                                      46.08%    passed     84.84%
  93  nl63_DELIM-ZXHKPSGERYRLVIETPPJV_KY554967_DELIM-ZXHKPSGERYRLVIETPPJV_N06_1144B_DELIM-ZXHKPSGERYRLVIETPPJV_2016                                                                                                                                        0.00%    passed     97.48%
  94  nl63_DELIM-ZXHKPSGERYRLVIETPPJV_KY674915_DELIM-ZXHKPSGERYRLVIETPPJV_N07_6B_DELIM-ZXHKPSGERYRLVIETPPJV_2016                                                                                                                                           0.00%    passed     97.48%
  95  nl63_DELIM-ZXHKPSGERYRLVIETPPJV_KY554968_DELIM-ZXHKPSGERYRLVIETPPJV_N07_185B_DELIM-ZXHKPSGERYRLVIETPPJV_2016                                                                                                                                         0.00%    passed     97.69%
  96  nl63_DELIM-ZXHKPSGERYRLVIETPPJV_KY554970_DELIM-ZXHKPSGERYRLVIETPPJV_N07_324B_182X_DELIM-ZXHKPSGERYRLVIETPPJV_2016                                                                                                                                    0.00%    passed     97.68%
  97  nl63_DELIM-ZXHKPSGERYRLVIETPPJV_KY674916_DELIM-ZXHKPSGERYRLVIETPPJV_N07_64B_DELIM-ZXHKPSGERYRLVIETPPJV_2016                                                                                                                                          0.00%    passed     97.62%
  98  nl63_DELIM-ZXHKPSGERYRLVIETPPJV_JQ765566_DELIM-ZXHKPSGERYRLVIETPPJV_NL63_DELIM-ZXHKPSGERYRLVIETPPJV_DEN_DELIM-ZXHKPSGERYRLVIETPPJV_2008_DELIM-ZXHKPSGERYRLVIETPPJV_16_DELIM-ZXHKPSGERYRLVIETPPJV_2008                                                0.00%    passed     97.83%
  99  nl63_DELIM-ZXHKPSGERYRLVIETPPJV_JQ900255_DELIM-ZXHKPSGERYRLVIETPPJV_NL63_DELIM-ZXHKPSGERYRLVIETPPJV_DEN_DELIM-ZXHKPSGERYRLVIETPPJV_2009_DELIM-ZXHKPSGERYRLVIETPPJV_6_DELIM-ZXHKPSGERYRLVIETPPJV_2009                                                 0.69%    passed     96.82%
 100  nl63_DELIM-ZXHKPSGERYRLVIETPPJV_JQ765567_DELIM-ZXHKPSGERYRLVIETPPJV_NL63_DELIM-ZXHKPSGERYRLVIETPPJV_DEN_DELIM-ZXHKPSGERYRLVIETPPJV_2009_DELIM-ZXHKPSGERYRLVIETPPJV_20_DELIM-ZXHKPSGERYRLVIETPPJV_2009                                                0.02%    passed     97.63%
 101  nl63_DELIM-ZXHKPSGERYRLVIETPPJV_JQ771055_DELIM-ZXHKPSGERYRLVIETPPJV_NL63_DELIM-ZXHKPSGERYRLVIETPPJV_DEN_DELIM-ZXHKPSGERYRLVIETPPJV_2010_DELIM-ZXHKPSGERYRLVIETPPJV_20_DELIM-ZXHKPSGERYRLVIETPPJV_2010                                                0.00%    passed     97.81%
 102  nl63_DELIM-ZXHKPSGERYRLVIETPPJV_JQ771058_DELIM-ZXHKPSGERYRLVIETPPJV_NL63_DELIM-ZXHKPSGERYRLVIETPPJV_DEN_DELIM-ZXHKPSGERYRLVIETPPJV_2010_DELIM-ZXHKPSGERYRLVIETPPJV_31_DELIM-ZXHKPSGERYRLVIETPPJV_2010                                                0.00%    passed     97.81%
 103  nl63_DELIM-ZXHKPSGERYRLVIETPPJV_JQ771057_DELIM-ZXHKPSGERYRLVIETPPJV_NL63_DELIM-ZXHKPSGERYRLVIETPPJV_DEN_DELIM-ZXHKPSGERYRLVIETPPJV_2010_DELIM-ZXHKPSGERYRLVIETPPJV_28_DELIM-ZXHKPSGERYRLVIETPPJV_2010                                                0.00%    passed     98.05%
 104  nl63_DELIM-ZXHKPSGERYRLVIETPPJV_KT381875_DELIM-ZXHKPSGERYRLVIETPPJV_NL63_DELIM-ZXHKPSGERYRLVIETPPJV_UF_1_DELIM-ZXHKPSGERYRLVIETPPJV_2015_DELIM-ZXHKPSGERYRLVIETPPJV_2015                                                                             0.00%    passed     98.17%
 105  nl63_DELIM-ZXHKPSGERYRLVIETPPJV_KU521535_DELIM-ZXHKPSGERYRLVIETPPJV_NL63_DELIM-ZXHKPSGERYRLVIETPPJV_UF_2_DELIM-ZXHKPSGERYRLVIETPPJV_2015_DELIM-ZXHKPSGERYRLVIETPPJV_2015                                                                             0.00%    passed     98.73%
 106  nl63_DELIM-ZXHKPSGERYRLVIETPPJV_KX179500_DELIM-ZXHKPSGERYRLVIETPPJV_NL63_DELIM-ZXHKPSGERYRLVIETPPJV_UF_2_DELIM-ZXHKPSGERYRLVIETPPJV_2015_DELIM-ZXHKPSGERYRLVIETPPJV_2015                                                                             0.00%    passed     97.49%
 107  nl63_DELIM-ZXHKPSGERYRLVIETPPJV_JQ771059_DELIM-ZXHKPSGERYRLVIETPPJV_NL63_DELIM-ZXHKPSGERYRLVIETPPJV_DEN_DELIM-ZXHKPSGERYRLVIETPPJV_2010_DELIM-ZXHKPSGERYRLVIETPPJV_35_DELIM-ZXHKPSGERYRLVIETPPJV_2010                                                0.00%    passed     98.07%
 108  nl63_DELIM-ZXHKPSGERYRLVIETPPJV_MK334044_DELIM-ZXHKPSGERYRLVIETPPJV_ChinaGD03_DELIM-ZXHKPSGERYRLVIETPPJV_2018                                                                                                                                        0.07%    passed     98.47%
 109  nl63_DELIM-ZXHKPSGERYRLVIETPPJV_MK334043_DELIM-ZXHKPSGERYRLVIETPPJV_ChinaGD02_DELIM-ZXHKPSGERYRLVIETPPJV_2018                                                                                                                                        0.07%    passed     98.80%
 110  nl63_DELIM-ZXHKPSGERYRLVIETPPJV_MG356421_DELIM-ZXHKPSGERYRLVIETPPJV_Kilifi_DELIM-ZXHKPSGERYRLVIETPPJV_HH_DELIM-ZXHKPSGERYRLVIETPPJV_5401_DELIM-ZXHKPSGERYRLVIETPPJV_20_May_2010_DELIM-ZXHKPSGERYRLVIETPPJV_2010                                     46.08%    passed     77.94%
 111  nl63_DELIM-ZXHKPSGERYRLVIETPPJV_MG356434_DELIM-ZXHKPSGERYRLVIETPPJV_Kilifi_DELIM-ZXHKPSGERYRLVIETPPJV_IP_DELIM-ZXHKPSGERYRLVIETPPJV_011_DELIM-ZXHKPSGERYRLVIETPPJV_26_Jul_2011_DELIM-ZXHKPSGERYRLVIETPPJV_2011                                      46.08%    passed     84.30%
 112  nl63_DELIM-ZXHKPSGERYRLVIETPPJV_MG356437_DELIM-ZXHKPSGERYRLVIETPPJV_Kilifi_DELIM-ZXHKPSGERYRLVIETPPJV_IP_DELIM-ZXHKPSGERYRLVIETPPJV_014_DELIM-ZXHKPSGERYRLVIETPPJV_21_Aug_2012_DELIM-ZXHKPSGERYRLVIETPPJV_2012                                      46.08%    passed     84.88%
 113  nl63_DELIM-ZXHKPSGERYRLVIETPPJV_MN306040_DELIM-ZXHKPSGERYRLVIETPPJV_HCoV_NL63_DELIM-ZXHKPSGERYRLVIETPPJV_Seattle_DELIM-ZXHKPSGERYRLVIETPPJV_USA_DELIM-ZXHKPSGERYRLVIETPPJV_SC0768_DELIM-ZXHKPSGERYRLVIETPPJV_2019_DELIM-ZXHKPSGERYRLVIETPPJV_2019    0.12%    passed     99.36%
 114  nl63_DELIM-ZXHKPSGERYRLVIETPPJV_MN306018_DELIM-ZXHKPSGERYRLVIETPPJV_HCoV_NL63_DELIM-ZXHKPSGERYRLVIETPPJV_Seattle_DELIM-ZXHKPSGERYRLVIETPPJV_USA_DELIM-ZXHKPSGERYRLVIETPPJV_SC0179_DELIM-ZXHKPSGERYRLVIETPPJV_2018_DELIM-ZXHKPSGERYRLVIETPPJV_2018    2.01%    passed     95.83%
 115  nl63_DELIM-ZXHKPSGERYRLVIETPPJV_MG428707_DELIM-ZXHKPSGERYRLVIETPPJV_Kilifi_HH_5401_20_May_2010_DELIM-ZXHKPSGERYRLVIETPPJV_2010                                                                                                                       2.09%    passed     96.60%
 116  nl63_DELIM-ZXHKPSGERYRLVIETPPJV_KM055643_DELIM-ZXHKPSGERYRLVIETPPJV_971A_2008_DELIM-ZXHKPSGERYRLVIETPPJV_2008                                                                                                                                        0.00%    passed     97.52%
 117  nl63_DELIM-ZXHKPSGERYRLVIETPPJV_KM055646_DELIM-ZXHKPSGERYRLVIETPPJV_990A_2008_DELIM-ZXHKPSGERYRLVIETPPJV_2008                                                                                                                                        0.00%    passed     98.37%
 118  nl63_DELIM-ZXHKPSGERYRLVIETPPJV_MK334045_DELIM-ZXHKPSGERYRLVIETPPJV_ChinaGD05_DELIM-ZXHKPSGERYRLVIETPPJV_2018                                                                                                                                        0.02%    passed     93.65%
 119  nl63_DELIM-ZXHKPSGERYRLVIETPPJV_MK334046_DELIM-ZXHKPSGERYRLVIETPPJV_ChinaGD01_DELIM-ZXHKPSGERYRLVIETPPJV_2018                                                                                                                                        0.07%    passed     98.41%
 120  nl63_DELIM-ZXHKPSGERYRLVIETPPJV_LC488389_DELIM-ZXHKPSGERYRLVIETPPJV_HCoVNL63_DELIM-ZXHKPSGERYRLVIETPPJV_Tokyo_DELIM-ZXHKPSGERYRLVIETPPJV_SGH_18_DELIM-ZXHKPSGERYRLVIETPPJV_2018_DELIM-ZXHKPSGERYRLVIETPPJV_2018                                      0.07%    passed     98.44%
 121  nl63_DELIM-ZXHKPSGERYRLVIETPPJV_LC488388_DELIM-ZXHKPSGERYRLVIETPPJV_HCoVNL63_DELIM-ZXHKPSGERYRLVIETPPJV_Tokyo_DELIM-ZXHKPSGERYRLVIETPPJV_SGH_24_DELIM-ZXHKPSGERYRLVIETPPJV_2018_DELIM-ZXHKPSGERYRLVIETPPJV_2018                                      0.07%    passed     98.44%
 122  nl63_DELIM-ZXHKPSGERYRLVIETPPJV_MK334047_DELIM-ZXHKPSGERYRLVIETPPJV_ChinaGD04_DELIM-ZXHKPSGERYRLVIETPPJV_2018                                                                                                                                        0.07%    passed     99.91%
 123  nl63_DELIM-ZXHKPSGERYRLVIETPPJV_KY983586_DELIM-ZXHKPSGERYRLVIETPPJV_HCoV_NL63_DELIM-ZXHKPSGERYRLVIETPPJV_Seattle_DELIM-ZXHKPSGERYRLVIETPPJV_USA_DELIM-ZXHKPSGERYRLVIETPPJV_SC2940_DELIM-ZXHKPSGERYRLVIETPPJV_2015_DELIM-ZXHKPSGERYRLVIETPPJV_2015    0.25%    passed     98.82%
 124  nl63_DELIM-ZXHKPSGERYRLVIETPPJV_LC488390_DELIM-ZXHKPSGERYRLVIETPPJV_HCoVNL63_DELIM-ZXHKPSGERYRLVIETPPJV_Tokyo_DELIM-ZXHKPSGERYRLVIETPPJV_SGH_15_DELIM-ZXHKPSGERYRLVIETPPJV_2017_DELIM-ZXHKPSGERYRLVIETPPJV_2017                                      0.07%    passed     98.96%
 125  nl63_DELIM-ZXHKPSGERYRLVIETPPJV_MG356430_DELIM-ZXHKPSGERYRLVIETPPJV_Kilifi_DELIM-ZXHKPSGERYRLVIETPPJV_IP_DELIM-ZXHKPSGERYRLVIETPPJV_007_DELIM-ZXHKPSGERYRLVIETPPJV_30_Mar_2011_DELIM-ZXHKPSGERYRLVIETPPJV_2011                                      46.16%    passed     74.95%
 126  nl63_DELIM-ZXHKPSGERYRLVIETPPJV_MG356436_DELIM-ZXHKPSGERYRLVIETPPJV_Kilifi_DELIM-ZXHKPSGERYRLVIETPPJV_IP_DELIM-ZXHKPSGERYRLVIETPPJV_013_DELIM-ZXHKPSGERYRLVIETPPJV_27_Jul_2012_DELIM-ZXHKPSGERYRLVIETPPJV_2012                                      46.16%    passed     75.68%
 127  nl63_DELIM-ZXHKPSGERYRLVIETPPJV_MG356433_DELIM-ZXHKPSGERYRLVIETPPJV_Kilifi_DELIM-ZXHKPSGERYRLVIETPPJV_IP_DELIM-ZXHKPSGERYRLVIETPPJV_010_DELIM-ZXHKPSGERYRLVIETPPJV_06_Jun_2011_DELIM-ZXHKPSGERYRLVIETPPJV_2011                                      46.16%    passed     74.95%
 128  nl63_DELIM-ZXHKPSGERYRLVIETPPJV_JQ771060_DELIM-ZXHKPSGERYRLVIETPPJV_NL63_DELIM-ZXHKPSGERYRLVIETPPJV_DEN_DELIM-ZXHKPSGERYRLVIETPPJV_2010_DELIM-ZXHKPSGERYRLVIETPPJV_36_DELIM-ZXHKPSGERYRLVIETPPJV_2010                                                0.07%    passed     98.54%
 129  nl63_DELIM-ZXHKPSGERYRLVIETPPJV_JQ771056_DELIM-ZXHKPSGERYRLVIETPPJV_NL63_DELIM-ZXHKPSGERYRLVIETPPJV_DEN_DELIM-ZXHKPSGERYRLVIETPPJV_2010_DELIM-ZXHKPSGERYRLVIETPPJV_25_DELIM-ZXHKPSGERYRLVIETPPJV_2010                                                0.07%    passed     97.86%
 130  nl63_DELIM-ZXHKPSGERYRLVIETPPJV_MG356438_DELIM-ZXHKPSGERYRLVIETPPJV_Kilifi_DELIM-ZXHKPSGERYRLVIETPPJV_IP_DELIM-ZXHKPSGERYRLVIETPPJV_015_DELIM-ZXHKPSGERYRLVIETPPJV_19_Nov_2012_DELIM-ZXHKPSGERYRLVIETPPJV_2012                                      46.16%    passed     72.69%
 131  nl63_DELIM-ZXHKPSGERYRLVIETPPJV_MG356439_DELIM-ZXHKPSGERYRLVIETPPJV_Kilifi_DELIM-ZXHKPSGERYRLVIETPPJV_IP_DELIM-ZXHKPSGERYRLVIETPPJV_016_DELIM-ZXHKPSGERYRLVIETPPJV_08_Apr_2013_DELIM-ZXHKPSGERYRLVIETPPJV_2013                                      46.16%    passed     76.23%
 132  nl63_DELIM-ZXHKPSGERYRLVIETPPJV_MG356441_DELIM-ZXHKPSGERYRLVIETPPJV_Kilifi_DELIM-ZXHKPSGERYRLVIETPPJV_IP_DELIM-ZXHKPSGERYRLVIETPPJV_018_DELIM-ZXHKPSGERYRLVIETPPJV_03_May_2013_DELIM-ZXHKPSGERYRLVIETPPJV_2013                                      46.16%    passed     76.23%
 133  nl63_DELIM-ZXHKPSGERYRLVIETPPJV_MG356442_DELIM-ZXHKPSGERYRLVIETPPJV_Kilifi_DELIM-ZXHKPSGERYRLVIETPPJV_IP_DELIM-ZXHKPSGERYRLVIETPPJV_019_DELIM-ZXHKPSGERYRLVIETPPJV_04_May_2013_DELIM-ZXHKPSGERYRLVIETPPJV_2013                                      46.16%    passed     76.23%
 134  nl63_DELIM-ZXHKPSGERYRLVIETPPJV_MG356444_DELIM-ZXHKPSGERYRLVIETPPJV_Kilifi_DELIM-ZXHKPSGERYRLVIETPPJV_IP_DELIM-ZXHKPSGERYRLVIETPPJV_021_DELIM-ZXHKPSGERYRLVIETPPJV_26_May_2013_DELIM-ZXHKPSGERYRLVIETPPJV_2013                                      46.16%    passed     76.23%
 135  nl63_DELIM-ZXHKPSGERYRLVIETPPJV_MG356440_DELIM-ZXHKPSGERYRLVIETPPJV_Kilifi_DELIM-ZXHKPSGERYRLVIETPPJV_IP_DELIM-ZXHKPSGERYRLVIETPPJV_017_DELIM-ZXHKPSGERYRLVIETPPJV_12_Apr_2013_DELIM-ZXHKPSGERYRLVIETPPJV_2013                                      46.16%    passed     77.19%
 136  nl63_DELIM-ZXHKPSGERYRLVIETPPJV_KY862045_DELIM-ZXHKPSGERYRLVIETPPJV_NL63_DELIM-ZXHKPSGERYRLVIETPPJV_FRA_EPI_DELIM-ZXHKPSGERYRLVIETPPJV_Caen_DELIM-ZXHKPSGERYRLVIETPPJV_2010_DELIM-ZXHKPSGERYRLVIETPPJV_10_DELIM-ZXHKPSGERYRLVIETPPJV_2010           38.07%    passed     75.78%
 137  nl63_DELIM-ZXHKPSGERYRLVIETPPJV_JQ765569_DELIM-ZXHKPSGERYRLVIETPPJV_NL63_DELIM-ZXHKPSGERYRLVIETPPJV_DEN_DELIM-ZXHKPSGERYRLVIETPPJV_2005_DELIM-ZXHKPSGERYRLVIETPPJV_232_DELIM-ZXHKPSGERYRLVIETPPJV_2005                                               0.07%    passed     98.50%
 138  nl63_DELIM-ZXHKPSGERYRLVIETPPJV_JQ765564_DELIM-ZXHKPSGERYRLVIETPPJV_NL63_DELIM-ZXHKPSGERYRLVIETPPJV_DEN_DELIM-ZXHKPSGERYRLVIETPPJV_2009_DELIM-ZXHKPSGERYRLVIETPPJV_14_DELIM-ZXHKPSGERYRLVIETPPJV_2009                                                0.07%    passed     96.83%
 139  nl63_DELIM-ZXHKPSGERYRLVIETPPJV_JQ765570_DELIM-ZXHKPSGERYRLVIETPPJV_NL63_DELIM-ZXHKPSGERYRLVIETPPJV_DEN_DELIM-ZXHKPSGERYRLVIETPPJV_2005_DELIM-ZXHKPSGERYRLVIETPPJV_235_DELIM-ZXHKPSGERYRLVIETPPJV_2005                                               0.07%    passed     98.08%
 140  nl63_DELIM-ZXHKPSGERYRLVIETPPJV_KF530112_DELIM-ZXHKPSGERYRLVIETPPJV_NL63_DELIM-ZXHKPSGERYRLVIETPPJV_human_DELIM-ZXHKPSGERYRLVIETPPJV_USA_DELIM-ZXHKPSGERYRLVIETPPJV_0111_25_DELIM-ZXHKPSGERYRLVIETPPJV_2001_DELIM-ZXHKPSGERYRLVIETPPJV_2001          0.07%    passed     98.37%
 141  nl63_DELIM-ZXHKPSGERYRLVIETPPJV_JQ765565_DELIM-ZXHKPSGERYRLVIETPPJV_NL63_DELIM-ZXHKPSGERYRLVIETPPJV_DEN_DELIM-ZXHKPSGERYRLVIETPPJV_2009_DELIM-ZXHKPSGERYRLVIETPPJV_15_DELIM-ZXHKPSGERYRLVIETPPJV_2009                                                0.07%    passed     98.88%
 142  nl63_DELIM-ZXHKPSGERYRLVIETPPJV_KY862044_DELIM-ZXHKPSGERYRLVIETPPJV_NL63_DELIM-ZXHKPSGERYRLVIETPPJV_FRA_EPI_DELIM-ZXHKPSGERYRLVIETPPJV_Caen_DELIM-ZXHKPSGERYRLVIETPPJV_2011_DELIM-ZXHKPSGERYRLVIETPPJV_11_DELIM-ZXHKPSGERYRLVIETPPJV_2011           38.07%    passed     78.82%
 143  nl63_DELIM-ZXHKPSGERYRLVIETPPJV_KY862050_DELIM-ZXHKPSGERYRLVIETPPJV_NL63_DELIM-ZXHKPSGERYRLVIETPPJV_FRA_EPI_DELIM-ZXHKPSGERYRLVIETPPJV_Caen_DELIM-ZXHKPSGERYRLVIETPPJV_2008_DELIM-ZXHKPSGERYRLVIETPPJV_05_DELIM-ZXHKPSGERYRLVIETPPJV_2008           38.07%    passed     76.86%
 144  nl63_DELIM-ZXHKPSGERYRLVIETPPJV_KY862051_DELIM-ZXHKPSGERYRLVIETPPJV_NL63_DELIM-ZXHKPSGERYRLVIETPPJV_FRA_EPI_DELIM-ZXHKPSGERYRLVIETPPJV_Caen_DELIM-ZXHKPSGERYRLVIETPPJV_2005_DELIM-ZXHKPSGERYRLVIETPPJV_04_DELIM-ZXHKPSGERYRLVIETPPJV_2005           38.12%    passed     79.57%
 145  nl63_DELIM-ZXHKPSGERYRLVIETPPJV_KY862048_DELIM-ZXHKPSGERYRLVIETPPJV_NL63_DELIM-ZXHKPSGERYRLVIETPPJV_FRA_EPI_DELIM-ZXHKPSGERYRLVIETPPJV_Caen_DELIM-ZXHKPSGERYRLVIETPPJV_2009_DELIM-ZXHKPSGERYRLVIETPPJV_07_DELIM-ZXHKPSGERYRLVIETPPJV_2009           38.07%    passed     77.89%
 146  nl63_DELIM-ZXHKPSGERYRLVIETPPJV_KY862046_DELIM-ZXHKPSGERYRLVIETPPJV_NL63_DELIM-ZXHKPSGERYRLVIETPPJV_FRA_EPI_DELIM-ZXHKPSGERYRLVIETPPJV_Caen_DELIM-ZXHKPSGERYRLVIETPPJV_2010_DELIM-ZXHKPSGERYRLVIETPPJV_09_DELIM-ZXHKPSGERYRLVIETPPJV_2010           38.07%    passed     78.16%
 147  nl63_DELIM-ZXHKPSGERYRLVIETPPJV_JQ765563_DELIM-ZXHKPSGERYRLVIETPPJV_NL63_DELIM-ZXHKPSGERYRLVIETPPJV_DEN_DELIM-ZXHKPSGERYRLVIETPPJV_2009_DELIM-ZXHKPSGERYRLVIETPPJV_9_DELIM-ZXHKPSGERYRLVIETPPJV_2009                                                 0.07%    passed     98.99%
 148  nl63_DELIM-ZXHKPSGERYRLVIETPPJV_KY862047_DELIM-ZXHKPSGERYRLVIETPPJV_NL63_DELIM-ZXHKPSGERYRLVIETPPJV_FRA_EPI_DELIM-ZXHKPSGERYRLVIETPPJV_Caen_DELIM-ZXHKPSGERYRLVIETPPJV_2009_DELIM-ZXHKPSGERYRLVIETPPJV_08_DELIM-ZXHKPSGERYRLVIETPPJV_2009           38.10%    passed     78.07%
 149  nl63_DELIM-ZXHKPSGERYRLVIETPPJV_JQ900256_DELIM-ZXHKPSGERYRLVIETPPJV_NL63_DELIM-ZXHKPSGERYRLVIETPPJV_DEN_DELIM-ZXHKPSGERYRLVIETPPJV_2009_DELIM-ZXHKPSGERYRLVIETPPJV_22_DELIM-ZXHKPSGERYRLVIETPPJV_2009                                               12.58%    passed     97.13%
 150  nl63_DELIM-ZXHKPSGERYRLVIETPPJV_MG772808_DELIM-ZXHKPSGERYRLVIETPPJV_CN0601_DELIM-ZXHKPSGERYRLVIETPPJV_14_DELIM-ZXHKPSGERYRLVIETPPJV_2014                                                                                                             0.07%    passed     98.48%
 151  nl63_DELIM-ZXHKPSGERYRLVIETPPJV_MF996622_DELIM-ZXHKPSGERYRLVIETPPJV_NL63_DELIM-ZXHKPSGERYRLVIETPPJV_2014                                                                                                                                             0.07%    passed     98.37%
 152  nl63_DELIM-ZXHKPSGERYRLVIETPPJV_MF996621_DELIM-ZXHKPSGERYRLVIETPPJV_NL63_DELIM-ZXHKPSGERYRLVIETPPJV_2014                                                                                                                                             0.07%    passed     98.48%
 153  nl63_DELIM-ZXHKPSGERYRLVIETPPJV_NC_036584_DELIM-ZXHKPSGERYRLVIETPPJV_NL63_DELIM-ZXHKPSGERYRLVIETPPJV_2014                                                                                                                                            0.07%    passed     98.48%
 154  nl63_DELIM-ZXHKPSGERYRLVIETPPJV_MF996623_DELIM-ZXHKPSGERYRLVIETPPJV_NL63_DELIM-ZXHKPSGERYRLVIETPPJV_2014                                                                                                                                             0.07%    passed     98.37%
 155  nl63_DELIM-ZXHKPSGERYRLVIETPPJV_KY862035_DELIM-ZXHKPSGERYRLVIETPPJV_NL63_DELIM-ZXHKPSGERYRLVIETPPJV_FRA_EPI_DELIM-ZXHKPSGERYRLVIETPPJV_Caen_DELIM-ZXHKPSGERYRLVIETPPJV_2015_DELIM-ZXHKPSGERYRLVIETPPJV_20_DELIM-ZXHKPSGERYRLVIETPPJV_2015           38.07%    passed     80.14%
 156  nl63_DELIM-ZXHKPSGERYRLVIETPPJV_MN026166_DELIM-ZXHKPSGERYRLVIETPPJV_NL63_KLF_01_2018_DELIM-ZXHKPSGERYRLVIETPPJV_2018                                                                                                                                 0.07%    passed     98.31%
 157  nl63_DELIM-ZXHKPSGERYRLVIETPPJV_MG356413_DELIM-ZXHKPSGERYRLVIETPPJV_Kilifi_DELIM-ZXHKPSGERYRLVIETPPJV_IP_DELIM-ZXHKPSGERYRLVIETPPJV_001_DELIM-ZXHKPSGERYRLVIETPPJV_18_Mar_2008_DELIM-ZXHKPSGERYRLVIETPPJV_2008                                      46.16%    passed     74.70%
 158  nl63_DELIM-ZXHKPSGERYRLVIETPPJV_MG356445_DELIM-ZXHKPSGERYRLVIETPPJV_Kilifi_DELIM-ZXHKPSGERYRLVIETPPJV_IP_DELIM-ZXHKPSGERYRLVIETPPJV_022_DELIM-ZXHKPSGERYRLVIETPPJV_17_Jun_2013_DELIM-ZXHKPSGERYRLVIETPPJV_2013                                      46.16%    passed     70.00%
 159  nl63_DELIM-ZXHKPSGERYRLVIETPPJV_JQ900258_DELIM-ZXHKPSGERYRLVIETPPJV_NL63_DELIM-ZXHKPSGERYRLVIETPPJV_DEN_DELIM-ZXHKPSGERYRLVIETPPJV_2005_DELIM-ZXHKPSGERYRLVIETPPJV_291_DELIM-ZXHKPSGERYRLVIETPPJV_2005                                              41.32%    passed     66.73%
 160  229e_DELIM-ZXHKPSGERYRLVIETPPJV_AF304460_DELIM-ZXHKPSGERYRLVIETPPJV_229e_ref_DELIM-ZXHKPSGERYRLVIETPPJV_Germany_DELIM-ZXHKPSGERYRLVIETPPJV_2000                                                                                                     13.88%    failed      0.00%
****  TOTAL                                                                                                                                                                                                                                               16.92%  1 sequences failed composition chi2 test (p-value<5%; df=3)
NOTE: nl63_DELIM-ZXHKPSGERYRLVIETPPJV_KY829118_DELIM-ZXHKPSGERYRLVIETPPJV_N07_262B_DELIM-ZXHKPSGERYRLVIETPPJV_2015 is identical to nl63_DELIM-ZXHKPSGERYRLVIETPPJV_KY554969_DELIM-ZXHKPSGERYRLVIETPPJV_N07_196B_DELIM-ZXHKPSGERYRLVIETPPJV_2016 but kept for subsequent analysis
NOTE: nl63_DELIM-ZXHKPSGERYRLVIETPPJV_KF530108_DELIM-ZXHKPSGERYRLVIETPPJV_NL63_DELIM-ZXHKPSGERYRLVIETPPJV_human_DELIM-ZXHKPSGERYRLVIETPPJV_USA_DELIM-ZXHKPSGERYRLVIETPPJV_891_6_DELIM-ZXHKPSGERYRLVIETPPJV_1989_DELIM-ZXHKPSGERYRLVIETPPJV_1989 is identical to nl63_DELIM-ZXHKPSGERYRLVIETPPJV_KF530114_DELIM-ZXHKPSGERYRLVIETPPJV_NL63_DELIM-ZXHKPSGERYRLVIETPPJV_human_DELIM-ZXHKPSGERYRLVIETPPJV_USA_DELIM-ZXHKPSGERYRLVIETPPJV_891_4_DELIM-ZXHKPSGERYRLVIETPPJV_1989_DELIM-ZXHKPSGERYRLVIETPPJV_1989 but kept for subsequent analysis
NOTE: nl63_DELIM-ZXHKPSGERYRLVIETPPJV_KX179494_DELIM-ZXHKPSGERYRLVIETPPJV_NL63_DELIM-ZXHKPSGERYRLVIETPPJV_Haiti_2_DELIM-ZXHKPSGERYRLVIETPPJV_2015_DELIM-ZXHKPSGERYRLVIETPPJV_2015 is identical to nl63_DELIM-ZXHKPSGERYRLVIETPPJV_KT266906_DELIM-ZXHKPSGERYRLVIETPPJV_HCoV_NL63_DELIM-ZXHKPSGERYRLVIETPPJV_Haiti_1_DELIM-ZXHKPSGERYRLVIETPPJV_2015_DELIM-ZXHKPSGERYRLVIETPPJV_2015 but kept for subsequent analysis
NOTE: nl63_DELIM-ZXHKPSGERYRLVIETPPJV_KM055637_DELIM-ZXHKPSGERYRLVIETPPJV_945A_2008_DELIM-ZXHKPSGERYRLVIETPPJV_2008 is identical to nl63_DELIM-ZXHKPSGERYRLVIETPPJV_KM055635_DELIM-ZXHKPSGERYRLVIETPPJV_1093A_2008_DELIM-ZXHKPSGERYRLVIETPPJV_2008 but kept for subsequent analysis
NOTE: nl63_DELIM-ZXHKPSGERYRLVIETPPJV_MG356426_DELIM-ZXHKPSGERYRLVIETPPJV_Kilifi_DELIM-ZXHKPSGERYRLVIETPPJV_HH_DELIM-ZXHKPSGERYRLVIETPPJV_0512_DELIM-ZXHKPSGERYRLVIETPPJV_04_Jun_2010_DELIM-ZXHKPSGERYRLVIETPPJV_2010 is identical to nl63_DELIM-ZXHKPSGERYRLVIETPPJV_MG356424_DELIM-ZXHKPSGERYRLVIETPPJV_Kilifi_DELIM-ZXHKPSGERYRLVIETPPJV_HH_DELIM-ZXHKPSGERYRLVIETPPJV_0511_DELIM-ZXHKPSGERYRLVIETPPJV_01_Jun_2010_DELIM-ZXHKPSGERYRLVIETPPJV_2010 but kept for subsequent analysis
NOTE: nl63_DELIM-ZXHKPSGERYRLVIETPPJV_MG428701_DELIM-ZXHKPSGERYRLVIETPPJV_Kilifi_HH_0512_04_Jun_2010_DELIM-ZXHKPSGERYRLVIETPPJV_2010 is identical to nl63_DELIM-ZXHKPSGERYRLVIETPPJV_MG428703_DELIM-ZXHKPSGERYRLVIETPPJV_Kilifi_HH_0511_01_Jun_2010_DELIM-ZXHKPSGERYRLVIETPPJV_2010 but kept for subsequent analysis
NOTE: nl63_DELIM-ZXHKPSGERYRLVIETPPJV_MG356448_DELIM-ZXHKPSGERYRLVIETPPJV_Kilifi_DELIM-ZXHKPSGERYRLVIETPPJV_IP_DELIM-ZXHKPSGERYRLVIETPPJV_025_DELIM-ZXHKPSGERYRLVIETPPJV_21_Jan_2014_DELIM-ZXHKPSGERYRLVIETPPJV_2014 is identical to nl63_DELIM-ZXHKPSGERYRLVIETPPJV_MG356447_DELIM-ZXHKPSGERYRLVIETPPJV_Kilifi_DELIM-ZXHKPSGERYRLVIETPPJV_IP_DELIM-ZXHKPSGERYRLVIETPPJV_024_DELIM-ZXHKPSGERYRLVIETPPJV_09_Dec_2013_DELIM-ZXHKPSGERYRLVIETPPJV_2013 but kept for subsequent analysis
NOTE: nl63_DELIM-ZXHKPSGERYRLVIETPPJV_KM055645_DELIM-ZXHKPSGERYRLVIETPPJV_909A_2008_DELIM-ZXHKPSGERYRLVIETPPJV_2008 is identical to nl63_DELIM-ZXHKPSGERYRLVIETPPJV_KM055647_DELIM-ZXHKPSGERYRLVIETPPJV_188A_2007_DELIM-ZXHKPSGERYRLVIETPPJV_2007 but kept for subsequent analysis
NOTE: nl63_DELIM-ZXHKPSGERYRLVIETPPJV_KM055641_DELIM-ZXHKPSGERYRLVIETPPJV_236A_2007_DELIM-ZXHKPSGERYRLVIETPPJV_2007 is identical to nl63_DELIM-ZXHKPSGERYRLVIETPPJV_KM055640_DELIM-ZXHKPSGERYRLVIETPPJV_225A_2007_DELIM-ZXHKPSGERYRLVIETPPJV_2007 but kept for subsequent analysis
NOTE: nl63_DELIM-ZXHKPSGERYRLVIETPPJV_MG356431_DELIM-ZXHKPSGERYRLVIETPPJV_Kilifi_DELIM-ZXHKPSGERYRLVIETPPJV_IP_DELIM-ZXHKPSGERYRLVIETPPJV_008_DELIM-ZXHKPSGERYRLVIETPPJV_12_May_2011_DELIM-ZXHKPSGERYRLVIETPPJV_2011 is identical to nl63_DELIM-ZXHKPSGERYRLVIETPPJV_MG356429_DELIM-ZXHKPSGERYRLVIETPPJV_Kilifi_DELIM-ZXHKPSGERYRLVIETPPJV_IP_DELIM-ZXHKPSGERYRLVIETPPJV_006_DELIM-ZXHKPSGERYRLVIETPPJV_28_Mar_2011_DELIM-ZXHKPSGERYRLVIETPPJV_2011 but kept for subsequent analysis
NOTE: nl63_DELIM-ZXHKPSGERYRLVIETPPJV_KY674915_DELIM-ZXHKPSGERYRLVIETPPJV_N07_6B_DELIM-ZXHKPSGERYRLVIETPPJV_2016 is identical to nl63_DELIM-ZXHKPSGERYRLVIETPPJV_KY554967_DELIM-ZXHKPSGERYRLVIETPPJV_N06_1144B_DELIM-ZXHKPSGERYRLVIETPPJV_2016 but kept for subsequent analysis
NOTE: nl63_DELIM-ZXHKPSGERYRLVIETPPJV_JQ771058_DELIM-ZXHKPSGERYRLVIETPPJV_NL63_DELIM-ZXHKPSGERYRLVIETPPJV_DEN_DELIM-ZXHKPSGERYRLVIETPPJV_2010_DELIM-ZXHKPSGERYRLVIETPPJV_31_DELIM-ZXHKPSGERYRLVIETPPJV_2010 is identical to nl63_DELIM-ZXHKPSGERYRLVIETPPJV_JQ771055_DELIM-ZXHKPSGERYRLVIETPPJV_NL63_DELIM-ZXHKPSGERYRLVIETPPJV_DEN_DELIM-ZXHKPSGERYRLVIETPPJV_2010_DELIM-ZXHKPSGERYRLVIETPPJV_20_DELIM-ZXHKPSGERYRLVIETPPJV_2010 but kept for subsequent analysis
NOTE: nl63_DELIM-ZXHKPSGERYRLVIETPPJV_LC488388_DELIM-ZXHKPSGERYRLVIETPPJV_HCoVNL63_DELIM-ZXHKPSGERYRLVIETPPJV_Tokyo_DELIM-ZXHKPSGERYRLVIETPPJV_SGH_24_DELIM-ZXHKPSGERYRLVIETPPJV_2018_DELIM-ZXHKPSGERYRLVIETPPJV_2018 is identical to nl63_DELIM-ZXHKPSGERYRLVIETPPJV_LC488389_DELIM-ZXHKPSGERYRLVIETPPJV_HCoVNL63_DELIM-ZXHKPSGERYRLVIETPPJV_Tokyo_DELIM-ZXHKPSGERYRLVIETPPJV_SGH_18_DELIM-ZXHKPSGERYRLVIETPPJV_2018_DELIM-ZXHKPSGERYRLVIETPPJV_2018 but kept for subsequent analysis
NOTE: nl63_DELIM-ZXHKPSGERYRLVIETPPJV_MG356441_DELIM-ZXHKPSGERYRLVIETPPJV_Kilifi_DELIM-ZXHKPSGERYRLVIETPPJV_IP_DELIM-ZXHKPSGERYRLVIETPPJV_018_DELIM-ZXHKPSGERYRLVIETPPJV_03_May_2013_DELIM-ZXHKPSGERYRLVIETPPJV_2013 is identical to nl63_DELIM-ZXHKPSGERYRLVIETPPJV_MG356439_DELIM-ZXHKPSGERYRLVIETPPJV_Kilifi_DELIM-ZXHKPSGERYRLVIETPPJV_IP_DELIM-ZXHKPSGERYRLVIETPPJV_016_DELIM-ZXHKPSGERYRLVIETPPJV_08_Apr_2013_DELIM-ZXHKPSGERYRLVIETPPJV_2013 but kept for subsequent analysis
NOTE: nl63_DELIM-ZXHKPSGERYRLVIETPPJV_NC_036584_DELIM-ZXHKPSGERYRLVIETPPJV_NL63_DELIM-ZXHKPSGERYRLVIETPPJV_2014 is identical to nl63_DELIM-ZXHKPSGERYRLVIETPPJV_MF996621_DELIM-ZXHKPSGERYRLVIETPPJV_NL63_DELIM-ZXHKPSGERYRLVIETPPJV_2014 but kept for subsequent analysis
Checking for duplicate sequences: done in 0.000948906 secs using 86.42% CPU
Identifying sites to remove: done in 0.00481796 secs using 96.41% CPU
NOTE: 23 identical sequences (see below) will be ignored for subsequent analysis
NOTE: nl63_DELIM-ZXHKPSGERYRLVIETPPJV_KF530104_DELIM-ZXHKPSGERYRLVIETPPJV_NL63_DELIM-ZXHKPSGERYRLVIETPPJV_human_DELIM-ZXHKPSGERYRLVIETPPJV_USA_DELIM-ZXHKPSGERYRLVIETPPJV_904_20_DELIM-ZXHKPSGERYRLVIETPPJV_1990_DELIM-ZXHKPSGERYRLVIETPPJV_1990 (identical to nl63_DELIM-ZXHKPSGERYRLVIETPPJV_KF530114_DELIM-ZXHKPSGERYRLVIETPPJV_NL63_DELIM-ZXHKPSGERYRLVIETPPJV_human_DELIM-ZXHKPSGERYRLVIETPPJV_USA_DELIM-ZXHKPSGERYRLVIETPPJV_891_4_DELIM-ZXHKPSGERYRLVIETPPJV_1989_DELIM-ZXHKPSGERYRLVIETPPJV_1989) is ignored but added at the end
NOTE: nl63_DELIM-ZXHKPSGERYRLVIETPPJV_KX179495_DELIM-ZXHKPSGERYRLVIETPPJV_NL63_DELIM-ZXHKPSGERYRLVIETPPJV_Haiti_3_DELIM-ZXHKPSGERYRLVIETPPJV_2015_DELIM-ZXHKPSGERYRLVIETPPJV_2015 (identical to nl63_DELIM-ZXHKPSGERYRLVIETPPJV_KT266906_DELIM-ZXHKPSGERYRLVIETPPJV_HCoV_NL63_DELIM-ZXHKPSGERYRLVIETPPJV_Haiti_1_DELIM-ZXHKPSGERYRLVIETPPJV_2015_DELIM-ZXHKPSGERYRLVIETPPJV_2015) is ignored but added at the end
NOTE: nl63_DELIM-ZXHKPSGERYRLVIETPPJV_KX179496_DELIM-ZXHKPSGERYRLVIETPPJV_NL63_DELIM-ZXHKPSGERYRLVIETPPJV_Haiti_4_DELIM-ZXHKPSGERYRLVIETPPJV_2015_DELIM-ZXHKPSGERYRLVIETPPJV_2015 (identical to nl63_DELIM-ZXHKPSGERYRLVIETPPJV_KT266906_DELIM-ZXHKPSGERYRLVIETPPJV_HCoV_NL63_DELIM-ZXHKPSGERYRLVIETPPJV_Haiti_1_DELIM-ZXHKPSGERYRLVIETPPJV_2015_DELIM-ZXHKPSGERYRLVIETPPJV_2015) is ignored but added at the end
NOTE: nl63_DELIM-ZXHKPSGERYRLVIETPPJV_MG356422_DELIM-ZXHKPSGERYRLVIETPPJV_Kilifi_DELIM-ZXHKPSGERYRLVIETPPJV_HH_DELIM-ZXHKPSGERYRLVIETPPJV_0522_DELIM-ZXHKPSGERYRLVIETPPJV_21_May_2010_DELIM-ZXHKPSGERYRLVIETPPJV_2010 (identical to nl63_DELIM-ZXHKPSGERYRLVIETPPJV_MG356424_DELIM-ZXHKPSGERYRLVIETPPJV_Kilifi_DELIM-ZXHKPSGERYRLVIETPPJV_HH_DELIM-ZXHKPSGERYRLVIETPPJV_0511_DELIM-ZXHKPSGERYRLVIETPPJV_01_Jun_2010_DELIM-ZXHKPSGERYRLVIETPPJV_2010) is ignored but added at the end
NOTE: nl63_DELIM-ZXHKPSGERYRLVIETPPJV_MG356417_DELIM-ZXHKPSGERYRLVIETPPJV_Kilifi_DELIM-ZXHKPSGERYRLVIETPPJV_HH_DELIM-ZXHKPSGERYRLVIETPPJV_1612_DELIM-ZXHKPSGERYRLVIETPPJV_18_May_2010_DELIM-ZXHKPSGERYRLVIETPPJV_2010 (identical to nl63_DELIM-ZXHKPSGERYRLVIETPPJV_MG356424_DELIM-ZXHKPSGERYRLVIETPPJV_Kilifi_DELIM-ZXHKPSGERYRLVIETPPJV_HH_DELIM-ZXHKPSGERYRLVIETPPJV_0511_DELIM-ZXHKPSGERYRLVIETPPJV_01_Jun_2010_DELIM-ZXHKPSGERYRLVIETPPJV_2010) is ignored but added at the end
NOTE: nl63_DELIM-ZXHKPSGERYRLVIETPPJV_MG356414_DELIM-ZXHKPSGERYRLVIETPPJV_Kilifi_DELIM-ZXHKPSGERYRLVIETPPJV_HH_DELIM-ZXHKPSGERYRLVIETPPJV_3807_DELIM-ZXHKPSGERYRLVIETPPJV_11_May_2010_DELIM-ZXHKPSGERYRLVIETPPJV_2010 (identical to nl63_DELIM-ZXHKPSGERYRLVIETPPJV_MG356424_DELIM-ZXHKPSGERYRLVIETPPJV_Kilifi_DELIM-ZXHKPSGERYRLVIETPPJV_HH_DELIM-ZXHKPSGERYRLVIETPPJV_0511_DELIM-ZXHKPSGERYRLVIETPPJV_01_Jun_2010_DELIM-ZXHKPSGERYRLVIETPPJV_2010) is ignored but added at the end
NOTE: nl63_DELIM-ZXHKPSGERYRLVIETPPJV_MG356423_DELIM-ZXHKPSGERYRLVIETPPJV_Kilifi_DELIM-ZXHKPSGERYRLVIETPPJV_HH_DELIM-ZXHKPSGERYRLVIETPPJV_3808_DELIM-ZXHKPSGERYRLVIETPPJV_24_May_2010_DELIM-ZXHKPSGERYRLVIETPPJV_2010 (identical to nl63_DELIM-ZXHKPSGERYRLVIETPPJV_MG356424_DELIM-ZXHKPSGERYRLVIETPPJV_Kilifi_DELIM-ZXHKPSGERYRLVIETPPJV_HH_DELIM-ZXHKPSGERYRLVIETPPJV_0511_DELIM-ZXHKPSGERYRLVIETPPJV_01_Jun_2010_DELIM-ZXHKPSGERYRLVIETPPJV_2010) is ignored but added at the end
NOTE: nl63_DELIM-ZXHKPSGERYRLVIETPPJV_MG356419_DELIM-ZXHKPSGERYRLVIETPPJV_Kilifi_DELIM-ZXHKPSGERYRLVIETPPJV_HH_DELIM-ZXHKPSGERYRLVIETPPJV_5402_DELIM-ZXHKPSGERYRLVIETPPJV_20_May_2010_DELIM-ZXHKPSGERYRLVIETPPJV_2010 (identical to nl63_DELIM-ZXHKPSGERYRLVIETPPJV_MG356424_DELIM-ZXHKPSGERYRLVIETPPJV_Kilifi_DELIM-ZXHKPSGERYRLVIETPPJV_HH_DELIM-ZXHKPSGERYRLVIETPPJV_0511_DELIM-ZXHKPSGERYRLVIETPPJV_01_Jun_2010_DELIM-ZXHKPSGERYRLVIETPPJV_2010) is ignored but added at the end
NOTE: nl63_DELIM-ZXHKPSGERYRLVIETPPJV_MG356416_DELIM-ZXHKPSGERYRLVIETPPJV_Kilifi_DELIM-ZXHKPSGERYRLVIETPPJV_HH_DELIM-ZXHKPSGERYRLVIETPPJV_5405_DELIM-ZXHKPSGERYRLVIETPPJV_15_May_2010_DELIM-ZXHKPSGERYRLVIETPPJV_2010 (identical to nl63_DELIM-ZXHKPSGERYRLVIETPPJV_MG356424_DELIM-ZXHKPSGERYRLVIETPPJV_Kilifi_DELIM-ZXHKPSGERYRLVIETPPJV_HH_DELIM-ZXHKPSGERYRLVIETPPJV_0511_DELIM-ZXHKPSGERYRLVIETPPJV_01_Jun_2010_DELIM-ZXHKPSGERYRLVIETPPJV_2010) is ignored but added at the end
NOTE: nl63_DELIM-ZXHKPSGERYRLVIETPPJV_MG356415_DELIM-ZXHKPSGERYRLVIETPPJV_Kilifi_DELIM-ZXHKPSGERYRLVIETPPJV_IP_DELIM-ZXHKPSGERYRLVIETPPJV_002_DELIM-ZXHKPSGERYRLVIETPPJV_14_May_2010_DELIM-ZXHKPSGERYRLVIETPPJV_2010 (identical to nl63_DELIM-ZXHKPSGERYRLVIETPPJV_MG356424_DELIM-ZXHKPSGERYRLVIETPPJV_Kilifi_DELIM-ZXHKPSGERYRLVIETPPJV_HH_DELIM-ZXHKPSGERYRLVIETPPJV_0511_DELIM-ZXHKPSGERYRLVIETPPJV_01_Jun_2010_DELIM-ZXHKPSGERYRLVIETPPJV_2010) is ignored but added at the end
NOTE: nl63_DELIM-ZXHKPSGERYRLVIETPPJV_MG356420_DELIM-ZXHKPSGERYRLVIETPPJV_Kilifi_DELIM-ZXHKPSGERYRLVIETPPJV_IP_DELIM-ZXHKPSGERYRLVIETPPJV_003_DELIM-ZXHKPSGERYRLVIETPPJV_20_May_2010_DELIM-ZXHKPSGERYRLVIETPPJV_2010 (identical to nl63_DELIM-ZXHKPSGERYRLVIETPPJV_MG356424_DELIM-ZXHKPSGERYRLVIETPPJV_Kilifi_DELIM-ZXHKPSGERYRLVIETPPJV_HH_DELIM-ZXHKPSGERYRLVIETPPJV_0511_DELIM-ZXHKPSGERYRLVIETPPJV_01_Jun_2010_DELIM-ZXHKPSGERYRLVIETPPJV_2010) is ignored but added at the end
NOTE: nl63_DELIM-ZXHKPSGERYRLVIETPPJV_MG356427_DELIM-ZXHKPSGERYRLVIETPPJV_Kilifi_DELIM-ZXHKPSGERYRLVIETPPJV_IP_DELIM-ZXHKPSGERYRLVIETPPJV_004_DELIM-ZXHKPSGERYRLVIETPPJV_20_Jun_2010_DELIM-ZXHKPSGERYRLVIETPPJV_2010 (identical to nl63_DELIM-ZXHKPSGERYRLVIETPPJV_MG356424_DELIM-ZXHKPSGERYRLVIETPPJV_Kilifi_DELIM-ZXHKPSGERYRLVIETPPJV_HH_DELIM-ZXHKPSGERYRLVIETPPJV_0511_DELIM-ZXHKPSGERYRLVIETPPJV_01_Jun_2010_DELIM-ZXHKPSGERYRLVIETPPJV_2010) is ignored but added at the end
NOTE: nl63_DELIM-ZXHKPSGERYRLVIETPPJV_MG356428_DELIM-ZXHKPSGERYRLVIETPPJV_Kilifi_DELIM-ZXHKPSGERYRLVIETPPJV_IP_DELIM-ZXHKPSGERYRLVIETPPJV_005_DELIM-ZXHKPSGERYRLVIETPPJV_09_Aug_2010_DELIM-ZXHKPSGERYRLVIETPPJV_2010 (identical to nl63_DELIM-ZXHKPSGERYRLVIETPPJV_MG356424_DELIM-ZXHKPSGERYRLVIETPPJV_Kilifi_DELIM-ZXHKPSGERYRLVIETPPJV_HH_DELIM-ZXHKPSGERYRLVIETPPJV_0511_DELIM-ZXHKPSGERYRLVIETPPJV_01_Jun_2010_DELIM-ZXHKPSGERYRLVIETPPJV_2010) is ignored but added at the end
NOTE: nl63_DELIM-ZXHKPSGERYRLVIETPPJV_MG428705_DELIM-ZXHKPSGERYRLVIETPPJV_Kilifi_HH_0522_21_May_2010_DELIM-ZXHKPSGERYRLVIETPPJV_2010 (identical to nl63_DELIM-ZXHKPSGERYRLVIETPPJV_MG428703_DELIM-ZXHKPSGERYRLVIETPPJV_Kilifi_HH_0511_01_Jun_2010_DELIM-ZXHKPSGERYRLVIETPPJV_2010) is ignored but added at the end
NOTE: nl63_DELIM-ZXHKPSGERYRLVIETPPJV_MG428700_DELIM-ZXHKPSGERYRLVIETPPJV_Kilifi_HH_1602_01_Jun_2010_DELIM-ZXHKPSGERYRLVIETPPJV_2010 (identical to nl63_DELIM-ZXHKPSGERYRLVIETPPJV_MG428703_DELIM-ZXHKPSGERYRLVIETPPJV_Kilifi_HH_0511_01_Jun_2010_DELIM-ZXHKPSGERYRLVIETPPJV_2010) is ignored but added at the end
NOTE: nl63_DELIM-ZXHKPSGERYRLVIETPPJV_MG428702_DELIM-ZXHKPSGERYRLVIETPPJV_Kilifi_HH_3807_11_May_2010_DELIM-ZXHKPSGERYRLVIETPPJV_2010 (identical to nl63_DELIM-ZXHKPSGERYRLVIETPPJV_MG428703_DELIM-ZXHKPSGERYRLVIETPPJV_Kilifi_HH_0511_01_Jun_2010_DELIM-ZXHKPSGERYRLVIETPPJV_2010) is ignored but added at the end
NOTE: nl63_DELIM-ZXHKPSGERYRLVIETPPJV_MG428706_DELIM-ZXHKPSGERYRLVIETPPJV_Kilifi_HH_3808_24_May_2010_DELIM-ZXHKPSGERYRLVIETPPJV_2010 (identical to nl63_DELIM-ZXHKPSGERYRLVIETPPJV_MG428703_DELIM-ZXHKPSGERYRLVIETPPJV_Kilifi_HH_0511_01_Jun_2010_DELIM-ZXHKPSGERYRLVIETPPJV_2010) is ignored but added at the end
NOTE: nl63_DELIM-ZXHKPSGERYRLVIETPPJV_MG428704_DELIM-ZXHKPSGERYRLVIETPPJV_Kilifi_HH_5402_20_May_2010_DELIM-ZXHKPSGERYRLVIETPPJV_2010 (identical to nl63_DELIM-ZXHKPSGERYRLVIETPPJV_MG428703_DELIM-ZXHKPSGERYRLVIETPPJV_Kilifi_HH_0511_01_Jun_2010_DELIM-ZXHKPSGERYRLVIETPPJV_2010) is ignored but added at the end
NOTE: nl63_DELIM-ZXHKPSGERYRLVIETPPJV_MG356449_DELIM-ZXHKPSGERYRLVIETPPJV_Kilifi_DELIM-ZXHKPSGERYRLVIETPPJV_IP_DELIM-ZXHKPSGERYRLVIETPPJV_026_DELIM-ZXHKPSGERYRLVIETPPJV_24_Jan_2014_DELIM-ZXHKPSGERYRLVIETPPJV_2014 (identical to nl63_DELIM-ZXHKPSGERYRLVIETPPJV_MG356447_DELIM-ZXHKPSGERYRLVIETPPJV_Kilifi_DELIM-ZXHKPSGERYRLVIETPPJV_IP_DELIM-ZXHKPSGERYRLVIETPPJV_024_DELIM-ZXHKPSGERYRLVIETPPJV_09_Dec_2013_DELIM-ZXHKPSGERYRLVIETPPJV_2013) is ignored but added at the end
NOTE: nl63_DELIM-ZXHKPSGERYRLVIETPPJV_MG356451_DELIM-ZXHKPSGERYRLVIETPPJV_Kilifi_DELIM-ZXHKPSGERYRLVIETPPJV_IP_DELIM-ZXHKPSGERYRLVIETPPJV_028_DELIM-ZXHKPSGERYRLVIETPPJV_21_Feb_2014_DELIM-ZXHKPSGERYRLVIETPPJV_2014 (identical to nl63_DELIM-ZXHKPSGERYRLVIETPPJV_MG356447_DELIM-ZXHKPSGERYRLVIETPPJV_Kilifi_DELIM-ZXHKPSGERYRLVIETPPJV_IP_DELIM-ZXHKPSGERYRLVIETPPJV_024_DELIM-ZXHKPSGERYRLVIETPPJV_09_Dec_2013_DELIM-ZXHKPSGERYRLVIETPPJV_2013) is ignored but added at the end
NOTE: nl63_DELIM-ZXHKPSGERYRLVIETPPJV_MG356446_DELIM-ZXHKPSGERYRLVIETPPJV_Kilifi_DELIM-ZXHKPSGERYRLVIETPPJV_IP_DELIM-ZXHKPSGERYRLVIETPPJV_023_DELIM-ZXHKPSGERYRLVIETPPJV_18_Jun_2013_DELIM-ZXHKPSGERYRLVIETPPJV_2013 (identical to nl63_DELIM-ZXHKPSGERYRLVIETPPJV_MG356429_DELIM-ZXHKPSGERYRLVIETPPJV_Kilifi_DELIM-ZXHKPSGERYRLVIETPPJV_IP_DELIM-ZXHKPSGERYRLVIETPPJV_006_DELIM-ZXHKPSGERYRLVIETPPJV_28_Mar_2011_DELIM-ZXHKPSGERYRLVIETPPJV_2011) is ignored but added at the end
NOTE: nl63_DELIM-ZXHKPSGERYRLVIETPPJV_MG356442_DELIM-ZXHKPSGERYRLVIETPPJV_Kilifi_DELIM-ZXHKPSGERYRLVIETPPJV_IP_DELIM-ZXHKPSGERYRLVIETPPJV_019_DELIM-ZXHKPSGERYRLVIETPPJV_04_May_2013_DELIM-ZXHKPSGERYRLVIETPPJV_2013 (identical to nl63_DELIM-ZXHKPSGERYRLVIETPPJV_MG356439_DELIM-ZXHKPSGERYRLVIETPPJV_Kilifi_DELIM-ZXHKPSGERYRLVIETPPJV_IP_DELIM-ZXHKPSGERYRLVIETPPJV_016_DELIM-ZXHKPSGERYRLVIETPPJV_08_Apr_2013_DELIM-ZXHKPSGERYRLVIETPPJV_2013) is ignored but added at the end
NOTE: nl63_DELIM-ZXHKPSGERYRLVIETPPJV_MG356444_DELIM-ZXHKPSGERYRLVIETPPJV_Kilifi_DELIM-ZXHKPSGERYRLVIETPPJV_IP_DELIM-ZXHKPSGERYRLVIETPPJV_021_DELIM-ZXHKPSGERYRLVIETPPJV_26_May_2013_DELIM-ZXHKPSGERYRLVIETPPJV_2013 (identical to nl63_DELIM-ZXHKPSGERYRLVIETPPJV_MG356439_DELIM-ZXHKPSGERYRLVIETPPJV_Kilifi_DELIM-ZXHKPSGERYRLVIETPPJV_IP_DELIM-ZXHKPSGERYRLVIETPPJV_016_DELIM-ZXHKPSGERYRLVIETPPJV_08_Apr_2013_DELIM-ZXHKPSGERYRLVIETPPJV_2013) is ignored but added at the end
Alignment was printed to results/aligned_nl63_spike-delim.fasta.uniqueseq.phy

For your convenience alignment with unique sequences printed to results/aligned_nl63_spike-delim.fasta.uniqueseq.phy

Create initial parsimony tree by phylogenetic likelihood library (PLL)... 0.001 seconds

NOTE: 2 MB RAM (0 GB) is required!
Estimate model parameters (epsilon = 0.500)
1. Initial log-likelihood: -43207.042
2. Current log-likelihood: -39830.473
3. Current log-likelihood: -39797.891
4. Current log-likelihood: -39730.855
5. Current log-likelihood: -39660.286
6. Current log-likelihood: -39659.248
Optimal log-likelihood: -39659.241
Rate parameters:  A-C: 0.79044  A-G: 3.15155  A-T: 0.67415  C-G: 1.27848  C-T: 7.53064  G-T: 1.00000
Base frequencies:  A: 0.255  C: 0.173  G: 0.181  T: 0.391
Parameters optimization took 6 rounds (0.342 sec)
Wrote distance file to... 
Computing ML distances based on estimated model parameters...
Calculating distance matrix: done in 0.025353 secs using 99.82% CPU
Computing ML distances took 0.025567 sec (of wall-clock time) 0.025507 sec (of CPU time)
Setting up auxiliary I and S matrices: done in 0.000374079 secs using 175.4% CPU
Constructing RapidNJ tree: done in 0.000707865 secs using 188.9% CPU
Computing RapidNJ tree took 0.001121 sec (of wall-clock time) 0.002055 sec (of CPU time)
Log-likelihood of RapidNJ tree: -14020.285
--------------------------------------------------------------------
|             INITIALIZING CANDIDATE TREE SET                      |
--------------------------------------------------------------------

Do NNI search on 2 best initial trees
Optimizing NNI: done in 0.181861 secs using 175.7% CPU
Estimate model parameters (epsilon = 0.500)
BETTER TREE FOUND at iteration 1: -13752.040
Optimizing NNI: done in 0.84723 secs using 98.79% CPU
Finish initializing candidate tree set (4)
Current best tree score: -13752.040 / CPU time: 1.214
Number of iterations: 2
TREE SEARCH COMPLETED AFTER 2 ITERATIONS / Time: 0h:0m:1s

--------------------------------------------------------------------
|                    FINALIZING TREE SEARCH                        |
--------------------------------------------------------------------
Performs final model parameters optimization
Estimate model parameters (epsilon = 0.050)
1. Initial log-likelihood: -13752.040
Optimal log-likelihood: -13752.032
Rate parameters:  A-C: 1.30302  A-G: 3.10862  A-T: 1.12911  C-G: 1.16509  C-T: 5.72064  G-T: 1.00000
Base frequencies:  A: 0.255  C: 0.173  G: 0.181  T: 0.391
Parameters optimization took 1 rounds (0.021 sec)
BEST SCORE FOUND : -13752.032
Total tree length: 0.683

Total number of iterations: 2
CPU time used for tree search: 1.346 sec (0h:0m:1s)
Wall-clock time used for tree search: 1.215 sec (0h:0m:1s)
Total CPU time used: 1.824 sec (0h:0m:1s)
Total wall-clock time used: 1.664 sec (0h:0m:1s)

Analysis results written to: 
  IQ-TREE report:                results/aligned_nl63_spike-delim.fasta.iqtree
  Maximum-likelihood tree:       results/aligned_nl63_spike-delim.fasta.treefile
  Likelihood distances:          results/aligned_nl63_spike-delim.fasta.mldist
  Screen log file:               results/aligned_nl63_spike-delim.fasta.log

Date and Time: Fri May 13 12:37:12 2022
