IQ-TREE multicore version 2.2.0-beta COVID-edition for Mac OS X 64-bit built Mar  3 2022 built Mar  3 2022
Developed by Bui Quang Minh, James Barbetti, Nguyen Lam Tung,
Olga Chernomor, Heiko Schmidt, Dominik Schrempf, Michael Woodhams, Ly Trong Nhan.

Host:    macbook-pro-2.fhcrc.org (SSE4.2, 8 GB RAM)
Command: iqtree2 -nt 1 -s results/aligned_nl63_replicase1ab-delim.fasta -m GTR -ninit 2 -n 2 -me 0.05
Seed:    58478 (Using SPRNG - Scalable Parallel Random Number Generator)
Time:    Fri May 13 12:40:32 2022
Kernel:  SSE2 - 1 threads (8 CPU cores detected)

HINT: Use -nt option to specify number of threads because your CPU has 8 cores!
HINT: -nt AUTO will automatically determine the best number of threads to use.

Reading alignment file results/aligned_nl63_replicase1ab-delim.fasta ... Fasta format detected
Reading fasta file: done in 0.020875 secs using 95.06% CPU
Alignment most likely contains DNA/RNA sequences
Constructing alignment: done in 0.0161881 secs using 78% CPU
Alignment has 65 sequences with 20190 columns, 1101 distinct patterns
591 parsimony-informative, 6027 singleton sites, 13572 constant sites
                                                                                                                                                                                                                                                   Gap/Ambiguity  Composition  p-value
Analyzing sequences: done in 0.000136137 secs using 96.96% CPU
   1  nl63_DELIM-HJFDPPQWRQIMLQXXREVG_JX504050_DELIM-HJFDPPQWRQIMLQXXREVG_NL63_DELIM-HJFDPPQWRQIMLQXXREVG_RPTEC_DELIM-HJFDPPQWRQIMLQXXREVG_2004_DELIM-HJFDPPQWRQIMLQXXREVG_2004                                                                            0.00%    passed     99.53%
   2  nl63_DELIM-HJFDPPQWRQIMLQXXREVG_JQ765573_DELIM-HJFDPPQWRQIMLQXXREVG_NL63_DELIM-HJFDPPQWRQIMLQXXREVG_DEN_DELIM-HJFDPPQWRQIMLQXXREVG_2005_DELIM-HJFDPPQWRQIMLQXXREVG_1062_DELIM-HJFDPPQWRQIMLQXXREVG_2005                                              0.00%    passed     99.85%
   3  nl63_DELIM-HJFDPPQWRQIMLQXXREVG_JQ765568_DELIM-HJFDPPQWRQIMLQXXREVG_NL63_DELIM-HJFDPPQWRQIMLQXXREVG_DEN_DELIM-HJFDPPQWRQIMLQXXREVG_2005_DELIM-HJFDPPQWRQIMLQXXREVG_193_DELIM-HJFDPPQWRQIMLQXXREVG_2005                                               0.00%    passed     99.73%
   4  nl63_DELIM-HJFDPPQWRQIMLQXXREVG_JQ900259_DELIM-HJFDPPQWRQIMLQXXREVG_NL63_DELIM-HJFDPPQWRQIMLQXXREVG_DEN_DELIM-HJFDPPQWRQIMLQXXREVG_2005_DELIM-HJFDPPQWRQIMLQXXREVG_449_DELIM-HJFDPPQWRQIMLQXXREVG_2005                                               0.02%    passed     99.77%
   5  nl63_DELIM-HJFDPPQWRQIMLQXXREVG_JQ765575_DELIM-HJFDPPQWRQIMLQXXREVG_NL63_DELIM-HJFDPPQWRQIMLQXXREVG_DEN_DELIM-HJFDPPQWRQIMLQXXREVG_2005_DELIM-HJFDPPQWRQIMLQXXREVG_1876_DELIM-HJFDPPQWRQIMLQXXREVG_2005                                              0.00%    passed     99.69%
   6  nl63_DELIM-HJFDPPQWRQIMLQXXREVG_JQ765571_DELIM-HJFDPPQWRQIMLQXXREVG_NL63_DELIM-HJFDPPQWRQIMLQXXREVG_DEN_DELIM-HJFDPPQWRQIMLQXXREVG_2005_DELIM-HJFDPPQWRQIMLQXXREVG_271_DELIM-HJFDPPQWRQIMLQXXREVG_2005                                               0.00%    passed     99.95%
   7  nl63_DELIM-HJFDPPQWRQIMLQXXREVG_JQ765572_DELIM-HJFDPPQWRQIMLQXXREVG_NL63_DELIM-HJFDPPQWRQIMLQXXREVG_DEN_DELIM-HJFDPPQWRQIMLQXXREVG_2005_DELIM-HJFDPPQWRQIMLQXXREVG_347_DELIM-HJFDPPQWRQIMLQXXREVG_2005                                               0.00%    passed     99.97%
   8  nl63_DELIM-HJFDPPQWRQIMLQXXREVG_KY554967_DELIM-HJFDPPQWRQIMLQXXREVG_N06_1144B_DELIM-HJFDPPQWRQIMLQXXREVG_2016                                                                                                                                        0.00%    passed     98.23%
   9  nl63_DELIM-HJFDPPQWRQIMLQXXREVG_KY554968_DELIM-HJFDPPQWRQIMLQXXREVG_N07_185B_DELIM-HJFDPPQWRQIMLQXXREVG_2016                                                                                                                                         0.00%    passed     98.23%
  10  nl63_DELIM-HJFDPPQWRQIMLQXXREVG_KY674916_DELIM-HJFDPPQWRQIMLQXXREVG_N07_64B_DELIM-HJFDPPQWRQIMLQXXREVG_2016                                                                                                                                          0.00%    passed     98.23%
  11  nl63_DELIM-HJFDPPQWRQIMLQXXREVG_KY674915_DELIM-HJFDPPQWRQIMLQXXREVG_N07_6B_DELIM-HJFDPPQWRQIMLQXXREVG_2016                                                                                                                                           0.00%    passed     98.23%
  12  nl63_DELIM-HJFDPPQWRQIMLQXXREVG_KY554970_DELIM-HJFDPPQWRQIMLQXXREVG_N07_324B_182X_DELIM-HJFDPPQWRQIMLQXXREVG_2016                                                                                                                                    0.00%    passed     97.94%
  13  nl63_DELIM-HJFDPPQWRQIMLQXXREVG_JQ765566_DELIM-HJFDPPQWRQIMLQXXREVG_NL63_DELIM-HJFDPPQWRQIMLQXXREVG_DEN_DELIM-HJFDPPQWRQIMLQXXREVG_2008_DELIM-HJFDPPQWRQIMLQXXREVG_16_DELIM-HJFDPPQWRQIMLQXXREVG_2008                                                0.00%    passed     98.76%
  14  nl63_DELIM-HJFDPPQWRQIMLQXXREVG_JQ900255_DELIM-HJFDPPQWRQIMLQXXREVG_NL63_DELIM-HJFDPPQWRQIMLQXXREVG_DEN_DELIM-HJFDPPQWRQIMLQXXREVG_2009_DELIM-HJFDPPQWRQIMLQXXREVG_6_DELIM-HJFDPPQWRQIMLQXXREVG_2009                                                 0.00%    passed     98.87%
  15  nl63_DELIM-HJFDPPQWRQIMLQXXREVG_JQ765567_DELIM-HJFDPPQWRQIMLQXXREVG_NL63_DELIM-HJFDPPQWRQIMLQXXREVG_DEN_DELIM-HJFDPPQWRQIMLQXXREVG_2009_DELIM-HJFDPPQWRQIMLQXXREVG_20_DELIM-HJFDPPQWRQIMLQXXREVG_2009                                                0.00%    passed     98.33%
  16  nl63_DELIM-HJFDPPQWRQIMLQXXREVG_KT381875_DELIM-HJFDPPQWRQIMLQXXREVG_NL63_DELIM-HJFDPPQWRQIMLQXXREVG_UF_1_DELIM-HJFDPPQWRQIMLQXXREVG_2015_DELIM-HJFDPPQWRQIMLQXXREVG_2015                                                                             0.00%    passed     98.62%
  17  nl63_DELIM-HJFDPPQWRQIMLQXXREVG_KU521535_DELIM-HJFDPPQWRQIMLQXXREVG_NL63_DELIM-HJFDPPQWRQIMLQXXREVG_UF_2_DELIM-HJFDPPQWRQIMLQXXREVG_2015_DELIM-HJFDPPQWRQIMLQXXREVG_2015                                                                             0.00%    passed     98.38%
  18  nl63_DELIM-HJFDPPQWRQIMLQXXREVG_KX179500_DELIM-HJFDPPQWRQIMLQXXREVG_NL63_DELIM-HJFDPPQWRQIMLQXXREVG_UF_2_DELIM-HJFDPPQWRQIMLQXXREVG_2015_DELIM-HJFDPPQWRQIMLQXXREVG_2015                                                                             0.00%    passed     98.83%
  19  nl63_DELIM-HJFDPPQWRQIMLQXXREVG_KY554969_DELIM-HJFDPPQWRQIMLQXXREVG_N07_196B_DELIM-HJFDPPQWRQIMLQXXREVG_2016                                                                                                                                         0.00%    passed     99.14%
  20  nl63_DELIM-HJFDPPQWRQIMLQXXREVG_KY829118_DELIM-HJFDPPQWRQIMLQXXREVG_N07_262B_DELIM-HJFDPPQWRQIMLQXXREVG_2015                                                                                                                                         0.00%    passed     99.14%
  21  nl63_DELIM-HJFDPPQWRQIMLQXXREVG_KY554971_DELIM-HJFDPPQWRQIMLQXXREVG_N07_468B_176X_DELIM-HJFDPPQWRQIMLQXXREVG_2016                                                                                                                                    0.00%    passed     99.08%
  22  nl63_DELIM-HJFDPPQWRQIMLQXXREVG_JQ765574_DELIM-HJFDPPQWRQIMLQXXREVG_NL63_DELIM-HJFDPPQWRQIMLQXXREVG_DEN_DELIM-HJFDPPQWRQIMLQXXREVG_2005_DELIM-HJFDPPQWRQIMLQXXREVG_1862_DELIM-HJFDPPQWRQIMLQXXREVG_2005                                              0.00%    passed     99.53%
  23  nl63_DELIM-HJFDPPQWRQIMLQXXREVG_KF530105_DELIM-HJFDPPQWRQIMLQXXREVG_NL63_DELIM-HJFDPPQWRQIMLQXXREVG_human_DELIM-HJFDPPQWRQIMLQXXREVG_USA_DELIM-HJFDPPQWRQIMLQXXREVG_012_31_DELIM-HJFDPPQWRQIMLQXXREVG_2001_DELIM-HJFDPPQWRQIMLQXXREVG_2001           0.00%    passed     99.42%
  24  nl63_DELIM-HJFDPPQWRQIMLQXXREVG_JQ900260_DELIM-HJFDPPQWRQIMLQXXREVG_NL63_DELIM-HJFDPPQWRQIMLQXXREVG_DEN_DELIM-HJFDPPQWRQIMLQXXREVG_2005_DELIM-HJFDPPQWRQIMLQXXREVG_1120_DELIM-HJFDPPQWRQIMLQXXREVG_2005                                              9.40%    passed     93.87%
  25  nl63_DELIM-HJFDPPQWRQIMLQXXREVG_MK334043_DELIM-HJFDPPQWRQIMLQXXREVG_ChinaGD02_DELIM-HJFDPPQWRQIMLQXXREVG_2018                                                                                                                                        0.00%    passed     99.63%
  26  nl63_DELIM-HJFDPPQWRQIMLQXXREVG_MK334044_DELIM-HJFDPPQWRQIMLQXXREVG_ChinaGD03_DELIM-HJFDPPQWRQIMLQXXREVG_2018                                                                                                                                        0.00%    passed     99.50%
  27  nl63_DELIM-HJFDPPQWRQIMLQXXREVG_MN306018_DELIM-HJFDPPQWRQIMLQXXREVG_HCoV_NL63_DELIM-HJFDPPQWRQIMLQXXREVG_Seattle_DELIM-HJFDPPQWRQIMLQXXREVG_USA_DELIM-HJFDPPQWRQIMLQXXREVG_SC0179_DELIM-HJFDPPQWRQIMLQXXREVG_2018_DELIM-HJFDPPQWRQIMLQXXREVG_2018    0.36%    passed     98.75%
  28  nl63_DELIM-HJFDPPQWRQIMLQXXREVG_KF530110_DELIM-HJFDPPQWRQIMLQXXREVG_NL63_DELIM-HJFDPPQWRQIMLQXXREVG_human_DELIM-HJFDPPQWRQIMLQXXREVG_USA_DELIM-HJFDPPQWRQIMLQXXREVG_838_9_DELIM-HJFDPPQWRQIMLQXXREVG_1983_DELIM-HJFDPPQWRQIMLQXXREVG_1983            0.00%    passed     97.54%
  29  nl63_DELIM-HJFDPPQWRQIMLQXXREVG_KF530114_DELIM-HJFDPPQWRQIMLQXXREVG_NL63_DELIM-HJFDPPQWRQIMLQXXREVG_human_DELIM-HJFDPPQWRQIMLQXXREVG_USA_DELIM-HJFDPPQWRQIMLQXXREVG_891_4_DELIM-HJFDPPQWRQIMLQXXREVG_1989_DELIM-HJFDPPQWRQIMLQXXREVG_1989            0.00%    passed     99.85%
  30  nl63_DELIM-HJFDPPQWRQIMLQXXREVG_KF530108_DELIM-HJFDPPQWRQIMLQXXREVG_NL63_DELIM-HJFDPPQWRQIMLQXXREVG_human_DELIM-HJFDPPQWRQIMLQXXREVG_USA_DELIM-HJFDPPQWRQIMLQXXREVG_891_6_DELIM-HJFDPPQWRQIMLQXXREVG_1989_DELIM-HJFDPPQWRQIMLQXXREVG_1989            0.00%    passed     99.79%
  31  nl63_DELIM-HJFDPPQWRQIMLQXXREVG_KF530104_DELIM-HJFDPPQWRQIMLQXXREVG_NL63_DELIM-HJFDPPQWRQIMLQXXREVG_human_DELIM-HJFDPPQWRQIMLQXXREVG_USA_DELIM-HJFDPPQWRQIMLQXXREVG_904_20_DELIM-HJFDPPQWRQIMLQXXREVG_1990_DELIM-HJFDPPQWRQIMLQXXREVG_1990           0.00%    passed     99.68%
  32  nl63_DELIM-HJFDPPQWRQIMLQXXREVG_KF530111_DELIM-HJFDPPQWRQIMLQXXREVG_NL63_DELIM-HJFDPPQWRQIMLQXXREVG_human_DELIM-HJFDPPQWRQIMLQXXREVG_USA_DELIM-HJFDPPQWRQIMLQXXREVG_901_24_DELIM-HJFDPPQWRQIMLQXXREVG_1990_DELIM-HJFDPPQWRQIMLQXXREVG_1990           0.00%    passed     99.93%
  33  nl63_DELIM-HJFDPPQWRQIMLQXXREVG_KF530109_DELIM-HJFDPPQWRQIMLQXXREVG_NL63_DELIM-HJFDPPQWRQIMLQXXREVG_human_DELIM-HJFDPPQWRQIMLQXXREVG_USA_DELIM-HJFDPPQWRQIMLQXXREVG_903_28_DELIM-HJFDPPQWRQIMLQXXREVG_1990_DELIM-HJFDPPQWRQIMLQXXREVG_1990           0.00%    passed     99.84%
  34  nl63_DELIM-HJFDPPQWRQIMLQXXREVG_KF530107_DELIM-HJFDPPQWRQIMLQXXREVG_NL63_DELIM-HJFDPPQWRQIMLQXXREVG_human_DELIM-HJFDPPQWRQIMLQXXREVG_USA_DELIM-HJFDPPQWRQIMLQXXREVG_911_56_DELIM-HJFDPPQWRQIMLQXXREVG_1991_DELIM-HJFDPPQWRQIMLQXXREVG_1991           0.00%    passed     99.91%
  35  nl63_DELIM-HJFDPPQWRQIMLQXXREVG_KF530113_DELIM-HJFDPPQWRQIMLQXXREVG_NL63_DELIM-HJFDPPQWRQIMLQXXREVG_human_DELIM-HJFDPPQWRQIMLQXXREVG_USA_DELIM-HJFDPPQWRQIMLQXXREVG_905_25_DELIM-HJFDPPQWRQIMLQXXREVG_1990_DELIM-HJFDPPQWRQIMLQXXREVG_1990           0.00%    passed     99.81%
  36  nl63_DELIM-HJFDPPQWRQIMLQXXREVG_KY983586_DELIM-HJFDPPQWRQIMLQXXREVG_HCoV_NL63_DELIM-HJFDPPQWRQIMLQXXREVG_Seattle_DELIM-HJFDPPQWRQIMLQXXREVG_USA_DELIM-HJFDPPQWRQIMLQXXREVG_SC2940_DELIM-HJFDPPQWRQIMLQXXREVG_2015_DELIM-HJFDPPQWRQIMLQXXREVG_2015    0.34%    passed     99.36%
  37  nl63_DELIM-HJFDPPQWRQIMLQXXREVG_JX104161_DELIM-HJFDPPQWRQIMLQXXREVG_CBJ_037_DELIM-HJFDPPQWRQIMLQXXREVG_2008                                                                                                                                          0.08%    passed     99.65%
  38  nl63_DELIM-HJFDPPQWRQIMLQXXREVG_MG428703_DELIM-HJFDPPQWRQIMLQXXREVG_Kilifi_HH_0511_01_Jun_2010_DELIM-HJFDPPQWRQIMLQXXREVG_2010                                                                                                                       0.18%    passed     99.51%
  39  nl63_DELIM-HJFDPPQWRQIMLQXXREVG_MG428704_DELIM-HJFDPPQWRQIMLQXXREVG_Kilifi_HH_5402_20_May_2010_DELIM-HJFDPPQWRQIMLQXXREVG_2010                                                                                                                       0.18%    passed     99.30%
  40  nl63_DELIM-HJFDPPQWRQIMLQXXREVG_MG428699_DELIM-HJFDPPQWRQIMLQXXREVG_Kilifi_HH_5709_19_May_2010_DELIM-HJFDPPQWRQIMLQXXREVG_2010                                                                                                                       0.18%    passed     99.31%
  41  nl63_DELIM-HJFDPPQWRQIMLQXXREVG_MG428705_DELIM-HJFDPPQWRQIMLQXXREVG_Kilifi_HH_0522_21_May_2010_DELIM-HJFDPPQWRQIMLQXXREVG_2010                                                                                                                       0.18%    passed     99.38%
  42  nl63_DELIM-HJFDPPQWRQIMLQXXREVG_MG428706_DELIM-HJFDPPQWRQIMLQXXREVG_Kilifi_HH_3808_24_May_2010_DELIM-HJFDPPQWRQIMLQXXREVG_2010                                                                                                                       0.18%    passed     99.32%
  43  nl63_DELIM-HJFDPPQWRQIMLQXXREVG_MG428700_DELIM-HJFDPPQWRQIMLQXXREVG_Kilifi_HH_1602_01_Jun_2010_DELIM-HJFDPPQWRQIMLQXXREVG_2010                                                                                                                       1.86%    passed     99.82%
  44  nl63_DELIM-HJFDPPQWRQIMLQXXREVG_MG428702_DELIM-HJFDPPQWRQIMLQXXREVG_Kilifi_HH_3807_11_May_2010_DELIM-HJFDPPQWRQIMLQXXREVG_2010                                                                                                                       0.18%    passed     98.83%
  45  nl63_DELIM-HJFDPPQWRQIMLQXXREVG_MG428701_DELIM-HJFDPPQWRQIMLQXXREVG_Kilifi_HH_0512_04_Jun_2010_DELIM-HJFDPPQWRQIMLQXXREVG_2010                                                                                                                       0.18%    passed     99.55%
  46  nl63_DELIM-HJFDPPQWRQIMLQXXREVG_JX524171_DELIM-HJFDPPQWRQIMLQXXREVG_CBJ123_DELIM-HJFDPPQWRQIMLQXXREVG_2009                                                                                                                                           0.07%    passed     99.68%
  47  nl63_DELIM-HJFDPPQWRQIMLQXXREVG_JQ900257_DELIM-HJFDPPQWRQIMLQXXREVG_NL63_DELIM-HJFDPPQWRQIMLQXXREVG_DEN_DELIM-HJFDPPQWRQIMLQXXREVG_2009_DELIM-HJFDPPQWRQIMLQXXREVG_31_DELIM-HJFDPPQWRQIMLQXXREVG_2009                                                0.32%    passed     99.24%
  48  nl63_DELIM-HJFDPPQWRQIMLQXXREVG_MG428707_DELIM-HJFDPPQWRQIMLQXXREVG_Kilifi_HH_5401_20_May_2010_DELIM-HJFDPPQWRQIMLQXXREVG_2010                                                                                                                       2.68%    passed     96.26%
  49  nl63_DELIM-HJFDPPQWRQIMLQXXREVG_KT266906_DELIM-HJFDPPQWRQIMLQXXREVG_HCoV_NL63_DELIM-HJFDPPQWRQIMLQXXREVG_Haiti_1_DELIM-HJFDPPQWRQIMLQXXREVG_2015_DELIM-HJFDPPQWRQIMLQXXREVG_2015                                                                     0.00%    passed     99.70%
  50  nl63_DELIM-HJFDPPQWRQIMLQXXREVG_MK334045_DELIM-HJFDPPQWRQIMLQXXREVG_ChinaGD05_DELIM-HJFDPPQWRQIMLQXXREVG_2018                                                                                                                                        0.00%    passed     99.99%
  51  nl63_DELIM-HJFDPPQWRQIMLQXXREVG_MK334046_DELIM-HJFDPPQWRQIMLQXXREVG_ChinaGD01_DELIM-HJFDPPQWRQIMLQXXREVG_2018                                                                                                                                        0.07%    passed     99.41%
  52  nl63_DELIM-HJFDPPQWRQIMLQXXREVG_MK334047_DELIM-HJFDPPQWRQIMLQXXREVG_ChinaGD04_DELIM-HJFDPPQWRQIMLQXXREVG_2018                                                                                                                                        0.07%    passed     99.71%
  53  nl63_DELIM-HJFDPPQWRQIMLQXXREVG_MG772808_DELIM-HJFDPPQWRQIMLQXXREVG_CN0601_DELIM-HJFDPPQWRQIMLQXXREVG_14_DELIM-HJFDPPQWRQIMLQXXREVG_2014                                                                                                             0.07%    passed     99.67%
  54  nl63_DELIM-HJFDPPQWRQIMLQXXREVG_MN026166_DELIM-HJFDPPQWRQIMLQXXREVG_NL63_KLF_01_2018_DELIM-HJFDPPQWRQIMLQXXREVG_2018                                                                                                                                 0.13%    passed     99.89%
  55  nl63_DELIM-HJFDPPQWRQIMLQXXREVG_JQ765569_DELIM-HJFDPPQWRQIMLQXXREVG_NL63_DELIM-HJFDPPQWRQIMLQXXREVG_DEN_DELIM-HJFDPPQWRQIMLQXXREVG_2005_DELIM-HJFDPPQWRQIMLQXXREVG_232_DELIM-HJFDPPQWRQIMLQXXREVG_2005                                               0.07%    passed     98.93%
  56  nl63_DELIM-HJFDPPQWRQIMLQXXREVG_KF530112_DELIM-HJFDPPQWRQIMLQXXREVG_NL63_DELIM-HJFDPPQWRQIMLQXXREVG_human_DELIM-HJFDPPQWRQIMLQXXREVG_USA_DELIM-HJFDPPQWRQIMLQXXREVG_0111_25_DELIM-HJFDPPQWRQIMLQXXREVG_2001_DELIM-HJFDPPQWRQIMLQXXREVG_2001          0.07%    passed     99.67%
  57  nl63_DELIM-HJFDPPQWRQIMLQXXREVG_JQ765570_DELIM-HJFDPPQWRQIMLQXXREVG_NL63_DELIM-HJFDPPQWRQIMLQXXREVG_DEN_DELIM-HJFDPPQWRQIMLQXXREVG_2005_DELIM-HJFDPPQWRQIMLQXXREVG_235_DELIM-HJFDPPQWRQIMLQXXREVG_2005                                               0.07%    passed     99.67%
  58  nl63_DELIM-HJFDPPQWRQIMLQXXREVG_JQ765563_DELIM-HJFDPPQWRQIMLQXXREVG_NL63_DELIM-HJFDPPQWRQIMLQXXREVG_DEN_DELIM-HJFDPPQWRQIMLQXXREVG_2009_DELIM-HJFDPPQWRQIMLQXXREVG_9_DELIM-HJFDPPQWRQIMLQXXREVG_2009                                                 0.07%    passed     99.62%
  59  nl63_DELIM-HJFDPPQWRQIMLQXXREVG_JQ765564_DELIM-HJFDPPQWRQIMLQXXREVG_NL63_DELIM-HJFDPPQWRQIMLQXXREVG_DEN_DELIM-HJFDPPQWRQIMLQXXREVG_2009_DELIM-HJFDPPQWRQIMLQXXREVG_14_DELIM-HJFDPPQWRQIMLQXXREVG_2009                                                0.07%    passed     99.66%
  60  nl63_DELIM-HJFDPPQWRQIMLQXXREVG_JQ765565_DELIM-HJFDPPQWRQIMLQXXREVG_NL63_DELIM-HJFDPPQWRQIMLQXXREVG_DEN_DELIM-HJFDPPQWRQIMLQXXREVG_2009_DELIM-HJFDPPQWRQIMLQXXREVG_15_DELIM-HJFDPPQWRQIMLQXXREVG_2009                                                0.07%    passed     98.36%
  61  nl63_DELIM-HJFDPPQWRQIMLQXXREVG_JQ900256_DELIM-HJFDPPQWRQIMLQXXREVG_NL63_DELIM-HJFDPPQWRQIMLQXXREVG_DEN_DELIM-HJFDPPQWRQIMLQXXREVG_2009_DELIM-HJFDPPQWRQIMLQXXREVG_22_DELIM-HJFDPPQWRQIMLQXXREVG_2009                                                1.31%    passed     96.64%
  62  nl63_DELIM-HJFDPPQWRQIMLQXXREVG_JQ900258_DELIM-HJFDPPQWRQIMLQXXREVG_NL63_DELIM-HJFDPPQWRQIMLQXXREVG_DEN_DELIM-HJFDPPQWRQIMLQXXREVG_2005_DELIM-HJFDPPQWRQIMLQXXREVG_291_DELIM-HJFDPPQWRQIMLQXXREVG_2005                                              23.10%    passed     77.31%
  63  nl63_DELIM-HJFDPPQWRQIMLQXXREVG_MN306040_DELIM-HJFDPPQWRQIMLQXXREVG_HCoV_NL63_DELIM-HJFDPPQWRQIMLQXXREVG_Seattle_DELIM-HJFDPPQWRQIMLQXXREVG_USA_DELIM-HJFDPPQWRQIMLQXXREVG_SC0768_DELIM-HJFDPPQWRQIMLQXXREVG_2019_DELIM-HJFDPPQWRQIMLQXXREVG_2019    1.31%    passed     98.66%
  64  nl63_DELIM-HJFDPPQWRQIMLQXXREVG_KF530106_DELIM-HJFDPPQWRQIMLQXXREVG_NL63_DELIM-HJFDPPQWRQIMLQXXREVG_human_DELIM-HJFDPPQWRQIMLQXXREVG_USA_DELIM-HJFDPPQWRQIMLQXXREVG_8712_17_DELIM-HJFDPPQWRQIMLQXXREVG_1987_DELIM-HJFDPPQWRQIMLQXXREVG_1987          0.04%    passed     98.90%
  65  229e_DELIM-HJFDPPQWRQIMLQXXREVG_AF304460_DELIM-HJFDPPQWRQIMLQXXREVG_229e_ref_DELIM-HJFDPPQWRQIMLQXXREVG_Germany_DELIM-HJFDPPQWRQIMLQXXREVG_2000                                                                                                      0.88%    failed      0.00%
****  TOTAL                                                                                                                                                                                                                                                0.67%  1 sequences failed composition chi2 test (p-value<5%; df=3)
NOTE: nl63_DELIM-HJFDPPQWRQIMLQXXREVG_KY554968_DELIM-HJFDPPQWRQIMLQXXREVG_N07_185B_DELIM-HJFDPPQWRQIMLQXXREVG_2016 is identical to nl63_DELIM-HJFDPPQWRQIMLQXXREVG_KY554967_DELIM-HJFDPPQWRQIMLQXXREVG_N06_1144B_DELIM-HJFDPPQWRQIMLQXXREVG_2016 but kept for subsequent analysis
NOTE: nl63_DELIM-HJFDPPQWRQIMLQXXREVG_KY829118_DELIM-HJFDPPQWRQIMLQXXREVG_N07_262B_DELIM-HJFDPPQWRQIMLQXXREVG_2015 is identical to nl63_DELIM-HJFDPPQWRQIMLQXXREVG_KY554969_DELIM-HJFDPPQWRQIMLQXXREVG_N07_196B_DELIM-HJFDPPQWRQIMLQXXREVG_2016 but kept for subsequent analysis
Checking for duplicate sequences: done in 0.000276089 secs using 87.29% CPU
Identifying sites to remove: done in 0.013623 secs using 98.36% CPU
NOTE: 2 identical sequences (see below) will be ignored for subsequent analysis
NOTE: nl63_DELIM-HJFDPPQWRQIMLQXXREVG_KY674916_DELIM-HJFDPPQWRQIMLQXXREVG_N07_64B_DELIM-HJFDPPQWRQIMLQXXREVG_2016 (identical to nl63_DELIM-HJFDPPQWRQIMLQXXREVG_KY554967_DELIM-HJFDPPQWRQIMLQXXREVG_N06_1144B_DELIM-HJFDPPQWRQIMLQXXREVG_2016) is ignored but added at the end
NOTE: nl63_DELIM-HJFDPPQWRQIMLQXXREVG_KY674915_DELIM-HJFDPPQWRQIMLQXXREVG_N07_6B_DELIM-HJFDPPQWRQIMLQXXREVG_2016 (identical to nl63_DELIM-HJFDPPQWRQIMLQXXREVG_KY554967_DELIM-HJFDPPQWRQIMLQXXREVG_N06_1144B_DELIM-HJFDPPQWRQIMLQXXREVG_2016) is ignored but added at the end
Alignment was printed to results/aligned_nl63_replicase1ab-delim.fasta.uniqueseq.phy

For your convenience alignment with unique sequences printed to results/aligned_nl63_replicase1ab-delim.fasta.uniqueseq.phy

Create initial parsimony tree by phylogenetic likelihood library (PLL)... 0.009 seconds

NOTE: 2 MB RAM (0 GB) is required!
Estimate model parameters (epsilon = 0.500)
1. Initial log-likelihood: -84516.221
2. Current log-likelihood: -80538.442
3. Current log-likelihood: -80486.958
4. Current log-likelihood: -80486.285
Optimal log-likelihood: -80486.159
Rate parameters:  A-C: 1.24597  A-G: 4.27390  A-T: 1.16363  C-G: 0.72300  C-T: 8.04914  G-T: 1.00000
Base frequencies:  A: 0.267  C: 0.134  G: 0.205  T: 0.394
Parameters optimization took 4 rounds (0.268 sec)
Wrote distance file to... 
Computing ML distances based on estimated model parameters...
Calculating distance matrix: done in 0.00775409 secs using 97.77% CPU
Computing ML distances took 0.007977 sec (of wall-clock time) 0.007785 sec (of CPU time)
Setting up auxiliary I and S matrices: done in 9.799e-05 secs using 158.2% CPU
Constructing RapidNJ tree: done in 0.000228882 secs using 179.6% CPU
Computing RapidNJ tree took 0.000362 sec (of wall-clock time) 0.000620 sec (of CPU time)
Log-likelihood of RapidNJ tree: -58231.574
--------------------------------------------------------------------
|             INITIALIZING CANDIDATE TREE SET                      |
--------------------------------------------------------------------

Do NNI search on 2 best initial trees
Optimizing NNI: done in 0.0757499 secs using 196.7% CPU
Estimate model parameters (epsilon = 0.500)
BETTER TREE FOUND at iteration 1: -57911.283
Optimizing NNI: done in 0.391554 secs using 98.19% CPU
Finish initializing candidate tree set (4)
Current best tree score: -57911.283 / CPU time: 0.600
Number of iterations: 2
TREE SEARCH COMPLETED AFTER 2 ITERATIONS / Time: 0h:0m:0s

--------------------------------------------------------------------
|                    FINALIZING TREE SEARCH                        |
--------------------------------------------------------------------
Performs final model parameters optimization
Estimate model parameters (epsilon = 0.050)
1. Initial log-likelihood: -57911.283
Optimal log-likelihood: -57911.281
Rate parameters:  A-C: 1.54601  A-G: 3.31420  A-T: 1.39622  C-G: 0.98402  C-T: 5.26073  G-T: 1.00000
Base frequencies:  A: 0.267  C: 0.134  G: 0.205  T: 0.394
Parameters optimization took 1 rounds (0.017 sec)
BEST SCORE FOUND : -57911.281
Total tree length: 0.498

Total number of iterations: 2
CPU time used for tree search: 0.757 sec (0h:0m:0s)
Wall-clock time used for tree search: 0.600 sec (0h:0m:0s)
Total CPU time used: 1.106 sec (0h:0m:1s)
Total wall-clock time used: 0.967 sec (0h:0m:0s)

Analysis results written to: 
  IQ-TREE report:                results/aligned_nl63_replicase1ab-delim.fasta.iqtree
  Maximum-likelihood tree:       results/aligned_nl63_replicase1ab-delim.fasta.treefile
  Likelihood distances:          results/aligned_nl63_replicase1ab-delim.fasta.mldist
  Screen log file:               results/aligned_nl63_replicase1ab-delim.fasta.log

Date and Time: Fri May 13 12:40:33 2022
