IQ-TREE multicore version 2.2.0-beta COVID-edition for Mac OS X 64-bit built Mar  3 2022 built Mar  3 2022
Developed by Bui Quang Minh, James Barbetti, Nguyen Lam Tung,
Olga Chernomor, Heiko Schmidt, Dominik Schrempf, Michael Woodhams, Ly Trong Nhan.

Host:    macbook-pro-2.fhcrc.org (SSE4.2, 8 GB RAM)
Command: iqtree2 -nt 1 -s results/aligned_nl63_nucleocapsid-delim.fasta -m GTR -ninit 2 -n 2 -me 0.05
Seed:    893891 (Using SPRNG - Scalable Parallel Random Number Generator)
Time:    Fri May 13 12:36:56 2022
Kernel:  SSE2 - 1 threads (8 CPU cores detected)

HINT: Use -nt option to specify number of threads because your CPU has 8 cores!
HINT: -nt AUTO will automatically determine the best number of threads to use.

Reading alignment file results/aligned_nl63_nucleocapsid-delim.fasta ... Fasta format detected
Reading fasta file: done in 0.00320697 secs using 94.05% CPU
Alignment most likely contains DNA/RNA sequences
Constructing alignment: done in 0.00134301 secs using 82.58% CPU
Alignment has 153 sequences with 1134 columns, 136 distinct patterns
50 parsimony-informative, 433 singleton sites, 651 constant sites
                                                                                                                                                                                                                                                   Gap/Ambiguity  Composition  p-value
Analyzing sequences: done in 3.29018e-05 secs using 91.18% CPU
   1  nl63_DELIM-XSQGYQBJWIDAXLIXPLFH_JQ900259_DELIM-XSQGYQBJWIDAXLIXPLFH_NL63_DELIM-XSQGYQBJWIDAXLIXPLFH_DEN_DELIM-XSQGYQBJWIDAXLIXPLFH_2005_DELIM-XSQGYQBJWIDAXLIXPLFH_449_DELIM-XSQGYQBJWIDAXLIXPLFH_2005                                               0.00%    passed    100.00%
   2  nl63_DELIM-XSQGYQBJWIDAXLIXPLFH_KF530108_DELIM-XSQGYQBJWIDAXLIXPLFH_NL63_DELIM-XSQGYQBJWIDAXLIXPLFH_human_DELIM-XSQGYQBJWIDAXLIXPLFH_USA_DELIM-XSQGYQBJWIDAXLIXPLFH_891_6_DELIM-XSQGYQBJWIDAXLIXPLFH_1989_DELIM-XSQGYQBJWIDAXLIXPLFH_1989            0.00%    passed    100.00%
   3  nl63_DELIM-XSQGYQBJWIDAXLIXPLFH_KF530111_DELIM-XSQGYQBJWIDAXLIXPLFH_NL63_DELIM-XSQGYQBJWIDAXLIXPLFH_human_DELIM-XSQGYQBJWIDAXLIXPLFH_USA_DELIM-XSQGYQBJWIDAXLIXPLFH_901_24_DELIM-XSQGYQBJWIDAXLIXPLFH_1990_DELIM-XSQGYQBJWIDAXLIXPLFH_1990           0.00%    passed    100.00%
   4  nl63_DELIM-XSQGYQBJWIDAXLIXPLFH_KF530109_DELIM-XSQGYQBJWIDAXLIXPLFH_NL63_DELIM-XSQGYQBJWIDAXLIXPLFH_human_DELIM-XSQGYQBJWIDAXLIXPLFH_USA_DELIM-XSQGYQBJWIDAXLIXPLFH_903_28_DELIM-XSQGYQBJWIDAXLIXPLFH_1990_DELIM-XSQGYQBJWIDAXLIXPLFH_1990           0.00%    passed    100.00%
   5  nl63_DELIM-XSQGYQBJWIDAXLIXPLFH_KF530104_DELIM-XSQGYQBJWIDAXLIXPLFH_NL63_DELIM-XSQGYQBJWIDAXLIXPLFH_human_DELIM-XSQGYQBJWIDAXLIXPLFH_USA_DELIM-XSQGYQBJWIDAXLIXPLFH_904_20_DELIM-XSQGYQBJWIDAXLIXPLFH_1990_DELIM-XSQGYQBJWIDAXLIXPLFH_1990           0.00%    passed    100.00%
   6  nl63_DELIM-XSQGYQBJWIDAXLIXPLFH_KF530113_DELIM-XSQGYQBJWIDAXLIXPLFH_NL63_DELIM-XSQGYQBJWIDAXLIXPLFH_human_DELIM-XSQGYQBJWIDAXLIXPLFH_USA_DELIM-XSQGYQBJWIDAXLIXPLFH_905_25_DELIM-XSQGYQBJWIDAXLIXPLFH_1990_DELIM-XSQGYQBJWIDAXLIXPLFH_1990           0.00%    passed    100.00%
   7  nl63_DELIM-XSQGYQBJWIDAXLIXPLFH_JX504050_DELIM-XSQGYQBJWIDAXLIXPLFH_NL63_DELIM-XSQGYQBJWIDAXLIXPLFH_RPTEC_DELIM-XSQGYQBJWIDAXLIXPLFH_2004_DELIM-XSQGYQBJWIDAXLIXPLFH_2004                                                                            0.00%    passed    100.00%
   8  nl63_DELIM-XSQGYQBJWIDAXLIXPLFH_JQ765568_DELIM-XSQGYQBJWIDAXLIXPLFH_NL63_DELIM-XSQGYQBJWIDAXLIXPLFH_DEN_DELIM-XSQGYQBJWIDAXLIXPLFH_2005_DELIM-XSQGYQBJWIDAXLIXPLFH_193_DELIM-XSQGYQBJWIDAXLIXPLFH_2005                                               0.00%    passed     99.99%
   9  nl63_DELIM-XSQGYQBJWIDAXLIXPLFH_KF530114_DELIM-XSQGYQBJWIDAXLIXPLFH_NL63_DELIM-XSQGYQBJWIDAXLIXPLFH_human_DELIM-XSQGYQBJWIDAXLIXPLFH_USA_DELIM-XSQGYQBJWIDAXLIXPLFH_891_4_DELIM-XSQGYQBJWIDAXLIXPLFH_1989_DELIM-XSQGYQBJWIDAXLIXPLFH_1989            0.00%    passed     99.99%
  10  nl63_DELIM-XSQGYQBJWIDAXLIXPLFH_KF530107_DELIM-XSQGYQBJWIDAXLIXPLFH_NL63_DELIM-XSQGYQBJWIDAXLIXPLFH_human_DELIM-XSQGYQBJWIDAXLIXPLFH_USA_DELIM-XSQGYQBJWIDAXLIXPLFH_911_56_DELIM-XSQGYQBJWIDAXLIXPLFH_1991_DELIM-XSQGYQBJWIDAXLIXPLFH_1991           0.00%    passed     99.97%
  11  nl63_DELIM-XSQGYQBJWIDAXLIXPLFH_JQ765573_DELIM-XSQGYQBJWIDAXLIXPLFH_NL63_DELIM-XSQGYQBJWIDAXLIXPLFH_DEN_DELIM-XSQGYQBJWIDAXLIXPLFH_2005_DELIM-XSQGYQBJWIDAXLIXPLFH_1062_DELIM-XSQGYQBJWIDAXLIXPLFH_2005                                              0.00%    passed     99.95%
  12  nl63_DELIM-XSQGYQBJWIDAXLIXPLFH_KY862073_DELIM-XSQGYQBJWIDAXLIXPLFH_NL63_DELIM-XSQGYQBJWIDAXLIXPLFH_FRA_EPI_DELIM-XSQGYQBJWIDAXLIXPLFH_Caen_DELIM-XSQGYQBJWIDAXLIXPLFH_2004_DELIM-XSQGYQBJWIDAXLIXPLFH_02_DELIM-XSQGYQBJWIDAXLIXPLFH_2004            0.00%    passed    100.00%
  13  nl63_DELIM-XSQGYQBJWIDAXLIXPLFH_DQ846901_DELIM-XSQGYQBJWIDAXLIXPLFH_BJ8081_DELIM-XSQGYQBJWIDAXLIXPLFH_NA                                                                                                                                             0.00%    passed     99.99%
  14  nl63_DELIM-XSQGYQBJWIDAXLIXPLFH_KM055611_DELIM-XSQGYQBJWIDAXLIXPLFH_GS05_2009_DELIM-XSQGYQBJWIDAXLIXPLFH_2009                                                                                                                                        0.00%    passed     99.95%
  15  nl63_DELIM-XSQGYQBJWIDAXLIXPLFH_JQ900260_DELIM-XSQGYQBJWIDAXLIXPLFH_NL63_DELIM-XSQGYQBJWIDAXLIXPLFH_DEN_DELIM-XSQGYQBJWIDAXLIXPLFH_2005_DELIM-XSQGYQBJWIDAXLIXPLFH_1120_DELIM-XSQGYQBJWIDAXLIXPLFH_2005                                              0.00%    passed     99.95%
  16  nl63_DELIM-XSQGYQBJWIDAXLIXPLFH_KF530110_DELIM-XSQGYQBJWIDAXLIXPLFH_NL63_DELIM-XSQGYQBJWIDAXLIXPLFH_human_DELIM-XSQGYQBJWIDAXLIXPLFH_USA_DELIM-XSQGYQBJWIDAXLIXPLFH_838_9_DELIM-XSQGYQBJWIDAXLIXPLFH_1983_DELIM-XSQGYQBJWIDAXLIXPLFH_1983            0.00%    passed     99.48%
  17  nl63_DELIM-XSQGYQBJWIDAXLIXPLFH_KF530106_DELIM-XSQGYQBJWIDAXLIXPLFH_NL63_DELIM-XSQGYQBJWIDAXLIXPLFH_human_DELIM-XSQGYQBJWIDAXLIXPLFH_USA_DELIM-XSQGYQBJWIDAXLIXPLFH_8712_17_DELIM-XSQGYQBJWIDAXLIXPLFH_1987_DELIM-XSQGYQBJWIDAXLIXPLFH_1987          0.00%    passed     99.82%
  18  nl63_DELIM-XSQGYQBJWIDAXLIXPLFH_JQ765575_DELIM-XSQGYQBJWIDAXLIXPLFH_NL63_DELIM-XSQGYQBJWIDAXLIXPLFH_DEN_DELIM-XSQGYQBJWIDAXLIXPLFH_2005_DELIM-XSQGYQBJWIDAXLIXPLFH_1876_DELIM-XSQGYQBJWIDAXLIXPLFH_2005                                              0.00%    passed     99.99%
  19  nl63_DELIM-XSQGYQBJWIDAXLIXPLFH_KY554969_DELIM-XSQGYQBJWIDAXLIXPLFH_N07_196B_DELIM-XSQGYQBJWIDAXLIXPLFH_2016                                                                                                                                         0.00%    passed    100.00%
  20  nl63_DELIM-XSQGYQBJWIDAXLIXPLFH_KY829118_DELIM-XSQGYQBJWIDAXLIXPLFH_N07_262B_DELIM-XSQGYQBJWIDAXLIXPLFH_2015                                                                                                                                         0.00%    passed    100.00%
  21  nl63_DELIM-XSQGYQBJWIDAXLIXPLFH_KY554971_DELIM-XSQGYQBJWIDAXLIXPLFH_N07_468B_176X_DELIM-XSQGYQBJWIDAXLIXPLFH_2016                                                                                                                                    0.00%    passed    100.00%
  22  nl63_DELIM-XSQGYQBJWIDAXLIXPLFH_KY862074_DELIM-XSQGYQBJWIDAXLIXPLFH_NL63_DELIM-XSQGYQBJWIDAXLIXPLFH_FRA_EPI_DELIM-XSQGYQBJWIDAXLIXPLFH_Caen_DELIM-XSQGYQBJWIDAXLIXPLFH_2004_DELIM-XSQGYQBJWIDAXLIXPLFH_01_DELIM-XSQGYQBJWIDAXLIXPLFH_2004            0.00%    passed     99.99%
  23  nl63_DELIM-XSQGYQBJWIDAXLIXPLFH_JQ765574_DELIM-XSQGYQBJWIDAXLIXPLFH_NL63_DELIM-XSQGYQBJWIDAXLIXPLFH_DEN_DELIM-XSQGYQBJWIDAXLIXPLFH_2005_DELIM-XSQGYQBJWIDAXLIXPLFH_1862_DELIM-XSQGYQBJWIDAXLIXPLFH_2005                                              0.00%    passed    100.00%
  24  nl63_DELIM-XSQGYQBJWIDAXLIXPLFH_KF530105_DELIM-XSQGYQBJWIDAXLIXPLFH_NL63_DELIM-XSQGYQBJWIDAXLIXPLFH_human_DELIM-XSQGYQBJWIDAXLIXPLFH_USA_DELIM-XSQGYQBJWIDAXLIXPLFH_012_31_DELIM-XSQGYQBJWIDAXLIXPLFH_2001_DELIM-XSQGYQBJWIDAXLIXPLFH_2001           0.00%    passed     99.95%
  25  nl63_DELIM-XSQGYQBJWIDAXLIXPLFH_JQ765571_DELIM-XSQGYQBJWIDAXLIXPLFH_NL63_DELIM-XSQGYQBJWIDAXLIXPLFH_DEN_DELIM-XSQGYQBJWIDAXLIXPLFH_2005_DELIM-XSQGYQBJWIDAXLIXPLFH_271_DELIM-XSQGYQBJWIDAXLIXPLFH_2005                                               0.00%    passed     99.95%
  26  nl63_DELIM-XSQGYQBJWIDAXLIXPLFH_JQ765572_DELIM-XSQGYQBJWIDAXLIXPLFH_NL63_DELIM-XSQGYQBJWIDAXLIXPLFH_DEN_DELIM-XSQGYQBJWIDAXLIXPLFH_2005_DELIM-XSQGYQBJWIDAXLIXPLFH_347_DELIM-XSQGYQBJWIDAXLIXPLFH_2005                                               0.00%    passed     99.96%
  27  nl63_DELIM-XSQGYQBJWIDAXLIXPLFH_KY862071_DELIM-XSQGYQBJWIDAXLIXPLFH_NL63_DELIM-XSQGYQBJWIDAXLIXPLFH_FRA_EPI_DELIM-XSQGYQBJWIDAXLIXPLFH_Caen_DELIM-XSQGYQBJWIDAXLIXPLFH_2005_DELIM-XSQGYQBJWIDAXLIXPLFH_04_DELIM-XSQGYQBJWIDAXLIXPLFH_2005            0.00%    passed     99.99%
  28  nl63_DELIM-XSQGYQBJWIDAXLIXPLFH_KY862066_DELIM-XSQGYQBJWIDAXLIXPLFH_NL63_DELIM-XSQGYQBJWIDAXLIXPLFH_FRA_EPI_DELIM-XSQGYQBJWIDAXLIXPLFH_Caen_DELIM-XSQGYQBJWIDAXLIXPLFH_2010_DELIM-XSQGYQBJWIDAXLIXPLFH_09_DELIM-XSQGYQBJWIDAXLIXPLFH_2010            0.00%    passed     99.84%
  29  nl63_DELIM-XSQGYQBJWIDAXLIXPLFH_KM055591_DELIM-XSQGYQBJWIDAXLIXPLFH_180A_2007_DELIM-XSQGYQBJWIDAXLIXPLFH_2007                                                                                                                                        0.00%    passed    100.00%
  30  nl63_DELIM-XSQGYQBJWIDAXLIXPLFH_KM055592_DELIM-XSQGYQBJWIDAXLIXPLFH_188A_2007_DELIM-XSQGYQBJWIDAXLIXPLFH_2007                                                                                                                                        0.00%    passed    100.00%
  31  nl63_DELIM-XSQGYQBJWIDAXLIXPLFH_KM055593_DELIM-XSQGYQBJWIDAXLIXPLFH_197A_2007_DELIM-XSQGYQBJWIDAXLIXPLFH_2007                                                                                                                                        0.00%    passed    100.00%
  32  nl63_DELIM-XSQGYQBJWIDAXLIXPLFH_KM055597_DELIM-XSQGYQBJWIDAXLIXPLFH_374A_2007_DELIM-XSQGYQBJWIDAXLIXPLFH_2007                                                                                                                                        0.00%    passed    100.00%
  33  nl63_DELIM-XSQGYQBJWIDAXLIXPLFH_KY554967_DELIM-XSQGYQBJWIDAXLIXPLFH_N06_1144B_DELIM-XSQGYQBJWIDAXLIXPLFH_2016                                                                                                                                        0.00%    passed    100.00%
  34  nl63_DELIM-XSQGYQBJWIDAXLIXPLFH_KY554968_DELIM-XSQGYQBJWIDAXLIXPLFH_N07_185B_DELIM-XSQGYQBJWIDAXLIXPLFH_2016                                                                                                                                         0.00%    passed    100.00%
  35  nl63_DELIM-XSQGYQBJWIDAXLIXPLFH_KY554970_DELIM-XSQGYQBJWIDAXLIXPLFH_N07_324B_182X_DELIM-XSQGYQBJWIDAXLIXPLFH_2016                                                                                                                                    0.00%    passed    100.00%
  36  nl63_DELIM-XSQGYQBJWIDAXLIXPLFH_KY674916_DELIM-XSQGYQBJWIDAXLIXPLFH_N07_64B_DELIM-XSQGYQBJWIDAXLIXPLFH_2016                                                                                                                                          0.00%    passed    100.00%
  37  nl63_DELIM-XSQGYQBJWIDAXLIXPLFH_KY674915_DELIM-XSQGYQBJWIDAXLIXPLFH_N07_6B_DELIM-XSQGYQBJWIDAXLIXPLFH_2016                                                                                                                                           0.00%    passed    100.00%
  38  nl63_DELIM-XSQGYQBJWIDAXLIXPLFH_JQ765569_DELIM-XSQGYQBJWIDAXLIXPLFH_NL63_DELIM-XSQGYQBJWIDAXLIXPLFH_DEN_DELIM-XSQGYQBJWIDAXLIXPLFH_2005_DELIM-XSQGYQBJWIDAXLIXPLFH_232_DELIM-XSQGYQBJWIDAXLIXPLFH_2005                                               0.00%    passed    100.00%
  39  nl63_DELIM-XSQGYQBJWIDAXLIXPLFH_JQ900258_DELIM-XSQGYQBJWIDAXLIXPLFH_NL63_DELIM-XSQGYQBJWIDAXLIXPLFH_DEN_DELIM-XSQGYQBJWIDAXLIXPLFH_2005_DELIM-XSQGYQBJWIDAXLIXPLFH_291_DELIM-XSQGYQBJWIDAXLIXPLFH_2005                                               0.00%    passed    100.00%
  40  nl63_DELIM-XSQGYQBJWIDAXLIXPLFH_JQ765566_DELIM-XSQGYQBJWIDAXLIXPLFH_NL63_DELIM-XSQGYQBJWIDAXLIXPLFH_DEN_DELIM-XSQGYQBJWIDAXLIXPLFH_2008_DELIM-XSQGYQBJWIDAXLIXPLFH_16_DELIM-XSQGYQBJWIDAXLIXPLFH_2008                                                0.00%    passed    100.00%
  41  nl63_DELIM-XSQGYQBJWIDAXLIXPLFH_JQ765567_DELIM-XSQGYQBJWIDAXLIXPLFH_NL63_DELIM-XSQGYQBJWIDAXLIXPLFH_DEN_DELIM-XSQGYQBJWIDAXLIXPLFH_2009_DELIM-XSQGYQBJWIDAXLIXPLFH_20_DELIM-XSQGYQBJWIDAXLIXPLFH_2009                                                0.00%    passed    100.00%
  42  nl63_DELIM-XSQGYQBJWIDAXLIXPLFH_KY862068_DELIM-XSQGYQBJWIDAXLIXPLFH_NL63_DELIM-XSQGYQBJWIDAXLIXPLFH_FRA_EPI_DELIM-XSQGYQBJWIDAXLIXPLFH_Caen_DELIM-XSQGYQBJWIDAXLIXPLFH_2009_DELIM-XSQGYQBJWIDAXLIXPLFH_07_DELIM-XSQGYQBJWIDAXLIXPLFH_2009            0.00%    passed    100.00%
  43  nl63_DELIM-XSQGYQBJWIDAXLIXPLFH_KY862067_DELIM-XSQGYQBJWIDAXLIXPLFH_NL63_DELIM-XSQGYQBJWIDAXLIXPLFH_FRA_EPI_DELIM-XSQGYQBJWIDAXLIXPLFH_Caen_DELIM-XSQGYQBJWIDAXLIXPLFH_2009_DELIM-XSQGYQBJWIDAXLIXPLFH_08_DELIM-XSQGYQBJWIDAXLIXPLFH_2009            0.00%    passed    100.00%
  44  nl63_DELIM-XSQGYQBJWIDAXLIXPLFH_KY862058_DELIM-XSQGYQBJWIDAXLIXPLFH_NL63_DELIM-XSQGYQBJWIDAXLIXPLFH_FRA_EPI_DELIM-XSQGYQBJWIDAXLIXPLFH_Caen_DELIM-XSQGYQBJWIDAXLIXPLFH_2014_DELIM-XSQGYQBJWIDAXLIXPLFH_17_DELIM-XSQGYQBJWIDAXLIXPLFH_2014            0.00%    passed    100.00%
  45  nl63_DELIM-XSQGYQBJWIDAXLIXPLFH_KF530112_DELIM-XSQGYQBJWIDAXLIXPLFH_NL63_DELIM-XSQGYQBJWIDAXLIXPLFH_human_DELIM-XSQGYQBJWIDAXLIXPLFH_USA_DELIM-XSQGYQBJWIDAXLIXPLFH_0111_25_DELIM-XSQGYQBJWIDAXLIXPLFH_2001_DELIM-XSQGYQBJWIDAXLIXPLFH_2001          0.00%    passed    100.00%
  46  nl63_DELIM-XSQGYQBJWIDAXLIXPLFH_KU521535_DELIM-XSQGYQBJWIDAXLIXPLFH_NL63_DELIM-XSQGYQBJWIDAXLIXPLFH_UF_2_DELIM-XSQGYQBJWIDAXLIXPLFH_2015_DELIM-XSQGYQBJWIDAXLIXPLFH_2015                                                                             0.00%    passed    100.00%
  47  nl63_DELIM-XSQGYQBJWIDAXLIXPLFH_MN026166_DELIM-XSQGYQBJWIDAXLIXPLFH_NL63_KLF_01_2018_DELIM-XSQGYQBJWIDAXLIXPLFH_2018                                                                                                                                21.96%    passed     62.31%
  48  nl63_DELIM-XSQGYQBJWIDAXLIXPLFH_JQ765564_DELIM-XSQGYQBJWIDAXLIXPLFH_NL63_DELIM-XSQGYQBJWIDAXLIXPLFH_DEN_DELIM-XSQGYQBJWIDAXLIXPLFH_2009_DELIM-XSQGYQBJWIDAXLIXPLFH_14_DELIM-XSQGYQBJWIDAXLIXPLFH_2009                                                0.00%    passed    100.00%
  49  nl63_DELIM-XSQGYQBJWIDAXLIXPLFH_KM055595_DELIM-XSQGYQBJWIDAXLIXPLFH_236A_2007_DELIM-XSQGYQBJWIDAXLIXPLFH_2007                                                                                                                                        0.00%    passed     99.99%
  50  nl63_DELIM-XSQGYQBJWIDAXLIXPLFH_KY862060_DELIM-XSQGYQBJWIDAXLIXPLFH_NL63_DELIM-XSQGYQBJWIDAXLIXPLFH_FRA_EPI_DELIM-XSQGYQBJWIDAXLIXPLFH_Caen_DELIM-XSQGYQBJWIDAXLIXPLFH_2013_DELIM-XSQGYQBJWIDAXLIXPLFH_15_DELIM-XSQGYQBJWIDAXLIXPLFH_2013            0.00%    passed     99.99%
  51  nl63_DELIM-XSQGYQBJWIDAXLIXPLFH_KM055602_DELIM-XSQGYQBJWIDAXLIXPLFH_954A_2008_DELIM-XSQGYQBJWIDAXLIXPLFH_2008                                                                                                                                        0.00%    passed     99.97%
  52  nl63_DELIM-XSQGYQBJWIDAXLIXPLFH_JQ765570_DELIM-XSQGYQBJWIDAXLIXPLFH_NL63_DELIM-XSQGYQBJWIDAXLIXPLFH_DEN_DELIM-XSQGYQBJWIDAXLIXPLFH_2005_DELIM-XSQGYQBJWIDAXLIXPLFH_235_DELIM-XSQGYQBJWIDAXLIXPLFH_2005                                               0.00%    passed     99.97%
  53  nl63_DELIM-XSQGYQBJWIDAXLIXPLFH_KY862070_DELIM-XSQGYQBJWIDAXLIXPLFH_NL63_DELIM-XSQGYQBJWIDAXLIXPLFH_FRA_EPI_DELIM-XSQGYQBJWIDAXLIXPLFH_Caen_DELIM-XSQGYQBJWIDAXLIXPLFH_2008_DELIM-XSQGYQBJWIDAXLIXPLFH_05_DELIM-XSQGYQBJWIDAXLIXPLFH_2008            0.00%    passed     99.96%
  54  nl63_DELIM-XSQGYQBJWIDAXLIXPLFH_KY862069_DELIM-XSQGYQBJWIDAXLIXPLFH_NL63_DELIM-XSQGYQBJWIDAXLIXPLFH_FRA_EPI_DELIM-XSQGYQBJWIDAXLIXPLFH_Caen_DELIM-XSQGYQBJWIDAXLIXPLFH_2008_DELIM-XSQGYQBJWIDAXLIXPLFH_06_DELIM-XSQGYQBJWIDAXLIXPLFH_2008            0.00%    passed     99.99%
  55  nl63_DELIM-XSQGYQBJWIDAXLIXPLFH_KY862061_DELIM-XSQGYQBJWIDAXLIXPLFH_NL63_DELIM-XSQGYQBJWIDAXLIXPLFH_FRA_EPI_DELIM-XSQGYQBJWIDAXLIXPLFH_Caen_DELIM-XSQGYQBJWIDAXLIXPLFH_2012_DELIM-XSQGYQBJWIDAXLIXPLFH_14_DELIM-XSQGYQBJWIDAXLIXPLFH_2012            0.00%    passed     99.99%
  56  nl63_DELIM-XSQGYQBJWIDAXLIXPLFH_KY862056_DELIM-XSQGYQBJWIDAXLIXPLFH_NL63_DELIM-XSQGYQBJWIDAXLIXPLFH_FRA_EPI_DELIM-XSQGYQBJWIDAXLIXPLFH_Caen_DELIM-XSQGYQBJWIDAXLIXPLFH_2015_DELIM-XSQGYQBJWIDAXLIXPLFH_19_DELIM-XSQGYQBJWIDAXLIXPLFH_2015            0.00%    passed     99.99%
  57  nl63_DELIM-XSQGYQBJWIDAXLIXPLFH_KY862055_DELIM-XSQGYQBJWIDAXLIXPLFH_NL63_DELIM-XSQGYQBJWIDAXLIXPLFH_FRA_EPI_DELIM-XSQGYQBJWIDAXLIXPLFH_Caen_DELIM-XSQGYQBJWIDAXLIXPLFH_2015_DELIM-XSQGYQBJWIDAXLIXPLFH_20_DELIM-XSQGYQBJWIDAXLIXPLFH_2015            0.00%    passed     99.99%
  58  nl63_DELIM-XSQGYQBJWIDAXLIXPLFH_KY862072_DELIM-XSQGYQBJWIDAXLIXPLFH_NL63_DELIM-XSQGYQBJWIDAXLIXPLFH_FRA_EPI_DELIM-XSQGYQBJWIDAXLIXPLFH_Caen_DELIM-XSQGYQBJWIDAXLIXPLFH_2005_DELIM-XSQGYQBJWIDAXLIXPLFH_03_DELIM-XSQGYQBJWIDAXLIXPLFH_2005            0.00%    passed     99.95%
  59  nl63_DELIM-XSQGYQBJWIDAXLIXPLFH_KY862062_DELIM-XSQGYQBJWIDAXLIXPLFH_NL63_DELIM-XSQGYQBJWIDAXLIXPLFH_FRA_EPI_DELIM-XSQGYQBJWIDAXLIXPLFH_Caen_DELIM-XSQGYQBJWIDAXLIXPLFH_2012_DELIM-XSQGYQBJWIDAXLIXPLFH_13_DELIM-XSQGYQBJWIDAXLIXPLFH_2012            0.00%    passed     99.97%
  60  nl63_DELIM-XSQGYQBJWIDAXLIXPLFH_KT381875_DELIM-XSQGYQBJWIDAXLIXPLFH_NL63_DELIM-XSQGYQBJWIDAXLIXPLFH_UF_1_DELIM-XSQGYQBJWIDAXLIXPLFH_2015_DELIM-XSQGYQBJWIDAXLIXPLFH_2015                                                                             0.00%    passed     99.97%
  61  nl63_DELIM-XSQGYQBJWIDAXLIXPLFH_KX179500_DELIM-XSQGYQBJWIDAXLIXPLFH_NL63_DELIM-XSQGYQBJWIDAXLIXPLFH_UF_2_DELIM-XSQGYQBJWIDAXLIXPLFH_2015_DELIM-XSQGYQBJWIDAXLIXPLFH_2015                                                                             0.00%    passed     99.97%
  62  nl63_DELIM-XSQGYQBJWIDAXLIXPLFH_KM055594_DELIM-XSQGYQBJWIDAXLIXPLFH_225A_2007_DELIM-XSQGYQBJWIDAXLIXPLFH_2007                                                                                                                                        0.00%    passed     99.96%
  63  nl63_DELIM-XSQGYQBJWIDAXLIXPLFH_KM055596_DELIM-XSQGYQBJWIDAXLIXPLFH_277A_2007_DELIM-XSQGYQBJWIDAXLIXPLFH_2007                                                                                                                                        0.00%    passed     99.96%
  64  nl63_DELIM-XSQGYQBJWIDAXLIXPLFH_KM055598_DELIM-XSQGYQBJWIDAXLIXPLFH_909A_2008_DELIM-XSQGYQBJWIDAXLIXPLFH_2008                                                                                                                                        0.00%    passed     99.91%
  65  nl63_DELIM-XSQGYQBJWIDAXLIXPLFH_JQ900255_DELIM-XSQGYQBJWIDAXLIXPLFH_NL63_DELIM-XSQGYQBJWIDAXLIXPLFH_DEN_DELIM-XSQGYQBJWIDAXLIXPLFH_2009_DELIM-XSQGYQBJWIDAXLIXPLFH_6_DELIM-XSQGYQBJWIDAXLIXPLFH_2009                                                 0.00%    passed     99.91%
  66  nl63_DELIM-XSQGYQBJWIDAXLIXPLFH_JQ900256_DELIM-XSQGYQBJWIDAXLIXPLFH_NL63_DELIM-XSQGYQBJWIDAXLIXPLFH_DEN_DELIM-XSQGYQBJWIDAXLIXPLFH_2009_DELIM-XSQGYQBJWIDAXLIXPLFH_22_DELIM-XSQGYQBJWIDAXLIXPLFH_2009                                                0.00%    passed    100.00%
  67  nl63_DELIM-XSQGYQBJWIDAXLIXPLFH_KY862065_DELIM-XSQGYQBJWIDAXLIXPLFH_NL63_DELIM-XSQGYQBJWIDAXLIXPLFH_FRA_EPI_DELIM-XSQGYQBJWIDAXLIXPLFH_Caen_DELIM-XSQGYQBJWIDAXLIXPLFH_2010_DELIM-XSQGYQBJWIDAXLIXPLFH_10_DELIM-XSQGYQBJWIDAXLIXPLFH_2010            0.00%    passed    100.00%
  68  nl63_DELIM-XSQGYQBJWIDAXLIXPLFH_KY862057_DELIM-XSQGYQBJWIDAXLIXPLFH_NL63_DELIM-XSQGYQBJWIDAXLIXPLFH_FRA_EPI_DELIM-XSQGYQBJWIDAXLIXPLFH_Caen_DELIM-XSQGYQBJWIDAXLIXPLFH_2014_DELIM-XSQGYQBJWIDAXLIXPLFH_18_DELIM-XSQGYQBJWIDAXLIXPLFH_2014            0.00%    passed     99.73%
  69  nl63_DELIM-XSQGYQBJWIDAXLIXPLFH_KY862064_DELIM-XSQGYQBJWIDAXLIXPLFH_NL63_DELIM-XSQGYQBJWIDAXLIXPLFH_FRA_EPI_DELIM-XSQGYQBJWIDAXLIXPLFH_Caen_DELIM-XSQGYQBJWIDAXLIXPLFH_2011_DELIM-XSQGYQBJWIDAXLIXPLFH_11_DELIM-XSQGYQBJWIDAXLIXPLFH_2011            0.00%    passed     99.99%
  70  nl63_DELIM-XSQGYQBJWIDAXLIXPLFH_KY983586_DELIM-XSQGYQBJWIDAXLIXPLFH_HCoV_NL63_DELIM-XSQGYQBJWIDAXLIXPLFH_Seattle_DELIM-XSQGYQBJWIDAXLIXPLFH_USA_DELIM-XSQGYQBJWIDAXLIXPLFH_SC2940_DELIM-XSQGYQBJWIDAXLIXPLFH_2015_DELIM-XSQGYQBJWIDAXLIXPLFH_2015    0.00%    passed     99.97%
  71  nl63_DELIM-XSQGYQBJWIDAXLIXPLFH_JQ765563_DELIM-XSQGYQBJWIDAXLIXPLFH_NL63_DELIM-XSQGYQBJWIDAXLIXPLFH_DEN_DELIM-XSQGYQBJWIDAXLIXPLFH_2009_DELIM-XSQGYQBJWIDAXLIXPLFH_9_DELIM-XSQGYQBJWIDAXLIXPLFH_2009                                                 0.00%    passed     99.94%
  72  nl63_DELIM-XSQGYQBJWIDAXLIXPLFH_JQ765565_DELIM-XSQGYQBJWIDAXLIXPLFH_NL63_DELIM-XSQGYQBJWIDAXLIXPLFH_DEN_DELIM-XSQGYQBJWIDAXLIXPLFH_2009_DELIM-XSQGYQBJWIDAXLIXPLFH_15_DELIM-XSQGYQBJWIDAXLIXPLFH_2009                                                0.00%    passed     99.95%
  73  nl63_DELIM-XSQGYQBJWIDAXLIXPLFH_KT359830_DELIM-XSQGYQBJWIDAXLIXPLFH_12MYKL0482_DELIM-XSQGYQBJWIDAXLIXPLFH_2012                                                                                                                                       0.26%    passed     99.87%
  74  nl63_DELIM-XSQGYQBJWIDAXLIXPLFH_KT359831_DELIM-XSQGYQBJWIDAXLIXPLFH_12MYKL0630_DELIM-XSQGYQBJWIDAXLIXPLFH_2012                                                                                                                                       0.26%    passed     99.87%
  75  nl63_DELIM-XSQGYQBJWIDAXLIXPLFH_KT359832_DELIM-XSQGYQBJWIDAXLIXPLFH_12MYKL0719_DELIM-XSQGYQBJWIDAXLIXPLFH_2012                                                                                                                                       0.26%    passed     99.87%
  76  nl63_DELIM-XSQGYQBJWIDAXLIXPLFH_KT359833_DELIM-XSQGYQBJWIDAXLIXPLFH_12MYKL0730_DELIM-XSQGYQBJWIDAXLIXPLFH_2012                                                                                                                                       0.26%    passed     99.87%
  77  nl63_DELIM-XSQGYQBJWIDAXLIXPLFH_KT359834_DELIM-XSQGYQBJWIDAXLIXPLFH_12MYKL0736_DELIM-XSQGYQBJWIDAXLIXPLFH_2012                                                                                                                                       0.26%    passed     99.87%
  78  nl63_DELIM-XSQGYQBJWIDAXLIXPLFH_KT359840_DELIM-XSQGYQBJWIDAXLIXPLFH_12MYKL0813_DELIM-XSQGYQBJWIDAXLIXPLFH_2012                                                                                                                                       0.26%    passed     99.87%
  79  nl63_DELIM-XSQGYQBJWIDAXLIXPLFH_KT359841_DELIM-XSQGYQBJWIDAXLIXPLFH_12MYKL0862_DELIM-XSQGYQBJWIDAXLIXPLFH_2012                                                                                                                                       0.26%    passed     99.87%
  80  nl63_DELIM-XSQGYQBJWIDAXLIXPLFH_KT359843_DELIM-XSQGYQBJWIDAXLIXPLFH_12MYKL0865_DELIM-XSQGYQBJWIDAXLIXPLFH_2012                                                                                                                                       0.26%    passed     99.87%
  81  nl63_DELIM-XSQGYQBJWIDAXLIXPLFH_KT359845_DELIM-XSQGYQBJWIDAXLIXPLFH_12MYKL0903_DELIM-XSQGYQBJWIDAXLIXPLFH_2012                                                                                                                                       0.26%    passed     99.87%
  82  nl63_DELIM-XSQGYQBJWIDAXLIXPLFH_KT359847_DELIM-XSQGYQBJWIDAXLIXPLFH_12MYKL0964_DELIM-XSQGYQBJWIDAXLIXPLFH_2012                                                                                                                                       0.26%    passed     99.87%
  83  nl63_DELIM-XSQGYQBJWIDAXLIXPLFH_KT359849_DELIM-XSQGYQBJWIDAXLIXPLFH_12MYKL1002_DELIM-XSQGYQBJWIDAXLIXPLFH_2012                                                                                                                                       0.26%    passed     99.87%
  84  nl63_DELIM-XSQGYQBJWIDAXLIXPLFH_KT359850_DELIM-XSQGYQBJWIDAXLIXPLFH_12MYKL1007_DELIM-XSQGYQBJWIDAXLIXPLFH_2012                                                                                                                                       0.26%    passed     99.87%
  85  nl63_DELIM-XSQGYQBJWIDAXLIXPLFH_KT359852_DELIM-XSQGYQBJWIDAXLIXPLFH_12MYKL1055_DELIM-XSQGYQBJWIDAXLIXPLFH_2012                                                                                                                                       0.26%    passed     99.87%
  86  nl63_DELIM-XSQGYQBJWIDAXLIXPLFH_KT359857_DELIM-XSQGYQBJWIDAXLIXPLFH_12MYKL1193_DELIM-XSQGYQBJWIDAXLIXPLFH_2012                                                                                                                                       0.26%    passed     99.87%
  87  nl63_DELIM-XSQGYQBJWIDAXLIXPLFH_KT359859_DELIM-XSQGYQBJWIDAXLIXPLFH_12MYKL1197_DELIM-XSQGYQBJWIDAXLIXPLFH_2012                                                                                                                                       0.26%    passed     99.87%
  88  nl63_DELIM-XSQGYQBJWIDAXLIXPLFH_KT359861_DELIM-XSQGYQBJWIDAXLIXPLFH_12MYKL1238_DELIM-XSQGYQBJWIDAXLIXPLFH_2012                                                                                                                                       0.26%    passed     99.87%
  89  nl63_DELIM-XSQGYQBJWIDAXLIXPLFH_KT359863_DELIM-XSQGYQBJWIDAXLIXPLFH_12MYKL1288_DELIM-XSQGYQBJWIDAXLIXPLFH_2012                                                                                                                                       0.26%    passed     99.87%
  90  nl63_DELIM-XSQGYQBJWIDAXLIXPLFH_KT359867_DELIM-XSQGYQBJWIDAXLIXPLFH_12MYKL1528_DELIM-XSQGYQBJWIDAXLIXPLFH_2012                                                                                                                                       0.26%    passed     99.87%
  91  nl63_DELIM-XSQGYQBJWIDAXLIXPLFH_KT359837_DELIM-XSQGYQBJWIDAXLIXPLFH_12MYKL0780_DELIM-XSQGYQBJWIDAXLIXPLFH_2012                                                                                                                                       0.26%    passed     99.65%
  92  nl63_DELIM-XSQGYQBJWIDAXLIXPLFH_KT359856_DELIM-XSQGYQBJWIDAXLIXPLFH_12MYKL1089_DELIM-XSQGYQBJWIDAXLIXPLFH_2012                                                                                                                                       0.26%    passed     99.95%
  93  nl63_DELIM-XSQGYQBJWIDAXLIXPLFH_KT359869_DELIM-XSQGYQBJWIDAXLIXPLFH_13MYKL1797_DELIM-XSQGYQBJWIDAXLIXPLFH_2013                                                                                                                                       0.26%    passed     99.95%
  94  nl63_DELIM-XSQGYQBJWIDAXLIXPLFH_KT359844_DELIM-XSQGYQBJWIDAXLIXPLFH_12MYKL0880_DELIM-XSQGYQBJWIDAXLIXPLFH_2012                                                                                                                                       0.26%    passed    100.00%
  95  nl63_DELIM-XSQGYQBJWIDAXLIXPLFH_KT359842_DELIM-XSQGYQBJWIDAXLIXPLFH_12MYKL0863_DELIM-XSQGYQBJWIDAXLIXPLFH_2012                                                                                                                                       0.26%    passed     99.99%
  96  nl63_DELIM-XSQGYQBJWIDAXLIXPLFH_KT359848_DELIM-XSQGYQBJWIDAXLIXPLFH_12MYKL0967_DELIM-XSQGYQBJWIDAXLIXPLFH_2012                                                                                                                                       0.26%    passed     99.99%
  97  nl63_DELIM-XSQGYQBJWIDAXLIXPLFH_KT359868_DELIM-XSQGYQBJWIDAXLIXPLFH_13MYKL1791_DELIM-XSQGYQBJWIDAXLIXPLFH_2013                                                                                                                                       0.26%    passed     99.99%
  98  nl63_DELIM-XSQGYQBJWIDAXLIXPLFH_MG772808_DELIM-XSQGYQBJWIDAXLIXPLFH_CN0601_DELIM-XSQGYQBJWIDAXLIXPLFH_14_DELIM-XSQGYQBJWIDAXLIXPLFH_2014                                                                                                             0.00%    passed     99.98%
  99  nl63_DELIM-XSQGYQBJWIDAXLIXPLFH_KM055607_DELIM-XSQGYQBJWIDAXLIXPLFH_1014A_2008_DELIM-XSQGYQBJWIDAXLIXPLFH_2008                                                                                                                                       0.00%    passed     99.99%
 100  nl63_DELIM-XSQGYQBJWIDAXLIXPLFH_KM055610_DELIM-XSQGYQBJWIDAXLIXPLFH_2093A_2010_DELIM-XSQGYQBJWIDAXLIXPLFH_2010                                                                                                                                       0.00%    passed     99.99%
 101  nl63_DELIM-XSQGYQBJWIDAXLIXPLFH_MG428703_DELIM-XSQGYQBJWIDAXLIXPLFH_Kilifi_HH_0511_01_Jun_2010_DELIM-XSQGYQBJWIDAXLIXPLFH_2010                                                                                                                       0.00%    passed     99.99%
 102  nl63_DELIM-XSQGYQBJWIDAXLIXPLFH_MG428701_DELIM-XSQGYQBJWIDAXLIXPLFH_Kilifi_HH_0512_04_Jun_2010_DELIM-XSQGYQBJWIDAXLIXPLFH_2010                                                                                                                       0.00%    passed     99.99%
 103  nl63_DELIM-XSQGYQBJWIDAXLIXPLFH_MG428700_DELIM-XSQGYQBJWIDAXLIXPLFH_Kilifi_HH_1602_01_Jun_2010_DELIM-XSQGYQBJWIDAXLIXPLFH_2010                                                                                                                       0.00%    passed     99.99%
 104  nl63_DELIM-XSQGYQBJWIDAXLIXPLFH_MG428702_DELIM-XSQGYQBJWIDAXLIXPLFH_Kilifi_HH_3807_11_May_2010_DELIM-XSQGYQBJWIDAXLIXPLFH_2010                                                                                                                       0.00%    passed     99.99%
 105  nl63_DELIM-XSQGYQBJWIDAXLIXPLFH_MG428706_DELIM-XSQGYQBJWIDAXLIXPLFH_Kilifi_HH_3808_24_May_2010_DELIM-XSQGYQBJWIDAXLIXPLFH_2010                                                                                                                       0.00%    passed     99.99%
 106  nl63_DELIM-XSQGYQBJWIDAXLIXPLFH_MG428707_DELIM-XSQGYQBJWIDAXLIXPLFH_Kilifi_HH_5401_20_May_2010_DELIM-XSQGYQBJWIDAXLIXPLFH_2010                                                                                                                       0.00%    passed     99.99%
 107  nl63_DELIM-XSQGYQBJWIDAXLIXPLFH_MG428704_DELIM-XSQGYQBJWIDAXLIXPLFH_Kilifi_HH_5402_20_May_2010_DELIM-XSQGYQBJWIDAXLIXPLFH_2010                                                                                                                       0.00%    passed     99.99%
 108  nl63_DELIM-XSQGYQBJWIDAXLIXPLFH_MG428699_DELIM-XSQGYQBJWIDAXLIXPLFH_Kilifi_HH_5709_19_May_2010_DELIM-XSQGYQBJWIDAXLIXPLFH_2010                                                                                                                       0.00%    passed     99.99%
 109  nl63_DELIM-XSQGYQBJWIDAXLIXPLFH_KM055609_DELIM-XSQGYQBJWIDAXLIXPLFH_1093A_2008_DELIM-XSQGYQBJWIDAXLIXPLFH_2008                                                                                                                                       0.00%    passed     99.99%
 110  nl63_DELIM-XSQGYQBJWIDAXLIXPLFH_KT359835_DELIM-XSQGYQBJWIDAXLIXPLFH_12MYKL0750_DELIM-XSQGYQBJWIDAXLIXPLFH_2012                                                                                                                                       0.26%    passed     99.96%
 111  nl63_DELIM-XSQGYQBJWIDAXLIXPLFH_KT359836_DELIM-XSQGYQBJWIDAXLIXPLFH_12MYKL0779_DELIM-XSQGYQBJWIDAXLIXPLFH_2012                                                                                                                                       0.26%    passed     99.96%
 112  nl63_DELIM-XSQGYQBJWIDAXLIXPLFH_KT359851_DELIM-XSQGYQBJWIDAXLIXPLFH_12MYKL1013_DELIM-XSQGYQBJWIDAXLIXPLFH_2012                                                                                                                                       0.26%    passed     99.96%
 113  nl63_DELIM-XSQGYQBJWIDAXLIXPLFH_KT359853_DELIM-XSQGYQBJWIDAXLIXPLFH_12MYKL1064_DELIM-XSQGYQBJWIDAXLIXPLFH_2012                                                                                                                                       0.26%    passed     99.96%
 114  nl63_DELIM-XSQGYQBJWIDAXLIXPLFH_KT359866_DELIM-XSQGYQBJWIDAXLIXPLFH_12MYKL1350_DELIM-XSQGYQBJWIDAXLIXPLFH_2012                                                                                                                                       0.26%    passed     99.96%
 115  nl63_DELIM-XSQGYQBJWIDAXLIXPLFH_KT359871_DELIM-XSQGYQBJWIDAXLIXPLFH_13MYKL2005_DELIM-XSQGYQBJWIDAXLIXPLFH_2013                                                                                                                                       0.26%    passed     99.96%
 116  nl63_DELIM-XSQGYQBJWIDAXLIXPLFH_KM055599_DELIM-XSQGYQBJWIDAXLIXPLFH_930A_2008_DELIM-XSQGYQBJWIDAXLIXPLFH_2008                                                                                                                                        0.00%    passed     99.99%
 117  nl63_DELIM-XSQGYQBJWIDAXLIXPLFH_KM055600_DELIM-XSQGYQBJWIDAXLIXPLFH_940A_2008_DELIM-XSQGYQBJWIDAXLIXPLFH_2008                                                                                                                                        0.00%    passed     99.99%
 118  nl63_DELIM-XSQGYQBJWIDAXLIXPLFH_KM055601_DELIM-XSQGYQBJWIDAXLIXPLFH_945A_2008_DELIM-XSQGYQBJWIDAXLIXPLFH_2008                                                                                                                                        0.00%    passed     99.99%
 119  nl63_DELIM-XSQGYQBJWIDAXLIXPLFH_KM055603_DELIM-XSQGYQBJWIDAXLIXPLFH_971A_2008_DELIM-XSQGYQBJWIDAXLIXPLFH_2008                                                                                                                                        0.00%    passed     99.99%
 120  nl63_DELIM-XSQGYQBJWIDAXLIXPLFH_KM055606_DELIM-XSQGYQBJWIDAXLIXPLFH_997A_2008_DELIM-XSQGYQBJWIDAXLIXPLFH_2008                                                                                                                                        0.00%    passed     99.99%
 121  nl63_DELIM-XSQGYQBJWIDAXLIXPLFH_JX104161_DELIM-XSQGYQBJWIDAXLIXPLFH_CBJ_037_DELIM-XSQGYQBJWIDAXLIXPLFH_2008                                                                                                                                          0.00%    passed     99.99%
 122  nl63_DELIM-XSQGYQBJWIDAXLIXPLFH_JX524171_DELIM-XSQGYQBJWIDAXLIXPLFH_CBJ123_DELIM-XSQGYQBJWIDAXLIXPLFH_2009                                                                                                                                           0.00%    passed     99.99%
 123  nl63_DELIM-XSQGYQBJWIDAXLIXPLFH_MK334045_DELIM-XSQGYQBJWIDAXLIXPLFH_ChinaGD05_DELIM-XSQGYQBJWIDAXLIXPLFH_2018                                                                                                                                        0.00%    passed     99.99%
 124  nl63_DELIM-XSQGYQBJWIDAXLIXPLFH_KT266906_DELIM-XSQGYQBJWIDAXLIXPLFH_HCoV_NL63_DELIM-XSQGYQBJWIDAXLIXPLFH_Haiti_1_DELIM-XSQGYQBJWIDAXLIXPLFH_2015_DELIM-XSQGYQBJWIDAXLIXPLFH_2015                                                                     0.00%    passed     99.99%
 125  nl63_DELIM-XSQGYQBJWIDAXLIXPLFH_MN306018_DELIM-XSQGYQBJWIDAXLIXPLFH_HCoV_NL63_DELIM-XSQGYQBJWIDAXLIXPLFH_Seattle_DELIM-XSQGYQBJWIDAXLIXPLFH_USA_DELIM-XSQGYQBJWIDAXLIXPLFH_SC0179_DELIM-XSQGYQBJWIDAXLIXPLFH_2018_DELIM-XSQGYQBJWIDAXLIXPLFH_2018    0.00%    passed     99.99%
 126  nl63_DELIM-XSQGYQBJWIDAXLIXPLFH_KY862059_DELIM-XSQGYQBJWIDAXLIXPLFH_NL63_DELIM-XSQGYQBJWIDAXLIXPLFH_FRA_EPI_DELIM-XSQGYQBJWIDAXLIXPLFH_Caen_DELIM-XSQGYQBJWIDAXLIXPLFH_2013_DELIM-XSQGYQBJWIDAXLIXPLFH_16_DELIM-XSQGYQBJWIDAXLIXPLFH_2013            0.00%    passed     99.99%
 127  nl63_DELIM-XSQGYQBJWIDAXLIXPLFH_KX179497_DELIM-XSQGYQBJWIDAXLIXPLFH_NL63_DELIM-XSQGYQBJWIDAXLIXPLFH_Haiti_2_DELIM-XSQGYQBJWIDAXLIXPLFH_2015_DELIM-XSQGYQBJWIDAXLIXPLFH_2015                                                                          0.00%    passed     99.99%
 128  nl63_DELIM-XSQGYQBJWIDAXLIXPLFH_KX179498_DELIM-XSQGYQBJWIDAXLIXPLFH_NL63_DELIM-XSQGYQBJWIDAXLIXPLFH_Haiti_3_DELIM-XSQGYQBJWIDAXLIXPLFH_2015_DELIM-XSQGYQBJWIDAXLIXPLFH_2015                                                                          0.00%    passed     99.99%
 129  nl63_DELIM-XSQGYQBJWIDAXLIXPLFH_KX179499_DELIM-XSQGYQBJWIDAXLIXPLFH_NL63_DELIM-XSQGYQBJWIDAXLIXPLFH_Haiti_4_DELIM-XSQGYQBJWIDAXLIXPLFH_2015_DELIM-XSQGYQBJWIDAXLIXPLFH_2015                                                                          0.00%    passed     99.99%
 130  nl63_DELIM-XSQGYQBJWIDAXLIXPLFH_KM055608_DELIM-XSQGYQBJWIDAXLIXPLFH_1023A_2008_DELIM-XSQGYQBJWIDAXLIXPLFH_2008                                                                                                                                       0.00%    passed     99.94%
 131  nl63_DELIM-XSQGYQBJWIDAXLIXPLFH_KM055604_DELIM-XSQGYQBJWIDAXLIXPLFH_990A_2008_DELIM-XSQGYQBJWIDAXLIXPLFH_2008                                                                                                                                        0.00%    passed     99.94%
 132  nl63_DELIM-XSQGYQBJWIDAXLIXPLFH_KM055605_DELIM-XSQGYQBJWIDAXLIXPLFH_996A_2008_DELIM-XSQGYQBJWIDAXLIXPLFH_2008                                                                                                                                        0.00%    passed     99.94%
 133  nl63_DELIM-XSQGYQBJWIDAXLIXPLFH_KT359858_DELIM-XSQGYQBJWIDAXLIXPLFH_12MYKL1195_DELIM-XSQGYQBJWIDAXLIXPLFH_2012                                                                                                                                       0.26%    passed     99.97%
 134  nl63_DELIM-XSQGYQBJWIDAXLIXPLFH_KY862063_DELIM-XSQGYQBJWIDAXLIXPLFH_NL63_DELIM-XSQGYQBJWIDAXLIXPLFH_FRA_EPI_DELIM-XSQGYQBJWIDAXLIXPLFH_Caen_DELIM-XSQGYQBJWIDAXLIXPLFH_2011_DELIM-XSQGYQBJWIDAXLIXPLFH_12_DELIM-XSQGYQBJWIDAXLIXPLFH_2011            0.00%    passed     99.99%
 135  nl63_DELIM-XSQGYQBJWIDAXLIXPLFH_KT359839_DELIM-XSQGYQBJWIDAXLIXPLFH_12MYKL0809_DELIM-XSQGYQBJWIDAXLIXPLFH_2012                                                                                                                                       0.26%    passed     99.85%
 136  nl63_DELIM-XSQGYQBJWIDAXLIXPLFH_MK334043_DELIM-XSQGYQBJWIDAXLIXPLFH_ChinaGD02_DELIM-XSQGYQBJWIDAXLIXPLFH_2018                                                                                                                                        0.00%    passed     99.99%
 137  nl63_DELIM-XSQGYQBJWIDAXLIXPLFH_MK334044_DELIM-XSQGYQBJWIDAXLIXPLFH_ChinaGD03_DELIM-XSQGYQBJWIDAXLIXPLFH_2018                                                                                                                                        0.00%    passed     99.99%
 138  nl63_DELIM-XSQGYQBJWIDAXLIXPLFH_KT359829_DELIM-XSQGYQBJWIDAXLIXPLFH_12MYKL0280_DELIM-XSQGYQBJWIDAXLIXPLFH_2012                                                                                                                                       0.26%    passed     99.85%
 139  nl63_DELIM-XSQGYQBJWIDAXLIXPLFH_KT359838_DELIM-XSQGYQBJWIDAXLIXPLFH_12MYKL0802_DELIM-XSQGYQBJWIDAXLIXPLFH_2012                                                                                                                                       0.26%    passed     99.58%
 140  nl63_DELIM-XSQGYQBJWIDAXLIXPLFH_KT359862_DELIM-XSQGYQBJWIDAXLIXPLFH_12MYKL1253_DELIM-XSQGYQBJWIDAXLIXPLFH_2012                                                                                                                                       0.26%    passed     99.58%
 141  nl63_DELIM-XSQGYQBJWIDAXLIXPLFH_KT359864_DELIM-XSQGYQBJWIDAXLIXPLFH_12MYKL1336_DELIM-XSQGYQBJWIDAXLIXPLFH_2012                                                                                                                                       0.26%    passed     99.58%
 142  nl63_DELIM-XSQGYQBJWIDAXLIXPLFH_KT359865_DELIM-XSQGYQBJWIDAXLIXPLFH_12MYKL1337_DELIM-XSQGYQBJWIDAXLIXPLFH_2012                                                                                                                                       0.26%    passed     99.58%
 143  nl63_DELIM-XSQGYQBJWIDAXLIXPLFH_KT359846_DELIM-XSQGYQBJWIDAXLIXPLFH_12MYKL0943_DELIM-XSQGYQBJWIDAXLIXPLFH_2012                                                                                                                                       0.26%    passed     99.58%
 144  nl63_DELIM-XSQGYQBJWIDAXLIXPLFH_KT359854_DELIM-XSQGYQBJWIDAXLIXPLFH_12MYKL1079_DELIM-XSQGYQBJWIDAXLIXPLFH_2012                                                                                                                                       0.26%    passed     99.85%
 145  nl63_DELIM-XSQGYQBJWIDAXLIXPLFH_MG428705_DELIM-XSQGYQBJWIDAXLIXPLFH_Kilifi_HH_0522_21_May_2010_DELIM-XSQGYQBJWIDAXLIXPLFH_2010                                                                                                                       0.00%    passed     99.90%
 146  nl63_DELIM-XSQGYQBJWIDAXLIXPLFH_KT359870_DELIM-XSQGYQBJWIDAXLIXPLFH_13MYKL1870_DELIM-XSQGYQBJWIDAXLIXPLFH_2013                                                                                                                                       0.26%    passed     99.82%
 147  nl63_DELIM-XSQGYQBJWIDAXLIXPLFH_JQ900257_DELIM-XSQGYQBJWIDAXLIXPLFH_NL63_DELIM-XSQGYQBJWIDAXLIXPLFH_DEN_DELIM-XSQGYQBJWIDAXLIXPLFH_2009_DELIM-XSQGYQBJWIDAXLIXPLFH_31_DELIM-XSQGYQBJWIDAXLIXPLFH_2009                                                0.44%    passed     99.96%
 148  nl63_DELIM-XSQGYQBJWIDAXLIXPLFH_MN306040_DELIM-XSQGYQBJWIDAXLIXPLFH_HCoV_NL63_DELIM-XSQGYQBJWIDAXLIXPLFH_Seattle_DELIM-XSQGYQBJWIDAXLIXPLFH_USA_DELIM-XSQGYQBJWIDAXLIXPLFH_SC0768_DELIM-XSQGYQBJWIDAXLIXPLFH_2019_DELIM-XSQGYQBJWIDAXLIXPLFH_2019    0.00%    passed    100.00%
 149  nl63_DELIM-XSQGYQBJWIDAXLIXPLFH_MK334046_DELIM-XSQGYQBJWIDAXLIXPLFH_ChinaGD01_DELIM-XSQGYQBJWIDAXLIXPLFH_2018                                                                                                                                        0.00%    passed     99.98%
 150  nl63_DELIM-XSQGYQBJWIDAXLIXPLFH_MK334047_DELIM-XSQGYQBJWIDAXLIXPLFH_ChinaGD04_DELIM-XSQGYQBJWIDAXLIXPLFH_2018                                                                                                                                        0.00%    passed     99.95%
 151  nl63_DELIM-XSQGYQBJWIDAXLIXPLFH_KT359855_DELIM-XSQGYQBJWIDAXLIXPLFH_12MYKL1088_DELIM-XSQGYQBJWIDAXLIXPLFH_2012                                                                                                                                       0.26%    passed     99.94%
 152  nl63_DELIM-XSQGYQBJWIDAXLIXPLFH_KT359860_DELIM-XSQGYQBJWIDAXLIXPLFH_12MYKL1229_DELIM-XSQGYQBJWIDAXLIXPLFH_2012                                                                                                                                       0.26%    passed     99.76%
 153  229e_DELIM-XSQGYQBJWIDAXLIXPLFH_AF304460_DELIM-XSQGYQBJWIDAXLIXPLFH_229e_ref_DELIM-XSQGYQBJWIDAXLIXPLFH_Germany_DELIM-XSQGYQBJWIDAXLIXPLFH_2000                                                                                                      5.03%    failed      2.11%
****  TOTAL                                                                                                                                                                                                                                                0.25%  1 sequences failed composition chi2 test (p-value<5%; df=3)
NOTE: nl63_DELIM-XSQGYQBJWIDAXLIXPLFH_KF530108_DELIM-XSQGYQBJWIDAXLIXPLFH_NL63_DELIM-XSQGYQBJWIDAXLIXPLFH_human_DELIM-XSQGYQBJWIDAXLIXPLFH_USA_DELIM-XSQGYQBJWIDAXLIXPLFH_891_6_DELIM-XSQGYQBJWIDAXLIXPLFH_1989_DELIM-XSQGYQBJWIDAXLIXPLFH_1989 is identical to nl63_DELIM-XSQGYQBJWIDAXLIXPLFH_JQ900259_DELIM-XSQGYQBJWIDAXLIXPLFH_NL63_DELIM-XSQGYQBJWIDAXLIXPLFH_DEN_DELIM-XSQGYQBJWIDAXLIXPLFH_2005_DELIM-XSQGYQBJWIDAXLIXPLFH_449_DELIM-XSQGYQBJWIDAXLIXPLFH_2005 but kept for subsequent analysis
NOTE: nl63_DELIM-XSQGYQBJWIDAXLIXPLFH_KY829118_DELIM-XSQGYQBJWIDAXLIXPLFH_N07_262B_DELIM-XSQGYQBJWIDAXLIXPLFH_2015 is identical to nl63_DELIM-XSQGYQBJWIDAXLIXPLFH_KY554969_DELIM-XSQGYQBJWIDAXLIXPLFH_N07_196B_DELIM-XSQGYQBJWIDAXLIXPLFH_2016 but kept for subsequent analysis
NOTE: nl63_DELIM-XSQGYQBJWIDAXLIXPLFH_KM055592_DELIM-XSQGYQBJWIDAXLIXPLFH_188A_2007_DELIM-XSQGYQBJWIDAXLIXPLFH_2007 is identical to nl63_DELIM-XSQGYQBJWIDAXLIXPLFH_KM055591_DELIM-XSQGYQBJWIDAXLIXPLFH_180A_2007_DELIM-XSQGYQBJWIDAXLIXPLFH_2007 but kept for subsequent analysis
NOTE: nl63_DELIM-XSQGYQBJWIDAXLIXPLFH_KY862060_DELIM-XSQGYQBJWIDAXLIXPLFH_NL63_DELIM-XSQGYQBJWIDAXLIXPLFH_FRA_EPI_DELIM-XSQGYQBJWIDAXLIXPLFH_Caen_DELIM-XSQGYQBJWIDAXLIXPLFH_2013_DELIM-XSQGYQBJWIDAXLIXPLFH_15_DELIM-XSQGYQBJWIDAXLIXPLFH_2013 is identical to nl63_DELIM-XSQGYQBJWIDAXLIXPLFH_KM055595_DELIM-XSQGYQBJWIDAXLIXPLFH_236A_2007_DELIM-XSQGYQBJWIDAXLIXPLFH_2007 but kept for subsequent analysis
NOTE: nl63_DELIM-XSQGYQBJWIDAXLIXPLFH_KT381875_DELIM-XSQGYQBJWIDAXLIXPLFH_NL63_DELIM-XSQGYQBJWIDAXLIXPLFH_UF_1_DELIM-XSQGYQBJWIDAXLIXPLFH_2015_DELIM-XSQGYQBJWIDAXLIXPLFH_2015 is identical to nl63_DELIM-XSQGYQBJWIDAXLIXPLFH_KY862062_DELIM-XSQGYQBJWIDAXLIXPLFH_NL63_DELIM-XSQGYQBJWIDAXLIXPLFH_FRA_EPI_DELIM-XSQGYQBJWIDAXLIXPLFH_Caen_DELIM-XSQGYQBJWIDAXLIXPLFH_2012_DELIM-XSQGYQBJWIDAXLIXPLFH_13_DELIM-XSQGYQBJWIDAXLIXPLFH_2012 but kept for subsequent analysis
NOTE: nl63_DELIM-XSQGYQBJWIDAXLIXPLFH_KM055596_DELIM-XSQGYQBJWIDAXLIXPLFH_277A_2007_DELIM-XSQGYQBJWIDAXLIXPLFH_2007 is identical to nl63_DELIM-XSQGYQBJWIDAXLIXPLFH_KM055594_DELIM-XSQGYQBJWIDAXLIXPLFH_225A_2007_DELIM-XSQGYQBJWIDAXLIXPLFH_2007 but kept for subsequent analysis
NOTE: nl63_DELIM-XSQGYQBJWIDAXLIXPLFH_KT359831_DELIM-XSQGYQBJWIDAXLIXPLFH_12MYKL0630_DELIM-XSQGYQBJWIDAXLIXPLFH_2012 is identical to nl63_DELIM-XSQGYQBJWIDAXLIXPLFH_KT359830_DELIM-XSQGYQBJWIDAXLIXPLFH_12MYKL0482_DELIM-XSQGYQBJWIDAXLIXPLFH_2012 but kept for subsequent analysis
NOTE: nl63_DELIM-XSQGYQBJWIDAXLIXPLFH_KT359848_DELIM-XSQGYQBJWIDAXLIXPLFH_12MYKL0967_DELIM-XSQGYQBJWIDAXLIXPLFH_2012 is identical to nl63_DELIM-XSQGYQBJWIDAXLIXPLFH_KT359842_DELIM-XSQGYQBJWIDAXLIXPLFH_12MYKL0863_DELIM-XSQGYQBJWIDAXLIXPLFH_2012 but kept for subsequent analysis
NOTE: nl63_DELIM-XSQGYQBJWIDAXLIXPLFH_KM055610_DELIM-XSQGYQBJWIDAXLIXPLFH_2093A_2010_DELIM-XSQGYQBJWIDAXLIXPLFH_2010 is identical to nl63_DELIM-XSQGYQBJWIDAXLIXPLFH_KM055607_DELIM-XSQGYQBJWIDAXLIXPLFH_1014A_2008_DELIM-XSQGYQBJWIDAXLIXPLFH_2008 but kept for subsequent analysis
NOTE: nl63_DELIM-XSQGYQBJWIDAXLIXPLFH_KM055599_DELIM-XSQGYQBJWIDAXLIXPLFH_930A_2008_DELIM-XSQGYQBJWIDAXLIXPLFH_2008 is identical to nl63_DELIM-XSQGYQBJWIDAXLIXPLFH_KM055609_DELIM-XSQGYQBJWIDAXLIXPLFH_1093A_2008_DELIM-XSQGYQBJWIDAXLIXPLFH_2008 but kept for subsequent analysis
NOTE: nl63_DELIM-XSQGYQBJWIDAXLIXPLFH_KT359836_DELIM-XSQGYQBJWIDAXLIXPLFH_12MYKL0779_DELIM-XSQGYQBJWIDAXLIXPLFH_2012 is identical to nl63_DELIM-XSQGYQBJWIDAXLIXPLFH_KT359835_DELIM-XSQGYQBJWIDAXLIXPLFH_12MYKL0750_DELIM-XSQGYQBJWIDAXLIXPLFH_2012 but kept for subsequent analysis
NOTE: nl63_DELIM-XSQGYQBJWIDAXLIXPLFH_KM055605_DELIM-XSQGYQBJWIDAXLIXPLFH_996A_2008_DELIM-XSQGYQBJWIDAXLIXPLFH_2008 is identical to nl63_DELIM-XSQGYQBJWIDAXLIXPLFH_KM055604_DELIM-XSQGYQBJWIDAXLIXPLFH_990A_2008_DELIM-XSQGYQBJWIDAXLIXPLFH_2008 but kept for subsequent analysis
NOTE: nl63_DELIM-XSQGYQBJWIDAXLIXPLFH_KT359862_DELIM-XSQGYQBJWIDAXLIXPLFH_12MYKL1253_DELIM-XSQGYQBJWIDAXLIXPLFH_2012 is identical to nl63_DELIM-XSQGYQBJWIDAXLIXPLFH_KT359838_DELIM-XSQGYQBJWIDAXLIXPLFH_12MYKL0802_DELIM-XSQGYQBJWIDAXLIXPLFH_2012 but kept for subsequent analysis
Checking for duplicate sequences: done in 0.000598907 secs using 83.49% CPU
Identifying sites to remove: done in 0.00100398 secs using 97.61% CPU
NOTE: 67 identical sequences (see below) will be ignored for subsequent analysis
NOTE: nl63_DELIM-XSQGYQBJWIDAXLIXPLFH_KF530111_DELIM-XSQGYQBJWIDAXLIXPLFH_NL63_DELIM-XSQGYQBJWIDAXLIXPLFH_human_DELIM-XSQGYQBJWIDAXLIXPLFH_USA_DELIM-XSQGYQBJWIDAXLIXPLFH_901_24_DELIM-XSQGYQBJWIDAXLIXPLFH_1990_DELIM-XSQGYQBJWIDAXLIXPLFH_1990 (identical to nl63_DELIM-XSQGYQBJWIDAXLIXPLFH_JQ900259_DELIM-XSQGYQBJWIDAXLIXPLFH_NL63_DELIM-XSQGYQBJWIDAXLIXPLFH_DEN_DELIM-XSQGYQBJWIDAXLIXPLFH_2005_DELIM-XSQGYQBJWIDAXLIXPLFH_449_DELIM-XSQGYQBJWIDAXLIXPLFH_2005) is ignored but added at the end
NOTE: nl63_DELIM-XSQGYQBJWIDAXLIXPLFH_KF530109_DELIM-XSQGYQBJWIDAXLIXPLFH_NL63_DELIM-XSQGYQBJWIDAXLIXPLFH_human_DELIM-XSQGYQBJWIDAXLIXPLFH_USA_DELIM-XSQGYQBJWIDAXLIXPLFH_903_28_DELIM-XSQGYQBJWIDAXLIXPLFH_1990_DELIM-XSQGYQBJWIDAXLIXPLFH_1990 (identical to nl63_DELIM-XSQGYQBJWIDAXLIXPLFH_JQ900259_DELIM-XSQGYQBJWIDAXLIXPLFH_NL63_DELIM-XSQGYQBJWIDAXLIXPLFH_DEN_DELIM-XSQGYQBJWIDAXLIXPLFH_2005_DELIM-XSQGYQBJWIDAXLIXPLFH_449_DELIM-XSQGYQBJWIDAXLIXPLFH_2005) is ignored but added at the end
NOTE: nl63_DELIM-XSQGYQBJWIDAXLIXPLFH_KF530104_DELIM-XSQGYQBJWIDAXLIXPLFH_NL63_DELIM-XSQGYQBJWIDAXLIXPLFH_human_DELIM-XSQGYQBJWIDAXLIXPLFH_USA_DELIM-XSQGYQBJWIDAXLIXPLFH_904_20_DELIM-XSQGYQBJWIDAXLIXPLFH_1990_DELIM-XSQGYQBJWIDAXLIXPLFH_1990 (identical to nl63_DELIM-XSQGYQBJWIDAXLIXPLFH_JQ900259_DELIM-XSQGYQBJWIDAXLIXPLFH_NL63_DELIM-XSQGYQBJWIDAXLIXPLFH_DEN_DELIM-XSQGYQBJWIDAXLIXPLFH_2005_DELIM-XSQGYQBJWIDAXLIXPLFH_449_DELIM-XSQGYQBJWIDAXLIXPLFH_2005) is ignored but added at the end
NOTE: nl63_DELIM-XSQGYQBJWIDAXLIXPLFH_KF530113_DELIM-XSQGYQBJWIDAXLIXPLFH_NL63_DELIM-XSQGYQBJWIDAXLIXPLFH_human_DELIM-XSQGYQBJWIDAXLIXPLFH_USA_DELIM-XSQGYQBJWIDAXLIXPLFH_905_25_DELIM-XSQGYQBJWIDAXLIXPLFH_1990_DELIM-XSQGYQBJWIDAXLIXPLFH_1990 (identical to nl63_DELIM-XSQGYQBJWIDAXLIXPLFH_JQ900259_DELIM-XSQGYQBJWIDAXLIXPLFH_NL63_DELIM-XSQGYQBJWIDAXLIXPLFH_DEN_DELIM-XSQGYQBJWIDAXLIXPLFH_2005_DELIM-XSQGYQBJWIDAXLIXPLFH_449_DELIM-XSQGYQBJWIDAXLIXPLFH_2005) is ignored but added at the end
NOTE: nl63_DELIM-XSQGYQBJWIDAXLIXPLFH_JX504050_DELIM-XSQGYQBJWIDAXLIXPLFH_NL63_DELIM-XSQGYQBJWIDAXLIXPLFH_RPTEC_DELIM-XSQGYQBJWIDAXLIXPLFH_2004_DELIM-XSQGYQBJWIDAXLIXPLFH_2004 (identical to nl63_DELIM-XSQGYQBJWIDAXLIXPLFH_JQ900259_DELIM-XSQGYQBJWIDAXLIXPLFH_NL63_DELIM-XSQGYQBJWIDAXLIXPLFH_DEN_DELIM-XSQGYQBJWIDAXLIXPLFH_2005_DELIM-XSQGYQBJWIDAXLIXPLFH_449_DELIM-XSQGYQBJWIDAXLIXPLFH_2005) is ignored but added at the end
NOTE: nl63_DELIM-XSQGYQBJWIDAXLIXPLFH_KY554971_DELIM-XSQGYQBJWIDAXLIXPLFH_N07_468B_176X_DELIM-XSQGYQBJWIDAXLIXPLFH_2016 (identical to nl63_DELIM-XSQGYQBJWIDAXLIXPLFH_KY554969_DELIM-XSQGYQBJWIDAXLIXPLFH_N07_196B_DELIM-XSQGYQBJWIDAXLIXPLFH_2016) is ignored but added at the end
NOTE: nl63_DELIM-XSQGYQBJWIDAXLIXPLFH_KM055593_DELIM-XSQGYQBJWIDAXLIXPLFH_197A_2007_DELIM-XSQGYQBJWIDAXLIXPLFH_2007 (identical to nl63_DELIM-XSQGYQBJWIDAXLIXPLFH_KM055591_DELIM-XSQGYQBJWIDAXLIXPLFH_180A_2007_DELIM-XSQGYQBJWIDAXLIXPLFH_2007) is ignored but added at the end
NOTE: nl63_DELIM-XSQGYQBJWIDAXLIXPLFH_KM055597_DELIM-XSQGYQBJWIDAXLIXPLFH_374A_2007_DELIM-XSQGYQBJWIDAXLIXPLFH_2007 (identical to nl63_DELIM-XSQGYQBJWIDAXLIXPLFH_KM055591_DELIM-XSQGYQBJWIDAXLIXPLFH_180A_2007_DELIM-XSQGYQBJWIDAXLIXPLFH_2007) is ignored but added at the end
NOTE: nl63_DELIM-XSQGYQBJWIDAXLIXPLFH_KY554967_DELIM-XSQGYQBJWIDAXLIXPLFH_N06_1144B_DELIM-XSQGYQBJWIDAXLIXPLFH_2016 (identical to nl63_DELIM-XSQGYQBJWIDAXLIXPLFH_KM055591_DELIM-XSQGYQBJWIDAXLIXPLFH_180A_2007_DELIM-XSQGYQBJWIDAXLIXPLFH_2007) is ignored but added at the end
NOTE: nl63_DELIM-XSQGYQBJWIDAXLIXPLFH_KY554968_DELIM-XSQGYQBJWIDAXLIXPLFH_N07_185B_DELIM-XSQGYQBJWIDAXLIXPLFH_2016 (identical to nl63_DELIM-XSQGYQBJWIDAXLIXPLFH_KM055591_DELIM-XSQGYQBJWIDAXLIXPLFH_180A_2007_DELIM-XSQGYQBJWIDAXLIXPLFH_2007) is ignored but added at the end
NOTE: nl63_DELIM-XSQGYQBJWIDAXLIXPLFH_KY554970_DELIM-XSQGYQBJWIDAXLIXPLFH_N07_324B_182X_DELIM-XSQGYQBJWIDAXLIXPLFH_2016 (identical to nl63_DELIM-XSQGYQBJWIDAXLIXPLFH_KM055591_DELIM-XSQGYQBJWIDAXLIXPLFH_180A_2007_DELIM-XSQGYQBJWIDAXLIXPLFH_2007) is ignored but added at the end
NOTE: nl63_DELIM-XSQGYQBJWIDAXLIXPLFH_KY674916_DELIM-XSQGYQBJWIDAXLIXPLFH_N07_64B_DELIM-XSQGYQBJWIDAXLIXPLFH_2016 (identical to nl63_DELIM-XSQGYQBJWIDAXLIXPLFH_KM055591_DELIM-XSQGYQBJWIDAXLIXPLFH_180A_2007_DELIM-XSQGYQBJWIDAXLIXPLFH_2007) is ignored but added at the end
NOTE: nl63_DELIM-XSQGYQBJWIDAXLIXPLFH_KY674915_DELIM-XSQGYQBJWIDAXLIXPLFH_N07_6B_DELIM-XSQGYQBJWIDAXLIXPLFH_2016 (identical to nl63_DELIM-XSQGYQBJWIDAXLIXPLFH_KM055591_DELIM-XSQGYQBJWIDAXLIXPLFH_180A_2007_DELIM-XSQGYQBJWIDAXLIXPLFH_2007) is ignored but added at the end
NOTE: nl63_DELIM-XSQGYQBJWIDAXLIXPLFH_JQ765569_DELIM-XSQGYQBJWIDAXLIXPLFH_NL63_DELIM-XSQGYQBJWIDAXLIXPLFH_DEN_DELIM-XSQGYQBJWIDAXLIXPLFH_2005_DELIM-XSQGYQBJWIDAXLIXPLFH_232_DELIM-XSQGYQBJWIDAXLIXPLFH_2005 (identical to nl63_DELIM-XSQGYQBJWIDAXLIXPLFH_KM055591_DELIM-XSQGYQBJWIDAXLIXPLFH_180A_2007_DELIM-XSQGYQBJWIDAXLIXPLFH_2007) is ignored but added at the end
NOTE: nl63_DELIM-XSQGYQBJWIDAXLIXPLFH_JQ900258_DELIM-XSQGYQBJWIDAXLIXPLFH_NL63_DELIM-XSQGYQBJWIDAXLIXPLFH_DEN_DELIM-XSQGYQBJWIDAXLIXPLFH_2005_DELIM-XSQGYQBJWIDAXLIXPLFH_291_DELIM-XSQGYQBJWIDAXLIXPLFH_2005 (identical to nl63_DELIM-XSQGYQBJWIDAXLIXPLFH_KM055591_DELIM-XSQGYQBJWIDAXLIXPLFH_180A_2007_DELIM-XSQGYQBJWIDAXLIXPLFH_2007) is ignored but added at the end
NOTE: nl63_DELIM-XSQGYQBJWIDAXLIXPLFH_JQ765566_DELIM-XSQGYQBJWIDAXLIXPLFH_NL63_DELIM-XSQGYQBJWIDAXLIXPLFH_DEN_DELIM-XSQGYQBJWIDAXLIXPLFH_2008_DELIM-XSQGYQBJWIDAXLIXPLFH_16_DELIM-XSQGYQBJWIDAXLIXPLFH_2008 (identical to nl63_DELIM-XSQGYQBJWIDAXLIXPLFH_KM055591_DELIM-XSQGYQBJWIDAXLIXPLFH_180A_2007_DELIM-XSQGYQBJWIDAXLIXPLFH_2007) is ignored but added at the end
NOTE: nl63_DELIM-XSQGYQBJWIDAXLIXPLFH_JQ765567_DELIM-XSQGYQBJWIDAXLIXPLFH_NL63_DELIM-XSQGYQBJWIDAXLIXPLFH_DEN_DELIM-XSQGYQBJWIDAXLIXPLFH_2009_DELIM-XSQGYQBJWIDAXLIXPLFH_20_DELIM-XSQGYQBJWIDAXLIXPLFH_2009 (identical to nl63_DELIM-XSQGYQBJWIDAXLIXPLFH_KM055591_DELIM-XSQGYQBJWIDAXLIXPLFH_180A_2007_DELIM-XSQGYQBJWIDAXLIXPLFH_2007) is ignored but added at the end
NOTE: nl63_DELIM-XSQGYQBJWIDAXLIXPLFH_KY862068_DELIM-XSQGYQBJWIDAXLIXPLFH_NL63_DELIM-XSQGYQBJWIDAXLIXPLFH_FRA_EPI_DELIM-XSQGYQBJWIDAXLIXPLFH_Caen_DELIM-XSQGYQBJWIDAXLIXPLFH_2009_DELIM-XSQGYQBJWIDAXLIXPLFH_07_DELIM-XSQGYQBJWIDAXLIXPLFH_2009 (identical to nl63_DELIM-XSQGYQBJWIDAXLIXPLFH_KM055591_DELIM-XSQGYQBJWIDAXLIXPLFH_180A_2007_DELIM-XSQGYQBJWIDAXLIXPLFH_2007) is ignored but added at the end
NOTE: nl63_DELIM-XSQGYQBJWIDAXLIXPLFH_KY862067_DELIM-XSQGYQBJWIDAXLIXPLFH_NL63_DELIM-XSQGYQBJWIDAXLIXPLFH_FRA_EPI_DELIM-XSQGYQBJWIDAXLIXPLFH_Caen_DELIM-XSQGYQBJWIDAXLIXPLFH_2009_DELIM-XSQGYQBJWIDAXLIXPLFH_08_DELIM-XSQGYQBJWIDAXLIXPLFH_2009 (identical to nl63_DELIM-XSQGYQBJWIDAXLIXPLFH_KM055591_DELIM-XSQGYQBJWIDAXLIXPLFH_180A_2007_DELIM-XSQGYQBJWIDAXLIXPLFH_2007) is ignored but added at the end
NOTE: nl63_DELIM-XSQGYQBJWIDAXLIXPLFH_KY862058_DELIM-XSQGYQBJWIDAXLIXPLFH_NL63_DELIM-XSQGYQBJWIDAXLIXPLFH_FRA_EPI_DELIM-XSQGYQBJWIDAXLIXPLFH_Caen_DELIM-XSQGYQBJWIDAXLIXPLFH_2014_DELIM-XSQGYQBJWIDAXLIXPLFH_17_DELIM-XSQGYQBJWIDAXLIXPLFH_2014 (identical to nl63_DELIM-XSQGYQBJWIDAXLIXPLFH_KM055591_DELIM-XSQGYQBJWIDAXLIXPLFH_180A_2007_DELIM-XSQGYQBJWIDAXLIXPLFH_2007) is ignored but added at the end
NOTE: nl63_DELIM-XSQGYQBJWIDAXLIXPLFH_KF530112_DELIM-XSQGYQBJWIDAXLIXPLFH_NL63_DELIM-XSQGYQBJWIDAXLIXPLFH_human_DELIM-XSQGYQBJWIDAXLIXPLFH_USA_DELIM-XSQGYQBJWIDAXLIXPLFH_0111_25_DELIM-XSQGYQBJWIDAXLIXPLFH_2001_DELIM-XSQGYQBJWIDAXLIXPLFH_2001 (identical to nl63_DELIM-XSQGYQBJWIDAXLIXPLFH_KM055591_DELIM-XSQGYQBJWIDAXLIXPLFH_180A_2007_DELIM-XSQGYQBJWIDAXLIXPLFH_2007) is ignored but added at the end
NOTE: nl63_DELIM-XSQGYQBJWIDAXLIXPLFH_KU521535_DELIM-XSQGYQBJWIDAXLIXPLFH_NL63_DELIM-XSQGYQBJWIDAXLIXPLFH_UF_2_DELIM-XSQGYQBJWIDAXLIXPLFH_2015_DELIM-XSQGYQBJWIDAXLIXPLFH_2015 (identical to nl63_DELIM-XSQGYQBJWIDAXLIXPLFH_KM055591_DELIM-XSQGYQBJWIDAXLIXPLFH_180A_2007_DELIM-XSQGYQBJWIDAXLIXPLFH_2007) is ignored but added at the end
NOTE: nl63_DELIM-XSQGYQBJWIDAXLIXPLFH_KX179500_DELIM-XSQGYQBJWIDAXLIXPLFH_NL63_DELIM-XSQGYQBJWIDAXLIXPLFH_UF_2_DELIM-XSQGYQBJWIDAXLIXPLFH_2015_DELIM-XSQGYQBJWIDAXLIXPLFH_2015 (identical to nl63_DELIM-XSQGYQBJWIDAXLIXPLFH_KY862062_DELIM-XSQGYQBJWIDAXLIXPLFH_NL63_DELIM-XSQGYQBJWIDAXLIXPLFH_FRA_EPI_DELIM-XSQGYQBJWIDAXLIXPLFH_Caen_DELIM-XSQGYQBJWIDAXLIXPLFH_2012_DELIM-XSQGYQBJWIDAXLIXPLFH_13_DELIM-XSQGYQBJWIDAXLIXPLFH_2012) is ignored but added at the end
NOTE: nl63_DELIM-XSQGYQBJWIDAXLIXPLFH_KT359832_DELIM-XSQGYQBJWIDAXLIXPLFH_12MYKL0719_DELIM-XSQGYQBJWIDAXLIXPLFH_2012 (identical to nl63_DELIM-XSQGYQBJWIDAXLIXPLFH_KT359830_DELIM-XSQGYQBJWIDAXLIXPLFH_12MYKL0482_DELIM-XSQGYQBJWIDAXLIXPLFH_2012) is ignored but added at the end
NOTE: nl63_DELIM-XSQGYQBJWIDAXLIXPLFH_KT359833_DELIM-XSQGYQBJWIDAXLIXPLFH_12MYKL0730_DELIM-XSQGYQBJWIDAXLIXPLFH_2012 (identical to nl63_DELIM-XSQGYQBJWIDAXLIXPLFH_KT359830_DELIM-XSQGYQBJWIDAXLIXPLFH_12MYKL0482_DELIM-XSQGYQBJWIDAXLIXPLFH_2012) is ignored but added at the end
NOTE: nl63_DELIM-XSQGYQBJWIDAXLIXPLFH_KT359834_DELIM-XSQGYQBJWIDAXLIXPLFH_12MYKL0736_DELIM-XSQGYQBJWIDAXLIXPLFH_2012 (identical to nl63_DELIM-XSQGYQBJWIDAXLIXPLFH_KT359830_DELIM-XSQGYQBJWIDAXLIXPLFH_12MYKL0482_DELIM-XSQGYQBJWIDAXLIXPLFH_2012) is ignored but added at the end
NOTE: nl63_DELIM-XSQGYQBJWIDAXLIXPLFH_KT359840_DELIM-XSQGYQBJWIDAXLIXPLFH_12MYKL0813_DELIM-XSQGYQBJWIDAXLIXPLFH_2012 (identical to nl63_DELIM-XSQGYQBJWIDAXLIXPLFH_KT359830_DELIM-XSQGYQBJWIDAXLIXPLFH_12MYKL0482_DELIM-XSQGYQBJWIDAXLIXPLFH_2012) is ignored but added at the end
NOTE: nl63_DELIM-XSQGYQBJWIDAXLIXPLFH_KT359841_DELIM-XSQGYQBJWIDAXLIXPLFH_12MYKL0862_DELIM-XSQGYQBJWIDAXLIXPLFH_2012 (identical to nl63_DELIM-XSQGYQBJWIDAXLIXPLFH_KT359830_DELIM-XSQGYQBJWIDAXLIXPLFH_12MYKL0482_DELIM-XSQGYQBJWIDAXLIXPLFH_2012) is ignored but added at the end
NOTE: nl63_DELIM-XSQGYQBJWIDAXLIXPLFH_KT359843_DELIM-XSQGYQBJWIDAXLIXPLFH_12MYKL0865_DELIM-XSQGYQBJWIDAXLIXPLFH_2012 (identical to nl63_DELIM-XSQGYQBJWIDAXLIXPLFH_KT359830_DELIM-XSQGYQBJWIDAXLIXPLFH_12MYKL0482_DELIM-XSQGYQBJWIDAXLIXPLFH_2012) is ignored but added at the end
NOTE: nl63_DELIM-XSQGYQBJWIDAXLIXPLFH_KT359845_DELIM-XSQGYQBJWIDAXLIXPLFH_12MYKL0903_DELIM-XSQGYQBJWIDAXLIXPLFH_2012 (identical to nl63_DELIM-XSQGYQBJWIDAXLIXPLFH_KT359830_DELIM-XSQGYQBJWIDAXLIXPLFH_12MYKL0482_DELIM-XSQGYQBJWIDAXLIXPLFH_2012) is ignored but added at the end
NOTE: nl63_DELIM-XSQGYQBJWIDAXLIXPLFH_KT359847_DELIM-XSQGYQBJWIDAXLIXPLFH_12MYKL0964_DELIM-XSQGYQBJWIDAXLIXPLFH_2012 (identical to nl63_DELIM-XSQGYQBJWIDAXLIXPLFH_KT359830_DELIM-XSQGYQBJWIDAXLIXPLFH_12MYKL0482_DELIM-XSQGYQBJWIDAXLIXPLFH_2012) is ignored but added at the end
NOTE: nl63_DELIM-XSQGYQBJWIDAXLIXPLFH_KT359849_DELIM-XSQGYQBJWIDAXLIXPLFH_12MYKL1002_DELIM-XSQGYQBJWIDAXLIXPLFH_2012 (identical to nl63_DELIM-XSQGYQBJWIDAXLIXPLFH_KT359830_DELIM-XSQGYQBJWIDAXLIXPLFH_12MYKL0482_DELIM-XSQGYQBJWIDAXLIXPLFH_2012) is ignored but added at the end
NOTE: nl63_DELIM-XSQGYQBJWIDAXLIXPLFH_KT359850_DELIM-XSQGYQBJWIDAXLIXPLFH_12MYKL1007_DELIM-XSQGYQBJWIDAXLIXPLFH_2012 (identical to nl63_DELIM-XSQGYQBJWIDAXLIXPLFH_KT359830_DELIM-XSQGYQBJWIDAXLIXPLFH_12MYKL0482_DELIM-XSQGYQBJWIDAXLIXPLFH_2012) is ignored but added at the end
NOTE: nl63_DELIM-XSQGYQBJWIDAXLIXPLFH_KT359852_DELIM-XSQGYQBJWIDAXLIXPLFH_12MYKL1055_DELIM-XSQGYQBJWIDAXLIXPLFH_2012 (identical to nl63_DELIM-XSQGYQBJWIDAXLIXPLFH_KT359830_DELIM-XSQGYQBJWIDAXLIXPLFH_12MYKL0482_DELIM-XSQGYQBJWIDAXLIXPLFH_2012) is ignored but added at the end
NOTE: nl63_DELIM-XSQGYQBJWIDAXLIXPLFH_KT359857_DELIM-XSQGYQBJWIDAXLIXPLFH_12MYKL1193_DELIM-XSQGYQBJWIDAXLIXPLFH_2012 (identical to nl63_DELIM-XSQGYQBJWIDAXLIXPLFH_KT359830_DELIM-XSQGYQBJWIDAXLIXPLFH_12MYKL0482_DELIM-XSQGYQBJWIDAXLIXPLFH_2012) is ignored but added at the end
NOTE: nl63_DELIM-XSQGYQBJWIDAXLIXPLFH_KT359859_DELIM-XSQGYQBJWIDAXLIXPLFH_12MYKL1197_DELIM-XSQGYQBJWIDAXLIXPLFH_2012 (identical to nl63_DELIM-XSQGYQBJWIDAXLIXPLFH_KT359830_DELIM-XSQGYQBJWIDAXLIXPLFH_12MYKL0482_DELIM-XSQGYQBJWIDAXLIXPLFH_2012) is ignored but added at the end
NOTE: nl63_DELIM-XSQGYQBJWIDAXLIXPLFH_KT359861_DELIM-XSQGYQBJWIDAXLIXPLFH_12MYKL1238_DELIM-XSQGYQBJWIDAXLIXPLFH_2012 (identical to nl63_DELIM-XSQGYQBJWIDAXLIXPLFH_KT359830_DELIM-XSQGYQBJWIDAXLIXPLFH_12MYKL0482_DELIM-XSQGYQBJWIDAXLIXPLFH_2012) is ignored but added at the end
NOTE: nl63_DELIM-XSQGYQBJWIDAXLIXPLFH_KT359863_DELIM-XSQGYQBJWIDAXLIXPLFH_12MYKL1288_DELIM-XSQGYQBJWIDAXLIXPLFH_2012 (identical to nl63_DELIM-XSQGYQBJWIDAXLIXPLFH_KT359830_DELIM-XSQGYQBJWIDAXLIXPLFH_12MYKL0482_DELIM-XSQGYQBJWIDAXLIXPLFH_2012) is ignored but added at the end
NOTE: nl63_DELIM-XSQGYQBJWIDAXLIXPLFH_KT359867_DELIM-XSQGYQBJWIDAXLIXPLFH_12MYKL1528_DELIM-XSQGYQBJWIDAXLIXPLFH_2012 (identical to nl63_DELIM-XSQGYQBJWIDAXLIXPLFH_KT359830_DELIM-XSQGYQBJWIDAXLIXPLFH_12MYKL0482_DELIM-XSQGYQBJWIDAXLIXPLFH_2012) is ignored but added at the end
NOTE: nl63_DELIM-XSQGYQBJWIDAXLIXPLFH_KT359868_DELIM-XSQGYQBJWIDAXLIXPLFH_13MYKL1791_DELIM-XSQGYQBJWIDAXLIXPLFH_2013 (identical to nl63_DELIM-XSQGYQBJWIDAXLIXPLFH_KT359842_DELIM-XSQGYQBJWIDAXLIXPLFH_12MYKL0863_DELIM-XSQGYQBJWIDAXLIXPLFH_2012) is ignored but added at the end
NOTE: nl63_DELIM-XSQGYQBJWIDAXLIXPLFH_MG428703_DELIM-XSQGYQBJWIDAXLIXPLFH_Kilifi_HH_0511_01_Jun_2010_DELIM-XSQGYQBJWIDAXLIXPLFH_2010 (identical to nl63_DELIM-XSQGYQBJWIDAXLIXPLFH_KM055607_DELIM-XSQGYQBJWIDAXLIXPLFH_1014A_2008_DELIM-XSQGYQBJWIDAXLIXPLFH_2008) is ignored but added at the end
NOTE: nl63_DELIM-XSQGYQBJWIDAXLIXPLFH_MG428701_DELIM-XSQGYQBJWIDAXLIXPLFH_Kilifi_HH_0512_04_Jun_2010_DELIM-XSQGYQBJWIDAXLIXPLFH_2010 (identical to nl63_DELIM-XSQGYQBJWIDAXLIXPLFH_KM055607_DELIM-XSQGYQBJWIDAXLIXPLFH_1014A_2008_DELIM-XSQGYQBJWIDAXLIXPLFH_2008) is ignored but added at the end
NOTE: nl63_DELIM-XSQGYQBJWIDAXLIXPLFH_MG428700_DELIM-XSQGYQBJWIDAXLIXPLFH_Kilifi_HH_1602_01_Jun_2010_DELIM-XSQGYQBJWIDAXLIXPLFH_2010 (identical to nl63_DELIM-XSQGYQBJWIDAXLIXPLFH_KM055607_DELIM-XSQGYQBJWIDAXLIXPLFH_1014A_2008_DELIM-XSQGYQBJWIDAXLIXPLFH_2008) is ignored but added at the end
NOTE: nl63_DELIM-XSQGYQBJWIDAXLIXPLFH_MG428702_DELIM-XSQGYQBJWIDAXLIXPLFH_Kilifi_HH_3807_11_May_2010_DELIM-XSQGYQBJWIDAXLIXPLFH_2010 (identical to nl63_DELIM-XSQGYQBJWIDAXLIXPLFH_KM055607_DELIM-XSQGYQBJWIDAXLIXPLFH_1014A_2008_DELIM-XSQGYQBJWIDAXLIXPLFH_2008) is ignored but added at the end
NOTE: nl63_DELIM-XSQGYQBJWIDAXLIXPLFH_MG428706_DELIM-XSQGYQBJWIDAXLIXPLFH_Kilifi_HH_3808_24_May_2010_DELIM-XSQGYQBJWIDAXLIXPLFH_2010 (identical to nl63_DELIM-XSQGYQBJWIDAXLIXPLFH_KM055607_DELIM-XSQGYQBJWIDAXLIXPLFH_1014A_2008_DELIM-XSQGYQBJWIDAXLIXPLFH_2008) is ignored but added at the end
NOTE: nl63_DELIM-XSQGYQBJWIDAXLIXPLFH_MG428707_DELIM-XSQGYQBJWIDAXLIXPLFH_Kilifi_HH_5401_20_May_2010_DELIM-XSQGYQBJWIDAXLIXPLFH_2010 (identical to nl63_DELIM-XSQGYQBJWIDAXLIXPLFH_KM055607_DELIM-XSQGYQBJWIDAXLIXPLFH_1014A_2008_DELIM-XSQGYQBJWIDAXLIXPLFH_2008) is ignored but added at the end
NOTE: nl63_DELIM-XSQGYQBJWIDAXLIXPLFH_MG428704_DELIM-XSQGYQBJWIDAXLIXPLFH_Kilifi_HH_5402_20_May_2010_DELIM-XSQGYQBJWIDAXLIXPLFH_2010 (identical to nl63_DELIM-XSQGYQBJWIDAXLIXPLFH_KM055607_DELIM-XSQGYQBJWIDAXLIXPLFH_1014A_2008_DELIM-XSQGYQBJWIDAXLIXPLFH_2008) is ignored but added at the end
NOTE: nl63_DELIM-XSQGYQBJWIDAXLIXPLFH_MG428699_DELIM-XSQGYQBJWIDAXLIXPLFH_Kilifi_HH_5709_19_May_2010_DELIM-XSQGYQBJWIDAXLIXPLFH_2010 (identical to nl63_DELIM-XSQGYQBJWIDAXLIXPLFH_KM055607_DELIM-XSQGYQBJWIDAXLIXPLFH_1014A_2008_DELIM-XSQGYQBJWIDAXLIXPLFH_2008) is ignored but added at the end
NOTE: nl63_DELIM-XSQGYQBJWIDAXLIXPLFH_KM055600_DELIM-XSQGYQBJWIDAXLIXPLFH_940A_2008_DELIM-XSQGYQBJWIDAXLIXPLFH_2008 (identical to nl63_DELIM-XSQGYQBJWIDAXLIXPLFH_KM055609_DELIM-XSQGYQBJWIDAXLIXPLFH_1093A_2008_DELIM-XSQGYQBJWIDAXLIXPLFH_2008) is ignored but added at the end
NOTE: nl63_DELIM-XSQGYQBJWIDAXLIXPLFH_KM055601_DELIM-XSQGYQBJWIDAXLIXPLFH_945A_2008_DELIM-XSQGYQBJWIDAXLIXPLFH_2008 (identical to nl63_DELIM-XSQGYQBJWIDAXLIXPLFH_KM055609_DELIM-XSQGYQBJWIDAXLIXPLFH_1093A_2008_DELIM-XSQGYQBJWIDAXLIXPLFH_2008) is ignored but added at the end
NOTE: nl63_DELIM-XSQGYQBJWIDAXLIXPLFH_KM055603_DELIM-XSQGYQBJWIDAXLIXPLFH_971A_2008_DELIM-XSQGYQBJWIDAXLIXPLFH_2008 (identical to nl63_DELIM-XSQGYQBJWIDAXLIXPLFH_KM055609_DELIM-XSQGYQBJWIDAXLIXPLFH_1093A_2008_DELIM-XSQGYQBJWIDAXLIXPLFH_2008) is ignored but added at the end
NOTE: nl63_DELIM-XSQGYQBJWIDAXLIXPLFH_KM055606_DELIM-XSQGYQBJWIDAXLIXPLFH_997A_2008_DELIM-XSQGYQBJWIDAXLIXPLFH_2008 (identical to nl63_DELIM-XSQGYQBJWIDAXLIXPLFH_KM055609_DELIM-XSQGYQBJWIDAXLIXPLFH_1093A_2008_DELIM-XSQGYQBJWIDAXLIXPLFH_2008) is ignored but added at the end
NOTE: nl63_DELIM-XSQGYQBJWIDAXLIXPLFH_JX104161_DELIM-XSQGYQBJWIDAXLIXPLFH_CBJ_037_DELIM-XSQGYQBJWIDAXLIXPLFH_2008 (identical to nl63_DELIM-XSQGYQBJWIDAXLIXPLFH_KM055609_DELIM-XSQGYQBJWIDAXLIXPLFH_1093A_2008_DELIM-XSQGYQBJWIDAXLIXPLFH_2008) is ignored but added at the end
NOTE: nl63_DELIM-XSQGYQBJWIDAXLIXPLFH_JX524171_DELIM-XSQGYQBJWIDAXLIXPLFH_CBJ123_DELIM-XSQGYQBJWIDAXLIXPLFH_2009 (identical to nl63_DELIM-XSQGYQBJWIDAXLIXPLFH_KM055609_DELIM-XSQGYQBJWIDAXLIXPLFH_1093A_2008_DELIM-XSQGYQBJWIDAXLIXPLFH_2008) is ignored but added at the end
NOTE: nl63_DELIM-XSQGYQBJWIDAXLIXPLFH_MK334045_DELIM-XSQGYQBJWIDAXLIXPLFH_ChinaGD05_DELIM-XSQGYQBJWIDAXLIXPLFH_2018 (identical to nl63_DELIM-XSQGYQBJWIDAXLIXPLFH_KM055609_DELIM-XSQGYQBJWIDAXLIXPLFH_1093A_2008_DELIM-XSQGYQBJWIDAXLIXPLFH_2008) is ignored but added at the end
NOTE: nl63_DELIM-XSQGYQBJWIDAXLIXPLFH_KT266906_DELIM-XSQGYQBJWIDAXLIXPLFH_HCoV_NL63_DELIM-XSQGYQBJWIDAXLIXPLFH_Haiti_1_DELIM-XSQGYQBJWIDAXLIXPLFH_2015_DELIM-XSQGYQBJWIDAXLIXPLFH_2015 (identical to nl63_DELIM-XSQGYQBJWIDAXLIXPLFH_KM055609_DELIM-XSQGYQBJWIDAXLIXPLFH_1093A_2008_DELIM-XSQGYQBJWIDAXLIXPLFH_2008) is ignored but added at the end
NOTE: nl63_DELIM-XSQGYQBJWIDAXLIXPLFH_MN306018_DELIM-XSQGYQBJWIDAXLIXPLFH_HCoV_NL63_DELIM-XSQGYQBJWIDAXLIXPLFH_Seattle_DELIM-XSQGYQBJWIDAXLIXPLFH_USA_DELIM-XSQGYQBJWIDAXLIXPLFH_SC0179_DELIM-XSQGYQBJWIDAXLIXPLFH_2018_DELIM-XSQGYQBJWIDAXLIXPLFH_2018 (identical to nl63_DELIM-XSQGYQBJWIDAXLIXPLFH_KM055609_DELIM-XSQGYQBJWIDAXLIXPLFH_1093A_2008_DELIM-XSQGYQBJWIDAXLIXPLFH_2008) is ignored but added at the end
NOTE: nl63_DELIM-XSQGYQBJWIDAXLIXPLFH_KY862059_DELIM-XSQGYQBJWIDAXLIXPLFH_NL63_DELIM-XSQGYQBJWIDAXLIXPLFH_FRA_EPI_DELIM-XSQGYQBJWIDAXLIXPLFH_Caen_DELIM-XSQGYQBJWIDAXLIXPLFH_2013_DELIM-XSQGYQBJWIDAXLIXPLFH_16_DELIM-XSQGYQBJWIDAXLIXPLFH_2013 (identical to nl63_DELIM-XSQGYQBJWIDAXLIXPLFH_KM055609_DELIM-XSQGYQBJWIDAXLIXPLFH_1093A_2008_DELIM-XSQGYQBJWIDAXLIXPLFH_2008) is ignored but added at the end
NOTE: nl63_DELIM-XSQGYQBJWIDAXLIXPLFH_KX179497_DELIM-XSQGYQBJWIDAXLIXPLFH_NL63_DELIM-XSQGYQBJWIDAXLIXPLFH_Haiti_2_DELIM-XSQGYQBJWIDAXLIXPLFH_2015_DELIM-XSQGYQBJWIDAXLIXPLFH_2015 (identical to nl63_DELIM-XSQGYQBJWIDAXLIXPLFH_KM055609_DELIM-XSQGYQBJWIDAXLIXPLFH_1093A_2008_DELIM-XSQGYQBJWIDAXLIXPLFH_2008) is ignored but added at the end
NOTE: nl63_DELIM-XSQGYQBJWIDAXLIXPLFH_KX179498_DELIM-XSQGYQBJWIDAXLIXPLFH_NL63_DELIM-XSQGYQBJWIDAXLIXPLFH_Haiti_3_DELIM-XSQGYQBJWIDAXLIXPLFH_2015_DELIM-XSQGYQBJWIDAXLIXPLFH_2015 (identical to nl63_DELIM-XSQGYQBJWIDAXLIXPLFH_KM055609_DELIM-XSQGYQBJWIDAXLIXPLFH_1093A_2008_DELIM-XSQGYQBJWIDAXLIXPLFH_2008) is ignored but added at the end
NOTE: nl63_DELIM-XSQGYQBJWIDAXLIXPLFH_KX179499_DELIM-XSQGYQBJWIDAXLIXPLFH_NL63_DELIM-XSQGYQBJWIDAXLIXPLFH_Haiti_4_DELIM-XSQGYQBJWIDAXLIXPLFH_2015_DELIM-XSQGYQBJWIDAXLIXPLFH_2015 (identical to nl63_DELIM-XSQGYQBJWIDAXLIXPLFH_KM055609_DELIM-XSQGYQBJWIDAXLIXPLFH_1093A_2008_DELIM-XSQGYQBJWIDAXLIXPLFH_2008) is ignored but added at the end
NOTE: nl63_DELIM-XSQGYQBJWIDAXLIXPLFH_KT359851_DELIM-XSQGYQBJWIDAXLIXPLFH_12MYKL1013_DELIM-XSQGYQBJWIDAXLIXPLFH_2012 (identical to nl63_DELIM-XSQGYQBJWIDAXLIXPLFH_KT359835_DELIM-XSQGYQBJWIDAXLIXPLFH_12MYKL0750_DELIM-XSQGYQBJWIDAXLIXPLFH_2012) is ignored but added at the end
NOTE: nl63_DELIM-XSQGYQBJWIDAXLIXPLFH_KT359853_DELIM-XSQGYQBJWIDAXLIXPLFH_12MYKL1064_DELIM-XSQGYQBJWIDAXLIXPLFH_2012 (identical to nl63_DELIM-XSQGYQBJWIDAXLIXPLFH_KT359835_DELIM-XSQGYQBJWIDAXLIXPLFH_12MYKL0750_DELIM-XSQGYQBJWIDAXLIXPLFH_2012) is ignored but added at the end
NOTE: nl63_DELIM-XSQGYQBJWIDAXLIXPLFH_KT359866_DELIM-XSQGYQBJWIDAXLIXPLFH_12MYKL1350_DELIM-XSQGYQBJWIDAXLIXPLFH_2012 (identical to nl63_DELIM-XSQGYQBJWIDAXLIXPLFH_KT359835_DELIM-XSQGYQBJWIDAXLIXPLFH_12MYKL0750_DELIM-XSQGYQBJWIDAXLIXPLFH_2012) is ignored but added at the end
NOTE: nl63_DELIM-XSQGYQBJWIDAXLIXPLFH_KT359871_DELIM-XSQGYQBJWIDAXLIXPLFH_13MYKL2005_DELIM-XSQGYQBJWIDAXLIXPLFH_2013 (identical to nl63_DELIM-XSQGYQBJWIDAXLIXPLFH_KT359835_DELIM-XSQGYQBJWIDAXLIXPLFH_12MYKL0750_DELIM-XSQGYQBJWIDAXLIXPLFH_2012) is ignored but added at the end
NOTE: nl63_DELIM-XSQGYQBJWIDAXLIXPLFH_KT359864_DELIM-XSQGYQBJWIDAXLIXPLFH_12MYKL1336_DELIM-XSQGYQBJWIDAXLIXPLFH_2012 (identical to nl63_DELIM-XSQGYQBJWIDAXLIXPLFH_KT359838_DELIM-XSQGYQBJWIDAXLIXPLFH_12MYKL0802_DELIM-XSQGYQBJWIDAXLIXPLFH_2012) is ignored but added at the end
NOTE: nl63_DELIM-XSQGYQBJWIDAXLIXPLFH_KT359865_DELIM-XSQGYQBJWIDAXLIXPLFH_12MYKL1337_DELIM-XSQGYQBJWIDAXLIXPLFH_2012 (identical to nl63_DELIM-XSQGYQBJWIDAXLIXPLFH_KT359838_DELIM-XSQGYQBJWIDAXLIXPLFH_12MYKL0802_DELIM-XSQGYQBJWIDAXLIXPLFH_2012) is ignored but added at the end
Alignment was printed to results/aligned_nl63_nucleocapsid-delim.fasta.uniqueseq.phy

For your convenience alignment with unique sequences printed to results/aligned_nl63_nucleocapsid-delim.fasta.uniqueseq.phy

Create initial parsimony tree by phylogenetic likelihood library (PLL)... 0.001 seconds

NOTE: 0 MB RAM (0 GB) is required!
Estimate model parameters (epsilon = 0.500)
1. Initial log-likelihood: -5836.210
2. Current log-likelihood: -5473.217
3. Current log-likelihood: -5437.868
4. Current log-likelihood: -5431.676
5. Current log-likelihood: -5428.226
6. Current log-likelihood: -5426.040
7. Current log-likelihood: -5424.671
8. Current log-likelihood: -5423.821
Optimal log-likelihood: -5423.197
Rate parameters:  A-C: 1.02716  A-G: 2.03458  A-T: 0.41119  C-G: 0.12807  C-T: 12.19307  G-T: 1.00000
Base frequencies:  A: 0.267  C: 0.205  G: 0.208  T: 0.320
Parameters optimization took 8 rounds (0.128 sec)
Wrote distance file to... 
Computing ML distances based on estimated model parameters...
Calculating distance matrix: done in 0.00744104 secs using 97.89% CPU
Computing ML distances took 0.007623 sec (of wall-clock time) 0.007398 sec (of CPU time)
Setting up auxiliary I and S matrices: done in 0.000282049 secs using 145% CPU
Constructing RapidNJ tree: done in 0.000735044 secs using 187.3% CPU
Computing RapidNJ tree took 0.001108 sec (of wall-clock time) 0.001836 sec (of CPU time)
Log-likelihood of RapidNJ tree: -3767.535
--------------------------------------------------------------------
|             INITIALIZING CANDIDATE TREE SET                      |
--------------------------------------------------------------------

Do NNI search on 2 best initial trees
Optimizing NNI: done in 0.0375152 secs using 179.6% CPU
Estimate model parameters (epsilon = 0.500)
BETTER TREE FOUND at iteration 1: -3725.083
Optimizing NNI: done in 0.118888 secs using 115.7% CPU
Finish initializing candidate tree set (4)
Current best tree score: -3725.083 / CPU time: 0.282
Number of iterations: 2
TREE SEARCH COMPLETED AFTER 2 ITERATIONS / Time: 0h:0m:0s

--------------------------------------------------------------------
|                    FINALIZING TREE SEARCH                        |
--------------------------------------------------------------------
Performs final model parameters optimization
Estimate model parameters (epsilon = 0.050)
1. Initial log-likelihood: -3725.083
Optimal log-likelihood: -3725.071
Rate parameters:  A-C: 1.27058  A-G: 2.94805  A-T: 1.12963  C-G: 1.02575  C-T: 5.12977  G-T: 1.00000
Base frequencies:  A: 0.267  C: 0.205  G: 0.208  T: 0.320
Parameters optimization took 1 rounds (0.007 sec)
BEST SCORE FOUND : -3725.071
Total tree length: 0.794

Total number of iterations: 2
CPU time used for tree search: 0.406 sec (0h:0m:0s)
Wall-clock time used for tree search: 0.282 sec (0h:0m:0s)
Total CPU time used: 0.575 sec (0h:0m:0s)
Total wall-clock time used: 0.450 sec (0h:0m:0s)

Analysis results written to: 
  IQ-TREE report:                results/aligned_nl63_nucleocapsid-delim.fasta.iqtree
  Maximum-likelihood tree:       results/aligned_nl63_nucleocapsid-delim.fasta.treefile
  Likelihood distances:          results/aligned_nl63_nucleocapsid-delim.fasta.mldist
  Screen log file:               results/aligned_nl63_nucleocapsid-delim.fasta.log

Date and Time: Fri May 13 12:36:57 2022
