IQ-TREE multicore version 2.2.0-beta COVID-edition for Mac OS X 64-bit built Mar  3 2022 built Mar  3 2022
Developed by Bui Quang Minh, James Barbetti, Nguyen Lam Tung,
Olga Chernomor, Heiko Schmidt, Dominik Schrempf, Michael Woodhams, Ly Trong Nhan.

Host:    macbook-pro-2.fhcrc.org (SSE4.2, 8 GB RAM)
Command: iqtree2 -nt 1 -s results/aligned_nl63_s2-delim.fasta -m GTR -ninit 2 -n 2 -me 0.05
Seed:    22906 (Using SPRNG - Scalable Parallel Random Number Generator)
Time:    Fri May 13 12:36:15 2022
Kernel:  SSE2 - 1 threads (8 CPU cores detected)

HINT: Use -nt option to specify number of threads because your CPU has 8 cores!
HINT: -nt AUTO will automatically determine the best number of threads to use.

Reading alignment file results/aligned_nl63_s2-delim.fasta ... Fasta format detected
Reading fasta file: done in 0.0034461 secs using 94.34% CPU
Alignment most likely contains DNA/RNA sequences
Constructing alignment: done in 0.00223303 secs using 65.74% CPU
Alignment has 100 sequences with 1824 columns, 156 distinct patterns
85 parsimony-informative, 482 singleton sites, 1257 constant sites
                                                                                                                                                                                                                                                   Gap/Ambiguity  Composition  p-value
Analyzing sequences: done in 2.90871e-05 secs using 89.39% CPU
   1  nl63_DELIM-DNOQZXORAPLEPDLFSLCD_JX504050_DELIM-DNOQZXORAPLEPDLFSLCD_NL63_DELIM-DNOQZXORAPLEPDLFSLCD_RPTEC_DELIM-DNOQZXORAPLEPDLFSLCD_2004_DELIM-DNOQZXORAPLEPDLFSLCD_2004                                                                            0.00%    passed     99.76%
   2  nl63_DELIM-DNOQZXORAPLEPDLFSLCD_JQ765573_DELIM-DNOQZXORAPLEPDLFSLCD_NL63_DELIM-DNOQZXORAPLEPDLFSLCD_DEN_DELIM-DNOQZXORAPLEPDLFSLCD_2005_DELIM-DNOQZXORAPLEPDLFSLCD_1062_DELIM-DNOQZXORAPLEPDLFSLCD_2005                                              0.00%    passed     99.61%
   3  nl63_DELIM-DNOQZXORAPLEPDLFSLCD_JQ900260_DELIM-DNOQZXORAPLEPDLFSLCD_NL63_DELIM-DNOQZXORAPLEPDLFSLCD_DEN_DELIM-DNOQZXORAPLEPDLFSLCD_2005_DELIM-DNOQZXORAPLEPDLFSLCD_1120_DELIM-DNOQZXORAPLEPDLFSLCD_2005                                              0.00%    passed     99.90%
   4  nl63_DELIM-DNOQZXORAPLEPDLFSLCD_JQ765568_DELIM-DNOQZXORAPLEPDLFSLCD_NL63_DELIM-DNOQZXORAPLEPDLFSLCD_DEN_DELIM-DNOQZXORAPLEPDLFSLCD_2005_DELIM-DNOQZXORAPLEPDLFSLCD_193_DELIM-DNOQZXORAPLEPDLFSLCD_2005                                               0.00%    passed     99.97%
   5  nl63_DELIM-DNOQZXORAPLEPDLFSLCD_JQ900259_DELIM-DNOQZXORAPLEPDLFSLCD_NL63_DELIM-DNOQZXORAPLEPDLFSLCD_DEN_DELIM-DNOQZXORAPLEPDLFSLCD_2005_DELIM-DNOQZXORAPLEPDLFSLCD_449_DELIM-DNOQZXORAPLEPDLFSLCD_2005                                               0.00%    passed     99.81%
   6  nl63_DELIM-DNOQZXORAPLEPDLFSLCD_JQ765575_DELIM-DNOQZXORAPLEPDLFSLCD_NL63_DELIM-DNOQZXORAPLEPDLFSLCD_DEN_DELIM-DNOQZXORAPLEPDLFSLCD_2005_DELIM-DNOQZXORAPLEPDLFSLCD_1876_DELIM-DNOQZXORAPLEPDLFSLCD_2005                                              0.00%    passed     99.77%
   7  nl63_DELIM-DNOQZXORAPLEPDLFSLCD_JQ765571_DELIM-DNOQZXORAPLEPDLFSLCD_NL63_DELIM-DNOQZXORAPLEPDLFSLCD_DEN_DELIM-DNOQZXORAPLEPDLFSLCD_2005_DELIM-DNOQZXORAPLEPDLFSLCD_271_DELIM-DNOQZXORAPLEPDLFSLCD_2005                                               0.00%    passed     99.74%
   8  nl63_DELIM-DNOQZXORAPLEPDLFSLCD_JQ765572_DELIM-DNOQZXORAPLEPDLFSLCD_NL63_DELIM-DNOQZXORAPLEPDLFSLCD_DEN_DELIM-DNOQZXORAPLEPDLFSLCD_2005_DELIM-DNOQZXORAPLEPDLFSLCD_347_DELIM-DNOQZXORAPLEPDLFSLCD_2005                                               0.00%    passed     99.74%
   9  nl63_DELIM-DNOQZXORAPLEPDLFSLCD_KF530114_DELIM-DNOQZXORAPLEPDLFSLCD_NL63_DELIM-DNOQZXORAPLEPDLFSLCD_human_DELIM-DNOQZXORAPLEPDLFSLCD_USA_DELIM-DNOQZXORAPLEPDLFSLCD_891_4_DELIM-DNOQZXORAPLEPDLFSLCD_1989_DELIM-DNOQZXORAPLEPDLFSLCD_1989            0.00%    passed     99.60%
  10  nl63_DELIM-DNOQZXORAPLEPDLFSLCD_KF530108_DELIM-DNOQZXORAPLEPDLFSLCD_NL63_DELIM-DNOQZXORAPLEPDLFSLCD_human_DELIM-DNOQZXORAPLEPDLFSLCD_USA_DELIM-DNOQZXORAPLEPDLFSLCD_891_6_DELIM-DNOQZXORAPLEPDLFSLCD_1989_DELIM-DNOQZXORAPLEPDLFSLCD_1989            0.00%    passed     99.60%
  11  nl63_DELIM-DNOQZXORAPLEPDLFSLCD_KF530111_DELIM-DNOQZXORAPLEPDLFSLCD_NL63_DELIM-DNOQZXORAPLEPDLFSLCD_human_DELIM-DNOQZXORAPLEPDLFSLCD_USA_DELIM-DNOQZXORAPLEPDLFSLCD_901_24_DELIM-DNOQZXORAPLEPDLFSLCD_1990_DELIM-DNOQZXORAPLEPDLFSLCD_1990           0.00%    passed     99.60%
  12  nl63_DELIM-DNOQZXORAPLEPDLFSLCD_KF530104_DELIM-DNOQZXORAPLEPDLFSLCD_NL63_DELIM-DNOQZXORAPLEPDLFSLCD_human_DELIM-DNOQZXORAPLEPDLFSLCD_USA_DELIM-DNOQZXORAPLEPDLFSLCD_904_20_DELIM-DNOQZXORAPLEPDLFSLCD_1990_DELIM-DNOQZXORAPLEPDLFSLCD_1990           0.00%    passed     99.60%
  13  nl63_DELIM-DNOQZXORAPLEPDLFSLCD_KF530109_DELIM-DNOQZXORAPLEPDLFSLCD_NL63_DELIM-DNOQZXORAPLEPDLFSLCD_human_DELIM-DNOQZXORAPLEPDLFSLCD_USA_DELIM-DNOQZXORAPLEPDLFSLCD_903_28_DELIM-DNOQZXORAPLEPDLFSLCD_1990_DELIM-DNOQZXORAPLEPDLFSLCD_1990           0.00%    passed     99.81%
  14  nl63_DELIM-DNOQZXORAPLEPDLFSLCD_KF530113_DELIM-DNOQZXORAPLEPDLFSLCD_NL63_DELIM-DNOQZXORAPLEPDLFSLCD_human_DELIM-DNOQZXORAPLEPDLFSLCD_USA_DELIM-DNOQZXORAPLEPDLFSLCD_905_25_DELIM-DNOQZXORAPLEPDLFSLCD_1990_DELIM-DNOQZXORAPLEPDLFSLCD_1990           0.00%    passed     99.25%
  15  nl63_DELIM-DNOQZXORAPLEPDLFSLCD_KF530107_DELIM-DNOQZXORAPLEPDLFSLCD_NL63_DELIM-DNOQZXORAPLEPDLFSLCD_human_DELIM-DNOQZXORAPLEPDLFSLCD_USA_DELIM-DNOQZXORAPLEPDLFSLCD_911_56_DELIM-DNOQZXORAPLEPDLFSLCD_1991_DELIM-DNOQZXORAPLEPDLFSLCD_1991           0.00%    passed     99.71%
  16  nl63_DELIM-DNOQZXORAPLEPDLFSLCD_KF530110_DELIM-DNOQZXORAPLEPDLFSLCD_NL63_DELIM-DNOQZXORAPLEPDLFSLCD_human_DELIM-DNOQZXORAPLEPDLFSLCD_USA_DELIM-DNOQZXORAPLEPDLFSLCD_838_9_DELIM-DNOQZXORAPLEPDLFSLCD_1983_DELIM-DNOQZXORAPLEPDLFSLCD_1983            0.00%    passed     99.81%
  17  nl63_DELIM-DNOQZXORAPLEPDLFSLCD_KF530106_DELIM-DNOQZXORAPLEPDLFSLCD_NL63_DELIM-DNOQZXORAPLEPDLFSLCD_human_DELIM-DNOQZXORAPLEPDLFSLCD_USA_DELIM-DNOQZXORAPLEPDLFSLCD_8712_17_DELIM-DNOQZXORAPLEPDLFSLCD_1987_DELIM-DNOQZXORAPLEPDLFSLCD_1987          0.00%    passed     99.93%
  18  nl63_DELIM-DNOQZXORAPLEPDLFSLCD_KY554969_DELIM-DNOQZXORAPLEPDLFSLCD_N07_196B_DELIM-DNOQZXORAPLEPDLFSLCD_2016                                                                                                                                         0.00%    passed     99.78%
  19  nl63_DELIM-DNOQZXORAPLEPDLFSLCD_KY829118_DELIM-DNOQZXORAPLEPDLFSLCD_N07_262B_DELIM-DNOQZXORAPLEPDLFSLCD_2015                                                                                                                                         0.00%    passed     99.78%
  20  nl63_DELIM-DNOQZXORAPLEPDLFSLCD_KY554971_DELIM-DNOQZXORAPLEPDLFSLCD_N07_468B_176X_DELIM-DNOQZXORAPLEPDLFSLCD_2016                                                                                                                                    0.00%    passed     99.78%
  21  nl63_DELIM-DNOQZXORAPLEPDLFSLCD_JQ765574_DELIM-DNOQZXORAPLEPDLFSLCD_NL63_DELIM-DNOQZXORAPLEPDLFSLCD_DEN_DELIM-DNOQZXORAPLEPDLFSLCD_2005_DELIM-DNOQZXORAPLEPDLFSLCD_1862_DELIM-DNOQZXORAPLEPDLFSLCD_2005                                              0.00%    passed     99.75%
  22  nl63_DELIM-DNOQZXORAPLEPDLFSLCD_KF530105_DELIM-DNOQZXORAPLEPDLFSLCD_NL63_DELIM-DNOQZXORAPLEPDLFSLCD_human_DELIM-DNOQZXORAPLEPDLFSLCD_USA_DELIM-DNOQZXORAPLEPDLFSLCD_012_31_DELIM-DNOQZXORAPLEPDLFSLCD_2001_DELIM-DNOQZXORAPLEPDLFSLCD_2001           0.00%    passed     99.75%
  23  nl63_DELIM-DNOQZXORAPLEPDLFSLCD_KT266906_DELIM-DNOQZXORAPLEPDLFSLCD_HCoV_NL63_DELIM-DNOQZXORAPLEPDLFSLCD_Haiti_1_DELIM-DNOQZXORAPLEPDLFSLCD_2015_DELIM-DNOQZXORAPLEPDLFSLCD_2015                                                                     0.00%    passed     99.98%
  24  nl63_DELIM-DNOQZXORAPLEPDLFSLCD_KX179494_DELIM-DNOQZXORAPLEPDLFSLCD_NL63_DELIM-DNOQZXORAPLEPDLFSLCD_Haiti_2_DELIM-DNOQZXORAPLEPDLFSLCD_2015_DELIM-DNOQZXORAPLEPDLFSLCD_2015                                                                          0.00%    passed     99.98%
  25  nl63_DELIM-DNOQZXORAPLEPDLFSLCD_KX179495_DELIM-DNOQZXORAPLEPDLFSLCD_NL63_DELIM-DNOQZXORAPLEPDLFSLCD_Haiti_3_DELIM-DNOQZXORAPLEPDLFSLCD_2015_DELIM-DNOQZXORAPLEPDLFSLCD_2015                                                                          0.00%    passed     99.98%
  26  nl63_DELIM-DNOQZXORAPLEPDLFSLCD_KX179496_DELIM-DNOQZXORAPLEPDLFSLCD_NL63_DELIM-DNOQZXORAPLEPDLFSLCD_Haiti_4_DELIM-DNOQZXORAPLEPDLFSLCD_2015_DELIM-DNOQZXORAPLEPDLFSLCD_2015                                                                          0.00%    passed     99.98%
  27  nl63_DELIM-DNOQZXORAPLEPDLFSLCD_KM055632_DELIM-DNOQZXORAPLEPDLFSLCD_1014A_2008_DELIM-DNOQZXORAPLEPDLFSLCD_2008                                                                                                                                       0.00%    passed     99.99%
  28  nl63_DELIM-DNOQZXORAPLEPDLFSLCD_KM055635_DELIM-DNOQZXORAPLEPDLFSLCD_1093A_2008_DELIM-DNOQZXORAPLEPDLFSLCD_2008                                                                                                                                       0.00%    passed     99.99%
  29  nl63_DELIM-DNOQZXORAPLEPDLFSLCD_KM055650_DELIM-DNOQZXORAPLEPDLFSLCD_930A_2008_DELIM-DNOQZXORAPLEPDLFSLCD_2008                                                                                                                                        0.00%    passed     99.99%
  30  nl63_DELIM-DNOQZXORAPLEPDLFSLCD_KM055637_DELIM-DNOQZXORAPLEPDLFSLCD_945A_2008_DELIM-DNOQZXORAPLEPDLFSLCD_2008                                                                                                                                        0.00%    passed     99.99%
  31  nl63_DELIM-DNOQZXORAPLEPDLFSLCD_KM055643_DELIM-DNOQZXORAPLEPDLFSLCD_971A_2008_DELIM-DNOQZXORAPLEPDLFSLCD_2008                                                                                                                                        0.00%    passed     99.99%
  32  nl63_DELIM-DNOQZXORAPLEPDLFSLCD_KM055646_DELIM-DNOQZXORAPLEPDLFSLCD_990A_2008_DELIM-DNOQZXORAPLEPDLFSLCD_2008                                                                                                                                        0.00%    passed     99.99%
  33  nl63_DELIM-DNOQZXORAPLEPDLFSLCD_KM055649_DELIM-DNOQZXORAPLEPDLFSLCD_996A_2008_DELIM-DNOQZXORAPLEPDLFSLCD_2008                                                                                                                                        0.00%    passed     99.99%
  34  nl63_DELIM-DNOQZXORAPLEPDLFSLCD_JX104161_DELIM-DNOQZXORAPLEPDLFSLCD_CBJ_037_DELIM-DNOQZXORAPLEPDLFSLCD_2008                                                                                                                                          0.00%    passed     99.99%
  35  nl63_DELIM-DNOQZXORAPLEPDLFSLCD_JX524171_DELIM-DNOQZXORAPLEPDLFSLCD_CBJ123_DELIM-DNOQZXORAPLEPDLFSLCD_2009                                                                                                                                           0.00%    passed     99.99%
  36  nl63_DELIM-DNOQZXORAPLEPDLFSLCD_MG428703_DELIM-DNOQZXORAPLEPDLFSLCD_Kilifi_HH_0511_01_Jun_2010_DELIM-DNOQZXORAPLEPDLFSLCD_2010                                                                                                                       0.00%    passed     99.99%
  37  nl63_DELIM-DNOQZXORAPLEPDLFSLCD_MG428701_DELIM-DNOQZXORAPLEPDLFSLCD_Kilifi_HH_0512_04_Jun_2010_DELIM-DNOQZXORAPLEPDLFSLCD_2010                                                                                                                       0.00%    passed     99.99%
  38  nl63_DELIM-DNOQZXORAPLEPDLFSLCD_MG428705_DELIM-DNOQZXORAPLEPDLFSLCD_Kilifi_HH_0522_21_May_2010_DELIM-DNOQZXORAPLEPDLFSLCD_2010                                                                                                                       0.00%    passed     99.99%
  39  nl63_DELIM-DNOQZXORAPLEPDLFSLCD_MG428700_DELIM-DNOQZXORAPLEPDLFSLCD_Kilifi_HH_1602_01_Jun_2010_DELIM-DNOQZXORAPLEPDLFSLCD_2010                                                                                                                       0.00%    passed     99.99%
  40  nl63_DELIM-DNOQZXORAPLEPDLFSLCD_MG428702_DELIM-DNOQZXORAPLEPDLFSLCD_Kilifi_HH_3807_11_May_2010_DELIM-DNOQZXORAPLEPDLFSLCD_2010                                                                                                                       0.00%    passed     99.99%
  41  nl63_DELIM-DNOQZXORAPLEPDLFSLCD_MG428706_DELIM-DNOQZXORAPLEPDLFSLCD_Kilifi_HH_3808_24_May_2010_DELIM-DNOQZXORAPLEPDLFSLCD_2010                                                                                                                       0.00%    passed     99.99%
  42  nl63_DELIM-DNOQZXORAPLEPDLFSLCD_MG428704_DELIM-DNOQZXORAPLEPDLFSLCD_Kilifi_HH_5402_20_May_2010_DELIM-DNOQZXORAPLEPDLFSLCD_2010                                                                                                                       0.00%    passed     99.99%
  43  nl63_DELIM-DNOQZXORAPLEPDLFSLCD_MG428699_DELIM-DNOQZXORAPLEPDLFSLCD_Kilifi_HH_5709_19_May_2010_DELIM-DNOQZXORAPLEPDLFSLCD_2010                                                                                                                       0.00%    passed     99.99%
  44  nl63_DELIM-DNOQZXORAPLEPDLFSLCD_JQ900257_DELIM-DNOQZXORAPLEPDLFSLCD_NL63_DELIM-DNOQZXORAPLEPDLFSLCD_DEN_DELIM-DNOQZXORAPLEPDLFSLCD_2009_DELIM-DNOQZXORAPLEPDLFSLCD_31_DELIM-DNOQZXORAPLEPDLFSLCD_2009                                                0.05%    passed     99.97%
  45  nl63_DELIM-DNOQZXORAPLEPDLFSLCD_KM055634_DELIM-DNOQZXORAPLEPDLFSLCD_1023A_2008_DELIM-DNOQZXORAPLEPDLFSLCD_2008                                                                                                                                       0.00%    passed     99.95%
  46  nl63_DELIM-DNOQZXORAPLEPDLFSLCD_KM055633_DELIM-DNOQZXORAPLEPDLFSLCD_2093A_2010_DELIM-DNOQZXORAPLEPDLFSLCD_2010                                                                                                                                       0.00%    passed     99.95%
  47  nl63_DELIM-DNOQZXORAPLEPDLFSLCD_KM055636_DELIM-DNOQZXORAPLEPDLFSLCD_940A_2008_DELIM-DNOQZXORAPLEPDLFSLCD_2008                                                                                                                                        0.00%    passed    100.00%
  48  nl63_DELIM-DNOQZXORAPLEPDLFSLCD_MN306040_DELIM-DNOQZXORAPLEPDLFSLCD_HCoV_NL63_DELIM-DNOQZXORAPLEPDLFSLCD_Seattle_DELIM-DNOQZXORAPLEPDLFSLCD_USA_DELIM-DNOQZXORAPLEPDLFSLCD_SC0768_DELIM-DNOQZXORAPLEPDLFSLCD_2019_DELIM-DNOQZXORAPLEPDLFSLCD_2019    0.00%    passed     99.80%
  49  nl63_DELIM-DNOQZXORAPLEPDLFSLCD_KM055648_DELIM-DNOQZXORAPLEPDLFSLCD_954A_2008_DELIM-DNOQZXORAPLEPDLFSLCD_2008                                                                                                                                        0.00%    passed    100.00%
  50  nl63_DELIM-DNOQZXORAPLEPDLFSLCD_MK334043_DELIM-DNOQZXORAPLEPDLFSLCD_ChinaGD02_DELIM-DNOQZXORAPLEPDLFSLCD_2018                                                                                                                                        0.00%    passed     99.97%
  51  nl63_DELIM-DNOQZXORAPLEPDLFSLCD_KM055638_DELIM-DNOQZXORAPLEPDLFSLCD_180A_2007_DELIM-DNOQZXORAPLEPDLFSLCD_2007                                                                                                                                        0.00%    passed    100.00%
  52  nl63_DELIM-DNOQZXORAPLEPDLFSLCD_KY554967_DELIM-DNOQZXORAPLEPDLFSLCD_N06_1144B_DELIM-DNOQZXORAPLEPDLFSLCD_2016                                                                                                                                        0.00%    passed    100.00%
  53  nl63_DELIM-DNOQZXORAPLEPDLFSLCD_KY674915_DELIM-DNOQZXORAPLEPDLFSLCD_N07_6B_DELIM-DNOQZXORAPLEPDLFSLCD_2016                                                                                                                                           0.00%    passed    100.00%
  54  nl63_DELIM-DNOQZXORAPLEPDLFSLCD_KM055640_DELIM-DNOQZXORAPLEPDLFSLCD_225A_2007_DELIM-DNOQZXORAPLEPDLFSLCD_2007                                                                                                                                        0.00%    passed     99.97%
  55  nl63_DELIM-DNOQZXORAPLEPDLFSLCD_KM055641_DELIM-DNOQZXORAPLEPDLFSLCD_236A_2007_DELIM-DNOQZXORAPLEPDLFSLCD_2007                                                                                                                                        0.00%    passed     99.97%
  56  nl63_DELIM-DNOQZXORAPLEPDLFSLCD_KM055647_DELIM-DNOQZXORAPLEPDLFSLCD_188A_2007_DELIM-DNOQZXORAPLEPDLFSLCD_2007                                                                                                                                        0.00%    passed    100.00%
  57  nl63_DELIM-DNOQZXORAPLEPDLFSLCD_KM055645_DELIM-DNOQZXORAPLEPDLFSLCD_909A_2008_DELIM-DNOQZXORAPLEPDLFSLCD_2008                                                                                                                                        0.00%    passed    100.00%
  58  nl63_DELIM-DNOQZXORAPLEPDLFSLCD_KM055639_DELIM-DNOQZXORAPLEPDLFSLCD_197A_2007_DELIM-DNOQZXORAPLEPDLFSLCD_2007                                                                                                                                        0.00%    passed    100.00%
  59  nl63_DELIM-DNOQZXORAPLEPDLFSLCD_KM055644_DELIM-DNOQZXORAPLEPDLFSLCD_374A_2007_DELIM-DNOQZXORAPLEPDLFSLCD_2007                                                                                                                                        0.00%    passed     99.98%
  60  nl63_DELIM-DNOQZXORAPLEPDLFSLCD_JQ900255_DELIM-DNOQZXORAPLEPDLFSLCD_NL63_DELIM-DNOQZXORAPLEPDLFSLCD_DEN_DELIM-DNOQZXORAPLEPDLFSLCD_2009_DELIM-DNOQZXORAPLEPDLFSLCD_6_DELIM-DNOQZXORAPLEPDLFSLCD_2009                                                 0.00%    passed    100.00%
  61  nl63_DELIM-DNOQZXORAPLEPDLFSLCD_KY554968_DELIM-DNOQZXORAPLEPDLFSLCD_N07_185B_DELIM-DNOQZXORAPLEPDLFSLCD_2016                                                                                                                                         0.00%    passed     99.99%
  62  nl63_DELIM-DNOQZXORAPLEPDLFSLCD_KY554970_DELIM-DNOQZXORAPLEPDLFSLCD_N07_324B_182X_DELIM-DNOQZXORAPLEPDLFSLCD_2016                                                                                                                                    0.00%    passed     99.95%
  63  nl63_DELIM-DNOQZXORAPLEPDLFSLCD_KY674916_DELIM-DNOQZXORAPLEPDLFSLCD_N07_64B_DELIM-DNOQZXORAPLEPDLFSLCD_2016                                                                                                                                          0.00%    passed     99.95%
  64  nl63_DELIM-DNOQZXORAPLEPDLFSLCD_KM055642_DELIM-DNOQZXORAPLEPDLFSLCD_277A_2007_DELIM-DNOQZXORAPLEPDLFSLCD_2007                                                                                                                                        0.00%    passed     99.90%
  65  nl63_DELIM-DNOQZXORAPLEPDLFSLCD_JQ765569_DELIM-DNOQZXORAPLEPDLFSLCD_NL63_DELIM-DNOQZXORAPLEPDLFSLCD_DEN_DELIM-DNOQZXORAPLEPDLFSLCD_2005_DELIM-DNOQZXORAPLEPDLFSLCD_232_DELIM-DNOQZXORAPLEPDLFSLCD_2005                                               0.00%    passed     99.97%
  66  nl63_DELIM-DNOQZXORAPLEPDLFSLCD_KF530112_DELIM-DNOQZXORAPLEPDLFSLCD_NL63_DELIM-DNOQZXORAPLEPDLFSLCD_human_DELIM-DNOQZXORAPLEPDLFSLCD_USA_DELIM-DNOQZXORAPLEPDLFSLCD_0111_25_DELIM-DNOQZXORAPLEPDLFSLCD_2001_DELIM-DNOQZXORAPLEPDLFSLCD_2001          0.00%    passed     99.97%
  67  nl63_DELIM-DNOQZXORAPLEPDLFSLCD_JQ765564_DELIM-DNOQZXORAPLEPDLFSLCD_NL63_DELIM-DNOQZXORAPLEPDLFSLCD_DEN_DELIM-DNOQZXORAPLEPDLFSLCD_2009_DELIM-DNOQZXORAPLEPDLFSLCD_14_DELIM-DNOQZXORAPLEPDLFSLCD_2009                                                0.00%    passed     99.69%
  68  nl63_DELIM-DNOQZXORAPLEPDLFSLCD_JQ765566_DELIM-DNOQZXORAPLEPDLFSLCD_NL63_DELIM-DNOQZXORAPLEPDLFSLCD_DEN_DELIM-DNOQZXORAPLEPDLFSLCD_2008_DELIM-DNOQZXORAPLEPDLFSLCD_16_DELIM-DNOQZXORAPLEPDLFSLCD_2008                                                0.00%    passed     99.99%
  69  nl63_DELIM-DNOQZXORAPLEPDLFSLCD_JQ765570_DELIM-DNOQZXORAPLEPDLFSLCD_NL63_DELIM-DNOQZXORAPLEPDLFSLCD_DEN_DELIM-DNOQZXORAPLEPDLFSLCD_2005_DELIM-DNOQZXORAPLEPDLFSLCD_235_DELIM-DNOQZXORAPLEPDLFSLCD_2005                                               0.00%    passed     99.85%
  70  nl63_DELIM-DNOQZXORAPLEPDLFSLCD_JQ900256_DELIM-DNOQZXORAPLEPDLFSLCD_NL63_DELIM-DNOQZXORAPLEPDLFSLCD_DEN_DELIM-DNOQZXORAPLEPDLFSLCD_2009_DELIM-DNOQZXORAPLEPDLFSLCD_22_DELIM-DNOQZXORAPLEPDLFSLCD_2009                                                0.00%    passed     99.70%
  71  nl63_DELIM-DNOQZXORAPLEPDLFSLCD_JQ771056_DELIM-DNOQZXORAPLEPDLFSLCD_NL63_DELIM-DNOQZXORAPLEPDLFSLCD_DEN_DELIM-DNOQZXORAPLEPDLFSLCD_2010_DELIM-DNOQZXORAPLEPDLFSLCD_25_DELIM-DNOQZXORAPLEPDLFSLCD_2010                                                0.00%    passed     99.97%
  72  nl63_DELIM-DNOQZXORAPLEPDLFSLCD_JQ771060_DELIM-DNOQZXORAPLEPDLFSLCD_NL63_DELIM-DNOQZXORAPLEPDLFSLCD_DEN_DELIM-DNOQZXORAPLEPDLFSLCD_2010_DELIM-DNOQZXORAPLEPDLFSLCD_36_DELIM-DNOQZXORAPLEPDLFSLCD_2010                                                0.00%    passed    100.00%
  73  nl63_DELIM-DNOQZXORAPLEPDLFSLCD_MK334044_DELIM-DNOQZXORAPLEPDLFSLCD_ChinaGD03_DELIM-DNOQZXORAPLEPDLFSLCD_2018                                                                                                                                        0.00%    passed     99.94%
  74  nl63_DELIM-DNOQZXORAPLEPDLFSLCD_JQ765563_DELIM-DNOQZXORAPLEPDLFSLCD_NL63_DELIM-DNOQZXORAPLEPDLFSLCD_DEN_DELIM-DNOQZXORAPLEPDLFSLCD_2009_DELIM-DNOQZXORAPLEPDLFSLCD_9_DELIM-DNOQZXORAPLEPDLFSLCD_2009                                                 0.00%    passed     99.90%
  75  nl63_DELIM-DNOQZXORAPLEPDLFSLCD_JQ765565_DELIM-DNOQZXORAPLEPDLFSLCD_NL63_DELIM-DNOQZXORAPLEPDLFSLCD_DEN_DELIM-DNOQZXORAPLEPDLFSLCD_2009_DELIM-DNOQZXORAPLEPDLFSLCD_15_DELIM-DNOQZXORAPLEPDLFSLCD_2009                                                0.00%    passed    100.00%
  76  nl63_DELIM-DNOQZXORAPLEPDLFSLCD_JQ765567_DELIM-DNOQZXORAPLEPDLFSLCD_NL63_DELIM-DNOQZXORAPLEPDLFSLCD_DEN_DELIM-DNOQZXORAPLEPDLFSLCD_2009_DELIM-DNOQZXORAPLEPDLFSLCD_20_DELIM-DNOQZXORAPLEPDLFSLCD_2009                                                0.00%    passed     99.92%
  77  nl63_DELIM-DNOQZXORAPLEPDLFSLCD_KU521535_DELIM-DNOQZXORAPLEPDLFSLCD_NL63_DELIM-DNOQZXORAPLEPDLFSLCD_UF_2_DELIM-DNOQZXORAPLEPDLFSLCD_2015_DELIM-DNOQZXORAPLEPDLFSLCD_2015                                                                             0.00%    passed     99.92%
  78  nl63_DELIM-DNOQZXORAPLEPDLFSLCD_KT381875_DELIM-DNOQZXORAPLEPDLFSLCD_NL63_DELIM-DNOQZXORAPLEPDLFSLCD_UF_1_DELIM-DNOQZXORAPLEPDLFSLCD_2015_DELIM-DNOQZXORAPLEPDLFSLCD_2015                                                                             0.00%    passed     99.80%
  79  nl63_DELIM-DNOQZXORAPLEPDLFSLCD_JQ771055_DELIM-DNOQZXORAPLEPDLFSLCD_NL63_DELIM-DNOQZXORAPLEPDLFSLCD_DEN_DELIM-DNOQZXORAPLEPDLFSLCD_2010_DELIM-DNOQZXORAPLEPDLFSLCD_20_DELIM-DNOQZXORAPLEPDLFSLCD_2010                                                0.00%    passed     99.97%
  80  nl63_DELIM-DNOQZXORAPLEPDLFSLCD_JQ771057_DELIM-DNOQZXORAPLEPDLFSLCD_NL63_DELIM-DNOQZXORAPLEPDLFSLCD_DEN_DELIM-DNOQZXORAPLEPDLFSLCD_2010_DELIM-DNOQZXORAPLEPDLFSLCD_28_DELIM-DNOQZXORAPLEPDLFSLCD_2010                                                0.00%    passed     99.97%
  81  nl63_DELIM-DNOQZXORAPLEPDLFSLCD_JQ771058_DELIM-DNOQZXORAPLEPDLFSLCD_NL63_DELIM-DNOQZXORAPLEPDLFSLCD_DEN_DELIM-DNOQZXORAPLEPDLFSLCD_2010_DELIM-DNOQZXORAPLEPDLFSLCD_31_DELIM-DNOQZXORAPLEPDLFSLCD_2010                                                0.00%    passed     99.97%
  82  nl63_DELIM-DNOQZXORAPLEPDLFSLCD_KX179500_DELIM-DNOQZXORAPLEPDLFSLCD_NL63_DELIM-DNOQZXORAPLEPDLFSLCD_UF_2_DELIM-DNOQZXORAPLEPDLFSLCD_2015_DELIM-DNOQZXORAPLEPDLFSLCD_2015                                                                             0.00%    passed     99.97%
  83  nl63_DELIM-DNOQZXORAPLEPDLFSLCD_JQ771059_DELIM-DNOQZXORAPLEPDLFSLCD_NL63_DELIM-DNOQZXORAPLEPDLFSLCD_DEN_DELIM-DNOQZXORAPLEPDLFSLCD_2010_DELIM-DNOQZXORAPLEPDLFSLCD_35_DELIM-DNOQZXORAPLEPDLFSLCD_2010                                                0.00%    passed     99.99%
  84  nl63_DELIM-DNOQZXORAPLEPDLFSLCD_KY983586_DELIM-DNOQZXORAPLEPDLFSLCD_HCoV_NL63_DELIM-DNOQZXORAPLEPDLFSLCD_Seattle_DELIM-DNOQZXORAPLEPDLFSLCD_USA_DELIM-DNOQZXORAPLEPDLFSLCD_SC2940_DELIM-DNOQZXORAPLEPDLFSLCD_2015_DELIM-DNOQZXORAPLEPDLFSLCD_2015    0.00%    passed     99.82%
  85  nl63_DELIM-DNOQZXORAPLEPDLFSLCD_LC488390_DELIM-DNOQZXORAPLEPDLFSLCD_HCoVNL63_DELIM-DNOQZXORAPLEPDLFSLCD_Tokyo_DELIM-DNOQZXORAPLEPDLFSLCD_SGH_15_DELIM-DNOQZXORAPLEPDLFSLCD_2017_DELIM-DNOQZXORAPLEPDLFSLCD_2017                                      0.00%    passed     99.96%
  86  nl63_DELIM-DNOQZXORAPLEPDLFSLCD_MN306018_DELIM-DNOQZXORAPLEPDLFSLCD_HCoV_NL63_DELIM-DNOQZXORAPLEPDLFSLCD_Seattle_DELIM-DNOQZXORAPLEPDLFSLCD_USA_DELIM-DNOQZXORAPLEPDLFSLCD_SC0179_DELIM-DNOQZXORAPLEPDLFSLCD_2018_DELIM-DNOQZXORAPLEPDLFSLCD_2018    0.00%    passed     99.95%
  87  nl63_DELIM-DNOQZXORAPLEPDLFSLCD_MG428707_DELIM-DNOQZXORAPLEPDLFSLCD_Kilifi_HH_5401_20_May_2010_DELIM-DNOQZXORAPLEPDLFSLCD_2010                                                                                                                       0.00%    passed     99.99%
  88  nl63_DELIM-DNOQZXORAPLEPDLFSLCD_MK334045_DELIM-DNOQZXORAPLEPDLFSLCD_ChinaGD05_DELIM-DNOQZXORAPLEPDLFSLCD_2018                                                                                                                                        0.00%    passed     99.92%
  89  nl63_DELIM-DNOQZXORAPLEPDLFSLCD_MG772808_DELIM-DNOQZXORAPLEPDLFSLCD_CN0601_DELIM-DNOQZXORAPLEPDLFSLCD_14_DELIM-DNOQZXORAPLEPDLFSLCD_2014                                                                                                             0.00%    passed     99.97%
  90  nl63_DELIM-DNOQZXORAPLEPDLFSLCD_MF996621_DELIM-DNOQZXORAPLEPDLFSLCD_NL63_DELIM-DNOQZXORAPLEPDLFSLCD_2014                                                                                                                                             0.00%    passed     99.97%
  91  nl63_DELIM-DNOQZXORAPLEPDLFSLCD_MF996622_DELIM-DNOQZXORAPLEPDLFSLCD_NL63_DELIM-DNOQZXORAPLEPDLFSLCD_2014                                                                                                                                             0.00%    passed     99.97%
  92  nl63_DELIM-DNOQZXORAPLEPDLFSLCD_NC_036584_DELIM-DNOQZXORAPLEPDLFSLCD_NL63_DELIM-DNOQZXORAPLEPDLFSLCD_2014                                                                                                                                            0.00%    passed     99.97%
  93  nl63_DELIM-DNOQZXORAPLEPDLFSLCD_MF996623_DELIM-DNOQZXORAPLEPDLFSLCD_NL63_DELIM-DNOQZXORAPLEPDLFSLCD_2014                                                                                                                                             0.00%    passed     99.97%
  94  nl63_DELIM-DNOQZXORAPLEPDLFSLCD_MN026166_DELIM-DNOQZXORAPLEPDLFSLCD_NL63_KLF_01_2018_DELIM-DNOQZXORAPLEPDLFSLCD_2018                                                                                                                                 0.00%    passed     97.89%
  95  nl63_DELIM-DNOQZXORAPLEPDLFSLCD_JQ900258_DELIM-DNOQZXORAPLEPDLFSLCD_NL63_DELIM-DNOQZXORAPLEPDLFSLCD_DEN_DELIM-DNOQZXORAPLEPDLFSLCD_2005_DELIM-DNOQZXORAPLEPDLFSLCD_291_DELIM-DNOQZXORAPLEPDLFSLCD_2005                                              20.56%    passed     69.09%
  96  nl63_DELIM-DNOQZXORAPLEPDLFSLCD_MK334046_DELIM-DNOQZXORAPLEPDLFSLCD_ChinaGD01_DELIM-DNOQZXORAPLEPDLFSLCD_2018                                                                                                                                        0.00%    passed     93.15%
  97  nl63_DELIM-DNOQZXORAPLEPDLFSLCD_LC488389_DELIM-DNOQZXORAPLEPDLFSLCD_HCoVNL63_DELIM-DNOQZXORAPLEPDLFSLCD_Tokyo_DELIM-DNOQZXORAPLEPDLFSLCD_SGH_18_DELIM-DNOQZXORAPLEPDLFSLCD_2018_DELIM-DNOQZXORAPLEPDLFSLCD_2018                                      0.00%    passed     92.90%
  98  nl63_DELIM-DNOQZXORAPLEPDLFSLCD_LC488388_DELIM-DNOQZXORAPLEPDLFSLCD_HCoVNL63_DELIM-DNOQZXORAPLEPDLFSLCD_Tokyo_DELIM-DNOQZXORAPLEPDLFSLCD_SGH_24_DELIM-DNOQZXORAPLEPDLFSLCD_2018_DELIM-DNOQZXORAPLEPDLFSLCD_2018                                      0.00%    passed     92.90%
  99  nl63_DELIM-DNOQZXORAPLEPDLFSLCD_MK334047_DELIM-DNOQZXORAPLEPDLFSLCD_ChinaGD04_DELIM-DNOQZXORAPLEPDLFSLCD_2018                                                                                                                                        0.00%    passed     94.13%
 100  229e_DELIM-DNOQZXORAPLEPDLFSLCD_AF304460_DELIM-DNOQZXORAPLEPDLFSLCD_229e_ref_DELIM-DNOQZXORAPLEPDLFSLCD_Germany_DELIM-DNOQZXORAPLEPDLFSLCD_2000                                                                                                      0.38%    failed      0.07%
****  TOTAL                                                                                                                                                                                                                                                0.21%  1 sequences failed composition chi2 test (p-value<5%; df=3)
NOTE: nl63_DELIM-DNOQZXORAPLEPDLFSLCD_KF530108_DELIM-DNOQZXORAPLEPDLFSLCD_NL63_DELIM-DNOQZXORAPLEPDLFSLCD_human_DELIM-DNOQZXORAPLEPDLFSLCD_USA_DELIM-DNOQZXORAPLEPDLFSLCD_891_6_DELIM-DNOQZXORAPLEPDLFSLCD_1989_DELIM-DNOQZXORAPLEPDLFSLCD_1989 is identical to nl63_DELIM-DNOQZXORAPLEPDLFSLCD_KF530114_DELIM-DNOQZXORAPLEPDLFSLCD_NL63_DELIM-DNOQZXORAPLEPDLFSLCD_human_DELIM-DNOQZXORAPLEPDLFSLCD_USA_DELIM-DNOQZXORAPLEPDLFSLCD_891_4_DELIM-DNOQZXORAPLEPDLFSLCD_1989_DELIM-DNOQZXORAPLEPDLFSLCD_1989 but kept for subsequent analysis
NOTE: nl63_DELIM-DNOQZXORAPLEPDLFSLCD_KY829118_DELIM-DNOQZXORAPLEPDLFSLCD_N07_262B_DELIM-DNOQZXORAPLEPDLFSLCD_2015 is identical to nl63_DELIM-DNOQZXORAPLEPDLFSLCD_KY554969_DELIM-DNOQZXORAPLEPDLFSLCD_N07_196B_DELIM-DNOQZXORAPLEPDLFSLCD_2016 but kept for subsequent analysis
NOTE: nl63_DELIM-DNOQZXORAPLEPDLFSLCD_KX179494_DELIM-DNOQZXORAPLEPDLFSLCD_NL63_DELIM-DNOQZXORAPLEPDLFSLCD_Haiti_2_DELIM-DNOQZXORAPLEPDLFSLCD_2015_DELIM-DNOQZXORAPLEPDLFSLCD_2015 is identical to nl63_DELIM-DNOQZXORAPLEPDLFSLCD_KT266906_DELIM-DNOQZXORAPLEPDLFSLCD_HCoV_NL63_DELIM-DNOQZXORAPLEPDLFSLCD_Haiti_1_DELIM-DNOQZXORAPLEPDLFSLCD_2015_DELIM-DNOQZXORAPLEPDLFSLCD_2015 but kept for subsequent analysis
NOTE: nl63_DELIM-DNOQZXORAPLEPDLFSLCD_KM055635_DELIM-DNOQZXORAPLEPDLFSLCD_1093A_2008_DELIM-DNOQZXORAPLEPDLFSLCD_2008 is identical to nl63_DELIM-DNOQZXORAPLEPDLFSLCD_KM055632_DELIM-DNOQZXORAPLEPDLFSLCD_1014A_2008_DELIM-DNOQZXORAPLEPDLFSLCD_2008 but kept for subsequent analysis
NOTE: nl63_DELIM-DNOQZXORAPLEPDLFSLCD_KY554967_DELIM-DNOQZXORAPLEPDLFSLCD_N06_1144B_DELIM-DNOQZXORAPLEPDLFSLCD_2016 is identical to nl63_DELIM-DNOQZXORAPLEPDLFSLCD_KM055638_DELIM-DNOQZXORAPLEPDLFSLCD_180A_2007_DELIM-DNOQZXORAPLEPDLFSLCD_2007 but kept for subsequent analysis
NOTE: nl63_DELIM-DNOQZXORAPLEPDLFSLCD_KM055641_DELIM-DNOQZXORAPLEPDLFSLCD_236A_2007_DELIM-DNOQZXORAPLEPDLFSLCD_2007 is identical to nl63_DELIM-DNOQZXORAPLEPDLFSLCD_KM055640_DELIM-DNOQZXORAPLEPDLFSLCD_225A_2007_DELIM-DNOQZXORAPLEPDLFSLCD_2007 but kept for subsequent analysis
NOTE: nl63_DELIM-DNOQZXORAPLEPDLFSLCD_KM055645_DELIM-DNOQZXORAPLEPDLFSLCD_909A_2008_DELIM-DNOQZXORAPLEPDLFSLCD_2008 is identical to nl63_DELIM-DNOQZXORAPLEPDLFSLCD_KM055647_DELIM-DNOQZXORAPLEPDLFSLCD_188A_2007_DELIM-DNOQZXORAPLEPDLFSLCD_2007 but kept for subsequent analysis
NOTE: nl63_DELIM-DNOQZXORAPLEPDLFSLCD_KY674916_DELIM-DNOQZXORAPLEPDLFSLCD_N07_64B_DELIM-DNOQZXORAPLEPDLFSLCD_2016 is identical to nl63_DELIM-DNOQZXORAPLEPDLFSLCD_KY554970_DELIM-DNOQZXORAPLEPDLFSLCD_N07_324B_182X_DELIM-DNOQZXORAPLEPDLFSLCD_2016 but kept for subsequent analysis
NOTE: nl63_DELIM-DNOQZXORAPLEPDLFSLCD_KF530112_DELIM-DNOQZXORAPLEPDLFSLCD_NL63_DELIM-DNOQZXORAPLEPDLFSLCD_human_DELIM-DNOQZXORAPLEPDLFSLCD_USA_DELIM-DNOQZXORAPLEPDLFSLCD_0111_25_DELIM-DNOQZXORAPLEPDLFSLCD_2001_DELIM-DNOQZXORAPLEPDLFSLCD_2001 is identical to nl63_DELIM-DNOQZXORAPLEPDLFSLCD_JQ765569_DELIM-DNOQZXORAPLEPDLFSLCD_NL63_DELIM-DNOQZXORAPLEPDLFSLCD_DEN_DELIM-DNOQZXORAPLEPDLFSLCD_2005_DELIM-DNOQZXORAPLEPDLFSLCD_232_DELIM-DNOQZXORAPLEPDLFSLCD_2005 but kept for subsequent analysis
NOTE: nl63_DELIM-DNOQZXORAPLEPDLFSLCD_KU521535_DELIM-DNOQZXORAPLEPDLFSLCD_NL63_DELIM-DNOQZXORAPLEPDLFSLCD_UF_2_DELIM-DNOQZXORAPLEPDLFSLCD_2015_DELIM-DNOQZXORAPLEPDLFSLCD_2015 is identical to nl63_DELIM-DNOQZXORAPLEPDLFSLCD_JQ765567_DELIM-DNOQZXORAPLEPDLFSLCD_NL63_DELIM-DNOQZXORAPLEPDLFSLCD_DEN_DELIM-DNOQZXORAPLEPDLFSLCD_2009_DELIM-DNOQZXORAPLEPDLFSLCD_20_DELIM-DNOQZXORAPLEPDLFSLCD_2009 but kept for subsequent analysis
NOTE: nl63_DELIM-DNOQZXORAPLEPDLFSLCD_JQ771057_DELIM-DNOQZXORAPLEPDLFSLCD_NL63_DELIM-DNOQZXORAPLEPDLFSLCD_DEN_DELIM-DNOQZXORAPLEPDLFSLCD_2010_DELIM-DNOQZXORAPLEPDLFSLCD_28_DELIM-DNOQZXORAPLEPDLFSLCD_2010 is identical to nl63_DELIM-DNOQZXORAPLEPDLFSLCD_JQ771055_DELIM-DNOQZXORAPLEPDLFSLCD_NL63_DELIM-DNOQZXORAPLEPDLFSLCD_DEN_DELIM-DNOQZXORAPLEPDLFSLCD_2010_DELIM-DNOQZXORAPLEPDLFSLCD_20_DELIM-DNOQZXORAPLEPDLFSLCD_2010 but kept for subsequent analysis
NOTE: nl63_DELIM-DNOQZXORAPLEPDLFSLCD_MF996621_DELIM-DNOQZXORAPLEPDLFSLCD_NL63_DELIM-DNOQZXORAPLEPDLFSLCD_2014 is identical to nl63_DELIM-DNOQZXORAPLEPDLFSLCD_MG772808_DELIM-DNOQZXORAPLEPDLFSLCD_CN0601_DELIM-DNOQZXORAPLEPDLFSLCD_14_DELIM-DNOQZXORAPLEPDLFSLCD_2014 but kept for subsequent analysis
NOTE: nl63_DELIM-DNOQZXORAPLEPDLFSLCD_LC488388_DELIM-DNOQZXORAPLEPDLFSLCD_HCoVNL63_DELIM-DNOQZXORAPLEPDLFSLCD_Tokyo_DELIM-DNOQZXORAPLEPDLFSLCD_SGH_24_DELIM-DNOQZXORAPLEPDLFSLCD_2018_DELIM-DNOQZXORAPLEPDLFSLCD_2018 is identical to nl63_DELIM-DNOQZXORAPLEPDLFSLCD_LC488389_DELIM-DNOQZXORAPLEPDLFSLCD_HCoVNL63_DELIM-DNOQZXORAPLEPDLFSLCD_Tokyo_DELIM-DNOQZXORAPLEPDLFSLCD_SGH_18_DELIM-DNOQZXORAPLEPDLFSLCD_2018_DELIM-DNOQZXORAPLEPDLFSLCD_2018 but kept for subsequent analysis
Checking for duplicate sequences: done in 0.000751972 secs using 70.88% CPU
Identifying sites to remove: done in 0.00218105 secs using 74.46% CPU
NOTE: 24 identical sequences (see below) will be ignored for subsequent analysis
NOTE: nl63_DELIM-DNOQZXORAPLEPDLFSLCD_KF530111_DELIM-DNOQZXORAPLEPDLFSLCD_NL63_DELIM-DNOQZXORAPLEPDLFSLCD_human_DELIM-DNOQZXORAPLEPDLFSLCD_USA_DELIM-DNOQZXORAPLEPDLFSLCD_901_24_DELIM-DNOQZXORAPLEPDLFSLCD_1990_DELIM-DNOQZXORAPLEPDLFSLCD_1990 (identical to nl63_DELIM-DNOQZXORAPLEPDLFSLCD_KF530114_DELIM-DNOQZXORAPLEPDLFSLCD_NL63_DELIM-DNOQZXORAPLEPDLFSLCD_human_DELIM-DNOQZXORAPLEPDLFSLCD_USA_DELIM-DNOQZXORAPLEPDLFSLCD_891_4_DELIM-DNOQZXORAPLEPDLFSLCD_1989_DELIM-DNOQZXORAPLEPDLFSLCD_1989) is ignored but added at the end
NOTE: nl63_DELIM-DNOQZXORAPLEPDLFSLCD_KF530104_DELIM-DNOQZXORAPLEPDLFSLCD_NL63_DELIM-DNOQZXORAPLEPDLFSLCD_human_DELIM-DNOQZXORAPLEPDLFSLCD_USA_DELIM-DNOQZXORAPLEPDLFSLCD_904_20_DELIM-DNOQZXORAPLEPDLFSLCD_1990_DELIM-DNOQZXORAPLEPDLFSLCD_1990 (identical to nl63_DELIM-DNOQZXORAPLEPDLFSLCD_KF530114_DELIM-DNOQZXORAPLEPDLFSLCD_NL63_DELIM-DNOQZXORAPLEPDLFSLCD_human_DELIM-DNOQZXORAPLEPDLFSLCD_USA_DELIM-DNOQZXORAPLEPDLFSLCD_891_4_DELIM-DNOQZXORAPLEPDLFSLCD_1989_DELIM-DNOQZXORAPLEPDLFSLCD_1989) is ignored but added at the end
NOTE: nl63_DELIM-DNOQZXORAPLEPDLFSLCD_KY554971_DELIM-DNOQZXORAPLEPDLFSLCD_N07_468B_176X_DELIM-DNOQZXORAPLEPDLFSLCD_2016 (identical to nl63_DELIM-DNOQZXORAPLEPDLFSLCD_KY554969_DELIM-DNOQZXORAPLEPDLFSLCD_N07_196B_DELIM-DNOQZXORAPLEPDLFSLCD_2016) is ignored but added at the end
NOTE: nl63_DELIM-DNOQZXORAPLEPDLFSLCD_KX179495_DELIM-DNOQZXORAPLEPDLFSLCD_NL63_DELIM-DNOQZXORAPLEPDLFSLCD_Haiti_3_DELIM-DNOQZXORAPLEPDLFSLCD_2015_DELIM-DNOQZXORAPLEPDLFSLCD_2015 (identical to nl63_DELIM-DNOQZXORAPLEPDLFSLCD_KT266906_DELIM-DNOQZXORAPLEPDLFSLCD_HCoV_NL63_DELIM-DNOQZXORAPLEPDLFSLCD_Haiti_1_DELIM-DNOQZXORAPLEPDLFSLCD_2015_DELIM-DNOQZXORAPLEPDLFSLCD_2015) is ignored but added at the end
NOTE: nl63_DELIM-DNOQZXORAPLEPDLFSLCD_KX179496_DELIM-DNOQZXORAPLEPDLFSLCD_NL63_DELIM-DNOQZXORAPLEPDLFSLCD_Haiti_4_DELIM-DNOQZXORAPLEPDLFSLCD_2015_DELIM-DNOQZXORAPLEPDLFSLCD_2015 (identical to nl63_DELIM-DNOQZXORAPLEPDLFSLCD_KT266906_DELIM-DNOQZXORAPLEPDLFSLCD_HCoV_NL63_DELIM-DNOQZXORAPLEPDLFSLCD_Haiti_1_DELIM-DNOQZXORAPLEPDLFSLCD_2015_DELIM-DNOQZXORAPLEPDLFSLCD_2015) is ignored but added at the end
NOTE: nl63_DELIM-DNOQZXORAPLEPDLFSLCD_KM055650_DELIM-DNOQZXORAPLEPDLFSLCD_930A_2008_DELIM-DNOQZXORAPLEPDLFSLCD_2008 (identical to nl63_DELIM-DNOQZXORAPLEPDLFSLCD_KM055632_DELIM-DNOQZXORAPLEPDLFSLCD_1014A_2008_DELIM-DNOQZXORAPLEPDLFSLCD_2008) is ignored but added at the end
NOTE: nl63_DELIM-DNOQZXORAPLEPDLFSLCD_KM055637_DELIM-DNOQZXORAPLEPDLFSLCD_945A_2008_DELIM-DNOQZXORAPLEPDLFSLCD_2008 (identical to nl63_DELIM-DNOQZXORAPLEPDLFSLCD_KM055632_DELIM-DNOQZXORAPLEPDLFSLCD_1014A_2008_DELIM-DNOQZXORAPLEPDLFSLCD_2008) is ignored but added at the end
NOTE: nl63_DELIM-DNOQZXORAPLEPDLFSLCD_KM055643_DELIM-DNOQZXORAPLEPDLFSLCD_971A_2008_DELIM-DNOQZXORAPLEPDLFSLCD_2008 (identical to nl63_DELIM-DNOQZXORAPLEPDLFSLCD_KM055632_DELIM-DNOQZXORAPLEPDLFSLCD_1014A_2008_DELIM-DNOQZXORAPLEPDLFSLCD_2008) is ignored but added at the end
NOTE: nl63_DELIM-DNOQZXORAPLEPDLFSLCD_KM055646_DELIM-DNOQZXORAPLEPDLFSLCD_990A_2008_DELIM-DNOQZXORAPLEPDLFSLCD_2008 (identical to nl63_DELIM-DNOQZXORAPLEPDLFSLCD_KM055632_DELIM-DNOQZXORAPLEPDLFSLCD_1014A_2008_DELIM-DNOQZXORAPLEPDLFSLCD_2008) is ignored but added at the end
NOTE: nl63_DELIM-DNOQZXORAPLEPDLFSLCD_KM055649_DELIM-DNOQZXORAPLEPDLFSLCD_996A_2008_DELIM-DNOQZXORAPLEPDLFSLCD_2008 (identical to nl63_DELIM-DNOQZXORAPLEPDLFSLCD_KM055632_DELIM-DNOQZXORAPLEPDLFSLCD_1014A_2008_DELIM-DNOQZXORAPLEPDLFSLCD_2008) is ignored but added at the end
NOTE: nl63_DELIM-DNOQZXORAPLEPDLFSLCD_JX104161_DELIM-DNOQZXORAPLEPDLFSLCD_CBJ_037_DELIM-DNOQZXORAPLEPDLFSLCD_2008 (identical to nl63_DELIM-DNOQZXORAPLEPDLFSLCD_KM055632_DELIM-DNOQZXORAPLEPDLFSLCD_1014A_2008_DELIM-DNOQZXORAPLEPDLFSLCD_2008) is ignored but added at the end
NOTE: nl63_DELIM-DNOQZXORAPLEPDLFSLCD_JX524171_DELIM-DNOQZXORAPLEPDLFSLCD_CBJ123_DELIM-DNOQZXORAPLEPDLFSLCD_2009 (identical to nl63_DELIM-DNOQZXORAPLEPDLFSLCD_KM055632_DELIM-DNOQZXORAPLEPDLFSLCD_1014A_2008_DELIM-DNOQZXORAPLEPDLFSLCD_2008) is ignored but added at the end
NOTE: nl63_DELIM-DNOQZXORAPLEPDLFSLCD_MG428703_DELIM-DNOQZXORAPLEPDLFSLCD_Kilifi_HH_0511_01_Jun_2010_DELIM-DNOQZXORAPLEPDLFSLCD_2010 (identical to nl63_DELIM-DNOQZXORAPLEPDLFSLCD_KM055632_DELIM-DNOQZXORAPLEPDLFSLCD_1014A_2008_DELIM-DNOQZXORAPLEPDLFSLCD_2008) is ignored but added at the end
NOTE: nl63_DELIM-DNOQZXORAPLEPDLFSLCD_MG428701_DELIM-DNOQZXORAPLEPDLFSLCD_Kilifi_HH_0512_04_Jun_2010_DELIM-DNOQZXORAPLEPDLFSLCD_2010 (identical to nl63_DELIM-DNOQZXORAPLEPDLFSLCD_KM055632_DELIM-DNOQZXORAPLEPDLFSLCD_1014A_2008_DELIM-DNOQZXORAPLEPDLFSLCD_2008) is ignored but added at the end
NOTE: nl63_DELIM-DNOQZXORAPLEPDLFSLCD_MG428705_DELIM-DNOQZXORAPLEPDLFSLCD_Kilifi_HH_0522_21_May_2010_DELIM-DNOQZXORAPLEPDLFSLCD_2010 (identical to nl63_DELIM-DNOQZXORAPLEPDLFSLCD_KM055632_DELIM-DNOQZXORAPLEPDLFSLCD_1014A_2008_DELIM-DNOQZXORAPLEPDLFSLCD_2008) is ignored but added at the end
NOTE: nl63_DELIM-DNOQZXORAPLEPDLFSLCD_MG428700_DELIM-DNOQZXORAPLEPDLFSLCD_Kilifi_HH_1602_01_Jun_2010_DELIM-DNOQZXORAPLEPDLFSLCD_2010 (identical to nl63_DELIM-DNOQZXORAPLEPDLFSLCD_KM055632_DELIM-DNOQZXORAPLEPDLFSLCD_1014A_2008_DELIM-DNOQZXORAPLEPDLFSLCD_2008) is ignored but added at the end
NOTE: nl63_DELIM-DNOQZXORAPLEPDLFSLCD_MG428702_DELIM-DNOQZXORAPLEPDLFSLCD_Kilifi_HH_3807_11_May_2010_DELIM-DNOQZXORAPLEPDLFSLCD_2010 (identical to nl63_DELIM-DNOQZXORAPLEPDLFSLCD_KM055632_DELIM-DNOQZXORAPLEPDLFSLCD_1014A_2008_DELIM-DNOQZXORAPLEPDLFSLCD_2008) is ignored but added at the end
NOTE: nl63_DELIM-DNOQZXORAPLEPDLFSLCD_MG428706_DELIM-DNOQZXORAPLEPDLFSLCD_Kilifi_HH_3808_24_May_2010_DELIM-DNOQZXORAPLEPDLFSLCD_2010 (identical to nl63_DELIM-DNOQZXORAPLEPDLFSLCD_KM055632_DELIM-DNOQZXORAPLEPDLFSLCD_1014A_2008_DELIM-DNOQZXORAPLEPDLFSLCD_2008) is ignored but added at the end
NOTE: nl63_DELIM-DNOQZXORAPLEPDLFSLCD_MG428704_DELIM-DNOQZXORAPLEPDLFSLCD_Kilifi_HH_5402_20_May_2010_DELIM-DNOQZXORAPLEPDLFSLCD_2010 (identical to nl63_DELIM-DNOQZXORAPLEPDLFSLCD_KM055632_DELIM-DNOQZXORAPLEPDLFSLCD_1014A_2008_DELIM-DNOQZXORAPLEPDLFSLCD_2008) is ignored but added at the end
NOTE: nl63_DELIM-DNOQZXORAPLEPDLFSLCD_MG428699_DELIM-DNOQZXORAPLEPDLFSLCD_Kilifi_HH_5709_19_May_2010_DELIM-DNOQZXORAPLEPDLFSLCD_2010 (identical to nl63_DELIM-DNOQZXORAPLEPDLFSLCD_KM055632_DELIM-DNOQZXORAPLEPDLFSLCD_1014A_2008_DELIM-DNOQZXORAPLEPDLFSLCD_2008) is ignored but added at the end
NOTE: nl63_DELIM-DNOQZXORAPLEPDLFSLCD_KY674915_DELIM-DNOQZXORAPLEPDLFSLCD_N07_6B_DELIM-DNOQZXORAPLEPDLFSLCD_2016 (identical to nl63_DELIM-DNOQZXORAPLEPDLFSLCD_KM055638_DELIM-DNOQZXORAPLEPDLFSLCD_180A_2007_DELIM-DNOQZXORAPLEPDLFSLCD_2007) is ignored but added at the end
NOTE: nl63_DELIM-DNOQZXORAPLEPDLFSLCD_JQ771058_DELIM-DNOQZXORAPLEPDLFSLCD_NL63_DELIM-DNOQZXORAPLEPDLFSLCD_DEN_DELIM-DNOQZXORAPLEPDLFSLCD_2010_DELIM-DNOQZXORAPLEPDLFSLCD_31_DELIM-DNOQZXORAPLEPDLFSLCD_2010 (identical to nl63_DELIM-DNOQZXORAPLEPDLFSLCD_JQ771055_DELIM-DNOQZXORAPLEPDLFSLCD_NL63_DELIM-DNOQZXORAPLEPDLFSLCD_DEN_DELIM-DNOQZXORAPLEPDLFSLCD_2010_DELIM-DNOQZXORAPLEPDLFSLCD_20_DELIM-DNOQZXORAPLEPDLFSLCD_2010) is ignored but added at the end
NOTE: nl63_DELIM-DNOQZXORAPLEPDLFSLCD_MF996622_DELIM-DNOQZXORAPLEPDLFSLCD_NL63_DELIM-DNOQZXORAPLEPDLFSLCD_2014 (identical to nl63_DELIM-DNOQZXORAPLEPDLFSLCD_MG772808_DELIM-DNOQZXORAPLEPDLFSLCD_CN0601_DELIM-DNOQZXORAPLEPDLFSLCD_14_DELIM-DNOQZXORAPLEPDLFSLCD_2014) is ignored but added at the end
NOTE: nl63_DELIM-DNOQZXORAPLEPDLFSLCD_NC_036584_DELIM-DNOQZXORAPLEPDLFSLCD_NL63_DELIM-DNOQZXORAPLEPDLFSLCD_2014 (identical to nl63_DELIM-DNOQZXORAPLEPDLFSLCD_MG772808_DELIM-DNOQZXORAPLEPDLFSLCD_CN0601_DELIM-DNOQZXORAPLEPDLFSLCD_14_DELIM-DNOQZXORAPLEPDLFSLCD_2014) is ignored but added at the end
Alignment was printed to results/aligned_nl63_s2-delim.fasta.uniqueseq.phy

For your convenience alignment with unique sequences printed to results/aligned_nl63_s2-delim.fasta.uniqueseq.phy

Create initial parsimony tree by phylogenetic likelihood library (PLL)... 0.001 seconds

NOTE: 0 MB RAM (0 GB) is required!
Estimate model parameters (epsilon = 0.500)
1. Initial log-likelihood: -8984.364
2. Current log-likelihood: -8375.760
3. Current log-likelihood: -8354.749
Optimal log-likelihood: -8354.571
Rate parameters:  A-C: 1.03522  A-G: 3.47481  A-T: 0.76991  C-G: 0.35636  C-T: 8.56773  G-T: 1.00000
Base frequencies:  A: 0.265  C: 0.173  G: 0.191  T: 0.371
Parameters optimization took 3 rounds (0.076 sec)
Wrote distance file to... 
Computing ML distances based on estimated model parameters...
Calculating distance matrix: done in 0.00702 secs using 92.76% CPU
Computing ML distances took 0.007436 sec (of wall-clock time) 0.006600 sec (of CPU time)
Setting up auxiliary I and S matrices: done in 0.000227928 secs using 166.7% CPU
Constructing RapidNJ tree: done in 0.000618935 secs using 181% CPU
Computing RapidNJ tree took 0.000950 sec (of wall-clock time) 0.001615 sec (of CPU time)
Log-likelihood of RapidNJ tree: -5577.404
--------------------------------------------------------------------
|             INITIALIZING CANDIDATE TREE SET                      |
--------------------------------------------------------------------

Do NNI search on 2 best initial trees
Optimizing NNI: done in 0.0238249 secs using 166.4% CPU
Estimate model parameters (epsilon = 0.500)
BETTER TREE FOUND at iteration 1: -5530.816
Optimizing NNI: done in 0.131816 secs using 173.6% CPU
Finish initializing candidate tree set (4)
Current best tree score: -5530.816 / CPU time: 0.195
Number of iterations: 2
TREE SEARCH COMPLETED AFTER 2 ITERATIONS / Time: 0h:0m:0s

--------------------------------------------------------------------
|                    FINALIZING TREE SEARCH                        |
--------------------------------------------------------------------
Performs final model parameters optimization
Estimate model parameters (epsilon = 0.050)
1. Initial log-likelihood: -5530.816
Optimal log-likelihood: -5530.816
Rate parameters:  A-C: 1.18591  A-G: 2.79653  A-T: 1.13478  C-G: 0.71623  C-T: 5.34529  G-T: 1.00000
Base frequencies:  A: 0.265  C: 0.173  G: 0.191  T: 0.371
Parameters optimization took 1 rounds (0.005 sec)
BEST SCORE FOUND : -5530.816
Total tree length: 0.499

Total number of iterations: 2
CPU time used for tree search: 0.325 sec (0h:0m:0s)
Wall-clock time used for tree search: 0.196 sec (0h:0m:0s)
Total CPU time used: 0.431 sec (0h:0m:0s)
Total wall-clock time used: 0.308 sec (0h:0m:0s)

Analysis results written to: 
  IQ-TREE report:                results/aligned_nl63_s2-delim.fasta.iqtree
  Maximum-likelihood tree:       results/aligned_nl63_s2-delim.fasta.treefile
  Likelihood distances:          results/aligned_nl63_s2-delim.fasta.mldist
  Screen log file:               results/aligned_nl63_s2-delim.fasta.log

Date and Time: Fri May 13 12:36:15 2022
