IQ-TREE multicore version 2.2.0-beta COVID-edition for Mac OS X 64-bit built Mar  3 2022 built Mar  3 2022
Developed by Bui Quang Minh, James Barbetti, Nguyen Lam Tung,
Olga Chernomor, Heiko Schmidt, Dominik Schrempf, Michael Woodhams, Ly Trong Nhan.

Host:    macbook-pro-2.fhcrc.org (SSE4.2, 8 GB RAM)
Command: iqtree2 -nt 1 -s results/aligned_nl63_rdrp-delim.fasta -m GTR -ninit 2 -n 2 -me 0.05
Seed:    601205 (Using SPRNG - Scalable Parallel Random Number Generator)
Time:    Fri May 13 13:03:10 2022
Kernel:  SSE2 - 1 threads (8 CPU cores detected)

HINT: Use -nt option to specify number of threads because your CPU has 8 cores!
HINT: -nt AUTO will automatically determine the best number of threads to use.

Reading alignment file results/aligned_nl63_rdrp-delim.fasta ... Fasta format detected
Reading fasta file: done in 0.00541806 secs using 90.31% CPU
Alignment most likely contains DNA/RNA sequences
Constructing alignment: done in 0.00255704 secs using 80.68% CPU
Alignment has 109 sequences with 2781 columns, 240 distinct patterns
83 parsimony-informative, 670 singleton sites, 2028 constant sites
                                                                                                                                                                                                                                                   Gap/Ambiguity  Composition  p-value
Analyzing sequences: done in 3.91006e-05 secs using 92.07% CPU
   1  nl63_DELIM-RTNQRMFYIVBDVGRFDKQJ_JX504050_DELIM-RTNQRMFYIVBDVGRFDKQJ_NL63_DELIM-RTNQRMFYIVBDVGRFDKQJ_RPTEC_DELIM-RTNQRMFYIVBDVGRFDKQJ_2004_DELIM-RTNQRMFYIVBDVGRFDKQJ_2004                                                                            0.00%    passed     99.97%
   2  nl63_DELIM-RTNQRMFYIVBDVGRFDKQJ_KM055627_DELIM-RTNQRMFYIVBDVGRFDKQJ_1014A_2008_DELIM-RTNQRMFYIVBDVGRFDKQJ_2008                                                                                                                                       0.00%    passed    100.00%
   3  nl63_DELIM-RTNQRMFYIVBDVGRFDKQJ_KM055628_DELIM-RTNQRMFYIVBDVGRFDKQJ_1023A_2008_DELIM-RTNQRMFYIVBDVGRFDKQJ_2008                                                                                                                                       0.00%    passed    100.00%
   4  nl63_DELIM-RTNQRMFYIVBDVGRFDKQJ_KM055631_DELIM-RTNQRMFYIVBDVGRFDKQJ_2093A_2010_DELIM-RTNQRMFYIVBDVGRFDKQJ_2010                                                                                                                                       0.00%    passed    100.00%
   5  nl63_DELIM-RTNQRMFYIVBDVGRFDKQJ_KM055620_DELIM-RTNQRMFYIVBDVGRFDKQJ_930A_2008_DELIM-RTNQRMFYIVBDVGRFDKQJ_2008                                                                                                                                        0.00%    passed    100.00%
   6  nl63_DELIM-RTNQRMFYIVBDVGRFDKQJ_KM055621_DELIM-RTNQRMFYIVBDVGRFDKQJ_940A_2008_DELIM-RTNQRMFYIVBDVGRFDKQJ_2008                                                                                                                                        0.00%    passed    100.00%
   7  nl63_DELIM-RTNQRMFYIVBDVGRFDKQJ_KM055622_DELIM-RTNQRMFYIVBDVGRFDKQJ_945A_2008_DELIM-RTNQRMFYIVBDVGRFDKQJ_2008                                                                                                                                        0.00%    passed    100.00%
   8  nl63_DELIM-RTNQRMFYIVBDVGRFDKQJ_KM055624_DELIM-RTNQRMFYIVBDVGRFDKQJ_971A_2008_DELIM-RTNQRMFYIVBDVGRFDKQJ_2008                                                                                                                                        0.00%    passed    100.00%
   9  nl63_DELIM-RTNQRMFYIVBDVGRFDKQJ_KM055625_DELIM-RTNQRMFYIVBDVGRFDKQJ_990A_2008_DELIM-RTNQRMFYIVBDVGRFDKQJ_2008                                                                                                                                        0.00%    passed    100.00%
  10  nl63_DELIM-RTNQRMFYIVBDVGRFDKQJ_KM055626_DELIM-RTNQRMFYIVBDVGRFDKQJ_996A_2008_DELIM-RTNQRMFYIVBDVGRFDKQJ_2008                                                                                                                                        0.00%    passed    100.00%
  11  nl63_DELIM-RTNQRMFYIVBDVGRFDKQJ_JX104161_DELIM-RTNQRMFYIVBDVGRFDKQJ_CBJ_037_DELIM-RTNQRMFYIVBDVGRFDKQJ_2008                                                                                                                                          0.00%    passed    100.00%
  12  nl63_DELIM-RTNQRMFYIVBDVGRFDKQJ_MG428703_DELIM-RTNQRMFYIVBDVGRFDKQJ_Kilifi_HH_0511_01_Jun_2010_DELIM-RTNQRMFYIVBDVGRFDKQJ_2010                                                                                                                       0.00%    passed    100.00%
  13  nl63_DELIM-RTNQRMFYIVBDVGRFDKQJ_MG428701_DELIM-RTNQRMFYIVBDVGRFDKQJ_Kilifi_HH_0512_04_Jun_2010_DELIM-RTNQRMFYIVBDVGRFDKQJ_2010                                                                                                                       0.00%    passed    100.00%
  14  nl63_DELIM-RTNQRMFYIVBDVGRFDKQJ_MG428705_DELIM-RTNQRMFYIVBDVGRFDKQJ_Kilifi_HH_0522_21_May_2010_DELIM-RTNQRMFYIVBDVGRFDKQJ_2010                                                                                                                       0.00%    passed    100.00%
  15  nl63_DELIM-RTNQRMFYIVBDVGRFDKQJ_MG428700_DELIM-RTNQRMFYIVBDVGRFDKQJ_Kilifi_HH_1602_01_Jun_2010_DELIM-RTNQRMFYIVBDVGRFDKQJ_2010                                                                                                                       0.00%    passed    100.00%
  16  nl63_DELIM-RTNQRMFYIVBDVGRFDKQJ_MG428706_DELIM-RTNQRMFYIVBDVGRFDKQJ_Kilifi_HH_3808_24_May_2010_DELIM-RTNQRMFYIVBDVGRFDKQJ_2010                                                                                                                       0.00%    passed    100.00%
  17  nl63_DELIM-RTNQRMFYIVBDVGRFDKQJ_MG428704_DELIM-RTNQRMFYIVBDVGRFDKQJ_Kilifi_HH_5402_20_May_2010_DELIM-RTNQRMFYIVBDVGRFDKQJ_2010                                                                                                                       0.00%    passed    100.00%
  18  nl63_DELIM-RTNQRMFYIVBDVGRFDKQJ_JQ900257_DELIM-RTNQRMFYIVBDVGRFDKQJ_NL63_DELIM-RTNQRMFYIVBDVGRFDKQJ_DEN_DELIM-RTNQRMFYIVBDVGRFDKQJ_2009_DELIM-RTNQRMFYIVBDVGRFDKQJ_31_DELIM-RTNQRMFYIVBDVGRFDKQJ_2009                                                0.00%    passed    100.00%
  19  nl63_DELIM-RTNQRMFYIVBDVGRFDKQJ_KM055629_DELIM-RTNQRMFYIVBDVGRFDKQJ_1093A_2008_DELIM-RTNQRMFYIVBDVGRFDKQJ_2008                                                                                                                                       0.00%    passed     99.97%
  20  nl63_DELIM-RTNQRMFYIVBDVGRFDKQJ_KY862023_DELIM-RTNQRMFYIVBDVGRFDKQJ_NL63_DELIM-RTNQRMFYIVBDVGRFDKQJ_FRA_EPI_DELIM-RTNQRMFYIVBDVGRFDKQJ_Caen_DELIM-RTNQRMFYIVBDVGRFDKQJ_2011_DELIM-RTNQRMFYIVBDVGRFDKQJ_12_DELIM-RTNQRMFYIVBDVGRFDKQJ_2011            0.00%    passed     99.97%
  21  nl63_DELIM-RTNQRMFYIVBDVGRFDKQJ_JX524171_DELIM-RTNQRMFYIVBDVGRFDKQJ_CBJ123_DELIM-RTNQRMFYIVBDVGRFDKQJ_2009                                                                                                                                           0.00%    passed    100.00%
  22  nl63_DELIM-RTNQRMFYIVBDVGRFDKQJ_KT266906_DELIM-RTNQRMFYIVBDVGRFDKQJ_HCoV_NL63_DELIM-RTNQRMFYIVBDVGRFDKQJ_Haiti_1_DELIM-RTNQRMFYIVBDVGRFDKQJ_2015_DELIM-RTNQRMFYIVBDVGRFDKQJ_2015                                                                     0.00%    passed     99.97%
  23  nl63_DELIM-RTNQRMFYIVBDVGRFDKQJ_MG428702_DELIM-RTNQRMFYIVBDVGRFDKQJ_Kilifi_HH_3807_11_May_2010_DELIM-RTNQRMFYIVBDVGRFDKQJ_2010                                                                                                                       0.00%    passed     99.98%
  24  nl63_DELIM-RTNQRMFYIVBDVGRFDKQJ_MG428699_DELIM-RTNQRMFYIVBDVGRFDKQJ_Kilifi_HH_5709_19_May_2010_DELIM-RTNQRMFYIVBDVGRFDKQJ_2010                                                                                                                       0.00%    passed     99.97%
  25  nl63_DELIM-RTNQRMFYIVBDVGRFDKQJ_KY862019_DELIM-RTNQRMFYIVBDVGRFDKQJ_NL63_DELIM-RTNQRMFYIVBDVGRFDKQJ_FRA_EPI_DELIM-RTNQRMFYIVBDVGRFDKQJ_Caen_DELIM-RTNQRMFYIVBDVGRFDKQJ_2013_DELIM-RTNQRMFYIVBDVGRFDKQJ_16_DELIM-RTNQRMFYIVBDVGRFDKQJ_2013            0.00%    passed     99.89%
  26  nl63_DELIM-RTNQRMFYIVBDVGRFDKQJ_KY862020_DELIM-RTNQRMFYIVBDVGRFDKQJ_NL63_DELIM-RTNQRMFYIVBDVGRFDKQJ_FRA_EPI_DELIM-RTNQRMFYIVBDVGRFDKQJ_Caen_DELIM-RTNQRMFYIVBDVGRFDKQJ_2013_DELIM-RTNQRMFYIVBDVGRFDKQJ_15_DELIM-RTNQRMFYIVBDVGRFDKQJ_2013            0.00%    passed     99.97%
  27  nl63_DELIM-RTNQRMFYIVBDVGRFDKQJ_KY862018_DELIM-RTNQRMFYIVBDVGRFDKQJ_NL63_DELIM-RTNQRMFYIVBDVGRFDKQJ_FRA_EPI_DELIM-RTNQRMFYIVBDVGRFDKQJ_Caen_DELIM-RTNQRMFYIVBDVGRFDKQJ_2014_DELIM-RTNQRMFYIVBDVGRFDKQJ_17_DELIM-RTNQRMFYIVBDVGRFDKQJ_2014            0.00%    passed     99.89%
  28  nl63_DELIM-RTNQRMFYIVBDVGRFDKQJ_KY862017_DELIM-RTNQRMFYIVBDVGRFDKQJ_NL63_DELIM-RTNQRMFYIVBDVGRFDKQJ_FRA_EPI_DELIM-RTNQRMFYIVBDVGRFDKQJ_Caen_DELIM-RTNQRMFYIVBDVGRFDKQJ_2014_DELIM-RTNQRMFYIVBDVGRFDKQJ_18_DELIM-RTNQRMFYIVBDVGRFDKQJ_2014            0.00%    passed     99.71%
  29  nl63_DELIM-RTNQRMFYIVBDVGRFDKQJ_MN306040_DELIM-RTNQRMFYIVBDVGRFDKQJ_HCoV_NL63_DELIM-RTNQRMFYIVBDVGRFDKQJ_Seattle_DELIM-RTNQRMFYIVBDVGRFDKQJ_USA_DELIM-RTNQRMFYIVBDVGRFDKQJ_SC0768_DELIM-RTNQRMFYIVBDVGRFDKQJ_2019_DELIM-RTNQRMFYIVBDVGRFDKQJ_2019    0.54%    passed     99.97%
  30  nl63_DELIM-RTNQRMFYIVBDVGRFDKQJ_KY862016_DELIM-RTNQRMFYIVBDVGRFDKQJ_NL63_DELIM-RTNQRMFYIVBDVGRFDKQJ_FRA_EPI_DELIM-RTNQRMFYIVBDVGRFDKQJ_Caen_DELIM-RTNQRMFYIVBDVGRFDKQJ_2015_DELIM-RTNQRMFYIVBDVGRFDKQJ_19_DELIM-RTNQRMFYIVBDVGRFDKQJ_2015            0.00%    passed     99.72%
  31  nl63_DELIM-RTNQRMFYIVBDVGRFDKQJ_MN306018_DELIM-RTNQRMFYIVBDVGRFDKQJ_HCoV_NL63_DELIM-RTNQRMFYIVBDVGRFDKQJ_Seattle_DELIM-RTNQRMFYIVBDVGRFDKQJ_USA_DELIM-RTNQRMFYIVBDVGRFDKQJ_SC0179_DELIM-RTNQRMFYIVBDVGRFDKQJ_2018_DELIM-RTNQRMFYIVBDVGRFDKQJ_2018    0.04%    passed     99.91%
  32  nl63_DELIM-RTNQRMFYIVBDVGRFDKQJ_KM055630_DELIM-RTNQRMFYIVBDVGRFDKQJ_GS05_2009_DELIM-RTNQRMFYIVBDVGRFDKQJ_2009                                                                                                                                        0.00%    passed    100.00%
  33  nl63_DELIM-RTNQRMFYIVBDVGRFDKQJ_JQ765570_DELIM-RTNQRMFYIVBDVGRFDKQJ_NL63_DELIM-RTNQRMFYIVBDVGRFDKQJ_DEN_DELIM-RTNQRMFYIVBDVGRFDKQJ_2005_DELIM-RTNQRMFYIVBDVGRFDKQJ_235_DELIM-RTNQRMFYIVBDVGRFDKQJ_2005                                               0.00%    passed    100.00%
  34  nl63_DELIM-RTNQRMFYIVBDVGRFDKQJ_KF530112_DELIM-RTNQRMFYIVBDVGRFDKQJ_NL63_DELIM-RTNQRMFYIVBDVGRFDKQJ_human_DELIM-RTNQRMFYIVBDVGRFDKQJ_USA_DELIM-RTNQRMFYIVBDVGRFDKQJ_0111_25_DELIM-RTNQRMFYIVBDVGRFDKQJ_2001_DELIM-RTNQRMFYIVBDVGRFDKQJ_2001          0.00%    passed    100.00%
  35  nl63_DELIM-RTNQRMFYIVBDVGRFDKQJ_KY862031_DELIM-RTNQRMFYIVBDVGRFDKQJ_NL63_DELIM-RTNQRMFYIVBDVGRFDKQJ_FRA_EPI_DELIM-RTNQRMFYIVBDVGRFDKQJ_Caen_DELIM-RTNQRMFYIVBDVGRFDKQJ_2005_DELIM-RTNQRMFYIVBDVGRFDKQJ_04_DELIM-RTNQRMFYIVBDVGRFDKQJ_2005            0.00%    passed    100.00%
  36  nl63_DELIM-RTNQRMFYIVBDVGRFDKQJ_KY862028_DELIM-RTNQRMFYIVBDVGRFDKQJ_NL63_DELIM-RTNQRMFYIVBDVGRFDKQJ_FRA_EPI_DELIM-RTNQRMFYIVBDVGRFDKQJ_Caen_DELIM-RTNQRMFYIVBDVGRFDKQJ_2009_DELIM-RTNQRMFYIVBDVGRFDKQJ_07_DELIM-RTNQRMFYIVBDVGRFDKQJ_2009            0.00%    passed    100.00%
  37  nl63_DELIM-RTNQRMFYIVBDVGRFDKQJ_KY862026_DELIM-RTNQRMFYIVBDVGRFDKQJ_NL63_DELIM-RTNQRMFYIVBDVGRFDKQJ_FRA_EPI_DELIM-RTNQRMFYIVBDVGRFDKQJ_Caen_DELIM-RTNQRMFYIVBDVGRFDKQJ_2010_DELIM-RTNQRMFYIVBDVGRFDKQJ_09_DELIM-RTNQRMFYIVBDVGRFDKQJ_2010            0.00%    passed    100.00%
  38  nl63_DELIM-RTNQRMFYIVBDVGRFDKQJ_KY862025_DELIM-RTNQRMFYIVBDVGRFDKQJ_NL63_DELIM-RTNQRMFYIVBDVGRFDKQJ_FRA_EPI_DELIM-RTNQRMFYIVBDVGRFDKQJ_Caen_DELIM-RTNQRMFYIVBDVGRFDKQJ_2010_DELIM-RTNQRMFYIVBDVGRFDKQJ_10_DELIM-RTNQRMFYIVBDVGRFDKQJ_2010            0.00%    passed     99.97%
  39  nl63_DELIM-RTNQRMFYIVBDVGRFDKQJ_KY862024_DELIM-RTNQRMFYIVBDVGRFDKQJ_NL63_DELIM-RTNQRMFYIVBDVGRFDKQJ_FRA_EPI_DELIM-RTNQRMFYIVBDVGRFDKQJ_Caen_DELIM-RTNQRMFYIVBDVGRFDKQJ_2011_DELIM-RTNQRMFYIVBDVGRFDKQJ_11_DELIM-RTNQRMFYIVBDVGRFDKQJ_2011            0.00%    passed     99.97%
  40  nl63_DELIM-RTNQRMFYIVBDVGRFDKQJ_JQ765573_DELIM-RTNQRMFYIVBDVGRFDKQJ_NL63_DELIM-RTNQRMFYIVBDVGRFDKQJ_DEN_DELIM-RTNQRMFYIVBDVGRFDKQJ_2005_DELIM-RTNQRMFYIVBDVGRFDKQJ_1062_DELIM-RTNQRMFYIVBDVGRFDKQJ_2005                                              0.00%    passed    100.00%
  41  nl63_DELIM-RTNQRMFYIVBDVGRFDKQJ_KY862032_DELIM-RTNQRMFYIVBDVGRFDKQJ_NL63_DELIM-RTNQRMFYIVBDVGRFDKQJ_FRA_EPI_DELIM-RTNQRMFYIVBDVGRFDKQJ_Caen_DELIM-RTNQRMFYIVBDVGRFDKQJ_2005_DELIM-RTNQRMFYIVBDVGRFDKQJ_03_DELIM-RTNQRMFYIVBDVGRFDKQJ_2005            0.00%    passed    100.00%
  42  nl63_DELIM-RTNQRMFYIVBDVGRFDKQJ_JQ765568_DELIM-RTNQRMFYIVBDVGRFDKQJ_NL63_DELIM-RTNQRMFYIVBDVGRFDKQJ_DEN_DELIM-RTNQRMFYIVBDVGRFDKQJ_2005_DELIM-RTNQRMFYIVBDVGRFDKQJ_193_DELIM-RTNQRMFYIVBDVGRFDKQJ_2005                                               0.00%    passed     99.99%
  43  nl63_DELIM-RTNQRMFYIVBDVGRFDKQJ_JQ765575_DELIM-RTNQRMFYIVBDVGRFDKQJ_NL63_DELIM-RTNQRMFYIVBDVGRFDKQJ_DEN_DELIM-RTNQRMFYIVBDVGRFDKQJ_2005_DELIM-RTNQRMFYIVBDVGRFDKQJ_1876_DELIM-RTNQRMFYIVBDVGRFDKQJ_2005                                              0.00%    passed    100.00%
  44  nl63_DELIM-RTNQRMFYIVBDVGRFDKQJ_JQ765571_DELIM-RTNQRMFYIVBDVGRFDKQJ_NL63_DELIM-RTNQRMFYIVBDVGRFDKQJ_DEN_DELIM-RTNQRMFYIVBDVGRFDKQJ_2005_DELIM-RTNQRMFYIVBDVGRFDKQJ_271_DELIM-RTNQRMFYIVBDVGRFDKQJ_2005                                               0.00%    passed    100.00%
  45  nl63_DELIM-RTNQRMFYIVBDVGRFDKQJ_JQ765572_DELIM-RTNQRMFYIVBDVGRFDKQJ_NL63_DELIM-RTNQRMFYIVBDVGRFDKQJ_DEN_DELIM-RTNQRMFYIVBDVGRFDKQJ_2005_DELIM-RTNQRMFYIVBDVGRFDKQJ_347_DELIM-RTNQRMFYIVBDVGRFDKQJ_2005                                               0.00%    passed    100.00%
  46  nl63_DELIM-RTNQRMFYIVBDVGRFDKQJ_JQ900259_DELIM-RTNQRMFYIVBDVGRFDKQJ_NL63_DELIM-RTNQRMFYIVBDVGRFDKQJ_DEN_DELIM-RTNQRMFYIVBDVGRFDKQJ_2005_DELIM-RTNQRMFYIVBDVGRFDKQJ_449_DELIM-RTNQRMFYIVBDVGRFDKQJ_2005                                               0.18%    passed     99.99%
  47  nl63_DELIM-RTNQRMFYIVBDVGRFDKQJ_JQ765569_DELIM-RTNQRMFYIVBDVGRFDKQJ_NL63_DELIM-RTNQRMFYIVBDVGRFDKQJ_DEN_DELIM-RTNQRMFYIVBDVGRFDKQJ_2005_DELIM-RTNQRMFYIVBDVGRFDKQJ_232_DELIM-RTNQRMFYIVBDVGRFDKQJ_2005                                               0.00%    passed     99.89%
  48  nl63_DELIM-RTNQRMFYIVBDVGRFDKQJ_JQ900258_DELIM-RTNQRMFYIVBDVGRFDKQJ_NL63_DELIM-RTNQRMFYIVBDVGRFDKQJ_DEN_DELIM-RTNQRMFYIVBDVGRFDKQJ_2005_DELIM-RTNQRMFYIVBDVGRFDKQJ_291_DELIM-RTNQRMFYIVBDVGRFDKQJ_2005                                              15.64%    passed     94.26%
  49  nl63_DELIM-RTNQRMFYIVBDVGRFDKQJ_JQ765565_DELIM-RTNQRMFYIVBDVGRFDKQJ_NL63_DELIM-RTNQRMFYIVBDVGRFDKQJ_DEN_DELIM-RTNQRMFYIVBDVGRFDKQJ_2009_DELIM-RTNQRMFYIVBDVGRFDKQJ_15_DELIM-RTNQRMFYIVBDVGRFDKQJ_2009                                                0.00%    passed     99.89%
  50  nl63_DELIM-RTNQRMFYIVBDVGRFDKQJ_JQ900256_DELIM-RTNQRMFYIVBDVGRFDKQJ_NL63_DELIM-RTNQRMFYIVBDVGRFDKQJ_DEN_DELIM-RTNQRMFYIVBDVGRFDKQJ_2009_DELIM-RTNQRMFYIVBDVGRFDKQJ_22_DELIM-RTNQRMFYIVBDVGRFDKQJ_2009                                                6.22%    passed     98.84%
  51  nl63_DELIM-RTNQRMFYIVBDVGRFDKQJ_JQ900260_DELIM-RTNQRMFYIVBDVGRFDKQJ_NL63_DELIM-RTNQRMFYIVBDVGRFDKQJ_DEN_DELIM-RTNQRMFYIVBDVGRFDKQJ_2005_DELIM-RTNQRMFYIVBDVGRFDKQJ_1120_DELIM-RTNQRMFYIVBDVGRFDKQJ_2005                                              6.58%    passed     99.86%
  52  nl63_DELIM-RTNQRMFYIVBDVGRFDKQJ_JQ765564_DELIM-RTNQRMFYIVBDVGRFDKQJ_NL63_DELIM-RTNQRMFYIVBDVGRFDKQJ_DEN_DELIM-RTNQRMFYIVBDVGRFDKQJ_2009_DELIM-RTNQRMFYIVBDVGRFDKQJ_14_DELIM-RTNQRMFYIVBDVGRFDKQJ_2009                                                0.00%    passed    100.00%
  53  nl63_DELIM-RTNQRMFYIVBDVGRFDKQJ_JQ765563_DELIM-RTNQRMFYIVBDVGRFDKQJ_NL63_DELIM-RTNQRMFYIVBDVGRFDKQJ_DEN_DELIM-RTNQRMFYIVBDVGRFDKQJ_2009_DELIM-RTNQRMFYIVBDVGRFDKQJ_9_DELIM-RTNQRMFYIVBDVGRFDKQJ_2009                                                 0.00%    passed     99.99%
  54  nl63_DELIM-RTNQRMFYIVBDVGRFDKQJ_KY862027_DELIM-RTNQRMFYIVBDVGRFDKQJ_NL63_DELIM-RTNQRMFYIVBDVGRFDKQJ_FRA_EPI_DELIM-RTNQRMFYIVBDVGRFDKQJ_Caen_DELIM-RTNQRMFYIVBDVGRFDKQJ_2009_DELIM-RTNQRMFYIVBDVGRFDKQJ_08_DELIM-RTNQRMFYIVBDVGRFDKQJ_2009            0.00%    passed     99.96%
  55  nl63_DELIM-RTNQRMFYIVBDVGRFDKQJ_KY862030_DELIM-RTNQRMFYIVBDVGRFDKQJ_NL63_DELIM-RTNQRMFYIVBDVGRFDKQJ_FRA_EPI_DELIM-RTNQRMFYIVBDVGRFDKQJ_Caen_DELIM-RTNQRMFYIVBDVGRFDKQJ_2008_DELIM-RTNQRMFYIVBDVGRFDKQJ_05_DELIM-RTNQRMFYIVBDVGRFDKQJ_2008            0.00%    passed     99.43%
  56  nl63_DELIM-RTNQRMFYIVBDVGRFDKQJ_KM055612_DELIM-RTNQRMFYIVBDVGRFDKQJ_180A_2007_DELIM-RTNQRMFYIVBDVGRFDKQJ_2007                                                                                                                                        0.00%    passed     99.98%
  57  nl63_DELIM-RTNQRMFYIVBDVGRFDKQJ_KM055623_DELIM-RTNQRMFYIVBDVGRFDKQJ_954A_2008_DELIM-RTNQRMFYIVBDVGRFDKQJ_2008                                                                                                                                        0.00%    passed     99.98%
  58  nl63_DELIM-RTNQRMFYIVBDVGRFDKQJ_KM055614_DELIM-RTNQRMFYIVBDVGRFDKQJ_197A_2007_DELIM-RTNQRMFYIVBDVGRFDKQJ_2007                                                                                                                                        0.00%    passed    100.00%
  59  nl63_DELIM-RTNQRMFYIVBDVGRFDKQJ_KM055615_DELIM-RTNQRMFYIVBDVGRFDKQJ_225A_2007_DELIM-RTNQRMFYIVBDVGRFDKQJ_2007                                                                                                                                        0.00%    passed    100.00%
  60  nl63_DELIM-RTNQRMFYIVBDVGRFDKQJ_KM055618_DELIM-RTNQRMFYIVBDVGRFDKQJ_374A_2007_DELIM-RTNQRMFYIVBDVGRFDKQJ_2007                                                                                                                                        0.00%    passed    100.00%
  61  nl63_DELIM-RTNQRMFYIVBDVGRFDKQJ_JQ765566_DELIM-RTNQRMFYIVBDVGRFDKQJ_NL63_DELIM-RTNQRMFYIVBDVGRFDKQJ_DEN_DELIM-RTNQRMFYIVBDVGRFDKQJ_2008_DELIM-RTNQRMFYIVBDVGRFDKQJ_16_DELIM-RTNQRMFYIVBDVGRFDKQJ_2008                                                0.00%    passed    100.00%
  62  nl63_DELIM-RTNQRMFYIVBDVGRFDKQJ_JQ900255_DELIM-RTNQRMFYIVBDVGRFDKQJ_NL63_DELIM-RTNQRMFYIVBDVGRFDKQJ_DEN_DELIM-RTNQRMFYIVBDVGRFDKQJ_2009_DELIM-RTNQRMFYIVBDVGRFDKQJ_6_DELIM-RTNQRMFYIVBDVGRFDKQJ_2009                                                 0.00%    passed    100.00%
  63  nl63_DELIM-RTNQRMFYIVBDVGRFDKQJ_KM055617_DELIM-RTNQRMFYIVBDVGRFDKQJ_277A_2007_DELIM-RTNQRMFYIVBDVGRFDKQJ_2007                                                                                                                                        0.00%    passed     99.98%
  64  nl63_DELIM-RTNQRMFYIVBDVGRFDKQJ_KM055619_DELIM-RTNQRMFYIVBDVGRFDKQJ_909A_2008_DELIM-RTNQRMFYIVBDVGRFDKQJ_2008                                                                                                                                        0.00%    passed    100.00%
  65  nl63_DELIM-RTNQRMFYIVBDVGRFDKQJ_KY862029_DELIM-RTNQRMFYIVBDVGRFDKQJ_NL63_DELIM-RTNQRMFYIVBDVGRFDKQJ_FRA_EPI_DELIM-RTNQRMFYIVBDVGRFDKQJ_Caen_DELIM-RTNQRMFYIVBDVGRFDKQJ_2008_DELIM-RTNQRMFYIVBDVGRFDKQJ_06_DELIM-RTNQRMFYIVBDVGRFDKQJ_2008            0.00%    passed     99.99%
  66  nl63_DELIM-RTNQRMFYIVBDVGRFDKQJ_KY554969_DELIM-RTNQRMFYIVBDVGRFDKQJ_N07_196B_DELIM-RTNQRMFYIVBDVGRFDKQJ_2016                                                                                                                                         0.00%    passed     99.97%
  67  nl63_DELIM-RTNQRMFYIVBDVGRFDKQJ_KY829118_DELIM-RTNQRMFYIVBDVGRFDKQJ_N07_262B_DELIM-RTNQRMFYIVBDVGRFDKQJ_2015                                                                                                                                         0.00%    passed     99.97%
  68  nl63_DELIM-RTNQRMFYIVBDVGRFDKQJ_JQ765574_DELIM-RTNQRMFYIVBDVGRFDKQJ_NL63_DELIM-RTNQRMFYIVBDVGRFDKQJ_DEN_DELIM-RTNQRMFYIVBDVGRFDKQJ_2005_DELIM-RTNQRMFYIVBDVGRFDKQJ_1862_DELIM-RTNQRMFYIVBDVGRFDKQJ_2005                                              0.00%    passed    100.00%
  69  nl63_DELIM-RTNQRMFYIVBDVGRFDKQJ_KY862034_DELIM-RTNQRMFYIVBDVGRFDKQJ_NL63_DELIM-RTNQRMFYIVBDVGRFDKQJ_FRA_EPI_DELIM-RTNQRMFYIVBDVGRFDKQJ_Caen_DELIM-RTNQRMFYIVBDVGRFDKQJ_2004_DELIM-RTNQRMFYIVBDVGRFDKQJ_01_DELIM-RTNQRMFYIVBDVGRFDKQJ_2004            0.00%    passed    100.00%
  70  nl63_DELIM-RTNQRMFYIVBDVGRFDKQJ_KY862033_DELIM-RTNQRMFYIVBDVGRFDKQJ_NL63_DELIM-RTNQRMFYIVBDVGRFDKQJ_FRA_EPI_DELIM-RTNQRMFYIVBDVGRFDKQJ_Caen_DELIM-RTNQRMFYIVBDVGRFDKQJ_2004_DELIM-RTNQRMFYIVBDVGRFDKQJ_02_DELIM-RTNQRMFYIVBDVGRFDKQJ_2004            0.04%    passed     99.99%
  71  nl63_DELIM-RTNQRMFYIVBDVGRFDKQJ_KY554971_DELIM-RTNQRMFYIVBDVGRFDKQJ_N07_468B_176X_DELIM-RTNQRMFYIVBDVGRFDKQJ_2016                                                                                                                                    0.00%    passed     99.95%
  72  nl63_DELIM-RTNQRMFYIVBDVGRFDKQJ_KM055613_DELIM-RTNQRMFYIVBDVGRFDKQJ_188A_2007_DELIM-RTNQRMFYIVBDVGRFDKQJ_2007                                                                                                                                        0.00%    passed    100.00%
  73  nl63_DELIM-RTNQRMFYIVBDVGRFDKQJ_JQ765567_DELIM-RTNQRMFYIVBDVGRFDKQJ_NL63_DELIM-RTNQRMFYIVBDVGRFDKQJ_DEN_DELIM-RTNQRMFYIVBDVGRFDKQJ_2009_DELIM-RTNQRMFYIVBDVGRFDKQJ_20_DELIM-RTNQRMFYIVBDVGRFDKQJ_2009                                                0.00%    passed    100.00%
  74  nl63_DELIM-RTNQRMFYIVBDVGRFDKQJ_KT381875_DELIM-RTNQRMFYIVBDVGRFDKQJ_NL63_DELIM-RTNQRMFYIVBDVGRFDKQJ_UF_1_DELIM-RTNQRMFYIVBDVGRFDKQJ_2015_DELIM-RTNQRMFYIVBDVGRFDKQJ_2015                                                                             0.00%    passed    100.00%
  75  nl63_DELIM-RTNQRMFYIVBDVGRFDKQJ_KU521535_DELIM-RTNQRMFYIVBDVGRFDKQJ_NL63_DELIM-RTNQRMFYIVBDVGRFDKQJ_UF_2_DELIM-RTNQRMFYIVBDVGRFDKQJ_2015_DELIM-RTNQRMFYIVBDVGRFDKQJ_2015                                                                             0.00%    passed    100.00%
  76  nl63_DELIM-RTNQRMFYIVBDVGRFDKQJ_KX179500_DELIM-RTNQRMFYIVBDVGRFDKQJ_NL63_DELIM-RTNQRMFYIVBDVGRFDKQJ_UF_2_DELIM-RTNQRMFYIVBDVGRFDKQJ_2015_DELIM-RTNQRMFYIVBDVGRFDKQJ_2015                                                                             0.00%    passed    100.00%
  77  nl63_DELIM-RTNQRMFYIVBDVGRFDKQJ_KM055616_DELIM-RTNQRMFYIVBDVGRFDKQJ_236A_2007_DELIM-RTNQRMFYIVBDVGRFDKQJ_2007                                                                                                                                        0.00%    passed     99.97%
  78  nl63_DELIM-RTNQRMFYIVBDVGRFDKQJ_MF996661_DELIM-RTNQRMFYIVBDVGRFDKQJ_NL63_DELIM-RTNQRMFYIVBDVGRFDKQJ_2015                                                                                                                                            18.19%    passed     99.70%
  79  nl63_DELIM-RTNQRMFYIVBDVGRFDKQJ_KY554967_DELIM-RTNQRMFYIVBDVGRFDKQJ_N06_1144B_DELIM-RTNQRMFYIVBDVGRFDKQJ_2016                                                                                                                                        0.00%    passed    100.00%
  80  nl63_DELIM-RTNQRMFYIVBDVGRFDKQJ_KY554968_DELIM-RTNQRMFYIVBDVGRFDKQJ_N07_185B_DELIM-RTNQRMFYIVBDVGRFDKQJ_2016                                                                                                                                         0.00%    passed    100.00%
  81  nl63_DELIM-RTNQRMFYIVBDVGRFDKQJ_KY674916_DELIM-RTNQRMFYIVBDVGRFDKQJ_N07_64B_DELIM-RTNQRMFYIVBDVGRFDKQJ_2016                                                                                                                                          0.00%    passed    100.00%
  82  nl63_DELIM-RTNQRMFYIVBDVGRFDKQJ_KY674915_DELIM-RTNQRMFYIVBDVGRFDKQJ_N07_6B_DELIM-RTNQRMFYIVBDVGRFDKQJ_2016                                                                                                                                           0.00%    passed    100.00%
  83  nl63_DELIM-RTNQRMFYIVBDVGRFDKQJ_KY554970_DELIM-RTNQRMFYIVBDVGRFDKQJ_N07_324B_182X_DELIM-RTNQRMFYIVBDVGRFDKQJ_2016                                                                                                                                    0.00%    passed     99.99%
  84  nl63_DELIM-RTNQRMFYIVBDVGRFDKQJ_MK334046_DELIM-RTNQRMFYIVBDVGRFDKQJ_ChinaGD01_DELIM-RTNQRMFYIVBDVGRFDKQJ_2018                                                                                                                                        0.00%    passed     99.43%
  85  nl63_DELIM-RTNQRMFYIVBDVGRFDKQJ_KY983586_DELIM-RTNQRMFYIVBDVGRFDKQJ_HCoV_NL63_DELIM-RTNQRMFYIVBDVGRFDKQJ_Seattle_DELIM-RTNQRMFYIVBDVGRFDKQJ_USA_DELIM-RTNQRMFYIVBDVGRFDKQJ_SC2940_DELIM-RTNQRMFYIVBDVGRFDKQJ_2015_DELIM-RTNQRMFYIVBDVGRFDKQJ_2015    0.00%    passed     99.77%
  86  nl63_DELIM-RTNQRMFYIVBDVGRFDKQJ_MG772808_DELIM-RTNQRMFYIVBDVGRFDKQJ_CN0601_DELIM-RTNQRMFYIVBDVGRFDKQJ_14_DELIM-RTNQRMFYIVBDVGRFDKQJ_2014                                                                                                             0.00%    passed     99.89%
  87  nl63_DELIM-RTNQRMFYIVBDVGRFDKQJ_KY862015_DELIM-RTNQRMFYIVBDVGRFDKQJ_NL63_DELIM-RTNQRMFYIVBDVGRFDKQJ_FRA_EPI_DELIM-RTNQRMFYIVBDVGRFDKQJ_Caen_DELIM-RTNQRMFYIVBDVGRFDKQJ_2015_DELIM-RTNQRMFYIVBDVGRFDKQJ_20_DELIM-RTNQRMFYIVBDVGRFDKQJ_2015            0.00%    passed    100.00%
  88  nl63_DELIM-RTNQRMFYIVBDVGRFDKQJ_MN026166_DELIM-RTNQRMFYIVBDVGRFDKQJ_NL63_KLF_01_2018_DELIM-RTNQRMFYIVBDVGRFDKQJ_2018                                                                                                                                 0.00%    passed    100.00%
  89  nl63_DELIM-RTNQRMFYIVBDVGRFDKQJ_MF996662_DELIM-RTNQRMFYIVBDVGRFDKQJ_NL63_DELIM-RTNQRMFYIVBDVGRFDKQJ_2014                                                                                                                                            18.19%    passed     99.88%
  90  nl63_DELIM-RTNQRMFYIVBDVGRFDKQJ_MF996663_DELIM-RTNQRMFYIVBDVGRFDKQJ_NL63_DELIM-RTNQRMFYIVBDVGRFDKQJ_2014                                                                                                                                            18.19%    passed     99.88%
  91  nl63_DELIM-RTNQRMFYIVBDVGRFDKQJ_MF996660_DELIM-RTNQRMFYIVBDVGRFDKQJ_NL63_DELIM-RTNQRMFYIVBDVGRFDKQJ_2014                                                                                                                                            18.19%    passed     99.97%
  92  nl63_DELIM-RTNQRMFYIVBDVGRFDKQJ_MG428707_DELIM-RTNQRMFYIVBDVGRFDKQJ_Kilifi_HH_5401_20_May_2010_DELIM-RTNQRMFYIVBDVGRFDKQJ_2010                                                                                                                       3.45%    passed     97.21%
  93  nl63_DELIM-RTNQRMFYIVBDVGRFDKQJ_KY862022_DELIM-RTNQRMFYIVBDVGRFDKQJ_NL63_DELIM-RTNQRMFYIVBDVGRFDKQJ_FRA_EPI_DELIM-RTNQRMFYIVBDVGRFDKQJ_Caen_DELIM-RTNQRMFYIVBDVGRFDKQJ_2012_DELIM-RTNQRMFYIVBDVGRFDKQJ_13_DELIM-RTNQRMFYIVBDVGRFDKQJ_2012            0.00%    passed     99.82%
  94  nl63_DELIM-RTNQRMFYIVBDVGRFDKQJ_KY862021_DELIM-RTNQRMFYIVBDVGRFDKQJ_NL63_DELIM-RTNQRMFYIVBDVGRFDKQJ_FRA_EPI_DELIM-RTNQRMFYIVBDVGRFDKQJ_Caen_DELIM-RTNQRMFYIVBDVGRFDKQJ_2012_DELIM-RTNQRMFYIVBDVGRFDKQJ_14_DELIM-RTNQRMFYIVBDVGRFDKQJ_2012            0.00%    passed     99.97%
  95  nl63_DELIM-RTNQRMFYIVBDVGRFDKQJ_KF530105_DELIM-RTNQRMFYIVBDVGRFDKQJ_NL63_DELIM-RTNQRMFYIVBDVGRFDKQJ_human_DELIM-RTNQRMFYIVBDVGRFDKQJ_USA_DELIM-RTNQRMFYIVBDVGRFDKQJ_012_31_DELIM-RTNQRMFYIVBDVGRFDKQJ_2001_DELIM-RTNQRMFYIVBDVGRFDKQJ_2001           0.00%    passed     99.93%
  96  nl63_DELIM-RTNQRMFYIVBDVGRFDKQJ_MK334044_DELIM-RTNQRMFYIVBDVGRFDKQJ_ChinaGD03_DELIM-RTNQRMFYIVBDVGRFDKQJ_2018                                                                                                                                        0.00%    passed     99.94%
  97  nl63_DELIM-RTNQRMFYIVBDVGRFDKQJ_MK334047_DELIM-RTNQRMFYIVBDVGRFDKQJ_ChinaGD04_DELIM-RTNQRMFYIVBDVGRFDKQJ_2018                                                                                                                                        0.00%    passed     99.16%
  98  nl63_DELIM-RTNQRMFYIVBDVGRFDKQJ_KF530110_DELIM-RTNQRMFYIVBDVGRFDKQJ_NL63_DELIM-RTNQRMFYIVBDVGRFDKQJ_human_DELIM-RTNQRMFYIVBDVGRFDKQJ_USA_DELIM-RTNQRMFYIVBDVGRFDKQJ_838_9_DELIM-RTNQRMFYIVBDVGRFDKQJ_1983_DELIM-RTNQRMFYIVBDVGRFDKQJ_1983            0.00%    passed     99.97%
  99  nl63_DELIM-RTNQRMFYIVBDVGRFDKQJ_KF530114_DELIM-RTNQRMFYIVBDVGRFDKQJ_NL63_DELIM-RTNQRMFYIVBDVGRFDKQJ_human_DELIM-RTNQRMFYIVBDVGRFDKQJ_USA_DELIM-RTNQRMFYIVBDVGRFDKQJ_891_4_DELIM-RTNQRMFYIVBDVGRFDKQJ_1989_DELIM-RTNQRMFYIVBDVGRFDKQJ_1989            0.00%    passed     99.56%
 100  nl63_DELIM-RTNQRMFYIVBDVGRFDKQJ_KF530108_DELIM-RTNQRMFYIVBDVGRFDKQJ_NL63_DELIM-RTNQRMFYIVBDVGRFDKQJ_human_DELIM-RTNQRMFYIVBDVGRFDKQJ_USA_DELIM-RTNQRMFYIVBDVGRFDKQJ_891_6_DELIM-RTNQRMFYIVBDVGRFDKQJ_1989_DELIM-RTNQRMFYIVBDVGRFDKQJ_1989            0.00%    passed     99.56%
 101  nl63_DELIM-RTNQRMFYIVBDVGRFDKQJ_KF530113_DELIM-RTNQRMFYIVBDVGRFDKQJ_NL63_DELIM-RTNQRMFYIVBDVGRFDKQJ_human_DELIM-RTNQRMFYIVBDVGRFDKQJ_USA_DELIM-RTNQRMFYIVBDVGRFDKQJ_905_25_DELIM-RTNQRMFYIVBDVGRFDKQJ_1990_DELIM-RTNQRMFYIVBDVGRFDKQJ_1990           0.00%    passed     99.56%
 102  nl63_DELIM-RTNQRMFYIVBDVGRFDKQJ_KF530111_DELIM-RTNQRMFYIVBDVGRFDKQJ_NL63_DELIM-RTNQRMFYIVBDVGRFDKQJ_human_DELIM-RTNQRMFYIVBDVGRFDKQJ_USA_DELIM-RTNQRMFYIVBDVGRFDKQJ_901_24_DELIM-RTNQRMFYIVBDVGRFDKQJ_1990_DELIM-RTNQRMFYIVBDVGRFDKQJ_1990           0.00%    passed     99.19%
 103  nl63_DELIM-RTNQRMFYIVBDVGRFDKQJ_KF530104_DELIM-RTNQRMFYIVBDVGRFDKQJ_NL63_DELIM-RTNQRMFYIVBDVGRFDKQJ_human_DELIM-RTNQRMFYIVBDVGRFDKQJ_USA_DELIM-RTNQRMFYIVBDVGRFDKQJ_904_20_DELIM-RTNQRMFYIVBDVGRFDKQJ_1990_DELIM-RTNQRMFYIVBDVGRFDKQJ_1990           0.00%    passed     99.50%
 104  nl63_DELIM-RTNQRMFYIVBDVGRFDKQJ_KF530109_DELIM-RTNQRMFYIVBDVGRFDKQJ_NL63_DELIM-RTNQRMFYIVBDVGRFDKQJ_human_DELIM-RTNQRMFYIVBDVGRFDKQJ_USA_DELIM-RTNQRMFYIVBDVGRFDKQJ_903_28_DELIM-RTNQRMFYIVBDVGRFDKQJ_1990_DELIM-RTNQRMFYIVBDVGRFDKQJ_1990           0.00%    passed     99.56%
 105  nl63_DELIM-RTNQRMFYIVBDVGRFDKQJ_KF530107_DELIM-RTNQRMFYIVBDVGRFDKQJ_NL63_DELIM-RTNQRMFYIVBDVGRFDKQJ_human_DELIM-RTNQRMFYIVBDVGRFDKQJ_USA_DELIM-RTNQRMFYIVBDVGRFDKQJ_911_56_DELIM-RTNQRMFYIVBDVGRFDKQJ_1991_DELIM-RTNQRMFYIVBDVGRFDKQJ_1991           0.00%    passed     99.56%
 106  nl63_DELIM-RTNQRMFYIVBDVGRFDKQJ_KF530106_DELIM-RTNQRMFYIVBDVGRFDKQJ_NL63_DELIM-RTNQRMFYIVBDVGRFDKQJ_human_DELIM-RTNQRMFYIVBDVGRFDKQJ_USA_DELIM-RTNQRMFYIVBDVGRFDKQJ_8712_17_DELIM-RTNQRMFYIVBDVGRFDKQJ_1987_DELIM-RTNQRMFYIVBDVGRFDKQJ_1987          0.00%    passed     99.91%
 107  nl63_DELIM-RTNQRMFYIVBDVGRFDKQJ_MK334043_DELIM-RTNQRMFYIVBDVGRFDKQJ_ChinaGD02_DELIM-RTNQRMFYIVBDVGRFDKQJ_2018                                                                                                                                        0.00%    passed     99.19%
 108  nl63_DELIM-RTNQRMFYIVBDVGRFDKQJ_MK334045_DELIM-RTNQRMFYIVBDVGRFDKQJ_ChinaGD05_DELIM-RTNQRMFYIVBDVGRFDKQJ_2018                                                                                                                                        0.00%    passed     99.97%
 109  229e_DELIM-RTNQRMFYIVBDVGRFDKQJ_AF304460_DELIM-RTNQRMFYIVBDVGRFDKQJ_229e_ref_DELIM-RTNQRMFYIVBDVGRFDKQJ_Germany_DELIM-RTNQRMFYIVBDVGRFDKQJ_2000                                                                                                      0.11%    failed      0.01%
****  TOTAL                                                                                                                                                                                                                                                0.97%  1 sequences failed composition chi2 test (p-value<5%; df=3)
NOTE: nl63_DELIM-RTNQRMFYIVBDVGRFDKQJ_KM055628_DELIM-RTNQRMFYIVBDVGRFDKQJ_1023A_2008_DELIM-RTNQRMFYIVBDVGRFDKQJ_2008 is identical to nl63_DELIM-RTNQRMFYIVBDVGRFDKQJ_KM055627_DELIM-RTNQRMFYIVBDVGRFDKQJ_1014A_2008_DELIM-RTNQRMFYIVBDVGRFDKQJ_2008 but kept for subsequent analysis
NOTE: nl63_DELIM-RTNQRMFYIVBDVGRFDKQJ_KY862023_DELIM-RTNQRMFYIVBDVGRFDKQJ_NL63_DELIM-RTNQRMFYIVBDVGRFDKQJ_FRA_EPI_DELIM-RTNQRMFYIVBDVGRFDKQJ_Caen_DELIM-RTNQRMFYIVBDVGRFDKQJ_2011_DELIM-RTNQRMFYIVBDVGRFDKQJ_12_DELIM-RTNQRMFYIVBDVGRFDKQJ_2011 is identical to nl63_DELIM-RTNQRMFYIVBDVGRFDKQJ_KM055629_DELIM-RTNQRMFYIVBDVGRFDKQJ_1093A_2008_DELIM-RTNQRMFYIVBDVGRFDKQJ_2008 but kept for subsequent analysis
NOTE: nl63_DELIM-RTNQRMFYIVBDVGRFDKQJ_KY862026_DELIM-RTNQRMFYIVBDVGRFDKQJ_NL63_DELIM-RTNQRMFYIVBDVGRFDKQJ_FRA_EPI_DELIM-RTNQRMFYIVBDVGRFDKQJ_Caen_DELIM-RTNQRMFYIVBDVGRFDKQJ_2010_DELIM-RTNQRMFYIVBDVGRFDKQJ_09_DELIM-RTNQRMFYIVBDVGRFDKQJ_2010 is identical to nl63_DELIM-RTNQRMFYIVBDVGRFDKQJ_KY862028_DELIM-RTNQRMFYIVBDVGRFDKQJ_NL63_DELIM-RTNQRMFYIVBDVGRFDKQJ_FRA_EPI_DELIM-RTNQRMFYIVBDVGRFDKQJ_Caen_DELIM-RTNQRMFYIVBDVGRFDKQJ_2009_DELIM-RTNQRMFYIVBDVGRFDKQJ_07_DELIM-RTNQRMFYIVBDVGRFDKQJ_2009 but kept for subsequent analysis
NOTE: nl63_DELIM-RTNQRMFYIVBDVGRFDKQJ_KM055623_DELIM-RTNQRMFYIVBDVGRFDKQJ_954A_2008_DELIM-RTNQRMFYIVBDVGRFDKQJ_2008 is identical to nl63_DELIM-RTNQRMFYIVBDVGRFDKQJ_KM055612_DELIM-RTNQRMFYIVBDVGRFDKQJ_180A_2007_DELIM-RTNQRMFYIVBDVGRFDKQJ_2007 but kept for subsequent analysis
NOTE: nl63_DELIM-RTNQRMFYIVBDVGRFDKQJ_KM055615_DELIM-RTNQRMFYIVBDVGRFDKQJ_225A_2007_DELIM-RTNQRMFYIVBDVGRFDKQJ_2007 is identical to nl63_DELIM-RTNQRMFYIVBDVGRFDKQJ_KM055614_DELIM-RTNQRMFYIVBDVGRFDKQJ_197A_2007_DELIM-RTNQRMFYIVBDVGRFDKQJ_2007 but kept for subsequent analysis
NOTE: nl63_DELIM-RTNQRMFYIVBDVGRFDKQJ_KY829118_DELIM-RTNQRMFYIVBDVGRFDKQJ_N07_262B_DELIM-RTNQRMFYIVBDVGRFDKQJ_2015 is identical to nl63_DELIM-RTNQRMFYIVBDVGRFDKQJ_KY554969_DELIM-RTNQRMFYIVBDVGRFDKQJ_N07_196B_DELIM-RTNQRMFYIVBDVGRFDKQJ_2016 but kept for subsequent analysis
NOTE: nl63_DELIM-RTNQRMFYIVBDVGRFDKQJ_KY862034_DELIM-RTNQRMFYIVBDVGRFDKQJ_NL63_DELIM-RTNQRMFYIVBDVGRFDKQJ_FRA_EPI_DELIM-RTNQRMFYIVBDVGRFDKQJ_Caen_DELIM-RTNQRMFYIVBDVGRFDKQJ_2004_DELIM-RTNQRMFYIVBDVGRFDKQJ_01_DELIM-RTNQRMFYIVBDVGRFDKQJ_2004 is identical to nl63_DELIM-RTNQRMFYIVBDVGRFDKQJ_JQ765574_DELIM-RTNQRMFYIVBDVGRFDKQJ_NL63_DELIM-RTNQRMFYIVBDVGRFDKQJ_DEN_DELIM-RTNQRMFYIVBDVGRFDKQJ_2005_DELIM-RTNQRMFYIVBDVGRFDKQJ_1862_DELIM-RTNQRMFYIVBDVGRFDKQJ_2005 but kept for subsequent analysis
NOTE: nl63_DELIM-RTNQRMFYIVBDVGRFDKQJ_KT381875_DELIM-RTNQRMFYIVBDVGRFDKQJ_NL63_DELIM-RTNQRMFYIVBDVGRFDKQJ_UF_1_DELIM-RTNQRMFYIVBDVGRFDKQJ_2015_DELIM-RTNQRMFYIVBDVGRFDKQJ_2015 is identical to nl63_DELIM-RTNQRMFYIVBDVGRFDKQJ_JQ765567_DELIM-RTNQRMFYIVBDVGRFDKQJ_NL63_DELIM-RTNQRMFYIVBDVGRFDKQJ_DEN_DELIM-RTNQRMFYIVBDVGRFDKQJ_2009_DELIM-RTNQRMFYIVBDVGRFDKQJ_20_DELIM-RTNQRMFYIVBDVGRFDKQJ_2009 but kept for subsequent analysis
NOTE: nl63_DELIM-RTNQRMFYIVBDVGRFDKQJ_KY554968_DELIM-RTNQRMFYIVBDVGRFDKQJ_N07_185B_DELIM-RTNQRMFYIVBDVGRFDKQJ_2016 is identical to nl63_DELIM-RTNQRMFYIVBDVGRFDKQJ_KY554967_DELIM-RTNQRMFYIVBDVGRFDKQJ_N06_1144B_DELIM-RTNQRMFYIVBDVGRFDKQJ_2016 but kept for subsequent analysis
NOTE: nl63_DELIM-RTNQRMFYIVBDVGRFDKQJ_MN026166_DELIM-RTNQRMFYIVBDVGRFDKQJ_NL63_KLF_01_2018_DELIM-RTNQRMFYIVBDVGRFDKQJ_2018 is identical to nl63_DELIM-RTNQRMFYIVBDVGRFDKQJ_KY862015_DELIM-RTNQRMFYIVBDVGRFDKQJ_NL63_DELIM-RTNQRMFYIVBDVGRFDKQJ_FRA_EPI_DELIM-RTNQRMFYIVBDVGRFDKQJ_Caen_DELIM-RTNQRMFYIVBDVGRFDKQJ_2015_DELIM-RTNQRMFYIVBDVGRFDKQJ_20_DELIM-RTNQRMFYIVBDVGRFDKQJ_2015 but kept for subsequent analysis
NOTE: nl63_DELIM-RTNQRMFYIVBDVGRFDKQJ_MF996663_DELIM-RTNQRMFYIVBDVGRFDKQJ_NL63_DELIM-RTNQRMFYIVBDVGRFDKQJ_2014 is identical to nl63_DELIM-RTNQRMFYIVBDVGRFDKQJ_MF996662_DELIM-RTNQRMFYIVBDVGRFDKQJ_NL63_DELIM-RTNQRMFYIVBDVGRFDKQJ_2014 but kept for subsequent analysis
NOTE: nl63_DELIM-RTNQRMFYIVBDVGRFDKQJ_KF530108_DELIM-RTNQRMFYIVBDVGRFDKQJ_NL63_DELIM-RTNQRMFYIVBDVGRFDKQJ_human_DELIM-RTNQRMFYIVBDVGRFDKQJ_USA_DELIM-RTNQRMFYIVBDVGRFDKQJ_891_6_DELIM-RTNQRMFYIVBDVGRFDKQJ_1989_DELIM-RTNQRMFYIVBDVGRFDKQJ_1989 is identical to nl63_DELIM-RTNQRMFYIVBDVGRFDKQJ_KF530114_DELIM-RTNQRMFYIVBDVGRFDKQJ_NL63_DELIM-RTNQRMFYIVBDVGRFDKQJ_human_DELIM-RTNQRMFYIVBDVGRFDKQJ_USA_DELIM-RTNQRMFYIVBDVGRFDKQJ_891_4_DELIM-RTNQRMFYIVBDVGRFDKQJ_1989_DELIM-RTNQRMFYIVBDVGRFDKQJ_1989 but kept for subsequent analysis
NOTE: nl63_DELIM-RTNQRMFYIVBDVGRFDKQJ_KF530107_DELIM-RTNQRMFYIVBDVGRFDKQJ_NL63_DELIM-RTNQRMFYIVBDVGRFDKQJ_human_DELIM-RTNQRMFYIVBDVGRFDKQJ_USA_DELIM-RTNQRMFYIVBDVGRFDKQJ_911_56_DELIM-RTNQRMFYIVBDVGRFDKQJ_1991_DELIM-RTNQRMFYIVBDVGRFDKQJ_1991 is identical to nl63_DELIM-RTNQRMFYIVBDVGRFDKQJ_KF530109_DELIM-RTNQRMFYIVBDVGRFDKQJ_NL63_DELIM-RTNQRMFYIVBDVGRFDKQJ_human_DELIM-RTNQRMFYIVBDVGRFDKQJ_USA_DELIM-RTNQRMFYIVBDVGRFDKQJ_903_28_DELIM-RTNQRMFYIVBDVGRFDKQJ_1990_DELIM-RTNQRMFYIVBDVGRFDKQJ_1990 but kept for subsequent analysis
Checking for duplicate sequences: done in 0.000605106 secs using 84.78% CPU
Identifying sites to remove: done in 0.00225186 secs using 98.72% CPU
NOTE: 23 identical sequences (see below) will be ignored for subsequent analysis
NOTE: nl63_DELIM-RTNQRMFYIVBDVGRFDKQJ_KM055631_DELIM-RTNQRMFYIVBDVGRFDKQJ_2093A_2010_DELIM-RTNQRMFYIVBDVGRFDKQJ_2010 (identical to nl63_DELIM-RTNQRMFYIVBDVGRFDKQJ_KM055627_DELIM-RTNQRMFYIVBDVGRFDKQJ_1014A_2008_DELIM-RTNQRMFYIVBDVGRFDKQJ_2008) is ignored but added at the end
NOTE: nl63_DELIM-RTNQRMFYIVBDVGRFDKQJ_KM055620_DELIM-RTNQRMFYIVBDVGRFDKQJ_930A_2008_DELIM-RTNQRMFYIVBDVGRFDKQJ_2008 (identical to nl63_DELIM-RTNQRMFYIVBDVGRFDKQJ_KM055627_DELIM-RTNQRMFYIVBDVGRFDKQJ_1014A_2008_DELIM-RTNQRMFYIVBDVGRFDKQJ_2008) is ignored but added at the end
NOTE: nl63_DELIM-RTNQRMFYIVBDVGRFDKQJ_KM055621_DELIM-RTNQRMFYIVBDVGRFDKQJ_940A_2008_DELIM-RTNQRMFYIVBDVGRFDKQJ_2008 (identical to nl63_DELIM-RTNQRMFYIVBDVGRFDKQJ_KM055627_DELIM-RTNQRMFYIVBDVGRFDKQJ_1014A_2008_DELIM-RTNQRMFYIVBDVGRFDKQJ_2008) is ignored but added at the end
NOTE: nl63_DELIM-RTNQRMFYIVBDVGRFDKQJ_KM055622_DELIM-RTNQRMFYIVBDVGRFDKQJ_945A_2008_DELIM-RTNQRMFYIVBDVGRFDKQJ_2008 (identical to nl63_DELIM-RTNQRMFYIVBDVGRFDKQJ_KM055627_DELIM-RTNQRMFYIVBDVGRFDKQJ_1014A_2008_DELIM-RTNQRMFYIVBDVGRFDKQJ_2008) is ignored but added at the end
NOTE: nl63_DELIM-RTNQRMFYIVBDVGRFDKQJ_KM055624_DELIM-RTNQRMFYIVBDVGRFDKQJ_971A_2008_DELIM-RTNQRMFYIVBDVGRFDKQJ_2008 (identical to nl63_DELIM-RTNQRMFYIVBDVGRFDKQJ_KM055627_DELIM-RTNQRMFYIVBDVGRFDKQJ_1014A_2008_DELIM-RTNQRMFYIVBDVGRFDKQJ_2008) is ignored but added at the end
NOTE: nl63_DELIM-RTNQRMFYIVBDVGRFDKQJ_KM055625_DELIM-RTNQRMFYIVBDVGRFDKQJ_990A_2008_DELIM-RTNQRMFYIVBDVGRFDKQJ_2008 (identical to nl63_DELIM-RTNQRMFYIVBDVGRFDKQJ_KM055627_DELIM-RTNQRMFYIVBDVGRFDKQJ_1014A_2008_DELIM-RTNQRMFYIVBDVGRFDKQJ_2008) is ignored but added at the end
NOTE: nl63_DELIM-RTNQRMFYIVBDVGRFDKQJ_KM055626_DELIM-RTNQRMFYIVBDVGRFDKQJ_996A_2008_DELIM-RTNQRMFYIVBDVGRFDKQJ_2008 (identical to nl63_DELIM-RTNQRMFYIVBDVGRFDKQJ_KM055627_DELIM-RTNQRMFYIVBDVGRFDKQJ_1014A_2008_DELIM-RTNQRMFYIVBDVGRFDKQJ_2008) is ignored but added at the end
NOTE: nl63_DELIM-RTNQRMFYIVBDVGRFDKQJ_JX104161_DELIM-RTNQRMFYIVBDVGRFDKQJ_CBJ_037_DELIM-RTNQRMFYIVBDVGRFDKQJ_2008 (identical to nl63_DELIM-RTNQRMFYIVBDVGRFDKQJ_KM055627_DELIM-RTNQRMFYIVBDVGRFDKQJ_1014A_2008_DELIM-RTNQRMFYIVBDVGRFDKQJ_2008) is ignored but added at the end
NOTE: nl63_DELIM-RTNQRMFYIVBDVGRFDKQJ_MG428703_DELIM-RTNQRMFYIVBDVGRFDKQJ_Kilifi_HH_0511_01_Jun_2010_DELIM-RTNQRMFYIVBDVGRFDKQJ_2010 (identical to nl63_DELIM-RTNQRMFYIVBDVGRFDKQJ_KM055627_DELIM-RTNQRMFYIVBDVGRFDKQJ_1014A_2008_DELIM-RTNQRMFYIVBDVGRFDKQJ_2008) is ignored but added at the end
NOTE: nl63_DELIM-RTNQRMFYIVBDVGRFDKQJ_MG428701_DELIM-RTNQRMFYIVBDVGRFDKQJ_Kilifi_HH_0512_04_Jun_2010_DELIM-RTNQRMFYIVBDVGRFDKQJ_2010 (identical to nl63_DELIM-RTNQRMFYIVBDVGRFDKQJ_KM055627_DELIM-RTNQRMFYIVBDVGRFDKQJ_1014A_2008_DELIM-RTNQRMFYIVBDVGRFDKQJ_2008) is ignored but added at the end
NOTE: nl63_DELIM-RTNQRMFYIVBDVGRFDKQJ_MG428705_DELIM-RTNQRMFYIVBDVGRFDKQJ_Kilifi_HH_0522_21_May_2010_DELIM-RTNQRMFYIVBDVGRFDKQJ_2010 (identical to nl63_DELIM-RTNQRMFYIVBDVGRFDKQJ_KM055627_DELIM-RTNQRMFYIVBDVGRFDKQJ_1014A_2008_DELIM-RTNQRMFYIVBDVGRFDKQJ_2008) is ignored but added at the end
NOTE: nl63_DELIM-RTNQRMFYIVBDVGRFDKQJ_MG428700_DELIM-RTNQRMFYIVBDVGRFDKQJ_Kilifi_HH_1602_01_Jun_2010_DELIM-RTNQRMFYIVBDVGRFDKQJ_2010 (identical to nl63_DELIM-RTNQRMFYIVBDVGRFDKQJ_KM055627_DELIM-RTNQRMFYIVBDVGRFDKQJ_1014A_2008_DELIM-RTNQRMFYIVBDVGRFDKQJ_2008) is ignored but added at the end
NOTE: nl63_DELIM-RTNQRMFYIVBDVGRFDKQJ_MG428706_DELIM-RTNQRMFYIVBDVGRFDKQJ_Kilifi_HH_3808_24_May_2010_DELIM-RTNQRMFYIVBDVGRFDKQJ_2010 (identical to nl63_DELIM-RTNQRMFYIVBDVGRFDKQJ_KM055627_DELIM-RTNQRMFYIVBDVGRFDKQJ_1014A_2008_DELIM-RTNQRMFYIVBDVGRFDKQJ_2008) is ignored but added at the end
NOTE: nl63_DELIM-RTNQRMFYIVBDVGRFDKQJ_MG428704_DELIM-RTNQRMFYIVBDVGRFDKQJ_Kilifi_HH_5402_20_May_2010_DELIM-RTNQRMFYIVBDVGRFDKQJ_2010 (identical to nl63_DELIM-RTNQRMFYIVBDVGRFDKQJ_KM055627_DELIM-RTNQRMFYIVBDVGRFDKQJ_1014A_2008_DELIM-RTNQRMFYIVBDVGRFDKQJ_2008) is ignored but added at the end
NOTE: nl63_DELIM-RTNQRMFYIVBDVGRFDKQJ_JQ900257_DELIM-RTNQRMFYIVBDVGRFDKQJ_NL63_DELIM-RTNQRMFYIVBDVGRFDKQJ_DEN_DELIM-RTNQRMFYIVBDVGRFDKQJ_2009_DELIM-RTNQRMFYIVBDVGRFDKQJ_31_DELIM-RTNQRMFYIVBDVGRFDKQJ_2009 (identical to nl63_DELIM-RTNQRMFYIVBDVGRFDKQJ_KM055627_DELIM-RTNQRMFYIVBDVGRFDKQJ_1014A_2008_DELIM-RTNQRMFYIVBDVGRFDKQJ_2008) is ignored but added at the end
NOTE: nl63_DELIM-RTNQRMFYIVBDVGRFDKQJ_KM055618_DELIM-RTNQRMFYIVBDVGRFDKQJ_374A_2007_DELIM-RTNQRMFYIVBDVGRFDKQJ_2007 (identical to nl63_DELIM-RTNQRMFYIVBDVGRFDKQJ_KM055614_DELIM-RTNQRMFYIVBDVGRFDKQJ_197A_2007_DELIM-RTNQRMFYIVBDVGRFDKQJ_2007) is ignored but added at the end
NOTE: nl63_DELIM-RTNQRMFYIVBDVGRFDKQJ_JQ765566_DELIM-RTNQRMFYIVBDVGRFDKQJ_NL63_DELIM-RTNQRMFYIVBDVGRFDKQJ_DEN_DELIM-RTNQRMFYIVBDVGRFDKQJ_2008_DELIM-RTNQRMFYIVBDVGRFDKQJ_16_DELIM-RTNQRMFYIVBDVGRFDKQJ_2008 (identical to nl63_DELIM-RTNQRMFYIVBDVGRFDKQJ_KM055614_DELIM-RTNQRMFYIVBDVGRFDKQJ_197A_2007_DELIM-RTNQRMFYIVBDVGRFDKQJ_2007) is ignored but added at the end
NOTE: nl63_DELIM-RTNQRMFYIVBDVGRFDKQJ_JQ900255_DELIM-RTNQRMFYIVBDVGRFDKQJ_NL63_DELIM-RTNQRMFYIVBDVGRFDKQJ_DEN_DELIM-RTNQRMFYIVBDVGRFDKQJ_2009_DELIM-RTNQRMFYIVBDVGRFDKQJ_6_DELIM-RTNQRMFYIVBDVGRFDKQJ_2009 (identical to nl63_DELIM-RTNQRMFYIVBDVGRFDKQJ_KM055614_DELIM-RTNQRMFYIVBDVGRFDKQJ_197A_2007_DELIM-RTNQRMFYIVBDVGRFDKQJ_2007) is ignored but added at the end
NOTE: nl63_DELIM-RTNQRMFYIVBDVGRFDKQJ_KU521535_DELIM-RTNQRMFYIVBDVGRFDKQJ_NL63_DELIM-RTNQRMFYIVBDVGRFDKQJ_UF_2_DELIM-RTNQRMFYIVBDVGRFDKQJ_2015_DELIM-RTNQRMFYIVBDVGRFDKQJ_2015 (identical to nl63_DELIM-RTNQRMFYIVBDVGRFDKQJ_JQ765567_DELIM-RTNQRMFYIVBDVGRFDKQJ_NL63_DELIM-RTNQRMFYIVBDVGRFDKQJ_DEN_DELIM-RTNQRMFYIVBDVGRFDKQJ_2009_DELIM-RTNQRMFYIVBDVGRFDKQJ_20_DELIM-RTNQRMFYIVBDVGRFDKQJ_2009) is ignored but added at the end
NOTE: nl63_DELIM-RTNQRMFYIVBDVGRFDKQJ_KX179500_DELIM-RTNQRMFYIVBDVGRFDKQJ_NL63_DELIM-RTNQRMFYIVBDVGRFDKQJ_UF_2_DELIM-RTNQRMFYIVBDVGRFDKQJ_2015_DELIM-RTNQRMFYIVBDVGRFDKQJ_2015 (identical to nl63_DELIM-RTNQRMFYIVBDVGRFDKQJ_JQ765567_DELIM-RTNQRMFYIVBDVGRFDKQJ_NL63_DELIM-RTNQRMFYIVBDVGRFDKQJ_DEN_DELIM-RTNQRMFYIVBDVGRFDKQJ_2009_DELIM-RTNQRMFYIVBDVGRFDKQJ_20_DELIM-RTNQRMFYIVBDVGRFDKQJ_2009) is ignored but added at the end
NOTE: nl63_DELIM-RTNQRMFYIVBDVGRFDKQJ_KY674916_DELIM-RTNQRMFYIVBDVGRFDKQJ_N07_64B_DELIM-RTNQRMFYIVBDVGRFDKQJ_2016 (identical to nl63_DELIM-RTNQRMFYIVBDVGRFDKQJ_KY554967_DELIM-RTNQRMFYIVBDVGRFDKQJ_N06_1144B_DELIM-RTNQRMFYIVBDVGRFDKQJ_2016) is ignored but added at the end
NOTE: nl63_DELIM-RTNQRMFYIVBDVGRFDKQJ_KY674915_DELIM-RTNQRMFYIVBDVGRFDKQJ_N07_6B_DELIM-RTNQRMFYIVBDVGRFDKQJ_2016 (identical to nl63_DELIM-RTNQRMFYIVBDVGRFDKQJ_KY554967_DELIM-RTNQRMFYIVBDVGRFDKQJ_N06_1144B_DELIM-RTNQRMFYIVBDVGRFDKQJ_2016) is ignored but added at the end
NOTE: nl63_DELIM-RTNQRMFYIVBDVGRFDKQJ_KF530113_DELIM-RTNQRMFYIVBDVGRFDKQJ_NL63_DELIM-RTNQRMFYIVBDVGRFDKQJ_human_DELIM-RTNQRMFYIVBDVGRFDKQJ_USA_DELIM-RTNQRMFYIVBDVGRFDKQJ_905_25_DELIM-RTNQRMFYIVBDVGRFDKQJ_1990_DELIM-RTNQRMFYIVBDVGRFDKQJ_1990 (identical to nl63_DELIM-RTNQRMFYIVBDVGRFDKQJ_KF530114_DELIM-RTNQRMFYIVBDVGRFDKQJ_NL63_DELIM-RTNQRMFYIVBDVGRFDKQJ_human_DELIM-RTNQRMFYIVBDVGRFDKQJ_USA_DELIM-RTNQRMFYIVBDVGRFDKQJ_891_4_DELIM-RTNQRMFYIVBDVGRFDKQJ_1989_DELIM-RTNQRMFYIVBDVGRFDKQJ_1989) is ignored but added at the end
Alignment was printed to results/aligned_nl63_rdrp-delim.fasta.uniqueseq.phy

For your convenience alignment with unique sequences printed to results/aligned_nl63_rdrp-delim.fasta.uniqueseq.phy

Create initial parsimony tree by phylogenetic likelihood library (PLL)... 0.002 seconds

NOTE: 0 MB RAM (0 GB) is required!
Estimate model parameters (epsilon = 0.500)
1. Initial log-likelihood: -10049.589
2. Current log-likelihood: -9566.749
3. Current log-likelihood: -9476.666
4. Current log-likelihood: -9463.202
Optimal log-likelihood: -9462.942
Rate parameters:  A-C: 1.37201  A-G: 3.39295  A-T: 1.09054  C-G: 0.50630  C-T: 11.07639  G-T: 1.00000
Base frequencies:  A: 0.279  C: 0.140  G: 0.203  T: 0.378
Parameters optimization took 4 rounds (0.099 sec)
Wrote distance file to... 
Computing ML distances based on estimated model parameters...
Calculating distance matrix: done in 0.00944996 secs using 97.99% CPU
Computing ML distances took 0.009527 sec (of wall-clock time) 0.009329 sec (of CPU time)
Setting up auxiliary I and S matrices: done in 0.000164986 secs using 167.3% CPU
Constructing RapidNJ tree: done in 0.000404119 secs using 186.1% CPU
Computing RapidNJ tree took 0.000600 sec (of wall-clock time) 0.001051 sec (of CPU time)
Log-likelihood of RapidNJ tree: -7513.021
--------------------------------------------------------------------
|             INITIALIZING CANDIDATE TREE SET                      |
--------------------------------------------------------------------

Do NNI search on 2 best initial trees
Optimizing NNI: done in 0.019351 secs using 189.4% CPU
Estimate model parameters (epsilon = 0.500)
BETTER TREE FOUND at iteration 1: -7474.443
Optimizing NNI: done in 0.140907 secs using 190.6% CPU
Finish initializing candidate tree set (4)
Current best tree score: -7474.443 / CPU time: 0.204
Number of iterations: 2
TREE SEARCH COMPLETED AFTER 2 ITERATIONS / Time: 0h:0m:0s

--------------------------------------------------------------------
|                    FINALIZING TREE SEARCH                        |
--------------------------------------------------------------------
Performs final model parameters optimization
Estimate model parameters (epsilon = 0.050)
1. Initial log-likelihood: -7474.443
Optimal log-likelihood: -7474.442
Rate parameters:  A-C: 1.38541  A-G: 3.02590  A-T: 1.16403  C-G: 0.53797  C-T: 5.90273  G-T: 1.00000
Base frequencies:  A: 0.279  C: 0.140  G: 0.203  T: 0.378
Parameters optimization took 1 rounds (0.007 sec)
BEST SCORE FOUND : -7474.442
Total tree length: 0.378

Total number of iterations: 2
CPU time used for tree search: 0.391 sec (0h:0m:0s)
Wall-clock time used for tree search: 0.204 sec (0h:0m:0s)
Total CPU time used: 0.530 sec (0h:0m:0s)
Total wall-clock time used: 0.344 sec (0h:0m:0s)

Analysis results written to: 
  IQ-TREE report:                results/aligned_nl63_rdrp-delim.fasta.iqtree
  Maximum-likelihood tree:       results/aligned_nl63_rdrp-delim.fasta.treefile
  Likelihood distances:          results/aligned_nl63_rdrp-delim.fasta.mldist
  Screen log file:               results/aligned_nl63_rdrp-delim.fasta.log

Date and Time: Fri May 13 13:03:10 2022
