IQ-TREE multicore version 2.2.0-beta COVID-edition for Mac OS X 64-bit built Mar  3 2022 built Mar  3 2022
Developed by Bui Quang Minh, James Barbetti, Nguyen Lam Tung,
Olga Chernomor, Heiko Schmidt, Dominik Schrempf, Michael Woodhams, Ly Trong Nhan.

Host:    macbook-pro-2.fhcrc.org (SSE4.2, 8 GB RAM)
Command: iqtree2 -nt 1 -s results/aligned_nl63_envelope-delim.fasta -m GTR -ninit 2 -n 2 -me 0.05
Seed:    796744 (Using SPRNG - Scalable Parallel Random Number Generator)
Time:    Fri May 13 12:37:05 2022
Kernel:  SSE2 - 1 threads (8 CPU cores detected)

HINT: Use -nt option to specify number of threads because your CPU has 8 cores!
HINT: -nt AUTO will automatically determine the best number of threads to use.

Reading alignment file results/aligned_nl63_envelope-delim.fasta ... Fasta format detected
Reading fasta file: done in 0.000411987 secs using 89.08% CPU
Alignment most likely contains DNA/RNA sequences
Constructing alignment: done in 0.00019908 secs using 77.86% CPU
Alignment has 65 sequences with 234 columns, 22 distinct patterns
6 parsimony-informative, 90 singleton sites, 138 constant sites
                                                                                                                                                                                                                                                   Gap/Ambiguity  Composition  p-value
Analyzing sequences: done in 8.10623e-06 secs using 74.02% CPU
   1  nl63_DELIM-SQHHTILIZWXFQEZALQFJ_JX504050_DELIM-SQHHTILIZWXFQEZALQFJ_NL63_DELIM-SQHHTILIZWXFQEZALQFJ_RPTEC_DELIM-SQHHTILIZWXFQEZALQFJ_2004_DELIM-SQHHTILIZWXFQEZALQFJ_2004                                                                            0.00%    passed     99.98%
   2  nl63_DELIM-SQHHTILIZWXFQEZALQFJ_MG772808_DELIM-SQHHTILIZWXFQEZALQFJ_CN0601_DELIM-SQHHTILIZWXFQEZALQFJ_14_DELIM-SQHHTILIZWXFQEZALQFJ_2014                                                                                                             0.00%    passed     99.96%
   3  nl63_DELIM-SQHHTILIZWXFQEZALQFJ_KY983586_DELIM-SQHHTILIZWXFQEZALQFJ_HCoV_NL63_DELIM-SQHHTILIZWXFQEZALQFJ_Seattle_DELIM-SQHHTILIZWXFQEZALQFJ_USA_DELIM-SQHHTILIZWXFQEZALQFJ_SC2940_DELIM-SQHHTILIZWXFQEZALQFJ_2015_DELIM-SQHHTILIZWXFQEZALQFJ_2015    0.00%    passed     99.96%
   4  nl63_DELIM-SQHHTILIZWXFQEZALQFJ_KY554969_DELIM-SQHHTILIZWXFQEZALQFJ_N07_196B_DELIM-SQHHTILIZWXFQEZALQFJ_2016                                                                                                                                         0.00%    passed     99.96%
   5  nl63_DELIM-SQHHTILIZWXFQEZALQFJ_KY829118_DELIM-SQHHTILIZWXFQEZALQFJ_N07_262B_DELIM-SQHHTILIZWXFQEZALQFJ_2015                                                                                                                                         0.00%    passed     99.96%
   6  nl63_DELIM-SQHHTILIZWXFQEZALQFJ_KY554971_DELIM-SQHHTILIZWXFQEZALQFJ_N07_468B_176X_DELIM-SQHHTILIZWXFQEZALQFJ_2016                                                                                                                                    0.00%    passed     99.96%
   7  nl63_DELIM-SQHHTILIZWXFQEZALQFJ_JQ900260_DELIM-SQHHTILIZWXFQEZALQFJ_NL63_DELIM-SQHHTILIZWXFQEZALQFJ_DEN_DELIM-SQHHTILIZWXFQEZALQFJ_2005_DELIM-SQHHTILIZWXFQEZALQFJ_1120_DELIM-SQHHTILIZWXFQEZALQFJ_2005                                              0.00%    passed     99.96%
   8  nl63_DELIM-SQHHTILIZWXFQEZALQFJ_JQ765574_DELIM-SQHHTILIZWXFQEZALQFJ_NL63_DELIM-SQHHTILIZWXFQEZALQFJ_DEN_DELIM-SQHHTILIZWXFQEZALQFJ_2005_DELIM-SQHHTILIZWXFQEZALQFJ_1862_DELIM-SQHHTILIZWXFQEZALQFJ_2005                                              0.00%    passed     99.96%
   9  nl63_DELIM-SQHHTILIZWXFQEZALQFJ_JQ765575_DELIM-SQHHTILIZWXFQEZALQFJ_NL63_DELIM-SQHHTILIZWXFQEZALQFJ_DEN_DELIM-SQHHTILIZWXFQEZALQFJ_2005_DELIM-SQHHTILIZWXFQEZALQFJ_1876_DELIM-SQHHTILIZWXFQEZALQFJ_2005                                              0.00%    passed     99.96%
  10  nl63_DELIM-SQHHTILIZWXFQEZALQFJ_JQ765568_DELIM-SQHHTILIZWXFQEZALQFJ_NL63_DELIM-SQHHTILIZWXFQEZALQFJ_DEN_DELIM-SQHHTILIZWXFQEZALQFJ_2005_DELIM-SQHHTILIZWXFQEZALQFJ_193_DELIM-SQHHTILIZWXFQEZALQFJ_2005                                               0.00%    passed     99.96%
  11  nl63_DELIM-SQHHTILIZWXFQEZALQFJ_JQ765570_DELIM-SQHHTILIZWXFQEZALQFJ_NL63_DELIM-SQHHTILIZWXFQEZALQFJ_DEN_DELIM-SQHHTILIZWXFQEZALQFJ_2005_DELIM-SQHHTILIZWXFQEZALQFJ_235_DELIM-SQHHTILIZWXFQEZALQFJ_2005                                               0.00%    passed     99.96%
  12  nl63_DELIM-SQHHTILIZWXFQEZALQFJ_JQ765571_DELIM-SQHHTILIZWXFQEZALQFJ_NL63_DELIM-SQHHTILIZWXFQEZALQFJ_DEN_DELIM-SQHHTILIZWXFQEZALQFJ_2005_DELIM-SQHHTILIZWXFQEZALQFJ_271_DELIM-SQHHTILIZWXFQEZALQFJ_2005                                               0.00%    passed     99.96%
  13  nl63_DELIM-SQHHTILIZWXFQEZALQFJ_JQ765572_DELIM-SQHHTILIZWXFQEZALQFJ_NL63_DELIM-SQHHTILIZWXFQEZALQFJ_DEN_DELIM-SQHHTILIZWXFQEZALQFJ_2005_DELIM-SQHHTILIZWXFQEZALQFJ_347_DELIM-SQHHTILIZWXFQEZALQFJ_2005                                               0.00%    passed     99.96%
  14  nl63_DELIM-SQHHTILIZWXFQEZALQFJ_JQ900259_DELIM-SQHHTILIZWXFQEZALQFJ_NL63_DELIM-SQHHTILIZWXFQEZALQFJ_DEN_DELIM-SQHHTILIZWXFQEZALQFJ_2005_DELIM-SQHHTILIZWXFQEZALQFJ_449_DELIM-SQHHTILIZWXFQEZALQFJ_2005                                               0.00%    passed     99.96%
  15  nl63_DELIM-SQHHTILIZWXFQEZALQFJ_JQ765564_DELIM-SQHHTILIZWXFQEZALQFJ_NL63_DELIM-SQHHTILIZWXFQEZALQFJ_DEN_DELIM-SQHHTILIZWXFQEZALQFJ_2009_DELIM-SQHHTILIZWXFQEZALQFJ_14_DELIM-SQHHTILIZWXFQEZALQFJ_2009                                                0.00%    passed     99.96%
  16  nl63_DELIM-SQHHTILIZWXFQEZALQFJ_JQ765565_DELIM-SQHHTILIZWXFQEZALQFJ_NL63_DELIM-SQHHTILIZWXFQEZALQFJ_DEN_DELIM-SQHHTILIZWXFQEZALQFJ_2009_DELIM-SQHHTILIZWXFQEZALQFJ_15_DELIM-SQHHTILIZWXFQEZALQFJ_2009                                                0.00%    passed     99.96%
  17  nl63_DELIM-SQHHTILIZWXFQEZALQFJ_JQ900256_DELIM-SQHHTILIZWXFQEZALQFJ_NL63_DELIM-SQHHTILIZWXFQEZALQFJ_DEN_DELIM-SQHHTILIZWXFQEZALQFJ_2009_DELIM-SQHHTILIZWXFQEZALQFJ_22_DELIM-SQHHTILIZWXFQEZALQFJ_2009                                                0.00%    passed     99.96%
  18  nl63_DELIM-SQHHTILIZWXFQEZALQFJ_KF530105_DELIM-SQHHTILIZWXFQEZALQFJ_NL63_DELIM-SQHHTILIZWXFQEZALQFJ_human_DELIM-SQHHTILIZWXFQEZALQFJ_USA_DELIM-SQHHTILIZWXFQEZALQFJ_012_31_DELIM-SQHHTILIZWXFQEZALQFJ_2001_DELIM-SQHHTILIZWXFQEZALQFJ_2001           0.00%    passed     99.96%
  19  nl63_DELIM-SQHHTILIZWXFQEZALQFJ_KF530114_DELIM-SQHHTILIZWXFQEZALQFJ_NL63_DELIM-SQHHTILIZWXFQEZALQFJ_human_DELIM-SQHHTILIZWXFQEZALQFJ_USA_DELIM-SQHHTILIZWXFQEZALQFJ_891_4_DELIM-SQHHTILIZWXFQEZALQFJ_1989_DELIM-SQHHTILIZWXFQEZALQFJ_1989            0.00%    passed     99.96%
  20  nl63_DELIM-SQHHTILIZWXFQEZALQFJ_KF530108_DELIM-SQHHTILIZWXFQEZALQFJ_NL63_DELIM-SQHHTILIZWXFQEZALQFJ_human_DELIM-SQHHTILIZWXFQEZALQFJ_USA_DELIM-SQHHTILIZWXFQEZALQFJ_891_6_DELIM-SQHHTILIZWXFQEZALQFJ_1989_DELIM-SQHHTILIZWXFQEZALQFJ_1989            0.00%    passed     99.96%
  21  nl63_DELIM-SQHHTILIZWXFQEZALQFJ_KF530111_DELIM-SQHHTILIZWXFQEZALQFJ_NL63_DELIM-SQHHTILIZWXFQEZALQFJ_human_DELIM-SQHHTILIZWXFQEZALQFJ_USA_DELIM-SQHHTILIZWXFQEZALQFJ_901_24_DELIM-SQHHTILIZWXFQEZALQFJ_1990_DELIM-SQHHTILIZWXFQEZALQFJ_1990           0.00%    passed     99.96%
  22  nl63_DELIM-SQHHTILIZWXFQEZALQFJ_KF530109_DELIM-SQHHTILIZWXFQEZALQFJ_NL63_DELIM-SQHHTILIZWXFQEZALQFJ_human_DELIM-SQHHTILIZWXFQEZALQFJ_USA_DELIM-SQHHTILIZWXFQEZALQFJ_903_28_DELIM-SQHHTILIZWXFQEZALQFJ_1990_DELIM-SQHHTILIZWXFQEZALQFJ_1990           0.00%    passed     99.96%
  23  nl63_DELIM-SQHHTILIZWXFQEZALQFJ_KF530104_DELIM-SQHHTILIZWXFQEZALQFJ_NL63_DELIM-SQHHTILIZWXFQEZALQFJ_human_DELIM-SQHHTILIZWXFQEZALQFJ_USA_DELIM-SQHHTILIZWXFQEZALQFJ_904_20_DELIM-SQHHTILIZWXFQEZALQFJ_1990_DELIM-SQHHTILIZWXFQEZALQFJ_1990           0.00%    passed     99.96%
  24  nl63_DELIM-SQHHTILIZWXFQEZALQFJ_KF530113_DELIM-SQHHTILIZWXFQEZALQFJ_NL63_DELIM-SQHHTILIZWXFQEZALQFJ_human_DELIM-SQHHTILIZWXFQEZALQFJ_USA_DELIM-SQHHTILIZWXFQEZALQFJ_905_25_DELIM-SQHHTILIZWXFQEZALQFJ_1990_DELIM-SQHHTILIZWXFQEZALQFJ_1990           0.00%    passed     99.96%
  25  nl63_DELIM-SQHHTILIZWXFQEZALQFJ_KF530107_DELIM-SQHHTILIZWXFQEZALQFJ_NL63_DELIM-SQHHTILIZWXFQEZALQFJ_human_DELIM-SQHHTILIZWXFQEZALQFJ_USA_DELIM-SQHHTILIZWXFQEZALQFJ_911_56_DELIM-SQHHTILIZWXFQEZALQFJ_1991_DELIM-SQHHTILIZWXFQEZALQFJ_1991           0.00%    passed     99.96%
  26  nl63_DELIM-SQHHTILIZWXFQEZALQFJ_KY554967_DELIM-SQHHTILIZWXFQEZALQFJ_N06_1144B_DELIM-SQHHTILIZWXFQEZALQFJ_2016                                                                                                                                        0.00%    passed     99.98%
  27  nl63_DELIM-SQHHTILIZWXFQEZALQFJ_KY554968_DELIM-SQHHTILIZWXFQEZALQFJ_N07_185B_DELIM-SQHHTILIZWXFQEZALQFJ_2016                                                                                                                                         0.00%    passed     99.98%
  28  nl63_DELIM-SQHHTILIZWXFQEZALQFJ_KY554970_DELIM-SQHHTILIZWXFQEZALQFJ_N07_324B_182X_DELIM-SQHHTILIZWXFQEZALQFJ_2016                                                                                                                                    0.00%    passed     99.98%
  29  nl63_DELIM-SQHHTILIZWXFQEZALQFJ_KY674916_DELIM-SQHHTILIZWXFQEZALQFJ_N07_64B_DELIM-SQHHTILIZWXFQEZALQFJ_2016                                                                                                                                          0.00%    passed     99.98%
  30  nl63_DELIM-SQHHTILIZWXFQEZALQFJ_KY674915_DELIM-SQHHTILIZWXFQEZALQFJ_N07_6B_DELIM-SQHHTILIZWXFQEZALQFJ_2016                                                                                                                                           0.00%    passed     99.98%
  31  nl63_DELIM-SQHHTILIZWXFQEZALQFJ_JQ765569_DELIM-SQHHTILIZWXFQEZALQFJ_NL63_DELIM-SQHHTILIZWXFQEZALQFJ_DEN_DELIM-SQHHTILIZWXFQEZALQFJ_2005_DELIM-SQHHTILIZWXFQEZALQFJ_232_DELIM-SQHHTILIZWXFQEZALQFJ_2005                                               0.00%    passed     99.98%
  32  nl63_DELIM-SQHHTILIZWXFQEZALQFJ_JQ900258_DELIM-SQHHTILIZWXFQEZALQFJ_NL63_DELIM-SQHHTILIZWXFQEZALQFJ_DEN_DELIM-SQHHTILIZWXFQEZALQFJ_2005_DELIM-SQHHTILIZWXFQEZALQFJ_291_DELIM-SQHHTILIZWXFQEZALQFJ_2005                                               0.00%    passed     99.98%
  33  nl63_DELIM-SQHHTILIZWXFQEZALQFJ_JQ765566_DELIM-SQHHTILIZWXFQEZALQFJ_NL63_DELIM-SQHHTILIZWXFQEZALQFJ_DEN_DELIM-SQHHTILIZWXFQEZALQFJ_2008_DELIM-SQHHTILIZWXFQEZALQFJ_16_DELIM-SQHHTILIZWXFQEZALQFJ_2008                                                0.00%    passed     99.98%
  34  nl63_DELIM-SQHHTILIZWXFQEZALQFJ_JQ765567_DELIM-SQHHTILIZWXFQEZALQFJ_NL63_DELIM-SQHHTILIZWXFQEZALQFJ_DEN_DELIM-SQHHTILIZWXFQEZALQFJ_2009_DELIM-SQHHTILIZWXFQEZALQFJ_20_DELIM-SQHHTILIZWXFQEZALQFJ_2009                                                0.00%    passed     99.98%
  35  nl63_DELIM-SQHHTILIZWXFQEZALQFJ_JQ900255_DELIM-SQHHTILIZWXFQEZALQFJ_NL63_DELIM-SQHHTILIZWXFQEZALQFJ_DEN_DELIM-SQHHTILIZWXFQEZALQFJ_2009_DELIM-SQHHTILIZWXFQEZALQFJ_6_DELIM-SQHHTILIZWXFQEZALQFJ_2009                                                 0.00%    passed     99.98%
  36  nl63_DELIM-SQHHTILIZWXFQEZALQFJ_JQ765563_DELIM-SQHHTILIZWXFQEZALQFJ_NL63_DELIM-SQHHTILIZWXFQEZALQFJ_DEN_DELIM-SQHHTILIZWXFQEZALQFJ_2009_DELIM-SQHHTILIZWXFQEZALQFJ_9_DELIM-SQHHTILIZWXFQEZALQFJ_2009                                                 0.00%    passed     99.98%
  37  nl63_DELIM-SQHHTILIZWXFQEZALQFJ_KT381875_DELIM-SQHHTILIZWXFQEZALQFJ_NL63_DELIM-SQHHTILIZWXFQEZALQFJ_UF_1_DELIM-SQHHTILIZWXFQEZALQFJ_2015_DELIM-SQHHTILIZWXFQEZALQFJ_2015                                                                             0.00%    passed     99.98%
  38  nl63_DELIM-SQHHTILIZWXFQEZALQFJ_KU521535_DELIM-SQHHTILIZWXFQEZALQFJ_NL63_DELIM-SQHHTILIZWXFQEZALQFJ_UF_2_DELIM-SQHHTILIZWXFQEZALQFJ_2015_DELIM-SQHHTILIZWXFQEZALQFJ_2015                                                                             0.00%    passed     99.98%
  39  nl63_DELIM-SQHHTILIZWXFQEZALQFJ_KX179500_DELIM-SQHHTILIZWXFQEZALQFJ_NL63_DELIM-SQHHTILIZWXFQEZALQFJ_UF_2_DELIM-SQHHTILIZWXFQEZALQFJ_2015_DELIM-SQHHTILIZWXFQEZALQFJ_2015                                                                             0.00%    passed     99.98%
  40  nl63_DELIM-SQHHTILIZWXFQEZALQFJ_MN026166_DELIM-SQHHTILIZWXFQEZALQFJ_NL63_KLF_01_2018_DELIM-SQHHTILIZWXFQEZALQFJ_2018                                                                                                                                 0.00%    passed     99.98%
  41  nl63_DELIM-SQHHTILIZWXFQEZALQFJ_JQ765573_DELIM-SQHHTILIZWXFQEZALQFJ_NL63_DELIM-SQHHTILIZWXFQEZALQFJ_DEN_DELIM-SQHHTILIZWXFQEZALQFJ_2005_DELIM-SQHHTILIZWXFQEZALQFJ_1062_DELIM-SQHHTILIZWXFQEZALQFJ_2005                                              0.00%    passed     99.98%
  42  nl63_DELIM-SQHHTILIZWXFQEZALQFJ_KF530110_DELIM-SQHHTILIZWXFQEZALQFJ_NL63_DELIM-SQHHTILIZWXFQEZALQFJ_human_DELIM-SQHHTILIZWXFQEZALQFJ_USA_DELIM-SQHHTILIZWXFQEZALQFJ_838_9_DELIM-SQHHTILIZWXFQEZALQFJ_1983_DELIM-SQHHTILIZWXFQEZALQFJ_1983            0.00%    passed     99.98%
  43  nl63_DELIM-SQHHTILIZWXFQEZALQFJ_KF530106_DELIM-SQHHTILIZWXFQEZALQFJ_NL63_DELIM-SQHHTILIZWXFQEZALQFJ_human_DELIM-SQHHTILIZWXFQEZALQFJ_USA_DELIM-SQHHTILIZWXFQEZALQFJ_8712_17_DELIM-SQHHTILIZWXFQEZALQFJ_1987_DELIM-SQHHTILIZWXFQEZALQFJ_1987          0.00%    passed     99.98%
  44  nl63_DELIM-SQHHTILIZWXFQEZALQFJ_JX104161_DELIM-SQHHTILIZWXFQEZALQFJ_CBJ_037_DELIM-SQHHTILIZWXFQEZALQFJ_2008                                                                                                                                          0.00%    passed     99.98%
  45  nl63_DELIM-SQHHTILIZWXFQEZALQFJ_JX524171_DELIM-SQHHTILIZWXFQEZALQFJ_CBJ123_DELIM-SQHHTILIZWXFQEZALQFJ_2009                                                                                                                                           0.00%    passed     99.98%
  46  nl63_DELIM-SQHHTILIZWXFQEZALQFJ_MK334046_DELIM-SQHHTILIZWXFQEZALQFJ_ChinaGD01_DELIM-SQHHTILIZWXFQEZALQFJ_2018                                                                                                                                        0.00%    passed     99.98%
  47  nl63_DELIM-SQHHTILIZWXFQEZALQFJ_MK334047_DELIM-SQHHTILIZWXFQEZALQFJ_ChinaGD04_DELIM-SQHHTILIZWXFQEZALQFJ_2018                                                                                                                                        0.00%    passed     99.98%
  48  nl63_DELIM-SQHHTILIZWXFQEZALQFJ_MK334045_DELIM-SQHHTILIZWXFQEZALQFJ_ChinaGD05_DELIM-SQHHTILIZWXFQEZALQFJ_2018                                                                                                                                        0.00%    passed     99.98%
  49  nl63_DELIM-SQHHTILIZWXFQEZALQFJ_KT266906_DELIM-SQHHTILIZWXFQEZALQFJ_HCoV_NL63_DELIM-SQHHTILIZWXFQEZALQFJ_Haiti_1_DELIM-SQHHTILIZWXFQEZALQFJ_2015_DELIM-SQHHTILIZWXFQEZALQFJ_2015                                                                     0.00%    passed     99.98%
  50  nl63_DELIM-SQHHTILIZWXFQEZALQFJ_MN306018_DELIM-SQHHTILIZWXFQEZALQFJ_HCoV_NL63_DELIM-SQHHTILIZWXFQEZALQFJ_Seattle_DELIM-SQHHTILIZWXFQEZALQFJ_USA_DELIM-SQHHTILIZWXFQEZALQFJ_SC0179_DELIM-SQHHTILIZWXFQEZALQFJ_2018_DELIM-SQHHTILIZWXFQEZALQFJ_2018    0.00%    passed     99.98%
  51  nl63_DELIM-SQHHTILIZWXFQEZALQFJ_MN306040_DELIM-SQHHTILIZWXFQEZALQFJ_HCoV_NL63_DELIM-SQHHTILIZWXFQEZALQFJ_Seattle_DELIM-SQHHTILIZWXFQEZALQFJ_USA_DELIM-SQHHTILIZWXFQEZALQFJ_SC0768_DELIM-SQHHTILIZWXFQEZALQFJ_2019_DELIM-SQHHTILIZWXFQEZALQFJ_2019    0.00%    passed     99.98%
  52  nl63_DELIM-SQHHTILIZWXFQEZALQFJ_MG428703_DELIM-SQHHTILIZWXFQEZALQFJ_Kilifi_HH_0511_01_Jun_2010_DELIM-SQHHTILIZWXFQEZALQFJ_2010                                                                                                                       0.00%    passed     99.98%
  53  nl63_DELIM-SQHHTILIZWXFQEZALQFJ_MG428701_DELIM-SQHHTILIZWXFQEZALQFJ_Kilifi_HH_0512_04_Jun_2010_DELIM-SQHHTILIZWXFQEZALQFJ_2010                                                                                                                       0.00%    passed     99.98%
  54  nl63_DELIM-SQHHTILIZWXFQEZALQFJ_MG428705_DELIM-SQHHTILIZWXFQEZALQFJ_Kilifi_HH_0522_21_May_2010_DELIM-SQHHTILIZWXFQEZALQFJ_2010                                                                                                                       0.00%    passed     99.98%
  55  nl63_DELIM-SQHHTILIZWXFQEZALQFJ_MG428700_DELIM-SQHHTILIZWXFQEZALQFJ_Kilifi_HH_1602_01_Jun_2010_DELIM-SQHHTILIZWXFQEZALQFJ_2010                                                                                                                       0.00%    passed     99.98%
  56  nl63_DELIM-SQHHTILIZWXFQEZALQFJ_MG428702_DELIM-SQHHTILIZWXFQEZALQFJ_Kilifi_HH_3807_11_May_2010_DELIM-SQHHTILIZWXFQEZALQFJ_2010                                                                                                                       0.00%    passed     99.98%
  57  nl63_DELIM-SQHHTILIZWXFQEZALQFJ_MG428706_DELIM-SQHHTILIZWXFQEZALQFJ_Kilifi_HH_3808_24_May_2010_DELIM-SQHHTILIZWXFQEZALQFJ_2010                                                                                                                       0.00%    passed     99.98%
  58  nl63_DELIM-SQHHTILIZWXFQEZALQFJ_MG428707_DELIM-SQHHTILIZWXFQEZALQFJ_Kilifi_HH_5401_20_May_2010_DELIM-SQHHTILIZWXFQEZALQFJ_2010                                                                                                                       0.00%    passed     99.98%
  59  nl63_DELIM-SQHHTILIZWXFQEZALQFJ_MG428704_DELIM-SQHHTILIZWXFQEZALQFJ_Kilifi_HH_5402_20_May_2010_DELIM-SQHHTILIZWXFQEZALQFJ_2010                                                                                                                       0.00%    passed     99.98%
  60  nl63_DELIM-SQHHTILIZWXFQEZALQFJ_MG428699_DELIM-SQHHTILIZWXFQEZALQFJ_Kilifi_HH_5709_19_May_2010_DELIM-SQHHTILIZWXFQEZALQFJ_2010                                                                                                                       0.00%    passed     99.98%
  61  nl63_DELIM-SQHHTILIZWXFQEZALQFJ_JQ900257_DELIM-SQHHTILIZWXFQEZALQFJ_NL63_DELIM-SQHHTILIZWXFQEZALQFJ_DEN_DELIM-SQHHTILIZWXFQEZALQFJ_2009_DELIM-SQHHTILIZWXFQEZALQFJ_31_DELIM-SQHHTILIZWXFQEZALQFJ_2009                                                0.00%    passed     99.98%
  62  nl63_DELIM-SQHHTILIZWXFQEZALQFJ_MK334043_DELIM-SQHHTILIZWXFQEZALQFJ_ChinaGD02_DELIM-SQHHTILIZWXFQEZALQFJ_2018                                                                                                                                        0.00%    passed     99.47%
  63  nl63_DELIM-SQHHTILIZWXFQEZALQFJ_MK334044_DELIM-SQHHTILIZWXFQEZALQFJ_ChinaGD03_DELIM-SQHHTILIZWXFQEZALQFJ_2018                                                                                                                                        0.00%    passed     99.47%
  64  nl63_DELIM-SQHHTILIZWXFQEZALQFJ_KF530112_DELIM-SQHHTILIZWXFQEZALQFJ_NL63_DELIM-SQHHTILIZWXFQEZALQFJ_human_DELIM-SQHHTILIZWXFQEZALQFJ_USA_DELIM-SQHHTILIZWXFQEZALQFJ_0111_25_DELIM-SQHHTILIZWXFQEZALQFJ_2001_DELIM-SQHHTILIZWXFQEZALQFJ_2001          0.00%    passed     99.86%
  65  229e_DELIM-SQHHTILIZWXFQEZALQFJ_AF304460_DELIM-SQHHTILIZWXFQEZALQFJ_229e_ref_DELIM-SQHHTILIZWXFQEZALQFJ_Germany_DELIM-SQHHTILIZWXFQEZALQFJ_2000                                                                                                      0.00%    passed     44.31%
****  TOTAL                                                                                                                                                                                                                                                0.00%  0 sequences failed composition chi2 test (p-value<5%; df=3)
NOTE: nl63_DELIM-SQHHTILIZWXFQEZALQFJ_KY983586_DELIM-SQHHTILIZWXFQEZALQFJ_HCoV_NL63_DELIM-SQHHTILIZWXFQEZALQFJ_Seattle_DELIM-SQHHTILIZWXFQEZALQFJ_USA_DELIM-SQHHTILIZWXFQEZALQFJ_SC2940_DELIM-SQHHTILIZWXFQEZALQFJ_2015_DELIM-SQHHTILIZWXFQEZALQFJ_2015 is identical to nl63_DELIM-SQHHTILIZWXFQEZALQFJ_MG772808_DELIM-SQHHTILIZWXFQEZALQFJ_CN0601_DELIM-SQHHTILIZWXFQEZALQFJ_14_DELIM-SQHHTILIZWXFQEZALQFJ_2014 but kept for subsequent analysis
NOTE: nl63_DELIM-SQHHTILIZWXFQEZALQFJ_KY554968_DELIM-SQHHTILIZWXFQEZALQFJ_N07_185B_DELIM-SQHHTILIZWXFQEZALQFJ_2016 is identical to nl63_DELIM-SQHHTILIZWXFQEZALQFJ_KY554967_DELIM-SQHHTILIZWXFQEZALQFJ_N06_1144B_DELIM-SQHHTILIZWXFQEZALQFJ_2016 but kept for subsequent analysis
NOTE: nl63_DELIM-SQHHTILIZWXFQEZALQFJ_KF530106_DELIM-SQHHTILIZWXFQEZALQFJ_NL63_DELIM-SQHHTILIZWXFQEZALQFJ_human_DELIM-SQHHTILIZWXFQEZALQFJ_USA_DELIM-SQHHTILIZWXFQEZALQFJ_8712_17_DELIM-SQHHTILIZWXFQEZALQFJ_1987_DELIM-SQHHTILIZWXFQEZALQFJ_1987 is identical to nl63_DELIM-SQHHTILIZWXFQEZALQFJ_KF530110_DELIM-SQHHTILIZWXFQEZALQFJ_NL63_DELIM-SQHHTILIZWXFQEZALQFJ_human_DELIM-SQHHTILIZWXFQEZALQFJ_USA_DELIM-SQHHTILIZWXFQEZALQFJ_838_9_DELIM-SQHHTILIZWXFQEZALQFJ_1983_DELIM-SQHHTILIZWXFQEZALQFJ_1983 but kept for subsequent analysis
NOTE: nl63_DELIM-SQHHTILIZWXFQEZALQFJ_JX524171_DELIM-SQHHTILIZWXFQEZALQFJ_CBJ123_DELIM-SQHHTILIZWXFQEZALQFJ_2009 is identical to nl63_DELIM-SQHHTILIZWXFQEZALQFJ_JX104161_DELIM-SQHHTILIZWXFQEZALQFJ_CBJ_037_DELIM-SQHHTILIZWXFQEZALQFJ_2008 but kept for subsequent analysis
NOTE: nl63_DELIM-SQHHTILIZWXFQEZALQFJ_MK334044_DELIM-SQHHTILIZWXFQEZALQFJ_ChinaGD03_DELIM-SQHHTILIZWXFQEZALQFJ_2018 is identical to nl63_DELIM-SQHHTILIZWXFQEZALQFJ_MK334043_DELIM-SQHHTILIZWXFQEZALQFJ_ChinaGD02_DELIM-SQHHTILIZWXFQEZALQFJ_2018 but kept for subsequent analysis
Checking for duplicate sequences: done in 0.000232935 secs using 81.14% CPU
Identifying sites to remove: done in 9.799e-05 secs using 96.95% CPU
NOTE: 51 identical sequences (see below) will be ignored for subsequent analysis
NOTE: nl63_DELIM-SQHHTILIZWXFQEZALQFJ_KY554969_DELIM-SQHHTILIZWXFQEZALQFJ_N07_196B_DELIM-SQHHTILIZWXFQEZALQFJ_2016 (identical to nl63_DELIM-SQHHTILIZWXFQEZALQFJ_MG772808_DELIM-SQHHTILIZWXFQEZALQFJ_CN0601_DELIM-SQHHTILIZWXFQEZALQFJ_14_DELIM-SQHHTILIZWXFQEZALQFJ_2014) is ignored but added at the end
NOTE: nl63_DELIM-SQHHTILIZWXFQEZALQFJ_KY829118_DELIM-SQHHTILIZWXFQEZALQFJ_N07_262B_DELIM-SQHHTILIZWXFQEZALQFJ_2015 (identical to nl63_DELIM-SQHHTILIZWXFQEZALQFJ_MG772808_DELIM-SQHHTILIZWXFQEZALQFJ_CN0601_DELIM-SQHHTILIZWXFQEZALQFJ_14_DELIM-SQHHTILIZWXFQEZALQFJ_2014) is ignored but added at the end
NOTE: nl63_DELIM-SQHHTILIZWXFQEZALQFJ_KY554971_DELIM-SQHHTILIZWXFQEZALQFJ_N07_468B_176X_DELIM-SQHHTILIZWXFQEZALQFJ_2016 (identical to nl63_DELIM-SQHHTILIZWXFQEZALQFJ_MG772808_DELIM-SQHHTILIZWXFQEZALQFJ_CN0601_DELIM-SQHHTILIZWXFQEZALQFJ_14_DELIM-SQHHTILIZWXFQEZALQFJ_2014) is ignored but added at the end
NOTE: nl63_DELIM-SQHHTILIZWXFQEZALQFJ_JQ900260_DELIM-SQHHTILIZWXFQEZALQFJ_NL63_DELIM-SQHHTILIZWXFQEZALQFJ_DEN_DELIM-SQHHTILIZWXFQEZALQFJ_2005_DELIM-SQHHTILIZWXFQEZALQFJ_1120_DELIM-SQHHTILIZWXFQEZALQFJ_2005 (identical to nl63_DELIM-SQHHTILIZWXFQEZALQFJ_MG772808_DELIM-SQHHTILIZWXFQEZALQFJ_CN0601_DELIM-SQHHTILIZWXFQEZALQFJ_14_DELIM-SQHHTILIZWXFQEZALQFJ_2014) is ignored but added at the end
NOTE: nl63_DELIM-SQHHTILIZWXFQEZALQFJ_JQ765574_DELIM-SQHHTILIZWXFQEZALQFJ_NL63_DELIM-SQHHTILIZWXFQEZALQFJ_DEN_DELIM-SQHHTILIZWXFQEZALQFJ_2005_DELIM-SQHHTILIZWXFQEZALQFJ_1862_DELIM-SQHHTILIZWXFQEZALQFJ_2005 (identical to nl63_DELIM-SQHHTILIZWXFQEZALQFJ_MG772808_DELIM-SQHHTILIZWXFQEZALQFJ_CN0601_DELIM-SQHHTILIZWXFQEZALQFJ_14_DELIM-SQHHTILIZWXFQEZALQFJ_2014) is ignored but added at the end
NOTE: nl63_DELIM-SQHHTILIZWXFQEZALQFJ_JQ765575_DELIM-SQHHTILIZWXFQEZALQFJ_NL63_DELIM-SQHHTILIZWXFQEZALQFJ_DEN_DELIM-SQHHTILIZWXFQEZALQFJ_2005_DELIM-SQHHTILIZWXFQEZALQFJ_1876_DELIM-SQHHTILIZWXFQEZALQFJ_2005 (identical to nl63_DELIM-SQHHTILIZWXFQEZALQFJ_MG772808_DELIM-SQHHTILIZWXFQEZALQFJ_CN0601_DELIM-SQHHTILIZWXFQEZALQFJ_14_DELIM-SQHHTILIZWXFQEZALQFJ_2014) is ignored but added at the end
NOTE: nl63_DELIM-SQHHTILIZWXFQEZALQFJ_JQ765568_DELIM-SQHHTILIZWXFQEZALQFJ_NL63_DELIM-SQHHTILIZWXFQEZALQFJ_DEN_DELIM-SQHHTILIZWXFQEZALQFJ_2005_DELIM-SQHHTILIZWXFQEZALQFJ_193_DELIM-SQHHTILIZWXFQEZALQFJ_2005 (identical to nl63_DELIM-SQHHTILIZWXFQEZALQFJ_MG772808_DELIM-SQHHTILIZWXFQEZALQFJ_CN0601_DELIM-SQHHTILIZWXFQEZALQFJ_14_DELIM-SQHHTILIZWXFQEZALQFJ_2014) is ignored but added at the end
NOTE: nl63_DELIM-SQHHTILIZWXFQEZALQFJ_JQ765570_DELIM-SQHHTILIZWXFQEZALQFJ_NL63_DELIM-SQHHTILIZWXFQEZALQFJ_DEN_DELIM-SQHHTILIZWXFQEZALQFJ_2005_DELIM-SQHHTILIZWXFQEZALQFJ_235_DELIM-SQHHTILIZWXFQEZALQFJ_2005 (identical to nl63_DELIM-SQHHTILIZWXFQEZALQFJ_MG772808_DELIM-SQHHTILIZWXFQEZALQFJ_CN0601_DELIM-SQHHTILIZWXFQEZALQFJ_14_DELIM-SQHHTILIZWXFQEZALQFJ_2014) is ignored but added at the end
NOTE: nl63_DELIM-SQHHTILIZWXFQEZALQFJ_JQ765571_DELIM-SQHHTILIZWXFQEZALQFJ_NL63_DELIM-SQHHTILIZWXFQEZALQFJ_DEN_DELIM-SQHHTILIZWXFQEZALQFJ_2005_DELIM-SQHHTILIZWXFQEZALQFJ_271_DELIM-SQHHTILIZWXFQEZALQFJ_2005 (identical to nl63_DELIM-SQHHTILIZWXFQEZALQFJ_MG772808_DELIM-SQHHTILIZWXFQEZALQFJ_CN0601_DELIM-SQHHTILIZWXFQEZALQFJ_14_DELIM-SQHHTILIZWXFQEZALQFJ_2014) is ignored but added at the end
NOTE: nl63_DELIM-SQHHTILIZWXFQEZALQFJ_JQ765572_DELIM-SQHHTILIZWXFQEZALQFJ_NL63_DELIM-SQHHTILIZWXFQEZALQFJ_DEN_DELIM-SQHHTILIZWXFQEZALQFJ_2005_DELIM-SQHHTILIZWXFQEZALQFJ_347_DELIM-SQHHTILIZWXFQEZALQFJ_2005 (identical to nl63_DELIM-SQHHTILIZWXFQEZALQFJ_MG772808_DELIM-SQHHTILIZWXFQEZALQFJ_CN0601_DELIM-SQHHTILIZWXFQEZALQFJ_14_DELIM-SQHHTILIZWXFQEZALQFJ_2014) is ignored but added at the end
NOTE: nl63_DELIM-SQHHTILIZWXFQEZALQFJ_JQ900259_DELIM-SQHHTILIZWXFQEZALQFJ_NL63_DELIM-SQHHTILIZWXFQEZALQFJ_DEN_DELIM-SQHHTILIZWXFQEZALQFJ_2005_DELIM-SQHHTILIZWXFQEZALQFJ_449_DELIM-SQHHTILIZWXFQEZALQFJ_2005 (identical to nl63_DELIM-SQHHTILIZWXFQEZALQFJ_MG772808_DELIM-SQHHTILIZWXFQEZALQFJ_CN0601_DELIM-SQHHTILIZWXFQEZALQFJ_14_DELIM-SQHHTILIZWXFQEZALQFJ_2014) is ignored but added at the end
NOTE: nl63_DELIM-SQHHTILIZWXFQEZALQFJ_JQ765564_DELIM-SQHHTILIZWXFQEZALQFJ_NL63_DELIM-SQHHTILIZWXFQEZALQFJ_DEN_DELIM-SQHHTILIZWXFQEZALQFJ_2009_DELIM-SQHHTILIZWXFQEZALQFJ_14_DELIM-SQHHTILIZWXFQEZALQFJ_2009 (identical to nl63_DELIM-SQHHTILIZWXFQEZALQFJ_MG772808_DELIM-SQHHTILIZWXFQEZALQFJ_CN0601_DELIM-SQHHTILIZWXFQEZALQFJ_14_DELIM-SQHHTILIZWXFQEZALQFJ_2014) is ignored but added at the end
NOTE: nl63_DELIM-SQHHTILIZWXFQEZALQFJ_JQ765565_DELIM-SQHHTILIZWXFQEZALQFJ_NL63_DELIM-SQHHTILIZWXFQEZALQFJ_DEN_DELIM-SQHHTILIZWXFQEZALQFJ_2009_DELIM-SQHHTILIZWXFQEZALQFJ_15_DELIM-SQHHTILIZWXFQEZALQFJ_2009 (identical to nl63_DELIM-SQHHTILIZWXFQEZALQFJ_MG772808_DELIM-SQHHTILIZWXFQEZALQFJ_CN0601_DELIM-SQHHTILIZWXFQEZALQFJ_14_DELIM-SQHHTILIZWXFQEZALQFJ_2014) is ignored but added at the end
NOTE: nl63_DELIM-SQHHTILIZWXFQEZALQFJ_JQ900256_DELIM-SQHHTILIZWXFQEZALQFJ_NL63_DELIM-SQHHTILIZWXFQEZALQFJ_DEN_DELIM-SQHHTILIZWXFQEZALQFJ_2009_DELIM-SQHHTILIZWXFQEZALQFJ_22_DELIM-SQHHTILIZWXFQEZALQFJ_2009 (identical to nl63_DELIM-SQHHTILIZWXFQEZALQFJ_MG772808_DELIM-SQHHTILIZWXFQEZALQFJ_CN0601_DELIM-SQHHTILIZWXFQEZALQFJ_14_DELIM-SQHHTILIZWXFQEZALQFJ_2014) is ignored but added at the end
NOTE: nl63_DELIM-SQHHTILIZWXFQEZALQFJ_KF530105_DELIM-SQHHTILIZWXFQEZALQFJ_NL63_DELIM-SQHHTILIZWXFQEZALQFJ_human_DELIM-SQHHTILIZWXFQEZALQFJ_USA_DELIM-SQHHTILIZWXFQEZALQFJ_012_31_DELIM-SQHHTILIZWXFQEZALQFJ_2001_DELIM-SQHHTILIZWXFQEZALQFJ_2001 (identical to nl63_DELIM-SQHHTILIZWXFQEZALQFJ_MG772808_DELIM-SQHHTILIZWXFQEZALQFJ_CN0601_DELIM-SQHHTILIZWXFQEZALQFJ_14_DELIM-SQHHTILIZWXFQEZALQFJ_2014) is ignored but added at the end
NOTE: nl63_DELIM-SQHHTILIZWXFQEZALQFJ_KF530114_DELIM-SQHHTILIZWXFQEZALQFJ_NL63_DELIM-SQHHTILIZWXFQEZALQFJ_human_DELIM-SQHHTILIZWXFQEZALQFJ_USA_DELIM-SQHHTILIZWXFQEZALQFJ_891_4_DELIM-SQHHTILIZWXFQEZALQFJ_1989_DELIM-SQHHTILIZWXFQEZALQFJ_1989 (identical to nl63_DELIM-SQHHTILIZWXFQEZALQFJ_MG772808_DELIM-SQHHTILIZWXFQEZALQFJ_CN0601_DELIM-SQHHTILIZWXFQEZALQFJ_14_DELIM-SQHHTILIZWXFQEZALQFJ_2014) is ignored but added at the end
NOTE: nl63_DELIM-SQHHTILIZWXFQEZALQFJ_KF530108_DELIM-SQHHTILIZWXFQEZALQFJ_NL63_DELIM-SQHHTILIZWXFQEZALQFJ_human_DELIM-SQHHTILIZWXFQEZALQFJ_USA_DELIM-SQHHTILIZWXFQEZALQFJ_891_6_DELIM-SQHHTILIZWXFQEZALQFJ_1989_DELIM-SQHHTILIZWXFQEZALQFJ_1989 (identical to nl63_DELIM-SQHHTILIZWXFQEZALQFJ_MG772808_DELIM-SQHHTILIZWXFQEZALQFJ_CN0601_DELIM-SQHHTILIZWXFQEZALQFJ_14_DELIM-SQHHTILIZWXFQEZALQFJ_2014) is ignored but added at the end
NOTE: nl63_DELIM-SQHHTILIZWXFQEZALQFJ_KF530111_DELIM-SQHHTILIZWXFQEZALQFJ_NL63_DELIM-SQHHTILIZWXFQEZALQFJ_human_DELIM-SQHHTILIZWXFQEZALQFJ_USA_DELIM-SQHHTILIZWXFQEZALQFJ_901_24_DELIM-SQHHTILIZWXFQEZALQFJ_1990_DELIM-SQHHTILIZWXFQEZALQFJ_1990 (identical to nl63_DELIM-SQHHTILIZWXFQEZALQFJ_MG772808_DELIM-SQHHTILIZWXFQEZALQFJ_CN0601_DELIM-SQHHTILIZWXFQEZALQFJ_14_DELIM-SQHHTILIZWXFQEZALQFJ_2014) is ignored but added at the end
NOTE: nl63_DELIM-SQHHTILIZWXFQEZALQFJ_KF530109_DELIM-SQHHTILIZWXFQEZALQFJ_NL63_DELIM-SQHHTILIZWXFQEZALQFJ_human_DELIM-SQHHTILIZWXFQEZALQFJ_USA_DELIM-SQHHTILIZWXFQEZALQFJ_903_28_DELIM-SQHHTILIZWXFQEZALQFJ_1990_DELIM-SQHHTILIZWXFQEZALQFJ_1990 (identical to nl63_DELIM-SQHHTILIZWXFQEZALQFJ_MG772808_DELIM-SQHHTILIZWXFQEZALQFJ_CN0601_DELIM-SQHHTILIZWXFQEZALQFJ_14_DELIM-SQHHTILIZWXFQEZALQFJ_2014) is ignored but added at the end
NOTE: nl63_DELIM-SQHHTILIZWXFQEZALQFJ_KF530104_DELIM-SQHHTILIZWXFQEZALQFJ_NL63_DELIM-SQHHTILIZWXFQEZALQFJ_human_DELIM-SQHHTILIZWXFQEZALQFJ_USA_DELIM-SQHHTILIZWXFQEZALQFJ_904_20_DELIM-SQHHTILIZWXFQEZALQFJ_1990_DELIM-SQHHTILIZWXFQEZALQFJ_1990 (identical to nl63_DELIM-SQHHTILIZWXFQEZALQFJ_MG772808_DELIM-SQHHTILIZWXFQEZALQFJ_CN0601_DELIM-SQHHTILIZWXFQEZALQFJ_14_DELIM-SQHHTILIZWXFQEZALQFJ_2014) is ignored but added at the end
NOTE: nl63_DELIM-SQHHTILIZWXFQEZALQFJ_KF530113_DELIM-SQHHTILIZWXFQEZALQFJ_NL63_DELIM-SQHHTILIZWXFQEZALQFJ_human_DELIM-SQHHTILIZWXFQEZALQFJ_USA_DELIM-SQHHTILIZWXFQEZALQFJ_905_25_DELIM-SQHHTILIZWXFQEZALQFJ_1990_DELIM-SQHHTILIZWXFQEZALQFJ_1990 (identical to nl63_DELIM-SQHHTILIZWXFQEZALQFJ_MG772808_DELIM-SQHHTILIZWXFQEZALQFJ_CN0601_DELIM-SQHHTILIZWXFQEZALQFJ_14_DELIM-SQHHTILIZWXFQEZALQFJ_2014) is ignored but added at the end
NOTE: nl63_DELIM-SQHHTILIZWXFQEZALQFJ_KF530107_DELIM-SQHHTILIZWXFQEZALQFJ_NL63_DELIM-SQHHTILIZWXFQEZALQFJ_human_DELIM-SQHHTILIZWXFQEZALQFJ_USA_DELIM-SQHHTILIZWXFQEZALQFJ_911_56_DELIM-SQHHTILIZWXFQEZALQFJ_1991_DELIM-SQHHTILIZWXFQEZALQFJ_1991 (identical to nl63_DELIM-SQHHTILIZWXFQEZALQFJ_MG772808_DELIM-SQHHTILIZWXFQEZALQFJ_CN0601_DELIM-SQHHTILIZWXFQEZALQFJ_14_DELIM-SQHHTILIZWXFQEZALQFJ_2014) is ignored but added at the end
NOTE: nl63_DELIM-SQHHTILIZWXFQEZALQFJ_KY554970_DELIM-SQHHTILIZWXFQEZALQFJ_N07_324B_182X_DELIM-SQHHTILIZWXFQEZALQFJ_2016 (identical to nl63_DELIM-SQHHTILIZWXFQEZALQFJ_KY554967_DELIM-SQHHTILIZWXFQEZALQFJ_N06_1144B_DELIM-SQHHTILIZWXFQEZALQFJ_2016) is ignored but added at the end
NOTE: nl63_DELIM-SQHHTILIZWXFQEZALQFJ_KY674916_DELIM-SQHHTILIZWXFQEZALQFJ_N07_64B_DELIM-SQHHTILIZWXFQEZALQFJ_2016 (identical to nl63_DELIM-SQHHTILIZWXFQEZALQFJ_KY554967_DELIM-SQHHTILIZWXFQEZALQFJ_N06_1144B_DELIM-SQHHTILIZWXFQEZALQFJ_2016) is ignored but added at the end
NOTE: nl63_DELIM-SQHHTILIZWXFQEZALQFJ_KY674915_DELIM-SQHHTILIZWXFQEZALQFJ_N07_6B_DELIM-SQHHTILIZWXFQEZALQFJ_2016 (identical to nl63_DELIM-SQHHTILIZWXFQEZALQFJ_KY554967_DELIM-SQHHTILIZWXFQEZALQFJ_N06_1144B_DELIM-SQHHTILIZWXFQEZALQFJ_2016) is ignored but added at the end
NOTE: nl63_DELIM-SQHHTILIZWXFQEZALQFJ_JQ765569_DELIM-SQHHTILIZWXFQEZALQFJ_NL63_DELIM-SQHHTILIZWXFQEZALQFJ_DEN_DELIM-SQHHTILIZWXFQEZALQFJ_2005_DELIM-SQHHTILIZWXFQEZALQFJ_232_DELIM-SQHHTILIZWXFQEZALQFJ_2005 (identical to nl63_DELIM-SQHHTILIZWXFQEZALQFJ_KY554967_DELIM-SQHHTILIZWXFQEZALQFJ_N06_1144B_DELIM-SQHHTILIZWXFQEZALQFJ_2016) is ignored but added at the end
NOTE: nl63_DELIM-SQHHTILIZWXFQEZALQFJ_JQ900258_DELIM-SQHHTILIZWXFQEZALQFJ_NL63_DELIM-SQHHTILIZWXFQEZALQFJ_DEN_DELIM-SQHHTILIZWXFQEZALQFJ_2005_DELIM-SQHHTILIZWXFQEZALQFJ_291_DELIM-SQHHTILIZWXFQEZALQFJ_2005 (identical to nl63_DELIM-SQHHTILIZWXFQEZALQFJ_KY554967_DELIM-SQHHTILIZWXFQEZALQFJ_N06_1144B_DELIM-SQHHTILIZWXFQEZALQFJ_2016) is ignored but added at the end
NOTE: nl63_DELIM-SQHHTILIZWXFQEZALQFJ_JQ765566_DELIM-SQHHTILIZWXFQEZALQFJ_NL63_DELIM-SQHHTILIZWXFQEZALQFJ_DEN_DELIM-SQHHTILIZWXFQEZALQFJ_2008_DELIM-SQHHTILIZWXFQEZALQFJ_16_DELIM-SQHHTILIZWXFQEZALQFJ_2008 (identical to nl63_DELIM-SQHHTILIZWXFQEZALQFJ_KY554967_DELIM-SQHHTILIZWXFQEZALQFJ_N06_1144B_DELIM-SQHHTILIZWXFQEZALQFJ_2016) is ignored but added at the end
NOTE: nl63_DELIM-SQHHTILIZWXFQEZALQFJ_JQ765567_DELIM-SQHHTILIZWXFQEZALQFJ_NL63_DELIM-SQHHTILIZWXFQEZALQFJ_DEN_DELIM-SQHHTILIZWXFQEZALQFJ_2009_DELIM-SQHHTILIZWXFQEZALQFJ_20_DELIM-SQHHTILIZWXFQEZALQFJ_2009 (identical to nl63_DELIM-SQHHTILIZWXFQEZALQFJ_KY554967_DELIM-SQHHTILIZWXFQEZALQFJ_N06_1144B_DELIM-SQHHTILIZWXFQEZALQFJ_2016) is ignored but added at the end
NOTE: nl63_DELIM-SQHHTILIZWXFQEZALQFJ_JQ900255_DELIM-SQHHTILIZWXFQEZALQFJ_NL63_DELIM-SQHHTILIZWXFQEZALQFJ_DEN_DELIM-SQHHTILIZWXFQEZALQFJ_2009_DELIM-SQHHTILIZWXFQEZALQFJ_6_DELIM-SQHHTILIZWXFQEZALQFJ_2009 (identical to nl63_DELIM-SQHHTILIZWXFQEZALQFJ_KY554967_DELIM-SQHHTILIZWXFQEZALQFJ_N06_1144B_DELIM-SQHHTILIZWXFQEZALQFJ_2016) is ignored but added at the end
NOTE: nl63_DELIM-SQHHTILIZWXFQEZALQFJ_JQ765563_DELIM-SQHHTILIZWXFQEZALQFJ_NL63_DELIM-SQHHTILIZWXFQEZALQFJ_DEN_DELIM-SQHHTILIZWXFQEZALQFJ_2009_DELIM-SQHHTILIZWXFQEZALQFJ_9_DELIM-SQHHTILIZWXFQEZALQFJ_2009 (identical to nl63_DELIM-SQHHTILIZWXFQEZALQFJ_KY554967_DELIM-SQHHTILIZWXFQEZALQFJ_N06_1144B_DELIM-SQHHTILIZWXFQEZALQFJ_2016) is ignored but added at the end
NOTE: nl63_DELIM-SQHHTILIZWXFQEZALQFJ_KT381875_DELIM-SQHHTILIZWXFQEZALQFJ_NL63_DELIM-SQHHTILIZWXFQEZALQFJ_UF_1_DELIM-SQHHTILIZWXFQEZALQFJ_2015_DELIM-SQHHTILIZWXFQEZALQFJ_2015 (identical to nl63_DELIM-SQHHTILIZWXFQEZALQFJ_KY554967_DELIM-SQHHTILIZWXFQEZALQFJ_N06_1144B_DELIM-SQHHTILIZWXFQEZALQFJ_2016) is ignored but added at the end
NOTE: nl63_DELIM-SQHHTILIZWXFQEZALQFJ_KU521535_DELIM-SQHHTILIZWXFQEZALQFJ_NL63_DELIM-SQHHTILIZWXFQEZALQFJ_UF_2_DELIM-SQHHTILIZWXFQEZALQFJ_2015_DELIM-SQHHTILIZWXFQEZALQFJ_2015 (identical to nl63_DELIM-SQHHTILIZWXFQEZALQFJ_KY554967_DELIM-SQHHTILIZWXFQEZALQFJ_N06_1144B_DELIM-SQHHTILIZWXFQEZALQFJ_2016) is ignored but added at the end
NOTE: nl63_DELIM-SQHHTILIZWXFQEZALQFJ_KX179500_DELIM-SQHHTILIZWXFQEZALQFJ_NL63_DELIM-SQHHTILIZWXFQEZALQFJ_UF_2_DELIM-SQHHTILIZWXFQEZALQFJ_2015_DELIM-SQHHTILIZWXFQEZALQFJ_2015 (identical to nl63_DELIM-SQHHTILIZWXFQEZALQFJ_KY554967_DELIM-SQHHTILIZWXFQEZALQFJ_N06_1144B_DELIM-SQHHTILIZWXFQEZALQFJ_2016) is ignored but added at the end
NOTE: nl63_DELIM-SQHHTILIZWXFQEZALQFJ_MN026166_DELIM-SQHHTILIZWXFQEZALQFJ_NL63_KLF_01_2018_DELIM-SQHHTILIZWXFQEZALQFJ_2018 (identical to nl63_DELIM-SQHHTILIZWXFQEZALQFJ_KY554967_DELIM-SQHHTILIZWXFQEZALQFJ_N06_1144B_DELIM-SQHHTILIZWXFQEZALQFJ_2016) is ignored but added at the end
NOTE: nl63_DELIM-SQHHTILIZWXFQEZALQFJ_MK334046_DELIM-SQHHTILIZWXFQEZALQFJ_ChinaGD01_DELIM-SQHHTILIZWXFQEZALQFJ_2018 (identical to nl63_DELIM-SQHHTILIZWXFQEZALQFJ_JX104161_DELIM-SQHHTILIZWXFQEZALQFJ_CBJ_037_DELIM-SQHHTILIZWXFQEZALQFJ_2008) is ignored but added at the end
NOTE: nl63_DELIM-SQHHTILIZWXFQEZALQFJ_MK334047_DELIM-SQHHTILIZWXFQEZALQFJ_ChinaGD04_DELIM-SQHHTILIZWXFQEZALQFJ_2018 (identical to nl63_DELIM-SQHHTILIZWXFQEZALQFJ_JX104161_DELIM-SQHHTILIZWXFQEZALQFJ_CBJ_037_DELIM-SQHHTILIZWXFQEZALQFJ_2008) is ignored but added at the end
NOTE: nl63_DELIM-SQHHTILIZWXFQEZALQFJ_MK334045_DELIM-SQHHTILIZWXFQEZALQFJ_ChinaGD05_DELIM-SQHHTILIZWXFQEZALQFJ_2018 (identical to nl63_DELIM-SQHHTILIZWXFQEZALQFJ_JX104161_DELIM-SQHHTILIZWXFQEZALQFJ_CBJ_037_DELIM-SQHHTILIZWXFQEZALQFJ_2008) is ignored but added at the end
NOTE: nl63_DELIM-SQHHTILIZWXFQEZALQFJ_KT266906_DELIM-SQHHTILIZWXFQEZALQFJ_HCoV_NL63_DELIM-SQHHTILIZWXFQEZALQFJ_Haiti_1_DELIM-SQHHTILIZWXFQEZALQFJ_2015_DELIM-SQHHTILIZWXFQEZALQFJ_2015 (identical to nl63_DELIM-SQHHTILIZWXFQEZALQFJ_JX104161_DELIM-SQHHTILIZWXFQEZALQFJ_CBJ_037_DELIM-SQHHTILIZWXFQEZALQFJ_2008) is ignored but added at the end
NOTE: nl63_DELIM-SQHHTILIZWXFQEZALQFJ_MN306018_DELIM-SQHHTILIZWXFQEZALQFJ_HCoV_NL63_DELIM-SQHHTILIZWXFQEZALQFJ_Seattle_DELIM-SQHHTILIZWXFQEZALQFJ_USA_DELIM-SQHHTILIZWXFQEZALQFJ_SC0179_DELIM-SQHHTILIZWXFQEZALQFJ_2018_DELIM-SQHHTILIZWXFQEZALQFJ_2018 (identical to nl63_DELIM-SQHHTILIZWXFQEZALQFJ_JX104161_DELIM-SQHHTILIZWXFQEZALQFJ_CBJ_037_DELIM-SQHHTILIZWXFQEZALQFJ_2008) is ignored but added at the end
NOTE: nl63_DELIM-SQHHTILIZWXFQEZALQFJ_MN306040_DELIM-SQHHTILIZWXFQEZALQFJ_HCoV_NL63_DELIM-SQHHTILIZWXFQEZALQFJ_Seattle_DELIM-SQHHTILIZWXFQEZALQFJ_USA_DELIM-SQHHTILIZWXFQEZALQFJ_SC0768_DELIM-SQHHTILIZWXFQEZALQFJ_2019_DELIM-SQHHTILIZWXFQEZALQFJ_2019 (identical to nl63_DELIM-SQHHTILIZWXFQEZALQFJ_JX104161_DELIM-SQHHTILIZWXFQEZALQFJ_CBJ_037_DELIM-SQHHTILIZWXFQEZALQFJ_2008) is ignored but added at the end
NOTE: nl63_DELIM-SQHHTILIZWXFQEZALQFJ_MG428703_DELIM-SQHHTILIZWXFQEZALQFJ_Kilifi_HH_0511_01_Jun_2010_DELIM-SQHHTILIZWXFQEZALQFJ_2010 (identical to nl63_DELIM-SQHHTILIZWXFQEZALQFJ_JX104161_DELIM-SQHHTILIZWXFQEZALQFJ_CBJ_037_DELIM-SQHHTILIZWXFQEZALQFJ_2008) is ignored but added at the end
NOTE: nl63_DELIM-SQHHTILIZWXFQEZALQFJ_MG428701_DELIM-SQHHTILIZWXFQEZALQFJ_Kilifi_HH_0512_04_Jun_2010_DELIM-SQHHTILIZWXFQEZALQFJ_2010 (identical to nl63_DELIM-SQHHTILIZWXFQEZALQFJ_JX104161_DELIM-SQHHTILIZWXFQEZALQFJ_CBJ_037_DELIM-SQHHTILIZWXFQEZALQFJ_2008) is ignored but added at the end
NOTE: nl63_DELIM-SQHHTILIZWXFQEZALQFJ_MG428705_DELIM-SQHHTILIZWXFQEZALQFJ_Kilifi_HH_0522_21_May_2010_DELIM-SQHHTILIZWXFQEZALQFJ_2010 (identical to nl63_DELIM-SQHHTILIZWXFQEZALQFJ_JX104161_DELIM-SQHHTILIZWXFQEZALQFJ_CBJ_037_DELIM-SQHHTILIZWXFQEZALQFJ_2008) is ignored but added at the end
NOTE: nl63_DELIM-SQHHTILIZWXFQEZALQFJ_MG428700_DELIM-SQHHTILIZWXFQEZALQFJ_Kilifi_HH_1602_01_Jun_2010_DELIM-SQHHTILIZWXFQEZALQFJ_2010 (identical to nl63_DELIM-SQHHTILIZWXFQEZALQFJ_JX104161_DELIM-SQHHTILIZWXFQEZALQFJ_CBJ_037_DELIM-SQHHTILIZWXFQEZALQFJ_2008) is ignored but added at the end
NOTE: nl63_DELIM-SQHHTILIZWXFQEZALQFJ_MG428702_DELIM-SQHHTILIZWXFQEZALQFJ_Kilifi_HH_3807_11_May_2010_DELIM-SQHHTILIZWXFQEZALQFJ_2010 (identical to nl63_DELIM-SQHHTILIZWXFQEZALQFJ_JX104161_DELIM-SQHHTILIZWXFQEZALQFJ_CBJ_037_DELIM-SQHHTILIZWXFQEZALQFJ_2008) is ignored but added at the end
NOTE: nl63_DELIM-SQHHTILIZWXFQEZALQFJ_MG428706_DELIM-SQHHTILIZWXFQEZALQFJ_Kilifi_HH_3808_24_May_2010_DELIM-SQHHTILIZWXFQEZALQFJ_2010 (identical to nl63_DELIM-SQHHTILIZWXFQEZALQFJ_JX104161_DELIM-SQHHTILIZWXFQEZALQFJ_CBJ_037_DELIM-SQHHTILIZWXFQEZALQFJ_2008) is ignored but added at the end
NOTE: nl63_DELIM-SQHHTILIZWXFQEZALQFJ_MG428707_DELIM-SQHHTILIZWXFQEZALQFJ_Kilifi_HH_5401_20_May_2010_DELIM-SQHHTILIZWXFQEZALQFJ_2010 (identical to nl63_DELIM-SQHHTILIZWXFQEZALQFJ_JX104161_DELIM-SQHHTILIZWXFQEZALQFJ_CBJ_037_DELIM-SQHHTILIZWXFQEZALQFJ_2008) is ignored but added at the end
NOTE: nl63_DELIM-SQHHTILIZWXFQEZALQFJ_MG428704_DELIM-SQHHTILIZWXFQEZALQFJ_Kilifi_HH_5402_20_May_2010_DELIM-SQHHTILIZWXFQEZALQFJ_2010 (identical to nl63_DELIM-SQHHTILIZWXFQEZALQFJ_JX104161_DELIM-SQHHTILIZWXFQEZALQFJ_CBJ_037_DELIM-SQHHTILIZWXFQEZALQFJ_2008) is ignored but added at the end
NOTE: nl63_DELIM-SQHHTILIZWXFQEZALQFJ_MG428699_DELIM-SQHHTILIZWXFQEZALQFJ_Kilifi_HH_5709_19_May_2010_DELIM-SQHHTILIZWXFQEZALQFJ_2010 (identical to nl63_DELIM-SQHHTILIZWXFQEZALQFJ_JX104161_DELIM-SQHHTILIZWXFQEZALQFJ_CBJ_037_DELIM-SQHHTILIZWXFQEZALQFJ_2008) is ignored but added at the end
NOTE: nl63_DELIM-SQHHTILIZWXFQEZALQFJ_JQ900257_DELIM-SQHHTILIZWXFQEZALQFJ_NL63_DELIM-SQHHTILIZWXFQEZALQFJ_DEN_DELIM-SQHHTILIZWXFQEZALQFJ_2009_DELIM-SQHHTILIZWXFQEZALQFJ_31_DELIM-SQHHTILIZWXFQEZALQFJ_2009 (identical to nl63_DELIM-SQHHTILIZWXFQEZALQFJ_JX104161_DELIM-SQHHTILIZWXFQEZALQFJ_CBJ_037_DELIM-SQHHTILIZWXFQEZALQFJ_2008) is ignored but added at the end
Alignment was printed to results/aligned_nl63_envelope-delim.fasta.uniqueseq.phy

For your convenience alignment with unique sequences printed to results/aligned_nl63_envelope-delim.fasta.uniqueseq.phy

Create initial parsimony tree by phylogenetic likelihood library (PLL)... 0.000 seconds

NOTE: 0 MB RAM (0 GB) is required!
Estimate model parameters (epsilon = 0.500)
1. Initial log-likelihood: -683.668
2. Current log-likelihood: -668.314
Optimal log-likelihood: -668.055
Rate parameters:  A-C: 1.22053  A-G: 1.18897  A-T: 0.40455  C-G: 0.67383  C-T: 2.12194  G-T: 1.00000
Base frequencies:  A: 0.270  C: 0.159  G: 0.143  T: 0.428
Parameters optimization took 2 rounds (0.001 sec)
Wrote distance file to... 
Computing ML distances based on estimated model parameters...
Calculating distance matrix: done in 0.000163078 secs using 94.43% CPU
Computing ML distances took 0.000198 sec (of wall-clock time) 0.000181 sec (of CPU time)
Setting up auxiliary I and S matrices: done in 8.2016e-05 secs using 91.45% CPU
Constructing RapidNJ tree: done in 9.5129e-05 secs using 167.1% CPU
Computing RapidNJ tree took 0.000284 sec (of wall-clock time) 0.000378 sec (of CPU time)
Log-likelihood of RapidNJ tree: -615.837
--------------------------------------------------------------------
|             INITIALIZING CANDIDATE TREE SET                      |
--------------------------------------------------------------------

Do NNI search on 2 best initial trees
Optimizing NNI: done in 0.000448942 secs using 196% CPU
BETTER TREE FOUND at iteration 1: -615.837
Optimizing NNI: done in 0.00119901 secs using 188.8% CPU
Finish initializing candidate tree set (4)
Current best tree score: -615.837 / CPU time: 0.002
Number of iterations: 2
TREE SEARCH COMPLETED AFTER 2 ITERATIONS / Time: 0h:0m:0s

--------------------------------------------------------------------
|                    FINALIZING TREE SEARCH                        |
--------------------------------------------------------------------
Performs final model parameters optimization
Estimate model parameters (epsilon = 0.050)
1. Initial log-likelihood: -615.837
2. Current log-likelihood: -614.534
3. Current log-likelihood: -614.387
Optimal log-likelihood: -614.385
Rate parameters:  A-C: 1.28997  A-G: 1.21846  A-T: 0.36169  C-G: 0.71693  C-T: 1.28027  G-T: 1.00000
Base frequencies:  A: 0.270  C: 0.159  G: 0.143  T: 0.428
Parameters optimization took 3 rounds (0.002 sec)
BEST SCORE FOUND : -614.385
Total tree length: 0.658

Total number of iterations: 2
CPU time used for tree search: 0.004 sec (0h:0m:0s)
Wall-clock time used for tree search: 0.002 sec (0h:0m:0s)
Total CPU time used: 0.017 sec (0h:0m:0s)
Total wall-clock time used: 0.014 sec (0h:0m:0s)

Analysis results written to: 
  IQ-TREE report:                results/aligned_nl63_envelope-delim.fasta.iqtree
  Maximum-likelihood tree:       results/aligned_nl63_envelope-delim.fasta.treefile
  Likelihood distances:          results/aligned_nl63_envelope-delim.fasta.mldist
  Screen log file:               results/aligned_nl63_envelope-delim.fasta.log

Date and Time: Fri May 13 12:37:05 2022
