IQ-TREE multicore version 2.2.0-beta COVID-edition for Mac OS X 64-bit built Mar  3 2022 built Mar  3 2022
Developed by Bui Quang Minh, James Barbetti, Nguyen Lam Tung,
Olga Chernomor, Heiko Schmidt, Dominik Schrempf, Michael Woodhams, Ly Trong Nhan.

Host:    macbook-pro-2.fhcrc.org (SSE4.2, 8 GB RAM)
Command: iqtree2 -nt 1 -s results/aligned_nl63_membrane-delim.fasta -m GTR -ninit 2 -n 2 -me 0.05
Seed:    467222 (Using SPRNG - Scalable Parallel Random Number Generator)
Time:    Fri May 13 12:38:56 2022
Kernel:  SSE2 - 1 threads (8 CPU cores detected)

HINT: Use -nt option to specify number of threads because your CPU has 8 cores!
HINT: -nt AUTO will automatically determine the best number of threads to use.

Reading alignment file results/aligned_nl63_membrane-delim.fasta ... Fasta format detected
Reading fasta file: done in 0.00095892 secs using 93.54% CPU
Alignment most likely contains DNA/RNA sequences
Constructing alignment: done in 0.000544071 secs using 79.03% CPU
Alignment has 68 sequences with 681 columns, 46 distinct patterns
18 parsimony-informative, 232 singleton sites, 431 constant sites
                                                                                                                                                                                                                                                   Gap/Ambiguity  Composition  p-value
Analyzing sequences: done in 1.00136e-05 secs using 79.89% CPU
   1  nl63_DELIM-ZXNDPAYOPZGATBYGIUYN_JX504050_DELIM-ZXNDPAYOPZGATBYGIUYN_NL63_DELIM-ZXNDPAYOPZGATBYGIUYN_RPTEC_DELIM-ZXNDPAYOPZGATBYGIUYN_2004_DELIM-ZXNDPAYOPZGATBYGIUYN_2004                                                                            0.00%    passed     99.44%
   2  nl63_DELIM-ZXNDPAYOPZGATBYGIUYN_JQ765573_DELIM-ZXNDPAYOPZGATBYGIUYN_NL63_DELIM-ZXNDPAYOPZGATBYGIUYN_DEN_DELIM-ZXNDPAYOPZGATBYGIUYN_2005_DELIM-ZXNDPAYOPZGATBYGIUYN_1062_DELIM-ZXNDPAYOPZGATBYGIUYN_2005                                              0.00%    passed     99.71%
   3  nl63_DELIM-ZXNDPAYOPZGATBYGIUYN_JQ900260_DELIM-ZXNDPAYOPZGATBYGIUYN_NL63_DELIM-ZXNDPAYOPZGATBYGIUYN_DEN_DELIM-ZXNDPAYOPZGATBYGIUYN_2005_DELIM-ZXNDPAYOPZGATBYGIUYN_1120_DELIM-ZXNDPAYOPZGATBYGIUYN_2005                                              0.00%    passed     99.71%
   4  nl63_DELIM-ZXNDPAYOPZGATBYGIUYN_JQ765568_DELIM-ZXNDPAYOPZGATBYGIUYN_NL63_DELIM-ZXNDPAYOPZGATBYGIUYN_DEN_DELIM-ZXNDPAYOPZGATBYGIUYN_2005_DELIM-ZXNDPAYOPZGATBYGIUYN_193_DELIM-ZXNDPAYOPZGATBYGIUYN_2005                                               0.00%    passed     99.71%
   5  nl63_DELIM-ZXNDPAYOPZGATBYGIUYN_JQ765571_DELIM-ZXNDPAYOPZGATBYGIUYN_NL63_DELIM-ZXNDPAYOPZGATBYGIUYN_DEN_DELIM-ZXNDPAYOPZGATBYGIUYN_2005_DELIM-ZXNDPAYOPZGATBYGIUYN_271_DELIM-ZXNDPAYOPZGATBYGIUYN_2005                                               0.00%    passed     99.71%
   6  nl63_DELIM-ZXNDPAYOPZGATBYGIUYN_JQ765572_DELIM-ZXNDPAYOPZGATBYGIUYN_NL63_DELIM-ZXNDPAYOPZGATBYGIUYN_DEN_DELIM-ZXNDPAYOPZGATBYGIUYN_2005_DELIM-ZXNDPAYOPZGATBYGIUYN_347_DELIM-ZXNDPAYOPZGATBYGIUYN_2005                                               0.00%    passed     99.71%
   7  nl63_DELIM-ZXNDPAYOPZGATBYGIUYN_JQ900259_DELIM-ZXNDPAYOPZGATBYGIUYN_NL63_DELIM-ZXNDPAYOPZGATBYGIUYN_DEN_DELIM-ZXNDPAYOPZGATBYGIUYN_2005_DELIM-ZXNDPAYOPZGATBYGIUYN_449_DELIM-ZXNDPAYOPZGATBYGIUYN_2005                                               0.00%    passed     99.71%
   8  nl63_DELIM-ZXNDPAYOPZGATBYGIUYN_JQ765575_DELIM-ZXNDPAYOPZGATBYGIUYN_NL63_DELIM-ZXNDPAYOPZGATBYGIUYN_DEN_DELIM-ZXNDPAYOPZGATBYGIUYN_2005_DELIM-ZXNDPAYOPZGATBYGIUYN_1876_DELIM-ZXNDPAYOPZGATBYGIUYN_2005                                              0.00%    passed     99.08%
   9  nl63_DELIM-ZXNDPAYOPZGATBYGIUYN_KY554969_DELIM-ZXNDPAYOPZGATBYGIUYN_N07_196B_DELIM-ZXNDPAYOPZGATBYGIUYN_2016                                                                                                                                         0.00%    passed     99.94%
  10  nl63_DELIM-ZXNDPAYOPZGATBYGIUYN_KY829118_DELIM-ZXNDPAYOPZGATBYGIUYN_N07_262B_DELIM-ZXNDPAYOPZGATBYGIUYN_2015                                                                                                                                         0.00%    passed     99.94%
  11  nl63_DELIM-ZXNDPAYOPZGATBYGIUYN_KY554971_DELIM-ZXNDPAYOPZGATBYGIUYN_N07_468B_176X_DELIM-ZXNDPAYOPZGATBYGIUYN_2016                                                                                                                                    0.00%    passed     99.94%
  12  nl63_DELIM-ZXNDPAYOPZGATBYGIUYN_JQ765574_DELIM-ZXNDPAYOPZGATBYGIUYN_NL63_DELIM-ZXNDPAYOPZGATBYGIUYN_DEN_DELIM-ZXNDPAYOPZGATBYGIUYN_2005_DELIM-ZXNDPAYOPZGATBYGIUYN_1862_DELIM-ZXNDPAYOPZGATBYGIUYN_2005                                              0.00%    passed     99.94%
  13  nl63_DELIM-ZXNDPAYOPZGATBYGIUYN_KF530105_DELIM-ZXNDPAYOPZGATBYGIUYN_NL63_DELIM-ZXNDPAYOPZGATBYGIUYN_human_DELIM-ZXNDPAYOPZGATBYGIUYN_USA_DELIM-ZXNDPAYOPZGATBYGIUYN_012_31_DELIM-ZXNDPAYOPZGATBYGIUYN_2001_DELIM-ZXNDPAYOPZGATBYGIUYN_2001           0.00%    passed     99.94%
  14  nl63_DELIM-ZXNDPAYOPZGATBYGIUYN_KF530114_DELIM-ZXNDPAYOPZGATBYGIUYN_NL63_DELIM-ZXNDPAYOPZGATBYGIUYN_human_DELIM-ZXNDPAYOPZGATBYGIUYN_USA_DELIM-ZXNDPAYOPZGATBYGIUYN_891_4_DELIM-ZXNDPAYOPZGATBYGIUYN_1989_DELIM-ZXNDPAYOPZGATBYGIUYN_1989            0.00%    passed     99.94%
  15  nl63_DELIM-ZXNDPAYOPZGATBYGIUYN_KF530108_DELIM-ZXNDPAYOPZGATBYGIUYN_NL63_DELIM-ZXNDPAYOPZGATBYGIUYN_human_DELIM-ZXNDPAYOPZGATBYGIUYN_USA_DELIM-ZXNDPAYOPZGATBYGIUYN_891_6_DELIM-ZXNDPAYOPZGATBYGIUYN_1989_DELIM-ZXNDPAYOPZGATBYGIUYN_1989            0.00%    passed     99.94%
  16  nl63_DELIM-ZXNDPAYOPZGATBYGIUYN_KF530111_DELIM-ZXNDPAYOPZGATBYGIUYN_NL63_DELIM-ZXNDPAYOPZGATBYGIUYN_human_DELIM-ZXNDPAYOPZGATBYGIUYN_USA_DELIM-ZXNDPAYOPZGATBYGIUYN_901_24_DELIM-ZXNDPAYOPZGATBYGIUYN_1990_DELIM-ZXNDPAYOPZGATBYGIUYN_1990           0.00%    passed     99.94%
  17  nl63_DELIM-ZXNDPAYOPZGATBYGIUYN_KF530104_DELIM-ZXNDPAYOPZGATBYGIUYN_NL63_DELIM-ZXNDPAYOPZGATBYGIUYN_human_DELIM-ZXNDPAYOPZGATBYGIUYN_USA_DELIM-ZXNDPAYOPZGATBYGIUYN_904_20_DELIM-ZXNDPAYOPZGATBYGIUYN_1990_DELIM-ZXNDPAYOPZGATBYGIUYN_1990           0.00%    passed     99.94%
  18  nl63_DELIM-ZXNDPAYOPZGATBYGIUYN_KF530113_DELIM-ZXNDPAYOPZGATBYGIUYN_NL63_DELIM-ZXNDPAYOPZGATBYGIUYN_human_DELIM-ZXNDPAYOPZGATBYGIUYN_USA_DELIM-ZXNDPAYOPZGATBYGIUYN_905_25_DELIM-ZXNDPAYOPZGATBYGIUYN_1990_DELIM-ZXNDPAYOPZGATBYGIUYN_1990           0.00%    passed     99.94%
  19  nl63_DELIM-ZXNDPAYOPZGATBYGIUYN_KF530107_DELIM-ZXNDPAYOPZGATBYGIUYN_NL63_DELIM-ZXNDPAYOPZGATBYGIUYN_human_DELIM-ZXNDPAYOPZGATBYGIUYN_USA_DELIM-ZXNDPAYOPZGATBYGIUYN_911_56_DELIM-ZXNDPAYOPZGATBYGIUYN_1991_DELIM-ZXNDPAYOPZGATBYGIUYN_1991           0.00%    passed     99.94%
  20  nl63_DELIM-ZXNDPAYOPZGATBYGIUYN_KF530109_DELIM-ZXNDPAYOPZGATBYGIUYN_NL63_DELIM-ZXNDPAYOPZGATBYGIUYN_human_DELIM-ZXNDPAYOPZGATBYGIUYN_USA_DELIM-ZXNDPAYOPZGATBYGIUYN_903_28_DELIM-ZXNDPAYOPZGATBYGIUYN_1990_DELIM-ZXNDPAYOPZGATBYGIUYN_1990           0.00%    passed     99.75%
  21  nl63_DELIM-ZXNDPAYOPZGATBYGIUYN_KY983586_DELIM-ZXNDPAYOPZGATBYGIUYN_HCoV_NL63_DELIM-ZXNDPAYOPZGATBYGIUYN_Seattle_DELIM-ZXNDPAYOPZGATBYGIUYN_USA_DELIM-ZXNDPAYOPZGATBYGIUYN_SC2940_DELIM-ZXNDPAYOPZGATBYGIUYN_2015_DELIM-ZXNDPAYOPZGATBYGIUYN_2015    0.00%    passed     99.94%
  22  nl63_DELIM-ZXNDPAYOPZGATBYGIUYN_KY554967_DELIM-ZXNDPAYOPZGATBYGIUYN_N06_1144B_DELIM-ZXNDPAYOPZGATBYGIUYN_2016                                                                                                                                        0.00%    passed     99.95%
  23  nl63_DELIM-ZXNDPAYOPZGATBYGIUYN_KY674916_DELIM-ZXNDPAYOPZGATBYGIUYN_N07_64B_DELIM-ZXNDPAYOPZGATBYGIUYN_2016                                                                                                                                          0.00%    passed     99.95%
  24  nl63_DELIM-ZXNDPAYOPZGATBYGIUYN_KY674915_DELIM-ZXNDPAYOPZGATBYGIUYN_N07_6B_DELIM-ZXNDPAYOPZGATBYGIUYN_2016                                                                                                                                           0.00%    passed     99.95%
  25  nl63_DELIM-ZXNDPAYOPZGATBYGIUYN_JQ765569_DELIM-ZXNDPAYOPZGATBYGIUYN_NL63_DELIM-ZXNDPAYOPZGATBYGIUYN_DEN_DELIM-ZXNDPAYOPZGATBYGIUYN_2005_DELIM-ZXNDPAYOPZGATBYGIUYN_232_DELIM-ZXNDPAYOPZGATBYGIUYN_2005                                               0.00%    passed     99.95%
  26  nl63_DELIM-ZXNDPAYOPZGATBYGIUYN_JQ765570_DELIM-ZXNDPAYOPZGATBYGIUYN_NL63_DELIM-ZXNDPAYOPZGATBYGIUYN_DEN_DELIM-ZXNDPAYOPZGATBYGIUYN_2005_DELIM-ZXNDPAYOPZGATBYGIUYN_235_DELIM-ZXNDPAYOPZGATBYGIUYN_2005                                               0.00%    passed     99.95%
  27  nl63_DELIM-ZXNDPAYOPZGATBYGIUYN_JQ900258_DELIM-ZXNDPAYOPZGATBYGIUYN_NL63_DELIM-ZXNDPAYOPZGATBYGIUYN_DEN_DELIM-ZXNDPAYOPZGATBYGIUYN_2005_DELIM-ZXNDPAYOPZGATBYGIUYN_291_DELIM-ZXNDPAYOPZGATBYGIUYN_2005                                               0.00%    passed     99.95%
  28  nl63_DELIM-ZXNDPAYOPZGATBYGIUYN_JQ765566_DELIM-ZXNDPAYOPZGATBYGIUYN_NL63_DELIM-ZXNDPAYOPZGATBYGIUYN_DEN_DELIM-ZXNDPAYOPZGATBYGIUYN_2008_DELIM-ZXNDPAYOPZGATBYGIUYN_16_DELIM-ZXNDPAYOPZGATBYGIUYN_2008                                                0.00%    passed     99.95%
  29  nl63_DELIM-ZXNDPAYOPZGATBYGIUYN_JQ765564_DELIM-ZXNDPAYOPZGATBYGIUYN_NL63_DELIM-ZXNDPAYOPZGATBYGIUYN_DEN_DELIM-ZXNDPAYOPZGATBYGIUYN_2009_DELIM-ZXNDPAYOPZGATBYGIUYN_14_DELIM-ZXNDPAYOPZGATBYGIUYN_2009                                                0.00%    passed     99.95%
  30  nl63_DELIM-ZXNDPAYOPZGATBYGIUYN_JQ765565_DELIM-ZXNDPAYOPZGATBYGIUYN_NL63_DELIM-ZXNDPAYOPZGATBYGIUYN_DEN_DELIM-ZXNDPAYOPZGATBYGIUYN_2009_DELIM-ZXNDPAYOPZGATBYGIUYN_15_DELIM-ZXNDPAYOPZGATBYGIUYN_2009                                                0.00%    passed     99.95%
  31  nl63_DELIM-ZXNDPAYOPZGATBYGIUYN_JQ765567_DELIM-ZXNDPAYOPZGATBYGIUYN_NL63_DELIM-ZXNDPAYOPZGATBYGIUYN_DEN_DELIM-ZXNDPAYOPZGATBYGIUYN_2009_DELIM-ZXNDPAYOPZGATBYGIUYN_20_DELIM-ZXNDPAYOPZGATBYGIUYN_2009                                                0.00%    passed     99.95%
  32  nl63_DELIM-ZXNDPAYOPZGATBYGIUYN_JQ900255_DELIM-ZXNDPAYOPZGATBYGIUYN_NL63_DELIM-ZXNDPAYOPZGATBYGIUYN_DEN_DELIM-ZXNDPAYOPZGATBYGIUYN_2009_DELIM-ZXNDPAYOPZGATBYGIUYN_6_DELIM-ZXNDPAYOPZGATBYGIUYN_2009                                                 0.00%    passed     99.95%
  33  nl63_DELIM-ZXNDPAYOPZGATBYGIUYN_KF530112_DELIM-ZXNDPAYOPZGATBYGIUYN_NL63_DELIM-ZXNDPAYOPZGATBYGIUYN_human_DELIM-ZXNDPAYOPZGATBYGIUYN_USA_DELIM-ZXNDPAYOPZGATBYGIUYN_0111_25_DELIM-ZXNDPAYOPZGATBYGIUYN_2001_DELIM-ZXNDPAYOPZGATBYGIUYN_2001          0.00%    passed     99.95%
  34  nl63_DELIM-ZXNDPAYOPZGATBYGIUYN_JQ900256_DELIM-ZXNDPAYOPZGATBYGIUYN_NL63_DELIM-ZXNDPAYOPZGATBYGIUYN_DEN_DELIM-ZXNDPAYOPZGATBYGIUYN_2009_DELIM-ZXNDPAYOPZGATBYGIUYN_22_DELIM-ZXNDPAYOPZGATBYGIUYN_2009                                                0.00%    passed     99.80%
  35  nl63_DELIM-ZXNDPAYOPZGATBYGIUYN_JQ765563_DELIM-ZXNDPAYOPZGATBYGIUYN_NL63_DELIM-ZXNDPAYOPZGATBYGIUYN_DEN_DELIM-ZXNDPAYOPZGATBYGIUYN_2009_DELIM-ZXNDPAYOPZGATBYGIUYN_9_DELIM-ZXNDPAYOPZGATBYGIUYN_2009                                                 0.00%    passed     99.73%
  36  nl63_DELIM-ZXNDPAYOPZGATBYGIUYN_KY554968_DELIM-ZXNDPAYOPZGATBYGIUYN_N07_185B_DELIM-ZXNDPAYOPZGATBYGIUYN_2016                                                                                                                                         0.00%    passed     99.98%
  37  nl63_DELIM-ZXNDPAYOPZGATBYGIUYN_KY554970_DELIM-ZXNDPAYOPZGATBYGIUYN_N07_324B_182X_DELIM-ZXNDPAYOPZGATBYGIUYN_2016                                                                                                                                    0.00%    passed     99.98%
  38  nl63_DELIM-ZXNDPAYOPZGATBYGIUYN_MG772808_DELIM-ZXNDPAYOPZGATBYGIUYN_CN0601_DELIM-ZXNDPAYOPZGATBYGIUYN_14_DELIM-ZXNDPAYOPZGATBYGIUYN_2014                                                                                                             0.00%    passed     99.61%
  39  nl63_DELIM-ZXNDPAYOPZGATBYGIUYN_KF530110_DELIM-ZXNDPAYOPZGATBYGIUYN_NL63_DELIM-ZXNDPAYOPZGATBYGIUYN_human_DELIM-ZXNDPAYOPZGATBYGIUYN_USA_DELIM-ZXNDPAYOPZGATBYGIUYN_838_9_DELIM-ZXNDPAYOPZGATBYGIUYN_1983_DELIM-ZXNDPAYOPZGATBYGIUYN_1983            0.00%    passed     99.45%
  40  nl63_DELIM-ZXNDPAYOPZGATBYGIUYN_KF530106_DELIM-ZXNDPAYOPZGATBYGIUYN_NL63_DELIM-ZXNDPAYOPZGATBYGIUYN_human_DELIM-ZXNDPAYOPZGATBYGIUYN_USA_DELIM-ZXNDPAYOPZGATBYGIUYN_8712_17_DELIM-ZXNDPAYOPZGATBYGIUYN_1987_DELIM-ZXNDPAYOPZGATBYGIUYN_1987          0.00%    passed     99.52%
  41  nl63_DELIM-ZXNDPAYOPZGATBYGIUYN_KT381875_DELIM-ZXNDPAYOPZGATBYGIUYN_NL63_DELIM-ZXNDPAYOPZGATBYGIUYN_UF_1_DELIM-ZXNDPAYOPZGATBYGIUYN_2015_DELIM-ZXNDPAYOPZGATBYGIUYN_2015                                                                             0.00%    passed    100.00%
  42  nl63_DELIM-ZXNDPAYOPZGATBYGIUYN_KU521535_DELIM-ZXNDPAYOPZGATBYGIUYN_NL63_DELIM-ZXNDPAYOPZGATBYGIUYN_UF_2_DELIM-ZXNDPAYOPZGATBYGIUYN_2015_DELIM-ZXNDPAYOPZGATBYGIUYN_2015                                                                             0.00%    passed    100.00%
  43  nl63_DELIM-ZXNDPAYOPZGATBYGIUYN_KX179500_DELIM-ZXNDPAYOPZGATBYGIUYN_NL63_DELIM-ZXNDPAYOPZGATBYGIUYN_UF_2_DELIM-ZXNDPAYOPZGATBYGIUYN_2015_DELIM-ZXNDPAYOPZGATBYGIUYN_2015                                                                             0.00%    passed    100.00%
  44  nl63_DELIM-ZXNDPAYOPZGATBYGIUYN_JX104161_DELIM-ZXNDPAYOPZGATBYGIUYN_CBJ_037_DELIM-ZXNDPAYOPZGATBYGIUYN_2008                                                                                                                                          0.00%    passed     99.88%
  45  nl63_DELIM-ZXNDPAYOPZGATBYGIUYN_KT266906_DELIM-ZXNDPAYOPZGATBYGIUYN_HCoV_NL63_DELIM-ZXNDPAYOPZGATBYGIUYN_Haiti_1_DELIM-ZXNDPAYOPZGATBYGIUYN_2015_DELIM-ZXNDPAYOPZGATBYGIUYN_2015                                                                     0.00%    passed     99.88%
  46  nl63_DELIM-ZXNDPAYOPZGATBYGIUYN_KX179497_DELIM-ZXNDPAYOPZGATBYGIUYN_NL63_DELIM-ZXNDPAYOPZGATBYGIUYN_Haiti_2_DELIM-ZXNDPAYOPZGATBYGIUYN_2015_DELIM-ZXNDPAYOPZGATBYGIUYN_2015                                                                          0.00%    passed     99.88%
  47  nl63_DELIM-ZXNDPAYOPZGATBYGIUYN_KX179498_DELIM-ZXNDPAYOPZGATBYGIUYN_NL63_DELIM-ZXNDPAYOPZGATBYGIUYN_Haiti_3_DELIM-ZXNDPAYOPZGATBYGIUYN_2015_DELIM-ZXNDPAYOPZGATBYGIUYN_2015                                                                          0.00%    passed     99.88%
  48  nl63_DELIM-ZXNDPAYOPZGATBYGIUYN_JX524171_DELIM-ZXNDPAYOPZGATBYGIUYN_CBJ123_DELIM-ZXNDPAYOPZGATBYGIUYN_2009                                                                                                                                           0.00%    passed     99.79%
  49  nl63_DELIM-ZXNDPAYOPZGATBYGIUYN_MK334043_DELIM-ZXNDPAYOPZGATBYGIUYN_ChinaGD02_DELIM-ZXNDPAYOPZGATBYGIUYN_2018                                                                                                                                        0.00%    passed     99.79%
  50  nl63_DELIM-ZXNDPAYOPZGATBYGIUYN_MK334044_DELIM-ZXNDPAYOPZGATBYGIUYN_ChinaGD03_DELIM-ZXNDPAYOPZGATBYGIUYN_2018                                                                                                                                        0.00%    passed     99.79%
  51  nl63_DELIM-ZXNDPAYOPZGATBYGIUYN_MK334045_DELIM-ZXNDPAYOPZGATBYGIUYN_ChinaGD05_DELIM-ZXNDPAYOPZGATBYGIUYN_2018                                                                                                                                        0.00%    passed     99.79%
  52  nl63_DELIM-ZXNDPAYOPZGATBYGIUYN_MN306018_DELIM-ZXNDPAYOPZGATBYGIUYN_HCoV_NL63_DELIM-ZXNDPAYOPZGATBYGIUYN_Seattle_DELIM-ZXNDPAYOPZGATBYGIUYN_USA_DELIM-ZXNDPAYOPZGATBYGIUYN_SC0179_DELIM-ZXNDPAYOPZGATBYGIUYN_2018_DELIM-ZXNDPAYOPZGATBYGIUYN_2018    0.00%    passed     99.79%
  53  nl63_DELIM-ZXNDPAYOPZGATBYGIUYN_MN306040_DELIM-ZXNDPAYOPZGATBYGIUYN_HCoV_NL63_DELIM-ZXNDPAYOPZGATBYGIUYN_Seattle_DELIM-ZXNDPAYOPZGATBYGIUYN_USA_DELIM-ZXNDPAYOPZGATBYGIUYN_SC0768_DELIM-ZXNDPAYOPZGATBYGIUYN_2019_DELIM-ZXNDPAYOPZGATBYGIUYN_2019    0.00%    passed     99.79%
  54  nl63_DELIM-ZXNDPAYOPZGATBYGIUYN_JQ900257_DELIM-ZXNDPAYOPZGATBYGIUYN_NL63_DELIM-ZXNDPAYOPZGATBYGIUYN_DEN_DELIM-ZXNDPAYOPZGATBYGIUYN_2009_DELIM-ZXNDPAYOPZGATBYGIUYN_31_DELIM-ZXNDPAYOPZGATBYGIUYN_2009                                                0.00%    passed     99.79%
  55  nl63_DELIM-ZXNDPAYOPZGATBYGIUYN_KX179499_DELIM-ZXNDPAYOPZGATBYGIUYN_NL63_DELIM-ZXNDPAYOPZGATBYGIUYN_Haiti_4_DELIM-ZXNDPAYOPZGATBYGIUYN_2015_DELIM-ZXNDPAYOPZGATBYGIUYN_2015                                                                          0.00%    passed     99.79%
  56  nl63_DELIM-ZXNDPAYOPZGATBYGIUYN_MK334046_DELIM-ZXNDPAYOPZGATBYGIUYN_ChinaGD01_DELIM-ZXNDPAYOPZGATBYGIUYN_2018                                                                                                                                        0.00%    passed     99.41%
  57  nl63_DELIM-ZXNDPAYOPZGATBYGIUYN_MG428703_DELIM-ZXNDPAYOPZGATBYGIUYN_Kilifi_HH_0511_01_Jun_2010_DELIM-ZXNDPAYOPZGATBYGIUYN_2010                                                                                                                       0.00%    passed     99.86%
  58  nl63_DELIM-ZXNDPAYOPZGATBYGIUYN_MG428701_DELIM-ZXNDPAYOPZGATBYGIUYN_Kilifi_HH_0512_04_Jun_2010_DELIM-ZXNDPAYOPZGATBYGIUYN_2010                                                                                                                       0.00%    passed     99.86%
  59  nl63_DELIM-ZXNDPAYOPZGATBYGIUYN_MG428705_DELIM-ZXNDPAYOPZGATBYGIUYN_Kilifi_HH_0522_21_May_2010_DELIM-ZXNDPAYOPZGATBYGIUYN_2010                                                                                                                       0.00%    passed     99.86%
  60  nl63_DELIM-ZXNDPAYOPZGATBYGIUYN_MG428700_DELIM-ZXNDPAYOPZGATBYGIUYN_Kilifi_HH_1602_01_Jun_2010_DELIM-ZXNDPAYOPZGATBYGIUYN_2010                                                                                                                       0.00%    passed     99.86%
  61  nl63_DELIM-ZXNDPAYOPZGATBYGIUYN_MG428702_DELIM-ZXNDPAYOPZGATBYGIUYN_Kilifi_HH_3807_11_May_2010_DELIM-ZXNDPAYOPZGATBYGIUYN_2010                                                                                                                       0.00%    passed     99.86%
  62  nl63_DELIM-ZXNDPAYOPZGATBYGIUYN_MG428706_DELIM-ZXNDPAYOPZGATBYGIUYN_Kilifi_HH_3808_24_May_2010_DELIM-ZXNDPAYOPZGATBYGIUYN_2010                                                                                                                       0.00%    passed     99.86%
  63  nl63_DELIM-ZXNDPAYOPZGATBYGIUYN_MG428707_DELIM-ZXNDPAYOPZGATBYGIUYN_Kilifi_HH_5401_20_May_2010_DELIM-ZXNDPAYOPZGATBYGIUYN_2010                                                                                                                       0.00%    passed     99.86%
  64  nl63_DELIM-ZXNDPAYOPZGATBYGIUYN_MG428704_DELIM-ZXNDPAYOPZGATBYGIUYN_Kilifi_HH_5402_20_May_2010_DELIM-ZXNDPAYOPZGATBYGIUYN_2010                                                                                                                       0.00%    passed     99.86%
  65  nl63_DELIM-ZXNDPAYOPZGATBYGIUYN_MG428699_DELIM-ZXNDPAYOPZGATBYGIUYN_Kilifi_HH_5709_19_May_2010_DELIM-ZXNDPAYOPZGATBYGIUYN_2010                                                                                                                       0.00%    passed     99.86%
  66  nl63_DELIM-ZXNDPAYOPZGATBYGIUYN_MK334047_DELIM-ZXNDPAYOPZGATBYGIUYN_ChinaGD04_DELIM-ZXNDPAYOPZGATBYGIUYN_2018                                                                                                                                        0.00%    passed     99.39%
  67  nl63_DELIM-ZXNDPAYOPZGATBYGIUYN_MN026166_DELIM-ZXNDPAYOPZGATBYGIUYN_NL63_KLF_01_2018_DELIM-ZXNDPAYOPZGATBYGIUYN_2018                                                                                                                                 0.00%    passed     99.84%
  68  229e_DELIM-ZXNDPAYOPZGATBYGIUYN_AF304460_DELIM-ZXNDPAYOPZGATBYGIUYN_229e_ref_DELIM-ZXNDPAYOPZGATBYGIUYN_Germany_DELIM-ZXNDPAYOPZGATBYGIUYN_2000                                                                                                      1.47%    failed      0.02%
****  TOTAL                                                                                                                                                                                                                                                0.02%  1 sequences failed composition chi2 test (p-value<5%; df=3)
NOTE: nl63_DELIM-ZXNDPAYOPZGATBYGIUYN_JQ900260_DELIM-ZXNDPAYOPZGATBYGIUYN_NL63_DELIM-ZXNDPAYOPZGATBYGIUYN_DEN_DELIM-ZXNDPAYOPZGATBYGIUYN_2005_DELIM-ZXNDPAYOPZGATBYGIUYN_1120_DELIM-ZXNDPAYOPZGATBYGIUYN_2005 is identical to nl63_DELIM-ZXNDPAYOPZGATBYGIUYN_JQ765573_DELIM-ZXNDPAYOPZGATBYGIUYN_NL63_DELIM-ZXNDPAYOPZGATBYGIUYN_DEN_DELIM-ZXNDPAYOPZGATBYGIUYN_2005_DELIM-ZXNDPAYOPZGATBYGIUYN_1062_DELIM-ZXNDPAYOPZGATBYGIUYN_2005 but kept for subsequent analysis
NOTE: nl63_DELIM-ZXNDPAYOPZGATBYGIUYN_KY829118_DELIM-ZXNDPAYOPZGATBYGIUYN_N07_262B_DELIM-ZXNDPAYOPZGATBYGIUYN_2015 is identical to nl63_DELIM-ZXNDPAYOPZGATBYGIUYN_KY554969_DELIM-ZXNDPAYOPZGATBYGIUYN_N07_196B_DELIM-ZXNDPAYOPZGATBYGIUYN_2016 but kept for subsequent analysis
NOTE: nl63_DELIM-ZXNDPAYOPZGATBYGIUYN_KY674916_DELIM-ZXNDPAYOPZGATBYGIUYN_N07_64B_DELIM-ZXNDPAYOPZGATBYGIUYN_2016 is identical to nl63_DELIM-ZXNDPAYOPZGATBYGIUYN_KY554967_DELIM-ZXNDPAYOPZGATBYGIUYN_N06_1144B_DELIM-ZXNDPAYOPZGATBYGIUYN_2016 but kept for subsequent analysis
NOTE: nl63_DELIM-ZXNDPAYOPZGATBYGIUYN_KY554970_DELIM-ZXNDPAYOPZGATBYGIUYN_N07_324B_182X_DELIM-ZXNDPAYOPZGATBYGIUYN_2016 is identical to nl63_DELIM-ZXNDPAYOPZGATBYGIUYN_KY554968_DELIM-ZXNDPAYOPZGATBYGIUYN_N07_185B_DELIM-ZXNDPAYOPZGATBYGIUYN_2016 but kept for subsequent analysis
NOTE: nl63_DELIM-ZXNDPAYOPZGATBYGIUYN_KU521535_DELIM-ZXNDPAYOPZGATBYGIUYN_NL63_DELIM-ZXNDPAYOPZGATBYGIUYN_UF_2_DELIM-ZXNDPAYOPZGATBYGIUYN_2015_DELIM-ZXNDPAYOPZGATBYGIUYN_2015 is identical to nl63_DELIM-ZXNDPAYOPZGATBYGIUYN_KT381875_DELIM-ZXNDPAYOPZGATBYGIUYN_NL63_DELIM-ZXNDPAYOPZGATBYGIUYN_UF_1_DELIM-ZXNDPAYOPZGATBYGIUYN_2015_DELIM-ZXNDPAYOPZGATBYGIUYN_2015 but kept for subsequent analysis
NOTE: nl63_DELIM-ZXNDPAYOPZGATBYGIUYN_KT266906_DELIM-ZXNDPAYOPZGATBYGIUYN_HCoV_NL63_DELIM-ZXNDPAYOPZGATBYGIUYN_Haiti_1_DELIM-ZXNDPAYOPZGATBYGIUYN_2015_DELIM-ZXNDPAYOPZGATBYGIUYN_2015 is identical to nl63_DELIM-ZXNDPAYOPZGATBYGIUYN_JX104161_DELIM-ZXNDPAYOPZGATBYGIUYN_CBJ_037_DELIM-ZXNDPAYOPZGATBYGIUYN_2008 but kept for subsequent analysis
NOTE: nl63_DELIM-ZXNDPAYOPZGATBYGIUYN_MK334043_DELIM-ZXNDPAYOPZGATBYGIUYN_ChinaGD02_DELIM-ZXNDPAYOPZGATBYGIUYN_2018 is identical to nl63_DELIM-ZXNDPAYOPZGATBYGIUYN_JX524171_DELIM-ZXNDPAYOPZGATBYGIUYN_CBJ123_DELIM-ZXNDPAYOPZGATBYGIUYN_2009 but kept for subsequent analysis
NOTE: nl63_DELIM-ZXNDPAYOPZGATBYGIUYN_MG428701_DELIM-ZXNDPAYOPZGATBYGIUYN_Kilifi_HH_0512_04_Jun_2010_DELIM-ZXNDPAYOPZGATBYGIUYN_2010 is identical to nl63_DELIM-ZXNDPAYOPZGATBYGIUYN_MG428703_DELIM-ZXNDPAYOPZGATBYGIUYN_Kilifi_HH_0511_01_Jun_2010_DELIM-ZXNDPAYOPZGATBYGIUYN_2010 but kept for subsequent analysis
Checking for duplicate sequences: done in 0.000315189 secs using 85.35% CPU
Identifying sites to remove: done in 0.000470877 secs using 89.2% CPU
NOTE: 39 identical sequences (see below) will be ignored for subsequent analysis
NOTE: nl63_DELIM-ZXNDPAYOPZGATBYGIUYN_JQ765568_DELIM-ZXNDPAYOPZGATBYGIUYN_NL63_DELIM-ZXNDPAYOPZGATBYGIUYN_DEN_DELIM-ZXNDPAYOPZGATBYGIUYN_2005_DELIM-ZXNDPAYOPZGATBYGIUYN_193_DELIM-ZXNDPAYOPZGATBYGIUYN_2005 (identical to nl63_DELIM-ZXNDPAYOPZGATBYGIUYN_JQ765573_DELIM-ZXNDPAYOPZGATBYGIUYN_NL63_DELIM-ZXNDPAYOPZGATBYGIUYN_DEN_DELIM-ZXNDPAYOPZGATBYGIUYN_2005_DELIM-ZXNDPAYOPZGATBYGIUYN_1062_DELIM-ZXNDPAYOPZGATBYGIUYN_2005) is ignored but added at the end
NOTE: nl63_DELIM-ZXNDPAYOPZGATBYGIUYN_JQ765571_DELIM-ZXNDPAYOPZGATBYGIUYN_NL63_DELIM-ZXNDPAYOPZGATBYGIUYN_DEN_DELIM-ZXNDPAYOPZGATBYGIUYN_2005_DELIM-ZXNDPAYOPZGATBYGIUYN_271_DELIM-ZXNDPAYOPZGATBYGIUYN_2005 (identical to nl63_DELIM-ZXNDPAYOPZGATBYGIUYN_JQ765573_DELIM-ZXNDPAYOPZGATBYGIUYN_NL63_DELIM-ZXNDPAYOPZGATBYGIUYN_DEN_DELIM-ZXNDPAYOPZGATBYGIUYN_2005_DELIM-ZXNDPAYOPZGATBYGIUYN_1062_DELIM-ZXNDPAYOPZGATBYGIUYN_2005) is ignored but added at the end
NOTE: nl63_DELIM-ZXNDPAYOPZGATBYGIUYN_JQ765572_DELIM-ZXNDPAYOPZGATBYGIUYN_NL63_DELIM-ZXNDPAYOPZGATBYGIUYN_DEN_DELIM-ZXNDPAYOPZGATBYGIUYN_2005_DELIM-ZXNDPAYOPZGATBYGIUYN_347_DELIM-ZXNDPAYOPZGATBYGIUYN_2005 (identical to nl63_DELIM-ZXNDPAYOPZGATBYGIUYN_JQ765573_DELIM-ZXNDPAYOPZGATBYGIUYN_NL63_DELIM-ZXNDPAYOPZGATBYGIUYN_DEN_DELIM-ZXNDPAYOPZGATBYGIUYN_2005_DELIM-ZXNDPAYOPZGATBYGIUYN_1062_DELIM-ZXNDPAYOPZGATBYGIUYN_2005) is ignored but added at the end
NOTE: nl63_DELIM-ZXNDPAYOPZGATBYGIUYN_JQ900259_DELIM-ZXNDPAYOPZGATBYGIUYN_NL63_DELIM-ZXNDPAYOPZGATBYGIUYN_DEN_DELIM-ZXNDPAYOPZGATBYGIUYN_2005_DELIM-ZXNDPAYOPZGATBYGIUYN_449_DELIM-ZXNDPAYOPZGATBYGIUYN_2005 (identical to nl63_DELIM-ZXNDPAYOPZGATBYGIUYN_JQ765573_DELIM-ZXNDPAYOPZGATBYGIUYN_NL63_DELIM-ZXNDPAYOPZGATBYGIUYN_DEN_DELIM-ZXNDPAYOPZGATBYGIUYN_2005_DELIM-ZXNDPAYOPZGATBYGIUYN_1062_DELIM-ZXNDPAYOPZGATBYGIUYN_2005) is ignored but added at the end
NOTE: nl63_DELIM-ZXNDPAYOPZGATBYGIUYN_KY554971_DELIM-ZXNDPAYOPZGATBYGIUYN_N07_468B_176X_DELIM-ZXNDPAYOPZGATBYGIUYN_2016 (identical to nl63_DELIM-ZXNDPAYOPZGATBYGIUYN_KY554969_DELIM-ZXNDPAYOPZGATBYGIUYN_N07_196B_DELIM-ZXNDPAYOPZGATBYGIUYN_2016) is ignored but added at the end
NOTE: nl63_DELIM-ZXNDPAYOPZGATBYGIUYN_JQ765574_DELIM-ZXNDPAYOPZGATBYGIUYN_NL63_DELIM-ZXNDPAYOPZGATBYGIUYN_DEN_DELIM-ZXNDPAYOPZGATBYGIUYN_2005_DELIM-ZXNDPAYOPZGATBYGIUYN_1862_DELIM-ZXNDPAYOPZGATBYGIUYN_2005 (identical to nl63_DELIM-ZXNDPAYOPZGATBYGIUYN_KY554969_DELIM-ZXNDPAYOPZGATBYGIUYN_N07_196B_DELIM-ZXNDPAYOPZGATBYGIUYN_2016) is ignored but added at the end
NOTE: nl63_DELIM-ZXNDPAYOPZGATBYGIUYN_KF530105_DELIM-ZXNDPAYOPZGATBYGIUYN_NL63_DELIM-ZXNDPAYOPZGATBYGIUYN_human_DELIM-ZXNDPAYOPZGATBYGIUYN_USA_DELIM-ZXNDPAYOPZGATBYGIUYN_012_31_DELIM-ZXNDPAYOPZGATBYGIUYN_2001_DELIM-ZXNDPAYOPZGATBYGIUYN_2001 (identical to nl63_DELIM-ZXNDPAYOPZGATBYGIUYN_KY554969_DELIM-ZXNDPAYOPZGATBYGIUYN_N07_196B_DELIM-ZXNDPAYOPZGATBYGIUYN_2016) is ignored but added at the end
NOTE: nl63_DELIM-ZXNDPAYOPZGATBYGIUYN_KF530114_DELIM-ZXNDPAYOPZGATBYGIUYN_NL63_DELIM-ZXNDPAYOPZGATBYGIUYN_human_DELIM-ZXNDPAYOPZGATBYGIUYN_USA_DELIM-ZXNDPAYOPZGATBYGIUYN_891_4_DELIM-ZXNDPAYOPZGATBYGIUYN_1989_DELIM-ZXNDPAYOPZGATBYGIUYN_1989 (identical to nl63_DELIM-ZXNDPAYOPZGATBYGIUYN_KY554969_DELIM-ZXNDPAYOPZGATBYGIUYN_N07_196B_DELIM-ZXNDPAYOPZGATBYGIUYN_2016) is ignored but added at the end
NOTE: nl63_DELIM-ZXNDPAYOPZGATBYGIUYN_KF530108_DELIM-ZXNDPAYOPZGATBYGIUYN_NL63_DELIM-ZXNDPAYOPZGATBYGIUYN_human_DELIM-ZXNDPAYOPZGATBYGIUYN_USA_DELIM-ZXNDPAYOPZGATBYGIUYN_891_6_DELIM-ZXNDPAYOPZGATBYGIUYN_1989_DELIM-ZXNDPAYOPZGATBYGIUYN_1989 (identical to nl63_DELIM-ZXNDPAYOPZGATBYGIUYN_KY554969_DELIM-ZXNDPAYOPZGATBYGIUYN_N07_196B_DELIM-ZXNDPAYOPZGATBYGIUYN_2016) is ignored but added at the end
NOTE: nl63_DELIM-ZXNDPAYOPZGATBYGIUYN_KF530111_DELIM-ZXNDPAYOPZGATBYGIUYN_NL63_DELIM-ZXNDPAYOPZGATBYGIUYN_human_DELIM-ZXNDPAYOPZGATBYGIUYN_USA_DELIM-ZXNDPAYOPZGATBYGIUYN_901_24_DELIM-ZXNDPAYOPZGATBYGIUYN_1990_DELIM-ZXNDPAYOPZGATBYGIUYN_1990 (identical to nl63_DELIM-ZXNDPAYOPZGATBYGIUYN_KY554969_DELIM-ZXNDPAYOPZGATBYGIUYN_N07_196B_DELIM-ZXNDPAYOPZGATBYGIUYN_2016) is ignored but added at the end
NOTE: nl63_DELIM-ZXNDPAYOPZGATBYGIUYN_KF530104_DELIM-ZXNDPAYOPZGATBYGIUYN_NL63_DELIM-ZXNDPAYOPZGATBYGIUYN_human_DELIM-ZXNDPAYOPZGATBYGIUYN_USA_DELIM-ZXNDPAYOPZGATBYGIUYN_904_20_DELIM-ZXNDPAYOPZGATBYGIUYN_1990_DELIM-ZXNDPAYOPZGATBYGIUYN_1990 (identical to nl63_DELIM-ZXNDPAYOPZGATBYGIUYN_KY554969_DELIM-ZXNDPAYOPZGATBYGIUYN_N07_196B_DELIM-ZXNDPAYOPZGATBYGIUYN_2016) is ignored but added at the end
NOTE: nl63_DELIM-ZXNDPAYOPZGATBYGIUYN_KF530113_DELIM-ZXNDPAYOPZGATBYGIUYN_NL63_DELIM-ZXNDPAYOPZGATBYGIUYN_human_DELIM-ZXNDPAYOPZGATBYGIUYN_USA_DELIM-ZXNDPAYOPZGATBYGIUYN_905_25_DELIM-ZXNDPAYOPZGATBYGIUYN_1990_DELIM-ZXNDPAYOPZGATBYGIUYN_1990 (identical to nl63_DELIM-ZXNDPAYOPZGATBYGIUYN_KY554969_DELIM-ZXNDPAYOPZGATBYGIUYN_N07_196B_DELIM-ZXNDPAYOPZGATBYGIUYN_2016) is ignored but added at the end
NOTE: nl63_DELIM-ZXNDPAYOPZGATBYGIUYN_KF530107_DELIM-ZXNDPAYOPZGATBYGIUYN_NL63_DELIM-ZXNDPAYOPZGATBYGIUYN_human_DELIM-ZXNDPAYOPZGATBYGIUYN_USA_DELIM-ZXNDPAYOPZGATBYGIUYN_911_56_DELIM-ZXNDPAYOPZGATBYGIUYN_1991_DELIM-ZXNDPAYOPZGATBYGIUYN_1991 (identical to nl63_DELIM-ZXNDPAYOPZGATBYGIUYN_KY554969_DELIM-ZXNDPAYOPZGATBYGIUYN_N07_196B_DELIM-ZXNDPAYOPZGATBYGIUYN_2016) is ignored but added at the end
NOTE: nl63_DELIM-ZXNDPAYOPZGATBYGIUYN_KY674915_DELIM-ZXNDPAYOPZGATBYGIUYN_N07_6B_DELIM-ZXNDPAYOPZGATBYGIUYN_2016 (identical to nl63_DELIM-ZXNDPAYOPZGATBYGIUYN_KY554967_DELIM-ZXNDPAYOPZGATBYGIUYN_N06_1144B_DELIM-ZXNDPAYOPZGATBYGIUYN_2016) is ignored but added at the end
NOTE: nl63_DELIM-ZXNDPAYOPZGATBYGIUYN_JQ765569_DELIM-ZXNDPAYOPZGATBYGIUYN_NL63_DELIM-ZXNDPAYOPZGATBYGIUYN_DEN_DELIM-ZXNDPAYOPZGATBYGIUYN_2005_DELIM-ZXNDPAYOPZGATBYGIUYN_232_DELIM-ZXNDPAYOPZGATBYGIUYN_2005 (identical to nl63_DELIM-ZXNDPAYOPZGATBYGIUYN_KY554967_DELIM-ZXNDPAYOPZGATBYGIUYN_N06_1144B_DELIM-ZXNDPAYOPZGATBYGIUYN_2016) is ignored but added at the end
NOTE: nl63_DELIM-ZXNDPAYOPZGATBYGIUYN_JQ765570_DELIM-ZXNDPAYOPZGATBYGIUYN_NL63_DELIM-ZXNDPAYOPZGATBYGIUYN_DEN_DELIM-ZXNDPAYOPZGATBYGIUYN_2005_DELIM-ZXNDPAYOPZGATBYGIUYN_235_DELIM-ZXNDPAYOPZGATBYGIUYN_2005 (identical to nl63_DELIM-ZXNDPAYOPZGATBYGIUYN_KY554967_DELIM-ZXNDPAYOPZGATBYGIUYN_N06_1144B_DELIM-ZXNDPAYOPZGATBYGIUYN_2016) is ignored but added at the end
NOTE: nl63_DELIM-ZXNDPAYOPZGATBYGIUYN_JQ900258_DELIM-ZXNDPAYOPZGATBYGIUYN_NL63_DELIM-ZXNDPAYOPZGATBYGIUYN_DEN_DELIM-ZXNDPAYOPZGATBYGIUYN_2005_DELIM-ZXNDPAYOPZGATBYGIUYN_291_DELIM-ZXNDPAYOPZGATBYGIUYN_2005 (identical to nl63_DELIM-ZXNDPAYOPZGATBYGIUYN_KY554967_DELIM-ZXNDPAYOPZGATBYGIUYN_N06_1144B_DELIM-ZXNDPAYOPZGATBYGIUYN_2016) is ignored but added at the end
NOTE: nl63_DELIM-ZXNDPAYOPZGATBYGIUYN_JQ765566_DELIM-ZXNDPAYOPZGATBYGIUYN_NL63_DELIM-ZXNDPAYOPZGATBYGIUYN_DEN_DELIM-ZXNDPAYOPZGATBYGIUYN_2008_DELIM-ZXNDPAYOPZGATBYGIUYN_16_DELIM-ZXNDPAYOPZGATBYGIUYN_2008 (identical to nl63_DELIM-ZXNDPAYOPZGATBYGIUYN_KY554967_DELIM-ZXNDPAYOPZGATBYGIUYN_N06_1144B_DELIM-ZXNDPAYOPZGATBYGIUYN_2016) is ignored but added at the end
NOTE: nl63_DELIM-ZXNDPAYOPZGATBYGIUYN_JQ765564_DELIM-ZXNDPAYOPZGATBYGIUYN_NL63_DELIM-ZXNDPAYOPZGATBYGIUYN_DEN_DELIM-ZXNDPAYOPZGATBYGIUYN_2009_DELIM-ZXNDPAYOPZGATBYGIUYN_14_DELIM-ZXNDPAYOPZGATBYGIUYN_2009 (identical to nl63_DELIM-ZXNDPAYOPZGATBYGIUYN_KY554967_DELIM-ZXNDPAYOPZGATBYGIUYN_N06_1144B_DELIM-ZXNDPAYOPZGATBYGIUYN_2016) is ignored but added at the end
NOTE: nl63_DELIM-ZXNDPAYOPZGATBYGIUYN_JQ765565_DELIM-ZXNDPAYOPZGATBYGIUYN_NL63_DELIM-ZXNDPAYOPZGATBYGIUYN_DEN_DELIM-ZXNDPAYOPZGATBYGIUYN_2009_DELIM-ZXNDPAYOPZGATBYGIUYN_15_DELIM-ZXNDPAYOPZGATBYGIUYN_2009 (identical to nl63_DELIM-ZXNDPAYOPZGATBYGIUYN_KY554967_DELIM-ZXNDPAYOPZGATBYGIUYN_N06_1144B_DELIM-ZXNDPAYOPZGATBYGIUYN_2016) is ignored but added at the end
NOTE: nl63_DELIM-ZXNDPAYOPZGATBYGIUYN_JQ765567_DELIM-ZXNDPAYOPZGATBYGIUYN_NL63_DELIM-ZXNDPAYOPZGATBYGIUYN_DEN_DELIM-ZXNDPAYOPZGATBYGIUYN_2009_DELIM-ZXNDPAYOPZGATBYGIUYN_20_DELIM-ZXNDPAYOPZGATBYGIUYN_2009 (identical to nl63_DELIM-ZXNDPAYOPZGATBYGIUYN_KY554967_DELIM-ZXNDPAYOPZGATBYGIUYN_N06_1144B_DELIM-ZXNDPAYOPZGATBYGIUYN_2016) is ignored but added at the end
NOTE: nl63_DELIM-ZXNDPAYOPZGATBYGIUYN_JQ900255_DELIM-ZXNDPAYOPZGATBYGIUYN_NL63_DELIM-ZXNDPAYOPZGATBYGIUYN_DEN_DELIM-ZXNDPAYOPZGATBYGIUYN_2009_DELIM-ZXNDPAYOPZGATBYGIUYN_6_DELIM-ZXNDPAYOPZGATBYGIUYN_2009 (identical to nl63_DELIM-ZXNDPAYOPZGATBYGIUYN_KY554967_DELIM-ZXNDPAYOPZGATBYGIUYN_N06_1144B_DELIM-ZXNDPAYOPZGATBYGIUYN_2016) is ignored but added at the end
NOTE: nl63_DELIM-ZXNDPAYOPZGATBYGIUYN_KF530112_DELIM-ZXNDPAYOPZGATBYGIUYN_NL63_DELIM-ZXNDPAYOPZGATBYGIUYN_human_DELIM-ZXNDPAYOPZGATBYGIUYN_USA_DELIM-ZXNDPAYOPZGATBYGIUYN_0111_25_DELIM-ZXNDPAYOPZGATBYGIUYN_2001_DELIM-ZXNDPAYOPZGATBYGIUYN_2001 (identical to nl63_DELIM-ZXNDPAYOPZGATBYGIUYN_KY554967_DELIM-ZXNDPAYOPZGATBYGIUYN_N06_1144B_DELIM-ZXNDPAYOPZGATBYGIUYN_2016) is ignored but added at the end
NOTE: nl63_DELIM-ZXNDPAYOPZGATBYGIUYN_KX179500_DELIM-ZXNDPAYOPZGATBYGIUYN_NL63_DELIM-ZXNDPAYOPZGATBYGIUYN_UF_2_DELIM-ZXNDPAYOPZGATBYGIUYN_2015_DELIM-ZXNDPAYOPZGATBYGIUYN_2015 (identical to nl63_DELIM-ZXNDPAYOPZGATBYGIUYN_KT381875_DELIM-ZXNDPAYOPZGATBYGIUYN_NL63_DELIM-ZXNDPAYOPZGATBYGIUYN_UF_1_DELIM-ZXNDPAYOPZGATBYGIUYN_2015_DELIM-ZXNDPAYOPZGATBYGIUYN_2015) is ignored but added at the end
NOTE: nl63_DELIM-ZXNDPAYOPZGATBYGIUYN_KX179497_DELIM-ZXNDPAYOPZGATBYGIUYN_NL63_DELIM-ZXNDPAYOPZGATBYGIUYN_Haiti_2_DELIM-ZXNDPAYOPZGATBYGIUYN_2015_DELIM-ZXNDPAYOPZGATBYGIUYN_2015 (identical to nl63_DELIM-ZXNDPAYOPZGATBYGIUYN_JX104161_DELIM-ZXNDPAYOPZGATBYGIUYN_CBJ_037_DELIM-ZXNDPAYOPZGATBYGIUYN_2008) is ignored but added at the end
NOTE: nl63_DELIM-ZXNDPAYOPZGATBYGIUYN_KX179498_DELIM-ZXNDPAYOPZGATBYGIUYN_NL63_DELIM-ZXNDPAYOPZGATBYGIUYN_Haiti_3_DELIM-ZXNDPAYOPZGATBYGIUYN_2015_DELIM-ZXNDPAYOPZGATBYGIUYN_2015 (identical to nl63_DELIM-ZXNDPAYOPZGATBYGIUYN_JX104161_DELIM-ZXNDPAYOPZGATBYGIUYN_CBJ_037_DELIM-ZXNDPAYOPZGATBYGIUYN_2008) is ignored but added at the end
NOTE: nl63_DELIM-ZXNDPAYOPZGATBYGIUYN_MK334044_DELIM-ZXNDPAYOPZGATBYGIUYN_ChinaGD03_DELIM-ZXNDPAYOPZGATBYGIUYN_2018 (identical to nl63_DELIM-ZXNDPAYOPZGATBYGIUYN_JX524171_DELIM-ZXNDPAYOPZGATBYGIUYN_CBJ123_DELIM-ZXNDPAYOPZGATBYGIUYN_2009) is ignored but added at the end
NOTE: nl63_DELIM-ZXNDPAYOPZGATBYGIUYN_MK334045_DELIM-ZXNDPAYOPZGATBYGIUYN_ChinaGD05_DELIM-ZXNDPAYOPZGATBYGIUYN_2018 (identical to nl63_DELIM-ZXNDPAYOPZGATBYGIUYN_JX524171_DELIM-ZXNDPAYOPZGATBYGIUYN_CBJ123_DELIM-ZXNDPAYOPZGATBYGIUYN_2009) is ignored but added at the end
NOTE: nl63_DELIM-ZXNDPAYOPZGATBYGIUYN_MN306018_DELIM-ZXNDPAYOPZGATBYGIUYN_HCoV_NL63_DELIM-ZXNDPAYOPZGATBYGIUYN_Seattle_DELIM-ZXNDPAYOPZGATBYGIUYN_USA_DELIM-ZXNDPAYOPZGATBYGIUYN_SC0179_DELIM-ZXNDPAYOPZGATBYGIUYN_2018_DELIM-ZXNDPAYOPZGATBYGIUYN_2018 (identical to nl63_DELIM-ZXNDPAYOPZGATBYGIUYN_JX524171_DELIM-ZXNDPAYOPZGATBYGIUYN_CBJ123_DELIM-ZXNDPAYOPZGATBYGIUYN_2009) is ignored but added at the end
NOTE: nl63_DELIM-ZXNDPAYOPZGATBYGIUYN_MN306040_DELIM-ZXNDPAYOPZGATBYGIUYN_HCoV_NL63_DELIM-ZXNDPAYOPZGATBYGIUYN_Seattle_DELIM-ZXNDPAYOPZGATBYGIUYN_USA_DELIM-ZXNDPAYOPZGATBYGIUYN_SC0768_DELIM-ZXNDPAYOPZGATBYGIUYN_2019_DELIM-ZXNDPAYOPZGATBYGIUYN_2019 (identical to nl63_DELIM-ZXNDPAYOPZGATBYGIUYN_JX524171_DELIM-ZXNDPAYOPZGATBYGIUYN_CBJ123_DELIM-ZXNDPAYOPZGATBYGIUYN_2009) is ignored but added at the end
NOTE: nl63_DELIM-ZXNDPAYOPZGATBYGIUYN_JQ900257_DELIM-ZXNDPAYOPZGATBYGIUYN_NL63_DELIM-ZXNDPAYOPZGATBYGIUYN_DEN_DELIM-ZXNDPAYOPZGATBYGIUYN_2009_DELIM-ZXNDPAYOPZGATBYGIUYN_31_DELIM-ZXNDPAYOPZGATBYGIUYN_2009 (identical to nl63_DELIM-ZXNDPAYOPZGATBYGIUYN_JX524171_DELIM-ZXNDPAYOPZGATBYGIUYN_CBJ123_DELIM-ZXNDPAYOPZGATBYGIUYN_2009) is ignored but added at the end
NOTE: nl63_DELIM-ZXNDPAYOPZGATBYGIUYN_KX179499_DELIM-ZXNDPAYOPZGATBYGIUYN_NL63_DELIM-ZXNDPAYOPZGATBYGIUYN_Haiti_4_DELIM-ZXNDPAYOPZGATBYGIUYN_2015_DELIM-ZXNDPAYOPZGATBYGIUYN_2015 (identical to nl63_DELIM-ZXNDPAYOPZGATBYGIUYN_JX524171_DELIM-ZXNDPAYOPZGATBYGIUYN_CBJ123_DELIM-ZXNDPAYOPZGATBYGIUYN_2009) is ignored but added at the end
NOTE: nl63_DELIM-ZXNDPAYOPZGATBYGIUYN_MG428705_DELIM-ZXNDPAYOPZGATBYGIUYN_Kilifi_HH_0522_21_May_2010_DELIM-ZXNDPAYOPZGATBYGIUYN_2010 (identical to nl63_DELIM-ZXNDPAYOPZGATBYGIUYN_MG428703_DELIM-ZXNDPAYOPZGATBYGIUYN_Kilifi_HH_0511_01_Jun_2010_DELIM-ZXNDPAYOPZGATBYGIUYN_2010) is ignored but added at the end
NOTE: nl63_DELIM-ZXNDPAYOPZGATBYGIUYN_MG428700_DELIM-ZXNDPAYOPZGATBYGIUYN_Kilifi_HH_1602_01_Jun_2010_DELIM-ZXNDPAYOPZGATBYGIUYN_2010 (identical to nl63_DELIM-ZXNDPAYOPZGATBYGIUYN_MG428703_DELIM-ZXNDPAYOPZGATBYGIUYN_Kilifi_HH_0511_01_Jun_2010_DELIM-ZXNDPAYOPZGATBYGIUYN_2010) is ignored but added at the end
NOTE: nl63_DELIM-ZXNDPAYOPZGATBYGIUYN_MG428702_DELIM-ZXNDPAYOPZGATBYGIUYN_Kilifi_HH_3807_11_May_2010_DELIM-ZXNDPAYOPZGATBYGIUYN_2010 (identical to nl63_DELIM-ZXNDPAYOPZGATBYGIUYN_MG428703_DELIM-ZXNDPAYOPZGATBYGIUYN_Kilifi_HH_0511_01_Jun_2010_DELIM-ZXNDPAYOPZGATBYGIUYN_2010) is ignored but added at the end
NOTE: nl63_DELIM-ZXNDPAYOPZGATBYGIUYN_MG428706_DELIM-ZXNDPAYOPZGATBYGIUYN_Kilifi_HH_3808_24_May_2010_DELIM-ZXNDPAYOPZGATBYGIUYN_2010 (identical to nl63_DELIM-ZXNDPAYOPZGATBYGIUYN_MG428703_DELIM-ZXNDPAYOPZGATBYGIUYN_Kilifi_HH_0511_01_Jun_2010_DELIM-ZXNDPAYOPZGATBYGIUYN_2010) is ignored but added at the end
NOTE: nl63_DELIM-ZXNDPAYOPZGATBYGIUYN_MG428707_DELIM-ZXNDPAYOPZGATBYGIUYN_Kilifi_HH_5401_20_May_2010_DELIM-ZXNDPAYOPZGATBYGIUYN_2010 (identical to nl63_DELIM-ZXNDPAYOPZGATBYGIUYN_MG428703_DELIM-ZXNDPAYOPZGATBYGIUYN_Kilifi_HH_0511_01_Jun_2010_DELIM-ZXNDPAYOPZGATBYGIUYN_2010) is ignored but added at the end
NOTE: nl63_DELIM-ZXNDPAYOPZGATBYGIUYN_MG428704_DELIM-ZXNDPAYOPZGATBYGIUYN_Kilifi_HH_5402_20_May_2010_DELIM-ZXNDPAYOPZGATBYGIUYN_2010 (identical to nl63_DELIM-ZXNDPAYOPZGATBYGIUYN_MG428703_DELIM-ZXNDPAYOPZGATBYGIUYN_Kilifi_HH_0511_01_Jun_2010_DELIM-ZXNDPAYOPZGATBYGIUYN_2010) is ignored but added at the end
NOTE: nl63_DELIM-ZXNDPAYOPZGATBYGIUYN_MG428699_DELIM-ZXNDPAYOPZGATBYGIUYN_Kilifi_HH_5709_19_May_2010_DELIM-ZXNDPAYOPZGATBYGIUYN_2010 (identical to nl63_DELIM-ZXNDPAYOPZGATBYGIUYN_MG428703_DELIM-ZXNDPAYOPZGATBYGIUYN_Kilifi_HH_0511_01_Jun_2010_DELIM-ZXNDPAYOPZGATBYGIUYN_2010) is ignored but added at the end
Alignment was printed to results/aligned_nl63_membrane-delim.fasta.uniqueseq.phy

For your convenience alignment with unique sequences printed to results/aligned_nl63_membrane-delim.fasta.uniqueseq.phy

Create initial parsimony tree by phylogenetic likelihood library (PLL)... 0.000 seconds

NOTE: 0 MB RAM (0 GB) is required!
Estimate model parameters (epsilon = 0.500)
1. Initial log-likelihood: -2258.046
2. Current log-likelihood: -2192.998
3. Current log-likelihood: -2191.892
Optimal log-likelihood: -2191.888
Rate parameters:  A-C: 1.99991  A-G: 4.71125  A-T: 1.63877  C-G: 2.28626  C-T: 6.24711  G-T: 1.00000
Base frequencies:  A: 0.227  C: 0.158  G: 0.214  T: 0.400
Parameters optimization took 3 rounds (0.005 sec)
Wrote distance file to... 
Computing ML distances based on estimated model parameters...
Calculating distance matrix: done in 0.000729799 secs using 93.18% CPU
Computing ML distances took 0.000794 sec (of wall-clock time) 0.000719 sec (of CPU time)
Setting up auxiliary I and S matrices: done in 0.000118971 secs using 129.4% CPU
Constructing RapidNJ tree: done in 8.60691e-05 secs using 169.6% CPU
Computing RapidNJ tree took 0.000307 sec (of wall-clock time) 0.000402 sec (of CPU time)
Log-likelihood of RapidNJ tree: -1840.945
--------------------------------------------------------------------
|             INITIALIZING CANDIDATE TREE SET                      |
--------------------------------------------------------------------

Do NNI search on 2 best initial trees
Optimizing NNI: done in 0.00541806 secs using 155% CPU
Estimate model parameters (epsilon = 0.500)
BETTER TREE FOUND at iteration 1: -1830.773
Optimizing NNI: done in 0.013407 secs using 182.7% CPU
Finish initializing candidate tree set (4)
Current best tree score: -1830.773 / CPU time: 0.023
Number of iterations: 2
TREE SEARCH COMPLETED AFTER 2 ITERATIONS / Time: 0h:0m:0s

--------------------------------------------------------------------
|                    FINALIZING TREE SEARCH                        |
--------------------------------------------------------------------
Performs final model parameters optimization
Estimate model parameters (epsilon = 0.050)
1. Initial log-likelihood: -1830.773
Optimal log-likelihood: -1830.773
Rate parameters:  A-C: 1.43019  A-G: 3.16665  A-T: 1.36928  C-G: 0.92287  C-T: 3.63270  G-T: 1.00000
Base frequencies:  A: 0.227  C: 0.158  G: 0.214  T: 0.400
Parameters optimization took 1 rounds (0.001 sec)
BEST SCORE FOUND : -1830.773
Total tree length: 0.528

Total number of iterations: 2
CPU time used for tree search: 0.041 sec (0h:0m:0s)
Wall-clock time used for tree search: 0.023 sec (0h:0m:0s)
Total CPU time used: 0.058 sec (0h:0m:0s)
Total wall-clock time used: 0.040 sec (0h:0m:0s)

Analysis results written to: 
  IQ-TREE report:                results/aligned_nl63_membrane-delim.fasta.iqtree
  Maximum-likelihood tree:       results/aligned_nl63_membrane-delim.fasta.treefile
  Likelihood distances:          results/aligned_nl63_membrane-delim.fasta.mldist
  Screen log file:               results/aligned_nl63_membrane-delim.fasta.log

Date and Time: Fri May 13 12:38:56 2022
