Building DAG of jobs...
Using shell: /bin/bash
Provided cores: 4
Rules claiming more threads will be scaled down.
Job counts:
	count	jobs
	4	align
	1	all
	4	ancestral
	4	download
	4	export
	4	filter
	4	parse
	4	refine
	4	traits
	4	translate
	4	tree
	41

[Mon Mar 23 15:25:31 2020]
Job 54: Downloading sequences from fauna


[Mon Mar 23 15:25:31 2020]
Job 66: Downloading sequences from fauna


[Mon Mar 23 15:25:31 2020]
Job 60: Downloading sequences from fauna


[Mon Mar 23 15:25:32 2020]
Job 72: Downloading sequences from fauna

[Mon Mar 23 15:25:39 2020]
Finished job 72.
1 of 41 steps (2%) done

[Mon Mar 23 15:25:39 2020]
Job 45: Parsing fasta into sequences and metadata

[Mon Mar 23 15:25:39 2020]
Finished job 66.
2 of 41 steps (5%) done

[Mon Mar 23 15:25:39 2020]
Job 35: Parsing fasta into sequences and metadata

[Mon Mar 23 15:25:39 2020]
Finished job 60.
3 of 41 steps (7%) done

[Mon Mar 23 15:25:39 2020]
Job 25: Parsing fasta into sequences and metadata

[Mon Mar 23 15:25:39 2020]
Finished job 54.
4 of 41 steps (10%) done

[Mon Mar 23 15:25:39 2020]
Job 15: Parsing fasta into sequences and metadata

[Mon Mar 23 15:25:50 2020]
Finished job 45.
5 of 41 steps (12%) done
[Mon Mar 23 15:25:50 2020]
Finished job 35.
6 of 41 steps (15%) done

[Mon Mar 23 15:25:50 2020]
Job 78: 
        Filtering to
          - 5000 sequence(s) per country
          - minimum genome length of 1000
        


[Mon Mar 23 15:25:50 2020]
Job 80: 
        Filtering to
          - 5000 sequence(s) per country
          - minimum genome length of 1000
        

[Mon Mar 23 15:25:50 2020]
Finished job 15.
7 of 41 steps (17%) done

[Mon Mar 23 15:25:50 2020]
Job 74: 
        Filtering to
          - 5000 sequence(s) per country
          - minimum genome length of 1000
        

[Mon Mar 23 15:25:50 2020]
Finished job 25.
8 of 41 steps (20%) done

[Mon Mar 23 15:25:50 2020]
Job 76: 
        Filtering to
          - 5000 sequence(s) per country
          - minimum genome length of 1000
        

[Mon Mar 23 15:25:58 2020]
Error in rule filter:
    jobid: 80
    output: results/filtered_nl63_he.fasta
    shell:
        
        augur filter             --sequences results/sequences_nl63_he.fasta             --metadata results/metadata_nl63_he.tsv             --output results/filtered_nl63_he.fasta             --group-by country             --sequences-per-group 5000             --min-length 1000
        
        (one of the commands exited with non-zero exit code; note that snakemake uses bash strict mode!)

[Mon Mar 23 15:25:58 2020]
Error in rule filter:
    jobid: 78
    output: results/filtered_229e_he.fasta
    shell:
        
        augur filter             --sequences results/sequences_229e_he.fasta             --metadata results/metadata_229e_he.tsv             --output results/filtered_229e_he.fasta             --group-by country             --sequences-per-group 5000             --min-length 1000
        
        (one of the commands exited with non-zero exit code; note that snakemake uses bash strict mode!)

[Mon Mar 23 15:25:58 2020]
Finished job 76.
9 of 41 steps (22%) done
[Mon Mar 23 15:25:58 2020]
Finished job 74.
10 of 41 steps (24%) done
Shutting down, this might take some time.
Exiting because a job execution failed. Look above for error message
Complete log: /Users/katekistler/nextstrain/seasonal-corona-test/.snakemake/log/2020-03-23T152531.304166.snakemake.log
