Building DAG of jobs...
Using shell: /bin/bash
Provided cores: 4
Rules claiming more threads will be scaled down.
Job counts:
	count	jobs
	12	align
	1	all
	12	ancestral
	12	download
	12	export
	12	filter
	12	parse
	12	refine
	12	traits
	12	translate
	12	tree
	121

[Mon Mar 23 13:08:44 2020]
Job 81: Downloading sequences from fauna


[Mon Mar 23 13:08:44 2020]
Job 78: Downloading sequences from fauna


[Mon Mar 23 13:08:44 2020]
Job 75: Downloading sequences from fauna


[Mon Mar 23 13:08:44 2020]
Job 90: Downloading sequences from fauna

[Mon Mar 23 13:08:52 2020]
Finished job 75.
1 of 121 steps (0.83%) done
[Mon Mar 23 13:08:52 2020]
Finished job 81.
2 of 121 steps (2%) done

[Mon Mar 23 13:08:52 2020]
Job 24: Parsing fasta into sequences and metadata


[Mon Mar 23 13:08:52 2020]
Job 14: Parsing fasta into sequences and metadata

[Mon Mar 23 13:08:52 2020]
Finished job 78.
3 of 121 steps (2%) done
[Mon Mar 23 13:08:52 2020]
Finished job 90.
4 of 121 steps (3%) done

[Mon Mar 23 13:08:52 2020]
Job 39: Parsing fasta into sequences and metadata


[Mon Mar 23 13:08:52 2020]
Job 96: Downloading sequences from fauna

[Mon Mar 23 13:08:54 2020]
Finished job 96.
5 of 121 steps (4%) done

[Mon Mar 23 13:08:54 2020]
Job 49: Parsing fasta into sequences and metadata

Terminating processes on user request, this might take some time.
[Mon Mar 23 13:08:59 2020]
Error in rule parse:
[Mon Mar 23 13:08:59 2020]
    jobid: 14
Error in rule parse:
[Mon Mar 23 13:08:59 2020]
    output: results/sequences_oc43_spike.fasta, results/metadata_oc43_spike.tsv
    jobid: 39
Error in rule parse:
    shell:
        
        augur parse             --sequences data/oc43_spike.fasta             --output-sequences results/sequences_oc43_spike.fasta             --output-metadata results/metadata_oc43_spike.tsv             --fields accession strain virus collection_date country source sequence_locus subtype type         
        (one of the commands exited with non-zero exit code; note that snakemake uses bash strict mode!)
    output: results/sequences_hku1_full.fasta, results/metadata_hku1_full.tsv
    jobid: 24

    shell:
        
        augur parse             --sequences data/hku1_full.fasta             --output-sequences results/sequences_hku1_full.fasta             --output-metadata results/metadata_hku1_full.tsv             --fields accession strain virus collection_date country source sequence_locus subtype type         
        (one of the commands exited with non-zero exit code; note that snakemake uses bash strict mode!)
    output: results/sequences_oc43_full.fasta, results/metadata_oc43_full.tsv

    shell:
        
        augur parse             --sequences data/oc43_full.fasta             --output-sequences results/sequences_oc43_full.fasta             --output-metadata results/metadata_oc43_full.tsv             --fields accession strain virus collection_date country source sequence_locus subtype type         
        (one of the commands exited with non-zero exit code; note that snakemake uses bash strict mode!)

[Mon Mar 23 13:08:59 2020]
Error in rule parse:
    jobid: 49
    output: results/sequences_229e_he.fasta, results/metadata_229e_he.tsv
    shell:
        
        augur parse             --sequences data/229e_he.fasta             --output-sequences results/sequences_229e_he.fasta             --output-metadata results/metadata_229e_he.tsv             --fields accession strain virus collection_date country source sequence_locus subtype type         
        (one of the commands exited with non-zero exit code; note that snakemake uses bash strict mode!)

Complete log: /Users/katekistler/nextstrain/seasonal-corona-test/.snakemake/log/2020-03-23T130844.178655.snakemake.log
