Building DAG of jobs...
Using shell: /bin/bash
Provided cores: 4
Rules claiming more threads will be scaled down.
Job counts:
	count	jobs
	12	align
	1	all
	12	ancestral
	12	download
	12	export
	12	filter
	12	parse
	12	refine
	12	traits
	12	translate
	12	tree
	121

[Mon Mar 23 12:57:49 2020]
Job 81: Downloading sequences from fauna


[Mon Mar 23 12:57:49 2020]
Job 93: Downloading sequences from fauna


[Mon Mar 23 12:57:49 2020]
Job 87: Downloading sequences from fauna


[Mon Mar 23 12:57:49 2020]
Job 108: Downloading sequences from fauna

[Mon Mar 23 12:57:57 2020]
Finished job 93.
1 of 121 steps (0.83%) done
[Mon Mar 23 12:57:57 2020]
Finished job 87.
2 of 121 steps (2%) done

[Mon Mar 23 12:57:57 2020]
Job 44: Parsing fasta into sequences and metadata

[Mon Mar 23 12:57:57 2020]
Finished job 81.
3 of 121 steps (2%) done
[Mon Mar 23 12:57:57 2020]
Finished job 108.
4 of 121 steps (3%) done

[Mon Mar 23 12:57:57 2020]
Job 34: Parsing fasta into sequences and metadata


[Mon Mar 23 12:57:57 2020]
Job 24: Parsing fasta into sequences and metadata


[Mon Mar 23 12:57:57 2020]
Job 90: Downloading sequences from fauna

[Mon Mar 23 12:57:59 2020]
Finished job 90.
5 of 121 steps (4%) done

[Mon Mar 23 12:57:59 2020]
Job 69: Parsing fasta into sequences and metadata

Terminating processes on user request, this might take some time.
[Mon Mar 23 12:58:03 2020]
Error in rule parse:
[Mon Mar 23 12:58:03 2020]
    jobid: 24
[Mon Mar 23 12:58:03 2020]
Error in rule parse:
    output: results/sequences_oc43_full.fasta, results/metadata_oc43_full.tsv
Error in rule parse:
    jobid: 34
    shell:
        
        augur parse             --sequences data/oc43_full.fasta             --output-sequences results/sequences_oc43_full.fasta             --output-metadata results/metadata_oc43_full.tsv             --fields accession strain virus collection_date country source sequence_locus subtype type         
        (one of the commands exited with non-zero exit code; note that snakemake uses bash strict mode!)
    jobid: 44
    output: results/sequences_hku1_he.fasta, results/metadata_hku1_he.tsv

    output: results/sequences_229e_spike.fasta, results/metadata_229e_spike.tsv
    shell:
        
        augur parse             --sequences data/hku1_he.fasta             --output-sequences results/sequences_hku1_he.fasta             --output-metadata results/metadata_hku1_he.tsv             --fields accession strain virus collection_date country source sequence_locus subtype type         
        (one of the commands exited with non-zero exit code; note that snakemake uses bash strict mode!)
    shell:
        
        augur parse             --sequences data/229e_spike.fasta             --output-sequences results/sequences_229e_spike.fasta             --output-metadata results/metadata_229e_spike.tsv             --fields accession strain virus collection_date country source sequence_locus subtype type         
        (one of the commands exited with non-zero exit code; note that snakemake uses bash strict mode!)


[Mon Mar 23 12:58:04 2020]
Error in rule parse:
    jobid: 69
    output: results/sequences_nl63_full.fasta, results/metadata_nl63_full.tsv
    shell:
        
        augur parse             --sequences data/nl63_full.fasta             --output-sequences results/sequences_nl63_full.fasta             --output-metadata results/metadata_nl63_full.tsv             --fields accession strain virus collection_date country source sequence_locus subtype type         
        (one of the commands exited with non-zero exit code; note that snakemake uses bash strict mode!)

Complete log: /Users/katekistler/nextstrain/seasonal-corona-test/.snakemake/log/2020-03-23T125749.647863.snakemake.log
