Building DAG of jobs...
Using shell: /bin/bash
Provided cores: 4
Rules claiming more threads will be scaled down.
Job counts:
	count	jobs
	4	align
	1	all
	4	ancestral
	4	download
	4	export
	4	filter
	4	parse
	4	refine
	4	traits
	4	translate
	4	tree
	41

[Mon Mar 23 15:08:50 2020]
Job 36: Downloading sequences from fauna


[Mon Mar 23 15:08:50 2020]
Job 33: Downloading sequences from fauna


[Mon Mar 23 15:08:50 2020]
Job 30: Downloading sequences from fauna


[Mon Mar 23 15:08:50 2020]
Job 27: Downloading sequences from fauna

[Mon Mar 23 15:08:58 2020]
Finished job 33.
1 of 41 steps (2%) done

[Mon Mar 23 15:08:58 2020]
Job 16: Parsing fasta into sequences and metadata

[Mon Mar 23 15:08:58 2020]
Finished job 30.
2 of 41 steps (5%) done

[Mon Mar 23 15:08:58 2020]
Job 11: Parsing fasta into sequences and metadata

[Mon Mar 23 15:08:58 2020]
Finished job 36.
3 of 41 steps (7%) done

[Mon Mar 23 15:08:58 2020]
Job 21: Parsing fasta into sequences and metadata

[Mon Mar 23 15:09:00 2020]
Finished job 27.
4 of 41 steps (10%) done

[Mon Mar 23 15:09:00 2020]
Job 6: Parsing fasta into sequences and metadata

[Mon Mar 23 15:09:07 2020]
Finished job 11.
5 of 41 steps (12%) done

[Mon Mar 23 15:09:07 2020]
Job 38: 
        Filtering to
          - 5000 sequence(s) per country
          - minimum genome length of 1000
        

[Mon Mar 23 15:09:07 2020]
Finished job 16.
6 of 41 steps (15%) done

[Mon Mar 23 15:09:07 2020]
Job 39: 
        Filtering to
          - 5000 sequence(s) per country
          - minimum genome length of 1000
        

[Mon Mar 23 15:09:07 2020]
Finished job 6.
7 of 41 steps (17%) done

[Mon Mar 23 15:09:07 2020]
Job 37: 
        Filtering to
          - 5000 sequence(s) per country
          - minimum genome length of 1000
        

[Mon Mar 23 15:09:08 2020]
Finished job 21.
8 of 41 steps (20%) done

[Mon Mar 23 15:09:08 2020]
Job 40: 
        Filtering to
          - 5000 sequence(s) per country
          - minimum genome length of 1000
        

[Mon Mar 23 15:09:16 2020]
Finished job 38.
9 of 41 steps (22%) done
[Mon Mar 23 15:09:16 2020]
Finished job 39.
10 of 41 steps (24%) done

[Mon Mar 23 15:09:16 2020]
Job 32: 
        Aligning sequences to config/229e_spike_reference.gb
          - filling gaps with N
        


[Mon Mar 23 15:09:16 2020]
Job 29: 
        Aligning sequences to config/hku1_spike_reference.gb
          - filling gaps with N
        

[Mon Mar 23 15:09:16 2020]
Finished job 40.
11 of 41 steps (27%) done

[Mon Mar 23 15:09:16 2020]
Job 35: 
        Aligning sequences to config/nl63_spike_reference.gb
          - filling gaps with N
        

[Mon Mar 23 15:09:16 2020]
Finished job 37.
12 of 41 steps (29%) done

[Mon Mar 23 15:09:16 2020]
Job 26: 
        Aligning sequences to config/oc43_spike_reference.gb
          - filling gaps with N
        

[Mon Mar 23 15:09:28 2020]
Finished job 29.
13 of 41 steps (32%) done

[Mon Mar 23 15:09:28 2020]
Job 28: Building tree

[Mon Mar 23 15:09:28 2020]
Finished job 32.
14 of 41 steps (34%) done

[Mon Mar 23 15:09:28 2020]
Job 31: Building tree

[Mon Mar 23 15:09:33 2020]
Finished job 35.
15 of 41 steps (37%) done

[Mon Mar 23 15:09:33 2020]
Job 34: Building tree

[Mon Mar 23 15:09:37 2020]
Finished job 31.
16 of 41 steps (39%) done
[Mon Mar 23 15:09:37 2020]
Finished job 28.
17 of 41 steps (41%) done

[Mon Mar 23 15:09:37 2020]
Job 15: 
        Refining tree
        


[Mon Mar 23 15:09:37 2020]
Job 10: 
        Refining tree
        

[Mon Mar 23 15:09:37 2020]
Finished job 34.
18 of 41 steps (44%) done

[Mon Mar 23 15:09:37 2020]
Job 20: 
        Refining tree
        

[Mon Mar 23 15:10:32 2020]
Finished job 10.
19 of 41 steps (46%) done

[Mon Mar 23 15:10:32 2020]
Job 13: Reconstructing ancestral sequences and mutations

[Mon Mar 23 15:10:42 2020]
Finished job 13.
20 of 41 steps (49%) done

[Mon Mar 23 15:10:42 2020]
Job 14: Translating amino acid sequences

[Mon Mar 23 15:10:51 2020]
Finished job 14.
21 of 41 steps (51%) done

[Mon Mar 23 15:10:51 2020]
Job 12: Inferring ancestral traits for country

[Mon Mar 23 15:10:56 2020]
Finished job 26.
22 of 41 steps (54%) done

[Mon Mar 23 15:10:56 2020]
Job 25: Building tree

[Mon Mar 23 15:11:01 2020]
Finished job 12.
23 of 41 steps (56%) done

[Mon Mar 23 15:11:01 2020]
Job 2: Exporting data files for for auspice

[Mon Mar 23 15:11:04 2020]
Finished job 25.
24 of 41 steps (59%) done

[Mon Mar 23 15:11:04 2020]
Job 5: 
        Refining tree
        

[Mon Mar 23 15:11:08 2020]
Finished job 15.
25 of 41 steps (61%) done

[Mon Mar 23 15:11:08 2020]
Job 18: Reconstructing ancestral sequences and mutations

[Mon Mar 23 15:11:09 2020]
Finished job 2.
26 of 41 steps (63%) done

[Mon Mar 23 15:11:09 2020]
Job 17: Inferring ancestral traits for country

[Mon Mar 23 15:11:17 2020]
Finished job 18.
27 of 41 steps (66%) done

[Mon Mar 23 15:11:17 2020]
Job 19: Translating amino acid sequences

[Mon Mar 23 15:11:18 2020]
Finished job 17.
28 of 41 steps (68%) done
[Mon Mar 23 15:11:25 2020]
Finished job 19.
29 of 41 steps (71%) done

[Mon Mar 23 15:11:25 2020]
Job 3: Exporting data files for for auspice

[Mon Mar 23 15:11:33 2020]
Finished job 3.
30 of 41 steps (73%) done
[Mon Mar 23 15:11:59 2020]
Finished job 20.
31 of 41 steps (76%) done

[Mon Mar 23 15:11:59 2020]
Job 23: Reconstructing ancestral sequences and mutations


[Mon Mar 23 15:11:59 2020]
Job 22: Inferring ancestral traits for country

[Mon Mar 23 15:12:09 2020]
Finished job 23.
32 of 41 steps (78%) done

[Mon Mar 23 15:12:09 2020]
Job 24: Translating amino acid sequences

[Mon Mar 23 15:12:09 2020]
Finished job 22.
33 of 41 steps (80%) done
[Mon Mar 23 15:12:16 2020]
Finished job 24.
34 of 41 steps (83%) done

[Mon Mar 23 15:12:16 2020]
Job 4: Exporting data files for for auspice

[Mon Mar 23 15:12:24 2020]
Finished job 4.
35 of 41 steps (85%) done
[Mon Mar 23 15:19:57 2020]
Finished job 5.
36 of 41 steps (88%) done

[Mon Mar 23 15:19:57 2020]
Job 8: Reconstructing ancestral sequences and mutations


[Mon Mar 23 15:19:57 2020]
Job 7: Inferring ancestral traits for country

[Mon Mar 23 15:20:10 2020]
Finished job 8.
37 of 41 steps (90%) done

[Mon Mar 23 15:20:10 2020]
Job 9: Translating amino acid sequences

[Mon Mar 23 15:20:13 2020]
Finished job 7.
38 of 41 steps (93%) done
[Mon Mar 23 15:20:18 2020]
Finished job 9.
39 of 41 steps (95%) done

[Mon Mar 23 15:20:18 2020]
Job 1: Exporting data files for for auspice

[Mon Mar 23 15:20:27 2020]
Finished job 1.
40 of 41 steps (98%) done

[Mon Mar 23 15:20:27 2020]
localrule all:
    input: auspice/seasonal_corona_oc43_spike.json, auspice/seasonal_corona_hku1_spike.json, auspice/seasonal_corona_229e_spike.json, auspice/seasonal_corona_nl63_spike.json
    jobid: 0

[Mon Mar 23 15:20:27 2020]
Finished job 0.
41 of 41 steps (100%) done
Complete log: /Users/katekistler/nextstrain/seasonal-corona-test/.snakemake/log/2020-03-23T150850.565237.snakemake.log
