Building DAG of jobs...
Using shell: /bin/bash
Provided cores: 4
Rules claiming more threads will be scaled down.
Job counts:
	count	jobs
	6	align
	1	all
	6	ancestral
	6	export
	6	filter
	2	parse
	6	refine
	6	traits
	6	translate
	6	tree
	51

[Sat Mar 14 14:29:49 2020]
Job 8: Parsing fasta into sequences and metadata


[Sat Mar 14 14:29:49 2020]
Job 21: Parsing fasta into sequences and metadata

[Sat Mar 14 14:29:54 2020]
Error in rule parse:
    jobid: 21
    output: results/sequences_hku1.fasta, results/metadata_hku1.tsv
    shell:
        
        augur parse             --sequences data/oc43_datefix.fasta data/hku1_datefix.fasta             --output-sequences results/sequences_hku1.fasta             --output-metadata results/metadata_hku1.tsv             --fields strain strain_name segment date host country subtype virus_species         
        (one of the commands exited with non-zero exit code; note that snakemake uses bash strict mode!)

[Sat Mar 14 14:29:54 2020]
Error in rule parse:
    jobid: 8
    output: results/sequences_oc43.fasta, results/metadata_oc43.tsv
    shell:
        
        augur parse             --sequences data/oc43_datefix.fasta data/hku1_datefix.fasta             --output-sequences results/sequences_oc43.fasta             --output-metadata results/metadata_oc43.tsv             --fields strain strain_name segment date host country subtype virus_species         
        (one of the commands exited with non-zero exit code; note that snakemake uses bash strict mode!)

Shutting down, this might take some time.
Exiting because a job execution failed. Look above for error message
Complete log: /Users/katekistler/nextstrain/seasonal-corona/.snakemake/log/2020-03-14T142949.773737.snakemake.log
