Building DAG of jobs...
Using shell: /bin/bash
Provided cores: 4
Rules claiming more threads will be scaled down.
Job counts:
	count	jobs
	2	align
	1	all
	2	ancestral
	2	export
	2	filter
	2	parse
	2	refine
	2	traits
	2	translate
	2	tree
	19

[Mon Mar 16 14:53:10 2020]
Job 4: Parsing fasta into sequences and metadata


[Mon Mar 16 14:53:10 2020]
Job 9: Parsing fasta into sequences and metadata

[Mon Mar 16 14:53:14 2020]
Finished job 9.
1 of 19 steps (5%) done

[Mon Mar 16 14:53:14 2020]
Job 18: 
        Filtering to
          - 5000 sequence(s) per country
          - minimum genome length of 1000
        

[Mon Mar 16 14:53:14 2020]
Finished job 4.
2 of 19 steps (11%) done

[Mon Mar 16 14:53:14 2020]
Job 17: 
        Filtering to
          - 5000 sequence(s) per country
          - minimum genome length of 1000
        

[Mon Mar 16 14:53:17 2020]
Finished job 18.
3 of 19 steps (16%) done

[Mon Mar 16 14:53:17 2020]
Job 16: 
        Aligning sequences to config/hku1_genome_reference.gb
          - filling gaps with N
        

[Mon Mar 16 14:53:17 2020]
Finished job 17.
4 of 19 steps (21%) done

[Mon Mar 16 14:53:17 2020]
Job 14: 
        Aligning sequences to config/oc43_genome_reference.gb
          - filling gaps with N
        

[Mon Mar 16 15:34:36 2020]
Finished job 16.
5 of 19 steps (26%) done

[Mon Mar 16 15:34:36 2020]
Job 15: Building tree

[Mon Mar 16 15:34:43 2020]
Finished job 15.
6 of 19 steps (32%) done

[Mon Mar 16 15:34:43 2020]
Job 8: 
        Refining tree
        

[Mon Mar 16 15:41:12 2020]
Finished job 8.
7 of 19 steps (37%) done

[Mon Mar 16 15:41:12 2020]
Job 10: Inferring ancestral traits for country


[Mon Mar 16 15:41:12 2020]
Job 11: Reconstructing ancestral sequences and mutations

[Mon Mar 16 15:41:20 2020]
Finished job 10.
8 of 19 steps (42%) done
[Mon Mar 16 15:41:32 2020]
Finished job 11.
9 of 19 steps (47%) done

[Mon Mar 16 15:41:32 2020]
Job 12: Translating amino acid sequences

[Mon Mar 16 15:41:37 2020]
Finished job 12.
10 of 19 steps (53%) done

[Mon Mar 16 15:41:37 2020]
Job 2: Exporting data files for for auspice

[Mon Mar 16 15:41:41 2020]
Finished job 2.
11 of 19 steps (58%) done
[Mon Mar 16 16:12:26 2020]
Finished job 14.
12 of 19 steps (63%) done

[Mon Mar 16 16:12:26 2020]
Job 13: Building tree

[Mon Mar 16 16:12:44 2020]
Finished job 13.
13 of 19 steps (68%) done

[Mon Mar 16 16:12:44 2020]
Job 3: 
        Refining tree
        

[Mon Mar 16 16:27:31 2020]
Finished job 3.
14 of 19 steps (74%) done

[Mon Mar 16 16:27:31 2020]
Job 6: Reconstructing ancestral sequences and mutations


[Mon Mar 16 16:27:31 2020]
Job 5: Inferring ancestral traits for country

[Mon Mar 16 16:27:42 2020]
Finished job 5.
15 of 19 steps (79%) done
[Mon Mar 16 16:28:08 2020]
Finished job 6.
16 of 19 steps (84%) done

[Mon Mar 16 16:28:08 2020]
Job 7: Translating amino acid sequences

[Mon Mar 16 16:28:13 2020]
Finished job 7.
17 of 19 steps (89%) done

[Mon Mar 16 16:28:13 2020]
Job 1: Exporting data files for for auspice

[Mon Mar 16 16:28:16 2020]
Finished job 1.
18 of 19 steps (95%) done

[Mon Mar 16 16:28:16 2020]
localrule all:
    input: auspice/seasonal_corona_oc43.json, auspice/seasonal_corona_hku1.json
    jobid: 0

[Mon Mar 16 16:28:16 2020]
Finished job 0.
19 of 19 steps (100%) done
Complete log: /Users/katekistler/nextstrain/seasonal-corona/.snakemake/log/2020-03-16T145310.441962.snakemake.log
