Building DAG of jobs...
Using shell: /bin/bash
Provided cores: 4
Rules claiming more threads will be scaled down.
Job counts:
	count	jobs
	1	all
	6	export
	7

[Thu Mar 26 16:02:38 2020]
Job 2: Exporting data files for for auspice


[Thu Mar 26 16:02:38 2020]
Job 9: Exporting data files for for auspice


[Thu Mar 26 16:02:38 2020]
Job 1: Exporting data files for for auspice


[Thu Mar 26 16:02:38 2020]
Job 7: Exporting data files for for auspice

[Thu Mar 26 16:02:44 2020]
Finished job 7.
1 of 7 steps (14%) done

[Thu Mar 26 16:02:44 2020]
Job 4: Exporting data files for for auspice

[Thu Mar 26 16:02:44 2020]
Finished job 2.
2 of 7 steps (29%) done

[Thu Mar 26 16:02:44 2020]
Job 5: Exporting data files for for auspice

[Thu Mar 26 16:02:44 2020]
Finished job 9.
3 of 7 steps (43%) done
[Thu Mar 26 16:02:46 2020]
Finished job 1.
4 of 7 steps (57%) done
[Thu Mar 26 16:02:48 2020]
Finished job 4.
5 of 7 steps (71%) done
[Thu Mar 26 16:02:48 2020]
Finished job 5.
6 of 7 steps (86%) done

[Thu Mar 26 16:02:48 2020]
localrule all:
    input: auspice/seasonal_corona_oc43_spike.json, auspice/seasonal_corona_oc43_he.json, auspice/seasonal_corona_oc43_full.json, auspice/seasonal_corona_hku1_spike.json, auspice/seasonal_corona_hku1_he.json, auspice/seasonal_corona_hku1_full.json, auspice/seasonal_corona_229e_spike.json, auspice/seasonal_corona_229e_full.json, auspice/seasonal_corona_nl63_spike.json, auspice/seasonal_corona_nl63_full.json
    jobid: 0

[Thu Mar 26 16:02:48 2020]
Finished job 0.
7 of 7 steps (100%) done
Complete log: /Users/katekistler/nextstrain/seasonal-cov/.snakemake/log/2020-03-26T160238.469063.snakemake.log
