Building DAG of jobs...
Using shell: /bin/bash
Provided cores: 4
Rules claiming more threads will be scaled down.
Job counts:
	count	jobs
	12	align
	1	all
	12	ancestral
	12	download
	12	export
	12	filter
	12	parse
	12	refine
	12	traits
	12	translate
	12	tree
	121

[Mon Mar 23 12:37:52 2020]
Job 93: Downloading sequences from fauna


[Mon Mar 23 12:37:52 2020]
Job 81: Downloading sequences from fauna


[Mon Mar 23 12:37:52 2020]
Job 105: Downloading sequences from fauna


[Mon Mar 23 12:37:52 2020]
Job 84: Downloading sequences from fauna

[Mon Mar 23 12:37:58 2020]
[Mon Mar 23 12:37:58 2020]
[Mon Mar 23 12:37:58 2020]
Error in rule download:
[Mon Mar 23 12:37:58 2020]
Error in rule download:
Error in rule download:
    jobid: 84
Error in rule download:
    jobid: 81
    jobid: 105
    output: data/hku1_spike.fasta
    jobid: 93
    output: data/oc43_full.fasta
    output: data/nl63_he.fasta
    shell:
        
        python3 ../fauna/vdb/download.py             --database vdb             --virus seasonal_corona             --fasta_fields accession strain virus collection_date country source sequence_locus subtype type             --select sequence_locus:spike virus:hku1             --resolve_method choose_genbank             --path $(dirname data/hku1_spike.fasta)             --fstem $(basename data/hku1_spike.fasta .fasta)
        
        (one of the commands exited with non-zero exit code; note that snakemake uses bash strict mode!)
    output: data/229e_spike.fasta
    shell:
        
        python3 ../fauna/vdb/download.py             --database vdb             --virus seasonal_corona             --fasta_fields accession strain virus collection_date country source sequence_locus subtype type             --select sequence_locus:full virus:oc43             --resolve_method choose_genbank             --path $(dirname data/oc43_full.fasta)             --fstem $(basename data/oc43_full.fasta .fasta)
        
        (one of the commands exited with non-zero exit code; note that snakemake uses bash strict mode!)
    shell:
        
        python3 ../fauna/vdb/download.py             --database vdb             --virus seasonal_corona             --fasta_fields accession strain virus collection_date country source sequence_locus subtype type             --select sequence_locus:he virus:nl63             --resolve_method choose_genbank             --path $(dirname data/nl63_he.fasta)             --fstem $(basename data/nl63_he.fasta .fasta)
        
        (one of the commands exited with non-zero exit code; note that snakemake uses bash strict mode!)

    shell:
        
        python3 ../fauna/vdb/download.py             --database vdb             --virus seasonal_corona             --fasta_fields accession strain virus collection_date country source sequence_locus subtype type             --select sequence_locus:spike virus:229e             --resolve_method choose_genbank             --path $(dirname data/229e_spike.fasta)             --fstem $(basename data/229e_spike.fasta .fasta)
        
        (one of the commands exited with non-zero exit code; note that snakemake uses bash strict mode!)



Shutting down, this might take some time.
Exiting because a job execution failed. Look above for error message
Complete log: /Users/katekistler/nextstrain/seasonal-corona-test/.snakemake/log/2020-03-23T123752.350684.snakemake.log
