Building DAG of jobs...
Using shell: /bin/bash
Provided cores: 4
Rules claiming more threads will be scaled down.
Job counts:
	count	jobs
	6	align
	1	all
	6	ancestral
	6	export
	6	filter
	2	parse
	6	refine
	6	traits
	6	translate
	6	tree
	51

[Sat Mar 14 16:09:09 2020]
Job 8: Parsing fasta into sequences and metadata


[Sat Mar 14 16:09:09 2020]
Job 21: Parsing fasta into sequences and metadata

[Sat Mar 14 16:09:14 2020]
Finished job 21.
1 of 51 steps (2%) done

[Sat Mar 14 16:09:14 2020]
Job 50: 
        Filtering to
          - 5000 sequence(s) per country
          - minimum genome length of 20000
        


[Sat Mar 14 16:09:14 2020]
Job 48: 
        Filtering to
          - 5000 sequence(s) per country
          - minimum genome length of 1000
        


[Sat Mar 14 16:09:14 2020]
Job 49: 
        Filtering to
          - 5000 sequence(s) per country
          - minimum genome length of 280
        

[Sat Mar 14 16:09:14 2020]
Finished job 8.
2 of 51 steps (4%) done

[Sat Mar 14 16:09:14 2020]
Job 47: 
        Filtering to
          - 5000 sequence(s) per country
          - minimum genome length of 20000
        

[Sat Mar 14 16:09:18 2020]
Finished job 50.
3 of 51 steps (6%) done
[Sat Mar 14 16:09:18 2020]
Finished job 49.
4 of 51 steps (8%) done

[Sat Mar 14 16:09:18 2020]
Job 46: 
        Filtering to
          - 5000 sequence(s) per country
          - minimum genome length of 280
        


[Sat Mar 14 16:09:18 2020]
Job 45: 
        Filtering to
          - 5000 sequence(s) per country
          - minimum genome length of 1000
        

[Sat Mar 14 16:09:18 2020]
Finished job 48.
5 of 51 steps (10%) done

[Sat Mar 14 16:09:18 2020]
Job 42: 
        Aligning sequences to config/hku1_he_reference.gb
          - filling gaps with N
        

[Sat Mar 14 16:09:18 2020]
Finished job 47.
6 of 51 steps (12%) done

[Sat Mar 14 16:09:18 2020]
Job 38: 
        Aligning sequences to config/oc43_genome_reference.gb
          - filling gaps with N
        

[Sat Mar 14 16:09:23 2020]
Finished job 45.
7 of 51 steps (14%) done

[Sat Mar 14 16:09:23 2020]
Job 34: 
        Aligning sequences to config/oc43_spike_reference.gb
          - filling gaps with N
        

[Sat Mar 14 16:09:23 2020]
Finished job 46.
8 of 51 steps (16%) done

[Sat Mar 14 16:09:23 2020]
Job 36: 
        Aligning sequences to config/oc43_he_reference.gb
          - filling gaps with N
        

Terminating processes on user request, this might take some time.
[Sat Mar 14 16:09:52 2020]
Error in rule align:
[Sat Mar 14 16:09:52 2020]
    jobid: 36
[Sat Mar 14 16:09:52 2020]
Error in rule align:
    output: results/aligned_oc43_he.fasta
Error in rule align:
    jobid: 34
    shell:
        
        augur align             --sequences results/filtered_oc43_he.fasta             --reference-sequence config/oc43_he_reference.gb             --output results/aligned_oc43_he.fasta             --remove-reference             --fill-gaps
        
        (one of the commands exited with non-zero exit code; note that snakemake uses bash strict mode!)
    jobid: 38
    output: results/aligned_oc43_spike.fasta

    output: results/aligned_oc43_genome.fasta
    shell:
        
        augur align             --sequences results/filtered_oc43_spike.fasta             --reference-sequence config/oc43_spike_reference.gb             --output results/aligned_oc43_spike.fasta             --remove-reference             --fill-gaps
        
        (one of the commands exited with non-zero exit code; note that snakemake uses bash strict mode!)
    shell:
        
        augur align             --sequences results/filtered_oc43_genome.fasta             --reference-sequence config/oc43_genome_reference.gb             --output results/aligned_oc43_genome.fasta             --remove-reference             --fill-gaps
        
        (one of the commands exited with non-zero exit code; note that snakemake uses bash strict mode!)
Removing output files of failed job align since they might be corrupted:
results/aligned_oc43_he.fasta


Removing output files of failed job align since they might be corrupted:
results/aligned_oc43_spike.fasta
Removing output files of failed job align since they might be corrupted:
results/aligned_oc43_genome.fasta
[Sat Mar 14 16:09:52 2020]
Error in rule align:
    jobid: 42
    output: results/aligned_hku1_he.fasta
    shell:
        
        augur align             --sequences results/filtered_hku1_he.fasta             --reference-sequence config/hku1_he_reference.gb             --output results/aligned_hku1_he.fasta             --remove-reference             --fill-gaps
        
        (one of the commands exited with non-zero exit code; note that snakemake uses bash strict mode!)

Removing output files of failed job align since they might be corrupted:
results/aligned_hku1_he.fasta
Complete log: /Users/katekistler/nextstrain/seasonal-corona/.snakemake/log/2020-03-14T160909.593775.snakemake.log
