Building DAG of jobs...
Using shell: /bin/bash
Provided cores: 4
Rules claiming more threads will be scaled down.
Job counts:
	count	jobs
	12	align
	1	all
	12	ancestral
	3	download
	12	export
	12	filter
	12	parse
	12	refine
	12	traits
	12	translate
	12	tree
	112

[Mon Mar 23 13:05:09 2020]
Job 81: Downloading sequences from fauna


[Mon Mar 23 13:05:09 2020]
Job 78: Downloading sequences from fauna


[Mon Mar 23 13:05:09 2020]
Job 75: Downloading sequences from fauna

[Mon Mar 23 13:05:15 2020]
Finished job 75.
1 of 112 steps (0.89%) done
[Mon Mar 23 13:05:15 2020]
Finished job 78.
2 of 112 steps (2%) done

[Mon Mar 23 13:05:15 2020]
Job 59: Parsing fasta into sequences and metadata


[Mon Mar 23 13:05:15 2020]
Job 44: Parsing fasta into sequences and metadata


[Mon Mar 23 13:05:15 2020]
Job 49: Parsing fasta into sequences and metadata

Terminating processes on user request, this might take some time.
[Mon Mar 23 13:05:18 2020]
Error in rule parse:
    jobid: 49
    output: results/sequences_229e_he.fasta, results/metadata_229e_he.tsv
    shell:
        
        augur parse             --sequences data/he.fasta             --output-sequences results/sequences_229e_he.fasta             --output-metadata results/metadata_229e_he.tsv             --fields accession strain virus collection_date country source sequence_locus subtype type         
        (one of the commands exited with non-zero exit code; note that snakemake uses bash strict mode!)

[Mon Mar 23 13:05:18 2020]
Error in rule parse:
    jobid: 59
    output: results/sequences_nl63_spike.fasta, results/metadata_nl63_spike.tsv
    shell:
        
        augur parse             --sequences data/spike.fasta             --output-sequences results/sequences_nl63_spike.fasta             --output-metadata results/metadata_nl63_spike.tsv             --fields accession strain virus collection_date country source sequence_locus subtype type         
        (one of the commands exited with non-zero exit code; note that snakemake uses bash strict mode!)

[Mon Mar 23 13:05:18 2020]
Error in rule parse:
    jobid: 44
    output: results/sequences_229e_spike.fasta, results/metadata_229e_spike.tsv
    shell:
        
        augur parse             --sequences data/spike.fasta             --output-sequences results/sequences_229e_spike.fasta             --output-metadata results/metadata_229e_spike.tsv             --fields accession strain virus collection_date country source sequence_locus subtype type         
        (one of the commands exited with non-zero exit code; note that snakemake uses bash strict mode!)

[Mon Mar 23 13:05:18 2020]
Error in rule download:
    jobid: 81
    output: data/full.fasta
    shell:
        
        python3 ../fauna/vdb/download.py             --database vdb             --virus seasonal_corona             --fasta_fields accession strain virus collection_date country source sequence_locus subtype type             --select sequence_locus:full             --resolve_method choose_genbank             --path $(dirname data/full.fasta)             --fstem $(basename data/full.fasta .fasta)
        
        (one of the commands exited with non-zero exit code; note that snakemake uses bash strict mode!)

Complete log: /Users/katekistler/nextstrain/seasonal-corona-test/.snakemake/log/2020-03-23T130509.214038.snakemake.log
