Building DAG of jobs...
Using shell: /bin/bash
Provided cores: 4
Rules claiming more threads will be scaled down.
Job counts:
	count	jobs
	12	align
	1	all
	12	ancestral
	8	download
	12	export
	12	filter
	8	parse
	12	refine
	12	traits
	12	translate
	12	tree
	113

[Mon Mar 23 12:45:23 2020]
Job 110: 
        Filtering to
          - 5000 sequence(s) per country
          - minimum genome length of 1000
        


[Mon Mar 23 12:45:23 2020]
Job 117: 
        Filtering to
          - 5000 sequence(s) per country
          - minimum genome length of 1000
        


[Mon Mar 23 12:45:23 2020]
Job 120: 
        Filtering to
          - 5000 sequence(s) per country
          - minimum genome length of 1000
        


[Mon Mar 23 12:45:23 2020]
Job 111: 
        Filtering to
          - 5000 sequence(s) per country
          - minimum genome length of 1000
        

[Mon Mar 23 12:45:35 2020]
[Mon Mar 23 12:45:35 2020]
[Mon Mar 23 12:45:35 2020]
[Mon Mar 23 12:45:35 2020]
Error in rule filter:
Error in rule filter:
Error in rule filter:
Error in rule filter:
    jobid: 117
    jobid: 120
    jobid: 111
    jobid: 110
    output: results/filtered_229e_full.fasta
    output: results/filtered_nl63_full.fasta
    output: results/filtered_oc43_full.fasta
    output: results/filtered_oc43_he.fasta
    shell:
        
        augur filter             --sequences results/sequences_229e_full.fasta             --metadata results/metadata_229e_full.tsv             --output results/filtered_229e_full.fasta             --group-by country             --sequences-per-group 5000             --min-length 1000
        
        (one of the commands exited with non-zero exit code; note that snakemake uses bash strict mode!)
    shell:
        
        augur filter             --sequences results/sequences_nl63_full.fasta             --metadata results/metadata_nl63_full.tsv             --output results/filtered_nl63_full.fasta             --group-by country             --sequences-per-group 5000             --min-length 1000
        
        (one of the commands exited with non-zero exit code; note that snakemake uses bash strict mode!)
    shell:
        
        augur filter             --sequences results/sequences_oc43_full.fasta             --metadata results/metadata_oc43_full.tsv             --output results/filtered_oc43_full.fasta             --group-by country             --sequences-per-group 5000             --min-length 1000
        
        (one of the commands exited with non-zero exit code; note that snakemake uses bash strict mode!)
    shell:
        
        augur filter             --sequences results/sequences_oc43_he.fasta             --metadata results/metadata_oc43_he.tsv             --output results/filtered_oc43_he.fasta             --group-by country             --sequences-per-group 5000             --min-length 1000
        
        (one of the commands exited with non-zero exit code; note that snakemake uses bash strict mode!)




Shutting down, this might take some time.
Exiting because a job execution failed. Look above for error message
Complete log: /Users/katekistler/nextstrain/seasonal-corona-test/.snakemake/log/2020-03-23T124523.069321.snakemake.log
