Building DAG of jobs...
Using shell: /bin/bash
Provided cores: 4
Rules claiming more threads will be scaled down.
Job counts:
	count	jobs
	1	all
	4	export
	5

[Thu Mar 26 16:04:51 2020]
Job 10: Exporting data files for for auspice


[Thu Mar 26 16:04:51 2020]
Job 8: Exporting data files for for auspice


[Thu Mar 26 16:04:51 2020]
Job 6: Exporting data files for for auspice


[Thu Mar 26 16:04:51 2020]
Job 3: Exporting data files for for auspice

[Thu Mar 26 16:04:58 2020]
Finished job 8.
1 of 5 steps (20%) done
[Thu Mar 26 16:04:58 2020]
Finished job 6.
2 of 5 steps (40%) done
[Thu Mar 26 16:04:59 2020]
Finished job 3.
3 of 5 steps (60%) done
[Thu Mar 26 16:05:00 2020]
Finished job 10.
4 of 5 steps (80%) done

[Thu Mar 26 16:05:00 2020]
localrule all:
    input: auspice/seasonal_corona_oc43_spike.json, auspice/seasonal_corona_oc43_he.json, auspice/seasonal_corona_oc43_full.json, auspice/seasonal_corona_hku1_spike.json, auspice/seasonal_corona_hku1_he.json, auspice/seasonal_corona_hku1_full.json, auspice/seasonal_corona_229e_spike.json, auspice/seasonal_corona_229e_full.json, auspice/seasonal_corona_nl63_spike.json, auspice/seasonal_corona_nl63_full.json
    jobid: 0

[Thu Mar 26 16:05:00 2020]
Finished job 0.
5 of 5 steps (100%) done
Complete log: /Users/katekistler/nextstrain/seasonal-cov/.snakemake/log/2020-03-26T160451.189897.snakemake.log
