Building DAG of jobs...
Using shell: /bin/bash
Provided cores: 4
Rules claiming more threads will be scaled down.
Job counts:
	count	jobs
	12	align
	1	all
	12	ancestral
	12	download
	12	export
	12	filter
	12	parse
	12	refine
	12	traits
	12	translate
	12	tree
	121

[Mon Mar 23 12:45:56 2020]
Job 96: Downloading sequences from fauna


[Mon Mar 23 12:45:56 2020]
Job 81: Downloading sequences from fauna


[Mon Mar 23 12:45:56 2020]
Job 99: Downloading sequences from fauna


[Mon Mar 23 12:45:56 2020]
Job 78: Downloading sequences from fauna

[Mon Mar 23 12:46:03 2020]
Finished job 96.
1 of 121 steps (0.83%) done
[Mon Mar 23 12:46:03 2020]
Finished job 78.
2 of 121 steps (2%) done

[Mon Mar 23 12:46:03 2020]
Job 105: Downloading sequences from fauna

[Mon Mar 23 12:46:03 2020]
Finished job 81.
3 of 121 steps (2%) done
[Mon Mar 23 12:46:03 2020]
Finished job 99.
4 of 121 steps (3%) done

[Mon Mar 23 12:46:03 2020]
Job 108: Downloading sequences from fauna


[Mon Mar 23 12:46:03 2020]
Job 84: Downloading sequences from fauna


[Mon Mar 23 12:46:03 2020]
Job 102: Downloading sequences from fauna

[Mon Mar 23 12:46:06 2020]
Finished job 84.
5 of 121 steps (4%) done

[Mon Mar 23 12:46:06 2020]
Job 29: Parsing fasta into sequences and metadata

[Mon Mar 23 12:46:06 2020]
Finished job 105.
6 of 121 steps (5%) done
[Mon Mar 23 12:46:06 2020]
Finished job 102.
7 of 121 steps (6%) done
[Mon Mar 23 12:46:06 2020]
Finished job 108.
8 of 121 steps (7%) done

[Mon Mar 23 12:46:06 2020]
Job 49: Parsing fasta into sequences and metadata


[Mon Mar 23 12:46:06 2020]
Job 19: Parsing fasta into sequences and metadata


[Mon Mar 23 12:46:06 2020]
Job 69: Parsing fasta into sequences and metadata

[Mon Mar 23 12:46:12 2020]
Finished job 69.
9 of 121 steps (7%) done
[Mon Mar 23 12:46:12 2020]
Finished job 19.
10 of 121 steps (8%) done
[Mon Mar 23 12:46:12 2020]
Finished job 49.
11 of 121 steps (9%) done
[Mon Mar 23 12:46:12 2020]
Finished job 29.
12 of 121 steps (10%) done

[Mon Mar 23 12:46:12 2020]
Job 110: 
        Filtering to
          - 5000 sequence(s) per country
          - minimum genome length of 1000
        


[Mon Mar 23 12:46:12 2020]
Job 120: 
        Filtering to
          - 5000 sequence(s) per country
          - minimum genome length of 1000
        


[Mon Mar 23 12:46:12 2020]
Job 24: Parsing fasta into sequences and metadata


[Mon Mar 23 12:46:12 2020]
Job 112: 
        Filtering to
          - 5000 sequence(s) per country
          - minimum genome length of 1000
        

Terminating processes on user request, this might take some time.
[Mon Mar 23 12:46:17 2020]
Error in rule parse:
    jobid: 24
    output: results/sequences_oc43_full.fasta, results/metadata_oc43_full.tsv
    shell:
        
        augur parse             --sequences data/oc43_full.fasta             --output-sequences results/sequences_oc43_full.fasta             --output-metadata results/metadata_oc43_full.tsv             --fields accession strain virus collection_date country source sequence_locus subtype type         
        (one of the commands exited with non-zero exit code; note that snakemake uses bash strict mode!)

[Mon Mar 23 12:46:17 2020]
Error in rule filter:
    jobid: 110
    output: results/filtered_oc43_he.fasta
    shell:
        
        augur filter             --sequences results/sequences_oc43_he.fasta             --metadata results/metadata_oc43_he.tsv             --output results/filtered_oc43_he.fasta             --group-by country             --sequences-per-group 5000             --min-length 1000
        
        (one of the commands exited with non-zero exit code; note that snakemake uses bash strict mode!)

[Mon Mar 23 12:46:17 2020]
Error in rule filter:
    jobid: 112
    output: results/filtered_hku1_spike.fasta
    shell:
        
        augur filter             --sequences results/sequences_hku1_spike.fasta             --metadata results/metadata_hku1_spike.tsv             --output results/filtered_hku1_spike.fasta             --group-by country             --sequences-per-group 5000             --min-length 1000
        
        (one of the commands exited with non-zero exit code; note that snakemake uses bash strict mode!)
[Mon Mar 23 12:46:17 2020]

Error in rule filter:
    jobid: 120
    output: results/filtered_nl63_full.fasta
    shell:
        
        augur filter             --sequences results/sequences_nl63_full.fasta             --metadata results/metadata_nl63_full.tsv             --output results/filtered_nl63_full.fasta             --group-by country             --sequences-per-group 5000             --min-length 1000
        
        (one of the commands exited with non-zero exit code; note that snakemake uses bash strict mode!)

Complete log: /Users/katekistler/nextstrain/seasonal-corona-test/.snakemake/log/2020-03-23T124556.626590.snakemake.log
