Building DAG of jobs...
Using shell: /bin/bash
Provided cores: 4
Rules claiming more threads will be scaled down.
Job counts:
	count	jobs
	12	align
	1	all
	12	ancestral
	12	download
	12	export
	12	filter
	12	parse
	12	refine
	12	traits
	12	translate
	12	tree
	121

[Mon Mar 23 12:51:21 2020]
Job 93: Downloading sequences from fauna


[Mon Mar 23 12:51:21 2020]
Job 90: Downloading sequences from fauna


[Mon Mar 23 12:51:21 2020]
Job 105: Downloading sequences from fauna


[Mon Mar 23 12:51:21 2020]
Job 99: Downloading sequences from fauna

[Mon Mar 23 12:51:29 2020]
Finished job 99.
1 of 121 steps (0.83%) done
[Mon Mar 23 12:51:29 2020]
Finished job 93.
2 of 121 steps (2%) done
[Mon Mar 23 12:51:29 2020]
Finished job 105.
3 of 121 steps (2%) done
[Mon Mar 23 12:51:29 2020]
Finished job 90.
4 of 121 steps (3%) done

[Mon Mar 23 12:51:29 2020]
Job 44: Parsing fasta into sequences and metadata


[Mon Mar 23 12:51:29 2020]
Job 64: Parsing fasta into sequences and metadata


[Mon Mar 23 12:51:29 2020]
Job 54: Parsing fasta into sequences and metadata


[Mon Mar 23 12:51:29 2020]
Job 84: Downloading sequences from fauna

[Mon Mar 23 12:51:31 2020]
Finished job 84.
5 of 121 steps (4%) done

[Mon Mar 23 12:51:31 2020]
Job 39: Parsing fasta into sequences and metadata

Terminating processes on user request, this might take some time.
[Mon Mar 23 12:51:33 2020]
Error in rule parse:
    jobid: 39
    output: results/sequences_hku1_full.fasta, results/metadata_hku1_full.tsv
    shell:
        
        augur parse             --sequences data/hku1_full.fasta             --output-sequences results/sequences_hku1_full.fasta             --output-metadata results/metadata_hku1_full.tsv             --fields accession strain virus collection_date country source sequence_locus subtype type         
        (one of the commands exited with non-zero exit code; note that snakemake uses bash strict mode!)

[Mon Mar 23 12:51:33 2020]
[Mon Mar 23 12:51:33 2020]
Error in rule parse:
Error in rule parse:
    jobid: 44
    jobid: 54
    output: results/sequences_229e_spike.fasta, results/metadata_229e_spike.tsv
    output: results/sequences_229e_full.fasta, results/metadata_229e_full.tsv
    shell:
        
        augur parse             --sequences data/229e_spike.fasta             --output-sequences results/sequences_229e_spike.fasta             --output-metadata results/metadata_229e_spike.tsv             --fields accession strain virus collection_date country source sequence_locus subtype type         
        (one of the commands exited with non-zero exit code; note that snakemake uses bash strict mode!)
    shell:
        
        augur parse             --sequences data/229e_full.fasta             --output-sequences results/sequences_229e_full.fasta             --output-metadata results/metadata_229e_full.tsv             --fields accession strain virus collection_date country source sequence_locus subtype type         
        (one of the commands exited with non-zero exit code; note that snakemake uses bash strict mode!)


[Mon Mar 23 12:51:33 2020]
Error in rule parse:
    jobid: 64
    output: results/sequences_nl63_he.fasta, results/metadata_nl63_he.tsv
    shell:
        
        augur parse             --sequences data/nl63_he.fasta             --output-sequences results/sequences_nl63_he.fasta             --output-metadata results/metadata_nl63_he.tsv             --fields accession strain virus collection_date country source sequence_locus subtype type         
        (one of the commands exited with non-zero exit code; note that snakemake uses bash strict mode!)

Complete log: /Users/katekistler/nextstrain/seasonal-corona-test/.snakemake/log/2020-03-23T125121.802588.snakemake.log
