Building DAG of jobs...
Using shell: /bin/bash
Provided cores: 4
Rules claiming more threads will be scaled down.
Job counts:
	count	jobs
	12	align
	1	all
	12	ancestral
	4	download
	12	export
	12	filter
	12	parse
	12	refine
	12	traits
	12	translate
	12	tree
	113

[Mon Mar 23 13:04:14 2020]
Job 82: Downloading sequences from fauna


[Mon Mar 23 13:04:14 2020]
Job 75: Downloading sequences from fauna


[Mon Mar 23 13:04:14 2020]
Job 89: Downloading sequences from fauna


[Mon Mar 23 13:04:14 2020]
Job 96: Downloading sequences from fauna

[Mon Mar 23 13:04:21 2020]
Finished job 96.
1 of 113 steps (0.88%) done

[Mon Mar 23 13:04:21 2020]
Job 69: Parsing fasta into sequences and metadata

[Mon Mar 23 13:04:22 2020]
Finished job 75.
2 of 113 steps (2%) done

[Mon Mar 23 13:04:22 2020]
Job 24: Parsing fasta into sequences and metadata

[Mon Mar 23 13:04:22 2020]
Finished job 82.
3 of 113 steps (3%) done

[Mon Mar 23 13:04:22 2020]
Job 34: Parsing fasta into sequences and metadata

[Mon Mar 23 13:04:22 2020]
Finished job 89.
4 of 113 steps (4%) done

[Mon Mar 23 13:04:22 2020]
Job 49: Parsing fasta into sequences and metadata

Terminating processes on user request, this might take some time.
[Mon Mar 23 13:04:24 2020]
[Mon Mar 23 13:04:24 2020]
[Mon Mar 23 13:04:24 2020]
[Mon Mar 23 13:04:24 2020]
Error in rule parse:
Error in rule parse:
Error in rule parse:
Error in rule parse:
    jobid: 69
    jobid: 49
    jobid: 24
    jobid: 34
    output: results/sequences_nl63_full.fasta, results/metadata_nl63_full.tsv
    output: results/sequences_229e_he.fasta, results/metadata_229e_he.tsv
    output: results/sequences_oc43_full.fasta, results/metadata_oc43_full.tsv
    output: results/sequences_hku1_he.fasta, results/metadata_hku1_he.tsv
    shell:
        
        augur parse             --sequences data/nl63.fasta             --output-sequences results/sequences_nl63_full.fasta             --output-metadata results/metadata_nl63_full.tsv             --fields accession strain virus collection_date country source sequence_locus subtype type         
        (one of the commands exited with non-zero exit code; note that snakemake uses bash strict mode!)
    shell:
        
        augur parse             --sequences data/229e.fasta             --output-sequences results/sequences_229e_he.fasta             --output-metadata results/metadata_229e_he.tsv             --fields accession strain virus collection_date country source sequence_locus subtype type         
        (one of the commands exited with non-zero exit code; note that snakemake uses bash strict mode!)
    shell:
        
        augur parse             --sequences data/oc43.fasta             --output-sequences results/sequences_oc43_full.fasta             --output-metadata results/metadata_oc43_full.tsv             --fields accession strain virus collection_date country source sequence_locus subtype type         
        (one of the commands exited with non-zero exit code; note that snakemake uses bash strict mode!)
    shell:
        
        augur parse             --sequences data/hku1.fasta             --output-sequences results/sequences_hku1_he.fasta             --output-metadata results/metadata_hku1_he.tsv             --fields accession strain virus collection_date country source sequence_locus subtype type         
        (one of the commands exited with non-zero exit code; note that snakemake uses bash strict mode!)




Complete log: /Users/katekistler/nextstrain/seasonal-corona-test/.snakemake/log/2020-03-23T130414.375086.snakemake.log
