Building DAG of jobs...
Using shell: /bin/bash
Provided cores: 4
Rules claiming more threads will be scaled down.
Job counts:
	count	jobs
	1	align
	1	all
	1	ancestral
	1	export
	1	filter
	1	parse
	1	refine
	1	translate
	1	tree
	9

[Thu Apr 16 08:36:14 2020]
Job 3: Parsing fasta into sequences and metadata

[Thu Apr 16 08:36:16 2020]
Finished job 3.
1 of 9 steps (11%) done

[Thu Apr 16 08:36:16 2020]
Job 9: 
        Filtering to
          - 5000 sequence(s) per country
          - minimum genome length of 1000
        

[Thu Apr 16 08:36:19 2020]
Finished job 9.
2 of 9 steps (22%) done

[Thu Apr 16 08:36:19 2020]
Job 7: 
        Aligning sequences to config/oc43_full_reference.gb
          - filling gaps with N
        

[Thu Apr 16 16:37:59 2020]
Finished job 7.
3 of 9 steps (33%) done

[Thu Apr 16 16:37:59 2020]
Job 6: Building tree

[Thu Apr 16 18:38:03 2020]
Finished job 6.
4 of 9 steps (44%) done

[Thu Apr 16 18:38:03 2020]
Job 2: 
        Refining tree
        

[Thu Apr 16 18:38:51 2020]
Error in rule refine:
    jobid: 2
    output: results/tree_cov_full.nwk, results/branch_lengths_cov_full.json
    shell:
        
        augur refine             --tree results/tree_raw_cov_full.nwk             --alignment results/aligned_cov_full.fasta             --metadata results/metadata_cov_full.tsv             --output-tree results/tree_cov_full.nwk             --output-node-data results/branch_lengths_cov_full.json             --timetree             --coalescent opt             --date-confidence             --date-inference marginal             --clock-filter-iqd 4
        
        (one of the commands exited with non-zero exit code; note that snakemake uses bash strict mode!)

Shutting down, this might take some time.
Exiting because a job execution failed. Look above for error message
Complete log: /Users/katekistler/nextstrain/seasonal-cov/.snakemake/log/2020-04-16T083614.579025.snakemake.log
