Building DAG of jobs...
Using shell: /bin/bash
Provided cores: 4
Rules claiming more threads will be scaled down.
Job counts:
	count	jobs
	9	align
	1	all
	12	ancestral
	7	download
	12	export
	8	filter
	8	parse
	12	refine
	12	traits
	12	translate
	10	tree
	103

[Mon Mar 23 14:01:31 2020]
Job 28: 
        Refining tree
        


[Mon Mar 23 14:01:31 2020]
Job 107: 
        Aligning sequences to config/nl63_full_reference.gb
          - filling gaps with N
        


[Mon Mar 23 14:01:31 2020]
Job 73: Building tree


[Mon Mar 23 14:01:31 2020]
Job 43: 
        Refining tree
        

[Mon Mar 23 14:01:41 2020]
Error in rule refine:
    jobid: 28
    output: results/tree_hku1_spike.nwk, results/branch_lengths_hku1_spike.json
    shell:
        
        augur refine             --tree results/tree_raw_hku1_spike.nwk             --alignment results/aligned_hku1_spike.fasta             --metadata results/metadata_hku1_spike.tsv             --output-tree results/tree_hku1_spike.nwk             --output-node-data results/branch_lengths_hku1_spike.json             --timetree             --coalescent opt             --date-confidence             --date-inference marginal             --clock-filter-iqd 4
        
        (one of the commands exited with non-zero exit code; note that snakemake uses bash strict mode!)

[Mon Mar 23 14:01:41 2020]
Error in rule refine:
    jobid: 43
    output: results/tree_229e_spike.nwk, results/branch_lengths_229e_spike.json
    shell:
        
        augur refine             --tree results/tree_raw_229e_spike.nwk             --alignment results/aligned_229e_spike.fasta             --metadata results/metadata_229e_spike.tsv             --output-tree results/tree_229e_spike.nwk             --output-node-data results/branch_lengths_229e_spike.json             --timetree             --coalescent opt             --date-confidence             --date-inference marginal             --clock-filter-iqd 4
        
        (one of the commands exited with non-zero exit code; note that snakemake uses bash strict mode!)

[Mon Mar 23 14:01:43 2020]
Finished job 73.
1 of 103 steps (0.97%) done
Terminating processes on user request, this might take some time.
[Mon Mar 23 14:44:35 2020]
Error in rule align:
    jobid: 107
    output: results/aligned_nl63_full.fasta
    shell:
        
        augur align             --sequences results/filtered_nl63_full.fasta             --reference-sequence config/nl63_full_reference.gb             --output results/aligned_nl63_full.fasta             --remove-reference             --fill-gaps
        
        (one of the commands exited with non-zero exit code; note that snakemake uses bash strict mode!)

Removing output files of failed job align since they might be corrupted:
results/aligned_nl63_full.fasta
Complete log: /Users/katekistler/nextstrain/seasonal-corona-test/.snakemake/log/2020-03-23T140130.963771.snakemake.log
