Building DAG of jobs...
Using shell: /bin/bash
Provided cores: 4
Rules claiming more threads will be scaled down.
Job counts:
	count	jobs
	10	align
	1	all
	10	ancestral
	10	export
	10	filter
	10	parse
	10	refine
	10	traits
	10	translate
	10	tree
	91

[Thu Mar 26 12:51:43 2020]
Job 12: Parsing fasta into sequences and metadata


[Thu Mar 26 12:51:43 2020]
Job 37: Parsing fasta into sequences and metadata


[Thu Mar 26 12:51:43 2020]
Job 57: Parsing fasta into sequences and metadata


[Thu Mar 26 12:51:44 2020]
Job 22: Parsing fasta into sequences and metadata

[Thu Mar 26 12:51:49 2020]
Finished job 12.
1 of 91 steps (1%) done
[Thu Mar 26 12:51:49 2020]
Finished job 37.
2 of 91 steps (2%) done

[Thu Mar 26 12:51:49 2020]
Job 96: 
        Filtering to
          - 5000 sequence(s) per country
          - minimum genome length of 1000
        


[Thu Mar 26 12:51:49 2020]
Job 91: 
        Filtering to
          - 5000 sequence(s) per country
          - minimum genome length of 1000
        

[Thu Mar 26 12:51:49 2020]
Finished job 57.
3 of 91 steps (3%) done

[Thu Mar 26 12:51:49 2020]
Job 100: 
        Filtering to
          - 5000 sequence(s) per country
          - minimum genome length of 1000
        

[Thu Mar 26 12:51:49 2020]
Finished job 22.
4 of 91 steps (4%) done

[Thu Mar 26 12:51:49 2020]
Job 93: 
        Filtering to
          - 5000 sequence(s) per country
          - minimum genome length of 1000
        

[Thu Mar 26 12:51:54 2020]
Finished job 96.
5 of 91 steps (5%) done

[Thu Mar 26 12:51:54 2020]
Job 77: 
        Aligning sequences to config/hku1_full_reference.gb
          - filling gaps with N
        

[Thu Mar 26 12:51:55 2020]
Finished job 91.
6 of 91 steps (7%) done

[Thu Mar 26 12:51:55 2020]
Job 62: 
        Aligning sequences to config/oc43_spike_reference.gb
          - filling gaps with N
        

[Thu Mar 26 12:51:55 2020]
Finished job 100.
7 of 91 steps (8%) done

[Thu Mar 26 12:51:55 2020]
Job 89: 
        Aligning sequences to config/nl63_full_reference.gb
          - filling gaps with N
        

[Thu Mar 26 12:51:55 2020]
Finished job 93.
8 of 91 steps (9%) done

[Thu Mar 26 12:51:55 2020]
Job 68: 
        Aligning sequences to config/oc43_full_reference.gb
          - filling gaps with N
        

[Thu Mar 26 12:54:08 2020]
Finished job 62.
9 of 91 steps (10%) done

[Thu Mar 26 12:54:08 2020]
Job 61: Building tree

[Thu Mar 26 12:54:21 2020]
Finished job 61.
10 of 91 steps (11%) done

[Thu Mar 26 12:54:21 2020]
Job 11: 
        Refining tree
        

[Thu Mar 26 13:22:16 2020]
Finished job 11.
11 of 91 steps (12%) done

[Thu Mar 26 13:22:16 2020]
Job 14: Reconstructing ancestral sequences and mutations

[Thu Mar 26 13:22:30 2020]
Finished job 14.
12 of 91 steps (13%) done

[Thu Mar 26 13:22:31 2020]
Job 15: Translating amino acid sequences

[Thu Mar 26 13:22:38 2020]
Finished job 15.
13 of 91 steps (14%) done

[Thu Mar 26 13:22:38 2020]
Job 47: Parsing fasta into sequences and metadata

[Thu Mar 26 13:22:43 2020]
Finished job 47.
14 of 91 steps (15%) done

[Thu Mar 26 13:22:43 2020]
Job 98: 
        Filtering to
          - 5000 sequence(s) per country
          - minimum genome length of 1000
        

[Thu Mar 26 13:22:49 2020]
Finished job 98.
15 of 91 steps (16%) done

[Thu Mar 26 13:22:49 2020]
Job 83: 
        Aligning sequences to config/229e_full_reference.gb
          - filling gaps with N
        

[Thu Mar 26 13:54:56 2020]
Finished job 77.
16 of 91 steps (18%) done

[Thu Mar 26 13:54:56 2020]
Job 76: Building tree

[Thu Mar 26 13:55:04 2020]
Finished job 76.
17 of 91 steps (19%) done

[Thu Mar 26 13:55:04 2020]
Job 36: 
        Refining tree
        

[Thu Mar 26 14:00:03 2020]
Finished job 36.
18 of 91 steps (20%) done

[Thu Mar 26 14:00:03 2020]
Job 39: Reconstructing ancestral sequences and mutations

[Thu Mar 26 14:00:20 2020]
Finished job 39.
19 of 91 steps (21%) done

[Thu Mar 26 14:00:20 2020]
Job 40: Translating amino acid sequences

[Thu Mar 26 14:00:27 2020]
Finished job 40.
20 of 91 steps (22%) done

[Thu Mar 26 14:00:27 2020]
Job 52: Parsing fasta into sequences and metadata

[Thu Mar 26 14:00:32 2020]
Finished job 52.
21 of 91 steps (23%) done

[Thu Mar 26 14:00:32 2020]
Job 99: 
        Filtering to
          - 5000 sequence(s) per country
          - minimum genome length of 1000
        

[Thu Mar 26 14:00:37 2020]
Finished job 99.
22 of 91 steps (24%) done

[Thu Mar 26 14:00:37 2020]
Job 86: 
        Aligning sequences to config/nl63_spike_reference.gb
          - filling gaps with N
        

[Thu Mar 26 14:00:57 2020]
Finished job 86.
23 of 91 steps (25%) done

[Thu Mar 26 14:00:57 2020]
Job 85: Building tree

[Thu Mar 26 14:01:02 2020]
Finished job 85.
24 of 91 steps (26%) done

[Thu Mar 26 14:01:02 2020]
Job 51: 
        Refining tree
        

[Thu Mar 26 14:05:03 2020]
Finished job 51.
25 of 91 steps (27%) done

[Thu Mar 26 14:05:03 2020]
Job 54: Reconstructing ancestral sequences and mutations

[Thu Mar 26 14:05:11 2020]
Finished job 54.
26 of 91 steps (29%) done

[Thu Mar 26 14:05:11 2020]
Job 55: Translating amino acid sequences

[Thu Mar 26 14:05:16 2020]
Finished job 55.
27 of 91 steps (30%) done

[Thu Mar 26 14:05:16 2020]
Job 27: Parsing fasta into sequences and metadata

[Thu Mar 26 14:05:22 2020]
Finished job 27.
28 of 91 steps (31%) done

[Thu Mar 26 14:05:22 2020]
Job 94: 
        Filtering to
          - 5000 sequence(s) per country
          - minimum genome length of 1000
        

[Thu Mar 26 14:05:27 2020]
Finished job 94.
29 of 91 steps (32%) done

[Thu Mar 26 14:05:27 2020]
Job 71: 
        Aligning sequences to config/hku1_spike_reference.gb
          - filling gaps with N
        

[Thu Mar 26 14:05:38 2020]
Finished job 71.
30 of 91 steps (33%) done

[Thu Mar 26 14:05:38 2020]
Job 70: Building tree

[Thu Mar 26 14:05:43 2020]
Finished job 70.
31 of 91 steps (34%) done

[Thu Mar 26 14:05:43 2020]
Job 26: 
        Refining tree
        

[Thu Mar 26 14:06:43 2020]
Finished job 83.
32 of 91 steps (35%) done

[Thu Mar 26 14:06:43 2020]
Job 82: Building tree

[Thu Mar 26 14:06:50 2020]
Finished job 26.
33 of 91 steps (36%) done

[Thu Mar 26 14:06:50 2020]
Job 29: Reconstructing ancestral sequences and mutations

[Thu Mar 26 14:06:53 2020]
Finished job 82.
34 of 91 steps (37%) done

[Thu Mar 26 14:06:53 2020]
Job 46: 
        Refining tree
        

[Thu Mar 26 14:06:56 2020]
Finished job 29.
35 of 91 steps (38%) done

[Thu Mar 26 14:06:56 2020]
Job 30: Translating amino acid sequences

[Thu Mar 26 14:07:01 2020]
Finished job 30.
36 of 91 steps (40%) done

[Thu Mar 26 14:07:01 2020]
Job 42: Parsing fasta into sequences and metadata

[Thu Mar 26 14:07:05 2020]
Finished job 42.
37 of 91 steps (41%) done

[Thu Mar 26 14:07:05 2020]
Job 97: 
        Filtering to
          - 5000 sequence(s) per country
          - minimum genome length of 1000
        

[Thu Mar 26 14:07:09 2020]
Finished job 97.
38 of 91 steps (42%) done

[Thu Mar 26 14:07:09 2020]
Job 80: 
        Aligning sequences to config/229e_spike_reference.gb
          - filling gaps with N
        

[Thu Mar 26 14:07:19 2020]
Finished job 80.
39 of 91 steps (43%) done

[Thu Mar 26 14:07:19 2020]
Job 17: Parsing fasta into sequences and metadata

[Thu Mar 26 14:07:24 2020]
Finished job 17.
40 of 91 steps (44%) done

[Thu Mar 26 14:07:24 2020]
Job 92: 
        Filtering to
          - 5000 sequence(s) per country
          - minimum genome length of 1000
        

[Thu Mar 26 14:07:28 2020]
Finished job 92.
41 of 91 steps (45%) done

[Thu Mar 26 14:07:28 2020]
Job 65: 
        Aligning sequences to config/oc43_he_reference.gb
          - filling gaps with N
        

[Thu Mar 26 14:07:36 2020]
Finished job 65.
42 of 91 steps (46%) done

[Thu Mar 26 14:07:36 2020]
Job 64: Building tree

[Thu Mar 26 14:07:41 2020]
Finished job 64.
43 of 91 steps (47%) done

[Thu Mar 26 14:07:41 2020]
Job 16: 
        Refining tree
        

[Thu Mar 26 14:11:15 2020]
Finished job 16.
44 of 91 steps (48%) done

[Thu Mar 26 14:11:15 2020]
Job 19: Reconstructing ancestral sequences and mutations

[Thu Mar 26 14:11:21 2020]
Finished job 19.
45 of 91 steps (49%) done

[Thu Mar 26 14:11:21 2020]
Job 20: Translating amino acid sequences

[Thu Mar 26 14:11:25 2020]
Finished job 20.
46 of 91 steps (51%) done

[Thu Mar 26 14:11:25 2020]
Job 79: Building tree

[Thu Mar 26 14:11:29 2020]
Finished job 79.
47 of 91 steps (52%) done

[Thu Mar 26 14:11:29 2020]
Job 41: 
        Refining tree
        

[Thu Mar 26 14:13:18 2020]
Finished job 41.
48 of 91 steps (53%) done

[Thu Mar 26 14:13:18 2020]
Job 44: Reconstructing ancestral sequences and mutations

[Thu Mar 26 14:13:23 2020]
Finished job 44.
49 of 91 steps (54%) done

[Thu Mar 26 14:13:23 2020]
Job 45: Translating amino acid sequences

[Thu Mar 26 14:13:27 2020]
Finished job 45.
50 of 91 steps (55%) done

[Thu Mar 26 14:13:27 2020]
Job 13: Inferring ancestral traits for country

[Thu Mar 26 14:13:46 2020]
Finished job 13.
51 of 91 steps (56%) done

[Thu Mar 26 14:13:46 2020]
Job 1: Exporting data files for for auspice

[Thu Mar 26 14:13:52 2020]
Finished job 1.
52 of 91 steps (57%) done

[Thu Mar 26 14:13:52 2020]
Job 32: Parsing fasta into sequences and metadata

[Thu Mar 26 14:13:56 2020]
Finished job 32.
53 of 91 steps (58%) done

[Thu Mar 26 14:13:56 2020]
Job 95: 
        Filtering to
          - 5000 sequence(s) per country
          - minimum genome length of 1000
        

[Thu Mar 26 14:14:00 2020]
Finished job 95.
54 of 91 steps (59%) done

[Thu Mar 26 14:14:00 2020]
Job 74: 
        Aligning sequences to config/hku1_he_reference.gb
          - filling gaps with N
        

[Thu Mar 26 14:14:06 2020]
Finished job 74.
55 of 91 steps (60%) done

[Thu Mar 26 14:14:06 2020]
Job 73: Building tree

[Thu Mar 26 14:14:11 2020]
Finished job 73.
56 of 91 steps (62%) done

[Thu Mar 26 14:14:11 2020]
Job 31: 
        Refining tree
        

[Thu Mar 26 14:15:16 2020]
Finished job 31.
57 of 91 steps (63%) done

[Thu Mar 26 14:15:16 2020]
Job 34: Reconstructing ancestral sequences and mutations

[Thu Mar 26 14:15:22 2020]
Finished job 34.
58 of 91 steps (64%) done

[Thu Mar 26 14:15:22 2020]
Job 35: Translating amino acid sequences

[Thu Mar 26 14:15:26 2020]
Finished job 35.
59 of 91 steps (65%) done

[Thu Mar 26 14:15:26 2020]
Job 38: Inferring ancestral traits for country

[Thu Mar 26 14:15:27 2020]
Finished job 46.
60 of 91 steps (66%) done

[Thu Mar 26 14:15:27 2020]
Job 49: Reconstructing ancestral sequences and mutations

[Thu Mar 26 14:15:34 2020]
Finished job 38.
61 of 91 steps (67%) done

[Thu Mar 26 14:15:34 2020]
Job 6: Exporting data files for for auspice

[Thu Mar 26 14:15:39 2020]
Finished job 6.
62 of 91 steps (68%) done

[Thu Mar 26 14:15:39 2020]
Job 48: Inferring ancestral traits for country

[Thu Mar 26 14:15:46 2020]
Finished job 48.
63 of 91 steps (69%) done

[Thu Mar 26 14:15:46 2020]
Job 18: Inferring ancestral traits for country

[Thu Mar 26 14:15:49 2020]
Finished job 49.
64 of 91 steps (70%) done

[Thu Mar 26 14:15:49 2020]
Job 50: Translating amino acid sequences

[Thu Mar 26 14:15:53 2020]
Finished job 18.
65 of 91 steps (71%) done

[Thu Mar 26 14:15:53 2020]
Job 2: Exporting data files for for auspice

[Thu Mar 26 14:15:55 2020]
Finished job 50.
66 of 91 steps (73%) done

[Thu Mar 26 14:15:55 2020]
Job 8: Exporting data files for for auspice

[Thu Mar 26 14:15:58 2020]
Finished job 2.
67 of 91 steps (74%) done

[Thu Mar 26 14:15:58 2020]
Job 53: Inferring ancestral traits for country

[Thu Mar 26 14:16:00 2020]
Finished job 8.
68 of 91 steps (75%) done

[Thu Mar 26 14:16:00 2020]
Job 43: Inferring ancestral traits for country

[Thu Mar 26 14:16:06 2020]
Finished job 43.
69 of 91 steps (76%) done

[Thu Mar 26 14:16:06 2020]
Job 7: Exporting data files for for auspice

[Thu Mar 26 14:16:06 2020]
Finished job 53.
70 of 91 steps (77%) done

[Thu Mar 26 14:16:06 2020]
Job 9: Exporting data files for for auspice

[Thu Mar 26 14:16:10 2020]
Finished job 7.
71 of 91 steps (78%) done

[Thu Mar 26 14:16:10 2020]
Job 28: Inferring ancestral traits for country

[Thu Mar 26 14:16:11 2020]
Finished job 9.
72 of 91 steps (79%) done

[Thu Mar 26 14:16:11 2020]
Job 33: Inferring ancestral traits for country

[Thu Mar 26 14:16:16 2020]
Finished job 28.
73 of 91 steps (80%) done

[Thu Mar 26 14:16:16 2020]
Job 4: Exporting data files for for auspice

[Thu Mar 26 14:16:17 2020]
Finished job 33.
74 of 91 steps (81%) done

[Thu Mar 26 14:16:17 2020]
Job 5: Exporting data files for for auspice

[Thu Mar 26 14:16:21 2020]
Finished job 4.
75 of 91 steps (82%) done
[Thu Mar 26 14:16:22 2020]
Finished job 5.
76 of 91 steps (84%) done
[Thu Mar 26 14:47:26 2020]
Finished job 89.
77 of 91 steps (85%) done

[Thu Mar 26 14:47:26 2020]
Job 88: Building tree

[Thu Mar 26 14:47:48 2020]
Finished job 88.
78 of 91 steps (86%) done

[Thu Mar 26 14:47:48 2020]
Job 56: 
        Refining tree
        

[Thu Mar 26 14:56:55 2020]
Finished job 56.
79 of 91 steps (87%) done

[Thu Mar 26 14:56:55 2020]
Job 59: Reconstructing ancestral sequences and mutations


[Thu Mar 26 14:56:55 2020]
Job 58: Inferring ancestral traits for country

[Thu Mar 26 14:57:05 2020]
Finished job 58.
80 of 91 steps (88%) done
[Thu Mar 26 14:57:34 2020]
Finished job 59.
81 of 91 steps (89%) done

[Thu Mar 26 14:57:34 2020]
Job 60: Translating amino acid sequences

[Thu Mar 26 14:57:37 2020]
Finished job 60.
82 of 91 steps (90%) done

[Thu Mar 26 14:57:37 2020]
Job 10: Exporting data files for for auspice

[Thu Mar 26 14:57:40 2020]
Finished job 10.
83 of 91 steps (91%) done
[Thu Mar 26 15:03:45 2020]
Finished job 68.
84 of 91 steps (92%) done

[Thu Mar 26 15:03:45 2020]
Job 67: Building tree

[Thu Mar 26 15:03:54 2020]
Finished job 67.
85 of 91 steps (93%) done

[Thu Mar 26 15:03:54 2020]
Job 21: 
        Refining tree
        

[Thu Mar 26 15:16:29 2020]
Finished job 21.
86 of 91 steps (95%) done

[Thu Mar 26 15:16:29 2020]
Job 23: Inferring ancestral traits for country


[Thu Mar 26 15:16:29 2020]
Job 24: Reconstructing ancestral sequences and mutations

[Thu Mar 26 15:16:39 2020]
Finished job 23.
87 of 91 steps (96%) done
[Thu Mar 26 15:17:04 2020]
Finished job 24.
88 of 91 steps (97%) done

[Thu Mar 26 15:17:04 2020]
Job 25: Translating amino acid sequences

[Thu Mar 26 15:17:09 2020]
Finished job 25.
89 of 91 steps (98%) done

[Thu Mar 26 15:17:09 2020]
Job 3: Exporting data files for for auspice

[Thu Mar 26 15:17:11 2020]
Finished job 3.
90 of 91 steps (99%) done

[Thu Mar 26 15:17:11 2020]
localrule all:
    input: auspice/seasonal_corona_oc43_spike.json, auspice/seasonal_corona_oc43_he.json, auspice/seasonal_corona_oc43_full.json, auspice/seasonal_corona_hku1_spike.json, auspice/seasonal_corona_hku1_he.json, auspice/seasonal_corona_hku1_full.json, auspice/seasonal_corona_229e_spike.json, auspice/seasonal_corona_229e_full.json, auspice/seasonal_corona_nl63_spike.json, auspice/seasonal_corona_nl63_full.json
    jobid: 0

[Thu Mar 26 15:17:11 2020]
Finished job 0.
91 of 91 steps (100%) done
Complete log: /Users/katekistler/nextstrain/seasonal-cov/.snakemake/log/2020-03-26T125143.820878.snakemake.log
