Building DAG of jobs...
Using shell: /bin/bash
Provided cores: 4
Rules claiming more threads will be scaled down.
Job counts:
	count	jobs
	12	align
	1	all
	12	ancestral
	12	download
	12	export
	12	filter
	12	parse
	12	refine
	12	traits
	12	translate
	12	tree
	121

[Mon Mar 23 12:43:13 2020]
Job 99: Downloading sequences from fauna


[Mon Mar 23 12:43:13 2020]
Job 90: Downloading sequences from fauna


[Mon Mar 23 12:43:13 2020]
Job 81: Downloading sequences from fauna


[Mon Mar 23 12:43:13 2020]
Job 105: Downloading sequences from fauna

[Mon Mar 23 12:43:21 2020]
Finished job 81.
1 of 121 steps (0.83%) done
[Mon Mar 23 12:43:21 2020]
Finished job 105.
2 of 121 steps (2%) done
[Mon Mar 23 12:43:21 2020]
Finished job 99.
3 of 121 steps (2%) done
[Mon Mar 23 12:43:21 2020]
Finished job 90.
4 of 121 steps (3%) done

[Mon Mar 23 12:43:21 2020]
Job 24: Parsing fasta into sequences and metadata


[Mon Mar 23 12:43:21 2020]
Job 102: Downloading sequences from fauna


[Mon Mar 23 12:43:21 2020]
Job 78: Downloading sequences from fauna


[Mon Mar 23 12:43:21 2020]
Job 108: Downloading sequences from fauna

[Mon Mar 23 12:43:24 2020]
Finished job 102.
5 of 121 steps (4%) done
[Mon Mar 23 12:43:24 2020]
Finished job 78.
6 of 121 steps (5%) done
[Mon Mar 23 12:43:24 2020]
Finished job 108.
7 of 121 steps (6%) done

[Mon Mar 23 12:43:24 2020]
Job 19: Parsing fasta into sequences and metadata


[Mon Mar 23 12:43:24 2020]
Job 69: Parsing fasta into sequences and metadata


[Mon Mar 23 12:43:24 2020]
Job 54: Parsing fasta into sequences and metadata

[Mon Mar 23 12:43:30 2020]
Finished job 24.
8 of 121 steps (7%) done

[Mon Mar 23 12:43:30 2020]
Job 111: 
        Filtering to
          - 5000 sequence(s) per country
          - minimum genome length of 1000
        

[Mon Mar 23 12:43:32 2020]
Finished job 54.
9 of 121 steps (7%) done
[Mon Mar 23 12:43:32 2020]
Finished job 69.
10 of 121 steps (8%) done

[Mon Mar 23 12:43:32 2020]
Job 120: 
        Filtering to
          - 5000 sequence(s) per country
          - minimum genome length of 1000
        


[Mon Mar 23 12:43:32 2020]
Job 117: 
        Filtering to
          - 5000 sequence(s) per country
          - minimum genome length of 1000
        

[Mon Mar 23 12:43:32 2020]
Finished job 19.
11 of 121 steps (9%) done

[Mon Mar 23 12:43:32 2020]
Job 110: 
        Filtering to
          - 5000 sequence(s) per country
          - minimum genome length of 1000
        

[Mon Mar 23 12:43:34 2020]
Error in rule filter:
    jobid: 111
    output: results/filtered_oc43_full.fasta
    shell:
        
        augur filter             --sequences results/sequences_oc43_full.fasta             --metadata results/metadata_oc43_full.tsv             --output results/filtered_oc43_full.fasta             --group-by country             --sequences-per-group 5000             --min-length 1000
        
        (one of the commands exited with non-zero exit code; note that snakemake uses bash strict mode!)

[Mon Mar 23 12:43:35 2020]
Error in rule filter:
    jobid: 117
    output: results/filtered_229e_full.fasta
    shell:
        
        augur filter             --sequences results/sequences_229e_full.fasta             --metadata results/metadata_229e_full.tsv             --output results/filtered_229e_full.fasta             --group-by country             --sequences-per-group 5000             --min-length 1000
        
        (one of the commands exited with non-zero exit code; note that snakemake uses bash strict mode!)

[Mon Mar 23 12:43:35 2020]
Error in rule filter:
    jobid: 110
    output: results/filtered_oc43_he.fasta
    shell:
        
        augur filter             --sequences results/sequences_oc43_he.fasta             --metadata results/metadata_oc43_he.tsv             --output results/filtered_oc43_he.fasta             --group-by country             --sequences-per-group 5000             --min-length 1000
        
        (one of the commands exited with non-zero exit code; note that snakemake uses bash strict mode!)

[Mon Mar 23 12:43:35 2020]
Error in rule filter:
    jobid: 120
    output: results/filtered_nl63_full.fasta
    shell:
        
        augur filter             --sequences results/sequences_nl63_full.fasta             --metadata results/metadata_nl63_full.tsv             --output results/filtered_nl63_full.fasta             --group-by country             --sequences-per-group 5000             --min-length 1000
        
        (one of the commands exited with non-zero exit code; note that snakemake uses bash strict mode!)

Shutting down, this might take some time.
Exiting because a job execution failed. Look above for error message
Complete log: /Users/katekistler/nextstrain/seasonal-corona-test/.snakemake/log/2020-03-23T124313.283818.snakemake.log
