Building DAG of jobs...
Using shell: /bin/bash
Provided cores: 4
Rules claiming more threads will be scaled down.
Job counts:
	count	jobs
	4	align
	1	all
	4	ancestral
	4	download
	4	export
	4	filter
	4	parse
	4	refine
	4	traits
	4	translate
	4	tree
	41

[Mon Mar 23 16:54:15 2020]
Job 84: Downloading sequences from fauna


[Mon Mar 23 16:54:15 2020]
Job 78: Downloading sequences from fauna


[Mon Mar 23 16:54:15 2020]
Job 69: Downloading sequences from fauna


[Mon Mar 23 16:54:15 2020]
Job 90: Downloading sequences from fauna

[Mon Mar 23 16:54:24 2020]
Finished job 84.
1 of 41 steps (2%) done

[Mon Mar 23 16:54:24 2020]
Job 47: Parsing fasta into sequences and metadata

[Mon Mar 23 16:54:25 2020]
Finished job 78.
2 of 41 steps (5%) done

[Mon Mar 23 16:54:25 2020]
Job 37: Parsing fasta into sequences and metadata

[Mon Mar 23 16:54:30 2020]
Finished job 37.
3 of 41 steps (7%) done

[Mon Mar 23 16:54:30 2020]
Job 96: 
        Filtering to
          - 5000 sequence(s) per country
          - minimum genome length of 1000
        

[Mon Mar 23 16:54:30 2020]
Finished job 47.
4 of 41 steps (10%) done

[Mon Mar 23 16:54:30 2020]
Job 98: 
        Filtering to
          - 5000 sequence(s) per country
          - minimum genome length of 1000
        

[Mon Mar 23 16:54:37 2020]
Finished job 98.
5 of 41 steps (12%) done

[Mon Mar 23 16:54:37 2020]
Job 83: 
        Aligning sequences to config/229e_full_reference.gb
          - filling gaps with N
        

[Mon Mar 23 16:54:37 2020]
Finished job 96.
6 of 41 steps (15%) done

[Mon Mar 23 16:54:37 2020]
Job 77: 
        Aligning sequences to config/hku1_full_reference.gb
          - filling gaps with N
        

[Mon Mar 23 16:54:40 2020]
Finished job 69.
7 of 41 steps (17%) done

[Mon Mar 23 16:54:40 2020]
Job 22: Parsing fasta into sequences and metadata

[Mon Mar 23 16:54:44 2020]
Finished job 90.
8 of 41 steps (20%) done

[Mon Mar 23 16:54:44 2020]
Job 57: Parsing fasta into sequences and metadata

[Mon Mar 23 16:54:45 2020]
Finished job 22.
9 of 41 steps (22%) done

[Mon Mar 23 16:54:45 2020]
Job 93: 
        Filtering to
          - 5000 sequence(s) per country
          - minimum genome length of 1000
        

[Mon Mar 23 16:54:53 2020]
Finished job 57.
10 of 41 steps (24%) done

[Mon Mar 23 16:54:53 2020]
Job 100: 
        Filtering to
          - 5000 sequence(s) per country
          - minimum genome length of 1000
        

[Mon Mar 23 16:54:54 2020]
Finished job 93.
11 of 41 steps (27%) done

[Mon Mar 23 16:54:54 2020]
Job 68: 
        Aligning sequences to config/oc43_full_reference.gb
          - filling gaps with N
        

[Mon Mar 23 16:55:03 2020]
Finished job 100.
12 of 41 steps (29%) done

[Mon Mar 23 16:55:03 2020]
Job 89: 
        Aligning sequences to config/nl63_full_reference.gb
          - filling gaps with N
        

[Mon Mar 23 17:41:51 2020]
Finished job 83.
13 of 41 steps (32%) done

[Mon Mar 23 17:41:51 2020]
Job 82: Building tree

[Mon Mar 23 17:42:06 2020]
Finished job 82.
14 of 41 steps (34%) done

[Mon Mar 23 17:42:06 2020]
Job 46: 
        Refining tree
        

[Mon Mar 23 17:51:39 2020]
Finished job 46.
15 of 41 steps (37%) done

[Mon Mar 23 17:51:39 2020]
Job 49: Reconstructing ancestral sequences and mutations

[Mon Mar 23 17:52:06 2020]
Finished job 49.
16 of 41 steps (39%) done

[Mon Mar 23 17:52:06 2020]
Job 50: Translating amino acid sequences

[Mon Mar 23 17:52:16 2020]
Finished job 50.
17 of 41 steps (41%) done

[Mon Mar 23 17:52:16 2020]
Job 48: Inferring ancestral traits for country

[Mon Mar 23 17:52:31 2020]
Finished job 48.
18 of 41 steps (44%) done

[Mon Mar 23 17:52:31 2020]
Job 8: Exporting data files for for auspice

[Mon Mar 23 17:52:43 2020]
Finished job 8.
19 of 41 steps (46%) done
[Mon Mar 23 18:00:30 2020]
Finished job 77.
20 of 41 steps (49%) done

[Mon Mar 23 18:00:30 2020]
Job 76: Building tree

[Mon Mar 23 18:00:49 2020]
Finished job 76.
21 of 41 steps (51%) done

[Mon Mar 23 18:00:49 2020]
Job 36: 
        Refining tree
        

[Mon Mar 23 18:04:38 2020]
Finished job 36.
22 of 41 steps (54%) done

[Mon Mar 23 18:04:38 2020]
Job 39: Reconstructing ancestral sequences and mutations


[Mon Mar 23 18:04:38 2020]
Job 38: Inferring ancestral traits for country

[Mon Mar 23 18:04:51 2020]
Finished job 38.
23 of 41 steps (56%) done
[Mon Mar 23 18:04:58 2020]
Finished job 39.
24 of 41 steps (59%) done

[Mon Mar 23 18:04:58 2020]
Job 40: Translating amino acid sequences

[Mon Mar 23 18:05:10 2020]
Finished job 40.
25 of 41 steps (61%) done

[Mon Mar 23 18:05:10 2020]
Job 6: Exporting data files for for auspice

[Mon Mar 23 18:05:21 2020]
Finished job 6.
26 of 41 steps (63%) done
[Mon Mar 23 18:46:35 2020]
Finished job 89.
27 of 41 steps (66%) done

[Mon Mar 23 18:46:35 2020]
Job 88: Building tree

[Mon Mar 23 18:47:01 2020]
Finished job 88.
28 of 41 steps (68%) done

[Mon Mar 23 18:47:01 2020]
Job 56: 
        Refining tree
        

[Mon Mar 23 18:55:07 2020]
Finished job 56.
29 of 41 steps (71%) done

[Mon Mar 23 18:55:07 2020]
Job 59: Reconstructing ancestral sequences and mutations


[Mon Mar 23 18:55:07 2020]
Job 58: Inferring ancestral traits for country

[Mon Mar 23 18:55:17 2020]
Finished job 58.
30 of 41 steps (73%) done
[Mon Mar 23 18:55:48 2020]
Finished job 59.
31 of 41 steps (76%) done

[Mon Mar 23 18:55:48 2020]
Job 60: Translating amino acid sequences

[Mon Mar 23 18:55:51 2020]
Finished job 60.
32 of 41 steps (78%) done

[Mon Mar 23 18:55:51 2020]
Job 10: Exporting data files for for auspice

[Mon Mar 23 18:55:56 2020]
Finished job 10.
33 of 41 steps (80%) done
[Mon Mar 23 18:58:23 2020]
Finished job 68.
34 of 41 steps (83%) done

[Mon Mar 23 18:58:23 2020]
Job 67: Building tree

[Mon Mar 23 18:58:31 2020]
Finished job 67.
35 of 41 steps (85%) done

[Mon Mar 23 18:58:31 2020]
Job 21: 
        Refining tree
        

[Mon Mar 23 19:09:34 2020]
Finished job 21.
36 of 41 steps (88%) done

[Mon Mar 23 19:09:34 2020]
Job 24: Reconstructing ancestral sequences and mutations


[Mon Mar 23 19:09:34 2020]
Job 23: Inferring ancestral traits for country

[Mon Mar 23 19:09:43 2020]
Finished job 23.
37 of 41 steps (90%) done
[Mon Mar 23 19:10:05 2020]
Finished job 24.
38 of 41 steps (93%) done

[Mon Mar 23 19:10:05 2020]
Job 25: Translating amino acid sequences

[Mon Mar 23 19:10:09 2020]
Finished job 25.
39 of 41 steps (95%) done

[Mon Mar 23 19:10:09 2020]
Job 3: Exporting data files for for auspice

[Mon Mar 23 19:10:11 2020]
Finished job 3.
40 of 41 steps (98%) done

[Mon Mar 23 19:10:11 2020]
localrule all:
    input: auspice/seasonal_corona_oc43_spike.json, auspice/seasonal_corona_oc43_he.json, auspice/seasonal_corona_oc43_full.json, auspice/seasonal_corona_hku1_spike.json, auspice/seasonal_corona_hku1_he.json, auspice/seasonal_corona_hku1_full.json, auspice/seasonal_corona_229e_spike.json, auspice/seasonal_corona_229e_full.json, auspice/seasonal_corona_nl63_spike.json, auspice/seasonal_corona_nl63_full.json
    jobid: 0

[Mon Mar 23 19:10:11 2020]
Finished job 0.
41 of 41 steps (100%) done
Complete log: /Users/katekistler/nextstrain/seasonal-corona-test/.snakemake/log/2020-03-23T165415.115215.snakemake.log
