Building DAG of jobs...
Using shell: /bin/bash
Provided cores: 4
Rules claiming more threads will be scaled down.
Job counts:
	count	jobs
	6	align
	1	all
	6	ancestral
	6	export
	6	filter
	2	parse
	6	refine
	6	traits
	6	translate
	6	tree
	51

[Sat Mar 14 16:11:41 2020]
Job 21: Parsing fasta into sequences and metadata


[Sat Mar 14 16:11:41 2020]
Job 8: Parsing fasta into sequences and metadata

[Sat Mar 14 16:11:45 2020]
Finished job 21.
1 of 51 steps (2%) done

[Sat Mar 14 16:11:45 2020]
Job 49: 
        Filtering to
          - 5000 sequence(s) per country
          - minimum genome length of 800
        


[Sat Mar 14 16:11:45 2020]
Job 50: 
        Filtering to
          - 5000 sequence(s) per country
          - minimum genome length of 20000
        


[Sat Mar 14 16:11:45 2020]
Job 48: 
        Filtering to
          - 5000 sequence(s) per country
          - minimum genome length of 1000
        

[Sat Mar 14 16:11:45 2020]
Finished job 8.
2 of 51 steps (4%) done

[Sat Mar 14 16:11:45 2020]
Job 47: 
        Filtering to
          - 5000 sequence(s) per country
          - minimum genome length of 20000
        

[Sat Mar 14 16:11:49 2020]
Finished job 50.
3 of 51 steps (6%) done
[Sat Mar 14 16:11:49 2020]
Finished job 49.
4 of 51 steps (8%) done
[Sat Mar 14 16:11:49 2020]
Finished job 48.
5 of 51 steps (10%) done

[Sat Mar 14 16:11:49 2020]
Job 46: 
        Filtering to
          - 5000 sequence(s) per country
          - minimum genome length of 800
        


[Sat Mar 14 16:11:49 2020]
Job 42: 
        Aligning sequences to config/hku1_he_reference.gb
          - filling gaps with N
        


[Sat Mar 14 16:11:49 2020]
Job 45: 
        Filtering to
          - 5000 sequence(s) per country
          - minimum genome length of 1000
        

[Sat Mar 14 16:11:49 2020]
Finished job 47.
6 of 51 steps (12%) done

[Sat Mar 14 16:11:49 2020]
Job 38: 
        Aligning sequences to config/oc43_genome_reference.gb
          - filling gaps with N
        

[Sat Mar 14 16:11:53 2020]
Finished job 45.
7 of 51 steps (14%) done

[Sat Mar 14 16:11:53 2020]
Job 34: 
        Aligning sequences to config/oc43_spike_reference.gb
          - filling gaps with N
        

[Sat Mar 14 16:11:53 2020]
Finished job 46.
8 of 51 steps (16%) done

[Sat Mar 14 16:11:53 2020]
Job 36: 
        Aligning sequences to config/oc43_he_reference.gb
          - filling gaps with N
        

[Sat Mar 14 16:21:18 2020]
Finished job 38.
9 of 51 steps (18%) done

[Sat Mar 14 16:21:18 2020]
Job 37: Building tree

[Sat Mar 14 16:21:25 2020]
Finished job 37.
10 of 51 steps (20%) done

[Sat Mar 14 16:21:25 2020]
Job 16: 
        Refining tree
        

[Sat Mar 14 16:27:34 2020]
Finished job 16.
11 of 51 steps (22%) done

[Sat Mar 14 16:27:34 2020]
Job 18: Reconstructing ancestral sequences and mutations

[Sat Mar 14 16:27:48 2020]
Finished job 18.
12 of 51 steps (24%) done

[Sat Mar 14 16:27:48 2020]
Job 19: Translating amino acid sequences

[Sat Mar 14 16:27:53 2020]
Finished job 19.
13 of 51 steps (25%) done

[Sat Mar 14 16:27:53 2020]
Job 40: 
        Aligning sequences to config/hku1_spike_reference.gb
          - filling gaps with N
        

[Sat Mar 14 18:39:58 2020]
Finished job 42.
14 of 51 steps (27%) done

[Sat Mar 14 18:39:58 2020]
Job 44: 
        Aligning sequences to config/hku1_genome_reference.gb
          - filling gaps with N
        

[Sat Mar 14 18:42:52 2020]
Finished job 44.
15 of 51 steps (29%) done

[Sat Mar 14 18:42:52 2020]
Job 43: Building tree

[Sat Mar 14 18:42:58 2020]
Finished job 43.
16 of 51 steps (31%) done

[Sat Mar 14 18:42:58 2020]
Job 29: 
        Refining tree
        

[Sat Mar 14 18:45:09 2020]
Finished job 29.
17 of 51 steps (33%) done

[Sat Mar 14 18:45:09 2020]
Job 31: Reconstructing ancestral sequences and mutations

[Sat Mar 14 18:45:19 2020]
Finished job 31.
18 of 51 steps (35%) done

[Sat Mar 14 18:45:19 2020]
Job 32: Translating amino acid sequences

[Sat Mar 14 18:45:25 2020]
Finished job 32.
19 of 51 steps (37%) done

[Sat Mar 14 18:45:25 2020]
Job 41: Building tree

[Sat Mar 14 18:45:31 2020]
Error in rule tree:
    jobid: 41
    output: results/tree_raw_hku1_he.nwk
    shell:
        
        augur tree             --alignment results/aligned_hku1_he.fasta             --output results/tree_raw_hku1_he.nwk
        
        (one of the commands exited with non-zero exit code; note that snakemake uses bash strict mode!)

[Sat Mar 14 19:01:30 2020]
Finished job 40.
20 of 51 steps (39%) done
[Sat Mar 14 19:42:13 2020]
Finished job 36.
21 of 51 steps (41%) done
[Sat Mar 14 19:42:32 2020]
Finished job 34.
22 of 51 steps (43%) done
Shutting down, this might take some time.
Exiting because a job execution failed. Look above for error message
Complete log: /Users/katekistler/nextstrain/seasonal-corona/.snakemake/log/2020-03-14T161141.655660.snakemake.log
