Building DAG of jobs...
Using shell: /bin/bash
Provided cores: 4
Rules claiming more threads will be scaled down.
Job counts:
	count	jobs
	1	align
	1	all
	1	ancestral
	1	export
	1	parse
	1	refine
	1	translate
	1	tree
	8

[Sat Jul 18 14:48:27 2020]
Job 3: Parsing fasta into sequences and metadata

[Sat Jul 18 14:48:30 2020]
Finished job 3.
1 of 8 steps (12%) done

[Sat Jul 18 14:48:30 2020]
Job 7: 
        Aligning sequences to config/oc43a_reference.gb
          - filling gaps with N
        

[Sat Jul 18 14:49:15 2020]
Finished job 7.
2 of 8 steps (25%) done

[Sat Jul 18 14:49:15 2020]
Job 6: Building tree

[Sat Jul 18 14:49:18 2020]
Finished job 6.
3 of 8 steps (38%) done

[Sat Jul 18 14:49:18 2020]
Job 2: 
        Refining tree
          - estimate timetree
          - use opt coalescent timescale
          - estimate marginal node dates
          - filter tips more than 4 IQDs from clock expectation
        

[Sat Jul 18 14:55:58 2020]
Finished job 2.
4 of 8 steps (50%) done

[Sat Jul 18 14:55:58 2020]
Job 4: Reconstructing ancestral sequences and mutations

[Sat Jul 18 14:56:02 2020]
Finished job 4.
5 of 8 steps (62%) done

[Sat Jul 18 14:56:02 2020]
Job 5: Translating amino acid sequences

[Sat Jul 18 14:56:04 2020]
Finished job 5.
6 of 8 steps (75%) done

[Sat Jul 18 14:56:04 2020]
Job 1: Exporting data files for for auspice

[Sat Jul 18 14:56:06 2020]
Finished job 1.
7 of 8 steps (88%) done

[Sat Jul 18 14:56:06 2020]
localrule all:
    input: auspice/simulated_oc43a_emperical.json
    jobid: 0

[Sat Jul 18 14:56:06 2020]
Finished job 0.
8 of 8 steps (100%) done
Complete log: /Users/katekistler/nextstrain/seasonal-cov/santa-sim_oc43a-spike/oc43a_emperical_temp/.snakemake/log/2020-07-18T144827.836849.snakemake.log
