Building DAG of jobs...
Using shell: /bin/bash
Provided cores: 4
Rules claiming more threads will be scaled down.
Job counts:
	count	jobs
	1	align
	1	all
	1	ancestral
	1	export
	1	parse
	1	refine
	1	translate
	1	tree
	8

[Sat Aug  1 15:37:49 2020]
Job 3: Parsing fasta into sequences and metadata

[Sat Aug  1 15:37:51 2020]
Finished job 3.
1 of 8 steps (12%) done

[Sat Aug  1 15:37:51 2020]
Job 7: 
        Aligning sequences to config/oc43a_rdrp_reference.gb
          - filling gaps with N
        

[Sat Aug  1 15:37:55 2020]
Finished job 7.
2 of 8 steps (25%) done

[Sat Aug  1 15:37:55 2020]
Job 6: Building tree

[Sat Aug  1 15:37:57 2020]
Finished job 6.
3 of 8 steps (38%) done

[Sat Aug  1 15:37:57 2020]
Job 2: 
        Refining tree
          - estimate timetree
          - use opt coalescent timescale
          - estimate marginal node dates
          - filter tips more than 4 IQDs from clock expectation
        

[Sat Aug  1 15:39:40 2020]
Finished job 2.
4 of 8 steps (50%) done

[Sat Aug  1 15:39:40 2020]
Job 4: Reconstructing ancestral sequences and mutations

[Sat Aug  1 15:39:42 2020]
Finished job 4.
5 of 8 steps (62%) done

[Sat Aug  1 15:39:42 2020]
Job 5: Translating amino acid sequences

[Sat Aug  1 15:39:44 2020]
Finished job 5.
6 of 8 steps (75%) done

[Sat Aug  1 15:39:44 2020]
Job 1: Exporting data files for for auspice

[Sat Aug  1 15:39:46 2020]
Finished job 1.
7 of 8 steps (88%) done

[Sat Aug  1 15:39:46 2020]
localrule all:
    input: auspice/simulated_oc43a_rdrp_empirical.json
    jobid: 0

[Sat Aug  1 15:39:46 2020]
Finished job 0.
8 of 8 steps (100%) done
Complete log: /Users/katekistler/nextstrain/seasonal-cov/santa-sim_oc43a/santa-sim_oc43a-rdrp/oc43a_empirical_rdrp/.snakemake/log/2020-08-01T153748.963659.snakemake.log
