IQ-TREE multicore version 2.2.0-beta COVID-edition for Mac OS X 64-bit built Mar  3 2022 built Mar  3 2022
Developed by Bui Quang Minh, James Barbetti, Nguyen Lam Tung,
Olga Chernomor, Heiko Schmidt, Dominik Schrempf, Michael Woodhams, Ly Trong Nhan.

Host:    macbook-pro-2.fhcrc.org (SSE4.2, 8 GB RAM)
Command: iqtree2 -nt 1 -s results/aligned_nl63_membrane-delim.fasta -m GTR -ninit 2 -n 2 -me 0.05
Seed:    647667 (Using SPRNG - Scalable Parallel Random Number Generator)
Time:    Thu May 12 17:38:24 2022
Kernel:  SSE2 - 1 threads (8 CPU cores detected)

HINT: Use -nt option to specify number of threads because your CPU has 8 cores!
HINT: -nt AUTO will automatically determine the best number of threads to use.

Reading alignment file results/aligned_nl63_membrane-delim.fasta ... Fasta format detected
Reading fasta file: done in 0.000889063 secs using 94.93% CPU
Alignment most likely contains DNA/RNA sequences
Constructing alignment: done in 0.000530005 secs using 77.55% CPU
Alignment has 67 sequences with 681 columns, 29 distinct patterns
15 parsimony-informative, 14 singleton sites, 652 constant sites
                                                                                                                                                                                                                                                   Gap/Ambiguity  Composition  p-value
Analyzing sequences: done in 1.19209e-05 secs using 58.72% CPU
   1  nl63_DELIM-KLYBTVLGYXCOSWCMBWDA_JX504050_DELIM-KLYBTVLGYXCOSWCMBWDA_NL63_DELIM-KLYBTVLGYXCOSWCMBWDA_RPTEC_DELIM-KLYBTVLGYXCOSWCMBWDA_2004_DELIM-KLYBTVLGYXCOSWCMBWDA_2004                                                                            0.00%    passed     99.71%
   2  nl63_DELIM-KLYBTVLGYXCOSWCMBWDA_JQ765573_DELIM-KLYBTVLGYXCOSWCMBWDA_NL63_DELIM-KLYBTVLGYXCOSWCMBWDA_DEN_DELIM-KLYBTVLGYXCOSWCMBWDA_2005_DELIM-KLYBTVLGYXCOSWCMBWDA_1062_DELIM-KLYBTVLGYXCOSWCMBWDA_2005                                              0.00%    passed     99.83%
   3  nl63_DELIM-KLYBTVLGYXCOSWCMBWDA_JQ900260_DELIM-KLYBTVLGYXCOSWCMBWDA_NL63_DELIM-KLYBTVLGYXCOSWCMBWDA_DEN_DELIM-KLYBTVLGYXCOSWCMBWDA_2005_DELIM-KLYBTVLGYXCOSWCMBWDA_1120_DELIM-KLYBTVLGYXCOSWCMBWDA_2005                                              0.00%    passed     99.83%
   4  nl63_DELIM-KLYBTVLGYXCOSWCMBWDA_JQ765568_DELIM-KLYBTVLGYXCOSWCMBWDA_NL63_DELIM-KLYBTVLGYXCOSWCMBWDA_DEN_DELIM-KLYBTVLGYXCOSWCMBWDA_2005_DELIM-KLYBTVLGYXCOSWCMBWDA_193_DELIM-KLYBTVLGYXCOSWCMBWDA_2005                                               0.00%    passed     99.83%
   5  nl63_DELIM-KLYBTVLGYXCOSWCMBWDA_JQ765571_DELIM-KLYBTVLGYXCOSWCMBWDA_NL63_DELIM-KLYBTVLGYXCOSWCMBWDA_DEN_DELIM-KLYBTVLGYXCOSWCMBWDA_2005_DELIM-KLYBTVLGYXCOSWCMBWDA_271_DELIM-KLYBTVLGYXCOSWCMBWDA_2005                                               0.00%    passed     99.83%
   6  nl63_DELIM-KLYBTVLGYXCOSWCMBWDA_JQ765572_DELIM-KLYBTVLGYXCOSWCMBWDA_NL63_DELIM-KLYBTVLGYXCOSWCMBWDA_DEN_DELIM-KLYBTVLGYXCOSWCMBWDA_2005_DELIM-KLYBTVLGYXCOSWCMBWDA_347_DELIM-KLYBTVLGYXCOSWCMBWDA_2005                                               0.00%    passed     99.83%
   7  nl63_DELIM-KLYBTVLGYXCOSWCMBWDA_JQ900259_DELIM-KLYBTVLGYXCOSWCMBWDA_NL63_DELIM-KLYBTVLGYXCOSWCMBWDA_DEN_DELIM-KLYBTVLGYXCOSWCMBWDA_2005_DELIM-KLYBTVLGYXCOSWCMBWDA_449_DELIM-KLYBTVLGYXCOSWCMBWDA_2005                                               0.00%    passed     99.83%
   8  nl63_DELIM-KLYBTVLGYXCOSWCMBWDA_JQ765575_DELIM-KLYBTVLGYXCOSWCMBWDA_NL63_DELIM-KLYBTVLGYXCOSWCMBWDA_DEN_DELIM-KLYBTVLGYXCOSWCMBWDA_2005_DELIM-KLYBTVLGYXCOSWCMBWDA_1876_DELIM-KLYBTVLGYXCOSWCMBWDA_2005                                              0.00%    passed     99.30%
   9  nl63_DELIM-KLYBTVLGYXCOSWCMBWDA_KY554969_DELIM-KLYBTVLGYXCOSWCMBWDA_N07_196B_DELIM-KLYBTVLGYXCOSWCMBWDA_2016                                                                                                                                         0.00%    passed     99.98%
  10  nl63_DELIM-KLYBTVLGYXCOSWCMBWDA_KY829118_DELIM-KLYBTVLGYXCOSWCMBWDA_N07_262B_DELIM-KLYBTVLGYXCOSWCMBWDA_2015                                                                                                                                         0.00%    passed     99.98%
  11  nl63_DELIM-KLYBTVLGYXCOSWCMBWDA_KY554971_DELIM-KLYBTVLGYXCOSWCMBWDA_N07_468B_176X_DELIM-KLYBTVLGYXCOSWCMBWDA_2016                                                                                                                                    0.00%    passed     99.98%
  12  nl63_DELIM-KLYBTVLGYXCOSWCMBWDA_JQ765574_DELIM-KLYBTVLGYXCOSWCMBWDA_NL63_DELIM-KLYBTVLGYXCOSWCMBWDA_DEN_DELIM-KLYBTVLGYXCOSWCMBWDA_2005_DELIM-KLYBTVLGYXCOSWCMBWDA_1862_DELIM-KLYBTVLGYXCOSWCMBWDA_2005                                              0.00%    passed     99.98%
  13  nl63_DELIM-KLYBTVLGYXCOSWCMBWDA_KF530105_DELIM-KLYBTVLGYXCOSWCMBWDA_NL63_DELIM-KLYBTVLGYXCOSWCMBWDA_human_DELIM-KLYBTVLGYXCOSWCMBWDA_USA_DELIM-KLYBTVLGYXCOSWCMBWDA_012_31_DELIM-KLYBTVLGYXCOSWCMBWDA_2001_DELIM-KLYBTVLGYXCOSWCMBWDA_2001           0.00%    passed     99.98%
  14  nl63_DELIM-KLYBTVLGYXCOSWCMBWDA_KF530114_DELIM-KLYBTVLGYXCOSWCMBWDA_NL63_DELIM-KLYBTVLGYXCOSWCMBWDA_human_DELIM-KLYBTVLGYXCOSWCMBWDA_USA_DELIM-KLYBTVLGYXCOSWCMBWDA_891_4_DELIM-KLYBTVLGYXCOSWCMBWDA_1989_DELIM-KLYBTVLGYXCOSWCMBWDA_1989            0.00%    passed     99.98%
  15  nl63_DELIM-KLYBTVLGYXCOSWCMBWDA_KF530108_DELIM-KLYBTVLGYXCOSWCMBWDA_NL63_DELIM-KLYBTVLGYXCOSWCMBWDA_human_DELIM-KLYBTVLGYXCOSWCMBWDA_USA_DELIM-KLYBTVLGYXCOSWCMBWDA_891_6_DELIM-KLYBTVLGYXCOSWCMBWDA_1989_DELIM-KLYBTVLGYXCOSWCMBWDA_1989            0.00%    passed     99.98%
  16  nl63_DELIM-KLYBTVLGYXCOSWCMBWDA_KF530111_DELIM-KLYBTVLGYXCOSWCMBWDA_NL63_DELIM-KLYBTVLGYXCOSWCMBWDA_human_DELIM-KLYBTVLGYXCOSWCMBWDA_USA_DELIM-KLYBTVLGYXCOSWCMBWDA_901_24_DELIM-KLYBTVLGYXCOSWCMBWDA_1990_DELIM-KLYBTVLGYXCOSWCMBWDA_1990           0.00%    passed     99.98%
  17  nl63_DELIM-KLYBTVLGYXCOSWCMBWDA_KF530104_DELIM-KLYBTVLGYXCOSWCMBWDA_NL63_DELIM-KLYBTVLGYXCOSWCMBWDA_human_DELIM-KLYBTVLGYXCOSWCMBWDA_USA_DELIM-KLYBTVLGYXCOSWCMBWDA_904_20_DELIM-KLYBTVLGYXCOSWCMBWDA_1990_DELIM-KLYBTVLGYXCOSWCMBWDA_1990           0.00%    passed     99.98%
  18  nl63_DELIM-KLYBTVLGYXCOSWCMBWDA_KF530113_DELIM-KLYBTVLGYXCOSWCMBWDA_NL63_DELIM-KLYBTVLGYXCOSWCMBWDA_human_DELIM-KLYBTVLGYXCOSWCMBWDA_USA_DELIM-KLYBTVLGYXCOSWCMBWDA_905_25_DELIM-KLYBTVLGYXCOSWCMBWDA_1990_DELIM-KLYBTVLGYXCOSWCMBWDA_1990           0.00%    passed     99.98%
  19  nl63_DELIM-KLYBTVLGYXCOSWCMBWDA_KF530107_DELIM-KLYBTVLGYXCOSWCMBWDA_NL63_DELIM-KLYBTVLGYXCOSWCMBWDA_human_DELIM-KLYBTVLGYXCOSWCMBWDA_USA_DELIM-KLYBTVLGYXCOSWCMBWDA_911_56_DELIM-KLYBTVLGYXCOSWCMBWDA_1991_DELIM-KLYBTVLGYXCOSWCMBWDA_1991           0.00%    passed     99.98%
  20  nl63_DELIM-KLYBTVLGYXCOSWCMBWDA_KF530109_DELIM-KLYBTVLGYXCOSWCMBWDA_NL63_DELIM-KLYBTVLGYXCOSWCMBWDA_human_DELIM-KLYBTVLGYXCOSWCMBWDA_USA_DELIM-KLYBTVLGYXCOSWCMBWDA_903_28_DELIM-KLYBTVLGYXCOSWCMBWDA_1990_DELIM-KLYBTVLGYXCOSWCMBWDA_1990           0.00%    passed     99.92%
  21  nl63_DELIM-KLYBTVLGYXCOSWCMBWDA_KY983586_DELIM-KLYBTVLGYXCOSWCMBWDA_HCoV_NL63_DELIM-KLYBTVLGYXCOSWCMBWDA_Seattle_DELIM-KLYBTVLGYXCOSWCMBWDA_USA_DELIM-KLYBTVLGYXCOSWCMBWDA_SC2940_DELIM-KLYBTVLGYXCOSWCMBWDA_2015_DELIM-KLYBTVLGYXCOSWCMBWDA_2015    0.00%    passed     99.98%
  22  nl63_DELIM-KLYBTVLGYXCOSWCMBWDA_KY554967_DELIM-KLYBTVLGYXCOSWCMBWDA_N06_1144B_DELIM-KLYBTVLGYXCOSWCMBWDA_2016                                                                                                                                        0.00%    passed     99.93%
  23  nl63_DELIM-KLYBTVLGYXCOSWCMBWDA_KY674916_DELIM-KLYBTVLGYXCOSWCMBWDA_N07_64B_DELIM-KLYBTVLGYXCOSWCMBWDA_2016                                                                                                                                          0.00%    passed     99.93%
  24  nl63_DELIM-KLYBTVLGYXCOSWCMBWDA_KY674915_DELIM-KLYBTVLGYXCOSWCMBWDA_N07_6B_DELIM-KLYBTVLGYXCOSWCMBWDA_2016                                                                                                                                           0.00%    passed     99.93%
  25  nl63_DELIM-KLYBTVLGYXCOSWCMBWDA_JQ765569_DELIM-KLYBTVLGYXCOSWCMBWDA_NL63_DELIM-KLYBTVLGYXCOSWCMBWDA_DEN_DELIM-KLYBTVLGYXCOSWCMBWDA_2005_DELIM-KLYBTVLGYXCOSWCMBWDA_232_DELIM-KLYBTVLGYXCOSWCMBWDA_2005                                               0.00%    passed     99.93%
  26  nl63_DELIM-KLYBTVLGYXCOSWCMBWDA_JQ765570_DELIM-KLYBTVLGYXCOSWCMBWDA_NL63_DELIM-KLYBTVLGYXCOSWCMBWDA_DEN_DELIM-KLYBTVLGYXCOSWCMBWDA_2005_DELIM-KLYBTVLGYXCOSWCMBWDA_235_DELIM-KLYBTVLGYXCOSWCMBWDA_2005                                               0.00%    passed     99.93%
  27  nl63_DELIM-KLYBTVLGYXCOSWCMBWDA_JQ900258_DELIM-KLYBTVLGYXCOSWCMBWDA_NL63_DELIM-KLYBTVLGYXCOSWCMBWDA_DEN_DELIM-KLYBTVLGYXCOSWCMBWDA_2005_DELIM-KLYBTVLGYXCOSWCMBWDA_291_DELIM-KLYBTVLGYXCOSWCMBWDA_2005                                               0.00%    passed     99.93%
  28  nl63_DELIM-KLYBTVLGYXCOSWCMBWDA_JQ765566_DELIM-KLYBTVLGYXCOSWCMBWDA_NL63_DELIM-KLYBTVLGYXCOSWCMBWDA_DEN_DELIM-KLYBTVLGYXCOSWCMBWDA_2008_DELIM-KLYBTVLGYXCOSWCMBWDA_16_DELIM-KLYBTVLGYXCOSWCMBWDA_2008                                                0.00%    passed     99.93%
  29  nl63_DELIM-KLYBTVLGYXCOSWCMBWDA_JQ765564_DELIM-KLYBTVLGYXCOSWCMBWDA_NL63_DELIM-KLYBTVLGYXCOSWCMBWDA_DEN_DELIM-KLYBTVLGYXCOSWCMBWDA_2009_DELIM-KLYBTVLGYXCOSWCMBWDA_14_DELIM-KLYBTVLGYXCOSWCMBWDA_2009                                                0.00%    passed     99.93%
  30  nl63_DELIM-KLYBTVLGYXCOSWCMBWDA_JQ765565_DELIM-KLYBTVLGYXCOSWCMBWDA_NL63_DELIM-KLYBTVLGYXCOSWCMBWDA_DEN_DELIM-KLYBTVLGYXCOSWCMBWDA_2009_DELIM-KLYBTVLGYXCOSWCMBWDA_15_DELIM-KLYBTVLGYXCOSWCMBWDA_2009                                                0.00%    passed     99.93%
  31  nl63_DELIM-KLYBTVLGYXCOSWCMBWDA_JQ765567_DELIM-KLYBTVLGYXCOSWCMBWDA_NL63_DELIM-KLYBTVLGYXCOSWCMBWDA_DEN_DELIM-KLYBTVLGYXCOSWCMBWDA_2009_DELIM-KLYBTVLGYXCOSWCMBWDA_20_DELIM-KLYBTVLGYXCOSWCMBWDA_2009                                                0.00%    passed     99.93%
  32  nl63_DELIM-KLYBTVLGYXCOSWCMBWDA_JQ900255_DELIM-KLYBTVLGYXCOSWCMBWDA_NL63_DELIM-KLYBTVLGYXCOSWCMBWDA_DEN_DELIM-KLYBTVLGYXCOSWCMBWDA_2009_DELIM-KLYBTVLGYXCOSWCMBWDA_6_DELIM-KLYBTVLGYXCOSWCMBWDA_2009                                                 0.00%    passed     99.93%
  33  nl63_DELIM-KLYBTVLGYXCOSWCMBWDA_KF530112_DELIM-KLYBTVLGYXCOSWCMBWDA_NL63_DELIM-KLYBTVLGYXCOSWCMBWDA_human_DELIM-KLYBTVLGYXCOSWCMBWDA_USA_DELIM-KLYBTVLGYXCOSWCMBWDA_0111_25_DELIM-KLYBTVLGYXCOSWCMBWDA_2001_DELIM-KLYBTVLGYXCOSWCMBWDA_2001          0.00%    passed     99.93%
  34  nl63_DELIM-KLYBTVLGYXCOSWCMBWDA_JQ900256_DELIM-KLYBTVLGYXCOSWCMBWDA_NL63_DELIM-KLYBTVLGYXCOSWCMBWDA_DEN_DELIM-KLYBTVLGYXCOSWCMBWDA_2009_DELIM-KLYBTVLGYXCOSWCMBWDA_22_DELIM-KLYBTVLGYXCOSWCMBWDA_2009                                                0.00%    passed     99.65%
  35  nl63_DELIM-KLYBTVLGYXCOSWCMBWDA_JQ765563_DELIM-KLYBTVLGYXCOSWCMBWDA_NL63_DELIM-KLYBTVLGYXCOSWCMBWDA_DEN_DELIM-KLYBTVLGYXCOSWCMBWDA_2009_DELIM-KLYBTVLGYXCOSWCMBWDA_9_DELIM-KLYBTVLGYXCOSWCMBWDA_2009                                                 0.00%    passed     99.73%
  36  nl63_DELIM-KLYBTVLGYXCOSWCMBWDA_KY554968_DELIM-KLYBTVLGYXCOSWCMBWDA_N07_185B_DELIM-KLYBTVLGYXCOSWCMBWDA_2016                                                                                                                                         0.00%    passed     99.92%
  37  nl63_DELIM-KLYBTVLGYXCOSWCMBWDA_KY554970_DELIM-KLYBTVLGYXCOSWCMBWDA_N07_324B_182X_DELIM-KLYBTVLGYXCOSWCMBWDA_2016                                                                                                                                    0.00%    passed     99.92%
  38  nl63_DELIM-KLYBTVLGYXCOSWCMBWDA_MG772808_DELIM-KLYBTVLGYXCOSWCMBWDA_CN0601_DELIM-KLYBTVLGYXCOSWCMBWDA_14_DELIM-KLYBTVLGYXCOSWCMBWDA_2014                                                                                                             0.00%    passed     99.75%
  39  nl63_DELIM-KLYBTVLGYXCOSWCMBWDA_KF530110_DELIM-KLYBTVLGYXCOSWCMBWDA_NL63_DELIM-KLYBTVLGYXCOSWCMBWDA_human_DELIM-KLYBTVLGYXCOSWCMBWDA_USA_DELIM-KLYBTVLGYXCOSWCMBWDA_838_9_DELIM-KLYBTVLGYXCOSWCMBWDA_1983_DELIM-KLYBTVLGYXCOSWCMBWDA_1983            0.00%    passed     99.68%
  40  nl63_DELIM-KLYBTVLGYXCOSWCMBWDA_KF530106_DELIM-KLYBTVLGYXCOSWCMBWDA_NL63_DELIM-KLYBTVLGYXCOSWCMBWDA_human_DELIM-KLYBTVLGYXCOSWCMBWDA_USA_DELIM-KLYBTVLGYXCOSWCMBWDA_8712_17_DELIM-KLYBTVLGYXCOSWCMBWDA_1987_DELIM-KLYBTVLGYXCOSWCMBWDA_1987          0.00%    passed     99.78%
  41  nl63_DELIM-KLYBTVLGYXCOSWCMBWDA_KT381875_DELIM-KLYBTVLGYXCOSWCMBWDA_NL63_DELIM-KLYBTVLGYXCOSWCMBWDA_UF_1_DELIM-KLYBTVLGYXCOSWCMBWDA_2015_DELIM-KLYBTVLGYXCOSWCMBWDA_2015                                                                             0.00%    passed    100.00%
  42  nl63_DELIM-KLYBTVLGYXCOSWCMBWDA_KU521535_DELIM-KLYBTVLGYXCOSWCMBWDA_NL63_DELIM-KLYBTVLGYXCOSWCMBWDA_UF_2_DELIM-KLYBTVLGYXCOSWCMBWDA_2015_DELIM-KLYBTVLGYXCOSWCMBWDA_2015                                                                             0.00%    passed    100.00%
  43  nl63_DELIM-KLYBTVLGYXCOSWCMBWDA_KX179500_DELIM-KLYBTVLGYXCOSWCMBWDA_NL63_DELIM-KLYBTVLGYXCOSWCMBWDA_UF_2_DELIM-KLYBTVLGYXCOSWCMBWDA_2015_DELIM-KLYBTVLGYXCOSWCMBWDA_2015                                                                             0.00%    passed    100.00%
  44  nl63_DELIM-KLYBTVLGYXCOSWCMBWDA_JX104161_DELIM-KLYBTVLGYXCOSWCMBWDA_CBJ_037_DELIM-KLYBTVLGYXCOSWCMBWDA_2008                                                                                                                                          0.00%    passed     99.79%
  45  nl63_DELIM-KLYBTVLGYXCOSWCMBWDA_KT266906_DELIM-KLYBTVLGYXCOSWCMBWDA_HCoV_NL63_DELIM-KLYBTVLGYXCOSWCMBWDA_Haiti_1_DELIM-KLYBTVLGYXCOSWCMBWDA_2015_DELIM-KLYBTVLGYXCOSWCMBWDA_2015                                                                     0.00%    passed     99.79%
  46  nl63_DELIM-KLYBTVLGYXCOSWCMBWDA_KX179497_DELIM-KLYBTVLGYXCOSWCMBWDA_NL63_DELIM-KLYBTVLGYXCOSWCMBWDA_Haiti_2_DELIM-KLYBTVLGYXCOSWCMBWDA_2015_DELIM-KLYBTVLGYXCOSWCMBWDA_2015                                                                          0.00%    passed     99.79%
  47  nl63_DELIM-KLYBTVLGYXCOSWCMBWDA_KX179498_DELIM-KLYBTVLGYXCOSWCMBWDA_NL63_DELIM-KLYBTVLGYXCOSWCMBWDA_Haiti_3_DELIM-KLYBTVLGYXCOSWCMBWDA_2015_DELIM-KLYBTVLGYXCOSWCMBWDA_2015                                                                          0.00%    passed     99.79%
  48  nl63_DELIM-KLYBTVLGYXCOSWCMBWDA_JX524171_DELIM-KLYBTVLGYXCOSWCMBWDA_CBJ123_DELIM-KLYBTVLGYXCOSWCMBWDA_2009                                                                                                                                           0.00%    passed     99.79%
  49  nl63_DELIM-KLYBTVLGYXCOSWCMBWDA_MK334043_DELIM-KLYBTVLGYXCOSWCMBWDA_ChinaGD02_DELIM-KLYBTVLGYXCOSWCMBWDA_2018                                                                                                                                        0.00%    passed     99.79%
  50  nl63_DELIM-KLYBTVLGYXCOSWCMBWDA_MK334044_DELIM-KLYBTVLGYXCOSWCMBWDA_ChinaGD03_DELIM-KLYBTVLGYXCOSWCMBWDA_2018                                                                                                                                        0.00%    passed     99.79%
  51  nl63_DELIM-KLYBTVLGYXCOSWCMBWDA_MK334045_DELIM-KLYBTVLGYXCOSWCMBWDA_ChinaGD05_DELIM-KLYBTVLGYXCOSWCMBWDA_2018                                                                                                                                        0.00%    passed     99.79%
  52  nl63_DELIM-KLYBTVLGYXCOSWCMBWDA_MN306018_DELIM-KLYBTVLGYXCOSWCMBWDA_HCoV_NL63_DELIM-KLYBTVLGYXCOSWCMBWDA_Seattle_DELIM-KLYBTVLGYXCOSWCMBWDA_USA_DELIM-KLYBTVLGYXCOSWCMBWDA_SC0179_DELIM-KLYBTVLGYXCOSWCMBWDA_2018_DELIM-KLYBTVLGYXCOSWCMBWDA_2018    0.00%    passed     99.79%
  53  nl63_DELIM-KLYBTVLGYXCOSWCMBWDA_MN306040_DELIM-KLYBTVLGYXCOSWCMBWDA_HCoV_NL63_DELIM-KLYBTVLGYXCOSWCMBWDA_Seattle_DELIM-KLYBTVLGYXCOSWCMBWDA_USA_DELIM-KLYBTVLGYXCOSWCMBWDA_SC0768_DELIM-KLYBTVLGYXCOSWCMBWDA_2019_DELIM-KLYBTVLGYXCOSWCMBWDA_2019    0.00%    passed     99.79%
  54  nl63_DELIM-KLYBTVLGYXCOSWCMBWDA_JQ900257_DELIM-KLYBTVLGYXCOSWCMBWDA_NL63_DELIM-KLYBTVLGYXCOSWCMBWDA_DEN_DELIM-KLYBTVLGYXCOSWCMBWDA_2009_DELIM-KLYBTVLGYXCOSWCMBWDA_31_DELIM-KLYBTVLGYXCOSWCMBWDA_2009                                                0.00%    passed     99.79%
  55  nl63_DELIM-KLYBTVLGYXCOSWCMBWDA_KX179499_DELIM-KLYBTVLGYXCOSWCMBWDA_NL63_DELIM-KLYBTVLGYXCOSWCMBWDA_Haiti_4_DELIM-KLYBTVLGYXCOSWCMBWDA_2015_DELIM-KLYBTVLGYXCOSWCMBWDA_2015                                                                          0.00%    passed     99.79%
  56  nl63_DELIM-KLYBTVLGYXCOSWCMBWDA_MK334046_DELIM-KLYBTVLGYXCOSWCMBWDA_ChinaGD01_DELIM-KLYBTVLGYXCOSWCMBWDA_2018                                                                                                                                        0.00%    passed     99.56%
  57  nl63_DELIM-KLYBTVLGYXCOSWCMBWDA_MG428703_DELIM-KLYBTVLGYXCOSWCMBWDA_Kilifi_HH_0511_01_Jun_2010_DELIM-KLYBTVLGYXCOSWCMBWDA_2010                                                                                                                       0.00%    passed     99.93%
  58  nl63_DELIM-KLYBTVLGYXCOSWCMBWDA_MG428701_DELIM-KLYBTVLGYXCOSWCMBWDA_Kilifi_HH_0512_04_Jun_2010_DELIM-KLYBTVLGYXCOSWCMBWDA_2010                                                                                                                       0.00%    passed     99.93%
  59  nl63_DELIM-KLYBTVLGYXCOSWCMBWDA_MG428705_DELIM-KLYBTVLGYXCOSWCMBWDA_Kilifi_HH_0522_21_May_2010_DELIM-KLYBTVLGYXCOSWCMBWDA_2010                                                                                                                       0.00%    passed     99.93%
  60  nl63_DELIM-KLYBTVLGYXCOSWCMBWDA_MG428700_DELIM-KLYBTVLGYXCOSWCMBWDA_Kilifi_HH_1602_01_Jun_2010_DELIM-KLYBTVLGYXCOSWCMBWDA_2010                                                                                                                       0.00%    passed     99.93%
  61  nl63_DELIM-KLYBTVLGYXCOSWCMBWDA_MG428702_DELIM-KLYBTVLGYXCOSWCMBWDA_Kilifi_HH_3807_11_May_2010_DELIM-KLYBTVLGYXCOSWCMBWDA_2010                                                                                                                       0.00%    passed     99.93%
  62  nl63_DELIM-KLYBTVLGYXCOSWCMBWDA_MG428706_DELIM-KLYBTVLGYXCOSWCMBWDA_Kilifi_HH_3808_24_May_2010_DELIM-KLYBTVLGYXCOSWCMBWDA_2010                                                                                                                       0.00%    passed     99.93%
  63  nl63_DELIM-KLYBTVLGYXCOSWCMBWDA_MG428707_DELIM-KLYBTVLGYXCOSWCMBWDA_Kilifi_HH_5401_20_May_2010_DELIM-KLYBTVLGYXCOSWCMBWDA_2010                                                                                                                       0.00%    passed     99.93%
  64  nl63_DELIM-KLYBTVLGYXCOSWCMBWDA_MG428704_DELIM-KLYBTVLGYXCOSWCMBWDA_Kilifi_HH_5402_20_May_2010_DELIM-KLYBTVLGYXCOSWCMBWDA_2010                                                                                                                       0.00%    passed     99.93%
  65  nl63_DELIM-KLYBTVLGYXCOSWCMBWDA_MG428699_DELIM-KLYBTVLGYXCOSWCMBWDA_Kilifi_HH_5709_19_May_2010_DELIM-KLYBTVLGYXCOSWCMBWDA_2010                                                                                                                       0.00%    passed     99.93%
  66  nl63_DELIM-KLYBTVLGYXCOSWCMBWDA_MK334047_DELIM-KLYBTVLGYXCOSWCMBWDA_ChinaGD04_DELIM-KLYBTVLGYXCOSWCMBWDA_2018                                                                                                                                        0.00%    passed     99.42%
  67  nl63_DELIM-KLYBTVLGYXCOSWCMBWDA_MN026166_DELIM-KLYBTVLGYXCOSWCMBWDA_NL63_KLF_01_2018_DELIM-KLYBTVLGYXCOSWCMBWDA_2018                                                                                                                                 0.00%    passed     99.67%
****  TOTAL                                                                                                                                                                                                                                                0.00%  0 sequences failed composition chi2 test (p-value<5%; df=3)
NOTE: nl63_DELIM-KLYBTVLGYXCOSWCMBWDA_JQ900260_DELIM-KLYBTVLGYXCOSWCMBWDA_NL63_DELIM-KLYBTVLGYXCOSWCMBWDA_DEN_DELIM-KLYBTVLGYXCOSWCMBWDA_2005_DELIM-KLYBTVLGYXCOSWCMBWDA_1120_DELIM-KLYBTVLGYXCOSWCMBWDA_2005 is identical to nl63_DELIM-KLYBTVLGYXCOSWCMBWDA_JQ765573_DELIM-KLYBTVLGYXCOSWCMBWDA_NL63_DELIM-KLYBTVLGYXCOSWCMBWDA_DEN_DELIM-KLYBTVLGYXCOSWCMBWDA_2005_DELIM-KLYBTVLGYXCOSWCMBWDA_1062_DELIM-KLYBTVLGYXCOSWCMBWDA_2005 but kept for subsequent analysis
NOTE: nl63_DELIM-KLYBTVLGYXCOSWCMBWDA_KY829118_DELIM-KLYBTVLGYXCOSWCMBWDA_N07_262B_DELIM-KLYBTVLGYXCOSWCMBWDA_2015 is identical to nl63_DELIM-KLYBTVLGYXCOSWCMBWDA_KY554969_DELIM-KLYBTVLGYXCOSWCMBWDA_N07_196B_DELIM-KLYBTVLGYXCOSWCMBWDA_2016 but kept for subsequent analysis
NOTE: nl63_DELIM-KLYBTVLGYXCOSWCMBWDA_KY674916_DELIM-KLYBTVLGYXCOSWCMBWDA_N07_64B_DELIM-KLYBTVLGYXCOSWCMBWDA_2016 is identical to nl63_DELIM-KLYBTVLGYXCOSWCMBWDA_KY554967_DELIM-KLYBTVLGYXCOSWCMBWDA_N06_1144B_DELIM-KLYBTVLGYXCOSWCMBWDA_2016 but kept for subsequent analysis
NOTE: nl63_DELIM-KLYBTVLGYXCOSWCMBWDA_KY554970_DELIM-KLYBTVLGYXCOSWCMBWDA_N07_324B_182X_DELIM-KLYBTVLGYXCOSWCMBWDA_2016 is identical to nl63_DELIM-KLYBTVLGYXCOSWCMBWDA_KY554968_DELIM-KLYBTVLGYXCOSWCMBWDA_N07_185B_DELIM-KLYBTVLGYXCOSWCMBWDA_2016 but kept for subsequent analysis
NOTE: nl63_DELIM-KLYBTVLGYXCOSWCMBWDA_KU521535_DELIM-KLYBTVLGYXCOSWCMBWDA_NL63_DELIM-KLYBTVLGYXCOSWCMBWDA_UF_2_DELIM-KLYBTVLGYXCOSWCMBWDA_2015_DELIM-KLYBTVLGYXCOSWCMBWDA_2015 is identical to nl63_DELIM-KLYBTVLGYXCOSWCMBWDA_KT381875_DELIM-KLYBTVLGYXCOSWCMBWDA_NL63_DELIM-KLYBTVLGYXCOSWCMBWDA_UF_1_DELIM-KLYBTVLGYXCOSWCMBWDA_2015_DELIM-KLYBTVLGYXCOSWCMBWDA_2015 but kept for subsequent analysis
NOTE: nl63_DELIM-KLYBTVLGYXCOSWCMBWDA_KT266906_DELIM-KLYBTVLGYXCOSWCMBWDA_HCoV_NL63_DELIM-KLYBTVLGYXCOSWCMBWDA_Haiti_1_DELIM-KLYBTVLGYXCOSWCMBWDA_2015_DELIM-KLYBTVLGYXCOSWCMBWDA_2015 is identical to nl63_DELIM-KLYBTVLGYXCOSWCMBWDA_JX104161_DELIM-KLYBTVLGYXCOSWCMBWDA_CBJ_037_DELIM-KLYBTVLGYXCOSWCMBWDA_2008 but kept for subsequent analysis
NOTE: nl63_DELIM-KLYBTVLGYXCOSWCMBWDA_MK334043_DELIM-KLYBTVLGYXCOSWCMBWDA_ChinaGD02_DELIM-KLYBTVLGYXCOSWCMBWDA_2018 is identical to nl63_DELIM-KLYBTVLGYXCOSWCMBWDA_JX524171_DELIM-KLYBTVLGYXCOSWCMBWDA_CBJ123_DELIM-KLYBTVLGYXCOSWCMBWDA_2009 but kept for subsequent analysis
NOTE: nl63_DELIM-KLYBTVLGYXCOSWCMBWDA_MG428701_DELIM-KLYBTVLGYXCOSWCMBWDA_Kilifi_HH_0512_04_Jun_2010_DELIM-KLYBTVLGYXCOSWCMBWDA_2010 is identical to nl63_DELIM-KLYBTVLGYXCOSWCMBWDA_MG428703_DELIM-KLYBTVLGYXCOSWCMBWDA_Kilifi_HH_0511_01_Jun_2010_DELIM-KLYBTVLGYXCOSWCMBWDA_2010 but kept for subsequent analysis
Checking for duplicate sequences: done in 0.000308037 secs using 83.11% CPU
Identifying sites to remove: done in 0.000321865 secs using 99.42% CPU
NOTE: 39 identical sequences (see below) will be ignored for subsequent analysis
NOTE: nl63_DELIM-KLYBTVLGYXCOSWCMBWDA_JQ765568_DELIM-KLYBTVLGYXCOSWCMBWDA_NL63_DELIM-KLYBTVLGYXCOSWCMBWDA_DEN_DELIM-KLYBTVLGYXCOSWCMBWDA_2005_DELIM-KLYBTVLGYXCOSWCMBWDA_193_DELIM-KLYBTVLGYXCOSWCMBWDA_2005 (identical to nl63_DELIM-KLYBTVLGYXCOSWCMBWDA_JQ765573_DELIM-KLYBTVLGYXCOSWCMBWDA_NL63_DELIM-KLYBTVLGYXCOSWCMBWDA_DEN_DELIM-KLYBTVLGYXCOSWCMBWDA_2005_DELIM-KLYBTVLGYXCOSWCMBWDA_1062_DELIM-KLYBTVLGYXCOSWCMBWDA_2005) is ignored but added at the end
NOTE: nl63_DELIM-KLYBTVLGYXCOSWCMBWDA_JQ765571_DELIM-KLYBTVLGYXCOSWCMBWDA_NL63_DELIM-KLYBTVLGYXCOSWCMBWDA_DEN_DELIM-KLYBTVLGYXCOSWCMBWDA_2005_DELIM-KLYBTVLGYXCOSWCMBWDA_271_DELIM-KLYBTVLGYXCOSWCMBWDA_2005 (identical to nl63_DELIM-KLYBTVLGYXCOSWCMBWDA_JQ765573_DELIM-KLYBTVLGYXCOSWCMBWDA_NL63_DELIM-KLYBTVLGYXCOSWCMBWDA_DEN_DELIM-KLYBTVLGYXCOSWCMBWDA_2005_DELIM-KLYBTVLGYXCOSWCMBWDA_1062_DELIM-KLYBTVLGYXCOSWCMBWDA_2005) is ignored but added at the end
NOTE: nl63_DELIM-KLYBTVLGYXCOSWCMBWDA_JQ765572_DELIM-KLYBTVLGYXCOSWCMBWDA_NL63_DELIM-KLYBTVLGYXCOSWCMBWDA_DEN_DELIM-KLYBTVLGYXCOSWCMBWDA_2005_DELIM-KLYBTVLGYXCOSWCMBWDA_347_DELIM-KLYBTVLGYXCOSWCMBWDA_2005 (identical to nl63_DELIM-KLYBTVLGYXCOSWCMBWDA_JQ765573_DELIM-KLYBTVLGYXCOSWCMBWDA_NL63_DELIM-KLYBTVLGYXCOSWCMBWDA_DEN_DELIM-KLYBTVLGYXCOSWCMBWDA_2005_DELIM-KLYBTVLGYXCOSWCMBWDA_1062_DELIM-KLYBTVLGYXCOSWCMBWDA_2005) is ignored but added at the end
NOTE: nl63_DELIM-KLYBTVLGYXCOSWCMBWDA_JQ900259_DELIM-KLYBTVLGYXCOSWCMBWDA_NL63_DELIM-KLYBTVLGYXCOSWCMBWDA_DEN_DELIM-KLYBTVLGYXCOSWCMBWDA_2005_DELIM-KLYBTVLGYXCOSWCMBWDA_449_DELIM-KLYBTVLGYXCOSWCMBWDA_2005 (identical to nl63_DELIM-KLYBTVLGYXCOSWCMBWDA_JQ765573_DELIM-KLYBTVLGYXCOSWCMBWDA_NL63_DELIM-KLYBTVLGYXCOSWCMBWDA_DEN_DELIM-KLYBTVLGYXCOSWCMBWDA_2005_DELIM-KLYBTVLGYXCOSWCMBWDA_1062_DELIM-KLYBTVLGYXCOSWCMBWDA_2005) is ignored but added at the end
NOTE: nl63_DELIM-KLYBTVLGYXCOSWCMBWDA_KY554971_DELIM-KLYBTVLGYXCOSWCMBWDA_N07_468B_176X_DELIM-KLYBTVLGYXCOSWCMBWDA_2016 (identical to nl63_DELIM-KLYBTVLGYXCOSWCMBWDA_KY554969_DELIM-KLYBTVLGYXCOSWCMBWDA_N07_196B_DELIM-KLYBTVLGYXCOSWCMBWDA_2016) is ignored but added at the end
NOTE: nl63_DELIM-KLYBTVLGYXCOSWCMBWDA_JQ765574_DELIM-KLYBTVLGYXCOSWCMBWDA_NL63_DELIM-KLYBTVLGYXCOSWCMBWDA_DEN_DELIM-KLYBTVLGYXCOSWCMBWDA_2005_DELIM-KLYBTVLGYXCOSWCMBWDA_1862_DELIM-KLYBTVLGYXCOSWCMBWDA_2005 (identical to nl63_DELIM-KLYBTVLGYXCOSWCMBWDA_KY554969_DELIM-KLYBTVLGYXCOSWCMBWDA_N07_196B_DELIM-KLYBTVLGYXCOSWCMBWDA_2016) is ignored but added at the end
NOTE: nl63_DELIM-KLYBTVLGYXCOSWCMBWDA_KF530105_DELIM-KLYBTVLGYXCOSWCMBWDA_NL63_DELIM-KLYBTVLGYXCOSWCMBWDA_human_DELIM-KLYBTVLGYXCOSWCMBWDA_USA_DELIM-KLYBTVLGYXCOSWCMBWDA_012_31_DELIM-KLYBTVLGYXCOSWCMBWDA_2001_DELIM-KLYBTVLGYXCOSWCMBWDA_2001 (identical to nl63_DELIM-KLYBTVLGYXCOSWCMBWDA_KY554969_DELIM-KLYBTVLGYXCOSWCMBWDA_N07_196B_DELIM-KLYBTVLGYXCOSWCMBWDA_2016) is ignored but added at the end
NOTE: nl63_DELIM-KLYBTVLGYXCOSWCMBWDA_KF530114_DELIM-KLYBTVLGYXCOSWCMBWDA_NL63_DELIM-KLYBTVLGYXCOSWCMBWDA_human_DELIM-KLYBTVLGYXCOSWCMBWDA_USA_DELIM-KLYBTVLGYXCOSWCMBWDA_891_4_DELIM-KLYBTVLGYXCOSWCMBWDA_1989_DELIM-KLYBTVLGYXCOSWCMBWDA_1989 (identical to nl63_DELIM-KLYBTVLGYXCOSWCMBWDA_KY554969_DELIM-KLYBTVLGYXCOSWCMBWDA_N07_196B_DELIM-KLYBTVLGYXCOSWCMBWDA_2016) is ignored but added at the end
NOTE: nl63_DELIM-KLYBTVLGYXCOSWCMBWDA_KF530108_DELIM-KLYBTVLGYXCOSWCMBWDA_NL63_DELIM-KLYBTVLGYXCOSWCMBWDA_human_DELIM-KLYBTVLGYXCOSWCMBWDA_USA_DELIM-KLYBTVLGYXCOSWCMBWDA_891_6_DELIM-KLYBTVLGYXCOSWCMBWDA_1989_DELIM-KLYBTVLGYXCOSWCMBWDA_1989 (identical to nl63_DELIM-KLYBTVLGYXCOSWCMBWDA_KY554969_DELIM-KLYBTVLGYXCOSWCMBWDA_N07_196B_DELIM-KLYBTVLGYXCOSWCMBWDA_2016) is ignored but added at the end
NOTE: nl63_DELIM-KLYBTVLGYXCOSWCMBWDA_KF530111_DELIM-KLYBTVLGYXCOSWCMBWDA_NL63_DELIM-KLYBTVLGYXCOSWCMBWDA_human_DELIM-KLYBTVLGYXCOSWCMBWDA_USA_DELIM-KLYBTVLGYXCOSWCMBWDA_901_24_DELIM-KLYBTVLGYXCOSWCMBWDA_1990_DELIM-KLYBTVLGYXCOSWCMBWDA_1990 (identical to nl63_DELIM-KLYBTVLGYXCOSWCMBWDA_KY554969_DELIM-KLYBTVLGYXCOSWCMBWDA_N07_196B_DELIM-KLYBTVLGYXCOSWCMBWDA_2016) is ignored but added at the end
NOTE: nl63_DELIM-KLYBTVLGYXCOSWCMBWDA_KF530104_DELIM-KLYBTVLGYXCOSWCMBWDA_NL63_DELIM-KLYBTVLGYXCOSWCMBWDA_human_DELIM-KLYBTVLGYXCOSWCMBWDA_USA_DELIM-KLYBTVLGYXCOSWCMBWDA_904_20_DELIM-KLYBTVLGYXCOSWCMBWDA_1990_DELIM-KLYBTVLGYXCOSWCMBWDA_1990 (identical to nl63_DELIM-KLYBTVLGYXCOSWCMBWDA_KY554969_DELIM-KLYBTVLGYXCOSWCMBWDA_N07_196B_DELIM-KLYBTVLGYXCOSWCMBWDA_2016) is ignored but added at the end
NOTE: nl63_DELIM-KLYBTVLGYXCOSWCMBWDA_KF530113_DELIM-KLYBTVLGYXCOSWCMBWDA_NL63_DELIM-KLYBTVLGYXCOSWCMBWDA_human_DELIM-KLYBTVLGYXCOSWCMBWDA_USA_DELIM-KLYBTVLGYXCOSWCMBWDA_905_25_DELIM-KLYBTVLGYXCOSWCMBWDA_1990_DELIM-KLYBTVLGYXCOSWCMBWDA_1990 (identical to nl63_DELIM-KLYBTVLGYXCOSWCMBWDA_KY554969_DELIM-KLYBTVLGYXCOSWCMBWDA_N07_196B_DELIM-KLYBTVLGYXCOSWCMBWDA_2016) is ignored but added at the end
NOTE: nl63_DELIM-KLYBTVLGYXCOSWCMBWDA_KF530107_DELIM-KLYBTVLGYXCOSWCMBWDA_NL63_DELIM-KLYBTVLGYXCOSWCMBWDA_human_DELIM-KLYBTVLGYXCOSWCMBWDA_USA_DELIM-KLYBTVLGYXCOSWCMBWDA_911_56_DELIM-KLYBTVLGYXCOSWCMBWDA_1991_DELIM-KLYBTVLGYXCOSWCMBWDA_1991 (identical to nl63_DELIM-KLYBTVLGYXCOSWCMBWDA_KY554969_DELIM-KLYBTVLGYXCOSWCMBWDA_N07_196B_DELIM-KLYBTVLGYXCOSWCMBWDA_2016) is ignored but added at the end
NOTE: nl63_DELIM-KLYBTVLGYXCOSWCMBWDA_KY674915_DELIM-KLYBTVLGYXCOSWCMBWDA_N07_6B_DELIM-KLYBTVLGYXCOSWCMBWDA_2016 (identical to nl63_DELIM-KLYBTVLGYXCOSWCMBWDA_KY554967_DELIM-KLYBTVLGYXCOSWCMBWDA_N06_1144B_DELIM-KLYBTVLGYXCOSWCMBWDA_2016) is ignored but added at the end
NOTE: nl63_DELIM-KLYBTVLGYXCOSWCMBWDA_JQ765569_DELIM-KLYBTVLGYXCOSWCMBWDA_NL63_DELIM-KLYBTVLGYXCOSWCMBWDA_DEN_DELIM-KLYBTVLGYXCOSWCMBWDA_2005_DELIM-KLYBTVLGYXCOSWCMBWDA_232_DELIM-KLYBTVLGYXCOSWCMBWDA_2005 (identical to nl63_DELIM-KLYBTVLGYXCOSWCMBWDA_KY554967_DELIM-KLYBTVLGYXCOSWCMBWDA_N06_1144B_DELIM-KLYBTVLGYXCOSWCMBWDA_2016) is ignored but added at the end
NOTE: nl63_DELIM-KLYBTVLGYXCOSWCMBWDA_JQ765570_DELIM-KLYBTVLGYXCOSWCMBWDA_NL63_DELIM-KLYBTVLGYXCOSWCMBWDA_DEN_DELIM-KLYBTVLGYXCOSWCMBWDA_2005_DELIM-KLYBTVLGYXCOSWCMBWDA_235_DELIM-KLYBTVLGYXCOSWCMBWDA_2005 (identical to nl63_DELIM-KLYBTVLGYXCOSWCMBWDA_KY554967_DELIM-KLYBTVLGYXCOSWCMBWDA_N06_1144B_DELIM-KLYBTVLGYXCOSWCMBWDA_2016) is ignored but added at the end
NOTE: nl63_DELIM-KLYBTVLGYXCOSWCMBWDA_JQ900258_DELIM-KLYBTVLGYXCOSWCMBWDA_NL63_DELIM-KLYBTVLGYXCOSWCMBWDA_DEN_DELIM-KLYBTVLGYXCOSWCMBWDA_2005_DELIM-KLYBTVLGYXCOSWCMBWDA_291_DELIM-KLYBTVLGYXCOSWCMBWDA_2005 (identical to nl63_DELIM-KLYBTVLGYXCOSWCMBWDA_KY554967_DELIM-KLYBTVLGYXCOSWCMBWDA_N06_1144B_DELIM-KLYBTVLGYXCOSWCMBWDA_2016) is ignored but added at the end
NOTE: nl63_DELIM-KLYBTVLGYXCOSWCMBWDA_JQ765566_DELIM-KLYBTVLGYXCOSWCMBWDA_NL63_DELIM-KLYBTVLGYXCOSWCMBWDA_DEN_DELIM-KLYBTVLGYXCOSWCMBWDA_2008_DELIM-KLYBTVLGYXCOSWCMBWDA_16_DELIM-KLYBTVLGYXCOSWCMBWDA_2008 (identical to nl63_DELIM-KLYBTVLGYXCOSWCMBWDA_KY554967_DELIM-KLYBTVLGYXCOSWCMBWDA_N06_1144B_DELIM-KLYBTVLGYXCOSWCMBWDA_2016) is ignored but added at the end
NOTE: nl63_DELIM-KLYBTVLGYXCOSWCMBWDA_JQ765564_DELIM-KLYBTVLGYXCOSWCMBWDA_NL63_DELIM-KLYBTVLGYXCOSWCMBWDA_DEN_DELIM-KLYBTVLGYXCOSWCMBWDA_2009_DELIM-KLYBTVLGYXCOSWCMBWDA_14_DELIM-KLYBTVLGYXCOSWCMBWDA_2009 (identical to nl63_DELIM-KLYBTVLGYXCOSWCMBWDA_KY554967_DELIM-KLYBTVLGYXCOSWCMBWDA_N06_1144B_DELIM-KLYBTVLGYXCOSWCMBWDA_2016) is ignored but added at the end
NOTE: nl63_DELIM-KLYBTVLGYXCOSWCMBWDA_JQ765565_DELIM-KLYBTVLGYXCOSWCMBWDA_NL63_DELIM-KLYBTVLGYXCOSWCMBWDA_DEN_DELIM-KLYBTVLGYXCOSWCMBWDA_2009_DELIM-KLYBTVLGYXCOSWCMBWDA_15_DELIM-KLYBTVLGYXCOSWCMBWDA_2009 (identical to nl63_DELIM-KLYBTVLGYXCOSWCMBWDA_KY554967_DELIM-KLYBTVLGYXCOSWCMBWDA_N06_1144B_DELIM-KLYBTVLGYXCOSWCMBWDA_2016) is ignored but added at the end
NOTE: nl63_DELIM-KLYBTVLGYXCOSWCMBWDA_JQ765567_DELIM-KLYBTVLGYXCOSWCMBWDA_NL63_DELIM-KLYBTVLGYXCOSWCMBWDA_DEN_DELIM-KLYBTVLGYXCOSWCMBWDA_2009_DELIM-KLYBTVLGYXCOSWCMBWDA_20_DELIM-KLYBTVLGYXCOSWCMBWDA_2009 (identical to nl63_DELIM-KLYBTVLGYXCOSWCMBWDA_KY554967_DELIM-KLYBTVLGYXCOSWCMBWDA_N06_1144B_DELIM-KLYBTVLGYXCOSWCMBWDA_2016) is ignored but added at the end
NOTE: nl63_DELIM-KLYBTVLGYXCOSWCMBWDA_JQ900255_DELIM-KLYBTVLGYXCOSWCMBWDA_NL63_DELIM-KLYBTVLGYXCOSWCMBWDA_DEN_DELIM-KLYBTVLGYXCOSWCMBWDA_2009_DELIM-KLYBTVLGYXCOSWCMBWDA_6_DELIM-KLYBTVLGYXCOSWCMBWDA_2009 (identical to nl63_DELIM-KLYBTVLGYXCOSWCMBWDA_KY554967_DELIM-KLYBTVLGYXCOSWCMBWDA_N06_1144B_DELIM-KLYBTVLGYXCOSWCMBWDA_2016) is ignored but added at the end
NOTE: nl63_DELIM-KLYBTVLGYXCOSWCMBWDA_KF530112_DELIM-KLYBTVLGYXCOSWCMBWDA_NL63_DELIM-KLYBTVLGYXCOSWCMBWDA_human_DELIM-KLYBTVLGYXCOSWCMBWDA_USA_DELIM-KLYBTVLGYXCOSWCMBWDA_0111_25_DELIM-KLYBTVLGYXCOSWCMBWDA_2001_DELIM-KLYBTVLGYXCOSWCMBWDA_2001 (identical to nl63_DELIM-KLYBTVLGYXCOSWCMBWDA_KY554967_DELIM-KLYBTVLGYXCOSWCMBWDA_N06_1144B_DELIM-KLYBTVLGYXCOSWCMBWDA_2016) is ignored but added at the end
NOTE: nl63_DELIM-KLYBTVLGYXCOSWCMBWDA_KX179500_DELIM-KLYBTVLGYXCOSWCMBWDA_NL63_DELIM-KLYBTVLGYXCOSWCMBWDA_UF_2_DELIM-KLYBTVLGYXCOSWCMBWDA_2015_DELIM-KLYBTVLGYXCOSWCMBWDA_2015 (identical to nl63_DELIM-KLYBTVLGYXCOSWCMBWDA_KT381875_DELIM-KLYBTVLGYXCOSWCMBWDA_NL63_DELIM-KLYBTVLGYXCOSWCMBWDA_UF_1_DELIM-KLYBTVLGYXCOSWCMBWDA_2015_DELIM-KLYBTVLGYXCOSWCMBWDA_2015) is ignored but added at the end
NOTE: nl63_DELIM-KLYBTVLGYXCOSWCMBWDA_KX179497_DELIM-KLYBTVLGYXCOSWCMBWDA_NL63_DELIM-KLYBTVLGYXCOSWCMBWDA_Haiti_2_DELIM-KLYBTVLGYXCOSWCMBWDA_2015_DELIM-KLYBTVLGYXCOSWCMBWDA_2015 (identical to nl63_DELIM-KLYBTVLGYXCOSWCMBWDA_JX104161_DELIM-KLYBTVLGYXCOSWCMBWDA_CBJ_037_DELIM-KLYBTVLGYXCOSWCMBWDA_2008) is ignored but added at the end
NOTE: nl63_DELIM-KLYBTVLGYXCOSWCMBWDA_KX179498_DELIM-KLYBTVLGYXCOSWCMBWDA_NL63_DELIM-KLYBTVLGYXCOSWCMBWDA_Haiti_3_DELIM-KLYBTVLGYXCOSWCMBWDA_2015_DELIM-KLYBTVLGYXCOSWCMBWDA_2015 (identical to nl63_DELIM-KLYBTVLGYXCOSWCMBWDA_JX104161_DELIM-KLYBTVLGYXCOSWCMBWDA_CBJ_037_DELIM-KLYBTVLGYXCOSWCMBWDA_2008) is ignored but added at the end
NOTE: nl63_DELIM-KLYBTVLGYXCOSWCMBWDA_MK334044_DELIM-KLYBTVLGYXCOSWCMBWDA_ChinaGD03_DELIM-KLYBTVLGYXCOSWCMBWDA_2018 (identical to nl63_DELIM-KLYBTVLGYXCOSWCMBWDA_JX524171_DELIM-KLYBTVLGYXCOSWCMBWDA_CBJ123_DELIM-KLYBTVLGYXCOSWCMBWDA_2009) is ignored but added at the end
NOTE: nl63_DELIM-KLYBTVLGYXCOSWCMBWDA_MK334045_DELIM-KLYBTVLGYXCOSWCMBWDA_ChinaGD05_DELIM-KLYBTVLGYXCOSWCMBWDA_2018 (identical to nl63_DELIM-KLYBTVLGYXCOSWCMBWDA_JX524171_DELIM-KLYBTVLGYXCOSWCMBWDA_CBJ123_DELIM-KLYBTVLGYXCOSWCMBWDA_2009) is ignored but added at the end
NOTE: nl63_DELIM-KLYBTVLGYXCOSWCMBWDA_MN306018_DELIM-KLYBTVLGYXCOSWCMBWDA_HCoV_NL63_DELIM-KLYBTVLGYXCOSWCMBWDA_Seattle_DELIM-KLYBTVLGYXCOSWCMBWDA_USA_DELIM-KLYBTVLGYXCOSWCMBWDA_SC0179_DELIM-KLYBTVLGYXCOSWCMBWDA_2018_DELIM-KLYBTVLGYXCOSWCMBWDA_2018 (identical to nl63_DELIM-KLYBTVLGYXCOSWCMBWDA_JX524171_DELIM-KLYBTVLGYXCOSWCMBWDA_CBJ123_DELIM-KLYBTVLGYXCOSWCMBWDA_2009) is ignored but added at the end
NOTE: nl63_DELIM-KLYBTVLGYXCOSWCMBWDA_MN306040_DELIM-KLYBTVLGYXCOSWCMBWDA_HCoV_NL63_DELIM-KLYBTVLGYXCOSWCMBWDA_Seattle_DELIM-KLYBTVLGYXCOSWCMBWDA_USA_DELIM-KLYBTVLGYXCOSWCMBWDA_SC0768_DELIM-KLYBTVLGYXCOSWCMBWDA_2019_DELIM-KLYBTVLGYXCOSWCMBWDA_2019 (identical to nl63_DELIM-KLYBTVLGYXCOSWCMBWDA_JX524171_DELIM-KLYBTVLGYXCOSWCMBWDA_CBJ123_DELIM-KLYBTVLGYXCOSWCMBWDA_2009) is ignored but added at the end
NOTE: nl63_DELIM-KLYBTVLGYXCOSWCMBWDA_JQ900257_DELIM-KLYBTVLGYXCOSWCMBWDA_NL63_DELIM-KLYBTVLGYXCOSWCMBWDA_DEN_DELIM-KLYBTVLGYXCOSWCMBWDA_2009_DELIM-KLYBTVLGYXCOSWCMBWDA_31_DELIM-KLYBTVLGYXCOSWCMBWDA_2009 (identical to nl63_DELIM-KLYBTVLGYXCOSWCMBWDA_JX524171_DELIM-KLYBTVLGYXCOSWCMBWDA_CBJ123_DELIM-KLYBTVLGYXCOSWCMBWDA_2009) is ignored but added at the end
NOTE: nl63_DELIM-KLYBTVLGYXCOSWCMBWDA_KX179499_DELIM-KLYBTVLGYXCOSWCMBWDA_NL63_DELIM-KLYBTVLGYXCOSWCMBWDA_Haiti_4_DELIM-KLYBTVLGYXCOSWCMBWDA_2015_DELIM-KLYBTVLGYXCOSWCMBWDA_2015 (identical to nl63_DELIM-KLYBTVLGYXCOSWCMBWDA_JX524171_DELIM-KLYBTVLGYXCOSWCMBWDA_CBJ123_DELIM-KLYBTVLGYXCOSWCMBWDA_2009) is ignored but added at the end
NOTE: nl63_DELIM-KLYBTVLGYXCOSWCMBWDA_MG428705_DELIM-KLYBTVLGYXCOSWCMBWDA_Kilifi_HH_0522_21_May_2010_DELIM-KLYBTVLGYXCOSWCMBWDA_2010 (identical to nl63_DELIM-KLYBTVLGYXCOSWCMBWDA_MG428703_DELIM-KLYBTVLGYXCOSWCMBWDA_Kilifi_HH_0511_01_Jun_2010_DELIM-KLYBTVLGYXCOSWCMBWDA_2010) is ignored but added at the end
NOTE: nl63_DELIM-KLYBTVLGYXCOSWCMBWDA_MG428700_DELIM-KLYBTVLGYXCOSWCMBWDA_Kilifi_HH_1602_01_Jun_2010_DELIM-KLYBTVLGYXCOSWCMBWDA_2010 (identical to nl63_DELIM-KLYBTVLGYXCOSWCMBWDA_MG428703_DELIM-KLYBTVLGYXCOSWCMBWDA_Kilifi_HH_0511_01_Jun_2010_DELIM-KLYBTVLGYXCOSWCMBWDA_2010) is ignored but added at the end
NOTE: nl63_DELIM-KLYBTVLGYXCOSWCMBWDA_MG428702_DELIM-KLYBTVLGYXCOSWCMBWDA_Kilifi_HH_3807_11_May_2010_DELIM-KLYBTVLGYXCOSWCMBWDA_2010 (identical to nl63_DELIM-KLYBTVLGYXCOSWCMBWDA_MG428703_DELIM-KLYBTVLGYXCOSWCMBWDA_Kilifi_HH_0511_01_Jun_2010_DELIM-KLYBTVLGYXCOSWCMBWDA_2010) is ignored but added at the end
NOTE: nl63_DELIM-KLYBTVLGYXCOSWCMBWDA_MG428706_DELIM-KLYBTVLGYXCOSWCMBWDA_Kilifi_HH_3808_24_May_2010_DELIM-KLYBTVLGYXCOSWCMBWDA_2010 (identical to nl63_DELIM-KLYBTVLGYXCOSWCMBWDA_MG428703_DELIM-KLYBTVLGYXCOSWCMBWDA_Kilifi_HH_0511_01_Jun_2010_DELIM-KLYBTVLGYXCOSWCMBWDA_2010) is ignored but added at the end
NOTE: nl63_DELIM-KLYBTVLGYXCOSWCMBWDA_MG428707_DELIM-KLYBTVLGYXCOSWCMBWDA_Kilifi_HH_5401_20_May_2010_DELIM-KLYBTVLGYXCOSWCMBWDA_2010 (identical to nl63_DELIM-KLYBTVLGYXCOSWCMBWDA_MG428703_DELIM-KLYBTVLGYXCOSWCMBWDA_Kilifi_HH_0511_01_Jun_2010_DELIM-KLYBTVLGYXCOSWCMBWDA_2010) is ignored but added at the end
NOTE: nl63_DELIM-KLYBTVLGYXCOSWCMBWDA_MG428704_DELIM-KLYBTVLGYXCOSWCMBWDA_Kilifi_HH_5402_20_May_2010_DELIM-KLYBTVLGYXCOSWCMBWDA_2010 (identical to nl63_DELIM-KLYBTVLGYXCOSWCMBWDA_MG428703_DELIM-KLYBTVLGYXCOSWCMBWDA_Kilifi_HH_0511_01_Jun_2010_DELIM-KLYBTVLGYXCOSWCMBWDA_2010) is ignored but added at the end
NOTE: nl63_DELIM-KLYBTVLGYXCOSWCMBWDA_MG428699_DELIM-KLYBTVLGYXCOSWCMBWDA_Kilifi_HH_5709_19_May_2010_DELIM-KLYBTVLGYXCOSWCMBWDA_2010 (identical to nl63_DELIM-KLYBTVLGYXCOSWCMBWDA_MG428703_DELIM-KLYBTVLGYXCOSWCMBWDA_Kilifi_HH_0511_01_Jun_2010_DELIM-KLYBTVLGYXCOSWCMBWDA_2010) is ignored but added at the end
Alignment was printed to results/aligned_nl63_membrane-delim.fasta.uniqueseq.phy

For your convenience alignment with unique sequences printed to results/aligned_nl63_membrane-delim.fasta.uniqueseq.phy

Create initial parsimony tree by phylogenetic likelihood library (PLL)... 0.001 seconds

NOTE: 0 MB RAM (0 GB) is required!
Estimate model parameters (epsilon = 0.500)
1. Initial log-likelihood: -1627.275
2. Current log-likelihood: -1558.621
Optimal log-likelihood: -1558.621
Rate parameters:  A-C: 5.75152  A-G: 17.01779  A-T: 1.59684  C-G: 8.69290  C-T: 23.83452  G-T: 1.00000
Base frequencies:  A: 0.226  C: 0.157  G: 0.214  T: 0.403
Parameters optimization took 2 rounds (0.008 sec)
Wrote distance file to... 
Computing ML distances based on estimated model parameters...
Calculating distance matrix: done in 0.00115013 secs using 87.47% CPU
Computing ML distances took 0.001200 sec (of wall-clock time) 0.001038 sec (of CPU time)
Setting up auxiliary I and S matrices: done in 3.60012e-05 secs using 88.89% CPU
Constructing RapidNJ tree: done in 7.60555e-05 secs using 178.8% CPU
Computing RapidNJ tree took 0.000149 sec (of wall-clock time) 0.000216 sec (of CPU time)
Log-likelihood of RapidNJ tree: -1145.342
--------------------------------------------------------------------
|             INITIALIZING CANDIDATE TREE SET                      |
--------------------------------------------------------------------

Do NNI search on 2 best initial trees
Optimizing NNI: done in 0.00398016 secs using 163.7% CPU
Estimate model parameters (epsilon = 0.500)
BETTER TREE FOUND at iteration 1: -1139.483
Optimizing NNI: done in 0.0165479 secs using 136.3% CPU
Finish initializing candidate tree set (4)
Current best tree score: -1139.483 / CPU time: 0.027
Number of iterations: 2
TREE SEARCH COMPLETED AFTER 2 ITERATIONS / Time: 0h:0m:0s

--------------------------------------------------------------------
|                    FINALIZING TREE SEARCH                        |
--------------------------------------------------------------------
Performs final model parameters optimization
Estimate model parameters (epsilon = 0.050)
1. Initial log-likelihood: -1139.483
Optimal log-likelihood: -1139.483
Rate parameters:  A-C: 0.80888  A-G: 5.97587  A-T: 0.94958  C-G: 0.86013  C-T: 6.40984  G-T: 1.00000
Base frequencies:  A: 0.226  C: 0.157  G: 0.214  T: 0.403
Parameters optimization took 1 rounds (0.001 sec)
BEST SCORE FOUND : -1139.483
Total tree length: 0.047

Total number of iterations: 2
CPU time used for tree search: 0.039 sec (0h:0m:0s)
Wall-clock time used for tree search: 0.028 sec (0h:0m:0s)
Total CPU time used: 0.057 sec (0h:0m:0s)
Total wall-clock time used: 0.051 sec (0h:0m:0s)

Analysis results written to: 
  IQ-TREE report:                results/aligned_nl63_membrane-delim.fasta.iqtree
  Maximum-likelihood tree:       results/aligned_nl63_membrane-delim.fasta.treefile
  Likelihood distances:          results/aligned_nl63_membrane-delim.fasta.mldist
  Screen log file:               results/aligned_nl63_membrane-delim.fasta.log

Date and Time: Thu May 12 17:38:24 2022
