IQ-TREE multicore version 2.2.0-beta COVID-edition for Mac OS X 64-bit built Mar  3 2022 built Mar  3 2022
Developed by Bui Quang Minh, James Barbetti, Nguyen Lam Tung,
Olga Chernomor, Heiko Schmidt, Dominik Schrempf, Michael Woodhams, Ly Trong Nhan.

Host:    macbook-pro-2.fhcrc.org (SSE4.2, 8 GB RAM)
Command: iqtree2 -nt 1 -s results/aligned_nl63_nucleocapsid-delim.fasta -m GTR -ninit 2 -n 2 -me 0.05
Seed:    160997 (Using SPRNG - Scalable Parallel Random Number Generator)
Time:    Thu May 12 17:36:09 2022
Kernel:  SSE2 - 1 threads (8 CPU cores detected)

HINT: Use -nt option to specify number of threads because your CPU has 8 cores!
HINT: -nt AUTO will automatically determine the best number of threads to use.

Reading alignment file results/aligned_nl63_nucleocapsid-delim.fasta ... Fasta format detected
Reading fasta file: done in 0.00306082 secs using 95.43% CPU
Alignment most likely contains DNA/RNA sequences
Constructing alignment: done in 0.00134897 secs using 80.06% CPU
Alignment has 152 sequences with 1134 columns, 99 distinct patterns
36 parsimony-informative, 53 singleton sites, 1045 constant sites
                                                                                                                                                                                                                                                   Gap/Ambiguity  Composition  p-value
Analyzing sequences: done in 2.5034e-05 secs using 91.88% CPU
   1  nl63_DELIM-IOWJMTKQUXKVSUATGZZX_JQ900259_DELIM-IOWJMTKQUXKVSUATGZZX_NL63_DELIM-IOWJMTKQUXKVSUATGZZX_DEN_DELIM-IOWJMTKQUXKVSUATGZZX_2005_DELIM-IOWJMTKQUXKVSUATGZZX_449_DELIM-IOWJMTKQUXKVSUATGZZX_2005                                               0.00%    passed    100.00%
   2  nl63_DELIM-IOWJMTKQUXKVSUATGZZX_KF530108_DELIM-IOWJMTKQUXKVSUATGZZX_NL63_DELIM-IOWJMTKQUXKVSUATGZZX_human_DELIM-IOWJMTKQUXKVSUATGZZX_USA_DELIM-IOWJMTKQUXKVSUATGZZX_891_6_DELIM-IOWJMTKQUXKVSUATGZZX_1989_DELIM-IOWJMTKQUXKVSUATGZZX_1989            0.00%    passed    100.00%
   3  nl63_DELIM-IOWJMTKQUXKVSUATGZZX_KF530111_DELIM-IOWJMTKQUXKVSUATGZZX_NL63_DELIM-IOWJMTKQUXKVSUATGZZX_human_DELIM-IOWJMTKQUXKVSUATGZZX_USA_DELIM-IOWJMTKQUXKVSUATGZZX_901_24_DELIM-IOWJMTKQUXKVSUATGZZX_1990_DELIM-IOWJMTKQUXKVSUATGZZX_1990           0.00%    passed    100.00%
   4  nl63_DELIM-IOWJMTKQUXKVSUATGZZX_KF530109_DELIM-IOWJMTKQUXKVSUATGZZX_NL63_DELIM-IOWJMTKQUXKVSUATGZZX_human_DELIM-IOWJMTKQUXKVSUATGZZX_USA_DELIM-IOWJMTKQUXKVSUATGZZX_903_28_DELIM-IOWJMTKQUXKVSUATGZZX_1990_DELIM-IOWJMTKQUXKVSUATGZZX_1990           0.00%    passed    100.00%
   5  nl63_DELIM-IOWJMTKQUXKVSUATGZZX_KF530104_DELIM-IOWJMTKQUXKVSUATGZZX_NL63_DELIM-IOWJMTKQUXKVSUATGZZX_human_DELIM-IOWJMTKQUXKVSUATGZZX_USA_DELIM-IOWJMTKQUXKVSUATGZZX_904_20_DELIM-IOWJMTKQUXKVSUATGZZX_1990_DELIM-IOWJMTKQUXKVSUATGZZX_1990           0.00%    passed    100.00%
   6  nl63_DELIM-IOWJMTKQUXKVSUATGZZX_KF530113_DELIM-IOWJMTKQUXKVSUATGZZX_NL63_DELIM-IOWJMTKQUXKVSUATGZZX_human_DELIM-IOWJMTKQUXKVSUATGZZX_USA_DELIM-IOWJMTKQUXKVSUATGZZX_905_25_DELIM-IOWJMTKQUXKVSUATGZZX_1990_DELIM-IOWJMTKQUXKVSUATGZZX_1990           0.00%    passed    100.00%
   7  nl63_DELIM-IOWJMTKQUXKVSUATGZZX_JX504050_DELIM-IOWJMTKQUXKVSUATGZZX_NL63_DELIM-IOWJMTKQUXKVSUATGZZX_RPTEC_DELIM-IOWJMTKQUXKVSUATGZZX_2004_DELIM-IOWJMTKQUXKVSUATGZZX_2004                                                                            0.00%    passed    100.00%
   8  nl63_DELIM-IOWJMTKQUXKVSUATGZZX_JQ765568_DELIM-IOWJMTKQUXKVSUATGZZX_NL63_DELIM-IOWJMTKQUXKVSUATGZZX_DEN_DELIM-IOWJMTKQUXKVSUATGZZX_2005_DELIM-IOWJMTKQUXKVSUATGZZX_193_DELIM-IOWJMTKQUXKVSUATGZZX_2005                                               0.00%    passed     99.98%
   9  nl63_DELIM-IOWJMTKQUXKVSUATGZZX_KF530114_DELIM-IOWJMTKQUXKVSUATGZZX_NL63_DELIM-IOWJMTKQUXKVSUATGZZX_human_DELIM-IOWJMTKQUXKVSUATGZZX_USA_DELIM-IOWJMTKQUXKVSUATGZZX_891_4_DELIM-IOWJMTKQUXKVSUATGZZX_1989_DELIM-IOWJMTKQUXKVSUATGZZX_1989            0.00%    passed     99.99%
  10  nl63_DELIM-IOWJMTKQUXKVSUATGZZX_KF530107_DELIM-IOWJMTKQUXKVSUATGZZX_NL63_DELIM-IOWJMTKQUXKVSUATGZZX_human_DELIM-IOWJMTKQUXKVSUATGZZX_USA_DELIM-IOWJMTKQUXKVSUATGZZX_911_56_DELIM-IOWJMTKQUXKVSUATGZZX_1991_DELIM-IOWJMTKQUXKVSUATGZZX_1991           0.00%    passed     99.98%
  11  nl63_DELIM-IOWJMTKQUXKVSUATGZZX_JQ765573_DELIM-IOWJMTKQUXKVSUATGZZX_NL63_DELIM-IOWJMTKQUXKVSUATGZZX_DEN_DELIM-IOWJMTKQUXKVSUATGZZX_2005_DELIM-IOWJMTKQUXKVSUATGZZX_1062_DELIM-IOWJMTKQUXKVSUATGZZX_2005                                              0.00%    passed     99.96%
  12  nl63_DELIM-IOWJMTKQUXKVSUATGZZX_KY862073_DELIM-IOWJMTKQUXKVSUATGZZX_NL63_DELIM-IOWJMTKQUXKVSUATGZZX_FRA_EPI_DELIM-IOWJMTKQUXKVSUATGZZX_Caen_DELIM-IOWJMTKQUXKVSUATGZZX_2004_DELIM-IOWJMTKQUXKVSUATGZZX_02_DELIM-IOWJMTKQUXKVSUATGZZX_2004            0.00%    passed    100.00%
  13  nl63_DELIM-IOWJMTKQUXKVSUATGZZX_DQ846901_DELIM-IOWJMTKQUXKVSUATGZZX_BJ8081_DELIM-IOWJMTKQUXKVSUATGZZX_NA                                                                                                                                             0.00%    passed     99.99%
  14  nl63_DELIM-IOWJMTKQUXKVSUATGZZX_KM055611_DELIM-IOWJMTKQUXKVSUATGZZX_GS05_2009_DELIM-IOWJMTKQUXKVSUATGZZX_2009                                                                                                                                        0.00%    passed     99.96%
  15  nl63_DELIM-IOWJMTKQUXKVSUATGZZX_JQ900260_DELIM-IOWJMTKQUXKVSUATGZZX_NL63_DELIM-IOWJMTKQUXKVSUATGZZX_DEN_DELIM-IOWJMTKQUXKVSUATGZZX_2005_DELIM-IOWJMTKQUXKVSUATGZZX_1120_DELIM-IOWJMTKQUXKVSUATGZZX_2005                                              0.00%    passed     99.96%
  16  nl63_DELIM-IOWJMTKQUXKVSUATGZZX_KF530110_DELIM-IOWJMTKQUXKVSUATGZZX_NL63_DELIM-IOWJMTKQUXKVSUATGZZX_human_DELIM-IOWJMTKQUXKVSUATGZZX_USA_DELIM-IOWJMTKQUXKVSUATGZZX_838_9_DELIM-IOWJMTKQUXKVSUATGZZX_1983_DELIM-IOWJMTKQUXKVSUATGZZX_1983            0.00%    passed     99.55%
  17  nl63_DELIM-IOWJMTKQUXKVSUATGZZX_KF530106_DELIM-IOWJMTKQUXKVSUATGZZX_NL63_DELIM-IOWJMTKQUXKVSUATGZZX_human_DELIM-IOWJMTKQUXKVSUATGZZX_USA_DELIM-IOWJMTKQUXKVSUATGZZX_8712_17_DELIM-IOWJMTKQUXKVSUATGZZX_1987_DELIM-IOWJMTKQUXKVSUATGZZX_1987          0.00%    passed     99.86%
  18  nl63_DELIM-IOWJMTKQUXKVSUATGZZX_JQ765575_DELIM-IOWJMTKQUXKVSUATGZZX_NL63_DELIM-IOWJMTKQUXKVSUATGZZX_DEN_DELIM-IOWJMTKQUXKVSUATGZZX_2005_DELIM-IOWJMTKQUXKVSUATGZZX_1876_DELIM-IOWJMTKQUXKVSUATGZZX_2005                                              0.00%    passed     99.98%
  19  nl63_DELIM-IOWJMTKQUXKVSUATGZZX_KY554969_DELIM-IOWJMTKQUXKVSUATGZZX_N07_196B_DELIM-IOWJMTKQUXKVSUATGZZX_2016                                                                                                                                         0.00%    passed    100.00%
  20  nl63_DELIM-IOWJMTKQUXKVSUATGZZX_KY829118_DELIM-IOWJMTKQUXKVSUATGZZX_N07_262B_DELIM-IOWJMTKQUXKVSUATGZZX_2015                                                                                                                                         0.00%    passed    100.00%
  21  nl63_DELIM-IOWJMTKQUXKVSUATGZZX_KY554971_DELIM-IOWJMTKQUXKVSUATGZZX_N07_468B_176X_DELIM-IOWJMTKQUXKVSUATGZZX_2016                                                                                                                                    0.00%    passed    100.00%
  22  nl63_DELIM-IOWJMTKQUXKVSUATGZZX_KY862074_DELIM-IOWJMTKQUXKVSUATGZZX_NL63_DELIM-IOWJMTKQUXKVSUATGZZX_FRA_EPI_DELIM-IOWJMTKQUXKVSUATGZZX_Caen_DELIM-IOWJMTKQUXKVSUATGZZX_2004_DELIM-IOWJMTKQUXKVSUATGZZX_01_DELIM-IOWJMTKQUXKVSUATGZZX_2004            0.00%    passed     99.98%
  23  nl63_DELIM-IOWJMTKQUXKVSUATGZZX_JQ765574_DELIM-IOWJMTKQUXKVSUATGZZX_NL63_DELIM-IOWJMTKQUXKVSUATGZZX_DEN_DELIM-IOWJMTKQUXKVSUATGZZX_2005_DELIM-IOWJMTKQUXKVSUATGZZX_1862_DELIM-IOWJMTKQUXKVSUATGZZX_2005                                              0.00%    passed    100.00%
  24  nl63_DELIM-IOWJMTKQUXKVSUATGZZX_KF530105_DELIM-IOWJMTKQUXKVSUATGZZX_NL63_DELIM-IOWJMTKQUXKVSUATGZZX_human_DELIM-IOWJMTKQUXKVSUATGZZX_USA_DELIM-IOWJMTKQUXKVSUATGZZX_012_31_DELIM-IOWJMTKQUXKVSUATGZZX_2001_DELIM-IOWJMTKQUXKVSUATGZZX_2001           0.00%    passed     99.93%
  25  nl63_DELIM-IOWJMTKQUXKVSUATGZZX_JQ765571_DELIM-IOWJMTKQUXKVSUATGZZX_NL63_DELIM-IOWJMTKQUXKVSUATGZZX_DEN_DELIM-IOWJMTKQUXKVSUATGZZX_2005_DELIM-IOWJMTKQUXKVSUATGZZX_271_DELIM-IOWJMTKQUXKVSUATGZZX_2005                                               0.00%    passed     99.93%
  26  nl63_DELIM-IOWJMTKQUXKVSUATGZZX_JQ765572_DELIM-IOWJMTKQUXKVSUATGZZX_NL63_DELIM-IOWJMTKQUXKVSUATGZZX_DEN_DELIM-IOWJMTKQUXKVSUATGZZX_2005_DELIM-IOWJMTKQUXKVSUATGZZX_347_DELIM-IOWJMTKQUXKVSUATGZZX_2005                                               0.00%    passed     99.96%
  27  nl63_DELIM-IOWJMTKQUXKVSUATGZZX_KY862071_DELIM-IOWJMTKQUXKVSUATGZZX_NL63_DELIM-IOWJMTKQUXKVSUATGZZX_FRA_EPI_DELIM-IOWJMTKQUXKVSUATGZZX_Caen_DELIM-IOWJMTKQUXKVSUATGZZX_2005_DELIM-IOWJMTKQUXKVSUATGZZX_04_DELIM-IOWJMTKQUXKVSUATGZZX_2005            0.00%    passed     99.99%
  28  nl63_DELIM-IOWJMTKQUXKVSUATGZZX_KY862066_DELIM-IOWJMTKQUXKVSUATGZZX_NL63_DELIM-IOWJMTKQUXKVSUATGZZX_FRA_EPI_DELIM-IOWJMTKQUXKVSUATGZZX_Caen_DELIM-IOWJMTKQUXKVSUATGZZX_2010_DELIM-IOWJMTKQUXKVSUATGZZX_09_DELIM-IOWJMTKQUXKVSUATGZZX_2010            0.00%    passed     99.87%
  29  nl63_DELIM-IOWJMTKQUXKVSUATGZZX_KM055591_DELIM-IOWJMTKQUXKVSUATGZZX_180A_2007_DELIM-IOWJMTKQUXKVSUATGZZX_2007                                                                                                                                        0.00%    passed    100.00%
  30  nl63_DELIM-IOWJMTKQUXKVSUATGZZX_KM055592_DELIM-IOWJMTKQUXKVSUATGZZX_188A_2007_DELIM-IOWJMTKQUXKVSUATGZZX_2007                                                                                                                                        0.00%    passed    100.00%
  31  nl63_DELIM-IOWJMTKQUXKVSUATGZZX_KM055593_DELIM-IOWJMTKQUXKVSUATGZZX_197A_2007_DELIM-IOWJMTKQUXKVSUATGZZX_2007                                                                                                                                        0.00%    passed    100.00%
  32  nl63_DELIM-IOWJMTKQUXKVSUATGZZX_KM055597_DELIM-IOWJMTKQUXKVSUATGZZX_374A_2007_DELIM-IOWJMTKQUXKVSUATGZZX_2007                                                                                                                                        0.00%    passed    100.00%
  33  nl63_DELIM-IOWJMTKQUXKVSUATGZZX_KY554967_DELIM-IOWJMTKQUXKVSUATGZZX_N06_1144B_DELIM-IOWJMTKQUXKVSUATGZZX_2016                                                                                                                                        0.00%    passed    100.00%
  34  nl63_DELIM-IOWJMTKQUXKVSUATGZZX_KY554968_DELIM-IOWJMTKQUXKVSUATGZZX_N07_185B_DELIM-IOWJMTKQUXKVSUATGZZX_2016                                                                                                                                         0.00%    passed    100.00%
  35  nl63_DELIM-IOWJMTKQUXKVSUATGZZX_KY554970_DELIM-IOWJMTKQUXKVSUATGZZX_N07_324B_182X_DELIM-IOWJMTKQUXKVSUATGZZX_2016                                                                                                                                    0.00%    passed    100.00%
  36  nl63_DELIM-IOWJMTKQUXKVSUATGZZX_KY674916_DELIM-IOWJMTKQUXKVSUATGZZX_N07_64B_DELIM-IOWJMTKQUXKVSUATGZZX_2016                                                                                                                                          0.00%    passed    100.00%
  37  nl63_DELIM-IOWJMTKQUXKVSUATGZZX_KY674915_DELIM-IOWJMTKQUXKVSUATGZZX_N07_6B_DELIM-IOWJMTKQUXKVSUATGZZX_2016                                                                                                                                           0.00%    passed    100.00%
  38  nl63_DELIM-IOWJMTKQUXKVSUATGZZX_JQ765569_DELIM-IOWJMTKQUXKVSUATGZZX_NL63_DELIM-IOWJMTKQUXKVSUATGZZX_DEN_DELIM-IOWJMTKQUXKVSUATGZZX_2005_DELIM-IOWJMTKQUXKVSUATGZZX_232_DELIM-IOWJMTKQUXKVSUATGZZX_2005                                               0.00%    passed    100.00%
  39  nl63_DELIM-IOWJMTKQUXKVSUATGZZX_JQ900258_DELIM-IOWJMTKQUXKVSUATGZZX_NL63_DELIM-IOWJMTKQUXKVSUATGZZX_DEN_DELIM-IOWJMTKQUXKVSUATGZZX_2005_DELIM-IOWJMTKQUXKVSUATGZZX_291_DELIM-IOWJMTKQUXKVSUATGZZX_2005                                               0.00%    passed    100.00%
  40  nl63_DELIM-IOWJMTKQUXKVSUATGZZX_JQ765566_DELIM-IOWJMTKQUXKVSUATGZZX_NL63_DELIM-IOWJMTKQUXKVSUATGZZX_DEN_DELIM-IOWJMTKQUXKVSUATGZZX_2008_DELIM-IOWJMTKQUXKVSUATGZZX_16_DELIM-IOWJMTKQUXKVSUATGZZX_2008                                                0.00%    passed    100.00%
  41  nl63_DELIM-IOWJMTKQUXKVSUATGZZX_JQ765567_DELIM-IOWJMTKQUXKVSUATGZZX_NL63_DELIM-IOWJMTKQUXKVSUATGZZX_DEN_DELIM-IOWJMTKQUXKVSUATGZZX_2009_DELIM-IOWJMTKQUXKVSUATGZZX_20_DELIM-IOWJMTKQUXKVSUATGZZX_2009                                                0.00%    passed    100.00%
  42  nl63_DELIM-IOWJMTKQUXKVSUATGZZX_KY862068_DELIM-IOWJMTKQUXKVSUATGZZX_NL63_DELIM-IOWJMTKQUXKVSUATGZZX_FRA_EPI_DELIM-IOWJMTKQUXKVSUATGZZX_Caen_DELIM-IOWJMTKQUXKVSUATGZZX_2009_DELIM-IOWJMTKQUXKVSUATGZZX_07_DELIM-IOWJMTKQUXKVSUATGZZX_2009            0.00%    passed    100.00%
  43  nl63_DELIM-IOWJMTKQUXKVSUATGZZX_KY862067_DELIM-IOWJMTKQUXKVSUATGZZX_NL63_DELIM-IOWJMTKQUXKVSUATGZZX_FRA_EPI_DELIM-IOWJMTKQUXKVSUATGZZX_Caen_DELIM-IOWJMTKQUXKVSUATGZZX_2009_DELIM-IOWJMTKQUXKVSUATGZZX_08_DELIM-IOWJMTKQUXKVSUATGZZX_2009            0.00%    passed    100.00%
  44  nl63_DELIM-IOWJMTKQUXKVSUATGZZX_KY862058_DELIM-IOWJMTKQUXKVSUATGZZX_NL63_DELIM-IOWJMTKQUXKVSUATGZZX_FRA_EPI_DELIM-IOWJMTKQUXKVSUATGZZX_Caen_DELIM-IOWJMTKQUXKVSUATGZZX_2014_DELIM-IOWJMTKQUXKVSUATGZZX_17_DELIM-IOWJMTKQUXKVSUATGZZX_2014            0.00%    passed    100.00%
  45  nl63_DELIM-IOWJMTKQUXKVSUATGZZX_KF530112_DELIM-IOWJMTKQUXKVSUATGZZX_NL63_DELIM-IOWJMTKQUXKVSUATGZZX_human_DELIM-IOWJMTKQUXKVSUATGZZX_USA_DELIM-IOWJMTKQUXKVSUATGZZX_0111_25_DELIM-IOWJMTKQUXKVSUATGZZX_2001_DELIM-IOWJMTKQUXKVSUATGZZX_2001          0.00%    passed    100.00%
  46  nl63_DELIM-IOWJMTKQUXKVSUATGZZX_KU521535_DELIM-IOWJMTKQUXKVSUATGZZX_NL63_DELIM-IOWJMTKQUXKVSUATGZZX_UF_2_DELIM-IOWJMTKQUXKVSUATGZZX_2015_DELIM-IOWJMTKQUXKVSUATGZZX_2015                                                                             0.00%    passed    100.00%
  47  nl63_DELIM-IOWJMTKQUXKVSUATGZZX_MN026166_DELIM-IOWJMTKQUXKVSUATGZZX_NL63_KLF_01_2018_DELIM-IOWJMTKQUXKVSUATGZZX_2018                                                                                                                                21.96%    passed     62.39%
  48  nl63_DELIM-IOWJMTKQUXKVSUATGZZX_JQ765564_DELIM-IOWJMTKQUXKVSUATGZZX_NL63_DELIM-IOWJMTKQUXKVSUATGZZX_DEN_DELIM-IOWJMTKQUXKVSUATGZZX_2009_DELIM-IOWJMTKQUXKVSUATGZZX_14_DELIM-IOWJMTKQUXKVSUATGZZX_2009                                                0.00%    passed    100.00%
  49  nl63_DELIM-IOWJMTKQUXKVSUATGZZX_KM055595_DELIM-IOWJMTKQUXKVSUATGZZX_236A_2007_DELIM-IOWJMTKQUXKVSUATGZZX_2007                                                                                                                                        0.00%    passed     99.98%
  50  nl63_DELIM-IOWJMTKQUXKVSUATGZZX_KY862060_DELIM-IOWJMTKQUXKVSUATGZZX_NL63_DELIM-IOWJMTKQUXKVSUATGZZX_FRA_EPI_DELIM-IOWJMTKQUXKVSUATGZZX_Caen_DELIM-IOWJMTKQUXKVSUATGZZX_2013_DELIM-IOWJMTKQUXKVSUATGZZX_15_DELIM-IOWJMTKQUXKVSUATGZZX_2013            0.00%    passed     99.98%
  51  nl63_DELIM-IOWJMTKQUXKVSUATGZZX_KM055602_DELIM-IOWJMTKQUXKVSUATGZZX_954A_2008_DELIM-IOWJMTKQUXKVSUATGZZX_2008                                                                                                                                        0.00%    passed     99.98%
  52  nl63_DELIM-IOWJMTKQUXKVSUATGZZX_JQ765570_DELIM-IOWJMTKQUXKVSUATGZZX_NL63_DELIM-IOWJMTKQUXKVSUATGZZX_DEN_DELIM-IOWJMTKQUXKVSUATGZZX_2005_DELIM-IOWJMTKQUXKVSUATGZZX_235_DELIM-IOWJMTKQUXKVSUATGZZX_2005                                               0.00%    passed     99.98%
  53  nl63_DELIM-IOWJMTKQUXKVSUATGZZX_KY862070_DELIM-IOWJMTKQUXKVSUATGZZX_NL63_DELIM-IOWJMTKQUXKVSUATGZZX_FRA_EPI_DELIM-IOWJMTKQUXKVSUATGZZX_Caen_DELIM-IOWJMTKQUXKVSUATGZZX_2008_DELIM-IOWJMTKQUXKVSUATGZZX_05_DELIM-IOWJMTKQUXKVSUATGZZX_2008            0.00%    passed     99.96%
  54  nl63_DELIM-IOWJMTKQUXKVSUATGZZX_KY862069_DELIM-IOWJMTKQUXKVSUATGZZX_NL63_DELIM-IOWJMTKQUXKVSUATGZZX_FRA_EPI_DELIM-IOWJMTKQUXKVSUATGZZX_Caen_DELIM-IOWJMTKQUXKVSUATGZZX_2008_DELIM-IOWJMTKQUXKVSUATGZZX_06_DELIM-IOWJMTKQUXKVSUATGZZX_2008            0.00%    passed     99.98%
  55  nl63_DELIM-IOWJMTKQUXKVSUATGZZX_KY862061_DELIM-IOWJMTKQUXKVSUATGZZX_NL63_DELIM-IOWJMTKQUXKVSUATGZZX_FRA_EPI_DELIM-IOWJMTKQUXKVSUATGZZX_Caen_DELIM-IOWJMTKQUXKVSUATGZZX_2012_DELIM-IOWJMTKQUXKVSUATGZZX_14_DELIM-IOWJMTKQUXKVSUATGZZX_2012            0.00%    passed     99.98%
  56  nl63_DELIM-IOWJMTKQUXKVSUATGZZX_KY862056_DELIM-IOWJMTKQUXKVSUATGZZX_NL63_DELIM-IOWJMTKQUXKVSUATGZZX_FRA_EPI_DELIM-IOWJMTKQUXKVSUATGZZX_Caen_DELIM-IOWJMTKQUXKVSUATGZZX_2015_DELIM-IOWJMTKQUXKVSUATGZZX_19_DELIM-IOWJMTKQUXKVSUATGZZX_2015            0.00%    passed     99.98%
  57  nl63_DELIM-IOWJMTKQUXKVSUATGZZX_KY862055_DELIM-IOWJMTKQUXKVSUATGZZX_NL63_DELIM-IOWJMTKQUXKVSUATGZZX_FRA_EPI_DELIM-IOWJMTKQUXKVSUATGZZX_Caen_DELIM-IOWJMTKQUXKVSUATGZZX_2015_DELIM-IOWJMTKQUXKVSUATGZZX_20_DELIM-IOWJMTKQUXKVSUATGZZX_2015            0.00%    passed     99.98%
  58  nl63_DELIM-IOWJMTKQUXKVSUATGZZX_KY862072_DELIM-IOWJMTKQUXKVSUATGZZX_NL63_DELIM-IOWJMTKQUXKVSUATGZZX_FRA_EPI_DELIM-IOWJMTKQUXKVSUATGZZX_Caen_DELIM-IOWJMTKQUXKVSUATGZZX_2005_DELIM-IOWJMTKQUXKVSUATGZZX_03_DELIM-IOWJMTKQUXKVSUATGZZX_2005            0.00%    passed     99.96%
  59  nl63_DELIM-IOWJMTKQUXKVSUATGZZX_KY862062_DELIM-IOWJMTKQUXKVSUATGZZX_NL63_DELIM-IOWJMTKQUXKVSUATGZZX_FRA_EPI_DELIM-IOWJMTKQUXKVSUATGZZX_Caen_DELIM-IOWJMTKQUXKVSUATGZZX_2012_DELIM-IOWJMTKQUXKVSUATGZZX_13_DELIM-IOWJMTKQUXKVSUATGZZX_2012            0.00%    passed     99.98%
  60  nl63_DELIM-IOWJMTKQUXKVSUATGZZX_KT381875_DELIM-IOWJMTKQUXKVSUATGZZX_NL63_DELIM-IOWJMTKQUXKVSUATGZZX_UF_1_DELIM-IOWJMTKQUXKVSUATGZZX_2015_DELIM-IOWJMTKQUXKVSUATGZZX_2015                                                                             0.00%    passed     99.98%
  61  nl63_DELIM-IOWJMTKQUXKVSUATGZZX_KX179500_DELIM-IOWJMTKQUXKVSUATGZZX_NL63_DELIM-IOWJMTKQUXKVSUATGZZX_UF_2_DELIM-IOWJMTKQUXKVSUATGZZX_2015_DELIM-IOWJMTKQUXKVSUATGZZX_2015                                                                             0.00%    passed     99.98%
  62  nl63_DELIM-IOWJMTKQUXKVSUATGZZX_KM055594_DELIM-IOWJMTKQUXKVSUATGZZX_225A_2007_DELIM-IOWJMTKQUXKVSUATGZZX_2007                                                                                                                                        0.00%    passed     99.96%
  63  nl63_DELIM-IOWJMTKQUXKVSUATGZZX_KM055596_DELIM-IOWJMTKQUXKVSUATGZZX_277A_2007_DELIM-IOWJMTKQUXKVSUATGZZX_2007                                                                                                                                        0.00%    passed     99.96%
  64  nl63_DELIM-IOWJMTKQUXKVSUATGZZX_KM055598_DELIM-IOWJMTKQUXKVSUATGZZX_909A_2008_DELIM-IOWJMTKQUXKVSUATGZZX_2008                                                                                                                                        0.00%    passed     99.92%
  65  nl63_DELIM-IOWJMTKQUXKVSUATGZZX_JQ900255_DELIM-IOWJMTKQUXKVSUATGZZX_NL63_DELIM-IOWJMTKQUXKVSUATGZZX_DEN_DELIM-IOWJMTKQUXKVSUATGZZX_2009_DELIM-IOWJMTKQUXKVSUATGZZX_6_DELIM-IOWJMTKQUXKVSUATGZZX_2009                                                 0.00%    passed     99.92%
  66  nl63_DELIM-IOWJMTKQUXKVSUATGZZX_JQ900256_DELIM-IOWJMTKQUXKVSUATGZZX_NL63_DELIM-IOWJMTKQUXKVSUATGZZX_DEN_DELIM-IOWJMTKQUXKVSUATGZZX_2009_DELIM-IOWJMTKQUXKVSUATGZZX_22_DELIM-IOWJMTKQUXKVSUATGZZX_2009                                                0.00%    passed    100.00%
  67  nl63_DELIM-IOWJMTKQUXKVSUATGZZX_KY862065_DELIM-IOWJMTKQUXKVSUATGZZX_NL63_DELIM-IOWJMTKQUXKVSUATGZZX_FRA_EPI_DELIM-IOWJMTKQUXKVSUATGZZX_Caen_DELIM-IOWJMTKQUXKVSUATGZZX_2010_DELIM-IOWJMTKQUXKVSUATGZZX_10_DELIM-IOWJMTKQUXKVSUATGZZX_2010            0.00%    passed    100.00%
  68  nl63_DELIM-IOWJMTKQUXKVSUATGZZX_KY862057_DELIM-IOWJMTKQUXKVSUATGZZX_NL63_DELIM-IOWJMTKQUXKVSUATGZZX_FRA_EPI_DELIM-IOWJMTKQUXKVSUATGZZX_Caen_DELIM-IOWJMTKQUXKVSUATGZZX_2014_DELIM-IOWJMTKQUXKVSUATGZZX_18_DELIM-IOWJMTKQUXKVSUATGZZX_2014            0.00%    passed     99.77%
  69  nl63_DELIM-IOWJMTKQUXKVSUATGZZX_KY862064_DELIM-IOWJMTKQUXKVSUATGZZX_NL63_DELIM-IOWJMTKQUXKVSUATGZZX_FRA_EPI_DELIM-IOWJMTKQUXKVSUATGZZX_Caen_DELIM-IOWJMTKQUXKVSUATGZZX_2011_DELIM-IOWJMTKQUXKVSUATGZZX_11_DELIM-IOWJMTKQUXKVSUATGZZX_2011            0.00%    passed     99.99%
  70  nl63_DELIM-IOWJMTKQUXKVSUATGZZX_KY983586_DELIM-IOWJMTKQUXKVSUATGZZX_HCoV_NL63_DELIM-IOWJMTKQUXKVSUATGZZX_Seattle_DELIM-IOWJMTKQUXKVSUATGZZX_USA_DELIM-IOWJMTKQUXKVSUATGZZX_SC2940_DELIM-IOWJMTKQUXKVSUATGZZX_2015_DELIM-IOWJMTKQUXKVSUATGZZX_2015    0.00%    passed     99.96%
  71  nl63_DELIM-IOWJMTKQUXKVSUATGZZX_JQ765563_DELIM-IOWJMTKQUXKVSUATGZZX_NL63_DELIM-IOWJMTKQUXKVSUATGZZX_DEN_DELIM-IOWJMTKQUXKVSUATGZZX_2009_DELIM-IOWJMTKQUXKVSUATGZZX_9_DELIM-IOWJMTKQUXKVSUATGZZX_2009                                                 0.00%    passed     99.93%
  72  nl63_DELIM-IOWJMTKQUXKVSUATGZZX_JQ765565_DELIM-IOWJMTKQUXKVSUATGZZX_NL63_DELIM-IOWJMTKQUXKVSUATGZZX_DEN_DELIM-IOWJMTKQUXKVSUATGZZX_2009_DELIM-IOWJMTKQUXKVSUATGZZX_15_DELIM-IOWJMTKQUXKVSUATGZZX_2009                                                0.00%    passed     99.96%
  73  nl63_DELIM-IOWJMTKQUXKVSUATGZZX_KT359830_DELIM-IOWJMTKQUXKVSUATGZZX_12MYKL0482_DELIM-IOWJMTKQUXKVSUATGZZX_2012                                                                                                                                       0.26%    passed     99.89%
  74  nl63_DELIM-IOWJMTKQUXKVSUATGZZX_KT359831_DELIM-IOWJMTKQUXKVSUATGZZX_12MYKL0630_DELIM-IOWJMTKQUXKVSUATGZZX_2012                                                                                                                                       0.26%    passed     99.89%
  75  nl63_DELIM-IOWJMTKQUXKVSUATGZZX_KT359832_DELIM-IOWJMTKQUXKVSUATGZZX_12MYKL0719_DELIM-IOWJMTKQUXKVSUATGZZX_2012                                                                                                                                       0.26%    passed     99.89%
  76  nl63_DELIM-IOWJMTKQUXKVSUATGZZX_KT359833_DELIM-IOWJMTKQUXKVSUATGZZX_12MYKL0730_DELIM-IOWJMTKQUXKVSUATGZZX_2012                                                                                                                                       0.26%    passed     99.89%
  77  nl63_DELIM-IOWJMTKQUXKVSUATGZZX_KT359834_DELIM-IOWJMTKQUXKVSUATGZZX_12MYKL0736_DELIM-IOWJMTKQUXKVSUATGZZX_2012                                                                                                                                       0.26%    passed     99.89%
  78  nl63_DELIM-IOWJMTKQUXKVSUATGZZX_KT359840_DELIM-IOWJMTKQUXKVSUATGZZX_12MYKL0813_DELIM-IOWJMTKQUXKVSUATGZZX_2012                                                                                                                                       0.26%    passed     99.89%
  79  nl63_DELIM-IOWJMTKQUXKVSUATGZZX_KT359841_DELIM-IOWJMTKQUXKVSUATGZZX_12MYKL0862_DELIM-IOWJMTKQUXKVSUATGZZX_2012                                                                                                                                       0.26%    passed     99.89%
  80  nl63_DELIM-IOWJMTKQUXKVSUATGZZX_KT359843_DELIM-IOWJMTKQUXKVSUATGZZX_12MYKL0865_DELIM-IOWJMTKQUXKVSUATGZZX_2012                                                                                                                                       0.26%    passed     99.89%
  81  nl63_DELIM-IOWJMTKQUXKVSUATGZZX_KT359845_DELIM-IOWJMTKQUXKVSUATGZZX_12MYKL0903_DELIM-IOWJMTKQUXKVSUATGZZX_2012                                                                                                                                       0.26%    passed     99.89%
  82  nl63_DELIM-IOWJMTKQUXKVSUATGZZX_KT359847_DELIM-IOWJMTKQUXKVSUATGZZX_12MYKL0964_DELIM-IOWJMTKQUXKVSUATGZZX_2012                                                                                                                                       0.26%    passed     99.89%
  83  nl63_DELIM-IOWJMTKQUXKVSUATGZZX_KT359849_DELIM-IOWJMTKQUXKVSUATGZZX_12MYKL1002_DELIM-IOWJMTKQUXKVSUATGZZX_2012                                                                                                                                       0.26%    passed     99.89%
  84  nl63_DELIM-IOWJMTKQUXKVSUATGZZX_KT359850_DELIM-IOWJMTKQUXKVSUATGZZX_12MYKL1007_DELIM-IOWJMTKQUXKVSUATGZZX_2012                                                                                                                                       0.26%    passed     99.89%
  85  nl63_DELIM-IOWJMTKQUXKVSUATGZZX_KT359852_DELIM-IOWJMTKQUXKVSUATGZZX_12MYKL1055_DELIM-IOWJMTKQUXKVSUATGZZX_2012                                                                                                                                       0.26%    passed     99.89%
  86  nl63_DELIM-IOWJMTKQUXKVSUATGZZX_KT359857_DELIM-IOWJMTKQUXKVSUATGZZX_12MYKL1193_DELIM-IOWJMTKQUXKVSUATGZZX_2012                                                                                                                                       0.26%    passed     99.89%
  87  nl63_DELIM-IOWJMTKQUXKVSUATGZZX_KT359859_DELIM-IOWJMTKQUXKVSUATGZZX_12MYKL1197_DELIM-IOWJMTKQUXKVSUATGZZX_2012                                                                                                                                       0.26%    passed     99.89%
  88  nl63_DELIM-IOWJMTKQUXKVSUATGZZX_KT359861_DELIM-IOWJMTKQUXKVSUATGZZX_12MYKL1238_DELIM-IOWJMTKQUXKVSUATGZZX_2012                                                                                                                                       0.26%    passed     99.89%
  89  nl63_DELIM-IOWJMTKQUXKVSUATGZZX_KT359863_DELIM-IOWJMTKQUXKVSUATGZZX_12MYKL1288_DELIM-IOWJMTKQUXKVSUATGZZX_2012                                                                                                                                       0.26%    passed     99.89%
  90  nl63_DELIM-IOWJMTKQUXKVSUATGZZX_KT359867_DELIM-IOWJMTKQUXKVSUATGZZX_12MYKL1528_DELIM-IOWJMTKQUXKVSUATGZZX_2012                                                                                                                                       0.26%    passed     99.89%
  91  nl63_DELIM-IOWJMTKQUXKVSUATGZZX_KT359837_DELIM-IOWJMTKQUXKVSUATGZZX_12MYKL0780_DELIM-IOWJMTKQUXKVSUATGZZX_2012                                                                                                                                       0.26%    passed     99.70%
  92  nl63_DELIM-IOWJMTKQUXKVSUATGZZX_KT359856_DELIM-IOWJMTKQUXKVSUATGZZX_12MYKL1089_DELIM-IOWJMTKQUXKVSUATGZZX_2012                                                                                                                                       0.26%    passed     99.95%
  93  nl63_DELIM-IOWJMTKQUXKVSUATGZZX_KT359869_DELIM-IOWJMTKQUXKVSUATGZZX_13MYKL1797_DELIM-IOWJMTKQUXKVSUATGZZX_2013                                                                                                                                       0.26%    passed     99.95%
  94  nl63_DELIM-IOWJMTKQUXKVSUATGZZX_KT359844_DELIM-IOWJMTKQUXKVSUATGZZX_12MYKL0880_DELIM-IOWJMTKQUXKVSUATGZZX_2012                                                                                                                                       0.26%    passed     99.99%
  95  nl63_DELIM-IOWJMTKQUXKVSUATGZZX_KT359842_DELIM-IOWJMTKQUXKVSUATGZZX_12MYKL0863_DELIM-IOWJMTKQUXKVSUATGZZX_2012                                                                                                                                       0.26%    passed     99.99%
  96  nl63_DELIM-IOWJMTKQUXKVSUATGZZX_KT359848_DELIM-IOWJMTKQUXKVSUATGZZX_12MYKL0967_DELIM-IOWJMTKQUXKVSUATGZZX_2012                                                                                                                                       0.26%    passed     99.99%
  97  nl63_DELIM-IOWJMTKQUXKVSUATGZZX_KT359868_DELIM-IOWJMTKQUXKVSUATGZZX_13MYKL1791_DELIM-IOWJMTKQUXKVSUATGZZX_2013                                                                                                                                       0.26%    passed     99.99%
  98  nl63_DELIM-IOWJMTKQUXKVSUATGZZX_MG772808_DELIM-IOWJMTKQUXKVSUATGZZX_CN0601_DELIM-IOWJMTKQUXKVSUATGZZX_14_DELIM-IOWJMTKQUXKVSUATGZZX_2014                                                                                                             0.00%    passed     99.97%
  99  nl63_DELIM-IOWJMTKQUXKVSUATGZZX_KM055607_DELIM-IOWJMTKQUXKVSUATGZZX_1014A_2008_DELIM-IOWJMTKQUXKVSUATGZZX_2008                                                                                                                                       0.00%    passed     99.99%
 100  nl63_DELIM-IOWJMTKQUXKVSUATGZZX_KM055610_DELIM-IOWJMTKQUXKVSUATGZZX_2093A_2010_DELIM-IOWJMTKQUXKVSUATGZZX_2010                                                                                                                                       0.00%    passed     99.99%
 101  nl63_DELIM-IOWJMTKQUXKVSUATGZZX_MG428703_DELIM-IOWJMTKQUXKVSUATGZZX_Kilifi_HH_0511_01_Jun_2010_DELIM-IOWJMTKQUXKVSUATGZZX_2010                                                                                                                       0.00%    passed     99.99%
 102  nl63_DELIM-IOWJMTKQUXKVSUATGZZX_MG428701_DELIM-IOWJMTKQUXKVSUATGZZX_Kilifi_HH_0512_04_Jun_2010_DELIM-IOWJMTKQUXKVSUATGZZX_2010                                                                                                                       0.00%    passed     99.99%
 103  nl63_DELIM-IOWJMTKQUXKVSUATGZZX_MG428700_DELIM-IOWJMTKQUXKVSUATGZZX_Kilifi_HH_1602_01_Jun_2010_DELIM-IOWJMTKQUXKVSUATGZZX_2010                                                                                                                       0.00%    passed     99.99%
 104  nl63_DELIM-IOWJMTKQUXKVSUATGZZX_MG428702_DELIM-IOWJMTKQUXKVSUATGZZX_Kilifi_HH_3807_11_May_2010_DELIM-IOWJMTKQUXKVSUATGZZX_2010                                                                                                                       0.00%    passed     99.99%
 105  nl63_DELIM-IOWJMTKQUXKVSUATGZZX_MG428706_DELIM-IOWJMTKQUXKVSUATGZZX_Kilifi_HH_3808_24_May_2010_DELIM-IOWJMTKQUXKVSUATGZZX_2010                                                                                                                       0.00%    passed     99.99%
 106  nl63_DELIM-IOWJMTKQUXKVSUATGZZX_MG428707_DELIM-IOWJMTKQUXKVSUATGZZX_Kilifi_HH_5401_20_May_2010_DELIM-IOWJMTKQUXKVSUATGZZX_2010                                                                                                                       0.00%    passed     99.99%
 107  nl63_DELIM-IOWJMTKQUXKVSUATGZZX_MG428704_DELIM-IOWJMTKQUXKVSUATGZZX_Kilifi_HH_5402_20_May_2010_DELIM-IOWJMTKQUXKVSUATGZZX_2010                                                                                                                       0.00%    passed     99.99%
 108  nl63_DELIM-IOWJMTKQUXKVSUATGZZX_MG428699_DELIM-IOWJMTKQUXKVSUATGZZX_Kilifi_HH_5709_19_May_2010_DELIM-IOWJMTKQUXKVSUATGZZX_2010                                                                                                                       0.00%    passed     99.99%
 109  nl63_DELIM-IOWJMTKQUXKVSUATGZZX_KM055609_DELIM-IOWJMTKQUXKVSUATGZZX_1093A_2008_DELIM-IOWJMTKQUXKVSUATGZZX_2008                                                                                                                                       0.00%    passed     99.99%
 110  nl63_DELIM-IOWJMTKQUXKVSUATGZZX_KT359835_DELIM-IOWJMTKQUXKVSUATGZZX_12MYKL0750_DELIM-IOWJMTKQUXKVSUATGZZX_2012                                                                                                                                       0.26%    passed     99.96%
 111  nl63_DELIM-IOWJMTKQUXKVSUATGZZX_KT359836_DELIM-IOWJMTKQUXKVSUATGZZX_12MYKL0779_DELIM-IOWJMTKQUXKVSUATGZZX_2012                                                                                                                                       0.26%    passed     99.96%
 112  nl63_DELIM-IOWJMTKQUXKVSUATGZZX_KT359851_DELIM-IOWJMTKQUXKVSUATGZZX_12MYKL1013_DELIM-IOWJMTKQUXKVSUATGZZX_2012                                                                                                                                       0.26%    passed     99.96%
 113  nl63_DELIM-IOWJMTKQUXKVSUATGZZX_KT359853_DELIM-IOWJMTKQUXKVSUATGZZX_12MYKL1064_DELIM-IOWJMTKQUXKVSUATGZZX_2012                                                                                                                                       0.26%    passed     99.96%
 114  nl63_DELIM-IOWJMTKQUXKVSUATGZZX_KT359866_DELIM-IOWJMTKQUXKVSUATGZZX_12MYKL1350_DELIM-IOWJMTKQUXKVSUATGZZX_2012                                                                                                                                       0.26%    passed     99.96%
 115  nl63_DELIM-IOWJMTKQUXKVSUATGZZX_KT359871_DELIM-IOWJMTKQUXKVSUATGZZX_13MYKL2005_DELIM-IOWJMTKQUXKVSUATGZZX_2013                                                                                                                                       0.26%    passed     99.96%
 116  nl63_DELIM-IOWJMTKQUXKVSUATGZZX_KM055599_DELIM-IOWJMTKQUXKVSUATGZZX_930A_2008_DELIM-IOWJMTKQUXKVSUATGZZX_2008                                                                                                                                        0.00%    passed     99.99%
 117  nl63_DELIM-IOWJMTKQUXKVSUATGZZX_KM055600_DELIM-IOWJMTKQUXKVSUATGZZX_940A_2008_DELIM-IOWJMTKQUXKVSUATGZZX_2008                                                                                                                                        0.00%    passed     99.99%
 118  nl63_DELIM-IOWJMTKQUXKVSUATGZZX_KM055601_DELIM-IOWJMTKQUXKVSUATGZZX_945A_2008_DELIM-IOWJMTKQUXKVSUATGZZX_2008                                                                                                                                        0.00%    passed     99.99%
 119  nl63_DELIM-IOWJMTKQUXKVSUATGZZX_KM055603_DELIM-IOWJMTKQUXKVSUATGZZX_971A_2008_DELIM-IOWJMTKQUXKVSUATGZZX_2008                                                                                                                                        0.00%    passed     99.99%
 120  nl63_DELIM-IOWJMTKQUXKVSUATGZZX_KM055606_DELIM-IOWJMTKQUXKVSUATGZZX_997A_2008_DELIM-IOWJMTKQUXKVSUATGZZX_2008                                                                                                                                        0.00%    passed     99.99%
 121  nl63_DELIM-IOWJMTKQUXKVSUATGZZX_JX104161_DELIM-IOWJMTKQUXKVSUATGZZX_CBJ_037_DELIM-IOWJMTKQUXKVSUATGZZX_2008                                                                                                                                          0.00%    passed     99.99%
 122  nl63_DELIM-IOWJMTKQUXKVSUATGZZX_JX524171_DELIM-IOWJMTKQUXKVSUATGZZX_CBJ123_DELIM-IOWJMTKQUXKVSUATGZZX_2009                                                                                                                                           0.00%    passed     99.99%
 123  nl63_DELIM-IOWJMTKQUXKVSUATGZZX_MK334045_DELIM-IOWJMTKQUXKVSUATGZZX_ChinaGD05_DELIM-IOWJMTKQUXKVSUATGZZX_2018                                                                                                                                        0.00%    passed     99.99%
 124  nl63_DELIM-IOWJMTKQUXKVSUATGZZX_KT266906_DELIM-IOWJMTKQUXKVSUATGZZX_HCoV_NL63_DELIM-IOWJMTKQUXKVSUATGZZX_Haiti_1_DELIM-IOWJMTKQUXKVSUATGZZX_2015_DELIM-IOWJMTKQUXKVSUATGZZX_2015                                                                     0.00%    passed     99.99%
 125  nl63_DELIM-IOWJMTKQUXKVSUATGZZX_MN306018_DELIM-IOWJMTKQUXKVSUATGZZX_HCoV_NL63_DELIM-IOWJMTKQUXKVSUATGZZX_Seattle_DELIM-IOWJMTKQUXKVSUATGZZX_USA_DELIM-IOWJMTKQUXKVSUATGZZX_SC0179_DELIM-IOWJMTKQUXKVSUATGZZX_2018_DELIM-IOWJMTKQUXKVSUATGZZX_2018    0.00%    passed     99.99%
 126  nl63_DELIM-IOWJMTKQUXKVSUATGZZX_KY862059_DELIM-IOWJMTKQUXKVSUATGZZX_NL63_DELIM-IOWJMTKQUXKVSUATGZZX_FRA_EPI_DELIM-IOWJMTKQUXKVSUATGZZX_Caen_DELIM-IOWJMTKQUXKVSUATGZZX_2013_DELIM-IOWJMTKQUXKVSUATGZZX_16_DELIM-IOWJMTKQUXKVSUATGZZX_2013            0.00%    passed     99.99%
 127  nl63_DELIM-IOWJMTKQUXKVSUATGZZX_KX179497_DELIM-IOWJMTKQUXKVSUATGZZX_NL63_DELIM-IOWJMTKQUXKVSUATGZZX_Haiti_2_DELIM-IOWJMTKQUXKVSUATGZZX_2015_DELIM-IOWJMTKQUXKVSUATGZZX_2015                                                                          0.00%    passed     99.99%
 128  nl63_DELIM-IOWJMTKQUXKVSUATGZZX_KX179498_DELIM-IOWJMTKQUXKVSUATGZZX_NL63_DELIM-IOWJMTKQUXKVSUATGZZX_Haiti_3_DELIM-IOWJMTKQUXKVSUATGZZX_2015_DELIM-IOWJMTKQUXKVSUATGZZX_2015                                                                          0.00%    passed     99.99%
 129  nl63_DELIM-IOWJMTKQUXKVSUATGZZX_KX179499_DELIM-IOWJMTKQUXKVSUATGZZX_NL63_DELIM-IOWJMTKQUXKVSUATGZZX_Haiti_4_DELIM-IOWJMTKQUXKVSUATGZZX_2015_DELIM-IOWJMTKQUXKVSUATGZZX_2015                                                                          0.00%    passed     99.99%
 130  nl63_DELIM-IOWJMTKQUXKVSUATGZZX_KM055608_DELIM-IOWJMTKQUXKVSUATGZZX_1023A_2008_DELIM-IOWJMTKQUXKVSUATGZZX_2008                                                                                                                                       0.00%    passed     99.93%
 131  nl63_DELIM-IOWJMTKQUXKVSUATGZZX_KM055604_DELIM-IOWJMTKQUXKVSUATGZZX_990A_2008_DELIM-IOWJMTKQUXKVSUATGZZX_2008                                                                                                                                        0.00%    passed     99.93%
 132  nl63_DELIM-IOWJMTKQUXKVSUATGZZX_KM055605_DELIM-IOWJMTKQUXKVSUATGZZX_996A_2008_DELIM-IOWJMTKQUXKVSUATGZZX_2008                                                                                                                                        0.00%    passed     99.93%
 133  nl63_DELIM-IOWJMTKQUXKVSUATGZZX_KT359858_DELIM-IOWJMTKQUXKVSUATGZZX_12MYKL1195_DELIM-IOWJMTKQUXKVSUATGZZX_2012                                                                                                                                       0.26%    passed     99.98%
 134  nl63_DELIM-IOWJMTKQUXKVSUATGZZX_KY862063_DELIM-IOWJMTKQUXKVSUATGZZX_NL63_DELIM-IOWJMTKQUXKVSUATGZZX_FRA_EPI_DELIM-IOWJMTKQUXKVSUATGZZX_Caen_DELIM-IOWJMTKQUXKVSUATGZZX_2011_DELIM-IOWJMTKQUXKVSUATGZZX_12_DELIM-IOWJMTKQUXKVSUATGZZX_2011            0.00%    passed     99.99%
 135  nl63_DELIM-IOWJMTKQUXKVSUATGZZX_KT359839_DELIM-IOWJMTKQUXKVSUATGZZX_12MYKL0809_DELIM-IOWJMTKQUXKVSUATGZZX_2012                                                                                                                                       0.26%    passed     99.83%
 136  nl63_DELIM-IOWJMTKQUXKVSUATGZZX_MK334043_DELIM-IOWJMTKQUXKVSUATGZZX_ChinaGD02_DELIM-IOWJMTKQUXKVSUATGZZX_2018                                                                                                                                        0.00%    passed     99.99%
 137  nl63_DELIM-IOWJMTKQUXKVSUATGZZX_MK334044_DELIM-IOWJMTKQUXKVSUATGZZX_ChinaGD03_DELIM-IOWJMTKQUXKVSUATGZZX_2018                                                                                                                                        0.00%    passed     99.99%
 138  nl63_DELIM-IOWJMTKQUXKVSUATGZZX_KT359829_DELIM-IOWJMTKQUXKVSUATGZZX_12MYKL0280_DELIM-IOWJMTKQUXKVSUATGZZX_2012                                                                                                                                       0.26%    passed     99.83%
 139  nl63_DELIM-IOWJMTKQUXKVSUATGZZX_KT359838_DELIM-IOWJMTKQUXKVSUATGZZX_12MYKL0802_DELIM-IOWJMTKQUXKVSUATGZZX_2012                                                                                                                                       0.26%    passed     99.52%
 140  nl63_DELIM-IOWJMTKQUXKVSUATGZZX_KT359862_DELIM-IOWJMTKQUXKVSUATGZZX_12MYKL1253_DELIM-IOWJMTKQUXKVSUATGZZX_2012                                                                                                                                       0.26%    passed     99.52%
 141  nl63_DELIM-IOWJMTKQUXKVSUATGZZX_KT359864_DELIM-IOWJMTKQUXKVSUATGZZX_12MYKL1336_DELIM-IOWJMTKQUXKVSUATGZZX_2012                                                                                                                                       0.26%    passed     99.52%
 142  nl63_DELIM-IOWJMTKQUXKVSUATGZZX_KT359865_DELIM-IOWJMTKQUXKVSUATGZZX_12MYKL1337_DELIM-IOWJMTKQUXKVSUATGZZX_2012                                                                                                                                       0.26%    passed     99.52%
 143  nl63_DELIM-IOWJMTKQUXKVSUATGZZX_KT359846_DELIM-IOWJMTKQUXKVSUATGZZX_12MYKL0943_DELIM-IOWJMTKQUXKVSUATGZZX_2012                                                                                                                                       0.26%    passed     99.54%
 144  nl63_DELIM-IOWJMTKQUXKVSUATGZZX_KT359854_DELIM-IOWJMTKQUXKVSUATGZZX_12MYKL1079_DELIM-IOWJMTKQUXKVSUATGZZX_2012                                                                                                                                       0.26%    passed     99.83%
 145  nl63_DELIM-IOWJMTKQUXKVSUATGZZX_MG428705_DELIM-IOWJMTKQUXKVSUATGZZX_Kilifi_HH_0522_21_May_2010_DELIM-IOWJMTKQUXKVSUATGZZX_2010                                                                                                                       0.00%    passed     99.93%
 146  nl63_DELIM-IOWJMTKQUXKVSUATGZZX_KT359870_DELIM-IOWJMTKQUXKVSUATGZZX_13MYKL1870_DELIM-IOWJMTKQUXKVSUATGZZX_2013                                                                                                                                       0.26%    passed     99.85%
 147  nl63_DELIM-IOWJMTKQUXKVSUATGZZX_JQ900257_DELIM-IOWJMTKQUXKVSUATGZZX_NL63_DELIM-IOWJMTKQUXKVSUATGZZX_DEN_DELIM-IOWJMTKQUXKVSUATGZZX_2009_DELIM-IOWJMTKQUXKVSUATGZZX_31_DELIM-IOWJMTKQUXKVSUATGZZX_2009                                                0.44%    passed     99.98%
 148  nl63_DELIM-IOWJMTKQUXKVSUATGZZX_MN306040_DELIM-IOWJMTKQUXKVSUATGZZX_HCoV_NL63_DELIM-IOWJMTKQUXKVSUATGZZX_Seattle_DELIM-IOWJMTKQUXKVSUATGZZX_USA_DELIM-IOWJMTKQUXKVSUATGZZX_SC0768_DELIM-IOWJMTKQUXKVSUATGZZX_2019_DELIM-IOWJMTKQUXKVSUATGZZX_2019    0.00%    passed    100.00%
 149  nl63_DELIM-IOWJMTKQUXKVSUATGZZX_MK334046_DELIM-IOWJMTKQUXKVSUATGZZX_ChinaGD01_DELIM-IOWJMTKQUXKVSUATGZZX_2018                                                                                                                                        0.00%    passed     99.97%
 150  nl63_DELIM-IOWJMTKQUXKVSUATGZZX_MK334047_DELIM-IOWJMTKQUXKVSUATGZZX_ChinaGD04_DELIM-IOWJMTKQUXKVSUATGZZX_2018                                                                                                                                        0.00%    passed     99.93%
 151  nl63_DELIM-IOWJMTKQUXKVSUATGZZX_KT359855_DELIM-IOWJMTKQUXKVSUATGZZX_12MYKL1088_DELIM-IOWJMTKQUXKVSUATGZZX_2012                                                                                                                                       0.26%    passed     99.95%
 152  nl63_DELIM-IOWJMTKQUXKVSUATGZZX_KT359860_DELIM-IOWJMTKQUXKVSUATGZZX_12MYKL1229_DELIM-IOWJMTKQUXKVSUATGZZX_2012                                                                                                                                       0.26%    passed     99.74%
****  TOTAL                                                                                                                                                                                                                                                0.22%  0 sequences failed composition chi2 test (p-value<5%; df=3)
NOTE: nl63_DELIM-IOWJMTKQUXKVSUATGZZX_KF530108_DELIM-IOWJMTKQUXKVSUATGZZX_NL63_DELIM-IOWJMTKQUXKVSUATGZZX_human_DELIM-IOWJMTKQUXKVSUATGZZX_USA_DELIM-IOWJMTKQUXKVSUATGZZX_891_6_DELIM-IOWJMTKQUXKVSUATGZZX_1989_DELIM-IOWJMTKQUXKVSUATGZZX_1989 is identical to nl63_DELIM-IOWJMTKQUXKVSUATGZZX_JQ900259_DELIM-IOWJMTKQUXKVSUATGZZX_NL63_DELIM-IOWJMTKQUXKVSUATGZZX_DEN_DELIM-IOWJMTKQUXKVSUATGZZX_2005_DELIM-IOWJMTKQUXKVSUATGZZX_449_DELIM-IOWJMTKQUXKVSUATGZZX_2005 but kept for subsequent analysis
NOTE: nl63_DELIM-IOWJMTKQUXKVSUATGZZX_KY829118_DELIM-IOWJMTKQUXKVSUATGZZX_N07_262B_DELIM-IOWJMTKQUXKVSUATGZZX_2015 is identical to nl63_DELIM-IOWJMTKQUXKVSUATGZZX_KY554969_DELIM-IOWJMTKQUXKVSUATGZZX_N07_196B_DELIM-IOWJMTKQUXKVSUATGZZX_2016 but kept for subsequent analysis
NOTE: nl63_DELIM-IOWJMTKQUXKVSUATGZZX_KM055592_DELIM-IOWJMTKQUXKVSUATGZZX_188A_2007_DELIM-IOWJMTKQUXKVSUATGZZX_2007 is identical to nl63_DELIM-IOWJMTKQUXKVSUATGZZX_KM055591_DELIM-IOWJMTKQUXKVSUATGZZX_180A_2007_DELIM-IOWJMTKQUXKVSUATGZZX_2007 but kept for subsequent analysis
NOTE: nl63_DELIM-IOWJMTKQUXKVSUATGZZX_KY862060_DELIM-IOWJMTKQUXKVSUATGZZX_NL63_DELIM-IOWJMTKQUXKVSUATGZZX_FRA_EPI_DELIM-IOWJMTKQUXKVSUATGZZX_Caen_DELIM-IOWJMTKQUXKVSUATGZZX_2013_DELIM-IOWJMTKQUXKVSUATGZZX_15_DELIM-IOWJMTKQUXKVSUATGZZX_2013 is identical to nl63_DELIM-IOWJMTKQUXKVSUATGZZX_KM055595_DELIM-IOWJMTKQUXKVSUATGZZX_236A_2007_DELIM-IOWJMTKQUXKVSUATGZZX_2007 but kept for subsequent analysis
NOTE: nl63_DELIM-IOWJMTKQUXKVSUATGZZX_KT381875_DELIM-IOWJMTKQUXKVSUATGZZX_NL63_DELIM-IOWJMTKQUXKVSUATGZZX_UF_1_DELIM-IOWJMTKQUXKVSUATGZZX_2015_DELIM-IOWJMTKQUXKVSUATGZZX_2015 is identical to nl63_DELIM-IOWJMTKQUXKVSUATGZZX_KY862062_DELIM-IOWJMTKQUXKVSUATGZZX_NL63_DELIM-IOWJMTKQUXKVSUATGZZX_FRA_EPI_DELIM-IOWJMTKQUXKVSUATGZZX_Caen_DELIM-IOWJMTKQUXKVSUATGZZX_2012_DELIM-IOWJMTKQUXKVSUATGZZX_13_DELIM-IOWJMTKQUXKVSUATGZZX_2012 but kept for subsequent analysis
NOTE: nl63_DELIM-IOWJMTKQUXKVSUATGZZX_KM055596_DELIM-IOWJMTKQUXKVSUATGZZX_277A_2007_DELIM-IOWJMTKQUXKVSUATGZZX_2007 is identical to nl63_DELIM-IOWJMTKQUXKVSUATGZZX_KM055594_DELIM-IOWJMTKQUXKVSUATGZZX_225A_2007_DELIM-IOWJMTKQUXKVSUATGZZX_2007 but kept for subsequent analysis
NOTE: nl63_DELIM-IOWJMTKQUXKVSUATGZZX_KT359831_DELIM-IOWJMTKQUXKVSUATGZZX_12MYKL0630_DELIM-IOWJMTKQUXKVSUATGZZX_2012 is identical to nl63_DELIM-IOWJMTKQUXKVSUATGZZX_KT359830_DELIM-IOWJMTKQUXKVSUATGZZX_12MYKL0482_DELIM-IOWJMTKQUXKVSUATGZZX_2012 but kept for subsequent analysis
NOTE: nl63_DELIM-IOWJMTKQUXKVSUATGZZX_KT359848_DELIM-IOWJMTKQUXKVSUATGZZX_12MYKL0967_DELIM-IOWJMTKQUXKVSUATGZZX_2012 is identical to nl63_DELIM-IOWJMTKQUXKVSUATGZZX_KT359842_DELIM-IOWJMTKQUXKVSUATGZZX_12MYKL0863_DELIM-IOWJMTKQUXKVSUATGZZX_2012 but kept for subsequent analysis
NOTE: nl63_DELIM-IOWJMTKQUXKVSUATGZZX_KM055610_DELIM-IOWJMTKQUXKVSUATGZZX_2093A_2010_DELIM-IOWJMTKQUXKVSUATGZZX_2010 is identical to nl63_DELIM-IOWJMTKQUXKVSUATGZZX_KM055607_DELIM-IOWJMTKQUXKVSUATGZZX_1014A_2008_DELIM-IOWJMTKQUXKVSUATGZZX_2008 but kept for subsequent analysis
NOTE: nl63_DELIM-IOWJMTKQUXKVSUATGZZX_KM055599_DELIM-IOWJMTKQUXKVSUATGZZX_930A_2008_DELIM-IOWJMTKQUXKVSUATGZZX_2008 is identical to nl63_DELIM-IOWJMTKQUXKVSUATGZZX_KM055609_DELIM-IOWJMTKQUXKVSUATGZZX_1093A_2008_DELIM-IOWJMTKQUXKVSUATGZZX_2008 but kept for subsequent analysis
NOTE: nl63_DELIM-IOWJMTKQUXKVSUATGZZX_KT359836_DELIM-IOWJMTKQUXKVSUATGZZX_12MYKL0779_DELIM-IOWJMTKQUXKVSUATGZZX_2012 is identical to nl63_DELIM-IOWJMTKQUXKVSUATGZZX_KT359835_DELIM-IOWJMTKQUXKVSUATGZZX_12MYKL0750_DELIM-IOWJMTKQUXKVSUATGZZX_2012 but kept for subsequent analysis
NOTE: nl63_DELIM-IOWJMTKQUXKVSUATGZZX_KM055605_DELIM-IOWJMTKQUXKVSUATGZZX_996A_2008_DELIM-IOWJMTKQUXKVSUATGZZX_2008 is identical to nl63_DELIM-IOWJMTKQUXKVSUATGZZX_KM055604_DELIM-IOWJMTKQUXKVSUATGZZX_990A_2008_DELIM-IOWJMTKQUXKVSUATGZZX_2008 but kept for subsequent analysis
NOTE: nl63_DELIM-IOWJMTKQUXKVSUATGZZX_KT359862_DELIM-IOWJMTKQUXKVSUATGZZX_12MYKL1253_DELIM-IOWJMTKQUXKVSUATGZZX_2012 is identical to nl63_DELIM-IOWJMTKQUXKVSUATGZZX_KT359838_DELIM-IOWJMTKQUXKVSUATGZZX_12MYKL0802_DELIM-IOWJMTKQUXKVSUATGZZX_2012 but kept for subsequent analysis
Checking for duplicate sequences: done in 0.000540018 secs using 84.44% CPU
Identifying sites to remove: done in 0.000928164 secs using 98.69% CPU
NOTE: 67 identical sequences (see below) will be ignored for subsequent analysis
NOTE: nl63_DELIM-IOWJMTKQUXKVSUATGZZX_KF530111_DELIM-IOWJMTKQUXKVSUATGZZX_NL63_DELIM-IOWJMTKQUXKVSUATGZZX_human_DELIM-IOWJMTKQUXKVSUATGZZX_USA_DELIM-IOWJMTKQUXKVSUATGZZX_901_24_DELIM-IOWJMTKQUXKVSUATGZZX_1990_DELIM-IOWJMTKQUXKVSUATGZZX_1990 (identical to nl63_DELIM-IOWJMTKQUXKVSUATGZZX_JQ900259_DELIM-IOWJMTKQUXKVSUATGZZX_NL63_DELIM-IOWJMTKQUXKVSUATGZZX_DEN_DELIM-IOWJMTKQUXKVSUATGZZX_2005_DELIM-IOWJMTKQUXKVSUATGZZX_449_DELIM-IOWJMTKQUXKVSUATGZZX_2005) is ignored but added at the end
NOTE: nl63_DELIM-IOWJMTKQUXKVSUATGZZX_KF530109_DELIM-IOWJMTKQUXKVSUATGZZX_NL63_DELIM-IOWJMTKQUXKVSUATGZZX_human_DELIM-IOWJMTKQUXKVSUATGZZX_USA_DELIM-IOWJMTKQUXKVSUATGZZX_903_28_DELIM-IOWJMTKQUXKVSUATGZZX_1990_DELIM-IOWJMTKQUXKVSUATGZZX_1990 (identical to nl63_DELIM-IOWJMTKQUXKVSUATGZZX_JQ900259_DELIM-IOWJMTKQUXKVSUATGZZX_NL63_DELIM-IOWJMTKQUXKVSUATGZZX_DEN_DELIM-IOWJMTKQUXKVSUATGZZX_2005_DELIM-IOWJMTKQUXKVSUATGZZX_449_DELIM-IOWJMTKQUXKVSUATGZZX_2005) is ignored but added at the end
NOTE: nl63_DELIM-IOWJMTKQUXKVSUATGZZX_KF530104_DELIM-IOWJMTKQUXKVSUATGZZX_NL63_DELIM-IOWJMTKQUXKVSUATGZZX_human_DELIM-IOWJMTKQUXKVSUATGZZX_USA_DELIM-IOWJMTKQUXKVSUATGZZX_904_20_DELIM-IOWJMTKQUXKVSUATGZZX_1990_DELIM-IOWJMTKQUXKVSUATGZZX_1990 (identical to nl63_DELIM-IOWJMTKQUXKVSUATGZZX_JQ900259_DELIM-IOWJMTKQUXKVSUATGZZX_NL63_DELIM-IOWJMTKQUXKVSUATGZZX_DEN_DELIM-IOWJMTKQUXKVSUATGZZX_2005_DELIM-IOWJMTKQUXKVSUATGZZX_449_DELIM-IOWJMTKQUXKVSUATGZZX_2005) is ignored but added at the end
NOTE: nl63_DELIM-IOWJMTKQUXKVSUATGZZX_KF530113_DELIM-IOWJMTKQUXKVSUATGZZX_NL63_DELIM-IOWJMTKQUXKVSUATGZZX_human_DELIM-IOWJMTKQUXKVSUATGZZX_USA_DELIM-IOWJMTKQUXKVSUATGZZX_905_25_DELIM-IOWJMTKQUXKVSUATGZZX_1990_DELIM-IOWJMTKQUXKVSUATGZZX_1990 (identical to nl63_DELIM-IOWJMTKQUXKVSUATGZZX_JQ900259_DELIM-IOWJMTKQUXKVSUATGZZX_NL63_DELIM-IOWJMTKQUXKVSUATGZZX_DEN_DELIM-IOWJMTKQUXKVSUATGZZX_2005_DELIM-IOWJMTKQUXKVSUATGZZX_449_DELIM-IOWJMTKQUXKVSUATGZZX_2005) is ignored but added at the end
NOTE: nl63_DELIM-IOWJMTKQUXKVSUATGZZX_JX504050_DELIM-IOWJMTKQUXKVSUATGZZX_NL63_DELIM-IOWJMTKQUXKVSUATGZZX_RPTEC_DELIM-IOWJMTKQUXKVSUATGZZX_2004_DELIM-IOWJMTKQUXKVSUATGZZX_2004 (identical to nl63_DELIM-IOWJMTKQUXKVSUATGZZX_JQ900259_DELIM-IOWJMTKQUXKVSUATGZZX_NL63_DELIM-IOWJMTKQUXKVSUATGZZX_DEN_DELIM-IOWJMTKQUXKVSUATGZZX_2005_DELIM-IOWJMTKQUXKVSUATGZZX_449_DELIM-IOWJMTKQUXKVSUATGZZX_2005) is ignored but added at the end
NOTE: nl63_DELIM-IOWJMTKQUXKVSUATGZZX_KY554971_DELIM-IOWJMTKQUXKVSUATGZZX_N07_468B_176X_DELIM-IOWJMTKQUXKVSUATGZZX_2016 (identical to nl63_DELIM-IOWJMTKQUXKVSUATGZZX_KY554969_DELIM-IOWJMTKQUXKVSUATGZZX_N07_196B_DELIM-IOWJMTKQUXKVSUATGZZX_2016) is ignored but added at the end
NOTE: nl63_DELIM-IOWJMTKQUXKVSUATGZZX_KM055593_DELIM-IOWJMTKQUXKVSUATGZZX_197A_2007_DELIM-IOWJMTKQUXKVSUATGZZX_2007 (identical to nl63_DELIM-IOWJMTKQUXKVSUATGZZX_KM055591_DELIM-IOWJMTKQUXKVSUATGZZX_180A_2007_DELIM-IOWJMTKQUXKVSUATGZZX_2007) is ignored but added at the end
NOTE: nl63_DELIM-IOWJMTKQUXKVSUATGZZX_KM055597_DELIM-IOWJMTKQUXKVSUATGZZX_374A_2007_DELIM-IOWJMTKQUXKVSUATGZZX_2007 (identical to nl63_DELIM-IOWJMTKQUXKVSUATGZZX_KM055591_DELIM-IOWJMTKQUXKVSUATGZZX_180A_2007_DELIM-IOWJMTKQUXKVSUATGZZX_2007) is ignored but added at the end
NOTE: nl63_DELIM-IOWJMTKQUXKVSUATGZZX_KY554967_DELIM-IOWJMTKQUXKVSUATGZZX_N06_1144B_DELIM-IOWJMTKQUXKVSUATGZZX_2016 (identical to nl63_DELIM-IOWJMTKQUXKVSUATGZZX_KM055591_DELIM-IOWJMTKQUXKVSUATGZZX_180A_2007_DELIM-IOWJMTKQUXKVSUATGZZX_2007) is ignored but added at the end
NOTE: nl63_DELIM-IOWJMTKQUXKVSUATGZZX_KY554968_DELIM-IOWJMTKQUXKVSUATGZZX_N07_185B_DELIM-IOWJMTKQUXKVSUATGZZX_2016 (identical to nl63_DELIM-IOWJMTKQUXKVSUATGZZX_KM055591_DELIM-IOWJMTKQUXKVSUATGZZX_180A_2007_DELIM-IOWJMTKQUXKVSUATGZZX_2007) is ignored but added at the end
NOTE: nl63_DELIM-IOWJMTKQUXKVSUATGZZX_KY554970_DELIM-IOWJMTKQUXKVSUATGZZX_N07_324B_182X_DELIM-IOWJMTKQUXKVSUATGZZX_2016 (identical to nl63_DELIM-IOWJMTKQUXKVSUATGZZX_KM055591_DELIM-IOWJMTKQUXKVSUATGZZX_180A_2007_DELIM-IOWJMTKQUXKVSUATGZZX_2007) is ignored but added at the end
NOTE: nl63_DELIM-IOWJMTKQUXKVSUATGZZX_KY674916_DELIM-IOWJMTKQUXKVSUATGZZX_N07_64B_DELIM-IOWJMTKQUXKVSUATGZZX_2016 (identical to nl63_DELIM-IOWJMTKQUXKVSUATGZZX_KM055591_DELIM-IOWJMTKQUXKVSUATGZZX_180A_2007_DELIM-IOWJMTKQUXKVSUATGZZX_2007) is ignored but added at the end
NOTE: nl63_DELIM-IOWJMTKQUXKVSUATGZZX_KY674915_DELIM-IOWJMTKQUXKVSUATGZZX_N07_6B_DELIM-IOWJMTKQUXKVSUATGZZX_2016 (identical to nl63_DELIM-IOWJMTKQUXKVSUATGZZX_KM055591_DELIM-IOWJMTKQUXKVSUATGZZX_180A_2007_DELIM-IOWJMTKQUXKVSUATGZZX_2007) is ignored but added at the end
NOTE: nl63_DELIM-IOWJMTKQUXKVSUATGZZX_JQ765569_DELIM-IOWJMTKQUXKVSUATGZZX_NL63_DELIM-IOWJMTKQUXKVSUATGZZX_DEN_DELIM-IOWJMTKQUXKVSUATGZZX_2005_DELIM-IOWJMTKQUXKVSUATGZZX_232_DELIM-IOWJMTKQUXKVSUATGZZX_2005 (identical to nl63_DELIM-IOWJMTKQUXKVSUATGZZX_KM055591_DELIM-IOWJMTKQUXKVSUATGZZX_180A_2007_DELIM-IOWJMTKQUXKVSUATGZZX_2007) is ignored but added at the end
NOTE: nl63_DELIM-IOWJMTKQUXKVSUATGZZX_JQ900258_DELIM-IOWJMTKQUXKVSUATGZZX_NL63_DELIM-IOWJMTKQUXKVSUATGZZX_DEN_DELIM-IOWJMTKQUXKVSUATGZZX_2005_DELIM-IOWJMTKQUXKVSUATGZZX_291_DELIM-IOWJMTKQUXKVSUATGZZX_2005 (identical to nl63_DELIM-IOWJMTKQUXKVSUATGZZX_KM055591_DELIM-IOWJMTKQUXKVSUATGZZX_180A_2007_DELIM-IOWJMTKQUXKVSUATGZZX_2007) is ignored but added at the end
NOTE: nl63_DELIM-IOWJMTKQUXKVSUATGZZX_JQ765566_DELIM-IOWJMTKQUXKVSUATGZZX_NL63_DELIM-IOWJMTKQUXKVSUATGZZX_DEN_DELIM-IOWJMTKQUXKVSUATGZZX_2008_DELIM-IOWJMTKQUXKVSUATGZZX_16_DELIM-IOWJMTKQUXKVSUATGZZX_2008 (identical to nl63_DELIM-IOWJMTKQUXKVSUATGZZX_KM055591_DELIM-IOWJMTKQUXKVSUATGZZX_180A_2007_DELIM-IOWJMTKQUXKVSUATGZZX_2007) is ignored but added at the end
NOTE: nl63_DELIM-IOWJMTKQUXKVSUATGZZX_JQ765567_DELIM-IOWJMTKQUXKVSUATGZZX_NL63_DELIM-IOWJMTKQUXKVSUATGZZX_DEN_DELIM-IOWJMTKQUXKVSUATGZZX_2009_DELIM-IOWJMTKQUXKVSUATGZZX_20_DELIM-IOWJMTKQUXKVSUATGZZX_2009 (identical to nl63_DELIM-IOWJMTKQUXKVSUATGZZX_KM055591_DELIM-IOWJMTKQUXKVSUATGZZX_180A_2007_DELIM-IOWJMTKQUXKVSUATGZZX_2007) is ignored but added at the end
NOTE: nl63_DELIM-IOWJMTKQUXKVSUATGZZX_KY862068_DELIM-IOWJMTKQUXKVSUATGZZX_NL63_DELIM-IOWJMTKQUXKVSUATGZZX_FRA_EPI_DELIM-IOWJMTKQUXKVSUATGZZX_Caen_DELIM-IOWJMTKQUXKVSUATGZZX_2009_DELIM-IOWJMTKQUXKVSUATGZZX_07_DELIM-IOWJMTKQUXKVSUATGZZX_2009 (identical to nl63_DELIM-IOWJMTKQUXKVSUATGZZX_KM055591_DELIM-IOWJMTKQUXKVSUATGZZX_180A_2007_DELIM-IOWJMTKQUXKVSUATGZZX_2007) is ignored but added at the end
NOTE: nl63_DELIM-IOWJMTKQUXKVSUATGZZX_KY862067_DELIM-IOWJMTKQUXKVSUATGZZX_NL63_DELIM-IOWJMTKQUXKVSUATGZZX_FRA_EPI_DELIM-IOWJMTKQUXKVSUATGZZX_Caen_DELIM-IOWJMTKQUXKVSUATGZZX_2009_DELIM-IOWJMTKQUXKVSUATGZZX_08_DELIM-IOWJMTKQUXKVSUATGZZX_2009 (identical to nl63_DELIM-IOWJMTKQUXKVSUATGZZX_KM055591_DELIM-IOWJMTKQUXKVSUATGZZX_180A_2007_DELIM-IOWJMTKQUXKVSUATGZZX_2007) is ignored but added at the end
NOTE: nl63_DELIM-IOWJMTKQUXKVSUATGZZX_KY862058_DELIM-IOWJMTKQUXKVSUATGZZX_NL63_DELIM-IOWJMTKQUXKVSUATGZZX_FRA_EPI_DELIM-IOWJMTKQUXKVSUATGZZX_Caen_DELIM-IOWJMTKQUXKVSUATGZZX_2014_DELIM-IOWJMTKQUXKVSUATGZZX_17_DELIM-IOWJMTKQUXKVSUATGZZX_2014 (identical to nl63_DELIM-IOWJMTKQUXKVSUATGZZX_KM055591_DELIM-IOWJMTKQUXKVSUATGZZX_180A_2007_DELIM-IOWJMTKQUXKVSUATGZZX_2007) is ignored but added at the end
NOTE: nl63_DELIM-IOWJMTKQUXKVSUATGZZX_KF530112_DELIM-IOWJMTKQUXKVSUATGZZX_NL63_DELIM-IOWJMTKQUXKVSUATGZZX_human_DELIM-IOWJMTKQUXKVSUATGZZX_USA_DELIM-IOWJMTKQUXKVSUATGZZX_0111_25_DELIM-IOWJMTKQUXKVSUATGZZX_2001_DELIM-IOWJMTKQUXKVSUATGZZX_2001 (identical to nl63_DELIM-IOWJMTKQUXKVSUATGZZX_KM055591_DELIM-IOWJMTKQUXKVSUATGZZX_180A_2007_DELIM-IOWJMTKQUXKVSUATGZZX_2007) is ignored but added at the end
NOTE: nl63_DELIM-IOWJMTKQUXKVSUATGZZX_KU521535_DELIM-IOWJMTKQUXKVSUATGZZX_NL63_DELIM-IOWJMTKQUXKVSUATGZZX_UF_2_DELIM-IOWJMTKQUXKVSUATGZZX_2015_DELIM-IOWJMTKQUXKVSUATGZZX_2015 (identical to nl63_DELIM-IOWJMTKQUXKVSUATGZZX_KM055591_DELIM-IOWJMTKQUXKVSUATGZZX_180A_2007_DELIM-IOWJMTKQUXKVSUATGZZX_2007) is ignored but added at the end
NOTE: nl63_DELIM-IOWJMTKQUXKVSUATGZZX_KX179500_DELIM-IOWJMTKQUXKVSUATGZZX_NL63_DELIM-IOWJMTKQUXKVSUATGZZX_UF_2_DELIM-IOWJMTKQUXKVSUATGZZX_2015_DELIM-IOWJMTKQUXKVSUATGZZX_2015 (identical to nl63_DELIM-IOWJMTKQUXKVSUATGZZX_KY862062_DELIM-IOWJMTKQUXKVSUATGZZX_NL63_DELIM-IOWJMTKQUXKVSUATGZZX_FRA_EPI_DELIM-IOWJMTKQUXKVSUATGZZX_Caen_DELIM-IOWJMTKQUXKVSUATGZZX_2012_DELIM-IOWJMTKQUXKVSUATGZZX_13_DELIM-IOWJMTKQUXKVSUATGZZX_2012) is ignored but added at the end
NOTE: nl63_DELIM-IOWJMTKQUXKVSUATGZZX_KT359832_DELIM-IOWJMTKQUXKVSUATGZZX_12MYKL0719_DELIM-IOWJMTKQUXKVSUATGZZX_2012 (identical to nl63_DELIM-IOWJMTKQUXKVSUATGZZX_KT359830_DELIM-IOWJMTKQUXKVSUATGZZX_12MYKL0482_DELIM-IOWJMTKQUXKVSUATGZZX_2012) is ignored but added at the end
NOTE: nl63_DELIM-IOWJMTKQUXKVSUATGZZX_KT359833_DELIM-IOWJMTKQUXKVSUATGZZX_12MYKL0730_DELIM-IOWJMTKQUXKVSUATGZZX_2012 (identical to nl63_DELIM-IOWJMTKQUXKVSUATGZZX_KT359830_DELIM-IOWJMTKQUXKVSUATGZZX_12MYKL0482_DELIM-IOWJMTKQUXKVSUATGZZX_2012) is ignored but added at the end
NOTE: nl63_DELIM-IOWJMTKQUXKVSUATGZZX_KT359834_DELIM-IOWJMTKQUXKVSUATGZZX_12MYKL0736_DELIM-IOWJMTKQUXKVSUATGZZX_2012 (identical to nl63_DELIM-IOWJMTKQUXKVSUATGZZX_KT359830_DELIM-IOWJMTKQUXKVSUATGZZX_12MYKL0482_DELIM-IOWJMTKQUXKVSUATGZZX_2012) is ignored but added at the end
NOTE: nl63_DELIM-IOWJMTKQUXKVSUATGZZX_KT359840_DELIM-IOWJMTKQUXKVSUATGZZX_12MYKL0813_DELIM-IOWJMTKQUXKVSUATGZZX_2012 (identical to nl63_DELIM-IOWJMTKQUXKVSUATGZZX_KT359830_DELIM-IOWJMTKQUXKVSUATGZZX_12MYKL0482_DELIM-IOWJMTKQUXKVSUATGZZX_2012) is ignored but added at the end
NOTE: nl63_DELIM-IOWJMTKQUXKVSUATGZZX_KT359841_DELIM-IOWJMTKQUXKVSUATGZZX_12MYKL0862_DELIM-IOWJMTKQUXKVSUATGZZX_2012 (identical to nl63_DELIM-IOWJMTKQUXKVSUATGZZX_KT359830_DELIM-IOWJMTKQUXKVSUATGZZX_12MYKL0482_DELIM-IOWJMTKQUXKVSUATGZZX_2012) is ignored but added at the end
NOTE: nl63_DELIM-IOWJMTKQUXKVSUATGZZX_KT359843_DELIM-IOWJMTKQUXKVSUATGZZX_12MYKL0865_DELIM-IOWJMTKQUXKVSUATGZZX_2012 (identical to nl63_DELIM-IOWJMTKQUXKVSUATGZZX_KT359830_DELIM-IOWJMTKQUXKVSUATGZZX_12MYKL0482_DELIM-IOWJMTKQUXKVSUATGZZX_2012) is ignored but added at the end
NOTE: nl63_DELIM-IOWJMTKQUXKVSUATGZZX_KT359845_DELIM-IOWJMTKQUXKVSUATGZZX_12MYKL0903_DELIM-IOWJMTKQUXKVSUATGZZX_2012 (identical to nl63_DELIM-IOWJMTKQUXKVSUATGZZX_KT359830_DELIM-IOWJMTKQUXKVSUATGZZX_12MYKL0482_DELIM-IOWJMTKQUXKVSUATGZZX_2012) is ignored but added at the end
NOTE: nl63_DELIM-IOWJMTKQUXKVSUATGZZX_KT359847_DELIM-IOWJMTKQUXKVSUATGZZX_12MYKL0964_DELIM-IOWJMTKQUXKVSUATGZZX_2012 (identical to nl63_DELIM-IOWJMTKQUXKVSUATGZZX_KT359830_DELIM-IOWJMTKQUXKVSUATGZZX_12MYKL0482_DELIM-IOWJMTKQUXKVSUATGZZX_2012) is ignored but added at the end
NOTE: nl63_DELIM-IOWJMTKQUXKVSUATGZZX_KT359849_DELIM-IOWJMTKQUXKVSUATGZZX_12MYKL1002_DELIM-IOWJMTKQUXKVSUATGZZX_2012 (identical to nl63_DELIM-IOWJMTKQUXKVSUATGZZX_KT359830_DELIM-IOWJMTKQUXKVSUATGZZX_12MYKL0482_DELIM-IOWJMTKQUXKVSUATGZZX_2012) is ignored but added at the end
NOTE: nl63_DELIM-IOWJMTKQUXKVSUATGZZX_KT359850_DELIM-IOWJMTKQUXKVSUATGZZX_12MYKL1007_DELIM-IOWJMTKQUXKVSUATGZZX_2012 (identical to nl63_DELIM-IOWJMTKQUXKVSUATGZZX_KT359830_DELIM-IOWJMTKQUXKVSUATGZZX_12MYKL0482_DELIM-IOWJMTKQUXKVSUATGZZX_2012) is ignored but added at the end
NOTE: nl63_DELIM-IOWJMTKQUXKVSUATGZZX_KT359852_DELIM-IOWJMTKQUXKVSUATGZZX_12MYKL1055_DELIM-IOWJMTKQUXKVSUATGZZX_2012 (identical to nl63_DELIM-IOWJMTKQUXKVSUATGZZX_KT359830_DELIM-IOWJMTKQUXKVSUATGZZX_12MYKL0482_DELIM-IOWJMTKQUXKVSUATGZZX_2012) is ignored but added at the end
NOTE: nl63_DELIM-IOWJMTKQUXKVSUATGZZX_KT359857_DELIM-IOWJMTKQUXKVSUATGZZX_12MYKL1193_DELIM-IOWJMTKQUXKVSUATGZZX_2012 (identical to nl63_DELIM-IOWJMTKQUXKVSUATGZZX_KT359830_DELIM-IOWJMTKQUXKVSUATGZZX_12MYKL0482_DELIM-IOWJMTKQUXKVSUATGZZX_2012) is ignored but added at the end
NOTE: nl63_DELIM-IOWJMTKQUXKVSUATGZZX_KT359859_DELIM-IOWJMTKQUXKVSUATGZZX_12MYKL1197_DELIM-IOWJMTKQUXKVSUATGZZX_2012 (identical to nl63_DELIM-IOWJMTKQUXKVSUATGZZX_KT359830_DELIM-IOWJMTKQUXKVSUATGZZX_12MYKL0482_DELIM-IOWJMTKQUXKVSUATGZZX_2012) is ignored but added at the end
NOTE: nl63_DELIM-IOWJMTKQUXKVSUATGZZX_KT359861_DELIM-IOWJMTKQUXKVSUATGZZX_12MYKL1238_DELIM-IOWJMTKQUXKVSUATGZZX_2012 (identical to nl63_DELIM-IOWJMTKQUXKVSUATGZZX_KT359830_DELIM-IOWJMTKQUXKVSUATGZZX_12MYKL0482_DELIM-IOWJMTKQUXKVSUATGZZX_2012) is ignored but added at the end
NOTE: nl63_DELIM-IOWJMTKQUXKVSUATGZZX_KT359863_DELIM-IOWJMTKQUXKVSUATGZZX_12MYKL1288_DELIM-IOWJMTKQUXKVSUATGZZX_2012 (identical to nl63_DELIM-IOWJMTKQUXKVSUATGZZX_KT359830_DELIM-IOWJMTKQUXKVSUATGZZX_12MYKL0482_DELIM-IOWJMTKQUXKVSUATGZZX_2012) is ignored but added at the end
NOTE: nl63_DELIM-IOWJMTKQUXKVSUATGZZX_KT359867_DELIM-IOWJMTKQUXKVSUATGZZX_12MYKL1528_DELIM-IOWJMTKQUXKVSUATGZZX_2012 (identical to nl63_DELIM-IOWJMTKQUXKVSUATGZZX_KT359830_DELIM-IOWJMTKQUXKVSUATGZZX_12MYKL0482_DELIM-IOWJMTKQUXKVSUATGZZX_2012) is ignored but added at the end
NOTE: nl63_DELIM-IOWJMTKQUXKVSUATGZZX_KT359868_DELIM-IOWJMTKQUXKVSUATGZZX_13MYKL1791_DELIM-IOWJMTKQUXKVSUATGZZX_2013 (identical to nl63_DELIM-IOWJMTKQUXKVSUATGZZX_KT359842_DELIM-IOWJMTKQUXKVSUATGZZX_12MYKL0863_DELIM-IOWJMTKQUXKVSUATGZZX_2012) is ignored but added at the end
NOTE: nl63_DELIM-IOWJMTKQUXKVSUATGZZX_MG428703_DELIM-IOWJMTKQUXKVSUATGZZX_Kilifi_HH_0511_01_Jun_2010_DELIM-IOWJMTKQUXKVSUATGZZX_2010 (identical to nl63_DELIM-IOWJMTKQUXKVSUATGZZX_KM055607_DELIM-IOWJMTKQUXKVSUATGZZX_1014A_2008_DELIM-IOWJMTKQUXKVSUATGZZX_2008) is ignored but added at the end
NOTE: nl63_DELIM-IOWJMTKQUXKVSUATGZZX_MG428701_DELIM-IOWJMTKQUXKVSUATGZZX_Kilifi_HH_0512_04_Jun_2010_DELIM-IOWJMTKQUXKVSUATGZZX_2010 (identical to nl63_DELIM-IOWJMTKQUXKVSUATGZZX_KM055607_DELIM-IOWJMTKQUXKVSUATGZZX_1014A_2008_DELIM-IOWJMTKQUXKVSUATGZZX_2008) is ignored but added at the end
NOTE: nl63_DELIM-IOWJMTKQUXKVSUATGZZX_MG428700_DELIM-IOWJMTKQUXKVSUATGZZX_Kilifi_HH_1602_01_Jun_2010_DELIM-IOWJMTKQUXKVSUATGZZX_2010 (identical to nl63_DELIM-IOWJMTKQUXKVSUATGZZX_KM055607_DELIM-IOWJMTKQUXKVSUATGZZX_1014A_2008_DELIM-IOWJMTKQUXKVSUATGZZX_2008) is ignored but added at the end
NOTE: nl63_DELIM-IOWJMTKQUXKVSUATGZZX_MG428702_DELIM-IOWJMTKQUXKVSUATGZZX_Kilifi_HH_3807_11_May_2010_DELIM-IOWJMTKQUXKVSUATGZZX_2010 (identical to nl63_DELIM-IOWJMTKQUXKVSUATGZZX_KM055607_DELIM-IOWJMTKQUXKVSUATGZZX_1014A_2008_DELIM-IOWJMTKQUXKVSUATGZZX_2008) is ignored but added at the end
NOTE: nl63_DELIM-IOWJMTKQUXKVSUATGZZX_MG428706_DELIM-IOWJMTKQUXKVSUATGZZX_Kilifi_HH_3808_24_May_2010_DELIM-IOWJMTKQUXKVSUATGZZX_2010 (identical to nl63_DELIM-IOWJMTKQUXKVSUATGZZX_KM055607_DELIM-IOWJMTKQUXKVSUATGZZX_1014A_2008_DELIM-IOWJMTKQUXKVSUATGZZX_2008) is ignored but added at the end
NOTE: nl63_DELIM-IOWJMTKQUXKVSUATGZZX_MG428707_DELIM-IOWJMTKQUXKVSUATGZZX_Kilifi_HH_5401_20_May_2010_DELIM-IOWJMTKQUXKVSUATGZZX_2010 (identical to nl63_DELIM-IOWJMTKQUXKVSUATGZZX_KM055607_DELIM-IOWJMTKQUXKVSUATGZZX_1014A_2008_DELIM-IOWJMTKQUXKVSUATGZZX_2008) is ignored but added at the end
NOTE: nl63_DELIM-IOWJMTKQUXKVSUATGZZX_MG428704_DELIM-IOWJMTKQUXKVSUATGZZX_Kilifi_HH_5402_20_May_2010_DELIM-IOWJMTKQUXKVSUATGZZX_2010 (identical to nl63_DELIM-IOWJMTKQUXKVSUATGZZX_KM055607_DELIM-IOWJMTKQUXKVSUATGZZX_1014A_2008_DELIM-IOWJMTKQUXKVSUATGZZX_2008) is ignored but added at the end
NOTE: nl63_DELIM-IOWJMTKQUXKVSUATGZZX_MG428699_DELIM-IOWJMTKQUXKVSUATGZZX_Kilifi_HH_5709_19_May_2010_DELIM-IOWJMTKQUXKVSUATGZZX_2010 (identical to nl63_DELIM-IOWJMTKQUXKVSUATGZZX_KM055607_DELIM-IOWJMTKQUXKVSUATGZZX_1014A_2008_DELIM-IOWJMTKQUXKVSUATGZZX_2008) is ignored but added at the end
NOTE: nl63_DELIM-IOWJMTKQUXKVSUATGZZX_KM055600_DELIM-IOWJMTKQUXKVSUATGZZX_940A_2008_DELIM-IOWJMTKQUXKVSUATGZZX_2008 (identical to nl63_DELIM-IOWJMTKQUXKVSUATGZZX_KM055609_DELIM-IOWJMTKQUXKVSUATGZZX_1093A_2008_DELIM-IOWJMTKQUXKVSUATGZZX_2008) is ignored but added at the end
NOTE: nl63_DELIM-IOWJMTKQUXKVSUATGZZX_KM055601_DELIM-IOWJMTKQUXKVSUATGZZX_945A_2008_DELIM-IOWJMTKQUXKVSUATGZZX_2008 (identical to nl63_DELIM-IOWJMTKQUXKVSUATGZZX_KM055609_DELIM-IOWJMTKQUXKVSUATGZZX_1093A_2008_DELIM-IOWJMTKQUXKVSUATGZZX_2008) is ignored but added at the end
NOTE: nl63_DELIM-IOWJMTKQUXKVSUATGZZX_KM055603_DELIM-IOWJMTKQUXKVSUATGZZX_971A_2008_DELIM-IOWJMTKQUXKVSUATGZZX_2008 (identical to nl63_DELIM-IOWJMTKQUXKVSUATGZZX_KM055609_DELIM-IOWJMTKQUXKVSUATGZZX_1093A_2008_DELIM-IOWJMTKQUXKVSUATGZZX_2008) is ignored but added at the end
NOTE: nl63_DELIM-IOWJMTKQUXKVSUATGZZX_KM055606_DELIM-IOWJMTKQUXKVSUATGZZX_997A_2008_DELIM-IOWJMTKQUXKVSUATGZZX_2008 (identical to nl63_DELIM-IOWJMTKQUXKVSUATGZZX_KM055609_DELIM-IOWJMTKQUXKVSUATGZZX_1093A_2008_DELIM-IOWJMTKQUXKVSUATGZZX_2008) is ignored but added at the end
NOTE: nl63_DELIM-IOWJMTKQUXKVSUATGZZX_JX104161_DELIM-IOWJMTKQUXKVSUATGZZX_CBJ_037_DELIM-IOWJMTKQUXKVSUATGZZX_2008 (identical to nl63_DELIM-IOWJMTKQUXKVSUATGZZX_KM055609_DELIM-IOWJMTKQUXKVSUATGZZX_1093A_2008_DELIM-IOWJMTKQUXKVSUATGZZX_2008) is ignored but added at the end
NOTE: nl63_DELIM-IOWJMTKQUXKVSUATGZZX_JX524171_DELIM-IOWJMTKQUXKVSUATGZZX_CBJ123_DELIM-IOWJMTKQUXKVSUATGZZX_2009 (identical to nl63_DELIM-IOWJMTKQUXKVSUATGZZX_KM055609_DELIM-IOWJMTKQUXKVSUATGZZX_1093A_2008_DELIM-IOWJMTKQUXKVSUATGZZX_2008) is ignored but added at the end
NOTE: nl63_DELIM-IOWJMTKQUXKVSUATGZZX_MK334045_DELIM-IOWJMTKQUXKVSUATGZZX_ChinaGD05_DELIM-IOWJMTKQUXKVSUATGZZX_2018 (identical to nl63_DELIM-IOWJMTKQUXKVSUATGZZX_KM055609_DELIM-IOWJMTKQUXKVSUATGZZX_1093A_2008_DELIM-IOWJMTKQUXKVSUATGZZX_2008) is ignored but added at the end
NOTE: nl63_DELIM-IOWJMTKQUXKVSUATGZZX_KT266906_DELIM-IOWJMTKQUXKVSUATGZZX_HCoV_NL63_DELIM-IOWJMTKQUXKVSUATGZZX_Haiti_1_DELIM-IOWJMTKQUXKVSUATGZZX_2015_DELIM-IOWJMTKQUXKVSUATGZZX_2015 (identical to nl63_DELIM-IOWJMTKQUXKVSUATGZZX_KM055609_DELIM-IOWJMTKQUXKVSUATGZZX_1093A_2008_DELIM-IOWJMTKQUXKVSUATGZZX_2008) is ignored but added at the end
NOTE: nl63_DELIM-IOWJMTKQUXKVSUATGZZX_MN306018_DELIM-IOWJMTKQUXKVSUATGZZX_HCoV_NL63_DELIM-IOWJMTKQUXKVSUATGZZX_Seattle_DELIM-IOWJMTKQUXKVSUATGZZX_USA_DELIM-IOWJMTKQUXKVSUATGZZX_SC0179_DELIM-IOWJMTKQUXKVSUATGZZX_2018_DELIM-IOWJMTKQUXKVSUATGZZX_2018 (identical to nl63_DELIM-IOWJMTKQUXKVSUATGZZX_KM055609_DELIM-IOWJMTKQUXKVSUATGZZX_1093A_2008_DELIM-IOWJMTKQUXKVSUATGZZX_2008) is ignored but added at the end
NOTE: nl63_DELIM-IOWJMTKQUXKVSUATGZZX_KY862059_DELIM-IOWJMTKQUXKVSUATGZZX_NL63_DELIM-IOWJMTKQUXKVSUATGZZX_FRA_EPI_DELIM-IOWJMTKQUXKVSUATGZZX_Caen_DELIM-IOWJMTKQUXKVSUATGZZX_2013_DELIM-IOWJMTKQUXKVSUATGZZX_16_DELIM-IOWJMTKQUXKVSUATGZZX_2013 (identical to nl63_DELIM-IOWJMTKQUXKVSUATGZZX_KM055609_DELIM-IOWJMTKQUXKVSUATGZZX_1093A_2008_DELIM-IOWJMTKQUXKVSUATGZZX_2008) is ignored but added at the end
NOTE: nl63_DELIM-IOWJMTKQUXKVSUATGZZX_KX179497_DELIM-IOWJMTKQUXKVSUATGZZX_NL63_DELIM-IOWJMTKQUXKVSUATGZZX_Haiti_2_DELIM-IOWJMTKQUXKVSUATGZZX_2015_DELIM-IOWJMTKQUXKVSUATGZZX_2015 (identical to nl63_DELIM-IOWJMTKQUXKVSUATGZZX_KM055609_DELIM-IOWJMTKQUXKVSUATGZZX_1093A_2008_DELIM-IOWJMTKQUXKVSUATGZZX_2008) is ignored but added at the end
NOTE: nl63_DELIM-IOWJMTKQUXKVSUATGZZX_KX179498_DELIM-IOWJMTKQUXKVSUATGZZX_NL63_DELIM-IOWJMTKQUXKVSUATGZZX_Haiti_3_DELIM-IOWJMTKQUXKVSUATGZZX_2015_DELIM-IOWJMTKQUXKVSUATGZZX_2015 (identical to nl63_DELIM-IOWJMTKQUXKVSUATGZZX_KM055609_DELIM-IOWJMTKQUXKVSUATGZZX_1093A_2008_DELIM-IOWJMTKQUXKVSUATGZZX_2008) is ignored but added at the end
NOTE: nl63_DELIM-IOWJMTKQUXKVSUATGZZX_KX179499_DELIM-IOWJMTKQUXKVSUATGZZX_NL63_DELIM-IOWJMTKQUXKVSUATGZZX_Haiti_4_DELIM-IOWJMTKQUXKVSUATGZZX_2015_DELIM-IOWJMTKQUXKVSUATGZZX_2015 (identical to nl63_DELIM-IOWJMTKQUXKVSUATGZZX_KM055609_DELIM-IOWJMTKQUXKVSUATGZZX_1093A_2008_DELIM-IOWJMTKQUXKVSUATGZZX_2008) is ignored but added at the end
NOTE: nl63_DELIM-IOWJMTKQUXKVSUATGZZX_KT359851_DELIM-IOWJMTKQUXKVSUATGZZX_12MYKL1013_DELIM-IOWJMTKQUXKVSUATGZZX_2012 (identical to nl63_DELIM-IOWJMTKQUXKVSUATGZZX_KT359835_DELIM-IOWJMTKQUXKVSUATGZZX_12MYKL0750_DELIM-IOWJMTKQUXKVSUATGZZX_2012) is ignored but added at the end
NOTE: nl63_DELIM-IOWJMTKQUXKVSUATGZZX_KT359853_DELIM-IOWJMTKQUXKVSUATGZZX_12MYKL1064_DELIM-IOWJMTKQUXKVSUATGZZX_2012 (identical to nl63_DELIM-IOWJMTKQUXKVSUATGZZX_KT359835_DELIM-IOWJMTKQUXKVSUATGZZX_12MYKL0750_DELIM-IOWJMTKQUXKVSUATGZZX_2012) is ignored but added at the end
NOTE: nl63_DELIM-IOWJMTKQUXKVSUATGZZX_KT359866_DELIM-IOWJMTKQUXKVSUATGZZX_12MYKL1350_DELIM-IOWJMTKQUXKVSUATGZZX_2012 (identical to nl63_DELIM-IOWJMTKQUXKVSUATGZZX_KT359835_DELIM-IOWJMTKQUXKVSUATGZZX_12MYKL0750_DELIM-IOWJMTKQUXKVSUATGZZX_2012) is ignored but added at the end
NOTE: nl63_DELIM-IOWJMTKQUXKVSUATGZZX_KT359871_DELIM-IOWJMTKQUXKVSUATGZZX_13MYKL2005_DELIM-IOWJMTKQUXKVSUATGZZX_2013 (identical to nl63_DELIM-IOWJMTKQUXKVSUATGZZX_KT359835_DELIM-IOWJMTKQUXKVSUATGZZX_12MYKL0750_DELIM-IOWJMTKQUXKVSUATGZZX_2012) is ignored but added at the end
NOTE: nl63_DELIM-IOWJMTKQUXKVSUATGZZX_KT359864_DELIM-IOWJMTKQUXKVSUATGZZX_12MYKL1336_DELIM-IOWJMTKQUXKVSUATGZZX_2012 (identical to nl63_DELIM-IOWJMTKQUXKVSUATGZZX_KT359838_DELIM-IOWJMTKQUXKVSUATGZZX_12MYKL0802_DELIM-IOWJMTKQUXKVSUATGZZX_2012) is ignored but added at the end
NOTE: nl63_DELIM-IOWJMTKQUXKVSUATGZZX_KT359865_DELIM-IOWJMTKQUXKVSUATGZZX_12MYKL1337_DELIM-IOWJMTKQUXKVSUATGZZX_2012 (identical to nl63_DELIM-IOWJMTKQUXKVSUATGZZX_KT359838_DELIM-IOWJMTKQUXKVSUATGZZX_12MYKL0802_DELIM-IOWJMTKQUXKVSUATGZZX_2012) is ignored but added at the end
Alignment was printed to results/aligned_nl63_nucleocapsid-delim.fasta.uniqueseq.phy

For your convenience alignment with unique sequences printed to results/aligned_nl63_nucleocapsid-delim.fasta.uniqueseq.phy

Create initial parsimony tree by phylogenetic likelihood library (PLL)... 0.001 seconds

NOTE: 0 MB RAM (0 GB) is required!
Estimate model parameters (epsilon = 0.500)
1. Initial log-likelihood: -4672.967
2. Current log-likelihood: -4269.084
Optimal log-likelihood: -4269.058
Rate parameters:  A-C: 0.46097  A-G: 1.93236  A-T: 0.18362  C-G: 0.09620  C-T: 11.23992  G-T: 1.00000
Base frequencies:  A: 0.267  C: 0.205  G: 0.208  T: 0.320
Parameters optimization took 2 rounds (0.046 sec)
Wrote distance file to... 
Computing ML distances based on estimated model parameters...
Calculating distance matrix: done in 0.00950408 secs using 97.66% CPU
Computing ML distances took 0.009647 sec (of wall-clock time) 0.009365 sec (of CPU time)
Setting up auxiliary I and S matrices: done in 0.000165939 secs using 150.1% CPU
Constructing RapidNJ tree: done in 0.000390053 secs using 112.5% CPU
Computing RapidNJ tree took 0.000599 sec (of wall-clock time) 0.000736 sec (of CPU time)
Log-likelihood of RapidNJ tree: -2503.968
--------------------------------------------------------------------
|             INITIALIZING CANDIDATE TREE SET                      |
--------------------------------------------------------------------

Do NNI search on 2 best initial trees
Optimizing NNI: done in 0.00635791 secs using 180.9% CPU
Estimate model parameters (epsilon = 0.500)
BETTER TREE FOUND at iteration 1: -2495.586
Optimizing NNI: done in 0.120811 secs using 169.7% CPU
Finish initializing candidate tree set (4)
Current best tree score: -2495.586 / CPU time: 0.146
Number of iterations: 2
TREE SEARCH COMPLETED AFTER 2 ITERATIONS / Time: 0h:0m:0s

--------------------------------------------------------------------
|                    FINALIZING TREE SEARCH                        |
--------------------------------------------------------------------
Performs final model parameters optimization
Estimate model parameters (epsilon = 0.050)
1. Initial log-likelihood: -2495.586
Optimal log-likelihood: -2495.586
Rate parameters:  A-C: 0.27323  A-G: 2.38710  A-T: 0.51733  C-G: 0.34200  C-T: 9.53039  G-T: 1.00000
Base frequencies:  A: 0.267  C: 0.205  G: 0.208  T: 0.320
Parameters optimization took 1 rounds (0.004 sec)
BEST SCORE FOUND : -2495.586
Total tree length: 0.107

Total number of iterations: 2
CPU time used for tree search: 0.253 sec (0h:0m:0s)
Wall-clock time used for tree search: 0.147 sec (0h:0m:0s)
Total CPU time used: 0.337 sec (0h:0m:0s)
Total wall-clock time used: 0.226 sec (0h:0m:0s)

Analysis results written to: 
  IQ-TREE report:                results/aligned_nl63_nucleocapsid-delim.fasta.iqtree
  Maximum-likelihood tree:       results/aligned_nl63_nucleocapsid-delim.fasta.treefile
  Likelihood distances:          results/aligned_nl63_nucleocapsid-delim.fasta.mldist
  Screen log file:               results/aligned_nl63_nucleocapsid-delim.fasta.log

Date and Time: Thu May 12 17:36:09 2022
