IQ-TREE multicore version 2.2.0-beta COVID-edition for Mac OS X 64-bit built Mar  3 2022 built Mar  3 2022
Developed by Bui Quang Minh, James Barbetti, Nguyen Lam Tung,
Olga Chernomor, Heiko Schmidt, Dominik Schrempf, Michael Woodhams, Ly Trong Nhan.

Host:    macbook-pro-2.fhcrc.org (SSE4.2, 8 GB RAM)
Command: iqtree2 -nt 1 -s results/aligned_nl63_protein3-delim.fasta -m GTR -ninit 2 -n 2 -me 0.05
Seed:    609494 (Using SPRNG - Scalable Parallel Random Number Generator)
Time:    Thu May 12 17:36:01 2022
Kernel:  SSE2 - 1 threads (8 CPU cores detected)

HINT: Use -nt option to specify number of threads because your CPU has 8 cores!
HINT: -nt AUTO will automatically determine the best number of threads to use.

Reading alignment file results/aligned_nl63_protein3-delim.fasta ... Fasta format detected
Reading fasta file: done in 0.00136399 secs using 68.92% CPU
Alignment most likely contains DNA/RNA sequences
Constructing alignment: done in 0.000576019 secs using 77.95% CPU
Alignment has 72 sequences with 678 columns, 67 distinct patterns
15 parsimony-informative, 22 singleton sites, 641 constant sites
                                                                                                                                                                                                                                                   Gap/Ambiguity  Composition  p-value
Analyzing sequences: done in 1.3113e-05 secs using 76.26% CPU
   1  nl63_DELIM-TYWDPISFYQUTDQGXSABT_JX504050_DELIM-TYWDPISFYQUTDQGXSABT_NL63_DELIM-TYWDPISFYQUTDQGXSABT_RPTEC_DELIM-TYWDPISFYQUTDQGXSABT_2004_DELIM-TYWDPISFYQUTDQGXSABT_2004                                                                            0.00%    passed     99.99%
   2  nl63_DELIM-TYWDPISFYQUTDQGXSABT_JX104161_DELIM-TYWDPISFYQUTDQGXSABT_CBJ_037_DELIM-TYWDPISFYQUTDQGXSABT_2008                                                                                                                                          0.00%    passed    100.00%
   3  nl63_DELIM-TYWDPISFYQUTDQGXSABT_JX524171_DELIM-TYWDPISFYQUTDQGXSABT_CBJ123_DELIM-TYWDPISFYQUTDQGXSABT_2009                                                                                                                                           0.00%    passed    100.00%
   4  nl63_DELIM-TYWDPISFYQUTDQGXSABT_MK334044_DELIM-TYWDPISFYQUTDQGXSABT_ChinaGD03_DELIM-TYWDPISFYQUTDQGXSABT_2018                                                                                                                                        0.00%    passed    100.00%
   5  nl63_DELIM-TYWDPISFYQUTDQGXSABT_MN306018_DELIM-TYWDPISFYQUTDQGXSABT_HCoV_NL63_DELIM-TYWDPISFYQUTDQGXSABT_Seattle_DELIM-TYWDPISFYQUTDQGXSABT_USA_DELIM-TYWDPISFYQUTDQGXSABT_SC0179_DELIM-TYWDPISFYQUTDQGXSABT_2018_DELIM-TYWDPISFYQUTDQGXSABT_2018    2.80%    passed     98.29%
   6  nl63_DELIM-TYWDPISFYQUTDQGXSABT_MG428703_DELIM-TYWDPISFYQUTDQGXSABT_Kilifi_HH_0511_01_Jun_2010_DELIM-TYWDPISFYQUTDQGXSABT_2010                                                                                                                       0.00%    passed    100.00%
   7  nl63_DELIM-TYWDPISFYQUTDQGXSABT_MG428701_DELIM-TYWDPISFYQUTDQGXSABT_Kilifi_HH_0512_04_Jun_2010_DELIM-TYWDPISFYQUTDQGXSABT_2010                                                                                                                       0.00%    passed    100.00%
   8  nl63_DELIM-TYWDPISFYQUTDQGXSABT_MG428705_DELIM-TYWDPISFYQUTDQGXSABT_Kilifi_HH_0522_21_May_2010_DELIM-TYWDPISFYQUTDQGXSABT_2010                                                                                                                       0.00%    passed    100.00%
   9  nl63_DELIM-TYWDPISFYQUTDQGXSABT_MG428700_DELIM-TYWDPISFYQUTDQGXSABT_Kilifi_HH_1602_01_Jun_2010_DELIM-TYWDPISFYQUTDQGXSABT_2010                                                                                                                       0.00%    passed    100.00%
  10  nl63_DELIM-TYWDPISFYQUTDQGXSABT_MG428702_DELIM-TYWDPISFYQUTDQGXSABT_Kilifi_HH_3807_11_May_2010_DELIM-TYWDPISFYQUTDQGXSABT_2010                                                                                                                       0.00%    passed    100.00%
  11  nl63_DELIM-TYWDPISFYQUTDQGXSABT_MG428706_DELIM-TYWDPISFYQUTDQGXSABT_Kilifi_HH_3808_24_May_2010_DELIM-TYWDPISFYQUTDQGXSABT_2010                                                                                                                       0.00%    passed    100.00%
  12  nl63_DELIM-TYWDPISFYQUTDQGXSABT_MG428707_DELIM-TYWDPISFYQUTDQGXSABT_Kilifi_HH_5401_20_May_2010_DELIM-TYWDPISFYQUTDQGXSABT_2010                                                                                                                       0.00%    passed    100.00%
  13  nl63_DELIM-TYWDPISFYQUTDQGXSABT_MG428704_DELIM-TYWDPISFYQUTDQGXSABT_Kilifi_HH_5402_20_May_2010_DELIM-TYWDPISFYQUTDQGXSABT_2010                                                                                                                       0.00%    passed    100.00%
  14  nl63_DELIM-TYWDPISFYQUTDQGXSABT_MG428699_DELIM-TYWDPISFYQUTDQGXSABT_Kilifi_HH_5709_19_May_2010_DELIM-TYWDPISFYQUTDQGXSABT_2010                                                                                                                       0.00%    passed    100.00%
  15  nl63_DELIM-TYWDPISFYQUTDQGXSABT_KF530110_DELIM-TYWDPISFYQUTDQGXSABT_NL63_DELIM-TYWDPISFYQUTDQGXSABT_human_DELIM-TYWDPISFYQUTDQGXSABT_USA_DELIM-TYWDPISFYQUTDQGXSABT_838_9_DELIM-TYWDPISFYQUTDQGXSABT_1983_DELIM-TYWDPISFYQUTDQGXSABT_1983            0.00%    passed    100.00%
  16  nl63_DELIM-TYWDPISFYQUTDQGXSABT_KF530114_DELIM-TYWDPISFYQUTDQGXSABT_NL63_DELIM-TYWDPISFYQUTDQGXSABT_human_DELIM-TYWDPISFYQUTDQGXSABT_USA_DELIM-TYWDPISFYQUTDQGXSABT_891_4_DELIM-TYWDPISFYQUTDQGXSABT_1989_DELIM-TYWDPISFYQUTDQGXSABT_1989            0.00%    passed    100.00%
  17  nl63_DELIM-TYWDPISFYQUTDQGXSABT_KF530108_DELIM-TYWDPISFYQUTDQGXSABT_NL63_DELIM-TYWDPISFYQUTDQGXSABT_human_DELIM-TYWDPISFYQUTDQGXSABT_USA_DELIM-TYWDPISFYQUTDQGXSABT_891_6_DELIM-TYWDPISFYQUTDQGXSABT_1989_DELIM-TYWDPISFYQUTDQGXSABT_1989            0.00%    passed    100.00%
  18  nl63_DELIM-TYWDPISFYQUTDQGXSABT_KF530104_DELIM-TYWDPISFYQUTDQGXSABT_NL63_DELIM-TYWDPISFYQUTDQGXSABT_human_DELIM-TYWDPISFYQUTDQGXSABT_USA_DELIM-TYWDPISFYQUTDQGXSABT_904_20_DELIM-TYWDPISFYQUTDQGXSABT_1990_DELIM-TYWDPISFYQUTDQGXSABT_1990           0.00%    passed    100.00%
  19  nl63_DELIM-TYWDPISFYQUTDQGXSABT_KT266906_DELIM-TYWDPISFYQUTDQGXSABT_HCoV_NL63_DELIM-TYWDPISFYQUTDQGXSABT_Haiti_1_DELIM-TYWDPISFYQUTDQGXSABT_2015_DELIM-TYWDPISFYQUTDQGXSABT_2015                                                                     0.00%    passed     99.91%
  20  nl63_DELIM-TYWDPISFYQUTDQGXSABT_MK334043_DELIM-TYWDPISFYQUTDQGXSABT_ChinaGD02_DELIM-TYWDPISFYQUTDQGXSABT_2018                                                                                                                                        0.00%    passed     99.99%
  21  nl63_DELIM-TYWDPISFYQUTDQGXSABT_MN306040_DELIM-TYWDPISFYQUTDQGXSABT_HCoV_NL63_DELIM-TYWDPISFYQUTDQGXSABT_Seattle_DELIM-TYWDPISFYQUTDQGXSABT_USA_DELIM-TYWDPISFYQUTDQGXSABT_SC0768_DELIM-TYWDPISFYQUTDQGXSABT_2019_DELIM-TYWDPISFYQUTDQGXSABT_2019    6.78%    passed     98.08%
  22  nl63_DELIM-TYWDPISFYQUTDQGXSABT_JQ900257_DELIM-TYWDPISFYQUTDQGXSABT_NL63_DELIM-TYWDPISFYQUTDQGXSABT_DEN_DELIM-TYWDPISFYQUTDQGXSABT_2009_DELIM-TYWDPISFYQUTDQGXSABT_31_DELIM-TYWDPISFYQUTDQGXSABT_2009                                                0.00%    passed     99.95%
  23  nl63_DELIM-TYWDPISFYQUTDQGXSABT_KF530109_DELIM-TYWDPISFYQUTDQGXSABT_NL63_DELIM-TYWDPISFYQUTDQGXSABT_human_DELIM-TYWDPISFYQUTDQGXSABT_USA_DELIM-TYWDPISFYQUTDQGXSABT_903_28_DELIM-TYWDPISFYQUTDQGXSABT_1990_DELIM-TYWDPISFYQUTDQGXSABT_1990           0.00%    passed     99.91%
  24  nl63_DELIM-TYWDPISFYQUTDQGXSABT_KF530113_DELIM-TYWDPISFYQUTDQGXSABT_NL63_DELIM-TYWDPISFYQUTDQGXSABT_human_DELIM-TYWDPISFYQUTDQGXSABT_USA_DELIM-TYWDPISFYQUTDQGXSABT_905_25_DELIM-TYWDPISFYQUTDQGXSABT_1990_DELIM-TYWDPISFYQUTDQGXSABT_1990           0.00%    passed     99.99%
  25  nl63_DELIM-TYWDPISFYQUTDQGXSABT_MK334046_DELIM-TYWDPISFYQUTDQGXSABT_ChinaGD01_DELIM-TYWDPISFYQUTDQGXSABT_2018                                                                                                                                        0.00%    passed     99.99%
  26  nl63_DELIM-TYWDPISFYQUTDQGXSABT_LC488388_DELIM-TYWDPISFYQUTDQGXSABT_HCoVNL63_DELIM-TYWDPISFYQUTDQGXSABT_Tokyo_DELIM-TYWDPISFYQUTDQGXSABT_SGH_24_DELIM-TYWDPISFYQUTDQGXSABT_2018_DELIM-TYWDPISFYQUTDQGXSABT_2018                                      0.00%    passed     99.99%
  27  nl63_DELIM-TYWDPISFYQUTDQGXSABT_MK334047_DELIM-TYWDPISFYQUTDQGXSABT_ChinaGD04_DELIM-TYWDPISFYQUTDQGXSABT_2018                                                                                                                                        0.00%    passed     99.83%
  28  nl63_DELIM-TYWDPISFYQUTDQGXSABT_JQ765571_DELIM-TYWDPISFYQUTDQGXSABT_NL63_DELIM-TYWDPISFYQUTDQGXSABT_DEN_DELIM-TYWDPISFYQUTDQGXSABT_2005_DELIM-TYWDPISFYQUTDQGXSABT_271_DELIM-TYWDPISFYQUTDQGXSABT_2005                                               0.00%    passed     99.99%
  29  nl63_DELIM-TYWDPISFYQUTDQGXSABT_JQ765572_DELIM-TYWDPISFYQUTDQGXSABT_NL63_DELIM-TYWDPISFYQUTDQGXSABT_DEN_DELIM-TYWDPISFYQUTDQGXSABT_2005_DELIM-TYWDPISFYQUTDQGXSABT_347_DELIM-TYWDPISFYQUTDQGXSABT_2005                                               0.00%    passed     99.99%
  30  nl63_DELIM-TYWDPISFYQUTDQGXSABT_KY983586_DELIM-TYWDPISFYQUTDQGXSABT_HCoV_NL63_DELIM-TYWDPISFYQUTDQGXSABT_Seattle_DELIM-TYWDPISFYQUTDQGXSABT_USA_DELIM-TYWDPISFYQUTDQGXSABT_SC2940_DELIM-TYWDPISFYQUTDQGXSABT_2015_DELIM-TYWDPISFYQUTDQGXSABT_2015    0.00%    passed     99.36%
  31  nl63_DELIM-TYWDPISFYQUTDQGXSABT_LC488390_DELIM-TYWDPISFYQUTDQGXSABT_HCoVNL63_DELIM-TYWDPISFYQUTDQGXSABT_Tokyo_DELIM-TYWDPISFYQUTDQGXSABT_SGH_15_DELIM-TYWDPISFYQUTDQGXSABT_2017_DELIM-TYWDPISFYQUTDQGXSABT_2017                                     24.48%    passed     86.18%
  32  nl63_DELIM-TYWDPISFYQUTDQGXSABT_JQ765570_DELIM-TYWDPISFYQUTDQGXSABT_NL63_DELIM-TYWDPISFYQUTDQGXSABT_DEN_DELIM-TYWDPISFYQUTDQGXSABT_2005_DELIM-TYWDPISFYQUTDQGXSABT_235_DELIM-TYWDPISFYQUTDQGXSABT_2005                                               0.00%    passed     99.91%
  33  nl63_DELIM-TYWDPISFYQUTDQGXSABT_JQ765565_DELIM-TYWDPISFYQUTDQGXSABT_NL63_DELIM-TYWDPISFYQUTDQGXSABT_DEN_DELIM-TYWDPISFYQUTDQGXSABT_2009_DELIM-TYWDPISFYQUTDQGXSABT_15_DELIM-TYWDPISFYQUTDQGXSABT_2009                                                0.00%    passed     99.53%
  34  nl63_DELIM-TYWDPISFYQUTDQGXSABT_JQ900256_DELIM-TYWDPISFYQUTDQGXSABT_NL63_DELIM-TYWDPISFYQUTDQGXSABT_DEN_DELIM-TYWDPISFYQUTDQGXSABT_2009_DELIM-TYWDPISFYQUTDQGXSABT_22_DELIM-TYWDPISFYQUTDQGXSABT_2009                                                0.00%    passed     99.53%
  35  nl63_DELIM-TYWDPISFYQUTDQGXSABT_JQ765563_DELIM-TYWDPISFYQUTDQGXSABT_NL63_DELIM-TYWDPISFYQUTDQGXSABT_DEN_DELIM-TYWDPISFYQUTDQGXSABT_2009_DELIM-TYWDPISFYQUTDQGXSABT_9_DELIM-TYWDPISFYQUTDQGXSABT_2009                                                 0.00%    passed     99.53%
  36  nl63_DELIM-TYWDPISFYQUTDQGXSABT_JQ771056_DELIM-TYWDPISFYQUTDQGXSABT_NL63_DELIM-TYWDPISFYQUTDQGXSABT_DEN_DELIM-TYWDPISFYQUTDQGXSABT_2010_DELIM-TYWDPISFYQUTDQGXSABT_25_DELIM-TYWDPISFYQUTDQGXSABT_2010                                                6.34%    passed     98.98%
  37  nl63_DELIM-TYWDPISFYQUTDQGXSABT_JQ771060_DELIM-TYWDPISFYQUTDQGXSABT_NL63_DELIM-TYWDPISFYQUTDQGXSABT_DEN_DELIM-TYWDPISFYQUTDQGXSABT_2010_DELIM-TYWDPISFYQUTDQGXSABT_36_DELIM-TYWDPISFYQUTDQGXSABT_2010                                                6.78%    passed     99.24%
  38  nl63_DELIM-TYWDPISFYQUTDQGXSABT_KF530112_DELIM-TYWDPISFYQUTDQGXSABT_NL63_DELIM-TYWDPISFYQUTDQGXSABT_human_DELIM-TYWDPISFYQUTDQGXSABT_USA_DELIM-TYWDPISFYQUTDQGXSABT_0111_25_DELIM-TYWDPISFYQUTDQGXSABT_2001_DELIM-TYWDPISFYQUTDQGXSABT_2001          0.00%    passed     99.91%
  39  nl63_DELIM-TYWDPISFYQUTDQGXSABT_KF530106_DELIM-TYWDPISFYQUTDQGXSABT_NL63_DELIM-TYWDPISFYQUTDQGXSABT_human_DELIM-TYWDPISFYQUTDQGXSABT_USA_DELIM-TYWDPISFYQUTDQGXSABT_8712_17_DELIM-TYWDPISFYQUTDQGXSABT_1987_DELIM-TYWDPISFYQUTDQGXSABT_1987          0.00%    passed     99.91%
  40  nl63_DELIM-TYWDPISFYQUTDQGXSABT_KY554967_DELIM-TYWDPISFYQUTDQGXSABT_N06_1144B_DELIM-TYWDPISFYQUTDQGXSABT_2016                                                                                                                                        0.00%    passed     99.91%
  41  nl63_DELIM-TYWDPISFYQUTDQGXSABT_KY674916_DELIM-TYWDPISFYQUTDQGXSABT_N07_64B_DELIM-TYWDPISFYQUTDQGXSABT_2016                                                                                                                                          0.00%    passed     99.91%
  42  nl63_DELIM-TYWDPISFYQUTDQGXSABT_KY674915_DELIM-TYWDPISFYQUTDQGXSABT_N07_6B_DELIM-TYWDPISFYQUTDQGXSABT_2016                                                                                                                                           0.00%    passed     99.91%
  43  nl63_DELIM-TYWDPISFYQUTDQGXSABT_KY554968_DELIM-TYWDPISFYQUTDQGXSABT_N07_185B_DELIM-TYWDPISFYQUTDQGXSABT_2016                                                                                                                                         0.00%    passed    100.00%
  44  nl63_DELIM-TYWDPISFYQUTDQGXSABT_KY554970_DELIM-TYWDPISFYQUTDQGXSABT_N07_324B_182X_DELIM-TYWDPISFYQUTDQGXSABT_2016                                                                                                                                    0.00%    passed    100.00%
  45  nl63_DELIM-TYWDPISFYQUTDQGXSABT_MN026166_DELIM-TYWDPISFYQUTDQGXSABT_NL63_KLF_01_2018_DELIM-TYWDPISFYQUTDQGXSABT_2018                                                                                                                                 0.00%    passed    100.00%
  46  nl63_DELIM-TYWDPISFYQUTDQGXSABT_JQ771055_DELIM-TYWDPISFYQUTDQGXSABT_NL63_DELIM-TYWDPISFYQUTDQGXSABT_DEN_DELIM-TYWDPISFYQUTDQGXSABT_2010_DELIM-TYWDPISFYQUTDQGXSABT_20_DELIM-TYWDPISFYQUTDQGXSABT_2010                                                6.78%    passed     99.30%
  47  nl63_DELIM-TYWDPISFYQUTDQGXSABT_JQ771058_DELIM-TYWDPISFYQUTDQGXSABT_NL63_DELIM-TYWDPISFYQUTDQGXSABT_DEN_DELIM-TYWDPISFYQUTDQGXSABT_2010_DELIM-TYWDPISFYQUTDQGXSABT_31_DELIM-TYWDPISFYQUTDQGXSABT_2010                                                6.78%    passed     99.30%
  48  nl63_DELIM-TYWDPISFYQUTDQGXSABT_JQ771057_DELIM-TYWDPISFYQUTDQGXSABT_NL63_DELIM-TYWDPISFYQUTDQGXSABT_DEN_DELIM-TYWDPISFYQUTDQGXSABT_2010_DELIM-TYWDPISFYQUTDQGXSABT_28_DELIM-TYWDPISFYQUTDQGXSABT_2010                                                5.90%    passed     99.87%
  49  nl63_DELIM-TYWDPISFYQUTDQGXSABT_KY554969_DELIM-TYWDPISFYQUTDQGXSABT_N07_196B_DELIM-TYWDPISFYQUTDQGXSABT_2016                                                                                                                                         0.00%    passed     99.32%
  50  nl63_DELIM-TYWDPISFYQUTDQGXSABT_KY829118_DELIM-TYWDPISFYQUTDQGXSABT_N07_262B_DELIM-TYWDPISFYQUTDQGXSABT_2015                                                                                                                                         0.00%    passed     99.32%
  51  nl63_DELIM-TYWDPISFYQUTDQGXSABT_KY554971_DELIM-TYWDPISFYQUTDQGXSABT_N07_468B_176X_DELIM-TYWDPISFYQUTDQGXSABT_2016                                                                                                                                    0.00%    passed     99.32%
  52  nl63_DELIM-TYWDPISFYQUTDQGXSABT_JQ765574_DELIM-TYWDPISFYQUTDQGXSABT_NL63_DELIM-TYWDPISFYQUTDQGXSABT_DEN_DELIM-TYWDPISFYQUTDQGXSABT_2005_DELIM-TYWDPISFYQUTDQGXSABT_1862_DELIM-TYWDPISFYQUTDQGXSABT_2005                                              0.00%    passed     99.32%
  53  nl63_DELIM-TYWDPISFYQUTDQGXSABT_JQ765573_DELIM-TYWDPISFYQUTDQGXSABT_NL63_DELIM-TYWDPISFYQUTDQGXSABT_DEN_DELIM-TYWDPISFYQUTDQGXSABT_2005_DELIM-TYWDPISFYQUTDQGXSABT_1062_DELIM-TYWDPISFYQUTDQGXSABT_2005                                              0.00%    passed     99.70%
  54  nl63_DELIM-TYWDPISFYQUTDQGXSABT_JQ765568_DELIM-TYWDPISFYQUTDQGXSABT_NL63_DELIM-TYWDPISFYQUTDQGXSABT_DEN_DELIM-TYWDPISFYQUTDQGXSABT_2005_DELIM-TYWDPISFYQUTDQGXSABT_193_DELIM-TYWDPISFYQUTDQGXSABT_2005                                               0.00%    passed     99.70%
  55  nl63_DELIM-TYWDPISFYQUTDQGXSABT_JQ900259_DELIM-TYWDPISFYQUTDQGXSABT_NL63_DELIM-TYWDPISFYQUTDQGXSABT_DEN_DELIM-TYWDPISFYQUTDQGXSABT_2005_DELIM-TYWDPISFYQUTDQGXSABT_449_DELIM-TYWDPISFYQUTDQGXSABT_2005                                               0.00%    passed     99.70%
  56  nl63_DELIM-TYWDPISFYQUTDQGXSABT_KF530111_DELIM-TYWDPISFYQUTDQGXSABT_NL63_DELIM-TYWDPISFYQUTDQGXSABT_human_DELIM-TYWDPISFYQUTDQGXSABT_USA_DELIM-TYWDPISFYQUTDQGXSABT_901_24_DELIM-TYWDPISFYQUTDQGXSABT_1990_DELIM-TYWDPISFYQUTDQGXSABT_1990           0.00%    passed     99.97%
  57  nl63_DELIM-TYWDPISFYQUTDQGXSABT_KF530107_DELIM-TYWDPISFYQUTDQGXSABT_NL63_DELIM-TYWDPISFYQUTDQGXSABT_human_DELIM-TYWDPISFYQUTDQGXSABT_USA_DELIM-TYWDPISFYQUTDQGXSABT_911_56_DELIM-TYWDPISFYQUTDQGXSABT_1991_DELIM-TYWDPISFYQUTDQGXSABT_1991           0.00%    passed     99.97%
  58  nl63_DELIM-TYWDPISFYQUTDQGXSABT_MG772808_DELIM-TYWDPISFYQUTDQGXSABT_CN0601_DELIM-TYWDPISFYQUTDQGXSABT_14_DELIM-TYWDPISFYQUTDQGXSABT_2014                                                                                                             0.00%    passed    100.00%
  59  nl63_DELIM-TYWDPISFYQUTDQGXSABT_JQ765569_DELIM-TYWDPISFYQUTDQGXSABT_NL63_DELIM-TYWDPISFYQUTDQGXSABT_DEN_DELIM-TYWDPISFYQUTDQGXSABT_2005_DELIM-TYWDPISFYQUTDQGXSABT_232_DELIM-TYWDPISFYQUTDQGXSABT_2005                                               0.00%    passed     99.59%
  60  nl63_DELIM-TYWDPISFYQUTDQGXSABT_JQ900258_DELIM-TYWDPISFYQUTDQGXSABT_NL63_DELIM-TYWDPISFYQUTDQGXSABT_DEN_DELIM-TYWDPISFYQUTDQGXSABT_2005_DELIM-TYWDPISFYQUTDQGXSABT_291_DELIM-TYWDPISFYQUTDQGXSABT_2005                                               0.00%    passed     99.59%
  61  nl63_DELIM-TYWDPISFYQUTDQGXSABT_JQ771059_DELIM-TYWDPISFYQUTDQGXSABT_NL63_DELIM-TYWDPISFYQUTDQGXSABT_DEN_DELIM-TYWDPISFYQUTDQGXSABT_2010_DELIM-TYWDPISFYQUTDQGXSABT_35_DELIM-TYWDPISFYQUTDQGXSABT_2010                                                6.93%    passed     99.02%
  62  nl63_DELIM-TYWDPISFYQUTDQGXSABT_JQ765564_DELIM-TYWDPISFYQUTDQGXSABT_NL63_DELIM-TYWDPISFYQUTDQGXSABT_DEN_DELIM-TYWDPISFYQUTDQGXSABT_2009_DELIM-TYWDPISFYQUTDQGXSABT_14_DELIM-TYWDPISFYQUTDQGXSABT_2009                                                0.00%    passed    100.00%
  63  nl63_DELIM-TYWDPISFYQUTDQGXSABT_JQ765566_DELIM-TYWDPISFYQUTDQGXSABT_NL63_DELIM-TYWDPISFYQUTDQGXSABT_DEN_DELIM-TYWDPISFYQUTDQGXSABT_2008_DELIM-TYWDPISFYQUTDQGXSABT_16_DELIM-TYWDPISFYQUTDQGXSABT_2008                                                0.00%    passed     99.99%
  64  nl63_DELIM-TYWDPISFYQUTDQGXSABT_JQ900255_DELIM-TYWDPISFYQUTDQGXSABT_NL63_DELIM-TYWDPISFYQUTDQGXSABT_DEN_DELIM-TYWDPISFYQUTDQGXSABT_2009_DELIM-TYWDPISFYQUTDQGXSABT_6_DELIM-TYWDPISFYQUTDQGXSABT_2009                                                 0.00%    passed     99.99%
  65  nl63_DELIM-TYWDPISFYQUTDQGXSABT_JQ765567_DELIM-TYWDPISFYQUTDQGXSABT_NL63_DELIM-TYWDPISFYQUTDQGXSABT_DEN_DELIM-TYWDPISFYQUTDQGXSABT_2009_DELIM-TYWDPISFYQUTDQGXSABT_20_DELIM-TYWDPISFYQUTDQGXSABT_2009                                                0.00%    passed     99.92%
  66  nl63_DELIM-TYWDPISFYQUTDQGXSABT_KT381875_DELIM-TYWDPISFYQUTDQGXSABT_NL63_DELIM-TYWDPISFYQUTDQGXSABT_UF_1_DELIM-TYWDPISFYQUTDQGXSABT_2015_DELIM-TYWDPISFYQUTDQGXSABT_2015                                                                             0.00%    passed     99.92%
  67  nl63_DELIM-TYWDPISFYQUTDQGXSABT_KU521535_DELIM-TYWDPISFYQUTDQGXSABT_NL63_DELIM-TYWDPISFYQUTDQGXSABT_UF_2_DELIM-TYWDPISFYQUTDQGXSABT_2015_DELIM-TYWDPISFYQUTDQGXSABT_2015                                                                             0.00%    passed     99.92%
  68  nl63_DELIM-TYWDPISFYQUTDQGXSABT_KX179500_DELIM-TYWDPISFYQUTDQGXSABT_NL63_DELIM-TYWDPISFYQUTDQGXSABT_UF_2_DELIM-TYWDPISFYQUTDQGXSABT_2015_DELIM-TYWDPISFYQUTDQGXSABT_2015                                                                             0.00%    passed     99.92%
  69  nl63_DELIM-TYWDPISFYQUTDQGXSABT_KF530105_DELIM-TYWDPISFYQUTDQGXSABT_NL63_DELIM-TYWDPISFYQUTDQGXSABT_human_DELIM-TYWDPISFYQUTDQGXSABT_USA_DELIM-TYWDPISFYQUTDQGXSABT_012_31_DELIM-TYWDPISFYQUTDQGXSABT_2001_DELIM-TYWDPISFYQUTDQGXSABT_2001           0.00%    passed     98.28%
  70  nl63_DELIM-TYWDPISFYQUTDQGXSABT_MK334045_DELIM-TYWDPISFYQUTDQGXSABT_ChinaGD05_DELIM-TYWDPISFYQUTDQGXSABT_2018                                                                                                                                        0.00%    passed     99.64%
  71  nl63_DELIM-TYWDPISFYQUTDQGXSABT_JQ765575_DELIM-TYWDPISFYQUTDQGXSABT_NL63_DELIM-TYWDPISFYQUTDQGXSABT_DEN_DELIM-TYWDPISFYQUTDQGXSABT_2005_DELIM-TYWDPISFYQUTDQGXSABT_1876_DELIM-TYWDPISFYQUTDQGXSABT_2005                                              0.00%    passed     98.04%
  72  nl63_DELIM-TYWDPISFYQUTDQGXSABT_JQ900260_DELIM-TYWDPISFYQUTDQGXSABT_NL63_DELIM-TYWDPISFYQUTDQGXSABT_DEN_DELIM-TYWDPISFYQUTDQGXSABT_2005_DELIM-TYWDPISFYQUTDQGXSABT_1120_DELIM-TYWDPISFYQUTDQGXSABT_2005                                              6.05%    passed     99.66%
****  TOTAL                                                                                                                                                                                                                                                1.11%  0 sequences failed composition chi2 test (p-value<5%; df=3)
NOTE: nl63_DELIM-TYWDPISFYQUTDQGXSABT_JX524171_DELIM-TYWDPISFYQUTDQGXSABT_CBJ123_DELIM-TYWDPISFYQUTDQGXSABT_2009 is identical to nl63_DELIM-TYWDPISFYQUTDQGXSABT_JX104161_DELIM-TYWDPISFYQUTDQGXSABT_CBJ_037_DELIM-TYWDPISFYQUTDQGXSABT_2008 but kept for subsequent analysis
NOTE: nl63_DELIM-TYWDPISFYQUTDQGXSABT_LC488388_DELIM-TYWDPISFYQUTDQGXSABT_HCoVNL63_DELIM-TYWDPISFYQUTDQGXSABT_Tokyo_DELIM-TYWDPISFYQUTDQGXSABT_SGH_24_DELIM-TYWDPISFYQUTDQGXSABT_2018_DELIM-TYWDPISFYQUTDQGXSABT_2018 is identical to nl63_DELIM-TYWDPISFYQUTDQGXSABT_MK334046_DELIM-TYWDPISFYQUTDQGXSABT_ChinaGD01_DELIM-TYWDPISFYQUTDQGXSABT_2018 but kept for subsequent analysis
NOTE: nl63_DELIM-TYWDPISFYQUTDQGXSABT_JQ765572_DELIM-TYWDPISFYQUTDQGXSABT_NL63_DELIM-TYWDPISFYQUTDQGXSABT_DEN_DELIM-TYWDPISFYQUTDQGXSABT_2005_DELIM-TYWDPISFYQUTDQGXSABT_347_DELIM-TYWDPISFYQUTDQGXSABT_2005 is identical to nl63_DELIM-TYWDPISFYQUTDQGXSABT_JQ765571_DELIM-TYWDPISFYQUTDQGXSABT_NL63_DELIM-TYWDPISFYQUTDQGXSABT_DEN_DELIM-TYWDPISFYQUTDQGXSABT_2005_DELIM-TYWDPISFYQUTDQGXSABT_271_DELIM-TYWDPISFYQUTDQGXSABT_2005 but kept for subsequent analysis
NOTE: nl63_DELIM-TYWDPISFYQUTDQGXSABT_JQ900256_DELIM-TYWDPISFYQUTDQGXSABT_NL63_DELIM-TYWDPISFYQUTDQGXSABT_DEN_DELIM-TYWDPISFYQUTDQGXSABT_2009_DELIM-TYWDPISFYQUTDQGXSABT_22_DELIM-TYWDPISFYQUTDQGXSABT_2009 is identical to nl63_DELIM-TYWDPISFYQUTDQGXSABT_JQ765565_DELIM-TYWDPISFYQUTDQGXSABT_NL63_DELIM-TYWDPISFYQUTDQGXSABT_DEN_DELIM-TYWDPISFYQUTDQGXSABT_2009_DELIM-TYWDPISFYQUTDQGXSABT_15_DELIM-TYWDPISFYQUTDQGXSABT_2009 but kept for subsequent analysis
NOTE: nl63_DELIM-TYWDPISFYQUTDQGXSABT_KY674916_DELIM-TYWDPISFYQUTDQGXSABT_N07_64B_DELIM-TYWDPISFYQUTDQGXSABT_2016 is identical to nl63_DELIM-TYWDPISFYQUTDQGXSABT_KY554967_DELIM-TYWDPISFYQUTDQGXSABT_N06_1144B_DELIM-TYWDPISFYQUTDQGXSABT_2016 but kept for subsequent analysis
NOTE: nl63_DELIM-TYWDPISFYQUTDQGXSABT_KY554970_DELIM-TYWDPISFYQUTDQGXSABT_N07_324B_182X_DELIM-TYWDPISFYQUTDQGXSABT_2016 is identical to nl63_DELIM-TYWDPISFYQUTDQGXSABT_KY554968_DELIM-TYWDPISFYQUTDQGXSABT_N07_185B_DELIM-TYWDPISFYQUTDQGXSABT_2016 but kept for subsequent analysis
NOTE: nl63_DELIM-TYWDPISFYQUTDQGXSABT_JQ771058_DELIM-TYWDPISFYQUTDQGXSABT_NL63_DELIM-TYWDPISFYQUTDQGXSABT_DEN_DELIM-TYWDPISFYQUTDQGXSABT_2010_DELIM-TYWDPISFYQUTDQGXSABT_31_DELIM-TYWDPISFYQUTDQGXSABT_2010 is identical to nl63_DELIM-TYWDPISFYQUTDQGXSABT_JQ771055_DELIM-TYWDPISFYQUTDQGXSABT_NL63_DELIM-TYWDPISFYQUTDQGXSABT_DEN_DELIM-TYWDPISFYQUTDQGXSABT_2010_DELIM-TYWDPISFYQUTDQGXSABT_20_DELIM-TYWDPISFYQUTDQGXSABT_2010 but kept for subsequent analysis
NOTE: nl63_DELIM-TYWDPISFYQUTDQGXSABT_KY829118_DELIM-TYWDPISFYQUTDQGXSABT_N07_262B_DELIM-TYWDPISFYQUTDQGXSABT_2015 is identical to nl63_DELIM-TYWDPISFYQUTDQGXSABT_KY554969_DELIM-TYWDPISFYQUTDQGXSABT_N07_196B_DELIM-TYWDPISFYQUTDQGXSABT_2016 but kept for subsequent analysis
NOTE: nl63_DELIM-TYWDPISFYQUTDQGXSABT_JQ765568_DELIM-TYWDPISFYQUTDQGXSABT_NL63_DELIM-TYWDPISFYQUTDQGXSABT_DEN_DELIM-TYWDPISFYQUTDQGXSABT_2005_DELIM-TYWDPISFYQUTDQGXSABT_193_DELIM-TYWDPISFYQUTDQGXSABT_2005 is identical to nl63_DELIM-TYWDPISFYQUTDQGXSABT_JQ765573_DELIM-TYWDPISFYQUTDQGXSABT_NL63_DELIM-TYWDPISFYQUTDQGXSABT_DEN_DELIM-TYWDPISFYQUTDQGXSABT_2005_DELIM-TYWDPISFYQUTDQGXSABT_1062_DELIM-TYWDPISFYQUTDQGXSABT_2005 but kept for subsequent analysis
NOTE: nl63_DELIM-TYWDPISFYQUTDQGXSABT_JQ900258_DELIM-TYWDPISFYQUTDQGXSABT_NL63_DELIM-TYWDPISFYQUTDQGXSABT_DEN_DELIM-TYWDPISFYQUTDQGXSABT_2005_DELIM-TYWDPISFYQUTDQGXSABT_291_DELIM-TYWDPISFYQUTDQGXSABT_2005 is identical to nl63_DELIM-TYWDPISFYQUTDQGXSABT_JQ765569_DELIM-TYWDPISFYQUTDQGXSABT_NL63_DELIM-TYWDPISFYQUTDQGXSABT_DEN_DELIM-TYWDPISFYQUTDQGXSABT_2005_DELIM-TYWDPISFYQUTDQGXSABT_232_DELIM-TYWDPISFYQUTDQGXSABT_2005 but kept for subsequent analysis
NOTE: nl63_DELIM-TYWDPISFYQUTDQGXSABT_KT381875_DELIM-TYWDPISFYQUTDQGXSABT_NL63_DELIM-TYWDPISFYQUTDQGXSABT_UF_1_DELIM-TYWDPISFYQUTDQGXSABT_2015_DELIM-TYWDPISFYQUTDQGXSABT_2015 is identical to nl63_DELIM-TYWDPISFYQUTDQGXSABT_JQ765567_DELIM-TYWDPISFYQUTDQGXSABT_NL63_DELIM-TYWDPISFYQUTDQGXSABT_DEN_DELIM-TYWDPISFYQUTDQGXSABT_2009_DELIM-TYWDPISFYQUTDQGXSABT_20_DELIM-TYWDPISFYQUTDQGXSABT_2009 but kept for subsequent analysis
Checking for duplicate sequences: done in 0.000483036 secs using 85.09% CPU
Identifying sites to remove: done in 0.000685215 secs using 91.8% CPU
NOTE: 21 identical sequences (see below) will be ignored for subsequent analysis
NOTE: nl63_DELIM-TYWDPISFYQUTDQGXSABT_MK334044_DELIM-TYWDPISFYQUTDQGXSABT_ChinaGD03_DELIM-TYWDPISFYQUTDQGXSABT_2018 (identical to nl63_DELIM-TYWDPISFYQUTDQGXSABT_JX104161_DELIM-TYWDPISFYQUTDQGXSABT_CBJ_037_DELIM-TYWDPISFYQUTDQGXSABT_2008) is ignored but added at the end
NOTE: nl63_DELIM-TYWDPISFYQUTDQGXSABT_MG428703_DELIM-TYWDPISFYQUTDQGXSABT_Kilifi_HH_0511_01_Jun_2010_DELIM-TYWDPISFYQUTDQGXSABT_2010 (identical to nl63_DELIM-TYWDPISFYQUTDQGXSABT_JX104161_DELIM-TYWDPISFYQUTDQGXSABT_CBJ_037_DELIM-TYWDPISFYQUTDQGXSABT_2008) is ignored but added at the end
NOTE: nl63_DELIM-TYWDPISFYQUTDQGXSABT_MG428701_DELIM-TYWDPISFYQUTDQGXSABT_Kilifi_HH_0512_04_Jun_2010_DELIM-TYWDPISFYQUTDQGXSABT_2010 (identical to nl63_DELIM-TYWDPISFYQUTDQGXSABT_JX104161_DELIM-TYWDPISFYQUTDQGXSABT_CBJ_037_DELIM-TYWDPISFYQUTDQGXSABT_2008) is ignored but added at the end
NOTE: nl63_DELIM-TYWDPISFYQUTDQGXSABT_MG428705_DELIM-TYWDPISFYQUTDQGXSABT_Kilifi_HH_0522_21_May_2010_DELIM-TYWDPISFYQUTDQGXSABT_2010 (identical to nl63_DELIM-TYWDPISFYQUTDQGXSABT_JX104161_DELIM-TYWDPISFYQUTDQGXSABT_CBJ_037_DELIM-TYWDPISFYQUTDQGXSABT_2008) is ignored but added at the end
NOTE: nl63_DELIM-TYWDPISFYQUTDQGXSABT_MG428700_DELIM-TYWDPISFYQUTDQGXSABT_Kilifi_HH_1602_01_Jun_2010_DELIM-TYWDPISFYQUTDQGXSABT_2010 (identical to nl63_DELIM-TYWDPISFYQUTDQGXSABT_JX104161_DELIM-TYWDPISFYQUTDQGXSABT_CBJ_037_DELIM-TYWDPISFYQUTDQGXSABT_2008) is ignored but added at the end
NOTE: nl63_DELIM-TYWDPISFYQUTDQGXSABT_MG428702_DELIM-TYWDPISFYQUTDQGXSABT_Kilifi_HH_3807_11_May_2010_DELIM-TYWDPISFYQUTDQGXSABT_2010 (identical to nl63_DELIM-TYWDPISFYQUTDQGXSABT_JX104161_DELIM-TYWDPISFYQUTDQGXSABT_CBJ_037_DELIM-TYWDPISFYQUTDQGXSABT_2008) is ignored but added at the end
NOTE: nl63_DELIM-TYWDPISFYQUTDQGXSABT_MG428706_DELIM-TYWDPISFYQUTDQGXSABT_Kilifi_HH_3808_24_May_2010_DELIM-TYWDPISFYQUTDQGXSABT_2010 (identical to nl63_DELIM-TYWDPISFYQUTDQGXSABT_JX104161_DELIM-TYWDPISFYQUTDQGXSABT_CBJ_037_DELIM-TYWDPISFYQUTDQGXSABT_2008) is ignored but added at the end
NOTE: nl63_DELIM-TYWDPISFYQUTDQGXSABT_MG428707_DELIM-TYWDPISFYQUTDQGXSABT_Kilifi_HH_5401_20_May_2010_DELIM-TYWDPISFYQUTDQGXSABT_2010 (identical to nl63_DELIM-TYWDPISFYQUTDQGXSABT_JX104161_DELIM-TYWDPISFYQUTDQGXSABT_CBJ_037_DELIM-TYWDPISFYQUTDQGXSABT_2008) is ignored but added at the end
NOTE: nl63_DELIM-TYWDPISFYQUTDQGXSABT_MG428704_DELIM-TYWDPISFYQUTDQGXSABT_Kilifi_HH_5402_20_May_2010_DELIM-TYWDPISFYQUTDQGXSABT_2010 (identical to nl63_DELIM-TYWDPISFYQUTDQGXSABT_JX104161_DELIM-TYWDPISFYQUTDQGXSABT_CBJ_037_DELIM-TYWDPISFYQUTDQGXSABT_2008) is ignored but added at the end
NOTE: nl63_DELIM-TYWDPISFYQUTDQGXSABT_MG428699_DELIM-TYWDPISFYQUTDQGXSABT_Kilifi_HH_5709_19_May_2010_DELIM-TYWDPISFYQUTDQGXSABT_2010 (identical to nl63_DELIM-TYWDPISFYQUTDQGXSABT_JX104161_DELIM-TYWDPISFYQUTDQGXSABT_CBJ_037_DELIM-TYWDPISFYQUTDQGXSABT_2008) is ignored but added at the end
NOTE: nl63_DELIM-TYWDPISFYQUTDQGXSABT_KF530110_DELIM-TYWDPISFYQUTDQGXSABT_NL63_DELIM-TYWDPISFYQUTDQGXSABT_human_DELIM-TYWDPISFYQUTDQGXSABT_USA_DELIM-TYWDPISFYQUTDQGXSABT_838_9_DELIM-TYWDPISFYQUTDQGXSABT_1983_DELIM-TYWDPISFYQUTDQGXSABT_1983 (identical to nl63_DELIM-TYWDPISFYQUTDQGXSABT_JX104161_DELIM-TYWDPISFYQUTDQGXSABT_CBJ_037_DELIM-TYWDPISFYQUTDQGXSABT_2008) is ignored but added at the end
NOTE: nl63_DELIM-TYWDPISFYQUTDQGXSABT_KF530114_DELIM-TYWDPISFYQUTDQGXSABT_NL63_DELIM-TYWDPISFYQUTDQGXSABT_human_DELIM-TYWDPISFYQUTDQGXSABT_USA_DELIM-TYWDPISFYQUTDQGXSABT_891_4_DELIM-TYWDPISFYQUTDQGXSABT_1989_DELIM-TYWDPISFYQUTDQGXSABT_1989 (identical to nl63_DELIM-TYWDPISFYQUTDQGXSABT_JX104161_DELIM-TYWDPISFYQUTDQGXSABT_CBJ_037_DELIM-TYWDPISFYQUTDQGXSABT_2008) is ignored but added at the end
NOTE: nl63_DELIM-TYWDPISFYQUTDQGXSABT_KF530108_DELIM-TYWDPISFYQUTDQGXSABT_NL63_DELIM-TYWDPISFYQUTDQGXSABT_human_DELIM-TYWDPISFYQUTDQGXSABT_USA_DELIM-TYWDPISFYQUTDQGXSABT_891_6_DELIM-TYWDPISFYQUTDQGXSABT_1989_DELIM-TYWDPISFYQUTDQGXSABT_1989 (identical to nl63_DELIM-TYWDPISFYQUTDQGXSABT_JX104161_DELIM-TYWDPISFYQUTDQGXSABT_CBJ_037_DELIM-TYWDPISFYQUTDQGXSABT_2008) is ignored but added at the end
NOTE: nl63_DELIM-TYWDPISFYQUTDQGXSABT_KF530104_DELIM-TYWDPISFYQUTDQGXSABT_NL63_DELIM-TYWDPISFYQUTDQGXSABT_human_DELIM-TYWDPISFYQUTDQGXSABT_USA_DELIM-TYWDPISFYQUTDQGXSABT_904_20_DELIM-TYWDPISFYQUTDQGXSABT_1990_DELIM-TYWDPISFYQUTDQGXSABT_1990 (identical to nl63_DELIM-TYWDPISFYQUTDQGXSABT_JX104161_DELIM-TYWDPISFYQUTDQGXSABT_CBJ_037_DELIM-TYWDPISFYQUTDQGXSABT_2008) is ignored but added at the end
NOTE: nl63_DELIM-TYWDPISFYQUTDQGXSABT_JQ765563_DELIM-TYWDPISFYQUTDQGXSABT_NL63_DELIM-TYWDPISFYQUTDQGXSABT_DEN_DELIM-TYWDPISFYQUTDQGXSABT_2009_DELIM-TYWDPISFYQUTDQGXSABT_9_DELIM-TYWDPISFYQUTDQGXSABT_2009 (identical to nl63_DELIM-TYWDPISFYQUTDQGXSABT_JQ765565_DELIM-TYWDPISFYQUTDQGXSABT_NL63_DELIM-TYWDPISFYQUTDQGXSABT_DEN_DELIM-TYWDPISFYQUTDQGXSABT_2009_DELIM-TYWDPISFYQUTDQGXSABT_15_DELIM-TYWDPISFYQUTDQGXSABT_2009) is ignored but added at the end
NOTE: nl63_DELIM-TYWDPISFYQUTDQGXSABT_KY674915_DELIM-TYWDPISFYQUTDQGXSABT_N07_6B_DELIM-TYWDPISFYQUTDQGXSABT_2016 (identical to nl63_DELIM-TYWDPISFYQUTDQGXSABT_KY554967_DELIM-TYWDPISFYQUTDQGXSABT_N06_1144B_DELIM-TYWDPISFYQUTDQGXSABT_2016) is ignored but added at the end
NOTE: nl63_DELIM-TYWDPISFYQUTDQGXSABT_KY554971_DELIM-TYWDPISFYQUTDQGXSABT_N07_468B_176X_DELIM-TYWDPISFYQUTDQGXSABT_2016 (identical to nl63_DELIM-TYWDPISFYQUTDQGXSABT_KY554969_DELIM-TYWDPISFYQUTDQGXSABT_N07_196B_DELIM-TYWDPISFYQUTDQGXSABT_2016) is ignored but added at the end
NOTE: nl63_DELIM-TYWDPISFYQUTDQGXSABT_JQ765574_DELIM-TYWDPISFYQUTDQGXSABT_NL63_DELIM-TYWDPISFYQUTDQGXSABT_DEN_DELIM-TYWDPISFYQUTDQGXSABT_2005_DELIM-TYWDPISFYQUTDQGXSABT_1862_DELIM-TYWDPISFYQUTDQGXSABT_2005 (identical to nl63_DELIM-TYWDPISFYQUTDQGXSABT_KY554969_DELIM-TYWDPISFYQUTDQGXSABT_N07_196B_DELIM-TYWDPISFYQUTDQGXSABT_2016) is ignored but added at the end
NOTE: nl63_DELIM-TYWDPISFYQUTDQGXSABT_JQ900259_DELIM-TYWDPISFYQUTDQGXSABT_NL63_DELIM-TYWDPISFYQUTDQGXSABT_DEN_DELIM-TYWDPISFYQUTDQGXSABT_2005_DELIM-TYWDPISFYQUTDQGXSABT_449_DELIM-TYWDPISFYQUTDQGXSABT_2005 (identical to nl63_DELIM-TYWDPISFYQUTDQGXSABT_JQ765573_DELIM-TYWDPISFYQUTDQGXSABT_NL63_DELIM-TYWDPISFYQUTDQGXSABT_DEN_DELIM-TYWDPISFYQUTDQGXSABT_2005_DELIM-TYWDPISFYQUTDQGXSABT_1062_DELIM-TYWDPISFYQUTDQGXSABT_2005) is ignored but added at the end
NOTE: nl63_DELIM-TYWDPISFYQUTDQGXSABT_KU521535_DELIM-TYWDPISFYQUTDQGXSABT_NL63_DELIM-TYWDPISFYQUTDQGXSABT_UF_2_DELIM-TYWDPISFYQUTDQGXSABT_2015_DELIM-TYWDPISFYQUTDQGXSABT_2015 (identical to nl63_DELIM-TYWDPISFYQUTDQGXSABT_JQ765567_DELIM-TYWDPISFYQUTDQGXSABT_NL63_DELIM-TYWDPISFYQUTDQGXSABT_DEN_DELIM-TYWDPISFYQUTDQGXSABT_2009_DELIM-TYWDPISFYQUTDQGXSABT_20_DELIM-TYWDPISFYQUTDQGXSABT_2009) is ignored but added at the end
NOTE: nl63_DELIM-TYWDPISFYQUTDQGXSABT_KX179500_DELIM-TYWDPISFYQUTDQGXSABT_NL63_DELIM-TYWDPISFYQUTDQGXSABT_UF_2_DELIM-TYWDPISFYQUTDQGXSABT_2015_DELIM-TYWDPISFYQUTDQGXSABT_2015 (identical to nl63_DELIM-TYWDPISFYQUTDQGXSABT_JQ765567_DELIM-TYWDPISFYQUTDQGXSABT_NL63_DELIM-TYWDPISFYQUTDQGXSABT_DEN_DELIM-TYWDPISFYQUTDQGXSABT_2009_DELIM-TYWDPISFYQUTDQGXSABT_20_DELIM-TYWDPISFYQUTDQGXSABT_2009) is ignored but added at the end
Alignment was printed to results/aligned_nl63_protein3-delim.fasta.uniqueseq.phy

For your convenience alignment with unique sequences printed to results/aligned_nl63_protein3-delim.fasta.uniqueseq.phy

Create initial parsimony tree by phylogenetic likelihood library (PLL)... 0.001 seconds

NOTE: 0 MB RAM (0 GB) is required!
Estimate model parameters (epsilon = 0.500)
1. Initial log-likelihood: -1710.879
2. Current log-likelihood: -1617.011
3. Current log-likelihood: -1601.451
4. Current log-likelihood: -1600.880
Optimal log-likelihood: -1600.874
Rate parameters:  A-C: 0.74026  A-G: 4.08538  A-T: 0.41484  C-G: 0.00010  C-T: 16.94165  G-T: 1.00000
Base frequencies:  A: 0.230  C: 0.163  G: 0.174  T: 0.433
Parameters optimization took 4 rounds (0.034 sec)
Wrote distance file to... 
Computing ML distances based on estimated model parameters...
Calculating distance matrix: done in 0.00300193 secs using 97.64% CPU
Computing ML distances took 0.003108 sec (of wall-clock time) 0.003003 sec (of CPU time)
Setting up auxiliary I and S matrices: done in 0.000157833 secs using 124.2% CPU
Constructing RapidNJ tree: done in 0.000386 secs using 158.5% CPU
Computing RapidNJ tree took 0.000645 sec (of wall-clock time) 0.000966 sec (of CPU time)
Log-likelihood of RapidNJ tree: -1234.510
--------------------------------------------------------------------
|             INITIALIZING CANDIDATE TREE SET                      |
--------------------------------------------------------------------

Do NNI search on 2 best initial trees
Optimizing NNI: done in 0.00238013 secs using 186.7% CPU
BETTER TREE FOUND at iteration 1: -1234.510
Optimizing NNI: done in 0.035466 secs using 168.7% CPU
Finish initializing candidate tree set (4)
Current best tree score: -1234.510 / CPU time: 0.040
Number of iterations: 2
TREE SEARCH COMPLETED AFTER 2 ITERATIONS / Time: 0h:0m:0s

--------------------------------------------------------------------
|                    FINALIZING TREE SEARCH                        |
--------------------------------------------------------------------
Performs final model parameters optimization
Estimate model parameters (epsilon = 0.050)
1. Initial log-likelihood: -1234.510
2. Current log-likelihood: -1233.406
3. Current log-likelihood: -1232.681
4. Current log-likelihood: -1232.569
Optimal log-likelihood: -1232.545
Rate parameters:  A-C: 0.85215  A-G: 2.48717  A-T: 0.31327  C-G: 0.00010  C-T: 8.08001  G-T: 1.00000
Base frequencies:  A: 0.230  C: 0.163  G: 0.174  T: 0.433
Parameters optimization took 4 rounds (0.021 sec)
BEST SCORE FOUND : -1232.545
Total tree length: 0.074

Total number of iterations: 2
CPU time used for tree search: 0.069 sec (0h:0m:0s)
Wall-clock time used for tree search: 0.040 sec (0h:0m:0s)
Total CPU time used: 0.154 sec (0h:0m:0s)
Total wall-clock time used: 0.116 sec (0h:0m:0s)

Analysis results written to: 
  IQ-TREE report:                results/aligned_nl63_protein3-delim.fasta.iqtree
  Maximum-likelihood tree:       results/aligned_nl63_protein3-delim.fasta.treefile
  Likelihood distances:          results/aligned_nl63_protein3-delim.fasta.mldist
  Screen log file:               results/aligned_nl63_protein3-delim.fasta.log

Date and Time: Thu May 12 17:36:01 2022
