IQ-TREE multicore version 2.2.0-beta COVID-edition for Mac OS X 64-bit built Mar  3 2022 built Mar  3 2022
Developed by Bui Quang Minh, James Barbetti, Nguyen Lam Tung,
Olga Chernomor, Heiko Schmidt, Dominik Schrempf, Michael Woodhams, Ly Trong Nhan.

Host:    MacBook-Pro-2.local (SSE4.2, 8 GB RAM)
Command: iqtree2 -nt 1 -s results/aligned_nl63_spike-delim.fasta -m GTR -ninit 2 -n 2 -me 0.05
Seed:    895696 (Using SPRNG - Scalable Parallel Random Number Generator)
Time:    Wed Apr 27 14:48:42 2022
Kernel:  SSE2 - 1 threads (8 CPU cores detected)

HINT: Use -nt option to specify number of threads because your CPU has 8 cores!
HINT: -nt AUTO will automatically determine the best number of threads to use.

Reading alignment file results/aligned_nl63_spike-delim.fasta ... Fasta format detected
Reading fasta file: done in 0.0111699 secs using 90.75% CPU
Alignment most likely contains DNA/RNA sequences
Constructing alignment: done in 0.00461292 secs using 83.63% CPU
Alignment has 159 sequences with 4071 columns, 418 distinct patterns
265 parsimony-informative, 125 singleton sites, 3681 constant sites
                                                                                                                                                                                                                                                   Gap/Ambiguity  Composition  p-value
Analyzing sequences: done in 0.000211 secs using 36.97% CPU
   1  nl63_DELIM-ADVBZBCVBDQLFBLNGXQT_JX504050_DELIM-ADVBZBCVBDQLFBLNGXQT_NL63_DELIM-ADVBZBCVBDQLFBLNGXQT_RPTEC_DELIM-ADVBZBCVBDQLFBLNGXQT_2004_DELIM-ADVBZBCVBDQLFBLNGXQT_2004                                                                            0.00%    passed     96.15%
   2  nl63_DELIM-ADVBZBCVBDQLFBLNGXQT_JQ765573_DELIM-ADVBZBCVBDQLFBLNGXQT_NL63_DELIM-ADVBZBCVBDQLFBLNGXQT_DEN_DELIM-ADVBZBCVBDQLFBLNGXQT_2005_DELIM-ADVBZBCVBDQLFBLNGXQT_1062_DELIM-ADVBZBCVBDQLFBLNGXQT_2005                                              0.00%    passed     95.61%
   3  nl63_DELIM-ADVBZBCVBDQLFBLNGXQT_JQ765568_DELIM-ADVBZBCVBDQLFBLNGXQT_NL63_DELIM-ADVBZBCVBDQLFBLNGXQT_DEN_DELIM-ADVBZBCVBDQLFBLNGXQT_2005_DELIM-ADVBZBCVBDQLFBLNGXQT_193_DELIM-ADVBZBCVBDQLFBLNGXQT_2005                                               0.00%    passed     95.87%
   4  nl63_DELIM-ADVBZBCVBDQLFBLNGXQT_KY862052_DELIM-ADVBZBCVBDQLFBLNGXQT_NL63_DELIM-ADVBZBCVBDQLFBLNGXQT_FRA_EPI_DELIM-ADVBZBCVBDQLFBLNGXQT_Caen_DELIM-ADVBZBCVBDQLFBLNGXQT_2005_DELIM-ADVBZBCVBDQLFBLNGXQT_03_DELIM-ADVBZBCVBDQLFBLNGXQT_2005           38.00%    passed     89.81%
   5  nl63_DELIM-ADVBZBCVBDQLFBLNGXQT_JQ900259_DELIM-ADVBZBCVBDQLFBLNGXQT_NL63_DELIM-ADVBZBCVBDQLFBLNGXQT_DEN_DELIM-ADVBZBCVBDQLFBLNGXQT_2005_DELIM-ADVBZBCVBDQLFBLNGXQT_449_DELIM-ADVBZBCVBDQLFBLNGXQT_2005                                               0.00%    passed     95.81%
   6  nl63_DELIM-ADVBZBCVBDQLFBLNGXQT_JQ765575_DELIM-ADVBZBCVBDQLFBLNGXQT_NL63_DELIM-ADVBZBCVBDQLFBLNGXQT_DEN_DELIM-ADVBZBCVBDQLFBLNGXQT_2005_DELIM-ADVBZBCVBDQLFBLNGXQT_1876_DELIM-ADVBZBCVBDQLFBLNGXQT_2005                                              0.00%    passed     96.26%
   7  nl63_DELIM-ADVBZBCVBDQLFBLNGXQT_JQ765571_DELIM-ADVBZBCVBDQLFBLNGXQT_NL63_DELIM-ADVBZBCVBDQLFBLNGXQT_DEN_DELIM-ADVBZBCVBDQLFBLNGXQT_2005_DELIM-ADVBZBCVBDQLFBLNGXQT_271_DELIM-ADVBZBCVBDQLFBLNGXQT_2005                                               0.00%    passed     96.24%
   8  nl63_DELIM-ADVBZBCVBDQLFBLNGXQT_JQ765572_DELIM-ADVBZBCVBDQLFBLNGXQT_NL63_DELIM-ADVBZBCVBDQLFBLNGXQT_DEN_DELIM-ADVBZBCVBDQLFBLNGXQT_2005_DELIM-ADVBZBCVBDQLFBLNGXQT_347_DELIM-ADVBZBCVBDQLFBLNGXQT_2005                                               0.00%    passed     96.50%
   9  nl63_DELIM-ADVBZBCVBDQLFBLNGXQT_JQ900260_DELIM-ADVBZBCVBDQLFBLNGXQT_NL63_DELIM-ADVBZBCVBDQLFBLNGXQT_DEN_DELIM-ADVBZBCVBDQLFBLNGXQT_2005_DELIM-ADVBZBCVBDQLFBLNGXQT_1120_DELIM-ADVBZBCVBDQLFBLNGXQT_2005                                             25.92%    passed     81.40%
  10  nl63_DELIM-ADVBZBCVBDQLFBLNGXQT_KY554969_DELIM-ADVBZBCVBDQLFBLNGXQT_N07_196B_DELIM-ADVBZBCVBDQLFBLNGXQT_2016                                                                                                                                         0.00%    passed     97.10%
  11  nl63_DELIM-ADVBZBCVBDQLFBLNGXQT_KY829118_DELIM-ADVBZBCVBDQLFBLNGXQT_N07_262B_DELIM-ADVBZBCVBDQLFBLNGXQT_2015                                                                                                                                         0.00%    passed     97.10%
  12  nl63_DELIM-ADVBZBCVBDQLFBLNGXQT_KY862054_DELIM-ADVBZBCVBDQLFBLNGXQT_NL63_DELIM-ADVBZBCVBDQLFBLNGXQT_FRA_EPI_DELIM-ADVBZBCVBDQLFBLNGXQT_Caen_DELIM-ADVBZBCVBDQLFBLNGXQT_2004_DELIM-ADVBZBCVBDQLFBLNGXQT_01_DELIM-ADVBZBCVBDQLFBLNGXQT_2004           38.00%    passed     85.34%
  13  nl63_DELIM-ADVBZBCVBDQLFBLNGXQT_KY554971_DELIM-ADVBZBCVBDQLFBLNGXQT_N07_468B_176X_DELIM-ADVBZBCVBDQLFBLNGXQT_2016                                                                                                                                    0.00%    passed     97.33%
  14  nl63_DELIM-ADVBZBCVBDQLFBLNGXQT_KY862053_DELIM-ADVBZBCVBDQLFBLNGXQT_NL63_DELIM-ADVBZBCVBDQLFBLNGXQT_FRA_EPI_DELIM-ADVBZBCVBDQLFBLNGXQT_Caen_DELIM-ADVBZBCVBDQLFBLNGXQT_2004_DELIM-ADVBZBCVBDQLFBLNGXQT_02_DELIM-ADVBZBCVBDQLFBLNGXQT_2004           38.00%    passed     86.41%
  15  nl63_DELIM-ADVBZBCVBDQLFBLNGXQT_JQ765574_DELIM-ADVBZBCVBDQLFBLNGXQT_NL63_DELIM-ADVBZBCVBDQLFBLNGXQT_DEN_DELIM-ADVBZBCVBDQLFBLNGXQT_2005_DELIM-ADVBZBCVBDQLFBLNGXQT_1862_DELIM-ADVBZBCVBDQLFBLNGXQT_2005                                              0.00%    passed     96.40%
  16  nl63_DELIM-ADVBZBCVBDQLFBLNGXQT_KF530105_DELIM-ADVBZBCVBDQLFBLNGXQT_NL63_DELIM-ADVBZBCVBDQLFBLNGXQT_human_DELIM-ADVBZBCVBDQLFBLNGXQT_USA_DELIM-ADVBZBCVBDQLFBLNGXQT_012_31_DELIM-ADVBZBCVBDQLFBLNGXQT_2001_DELIM-ADVBZBCVBDQLFBLNGXQT_2001           0.00%    passed     96.15%
  17  nl63_DELIM-ADVBZBCVBDQLFBLNGXQT_KF530110_DELIM-ADVBZBCVBDQLFBLNGXQT_NL63_DELIM-ADVBZBCVBDQLFBLNGXQT_human_DELIM-ADVBZBCVBDQLFBLNGXQT_USA_DELIM-ADVBZBCVBDQLFBLNGXQT_838_9_DELIM-ADVBZBCVBDQLFBLNGXQT_1983_DELIM-ADVBZBCVBDQLFBLNGXQT_1983            0.00%    passed     95.07%
  18  nl63_DELIM-ADVBZBCVBDQLFBLNGXQT_KF530106_DELIM-ADVBZBCVBDQLFBLNGXQT_NL63_DELIM-ADVBZBCVBDQLFBLNGXQT_human_DELIM-ADVBZBCVBDQLFBLNGXQT_USA_DELIM-ADVBZBCVBDQLFBLNGXQT_8712_17_DELIM-ADVBZBCVBDQLFBLNGXQT_1987_DELIM-ADVBZBCVBDQLFBLNGXQT_1987          0.07%    passed     96.53%
  19  nl63_DELIM-ADVBZBCVBDQLFBLNGXQT_KF530114_DELIM-ADVBZBCVBDQLFBLNGXQT_NL63_DELIM-ADVBZBCVBDQLFBLNGXQT_human_DELIM-ADVBZBCVBDQLFBLNGXQT_USA_DELIM-ADVBZBCVBDQLFBLNGXQT_891_4_DELIM-ADVBZBCVBDQLFBLNGXQT_1989_DELIM-ADVBZBCVBDQLFBLNGXQT_1989            0.07%    passed     95.78%
  20  nl63_DELIM-ADVBZBCVBDQLFBLNGXQT_KF530108_DELIM-ADVBZBCVBDQLFBLNGXQT_NL63_DELIM-ADVBZBCVBDQLFBLNGXQT_human_DELIM-ADVBZBCVBDQLFBLNGXQT_USA_DELIM-ADVBZBCVBDQLFBLNGXQT_891_6_DELIM-ADVBZBCVBDQLFBLNGXQT_1989_DELIM-ADVBZBCVBDQLFBLNGXQT_1989            0.07%    passed     95.78%
  21  nl63_DELIM-ADVBZBCVBDQLFBLNGXQT_KF530104_DELIM-ADVBZBCVBDQLFBLNGXQT_NL63_DELIM-ADVBZBCVBDQLFBLNGXQT_human_DELIM-ADVBZBCVBDQLFBLNGXQT_USA_DELIM-ADVBZBCVBDQLFBLNGXQT_904_20_DELIM-ADVBZBCVBDQLFBLNGXQT_1990_DELIM-ADVBZBCVBDQLFBLNGXQT_1990           0.07%    passed     95.78%
  22  nl63_DELIM-ADVBZBCVBDQLFBLNGXQT_KF530109_DELIM-ADVBZBCVBDQLFBLNGXQT_NL63_DELIM-ADVBZBCVBDQLFBLNGXQT_human_DELIM-ADVBZBCVBDQLFBLNGXQT_USA_DELIM-ADVBZBCVBDQLFBLNGXQT_903_28_DELIM-ADVBZBCVBDQLFBLNGXQT_1990_DELIM-ADVBZBCVBDQLFBLNGXQT_1990           0.07%    passed     96.20%
  23  nl63_DELIM-ADVBZBCVBDQLFBLNGXQT_KF530113_DELIM-ADVBZBCVBDQLFBLNGXQT_NL63_DELIM-ADVBZBCVBDQLFBLNGXQT_human_DELIM-ADVBZBCVBDQLFBLNGXQT_USA_DELIM-ADVBZBCVBDQLFBLNGXQT_905_25_DELIM-ADVBZBCVBDQLFBLNGXQT_1990_DELIM-ADVBZBCVBDQLFBLNGXQT_1990           0.07%    passed     95.27%
  24  nl63_DELIM-ADVBZBCVBDQLFBLNGXQT_KF530107_DELIM-ADVBZBCVBDQLFBLNGXQT_NL63_DELIM-ADVBZBCVBDQLFBLNGXQT_human_DELIM-ADVBZBCVBDQLFBLNGXQT_USA_DELIM-ADVBZBCVBDQLFBLNGXQT_911_56_DELIM-ADVBZBCVBDQLFBLNGXQT_1991_DELIM-ADVBZBCVBDQLFBLNGXQT_1991           0.07%    passed     95.70%
  25  nl63_DELIM-ADVBZBCVBDQLFBLNGXQT_KF530111_DELIM-ADVBZBCVBDQLFBLNGXQT_NL63_DELIM-ADVBZBCVBDQLFBLNGXQT_human_DELIM-ADVBZBCVBDQLFBLNGXQT_USA_DELIM-ADVBZBCVBDQLFBLNGXQT_901_24_DELIM-ADVBZBCVBDQLFBLNGXQT_1990_DELIM-ADVBZBCVBDQLFBLNGXQT_1990           0.07%    passed     95.78%
  26  nl63_DELIM-ADVBZBCVBDQLFBLNGXQT_KT266906_DELIM-ADVBZBCVBDQLFBLNGXQT_HCoV_NL63_DELIM-ADVBZBCVBDQLFBLNGXQT_Haiti_1_DELIM-ADVBZBCVBDQLFBLNGXQT_2015_DELIM-ADVBZBCVBDQLFBLNGXQT_2015                                                                     0.00%    passed     98.09%
  27  nl63_DELIM-ADVBZBCVBDQLFBLNGXQT_KX179494_DELIM-ADVBZBCVBDQLFBLNGXQT_NL63_DELIM-ADVBZBCVBDQLFBLNGXQT_Haiti_2_DELIM-ADVBZBCVBDQLFBLNGXQT_2015_DELIM-ADVBZBCVBDQLFBLNGXQT_2015                                                                          0.00%    passed     98.09%
  28  nl63_DELIM-ADVBZBCVBDQLFBLNGXQT_KX179495_DELIM-ADVBZBCVBDQLFBLNGXQT_NL63_DELIM-ADVBZBCVBDQLFBLNGXQT_Haiti_3_DELIM-ADVBZBCVBDQLFBLNGXQT_2015_DELIM-ADVBZBCVBDQLFBLNGXQT_2015                                                                          0.00%    passed     98.09%
  29  nl63_DELIM-ADVBZBCVBDQLFBLNGXQT_KX179496_DELIM-ADVBZBCVBDQLFBLNGXQT_NL63_DELIM-ADVBZBCVBDQLFBLNGXQT_Haiti_4_DELIM-ADVBZBCVBDQLFBLNGXQT_2015_DELIM-ADVBZBCVBDQLFBLNGXQT_2015                                                                          0.00%    passed     98.09%
  30  nl63_DELIM-ADVBZBCVBDQLFBLNGXQT_KM055632_DELIM-ADVBZBCVBDQLFBLNGXQT_1014A_2008_DELIM-ADVBZBCVBDQLFBLNGXQT_2008                                                                                                                                       0.00%    passed     97.41%
  31  nl63_DELIM-ADVBZBCVBDQLFBLNGXQT_KM055635_DELIM-ADVBZBCVBDQLFBLNGXQT_1093A_2008_DELIM-ADVBZBCVBDQLFBLNGXQT_2008                                                                                                                                       0.00%    passed     97.58%
  32  nl63_DELIM-ADVBZBCVBDQLFBLNGXQT_KM055637_DELIM-ADVBZBCVBDQLFBLNGXQT_945A_2008_DELIM-ADVBZBCVBDQLFBLNGXQT_2008                                                                                                                                        0.00%    passed     97.58%
  33  nl63_DELIM-ADVBZBCVBDQLFBLNGXQT_KY862043_DELIM-ADVBZBCVBDQLFBLNGXQT_NL63_DELIM-ADVBZBCVBDQLFBLNGXQT_FRA_EPI_DELIM-ADVBZBCVBDQLFBLNGXQT_Caen_DELIM-ADVBZBCVBDQLFBLNGXQT_2011_DELIM-ADVBZBCVBDQLFBLNGXQT_12_DELIM-ADVBZBCVBDQLFBLNGXQT_2011           38.00%    passed     85.18%
  34  nl63_DELIM-ADVBZBCVBDQLFBLNGXQT_JQ900257_DELIM-ADVBZBCVBDQLFBLNGXQT_NL63_DELIM-ADVBZBCVBDQLFBLNGXQT_DEN_DELIM-ADVBZBCVBDQLFBLNGXQT_2009_DELIM-ADVBZBCVBDQLFBLNGXQT_31_DELIM-ADVBZBCVBDQLFBLNGXQT_2009                                                0.02%    passed     97.89%
  35  nl63_DELIM-ADVBZBCVBDQLFBLNGXQT_KM055649_DELIM-ADVBZBCVBDQLFBLNGXQT_996A_2008_DELIM-ADVBZBCVBDQLFBLNGXQT_2008                                                                                                                                        0.00%    passed     97.29%
  36  nl63_DELIM-ADVBZBCVBDQLFBLNGXQT_KM055633_DELIM-ADVBZBCVBDQLFBLNGXQT_2093A_2010_DELIM-ADVBZBCVBDQLFBLNGXQT_2010                                                                                                                                       0.00%    passed     97.91%
  37  nl63_DELIM-ADVBZBCVBDQLFBLNGXQT_JX524171_DELIM-ADVBZBCVBDQLFBLNGXQT_CBJ123_DELIM-ADVBZBCVBDQLFBLNGXQT_2009                                                                                                                                           0.00%    passed     97.70%
  38  nl63_DELIM-ADVBZBCVBDQLFBLNGXQT_MG356424_DELIM-ADVBZBCVBDQLFBLNGXQT_Kilifi_DELIM-ADVBZBCVBDQLFBLNGXQT_HH_DELIM-ADVBZBCVBDQLFBLNGXQT_0511_DELIM-ADVBZBCVBDQLFBLNGXQT_01_Jun_2010_DELIM-ADVBZBCVBDQLFBLNGXQT_2010                                     46.08%    passed     82.09%
  39  nl63_DELIM-ADVBZBCVBDQLFBLNGXQT_MG356426_DELIM-ADVBZBCVBDQLFBLNGXQT_Kilifi_DELIM-ADVBZBCVBDQLFBLNGXQT_HH_DELIM-ADVBZBCVBDQLFBLNGXQT_0512_DELIM-ADVBZBCVBDQLFBLNGXQT_04_Jun_2010_DELIM-ADVBZBCVBDQLFBLNGXQT_2010                                     46.08%    passed     82.09%
  40  nl63_DELIM-ADVBZBCVBDQLFBLNGXQT_MG356422_DELIM-ADVBZBCVBDQLFBLNGXQT_Kilifi_DELIM-ADVBZBCVBDQLFBLNGXQT_HH_DELIM-ADVBZBCVBDQLFBLNGXQT_0522_DELIM-ADVBZBCVBDQLFBLNGXQT_21_May_2010_DELIM-ADVBZBCVBDQLFBLNGXQT_2010                                     46.08%    passed     82.09%
  41  nl63_DELIM-ADVBZBCVBDQLFBLNGXQT_MG356417_DELIM-ADVBZBCVBDQLFBLNGXQT_Kilifi_DELIM-ADVBZBCVBDQLFBLNGXQT_HH_DELIM-ADVBZBCVBDQLFBLNGXQT_1612_DELIM-ADVBZBCVBDQLFBLNGXQT_18_May_2010_DELIM-ADVBZBCVBDQLFBLNGXQT_2010                                     46.08%    passed     82.09%
  42  nl63_DELIM-ADVBZBCVBDQLFBLNGXQT_MG356414_DELIM-ADVBZBCVBDQLFBLNGXQT_Kilifi_DELIM-ADVBZBCVBDQLFBLNGXQT_HH_DELIM-ADVBZBCVBDQLFBLNGXQT_3807_DELIM-ADVBZBCVBDQLFBLNGXQT_11_May_2010_DELIM-ADVBZBCVBDQLFBLNGXQT_2010                                     46.08%    passed     82.09%
  43  nl63_DELIM-ADVBZBCVBDQLFBLNGXQT_MG356423_DELIM-ADVBZBCVBDQLFBLNGXQT_Kilifi_DELIM-ADVBZBCVBDQLFBLNGXQT_HH_DELIM-ADVBZBCVBDQLFBLNGXQT_3808_DELIM-ADVBZBCVBDQLFBLNGXQT_24_May_2010_DELIM-ADVBZBCVBDQLFBLNGXQT_2010                                     46.08%    passed     82.09%
  44  nl63_DELIM-ADVBZBCVBDQLFBLNGXQT_MG356419_DELIM-ADVBZBCVBDQLFBLNGXQT_Kilifi_DELIM-ADVBZBCVBDQLFBLNGXQT_HH_DELIM-ADVBZBCVBDQLFBLNGXQT_5402_DELIM-ADVBZBCVBDQLFBLNGXQT_20_May_2010_DELIM-ADVBZBCVBDQLFBLNGXQT_2010                                     46.08%    passed     82.09%
  45  nl63_DELIM-ADVBZBCVBDQLFBLNGXQT_MG356416_DELIM-ADVBZBCVBDQLFBLNGXQT_Kilifi_DELIM-ADVBZBCVBDQLFBLNGXQT_HH_DELIM-ADVBZBCVBDQLFBLNGXQT_5405_DELIM-ADVBZBCVBDQLFBLNGXQT_15_May_2010_DELIM-ADVBZBCVBDQLFBLNGXQT_2010                                     46.08%    passed     82.09%
  46  nl63_DELIM-ADVBZBCVBDQLFBLNGXQT_MG356415_DELIM-ADVBZBCVBDQLFBLNGXQT_Kilifi_DELIM-ADVBZBCVBDQLFBLNGXQT_IP_DELIM-ADVBZBCVBDQLFBLNGXQT_002_DELIM-ADVBZBCVBDQLFBLNGXQT_14_May_2010_DELIM-ADVBZBCVBDQLFBLNGXQT_2010                                      46.08%    passed     82.09%
  47  nl63_DELIM-ADVBZBCVBDQLFBLNGXQT_MG356420_DELIM-ADVBZBCVBDQLFBLNGXQT_Kilifi_DELIM-ADVBZBCVBDQLFBLNGXQT_IP_DELIM-ADVBZBCVBDQLFBLNGXQT_003_DELIM-ADVBZBCVBDQLFBLNGXQT_20_May_2010_DELIM-ADVBZBCVBDQLFBLNGXQT_2010                                      46.08%    passed     82.09%
  48  nl63_DELIM-ADVBZBCVBDQLFBLNGXQT_MG356427_DELIM-ADVBZBCVBDQLFBLNGXQT_Kilifi_DELIM-ADVBZBCVBDQLFBLNGXQT_IP_DELIM-ADVBZBCVBDQLFBLNGXQT_004_DELIM-ADVBZBCVBDQLFBLNGXQT_20_Jun_2010_DELIM-ADVBZBCVBDQLFBLNGXQT_2010                                      46.08%    passed     82.09%
  49  nl63_DELIM-ADVBZBCVBDQLFBLNGXQT_MG356428_DELIM-ADVBZBCVBDQLFBLNGXQT_Kilifi_DELIM-ADVBZBCVBDQLFBLNGXQT_IP_DELIM-ADVBZBCVBDQLFBLNGXQT_005_DELIM-ADVBZBCVBDQLFBLNGXQT_09_Aug_2010_DELIM-ADVBZBCVBDQLFBLNGXQT_2010                                      46.08%    passed     82.09%
  50  nl63_DELIM-ADVBZBCVBDQLFBLNGXQT_MG428703_DELIM-ADVBZBCVBDQLFBLNGXQT_Kilifi_HH_0511_01_Jun_2010_DELIM-ADVBZBCVBDQLFBLNGXQT_2010                                                                                                                       0.00%    passed     97.80%
  51  nl63_DELIM-ADVBZBCVBDQLFBLNGXQT_MG428701_DELIM-ADVBZBCVBDQLFBLNGXQT_Kilifi_HH_0512_04_Jun_2010_DELIM-ADVBZBCVBDQLFBLNGXQT_2010                                                                                                                       0.00%    passed     97.80%
  52  nl63_DELIM-ADVBZBCVBDQLFBLNGXQT_MG428705_DELIM-ADVBZBCVBDQLFBLNGXQT_Kilifi_HH_0522_21_May_2010_DELIM-ADVBZBCVBDQLFBLNGXQT_2010                                                                                                                       0.00%    passed     97.80%
  53  nl63_DELIM-ADVBZBCVBDQLFBLNGXQT_MG428700_DELIM-ADVBZBCVBDQLFBLNGXQT_Kilifi_HH_1602_01_Jun_2010_DELIM-ADVBZBCVBDQLFBLNGXQT_2010                                                                                                                       0.00%    passed     97.80%
  54  nl63_DELIM-ADVBZBCVBDQLFBLNGXQT_MG428702_DELIM-ADVBZBCVBDQLFBLNGXQT_Kilifi_HH_3807_11_May_2010_DELIM-ADVBZBCVBDQLFBLNGXQT_2010                                                                                                                       0.00%    passed     97.80%
  55  nl63_DELIM-ADVBZBCVBDQLFBLNGXQT_MG428706_DELIM-ADVBZBCVBDQLFBLNGXQT_Kilifi_HH_3808_24_May_2010_DELIM-ADVBZBCVBDQLFBLNGXQT_2010                                                                                                                       0.00%    passed     97.80%
  56  nl63_DELIM-ADVBZBCVBDQLFBLNGXQT_MG428704_DELIM-ADVBZBCVBDQLFBLNGXQT_Kilifi_HH_5402_20_May_2010_DELIM-ADVBZBCVBDQLFBLNGXQT_2010                                                                                                                       0.00%    passed     97.80%
  57  nl63_DELIM-ADVBZBCVBDQLFBLNGXQT_MG356418_DELIM-ADVBZBCVBDQLFBLNGXQT_Kilifi_DELIM-ADVBZBCVBDQLFBLNGXQT_HH_DELIM-ADVBZBCVBDQLFBLNGXQT_5709_DELIM-ADVBZBCVBDQLFBLNGXQT_19_May_2010_DELIM-ADVBZBCVBDQLFBLNGXQT_2010                                     46.08%    passed     81.09%
  58  nl63_DELIM-ADVBZBCVBDQLFBLNGXQT_MG428699_DELIM-ADVBZBCVBDQLFBLNGXQT_Kilifi_HH_5709_19_May_2010_DELIM-ADVBZBCVBDQLFBLNGXQT_2010                                                                                                                       0.00%    passed     97.95%
  59  nl63_DELIM-ADVBZBCVBDQLFBLNGXQT_KM055636_DELIM-ADVBZBCVBDQLFBLNGXQT_940A_2008_DELIM-ADVBZBCVBDQLFBLNGXQT_2008                                                                                                                                        0.00%    passed     97.61%
  60  nl63_DELIM-ADVBZBCVBDQLFBLNGXQT_KM055650_DELIM-ADVBZBCVBDQLFBLNGXQT_930A_2008_DELIM-ADVBZBCVBDQLFBLNGXQT_2008                                                                                                                                        0.00%    passed     97.18%
  61  nl63_DELIM-ADVBZBCVBDQLFBLNGXQT_JX104161_DELIM-ADVBZBCVBDQLFBLNGXQT_CBJ_037_DELIM-ADVBZBCVBDQLFBLNGXQT_2008                                                                                                                                          0.00%    passed     97.36%
  62  nl63_DELIM-ADVBZBCVBDQLFBLNGXQT_KM055634_DELIM-ADVBZBCVBDQLFBLNGXQT_1023A_2008_DELIM-ADVBZBCVBDQLFBLNGXQT_2008                                                                                                                                       0.00%    passed     97.70%
  63  nl63_DELIM-ADVBZBCVBDQLFBLNGXQT_KY862039_DELIM-ADVBZBCVBDQLFBLNGXQT_NL63_DELIM-ADVBZBCVBDQLFBLNGXQT_FRA_EPI_DELIM-ADVBZBCVBDQLFBLNGXQT_Caen_DELIM-ADVBZBCVBDQLFBLNGXQT_2013_DELIM-ADVBZBCVBDQLFBLNGXQT_16_DELIM-ADVBZBCVBDQLFBLNGXQT_2013           38.00%    passed     86.97%
  64  nl63_DELIM-ADVBZBCVBDQLFBLNGXQT_MG356425_DELIM-ADVBZBCVBDQLFBLNGXQT_Kilifi_DELIM-ADVBZBCVBDQLFBLNGXQT_HH_DELIM-ADVBZBCVBDQLFBLNGXQT_0503_DELIM-ADVBZBCVBDQLFBLNGXQT_04_Jun_2010_DELIM-ADVBZBCVBDQLFBLNGXQT_2010                                     46.08%    passed     82.86%
  65  nl63_DELIM-ADVBZBCVBDQLFBLNGXQT_MG356447_DELIM-ADVBZBCVBDQLFBLNGXQT_Kilifi_DELIM-ADVBZBCVBDQLFBLNGXQT_IP_DELIM-ADVBZBCVBDQLFBLNGXQT_024_DELIM-ADVBZBCVBDQLFBLNGXQT_09_Dec_2013_DELIM-ADVBZBCVBDQLFBLNGXQT_2013                                      46.16%    passed     79.62%
  66  nl63_DELIM-ADVBZBCVBDQLFBLNGXQT_MG356448_DELIM-ADVBZBCVBDQLFBLNGXQT_Kilifi_DELIM-ADVBZBCVBDQLFBLNGXQT_IP_DELIM-ADVBZBCVBDQLFBLNGXQT_025_DELIM-ADVBZBCVBDQLFBLNGXQT_21_Jan_2014_DELIM-ADVBZBCVBDQLFBLNGXQT_2014                                      46.16%    passed     79.62%
  67  nl63_DELIM-ADVBZBCVBDQLFBLNGXQT_MG356449_DELIM-ADVBZBCVBDQLFBLNGXQT_Kilifi_DELIM-ADVBZBCVBDQLFBLNGXQT_IP_DELIM-ADVBZBCVBDQLFBLNGXQT_026_DELIM-ADVBZBCVBDQLFBLNGXQT_24_Jan_2014_DELIM-ADVBZBCVBDQLFBLNGXQT_2014                                      46.16%    passed     79.62%
  68  nl63_DELIM-ADVBZBCVBDQLFBLNGXQT_MG356451_DELIM-ADVBZBCVBDQLFBLNGXQT_Kilifi_DELIM-ADVBZBCVBDQLFBLNGXQT_IP_DELIM-ADVBZBCVBDQLFBLNGXQT_028_DELIM-ADVBZBCVBDQLFBLNGXQT_21_Feb_2014_DELIM-ADVBZBCVBDQLFBLNGXQT_2014                                      46.16%    passed     79.62%
  69  nl63_DELIM-ADVBZBCVBDQLFBLNGXQT_KY862040_DELIM-ADVBZBCVBDQLFBLNGXQT_NL63_DELIM-ADVBZBCVBDQLFBLNGXQT_FRA_EPI_DELIM-ADVBZBCVBDQLFBLNGXQT_Caen_DELIM-ADVBZBCVBDQLFBLNGXQT_2013_DELIM-ADVBZBCVBDQLFBLNGXQT_15_DELIM-ADVBZBCVBDQLFBLNGXQT_2013           38.07%    passed     83.35%
  70  nl63_DELIM-ADVBZBCVBDQLFBLNGXQT_KY862038_DELIM-ADVBZBCVBDQLFBLNGXQT_NL63_DELIM-ADVBZBCVBDQLFBLNGXQT_FRA_EPI_DELIM-ADVBZBCVBDQLFBLNGXQT_Caen_DELIM-ADVBZBCVBDQLFBLNGXQT_2014_DELIM-ADVBZBCVBDQLFBLNGXQT_17_DELIM-ADVBZBCVBDQLFBLNGXQT_2014           38.07%    passed     82.96%
  71  nl63_DELIM-ADVBZBCVBDQLFBLNGXQT_MG356450_DELIM-ADVBZBCVBDQLFBLNGXQT_Kilifi_DELIM-ADVBZBCVBDQLFBLNGXQT_IP_DELIM-ADVBZBCVBDQLFBLNGXQT_027_DELIM-ADVBZBCVBDQLFBLNGXQT_26_Jan_2014_DELIM-ADVBZBCVBDQLFBLNGXQT_2014                                      46.16%    passed     80.02%
  72  nl63_DELIM-ADVBZBCVBDQLFBLNGXQT_KY862037_DELIM-ADVBZBCVBDQLFBLNGXQT_NL63_DELIM-ADVBZBCVBDQLFBLNGXQT_FRA_EPI_DELIM-ADVBZBCVBDQLFBLNGXQT_Caen_DELIM-ADVBZBCVBDQLFBLNGXQT_2014_DELIM-ADVBZBCVBDQLFBLNGXQT_18_DELIM-ADVBZBCVBDQLFBLNGXQT_2014           38.07%    passed     83.99%
  73  nl63_DELIM-ADVBZBCVBDQLFBLNGXQT_MG356452_DELIM-ADVBZBCVBDQLFBLNGXQT_Kilifi_DELIM-ADVBZBCVBDQLFBLNGXQT_IP_DELIM-ADVBZBCVBDQLFBLNGXQT_029_DELIM-ADVBZBCVBDQLFBLNGXQT_27_May_2014_DELIM-ADVBZBCVBDQLFBLNGXQT_2014                                      46.16%    passed     78.62%
  74  nl63_DELIM-ADVBZBCVBDQLFBLNGXQT_KY862036_DELIM-ADVBZBCVBDQLFBLNGXQT_NL63_DELIM-ADVBZBCVBDQLFBLNGXQT_FRA_EPI_DELIM-ADVBZBCVBDQLFBLNGXQT_Caen_DELIM-ADVBZBCVBDQLFBLNGXQT_2015_DELIM-ADVBZBCVBDQLFBLNGXQT_19_DELIM-ADVBZBCVBDQLFBLNGXQT_2015           38.07%    passed     82.42%
  75  nl63_DELIM-ADVBZBCVBDQLFBLNGXQT_KM055638_DELIM-ADVBZBCVBDQLFBLNGXQT_180A_2007_DELIM-ADVBZBCVBDQLFBLNGXQT_2007                                                                                                                                        0.00%    passed     96.59%
  76  nl63_DELIM-ADVBZBCVBDQLFBLNGXQT_KM055647_DELIM-ADVBZBCVBDQLFBLNGXQT_188A_2007_DELIM-ADVBZBCVBDQLFBLNGXQT_2007                                                                                                                                        0.00%    passed     96.92%
  77  nl63_DELIM-ADVBZBCVBDQLFBLNGXQT_KM055645_DELIM-ADVBZBCVBDQLFBLNGXQT_909A_2008_DELIM-ADVBZBCVBDQLFBLNGXQT_2008                                                                                                                                        0.00%    passed     96.92%
  78  nl63_DELIM-ADVBZBCVBDQLFBLNGXQT_KM055640_DELIM-ADVBZBCVBDQLFBLNGXQT_225A_2007_DELIM-ADVBZBCVBDQLFBLNGXQT_2007                                                                                                                                        0.00%    passed     96.59%
  79  nl63_DELIM-ADVBZBCVBDQLFBLNGXQT_KM055641_DELIM-ADVBZBCVBDQLFBLNGXQT_236A_2007_DELIM-ADVBZBCVBDQLFBLNGXQT_2007                                                                                                                                        0.00%    passed     96.59%
  80  nl63_DELIM-ADVBZBCVBDQLFBLNGXQT_KM055639_DELIM-ADVBZBCVBDQLFBLNGXQT_197A_2007_DELIM-ADVBZBCVBDQLFBLNGXQT_2007                                                                                                                                        0.00%    passed     96.92%
  81  nl63_DELIM-ADVBZBCVBDQLFBLNGXQT_KY862042_DELIM-ADVBZBCVBDQLFBLNGXQT_NL63_DELIM-ADVBZBCVBDQLFBLNGXQT_FRA_EPI_DELIM-ADVBZBCVBDQLFBLNGXQT_Caen_DELIM-ADVBZBCVBDQLFBLNGXQT_2012_DELIM-ADVBZBCVBDQLFBLNGXQT_13_DELIM-ADVBZBCVBDQLFBLNGXQT_2012           38.00%    passed     86.48%
  82  nl63_DELIM-ADVBZBCVBDQLFBLNGXQT_KY862041_DELIM-ADVBZBCVBDQLFBLNGXQT_NL63_DELIM-ADVBZBCVBDQLFBLNGXQT_FRA_EPI_DELIM-ADVBZBCVBDQLFBLNGXQT_Caen_DELIM-ADVBZBCVBDQLFBLNGXQT_2012_DELIM-ADVBZBCVBDQLFBLNGXQT_14_DELIM-ADVBZBCVBDQLFBLNGXQT_2012           38.10%    passed     85.53%
  83  nl63_DELIM-ADVBZBCVBDQLFBLNGXQT_KM055642_DELIM-ADVBZBCVBDQLFBLNGXQT_277A_2007_DELIM-ADVBZBCVBDQLFBLNGXQT_2007                                                                                                                                        0.00%    passed     95.90%
  84  nl63_DELIM-ADVBZBCVBDQLFBLNGXQT_KM055644_DELIM-ADVBZBCVBDQLFBLNGXQT_374A_2007_DELIM-ADVBZBCVBDQLFBLNGXQT_2007                                                                                                                                        0.00%    passed     95.90%
  85  nl63_DELIM-ADVBZBCVBDQLFBLNGXQT_KY862049_DELIM-ADVBZBCVBDQLFBLNGXQT_NL63_DELIM-ADVBZBCVBDQLFBLNGXQT_FRA_EPI_DELIM-ADVBZBCVBDQLFBLNGXQT_Caen_DELIM-ADVBZBCVBDQLFBLNGXQT_2008_DELIM-ADVBZBCVBDQLFBLNGXQT_06_DELIM-ADVBZBCVBDQLFBLNGXQT_2008           38.00%    passed     86.97%
  86  nl63_DELIM-ADVBZBCVBDQLFBLNGXQT_KM055648_DELIM-ADVBZBCVBDQLFBLNGXQT_954A_2008_DELIM-ADVBZBCVBDQLFBLNGXQT_2008                                                                                                                                        0.00%    passed     97.18%
  87  nl63_DELIM-ADVBZBCVBDQLFBLNGXQT_MG356429_DELIM-ADVBZBCVBDQLFBLNGXQT_Kilifi_DELIM-ADVBZBCVBDQLFBLNGXQT_IP_DELIM-ADVBZBCVBDQLFBLNGXQT_006_DELIM-ADVBZBCVBDQLFBLNGXQT_28_Mar_2011_DELIM-ADVBZBCVBDQLFBLNGXQT_2011                                      46.08%    passed     84.54%
  88  nl63_DELIM-ADVBZBCVBDQLFBLNGXQT_MG356431_DELIM-ADVBZBCVBDQLFBLNGXQT_Kilifi_DELIM-ADVBZBCVBDQLFBLNGXQT_IP_DELIM-ADVBZBCVBDQLFBLNGXQT_008_DELIM-ADVBZBCVBDQLFBLNGXQT_12_May_2011_DELIM-ADVBZBCVBDQLFBLNGXQT_2011                                      46.08%    passed     84.54%
  89  nl63_DELIM-ADVBZBCVBDQLFBLNGXQT_MG356446_DELIM-ADVBZBCVBDQLFBLNGXQT_Kilifi_DELIM-ADVBZBCVBDQLFBLNGXQT_IP_DELIM-ADVBZBCVBDQLFBLNGXQT_023_DELIM-ADVBZBCVBDQLFBLNGXQT_18_Jun_2013_DELIM-ADVBZBCVBDQLFBLNGXQT_2013                                      46.08%    passed     84.54%
  90  nl63_DELIM-ADVBZBCVBDQLFBLNGXQT_MG356435_DELIM-ADVBZBCVBDQLFBLNGXQT_Kilifi_DELIM-ADVBZBCVBDQLFBLNGXQT_IP_DELIM-ADVBZBCVBDQLFBLNGXQT_012_DELIM-ADVBZBCVBDQLFBLNGXQT_15_Jun_2012_DELIM-ADVBZBCVBDQLFBLNGXQT_2012                                      46.08%    passed     83.60%
  91  nl63_DELIM-ADVBZBCVBDQLFBLNGXQT_MG356443_DELIM-ADVBZBCVBDQLFBLNGXQT_Kilifi_DELIM-ADVBZBCVBDQLFBLNGXQT_IP_DELIM-ADVBZBCVBDQLFBLNGXQT_020_DELIM-ADVBZBCVBDQLFBLNGXQT_25_May_2013_DELIM-ADVBZBCVBDQLFBLNGXQT_2013                                      46.08%    passed     85.29%
  92  nl63_DELIM-ADVBZBCVBDQLFBLNGXQT_MG356432_DELIM-ADVBZBCVBDQLFBLNGXQT_Kilifi_DELIM-ADVBZBCVBDQLFBLNGXQT_IP_DELIM-ADVBZBCVBDQLFBLNGXQT_009_DELIM-ADVBZBCVBDQLFBLNGXQT_20_May_2011_DELIM-ADVBZBCVBDQLFBLNGXQT_2011                                      46.08%    passed     85.82%
  93  nl63_DELIM-ADVBZBCVBDQLFBLNGXQT_KY554967_DELIM-ADVBZBCVBDQLFBLNGXQT_N06_1144B_DELIM-ADVBZBCVBDQLFBLNGXQT_2016                                                                                                                                        0.00%    passed     96.92%
  94  nl63_DELIM-ADVBZBCVBDQLFBLNGXQT_KY674915_DELIM-ADVBZBCVBDQLFBLNGXQT_N07_6B_DELIM-ADVBZBCVBDQLFBLNGXQT_2016                                                                                                                                           0.00%    passed     96.92%
  95  nl63_DELIM-ADVBZBCVBDQLFBLNGXQT_KY554968_DELIM-ADVBZBCVBDQLFBLNGXQT_N07_185B_DELIM-ADVBZBCVBDQLFBLNGXQT_2016                                                                                                                                         0.00%    passed     97.18%
  96  nl63_DELIM-ADVBZBCVBDQLFBLNGXQT_KY554970_DELIM-ADVBZBCVBDQLFBLNGXQT_N07_324B_182X_DELIM-ADVBZBCVBDQLFBLNGXQT_2016                                                                                                                                    0.00%    passed     97.19%
  97  nl63_DELIM-ADVBZBCVBDQLFBLNGXQT_KY674916_DELIM-ADVBZBCVBDQLFBLNGXQT_N07_64B_DELIM-ADVBZBCVBDQLFBLNGXQT_2016                                                                                                                                          0.00%    passed     97.10%
  98  nl63_DELIM-ADVBZBCVBDQLFBLNGXQT_JQ765566_DELIM-ADVBZBCVBDQLFBLNGXQT_NL63_DELIM-ADVBZBCVBDQLFBLNGXQT_DEN_DELIM-ADVBZBCVBDQLFBLNGXQT_2008_DELIM-ADVBZBCVBDQLFBLNGXQT_16_DELIM-ADVBZBCVBDQLFBLNGXQT_2008                                                0.00%    passed     97.36%
  99  nl63_DELIM-ADVBZBCVBDQLFBLNGXQT_JQ900255_DELIM-ADVBZBCVBDQLFBLNGXQT_NL63_DELIM-ADVBZBCVBDQLFBLNGXQT_DEN_DELIM-ADVBZBCVBDQLFBLNGXQT_2009_DELIM-ADVBZBCVBDQLFBLNGXQT_6_DELIM-ADVBZBCVBDQLFBLNGXQT_2009                                                 0.69%    passed     96.17%
 100  nl63_DELIM-ADVBZBCVBDQLFBLNGXQT_JQ765567_DELIM-ADVBZBCVBDQLFBLNGXQT_NL63_DELIM-ADVBZBCVBDQLFBLNGXQT_DEN_DELIM-ADVBZBCVBDQLFBLNGXQT_2009_DELIM-ADVBZBCVBDQLFBLNGXQT_20_DELIM-ADVBZBCVBDQLFBLNGXQT_2009                                                0.02%    passed     97.10%
 101  nl63_DELIM-ADVBZBCVBDQLFBLNGXQT_JQ771055_DELIM-ADVBZBCVBDQLFBLNGXQT_NL63_DELIM-ADVBZBCVBDQLFBLNGXQT_DEN_DELIM-ADVBZBCVBDQLFBLNGXQT_2010_DELIM-ADVBZBCVBDQLFBLNGXQT_20_DELIM-ADVBZBCVBDQLFBLNGXQT_2010                                                0.00%    passed     97.29%
 102  nl63_DELIM-ADVBZBCVBDQLFBLNGXQT_JQ771058_DELIM-ADVBZBCVBDQLFBLNGXQT_NL63_DELIM-ADVBZBCVBDQLFBLNGXQT_DEN_DELIM-ADVBZBCVBDQLFBLNGXQT_2010_DELIM-ADVBZBCVBDQLFBLNGXQT_31_DELIM-ADVBZBCVBDQLFBLNGXQT_2010                                                0.00%    passed     97.29%
 103  nl63_DELIM-ADVBZBCVBDQLFBLNGXQT_JQ771057_DELIM-ADVBZBCVBDQLFBLNGXQT_NL63_DELIM-ADVBZBCVBDQLFBLNGXQT_DEN_DELIM-ADVBZBCVBDQLFBLNGXQT_2010_DELIM-ADVBZBCVBDQLFBLNGXQT_28_DELIM-ADVBZBCVBDQLFBLNGXQT_2010                                                0.00%    passed     97.58%
 104  nl63_DELIM-ADVBZBCVBDQLFBLNGXQT_KT381875_DELIM-ADVBZBCVBDQLFBLNGXQT_NL63_DELIM-ADVBZBCVBDQLFBLNGXQT_UF_1_DELIM-ADVBZBCVBDQLFBLNGXQT_2015_DELIM-ADVBZBCVBDQLFBLNGXQT_2015                                                                             0.00%    passed     97.71%
 105  nl63_DELIM-ADVBZBCVBDQLFBLNGXQT_KU521535_DELIM-ADVBZBCVBDQLFBLNGXQT_NL63_DELIM-ADVBZBCVBDQLFBLNGXQT_UF_2_DELIM-ADVBZBCVBDQLFBLNGXQT_2015_DELIM-ADVBZBCVBDQLFBLNGXQT_2015                                                                             0.00%    passed     98.37%
 106  nl63_DELIM-ADVBZBCVBDQLFBLNGXQT_KX179500_DELIM-ADVBZBCVBDQLFBLNGXQT_NL63_DELIM-ADVBZBCVBDQLFBLNGXQT_UF_2_DELIM-ADVBZBCVBDQLFBLNGXQT_2015_DELIM-ADVBZBCVBDQLFBLNGXQT_2015                                                                             0.00%    passed     96.91%
 107  nl63_DELIM-ADVBZBCVBDQLFBLNGXQT_JQ771059_DELIM-ADVBZBCVBDQLFBLNGXQT_NL63_DELIM-ADVBZBCVBDQLFBLNGXQT_DEN_DELIM-ADVBZBCVBDQLFBLNGXQT_2010_DELIM-ADVBZBCVBDQLFBLNGXQT_35_DELIM-ADVBZBCVBDQLFBLNGXQT_2010                                                0.00%    passed     97.61%
 108  nl63_DELIM-ADVBZBCVBDQLFBLNGXQT_MK334044_DELIM-ADVBZBCVBDQLFBLNGXQT_ChinaGD03_DELIM-ADVBZBCVBDQLFBLNGXQT_2018                                                                                                                                        0.07%    passed     98.06%
 109  nl63_DELIM-ADVBZBCVBDQLFBLNGXQT_MK334043_DELIM-ADVBZBCVBDQLFBLNGXQT_ChinaGD02_DELIM-ADVBZBCVBDQLFBLNGXQT_2018                                                                                                                                        0.07%    passed     98.43%
 110  nl63_DELIM-ADVBZBCVBDQLFBLNGXQT_MG356421_DELIM-ADVBZBCVBDQLFBLNGXQT_Kilifi_DELIM-ADVBZBCVBDQLFBLNGXQT_HH_DELIM-ADVBZBCVBDQLFBLNGXQT_5401_DELIM-ADVBZBCVBDQLFBLNGXQT_20_May_2010_DELIM-ADVBZBCVBDQLFBLNGXQT_2010                                     46.08%    passed     79.18%
 111  nl63_DELIM-ADVBZBCVBDQLFBLNGXQT_MG356434_DELIM-ADVBZBCVBDQLFBLNGXQT_Kilifi_DELIM-ADVBZBCVBDQLFBLNGXQT_IP_DELIM-ADVBZBCVBDQLFBLNGXQT_011_DELIM-ADVBZBCVBDQLFBLNGXQT_26_Jul_2011_DELIM-ADVBZBCVBDQLFBLNGXQT_2011                                      46.08%    passed     85.36%
 112  nl63_DELIM-ADVBZBCVBDQLFBLNGXQT_MG356437_DELIM-ADVBZBCVBDQLFBLNGXQT_Kilifi_DELIM-ADVBZBCVBDQLFBLNGXQT_IP_DELIM-ADVBZBCVBDQLFBLNGXQT_014_DELIM-ADVBZBCVBDQLFBLNGXQT_21_Aug_2012_DELIM-ADVBZBCVBDQLFBLNGXQT_2012                                      46.08%    passed     85.91%
 113  nl63_DELIM-ADVBZBCVBDQLFBLNGXQT_MN306040_DELIM-ADVBZBCVBDQLFBLNGXQT_HCoV_NL63_DELIM-ADVBZBCVBDQLFBLNGXQT_Seattle_DELIM-ADVBZBCVBDQLFBLNGXQT_USA_DELIM-ADVBZBCVBDQLFBLNGXQT_SC0768_DELIM-ADVBZBCVBDQLFBLNGXQT_2019_DELIM-ADVBZBCVBDQLFBLNGXQT_2019    0.12%    passed     99.11%
 114  nl63_DELIM-ADVBZBCVBDQLFBLNGXQT_MN306018_DELIM-ADVBZBCVBDQLFBLNGXQT_HCoV_NL63_DELIM-ADVBZBCVBDQLFBLNGXQT_Seattle_DELIM-ADVBZBCVBDQLFBLNGXQT_USA_DELIM-ADVBZBCVBDQLFBLNGXQT_SC0179_DELIM-ADVBZBCVBDQLFBLNGXQT_2018_DELIM-ADVBZBCVBDQLFBLNGXQT_2018    2.01%    passed     95.08%
 115  nl63_DELIM-ADVBZBCVBDQLFBLNGXQT_MG428707_DELIM-ADVBZBCVBDQLFBLNGXQT_Kilifi_HH_5401_20_May_2010_DELIM-ADVBZBCVBDQLFBLNGXQT_2010                                                                                                                       2.09%    passed     95.98%
 116  nl63_DELIM-ADVBZBCVBDQLFBLNGXQT_KM055643_DELIM-ADVBZBCVBDQLFBLNGXQT_971A_2008_DELIM-ADVBZBCVBDQLFBLNGXQT_2008                                                                                                                                        0.00%    passed     97.45%
 117  nl63_DELIM-ADVBZBCVBDQLFBLNGXQT_KM055646_DELIM-ADVBZBCVBDQLFBLNGXQT_990A_2008_DELIM-ADVBZBCVBDQLFBLNGXQT_2008                                                                                                                                        0.00%    passed     98.25%
 118  nl63_DELIM-ADVBZBCVBDQLFBLNGXQT_MK334045_DELIM-ADVBZBCVBDQLFBLNGXQT_ChinaGD05_DELIM-ADVBZBCVBDQLFBLNGXQT_2018                                                                                                                                        0.02%    passed     92.63%
 119  nl63_DELIM-ADVBZBCVBDQLFBLNGXQT_MK334046_DELIM-ADVBZBCVBDQLFBLNGXQT_ChinaGD01_DELIM-ADVBZBCVBDQLFBLNGXQT_2018                                                                                                                                        0.07%    passed     98.36%
 120  nl63_DELIM-ADVBZBCVBDQLFBLNGXQT_LC488389_DELIM-ADVBZBCVBDQLFBLNGXQT_HCoVNL63_DELIM-ADVBZBCVBDQLFBLNGXQT_Tokyo_DELIM-ADVBZBCVBDQLFBLNGXQT_SGH_18_DELIM-ADVBZBCVBDQLFBLNGXQT_2018_DELIM-ADVBZBCVBDQLFBLNGXQT_2018                                      0.07%    passed     98.40%
 121  nl63_DELIM-ADVBZBCVBDQLFBLNGXQT_LC488388_DELIM-ADVBZBCVBDQLFBLNGXQT_HCoVNL63_DELIM-ADVBZBCVBDQLFBLNGXQT_Tokyo_DELIM-ADVBZBCVBDQLFBLNGXQT_SGH_24_DELIM-ADVBZBCVBDQLFBLNGXQT_2018_DELIM-ADVBZBCVBDQLFBLNGXQT_2018                                      0.07%    passed     98.40%
 122  nl63_DELIM-ADVBZBCVBDQLFBLNGXQT_MK334047_DELIM-ADVBZBCVBDQLFBLNGXQT_ChinaGD04_DELIM-ADVBZBCVBDQLFBLNGXQT_2018                                                                                                                                        0.07%    passed     99.88%
 123  nl63_DELIM-ADVBZBCVBDQLFBLNGXQT_KY983586_DELIM-ADVBZBCVBDQLFBLNGXQT_HCoV_NL63_DELIM-ADVBZBCVBDQLFBLNGXQT_Seattle_DELIM-ADVBZBCVBDQLFBLNGXQT_USA_DELIM-ADVBZBCVBDQLFBLNGXQT_SC2940_DELIM-ADVBZBCVBDQLFBLNGXQT_2015_DELIM-ADVBZBCVBDQLFBLNGXQT_2015    0.25%    passed     98.47%
 124  nl63_DELIM-ADVBZBCVBDQLFBLNGXQT_LC488390_DELIM-ADVBZBCVBDQLFBLNGXQT_HCoVNL63_DELIM-ADVBZBCVBDQLFBLNGXQT_Tokyo_DELIM-ADVBZBCVBDQLFBLNGXQT_SGH_15_DELIM-ADVBZBCVBDQLFBLNGXQT_2017_DELIM-ADVBZBCVBDQLFBLNGXQT_2017                                      0.07%    passed     98.64%
 125  nl63_DELIM-ADVBZBCVBDQLFBLNGXQT_MG356430_DELIM-ADVBZBCVBDQLFBLNGXQT_Kilifi_DELIM-ADVBZBCVBDQLFBLNGXQT_IP_DELIM-ADVBZBCVBDQLFBLNGXQT_007_DELIM-ADVBZBCVBDQLFBLNGXQT_30_Mar_2011_DELIM-ADVBZBCVBDQLFBLNGXQT_2011                                      46.16%    passed     76.20%
 126  nl63_DELIM-ADVBZBCVBDQLFBLNGXQT_MG356436_DELIM-ADVBZBCVBDQLFBLNGXQT_Kilifi_DELIM-ADVBZBCVBDQLFBLNGXQT_IP_DELIM-ADVBZBCVBDQLFBLNGXQT_013_DELIM-ADVBZBCVBDQLFBLNGXQT_27_Jul_2012_DELIM-ADVBZBCVBDQLFBLNGXQT_2012                                      46.16%    passed     76.89%
 127  nl63_DELIM-ADVBZBCVBDQLFBLNGXQT_MG356433_DELIM-ADVBZBCVBDQLFBLNGXQT_Kilifi_DELIM-ADVBZBCVBDQLFBLNGXQT_IP_DELIM-ADVBZBCVBDQLFBLNGXQT_010_DELIM-ADVBZBCVBDQLFBLNGXQT_06_Jun_2011_DELIM-ADVBZBCVBDQLFBLNGXQT_2011                                      46.16%    passed     76.20%
 128  nl63_DELIM-ADVBZBCVBDQLFBLNGXQT_JQ771060_DELIM-ADVBZBCVBDQLFBLNGXQT_NL63_DELIM-ADVBZBCVBDQLFBLNGXQT_DEN_DELIM-ADVBZBCVBDQLFBLNGXQT_2010_DELIM-ADVBZBCVBDQLFBLNGXQT_36_DELIM-ADVBZBCVBDQLFBLNGXQT_2010                                                0.07%    passed     98.12%
 129  nl63_DELIM-ADVBZBCVBDQLFBLNGXQT_JQ771056_DELIM-ADVBZBCVBDQLFBLNGXQT_NL63_DELIM-ADVBZBCVBDQLFBLNGXQT_DEN_DELIM-ADVBZBCVBDQLFBLNGXQT_2010_DELIM-ADVBZBCVBDQLFBLNGXQT_25_DELIM-ADVBZBCVBDQLFBLNGXQT_2010                                                0.07%    passed     97.36%
 130  nl63_DELIM-ADVBZBCVBDQLFBLNGXQT_MG356438_DELIM-ADVBZBCVBDQLFBLNGXQT_Kilifi_DELIM-ADVBZBCVBDQLFBLNGXQT_IP_DELIM-ADVBZBCVBDQLFBLNGXQT_015_DELIM-ADVBZBCVBDQLFBLNGXQT_19_Nov_2012_DELIM-ADVBZBCVBDQLFBLNGXQT_2012                                      46.16%    passed     73.96%
 131  nl63_DELIM-ADVBZBCVBDQLFBLNGXQT_MG356439_DELIM-ADVBZBCVBDQLFBLNGXQT_Kilifi_DELIM-ADVBZBCVBDQLFBLNGXQT_IP_DELIM-ADVBZBCVBDQLFBLNGXQT_016_DELIM-ADVBZBCVBDQLFBLNGXQT_08_Apr_2013_DELIM-ADVBZBCVBDQLFBLNGXQT_2013                                      46.16%    passed     77.39%
 132  nl63_DELIM-ADVBZBCVBDQLFBLNGXQT_MG356441_DELIM-ADVBZBCVBDQLFBLNGXQT_Kilifi_DELIM-ADVBZBCVBDQLFBLNGXQT_IP_DELIM-ADVBZBCVBDQLFBLNGXQT_018_DELIM-ADVBZBCVBDQLFBLNGXQT_03_May_2013_DELIM-ADVBZBCVBDQLFBLNGXQT_2013                                      46.16%    passed     77.39%
 133  nl63_DELIM-ADVBZBCVBDQLFBLNGXQT_MG356442_DELIM-ADVBZBCVBDQLFBLNGXQT_Kilifi_DELIM-ADVBZBCVBDQLFBLNGXQT_IP_DELIM-ADVBZBCVBDQLFBLNGXQT_019_DELIM-ADVBZBCVBDQLFBLNGXQT_04_May_2013_DELIM-ADVBZBCVBDQLFBLNGXQT_2013                                      46.16%    passed     77.39%
 134  nl63_DELIM-ADVBZBCVBDQLFBLNGXQT_MG356444_DELIM-ADVBZBCVBDQLFBLNGXQT_Kilifi_DELIM-ADVBZBCVBDQLFBLNGXQT_IP_DELIM-ADVBZBCVBDQLFBLNGXQT_021_DELIM-ADVBZBCVBDQLFBLNGXQT_26_May_2013_DELIM-ADVBZBCVBDQLFBLNGXQT_2013                                      46.16%    passed     77.39%
 135  nl63_DELIM-ADVBZBCVBDQLFBLNGXQT_MG356440_DELIM-ADVBZBCVBDQLFBLNGXQT_Kilifi_DELIM-ADVBZBCVBDQLFBLNGXQT_IP_DELIM-ADVBZBCVBDQLFBLNGXQT_017_DELIM-ADVBZBCVBDQLFBLNGXQT_12_Apr_2013_DELIM-ADVBZBCVBDQLFBLNGXQT_2013                                      46.16%    passed     78.33%
 136  nl63_DELIM-ADVBZBCVBDQLFBLNGXQT_KY862045_DELIM-ADVBZBCVBDQLFBLNGXQT_NL63_DELIM-ADVBZBCVBDQLFBLNGXQT_FRA_EPI_DELIM-ADVBZBCVBDQLFBLNGXQT_Caen_DELIM-ADVBZBCVBDQLFBLNGXQT_2010_DELIM-ADVBZBCVBDQLFBLNGXQT_10_DELIM-ADVBZBCVBDQLFBLNGXQT_2010           38.07%    passed     77.09%
 137  nl63_DELIM-ADVBZBCVBDQLFBLNGXQT_JQ765569_DELIM-ADVBZBCVBDQLFBLNGXQT_NL63_DELIM-ADVBZBCVBDQLFBLNGXQT_DEN_DELIM-ADVBZBCVBDQLFBLNGXQT_2005_DELIM-ADVBZBCVBDQLFBLNGXQT_232_DELIM-ADVBZBCVBDQLFBLNGXQT_2005                                               0.07%    passed     98.11%
 138  nl63_DELIM-ADVBZBCVBDQLFBLNGXQT_JQ765564_DELIM-ADVBZBCVBDQLFBLNGXQT_NL63_DELIM-ADVBZBCVBDQLFBLNGXQT_DEN_DELIM-ADVBZBCVBDQLFBLNGXQT_2009_DELIM-ADVBZBCVBDQLFBLNGXQT_14_DELIM-ADVBZBCVBDQLFBLNGXQT_2009                                                0.07%    passed     96.22%
 139  nl63_DELIM-ADVBZBCVBDQLFBLNGXQT_JQ765570_DELIM-ADVBZBCVBDQLFBLNGXQT_NL63_DELIM-ADVBZBCVBDQLFBLNGXQT_DEN_DELIM-ADVBZBCVBDQLFBLNGXQT_2005_DELIM-ADVBZBCVBDQLFBLNGXQT_235_DELIM-ADVBZBCVBDQLFBLNGXQT_2005                                               0.07%    passed     97.61%
 140  nl63_DELIM-ADVBZBCVBDQLFBLNGXQT_KF530112_DELIM-ADVBZBCVBDQLFBLNGXQT_NL63_DELIM-ADVBZBCVBDQLFBLNGXQT_human_DELIM-ADVBZBCVBDQLFBLNGXQT_USA_DELIM-ADVBZBCVBDQLFBLNGXQT_0111_25_DELIM-ADVBZBCVBDQLFBLNGXQT_2001_DELIM-ADVBZBCVBDQLFBLNGXQT_2001          0.07%    passed     97.93%
 141  nl63_DELIM-ADVBZBCVBDQLFBLNGXQT_JQ765565_DELIM-ADVBZBCVBDQLFBLNGXQT_NL63_DELIM-ADVBZBCVBDQLFBLNGXQT_DEN_DELIM-ADVBZBCVBDQLFBLNGXQT_2009_DELIM-ADVBZBCVBDQLFBLNGXQT_15_DELIM-ADVBZBCVBDQLFBLNGXQT_2009                                                0.07%    passed     98.57%
 142  nl63_DELIM-ADVBZBCVBDQLFBLNGXQT_KY862044_DELIM-ADVBZBCVBDQLFBLNGXQT_NL63_DELIM-ADVBZBCVBDQLFBLNGXQT_FRA_EPI_DELIM-ADVBZBCVBDQLFBLNGXQT_Caen_DELIM-ADVBZBCVBDQLFBLNGXQT_2011_DELIM-ADVBZBCVBDQLFBLNGXQT_11_DELIM-ADVBZBCVBDQLFBLNGXQT_2011           38.07%    passed     80.06%
 143  nl63_DELIM-ADVBZBCVBDQLFBLNGXQT_KY862050_DELIM-ADVBZBCVBDQLFBLNGXQT_NL63_DELIM-ADVBZBCVBDQLFBLNGXQT_FRA_EPI_DELIM-ADVBZBCVBDQLFBLNGXQT_Caen_DELIM-ADVBZBCVBDQLFBLNGXQT_2008_DELIM-ADVBZBCVBDQLFBLNGXQT_05_DELIM-ADVBZBCVBDQLFBLNGXQT_2008           38.07%    passed     78.18%
 144  nl63_DELIM-ADVBZBCVBDQLFBLNGXQT_KY862051_DELIM-ADVBZBCVBDQLFBLNGXQT_NL63_DELIM-ADVBZBCVBDQLFBLNGXQT_FRA_EPI_DELIM-ADVBZBCVBDQLFBLNGXQT_Caen_DELIM-ADVBZBCVBDQLFBLNGXQT_2005_DELIM-ADVBZBCVBDQLFBLNGXQT_04_DELIM-ADVBZBCVBDQLFBLNGXQT_2005           38.12%    passed     80.74%
 145  nl63_DELIM-ADVBZBCVBDQLFBLNGXQT_KY862048_DELIM-ADVBZBCVBDQLFBLNGXQT_NL63_DELIM-ADVBZBCVBDQLFBLNGXQT_FRA_EPI_DELIM-ADVBZBCVBDQLFBLNGXQT_Caen_DELIM-ADVBZBCVBDQLFBLNGXQT_2009_DELIM-ADVBZBCVBDQLFBLNGXQT_07_DELIM-ADVBZBCVBDQLFBLNGXQT_2009           38.07%    passed     79.12%
 146  nl63_DELIM-ADVBZBCVBDQLFBLNGXQT_KY862046_DELIM-ADVBZBCVBDQLFBLNGXQT_NL63_DELIM-ADVBZBCVBDQLFBLNGXQT_FRA_EPI_DELIM-ADVBZBCVBDQLFBLNGXQT_Caen_DELIM-ADVBZBCVBDQLFBLNGXQT_2010_DELIM-ADVBZBCVBDQLFBLNGXQT_09_DELIM-ADVBZBCVBDQLFBLNGXQT_2010           38.07%    passed     79.35%
 147  nl63_DELIM-ADVBZBCVBDQLFBLNGXQT_JQ765563_DELIM-ADVBZBCVBDQLFBLNGXQT_NL63_DELIM-ADVBZBCVBDQLFBLNGXQT_DEN_DELIM-ADVBZBCVBDQLFBLNGXQT_2009_DELIM-ADVBZBCVBDQLFBLNGXQT_9_DELIM-ADVBZBCVBDQLFBLNGXQT_2009                                                 0.07%    passed     98.66%
 148  nl63_DELIM-ADVBZBCVBDQLFBLNGXQT_KY862047_DELIM-ADVBZBCVBDQLFBLNGXQT_NL63_DELIM-ADVBZBCVBDQLFBLNGXQT_FRA_EPI_DELIM-ADVBZBCVBDQLFBLNGXQT_Caen_DELIM-ADVBZBCVBDQLFBLNGXQT_2009_DELIM-ADVBZBCVBDQLFBLNGXQT_08_DELIM-ADVBZBCVBDQLFBLNGXQT_2009           38.10%    passed     79.38%
 149  nl63_DELIM-ADVBZBCVBDQLFBLNGXQT_JQ900256_DELIM-ADVBZBCVBDQLFBLNGXQT_NL63_DELIM-ADVBZBCVBDQLFBLNGXQT_DEN_DELIM-ADVBZBCVBDQLFBLNGXQT_2009_DELIM-ADVBZBCVBDQLFBLNGXQT_22_DELIM-ADVBZBCVBDQLFBLNGXQT_2009                                               12.58%    passed     96.53%
 150  nl63_DELIM-ADVBZBCVBDQLFBLNGXQT_MG772808_DELIM-ADVBZBCVBDQLFBLNGXQT_CN0601_DELIM-ADVBZBCVBDQLFBLNGXQT_14_DELIM-ADVBZBCVBDQLFBLNGXQT_2014                                                                                                             0.07%    passed     98.08%
 151  nl63_DELIM-ADVBZBCVBDQLFBLNGXQT_MF996622_DELIM-ADVBZBCVBDQLFBLNGXQT_NL63_DELIM-ADVBZBCVBDQLFBLNGXQT_2014                                                                                                                                             0.07%    passed     97.93%
 152  nl63_DELIM-ADVBZBCVBDQLFBLNGXQT_MF996621_DELIM-ADVBZBCVBDQLFBLNGXQT_NL63_DELIM-ADVBZBCVBDQLFBLNGXQT_2014                                                                                                                                             0.07%    passed     98.08%
 153  nl63_DELIM-ADVBZBCVBDQLFBLNGXQT_NC_036584_DELIM-ADVBZBCVBDQLFBLNGXQT_NL63_DELIM-ADVBZBCVBDQLFBLNGXQT_2014                                                                                                                                            0.07%    passed     98.08%
 154  nl63_DELIM-ADVBZBCVBDQLFBLNGXQT_MF996623_DELIM-ADVBZBCVBDQLFBLNGXQT_NL63_DELIM-ADVBZBCVBDQLFBLNGXQT_2014                                                                                                                                             0.07%    passed     97.93%
 155  nl63_DELIM-ADVBZBCVBDQLFBLNGXQT_KY862035_DELIM-ADVBZBCVBDQLFBLNGXQT_NL63_DELIM-ADVBZBCVBDQLFBLNGXQT_FRA_EPI_DELIM-ADVBZBCVBDQLFBLNGXQT_Caen_DELIM-ADVBZBCVBDQLFBLNGXQT_2015_DELIM-ADVBZBCVBDQLFBLNGXQT_20_DELIM-ADVBZBCVBDQLFBLNGXQT_2015           38.07%    passed     81.31%
 156  nl63_DELIM-ADVBZBCVBDQLFBLNGXQT_MN026166_DELIM-ADVBZBCVBDQLFBLNGXQT_NL63_KLF_01_2018_DELIM-ADVBZBCVBDQLFBLNGXQT_2018                                                                                                                                 0.07%    passed     98.02%
 157  nl63_DELIM-ADVBZBCVBDQLFBLNGXQT_MG356413_DELIM-ADVBZBCVBDQLFBLNGXQT_Kilifi_DELIM-ADVBZBCVBDQLFBLNGXQT_IP_DELIM-ADVBZBCVBDQLFBLNGXQT_001_DELIM-ADVBZBCVBDQLFBLNGXQT_18_Mar_2008_DELIM-ADVBZBCVBDQLFBLNGXQT_2008                                      46.16%    passed     76.02%
 158  nl63_DELIM-ADVBZBCVBDQLFBLNGXQT_MG356445_DELIM-ADVBZBCVBDQLFBLNGXQT_Kilifi_DELIM-ADVBZBCVBDQLFBLNGXQT_IP_DELIM-ADVBZBCVBDQLFBLNGXQT_022_DELIM-ADVBZBCVBDQLFBLNGXQT_17_Jun_2013_DELIM-ADVBZBCVBDQLFBLNGXQT_2013                                      46.16%    passed     71.43%
 159  nl63_DELIM-ADVBZBCVBDQLFBLNGXQT_JQ900258_DELIM-ADVBZBCVBDQLFBLNGXQT_NL63_DELIM-ADVBZBCVBDQLFBLNGXQT_DEN_DELIM-ADVBZBCVBDQLFBLNGXQT_2005_DELIM-ADVBZBCVBDQLFBLNGXQT_291_DELIM-ADVBZBCVBDQLFBLNGXQT_2005                                              41.32%    passed     65.20%
****  TOTAL                                                                                                                                                                                                                                               16.94%  0 sequences failed composition chi2 test (p-value<5%; df=3)
NOTE: nl63_DELIM-ADVBZBCVBDQLFBLNGXQT_KY829118_DELIM-ADVBZBCVBDQLFBLNGXQT_N07_262B_DELIM-ADVBZBCVBDQLFBLNGXQT_2015 is identical to nl63_DELIM-ADVBZBCVBDQLFBLNGXQT_KY554969_DELIM-ADVBZBCVBDQLFBLNGXQT_N07_196B_DELIM-ADVBZBCVBDQLFBLNGXQT_2016 but kept for subsequent analysis
NOTE: nl63_DELIM-ADVBZBCVBDQLFBLNGXQT_KF530108_DELIM-ADVBZBCVBDQLFBLNGXQT_NL63_DELIM-ADVBZBCVBDQLFBLNGXQT_human_DELIM-ADVBZBCVBDQLFBLNGXQT_USA_DELIM-ADVBZBCVBDQLFBLNGXQT_891_6_DELIM-ADVBZBCVBDQLFBLNGXQT_1989_DELIM-ADVBZBCVBDQLFBLNGXQT_1989 is identical to nl63_DELIM-ADVBZBCVBDQLFBLNGXQT_KF530114_DELIM-ADVBZBCVBDQLFBLNGXQT_NL63_DELIM-ADVBZBCVBDQLFBLNGXQT_human_DELIM-ADVBZBCVBDQLFBLNGXQT_USA_DELIM-ADVBZBCVBDQLFBLNGXQT_891_4_DELIM-ADVBZBCVBDQLFBLNGXQT_1989_DELIM-ADVBZBCVBDQLFBLNGXQT_1989 but kept for subsequent analysis
NOTE: nl63_DELIM-ADVBZBCVBDQLFBLNGXQT_KX179494_DELIM-ADVBZBCVBDQLFBLNGXQT_NL63_DELIM-ADVBZBCVBDQLFBLNGXQT_Haiti_2_DELIM-ADVBZBCVBDQLFBLNGXQT_2015_DELIM-ADVBZBCVBDQLFBLNGXQT_2015 is identical to nl63_DELIM-ADVBZBCVBDQLFBLNGXQT_KT266906_DELIM-ADVBZBCVBDQLFBLNGXQT_HCoV_NL63_DELIM-ADVBZBCVBDQLFBLNGXQT_Haiti_1_DELIM-ADVBZBCVBDQLFBLNGXQT_2015_DELIM-ADVBZBCVBDQLFBLNGXQT_2015 but kept for subsequent analysis
NOTE: nl63_DELIM-ADVBZBCVBDQLFBLNGXQT_KM055637_DELIM-ADVBZBCVBDQLFBLNGXQT_945A_2008_DELIM-ADVBZBCVBDQLFBLNGXQT_2008 is identical to nl63_DELIM-ADVBZBCVBDQLFBLNGXQT_KM055635_DELIM-ADVBZBCVBDQLFBLNGXQT_1093A_2008_DELIM-ADVBZBCVBDQLFBLNGXQT_2008 but kept for subsequent analysis
NOTE: nl63_DELIM-ADVBZBCVBDQLFBLNGXQT_MG356426_DELIM-ADVBZBCVBDQLFBLNGXQT_Kilifi_DELIM-ADVBZBCVBDQLFBLNGXQT_HH_DELIM-ADVBZBCVBDQLFBLNGXQT_0512_DELIM-ADVBZBCVBDQLFBLNGXQT_04_Jun_2010_DELIM-ADVBZBCVBDQLFBLNGXQT_2010 is identical to nl63_DELIM-ADVBZBCVBDQLFBLNGXQT_MG356424_DELIM-ADVBZBCVBDQLFBLNGXQT_Kilifi_DELIM-ADVBZBCVBDQLFBLNGXQT_HH_DELIM-ADVBZBCVBDQLFBLNGXQT_0511_DELIM-ADVBZBCVBDQLFBLNGXQT_01_Jun_2010_DELIM-ADVBZBCVBDQLFBLNGXQT_2010 but kept for subsequent analysis
NOTE: nl63_DELIM-ADVBZBCVBDQLFBLNGXQT_MG428701_DELIM-ADVBZBCVBDQLFBLNGXQT_Kilifi_HH_0512_04_Jun_2010_DELIM-ADVBZBCVBDQLFBLNGXQT_2010 is identical to nl63_DELIM-ADVBZBCVBDQLFBLNGXQT_MG428703_DELIM-ADVBZBCVBDQLFBLNGXQT_Kilifi_HH_0511_01_Jun_2010_DELIM-ADVBZBCVBDQLFBLNGXQT_2010 but kept for subsequent analysis
NOTE: nl63_DELIM-ADVBZBCVBDQLFBLNGXQT_MG356448_DELIM-ADVBZBCVBDQLFBLNGXQT_Kilifi_DELIM-ADVBZBCVBDQLFBLNGXQT_IP_DELIM-ADVBZBCVBDQLFBLNGXQT_025_DELIM-ADVBZBCVBDQLFBLNGXQT_21_Jan_2014_DELIM-ADVBZBCVBDQLFBLNGXQT_2014 is identical to nl63_DELIM-ADVBZBCVBDQLFBLNGXQT_MG356447_DELIM-ADVBZBCVBDQLFBLNGXQT_Kilifi_DELIM-ADVBZBCVBDQLFBLNGXQT_IP_DELIM-ADVBZBCVBDQLFBLNGXQT_024_DELIM-ADVBZBCVBDQLFBLNGXQT_09_Dec_2013_DELIM-ADVBZBCVBDQLFBLNGXQT_2013 but kept for subsequent analysis
NOTE: nl63_DELIM-ADVBZBCVBDQLFBLNGXQT_KM055645_DELIM-ADVBZBCVBDQLFBLNGXQT_909A_2008_DELIM-ADVBZBCVBDQLFBLNGXQT_2008 is identical to nl63_DELIM-ADVBZBCVBDQLFBLNGXQT_KM055647_DELIM-ADVBZBCVBDQLFBLNGXQT_188A_2007_DELIM-ADVBZBCVBDQLFBLNGXQT_2007 but kept for subsequent analysis
NOTE: nl63_DELIM-ADVBZBCVBDQLFBLNGXQT_KM055641_DELIM-ADVBZBCVBDQLFBLNGXQT_236A_2007_DELIM-ADVBZBCVBDQLFBLNGXQT_2007 is identical to nl63_DELIM-ADVBZBCVBDQLFBLNGXQT_KM055640_DELIM-ADVBZBCVBDQLFBLNGXQT_225A_2007_DELIM-ADVBZBCVBDQLFBLNGXQT_2007 but kept for subsequent analysis
NOTE: nl63_DELIM-ADVBZBCVBDQLFBLNGXQT_MG356431_DELIM-ADVBZBCVBDQLFBLNGXQT_Kilifi_DELIM-ADVBZBCVBDQLFBLNGXQT_IP_DELIM-ADVBZBCVBDQLFBLNGXQT_008_DELIM-ADVBZBCVBDQLFBLNGXQT_12_May_2011_DELIM-ADVBZBCVBDQLFBLNGXQT_2011 is identical to nl63_DELIM-ADVBZBCVBDQLFBLNGXQT_MG356429_DELIM-ADVBZBCVBDQLFBLNGXQT_Kilifi_DELIM-ADVBZBCVBDQLFBLNGXQT_IP_DELIM-ADVBZBCVBDQLFBLNGXQT_006_DELIM-ADVBZBCVBDQLFBLNGXQT_28_Mar_2011_DELIM-ADVBZBCVBDQLFBLNGXQT_2011 but kept for subsequent analysis
NOTE: nl63_DELIM-ADVBZBCVBDQLFBLNGXQT_KY674915_DELIM-ADVBZBCVBDQLFBLNGXQT_N07_6B_DELIM-ADVBZBCVBDQLFBLNGXQT_2016 is identical to nl63_DELIM-ADVBZBCVBDQLFBLNGXQT_KY554967_DELIM-ADVBZBCVBDQLFBLNGXQT_N06_1144B_DELIM-ADVBZBCVBDQLFBLNGXQT_2016 but kept for subsequent analysis
NOTE: nl63_DELIM-ADVBZBCVBDQLFBLNGXQT_JQ771058_DELIM-ADVBZBCVBDQLFBLNGXQT_NL63_DELIM-ADVBZBCVBDQLFBLNGXQT_DEN_DELIM-ADVBZBCVBDQLFBLNGXQT_2010_DELIM-ADVBZBCVBDQLFBLNGXQT_31_DELIM-ADVBZBCVBDQLFBLNGXQT_2010 is identical to nl63_DELIM-ADVBZBCVBDQLFBLNGXQT_JQ771055_DELIM-ADVBZBCVBDQLFBLNGXQT_NL63_DELIM-ADVBZBCVBDQLFBLNGXQT_DEN_DELIM-ADVBZBCVBDQLFBLNGXQT_2010_DELIM-ADVBZBCVBDQLFBLNGXQT_20_DELIM-ADVBZBCVBDQLFBLNGXQT_2010 but kept for subsequent analysis
NOTE: nl63_DELIM-ADVBZBCVBDQLFBLNGXQT_LC488388_DELIM-ADVBZBCVBDQLFBLNGXQT_HCoVNL63_DELIM-ADVBZBCVBDQLFBLNGXQT_Tokyo_DELIM-ADVBZBCVBDQLFBLNGXQT_SGH_24_DELIM-ADVBZBCVBDQLFBLNGXQT_2018_DELIM-ADVBZBCVBDQLFBLNGXQT_2018 is identical to nl63_DELIM-ADVBZBCVBDQLFBLNGXQT_LC488389_DELIM-ADVBZBCVBDQLFBLNGXQT_HCoVNL63_DELIM-ADVBZBCVBDQLFBLNGXQT_Tokyo_DELIM-ADVBZBCVBDQLFBLNGXQT_SGH_18_DELIM-ADVBZBCVBDQLFBLNGXQT_2018_DELIM-ADVBZBCVBDQLFBLNGXQT_2018 but kept for subsequent analysis
NOTE: nl63_DELIM-ADVBZBCVBDQLFBLNGXQT_MG356441_DELIM-ADVBZBCVBDQLFBLNGXQT_Kilifi_DELIM-ADVBZBCVBDQLFBLNGXQT_IP_DELIM-ADVBZBCVBDQLFBLNGXQT_018_DELIM-ADVBZBCVBDQLFBLNGXQT_03_May_2013_DELIM-ADVBZBCVBDQLFBLNGXQT_2013 is identical to nl63_DELIM-ADVBZBCVBDQLFBLNGXQT_MG356439_DELIM-ADVBZBCVBDQLFBLNGXQT_Kilifi_DELIM-ADVBZBCVBDQLFBLNGXQT_IP_DELIM-ADVBZBCVBDQLFBLNGXQT_016_DELIM-ADVBZBCVBDQLFBLNGXQT_08_Apr_2013_DELIM-ADVBZBCVBDQLFBLNGXQT_2013 but kept for subsequent analysis
NOTE: nl63_DELIM-ADVBZBCVBDQLFBLNGXQT_NC_036584_DELIM-ADVBZBCVBDQLFBLNGXQT_NL63_DELIM-ADVBZBCVBDQLFBLNGXQT_2014 is identical to nl63_DELIM-ADVBZBCVBDQLFBLNGXQT_MF996621_DELIM-ADVBZBCVBDQLFBLNGXQT_NL63_DELIM-ADVBZBCVBDQLFBLNGXQT_2014 but kept for subsequent analysis
Checking for duplicate sequences: done in 0.000782013 secs using 86.83% CPU
Identifying sites to remove: done in 0.00421596 secs using 98.01% CPU
NOTE: 23 identical sequences (see below) will be ignored for subsequent analysis
NOTE: nl63_DELIM-ADVBZBCVBDQLFBLNGXQT_KF530104_DELIM-ADVBZBCVBDQLFBLNGXQT_NL63_DELIM-ADVBZBCVBDQLFBLNGXQT_human_DELIM-ADVBZBCVBDQLFBLNGXQT_USA_DELIM-ADVBZBCVBDQLFBLNGXQT_904_20_DELIM-ADVBZBCVBDQLFBLNGXQT_1990_DELIM-ADVBZBCVBDQLFBLNGXQT_1990 (identical to nl63_DELIM-ADVBZBCVBDQLFBLNGXQT_KF530114_DELIM-ADVBZBCVBDQLFBLNGXQT_NL63_DELIM-ADVBZBCVBDQLFBLNGXQT_human_DELIM-ADVBZBCVBDQLFBLNGXQT_USA_DELIM-ADVBZBCVBDQLFBLNGXQT_891_4_DELIM-ADVBZBCVBDQLFBLNGXQT_1989_DELIM-ADVBZBCVBDQLFBLNGXQT_1989) is ignored but added at the end
NOTE: nl63_DELIM-ADVBZBCVBDQLFBLNGXQT_KX179495_DELIM-ADVBZBCVBDQLFBLNGXQT_NL63_DELIM-ADVBZBCVBDQLFBLNGXQT_Haiti_3_DELIM-ADVBZBCVBDQLFBLNGXQT_2015_DELIM-ADVBZBCVBDQLFBLNGXQT_2015 (identical to nl63_DELIM-ADVBZBCVBDQLFBLNGXQT_KT266906_DELIM-ADVBZBCVBDQLFBLNGXQT_HCoV_NL63_DELIM-ADVBZBCVBDQLFBLNGXQT_Haiti_1_DELIM-ADVBZBCVBDQLFBLNGXQT_2015_DELIM-ADVBZBCVBDQLFBLNGXQT_2015) is ignored but added at the end
NOTE: nl63_DELIM-ADVBZBCVBDQLFBLNGXQT_KX179496_DELIM-ADVBZBCVBDQLFBLNGXQT_NL63_DELIM-ADVBZBCVBDQLFBLNGXQT_Haiti_4_DELIM-ADVBZBCVBDQLFBLNGXQT_2015_DELIM-ADVBZBCVBDQLFBLNGXQT_2015 (identical to nl63_DELIM-ADVBZBCVBDQLFBLNGXQT_KT266906_DELIM-ADVBZBCVBDQLFBLNGXQT_HCoV_NL63_DELIM-ADVBZBCVBDQLFBLNGXQT_Haiti_1_DELIM-ADVBZBCVBDQLFBLNGXQT_2015_DELIM-ADVBZBCVBDQLFBLNGXQT_2015) is ignored but added at the end
NOTE: nl63_DELIM-ADVBZBCVBDQLFBLNGXQT_MG356422_DELIM-ADVBZBCVBDQLFBLNGXQT_Kilifi_DELIM-ADVBZBCVBDQLFBLNGXQT_HH_DELIM-ADVBZBCVBDQLFBLNGXQT_0522_DELIM-ADVBZBCVBDQLFBLNGXQT_21_May_2010_DELIM-ADVBZBCVBDQLFBLNGXQT_2010 (identical to nl63_DELIM-ADVBZBCVBDQLFBLNGXQT_MG356424_DELIM-ADVBZBCVBDQLFBLNGXQT_Kilifi_DELIM-ADVBZBCVBDQLFBLNGXQT_HH_DELIM-ADVBZBCVBDQLFBLNGXQT_0511_DELIM-ADVBZBCVBDQLFBLNGXQT_01_Jun_2010_DELIM-ADVBZBCVBDQLFBLNGXQT_2010) is ignored but added at the end
NOTE: nl63_DELIM-ADVBZBCVBDQLFBLNGXQT_MG356417_DELIM-ADVBZBCVBDQLFBLNGXQT_Kilifi_DELIM-ADVBZBCVBDQLFBLNGXQT_HH_DELIM-ADVBZBCVBDQLFBLNGXQT_1612_DELIM-ADVBZBCVBDQLFBLNGXQT_18_May_2010_DELIM-ADVBZBCVBDQLFBLNGXQT_2010 (identical to nl63_DELIM-ADVBZBCVBDQLFBLNGXQT_MG356424_DELIM-ADVBZBCVBDQLFBLNGXQT_Kilifi_DELIM-ADVBZBCVBDQLFBLNGXQT_HH_DELIM-ADVBZBCVBDQLFBLNGXQT_0511_DELIM-ADVBZBCVBDQLFBLNGXQT_01_Jun_2010_DELIM-ADVBZBCVBDQLFBLNGXQT_2010) is ignored but added at the end
NOTE: nl63_DELIM-ADVBZBCVBDQLFBLNGXQT_MG356414_DELIM-ADVBZBCVBDQLFBLNGXQT_Kilifi_DELIM-ADVBZBCVBDQLFBLNGXQT_HH_DELIM-ADVBZBCVBDQLFBLNGXQT_3807_DELIM-ADVBZBCVBDQLFBLNGXQT_11_May_2010_DELIM-ADVBZBCVBDQLFBLNGXQT_2010 (identical to nl63_DELIM-ADVBZBCVBDQLFBLNGXQT_MG356424_DELIM-ADVBZBCVBDQLFBLNGXQT_Kilifi_DELIM-ADVBZBCVBDQLFBLNGXQT_HH_DELIM-ADVBZBCVBDQLFBLNGXQT_0511_DELIM-ADVBZBCVBDQLFBLNGXQT_01_Jun_2010_DELIM-ADVBZBCVBDQLFBLNGXQT_2010) is ignored but added at the end
NOTE: nl63_DELIM-ADVBZBCVBDQLFBLNGXQT_MG356423_DELIM-ADVBZBCVBDQLFBLNGXQT_Kilifi_DELIM-ADVBZBCVBDQLFBLNGXQT_HH_DELIM-ADVBZBCVBDQLFBLNGXQT_3808_DELIM-ADVBZBCVBDQLFBLNGXQT_24_May_2010_DELIM-ADVBZBCVBDQLFBLNGXQT_2010 (identical to nl63_DELIM-ADVBZBCVBDQLFBLNGXQT_MG356424_DELIM-ADVBZBCVBDQLFBLNGXQT_Kilifi_DELIM-ADVBZBCVBDQLFBLNGXQT_HH_DELIM-ADVBZBCVBDQLFBLNGXQT_0511_DELIM-ADVBZBCVBDQLFBLNGXQT_01_Jun_2010_DELIM-ADVBZBCVBDQLFBLNGXQT_2010) is ignored but added at the end
NOTE: nl63_DELIM-ADVBZBCVBDQLFBLNGXQT_MG356419_DELIM-ADVBZBCVBDQLFBLNGXQT_Kilifi_DELIM-ADVBZBCVBDQLFBLNGXQT_HH_DELIM-ADVBZBCVBDQLFBLNGXQT_5402_DELIM-ADVBZBCVBDQLFBLNGXQT_20_May_2010_DELIM-ADVBZBCVBDQLFBLNGXQT_2010 (identical to nl63_DELIM-ADVBZBCVBDQLFBLNGXQT_MG356424_DELIM-ADVBZBCVBDQLFBLNGXQT_Kilifi_DELIM-ADVBZBCVBDQLFBLNGXQT_HH_DELIM-ADVBZBCVBDQLFBLNGXQT_0511_DELIM-ADVBZBCVBDQLFBLNGXQT_01_Jun_2010_DELIM-ADVBZBCVBDQLFBLNGXQT_2010) is ignored but added at the end
NOTE: nl63_DELIM-ADVBZBCVBDQLFBLNGXQT_MG356416_DELIM-ADVBZBCVBDQLFBLNGXQT_Kilifi_DELIM-ADVBZBCVBDQLFBLNGXQT_HH_DELIM-ADVBZBCVBDQLFBLNGXQT_5405_DELIM-ADVBZBCVBDQLFBLNGXQT_15_May_2010_DELIM-ADVBZBCVBDQLFBLNGXQT_2010 (identical to nl63_DELIM-ADVBZBCVBDQLFBLNGXQT_MG356424_DELIM-ADVBZBCVBDQLFBLNGXQT_Kilifi_DELIM-ADVBZBCVBDQLFBLNGXQT_HH_DELIM-ADVBZBCVBDQLFBLNGXQT_0511_DELIM-ADVBZBCVBDQLFBLNGXQT_01_Jun_2010_DELIM-ADVBZBCVBDQLFBLNGXQT_2010) is ignored but added at the end
NOTE: nl63_DELIM-ADVBZBCVBDQLFBLNGXQT_MG356415_DELIM-ADVBZBCVBDQLFBLNGXQT_Kilifi_DELIM-ADVBZBCVBDQLFBLNGXQT_IP_DELIM-ADVBZBCVBDQLFBLNGXQT_002_DELIM-ADVBZBCVBDQLFBLNGXQT_14_May_2010_DELIM-ADVBZBCVBDQLFBLNGXQT_2010 (identical to nl63_DELIM-ADVBZBCVBDQLFBLNGXQT_MG356424_DELIM-ADVBZBCVBDQLFBLNGXQT_Kilifi_DELIM-ADVBZBCVBDQLFBLNGXQT_HH_DELIM-ADVBZBCVBDQLFBLNGXQT_0511_DELIM-ADVBZBCVBDQLFBLNGXQT_01_Jun_2010_DELIM-ADVBZBCVBDQLFBLNGXQT_2010) is ignored but added at the end
NOTE: nl63_DELIM-ADVBZBCVBDQLFBLNGXQT_MG356420_DELIM-ADVBZBCVBDQLFBLNGXQT_Kilifi_DELIM-ADVBZBCVBDQLFBLNGXQT_IP_DELIM-ADVBZBCVBDQLFBLNGXQT_003_DELIM-ADVBZBCVBDQLFBLNGXQT_20_May_2010_DELIM-ADVBZBCVBDQLFBLNGXQT_2010 (identical to nl63_DELIM-ADVBZBCVBDQLFBLNGXQT_MG356424_DELIM-ADVBZBCVBDQLFBLNGXQT_Kilifi_DELIM-ADVBZBCVBDQLFBLNGXQT_HH_DELIM-ADVBZBCVBDQLFBLNGXQT_0511_DELIM-ADVBZBCVBDQLFBLNGXQT_01_Jun_2010_DELIM-ADVBZBCVBDQLFBLNGXQT_2010) is ignored but added at the end
NOTE: nl63_DELIM-ADVBZBCVBDQLFBLNGXQT_MG356427_DELIM-ADVBZBCVBDQLFBLNGXQT_Kilifi_DELIM-ADVBZBCVBDQLFBLNGXQT_IP_DELIM-ADVBZBCVBDQLFBLNGXQT_004_DELIM-ADVBZBCVBDQLFBLNGXQT_20_Jun_2010_DELIM-ADVBZBCVBDQLFBLNGXQT_2010 (identical to nl63_DELIM-ADVBZBCVBDQLFBLNGXQT_MG356424_DELIM-ADVBZBCVBDQLFBLNGXQT_Kilifi_DELIM-ADVBZBCVBDQLFBLNGXQT_HH_DELIM-ADVBZBCVBDQLFBLNGXQT_0511_DELIM-ADVBZBCVBDQLFBLNGXQT_01_Jun_2010_DELIM-ADVBZBCVBDQLFBLNGXQT_2010) is ignored but added at the end
NOTE: nl63_DELIM-ADVBZBCVBDQLFBLNGXQT_MG356428_DELIM-ADVBZBCVBDQLFBLNGXQT_Kilifi_DELIM-ADVBZBCVBDQLFBLNGXQT_IP_DELIM-ADVBZBCVBDQLFBLNGXQT_005_DELIM-ADVBZBCVBDQLFBLNGXQT_09_Aug_2010_DELIM-ADVBZBCVBDQLFBLNGXQT_2010 (identical to nl63_DELIM-ADVBZBCVBDQLFBLNGXQT_MG356424_DELIM-ADVBZBCVBDQLFBLNGXQT_Kilifi_DELIM-ADVBZBCVBDQLFBLNGXQT_HH_DELIM-ADVBZBCVBDQLFBLNGXQT_0511_DELIM-ADVBZBCVBDQLFBLNGXQT_01_Jun_2010_DELIM-ADVBZBCVBDQLFBLNGXQT_2010) is ignored but added at the end
NOTE: nl63_DELIM-ADVBZBCVBDQLFBLNGXQT_MG428705_DELIM-ADVBZBCVBDQLFBLNGXQT_Kilifi_HH_0522_21_May_2010_DELIM-ADVBZBCVBDQLFBLNGXQT_2010 (identical to nl63_DELIM-ADVBZBCVBDQLFBLNGXQT_MG428703_DELIM-ADVBZBCVBDQLFBLNGXQT_Kilifi_HH_0511_01_Jun_2010_DELIM-ADVBZBCVBDQLFBLNGXQT_2010) is ignored but added at the end
NOTE: nl63_DELIM-ADVBZBCVBDQLFBLNGXQT_MG428700_DELIM-ADVBZBCVBDQLFBLNGXQT_Kilifi_HH_1602_01_Jun_2010_DELIM-ADVBZBCVBDQLFBLNGXQT_2010 (identical to nl63_DELIM-ADVBZBCVBDQLFBLNGXQT_MG428703_DELIM-ADVBZBCVBDQLFBLNGXQT_Kilifi_HH_0511_01_Jun_2010_DELIM-ADVBZBCVBDQLFBLNGXQT_2010) is ignored but added at the end
NOTE: nl63_DELIM-ADVBZBCVBDQLFBLNGXQT_MG428702_DELIM-ADVBZBCVBDQLFBLNGXQT_Kilifi_HH_3807_11_May_2010_DELIM-ADVBZBCVBDQLFBLNGXQT_2010 (identical to nl63_DELIM-ADVBZBCVBDQLFBLNGXQT_MG428703_DELIM-ADVBZBCVBDQLFBLNGXQT_Kilifi_HH_0511_01_Jun_2010_DELIM-ADVBZBCVBDQLFBLNGXQT_2010) is ignored but added at the end
NOTE: nl63_DELIM-ADVBZBCVBDQLFBLNGXQT_MG428706_DELIM-ADVBZBCVBDQLFBLNGXQT_Kilifi_HH_3808_24_May_2010_DELIM-ADVBZBCVBDQLFBLNGXQT_2010 (identical to nl63_DELIM-ADVBZBCVBDQLFBLNGXQT_MG428703_DELIM-ADVBZBCVBDQLFBLNGXQT_Kilifi_HH_0511_01_Jun_2010_DELIM-ADVBZBCVBDQLFBLNGXQT_2010) is ignored but added at the end
NOTE: nl63_DELIM-ADVBZBCVBDQLFBLNGXQT_MG428704_DELIM-ADVBZBCVBDQLFBLNGXQT_Kilifi_HH_5402_20_May_2010_DELIM-ADVBZBCVBDQLFBLNGXQT_2010 (identical to nl63_DELIM-ADVBZBCVBDQLFBLNGXQT_MG428703_DELIM-ADVBZBCVBDQLFBLNGXQT_Kilifi_HH_0511_01_Jun_2010_DELIM-ADVBZBCVBDQLFBLNGXQT_2010) is ignored but added at the end
NOTE: nl63_DELIM-ADVBZBCVBDQLFBLNGXQT_MG356449_DELIM-ADVBZBCVBDQLFBLNGXQT_Kilifi_DELIM-ADVBZBCVBDQLFBLNGXQT_IP_DELIM-ADVBZBCVBDQLFBLNGXQT_026_DELIM-ADVBZBCVBDQLFBLNGXQT_24_Jan_2014_DELIM-ADVBZBCVBDQLFBLNGXQT_2014 (identical to nl63_DELIM-ADVBZBCVBDQLFBLNGXQT_MG356447_DELIM-ADVBZBCVBDQLFBLNGXQT_Kilifi_DELIM-ADVBZBCVBDQLFBLNGXQT_IP_DELIM-ADVBZBCVBDQLFBLNGXQT_024_DELIM-ADVBZBCVBDQLFBLNGXQT_09_Dec_2013_DELIM-ADVBZBCVBDQLFBLNGXQT_2013) is ignored but added at the end
NOTE: nl63_DELIM-ADVBZBCVBDQLFBLNGXQT_MG356451_DELIM-ADVBZBCVBDQLFBLNGXQT_Kilifi_DELIM-ADVBZBCVBDQLFBLNGXQT_IP_DELIM-ADVBZBCVBDQLFBLNGXQT_028_DELIM-ADVBZBCVBDQLFBLNGXQT_21_Feb_2014_DELIM-ADVBZBCVBDQLFBLNGXQT_2014 (identical to nl63_DELIM-ADVBZBCVBDQLFBLNGXQT_MG356447_DELIM-ADVBZBCVBDQLFBLNGXQT_Kilifi_DELIM-ADVBZBCVBDQLFBLNGXQT_IP_DELIM-ADVBZBCVBDQLFBLNGXQT_024_DELIM-ADVBZBCVBDQLFBLNGXQT_09_Dec_2013_DELIM-ADVBZBCVBDQLFBLNGXQT_2013) is ignored but added at the end
NOTE: nl63_DELIM-ADVBZBCVBDQLFBLNGXQT_MG356446_DELIM-ADVBZBCVBDQLFBLNGXQT_Kilifi_DELIM-ADVBZBCVBDQLFBLNGXQT_IP_DELIM-ADVBZBCVBDQLFBLNGXQT_023_DELIM-ADVBZBCVBDQLFBLNGXQT_18_Jun_2013_DELIM-ADVBZBCVBDQLFBLNGXQT_2013 (identical to nl63_DELIM-ADVBZBCVBDQLFBLNGXQT_MG356429_DELIM-ADVBZBCVBDQLFBLNGXQT_Kilifi_DELIM-ADVBZBCVBDQLFBLNGXQT_IP_DELIM-ADVBZBCVBDQLFBLNGXQT_006_DELIM-ADVBZBCVBDQLFBLNGXQT_28_Mar_2011_DELIM-ADVBZBCVBDQLFBLNGXQT_2011) is ignored but added at the end
NOTE: nl63_DELIM-ADVBZBCVBDQLFBLNGXQT_MG356442_DELIM-ADVBZBCVBDQLFBLNGXQT_Kilifi_DELIM-ADVBZBCVBDQLFBLNGXQT_IP_DELIM-ADVBZBCVBDQLFBLNGXQT_019_DELIM-ADVBZBCVBDQLFBLNGXQT_04_May_2013_DELIM-ADVBZBCVBDQLFBLNGXQT_2013 (identical to nl63_DELIM-ADVBZBCVBDQLFBLNGXQT_MG356439_DELIM-ADVBZBCVBDQLFBLNGXQT_Kilifi_DELIM-ADVBZBCVBDQLFBLNGXQT_IP_DELIM-ADVBZBCVBDQLFBLNGXQT_016_DELIM-ADVBZBCVBDQLFBLNGXQT_08_Apr_2013_DELIM-ADVBZBCVBDQLFBLNGXQT_2013) is ignored but added at the end
NOTE: nl63_DELIM-ADVBZBCVBDQLFBLNGXQT_MG356444_DELIM-ADVBZBCVBDQLFBLNGXQT_Kilifi_DELIM-ADVBZBCVBDQLFBLNGXQT_IP_DELIM-ADVBZBCVBDQLFBLNGXQT_021_DELIM-ADVBZBCVBDQLFBLNGXQT_26_May_2013_DELIM-ADVBZBCVBDQLFBLNGXQT_2013 (identical to nl63_DELIM-ADVBZBCVBDQLFBLNGXQT_MG356439_DELIM-ADVBZBCVBDQLFBLNGXQT_Kilifi_DELIM-ADVBZBCVBDQLFBLNGXQT_IP_DELIM-ADVBZBCVBDQLFBLNGXQT_016_DELIM-ADVBZBCVBDQLFBLNGXQT_08_Apr_2013_DELIM-ADVBZBCVBDQLFBLNGXQT_2013) is ignored but added at the end
Alignment was printed to results/aligned_nl63_spike-delim.fasta.uniqueseq.phy

For your convenience alignment with unique sequences printed to results/aligned_nl63_spike-delim.fasta.uniqueseq.phy

Create initial parsimony tree by phylogenetic likelihood library (PLL)... 0.003 seconds

NOTE: 1 MB RAM (0 GB) is required!
Estimate model parameters (epsilon = 0.500)
1. Initial log-likelihood: -39371.217
2. Current log-likelihood: -36017.367
3. Current log-likelihood: -35886.190
4. Current log-likelihood: -35876.782
5. Current log-likelihood: -35874.547
Optimal log-likelihood: -35874.538
Rate parameters:  A-C: 0.66698  A-G: 3.41535  A-T: 0.52389  C-G: 1.30198  C-T: 8.33698  G-T: 1.00000
Base frequencies:  A: 0.255  C: 0.173  G: 0.181  T: 0.391
Parameters optimization took 5 rounds (0.331 sec)
Wrote distance file to... 
Computing ML distances based on estimated model parameters...
Calculating distance matrix: done in 0.0253229 secs using 97.54% CPU
Computing ML distances took 0.025820 sec (of wall-clock time) 0.024883 sec (of CPU time)
Setting up auxiliary I and S matrices: done in 0.000319958 secs using 187.8% CPU
Constructing RapidNJ tree: done in 0.000669956 secs using 188.2% CPU
Computing RapidNJ tree took 0.001025 sec (of wall-clock time) 0.001883 sec (of CPU time)
Log-likelihood of RapidNJ tree: -10281.752
--------------------------------------------------------------------
|             INITIALIZING CANDIDATE TREE SET                      |
--------------------------------------------------------------------

Do NNI search on 2 best initial trees
Optimizing NNI: done in 0.101886 secs using 198% CPU
Estimate model parameters (epsilon = 0.500)
BETTER TREE FOUND at iteration 1: -10139.614
Optimizing NNI: done in 0.568656 secs using 104% CPU
Finish initializing candidate tree set (4)
Current best tree score: -10139.614 / CPU time: 0.726
Number of iterations: 2
TREE SEARCH COMPLETED AFTER 2 ITERATIONS / Time: 0h:0m:1s

--------------------------------------------------------------------
|                    FINALIZING TREE SEARCH                        |
--------------------------------------------------------------------
Performs final model parameters optimization
Estimate model parameters (epsilon = 0.050)
1. Initial log-likelihood: -10139.614
Optimal log-likelihood: -10139.613
Rate parameters:  A-C: 0.98452  A-G: 4.42124  A-T: 0.60748  C-G: 1.20464  C-T: 10.88913  G-T: 1.00000
Base frequencies:  A: 0.255  C: 0.173  G: 0.181  T: 0.391
Parameters optimization took 1 rounds (0.018 sec)
BEST SCORE FOUND : -10139.613
Total tree length: 0.170

Total number of iterations: 2
CPU time used for tree search: 0.901 sec (0h:0m:0s)
Wall-clock time used for tree search: 0.726 sec (0h:0m:0s)
Total CPU time used: 1.330 sec (0h:0m:1s)
Total wall-clock time used: 1.150 sec (0h:0m:1s)

Analysis results written to: 
  IQ-TREE report:                results/aligned_nl63_spike-delim.fasta.iqtree
  Maximum-likelihood tree:       results/aligned_nl63_spike-delim.fasta.treefile
  Likelihood distances:          results/aligned_nl63_spike-delim.fasta.mldist
  Screen log file:               results/aligned_nl63_spike-delim.fasta.log

Date and Time: Wed Apr 27 14:48:44 2022
