IQ-TREE multicore version 2.2.0-beta COVID-edition for Mac OS X 64-bit built Mar  3 2022 built Mar  3 2022
Developed by Bui Quang Minh, James Barbetti, Nguyen Lam Tung,
Olga Chernomor, Heiko Schmidt, Dominik Schrempf, Michael Woodhams, Ly Trong Nhan.

Host:    macbook-pro-2.fhcrc.org (SSE4.2, 8 GB RAM)
Command: iqtree2 -nt 1 -s results/aligned_nl63_s2-delim.fasta -m GTR -ninit 2 -n 2 -me 0.05
Seed:    647360 (Using SPRNG - Scalable Parallel Random Number Generator)
Time:    Thu May 12 17:36:03 2022
Kernel:  SSE2 - 1 threads (8 CPU cores detected)

HINT: Use -nt option to specify number of threads because your CPU has 8 cores!
HINT: -nt AUTO will automatically determine the best number of threads to use.

Reading alignment file results/aligned_nl63_s2-delim.fasta ... Fasta format detected
Reading fasta file: done in 0.00313401 secs using 95.25% CPU
Alignment most likely contains DNA/RNA sequences
Constructing alignment: done in 0.00159812 secs using 80.03% CPU
Alignment has 99 sequences with 1824 columns, 122 distinct patterns
72 parsimony-informative, 51 singleton sites, 1701 constant sites
                                                                                                                                                                                                                                                   Gap/Ambiguity  Composition  p-value
Analyzing sequences: done in 1.90735e-05 secs using 89.13% CPU
   1  nl63_DELIM-WZBFQNJOMIYDAJFEIPWY_JX504050_DELIM-WZBFQNJOMIYDAJFEIPWY_NL63_DELIM-WZBFQNJOMIYDAJFEIPWY_RPTEC_DELIM-WZBFQNJOMIYDAJFEIPWY_2004_DELIM-WZBFQNJOMIYDAJFEIPWY_2004                                                                            0.00%    passed     99.85%
   2  nl63_DELIM-WZBFQNJOMIYDAJFEIPWY_JQ765573_DELIM-WZBFQNJOMIYDAJFEIPWY_NL63_DELIM-WZBFQNJOMIYDAJFEIPWY_DEN_DELIM-WZBFQNJOMIYDAJFEIPWY_2005_DELIM-WZBFQNJOMIYDAJFEIPWY_1062_DELIM-WZBFQNJOMIYDAJFEIPWY_2005                                              0.00%    passed     99.70%
   3  nl63_DELIM-WZBFQNJOMIYDAJFEIPWY_JQ900260_DELIM-WZBFQNJOMIYDAJFEIPWY_NL63_DELIM-WZBFQNJOMIYDAJFEIPWY_DEN_DELIM-WZBFQNJOMIYDAJFEIPWY_2005_DELIM-WZBFQNJOMIYDAJFEIPWY_1120_DELIM-WZBFQNJOMIYDAJFEIPWY_2005                                              0.00%    passed     99.93%
   4  nl63_DELIM-WZBFQNJOMIYDAJFEIPWY_JQ765568_DELIM-WZBFQNJOMIYDAJFEIPWY_NL63_DELIM-WZBFQNJOMIYDAJFEIPWY_DEN_DELIM-WZBFQNJOMIYDAJFEIPWY_2005_DELIM-WZBFQNJOMIYDAJFEIPWY_193_DELIM-WZBFQNJOMIYDAJFEIPWY_2005                                               0.00%    passed     99.99%
   5  nl63_DELIM-WZBFQNJOMIYDAJFEIPWY_JQ900259_DELIM-WZBFQNJOMIYDAJFEIPWY_NL63_DELIM-WZBFQNJOMIYDAJFEIPWY_DEN_DELIM-WZBFQNJOMIYDAJFEIPWY_2005_DELIM-WZBFQNJOMIYDAJFEIPWY_449_DELIM-WZBFQNJOMIYDAJFEIPWY_2005                                               0.00%    passed     99.88%
   6  nl63_DELIM-WZBFQNJOMIYDAJFEIPWY_JQ765575_DELIM-WZBFQNJOMIYDAJFEIPWY_NL63_DELIM-WZBFQNJOMIYDAJFEIPWY_DEN_DELIM-WZBFQNJOMIYDAJFEIPWY_2005_DELIM-WZBFQNJOMIYDAJFEIPWY_1876_DELIM-WZBFQNJOMIYDAJFEIPWY_2005                                              0.00%    passed     99.83%
   7  nl63_DELIM-WZBFQNJOMIYDAJFEIPWY_JQ765571_DELIM-WZBFQNJOMIYDAJFEIPWY_NL63_DELIM-WZBFQNJOMIYDAJFEIPWY_DEN_DELIM-WZBFQNJOMIYDAJFEIPWY_2005_DELIM-WZBFQNJOMIYDAJFEIPWY_271_DELIM-WZBFQNJOMIYDAJFEIPWY_2005                                               0.00%    passed     99.78%
   8  nl63_DELIM-WZBFQNJOMIYDAJFEIPWY_JQ765572_DELIM-WZBFQNJOMIYDAJFEIPWY_NL63_DELIM-WZBFQNJOMIYDAJFEIPWY_DEN_DELIM-WZBFQNJOMIYDAJFEIPWY_2005_DELIM-WZBFQNJOMIYDAJFEIPWY_347_DELIM-WZBFQNJOMIYDAJFEIPWY_2005                                               0.00%    passed     99.78%
   9  nl63_DELIM-WZBFQNJOMIYDAJFEIPWY_KF530114_DELIM-WZBFQNJOMIYDAJFEIPWY_NL63_DELIM-WZBFQNJOMIYDAJFEIPWY_human_DELIM-WZBFQNJOMIYDAJFEIPWY_USA_DELIM-WZBFQNJOMIYDAJFEIPWY_891_4_DELIM-WZBFQNJOMIYDAJFEIPWY_1989_DELIM-WZBFQNJOMIYDAJFEIPWY_1989            0.00%    passed     99.73%
  10  nl63_DELIM-WZBFQNJOMIYDAJFEIPWY_KF530108_DELIM-WZBFQNJOMIYDAJFEIPWY_NL63_DELIM-WZBFQNJOMIYDAJFEIPWY_human_DELIM-WZBFQNJOMIYDAJFEIPWY_USA_DELIM-WZBFQNJOMIYDAJFEIPWY_891_6_DELIM-WZBFQNJOMIYDAJFEIPWY_1989_DELIM-WZBFQNJOMIYDAJFEIPWY_1989            0.00%    passed     99.73%
  11  nl63_DELIM-WZBFQNJOMIYDAJFEIPWY_KF530111_DELIM-WZBFQNJOMIYDAJFEIPWY_NL63_DELIM-WZBFQNJOMIYDAJFEIPWY_human_DELIM-WZBFQNJOMIYDAJFEIPWY_USA_DELIM-WZBFQNJOMIYDAJFEIPWY_901_24_DELIM-WZBFQNJOMIYDAJFEIPWY_1990_DELIM-WZBFQNJOMIYDAJFEIPWY_1990           0.00%    passed     99.73%
  12  nl63_DELIM-WZBFQNJOMIYDAJFEIPWY_KF530104_DELIM-WZBFQNJOMIYDAJFEIPWY_NL63_DELIM-WZBFQNJOMIYDAJFEIPWY_human_DELIM-WZBFQNJOMIYDAJFEIPWY_USA_DELIM-WZBFQNJOMIYDAJFEIPWY_904_20_DELIM-WZBFQNJOMIYDAJFEIPWY_1990_DELIM-WZBFQNJOMIYDAJFEIPWY_1990           0.00%    passed     99.73%
  13  nl63_DELIM-WZBFQNJOMIYDAJFEIPWY_KF530109_DELIM-WZBFQNJOMIYDAJFEIPWY_NL63_DELIM-WZBFQNJOMIYDAJFEIPWY_human_DELIM-WZBFQNJOMIYDAJFEIPWY_USA_DELIM-WZBFQNJOMIYDAJFEIPWY_903_28_DELIM-WZBFQNJOMIYDAJFEIPWY_1990_DELIM-WZBFQNJOMIYDAJFEIPWY_1990           0.00%    passed     99.88%
  14  nl63_DELIM-WZBFQNJOMIYDAJFEIPWY_KF530113_DELIM-WZBFQNJOMIYDAJFEIPWY_NL63_DELIM-WZBFQNJOMIYDAJFEIPWY_human_DELIM-WZBFQNJOMIYDAJFEIPWY_USA_DELIM-WZBFQNJOMIYDAJFEIPWY_905_25_DELIM-WZBFQNJOMIYDAJFEIPWY_1990_DELIM-WZBFQNJOMIYDAJFEIPWY_1990           0.00%    passed     99.46%
  15  nl63_DELIM-WZBFQNJOMIYDAJFEIPWY_KF530107_DELIM-WZBFQNJOMIYDAJFEIPWY_NL63_DELIM-WZBFQNJOMIYDAJFEIPWY_human_DELIM-WZBFQNJOMIYDAJFEIPWY_USA_DELIM-WZBFQNJOMIYDAJFEIPWY_911_56_DELIM-WZBFQNJOMIYDAJFEIPWY_1991_DELIM-WZBFQNJOMIYDAJFEIPWY_1991           0.00%    passed     99.83%
  16  nl63_DELIM-WZBFQNJOMIYDAJFEIPWY_KF530110_DELIM-WZBFQNJOMIYDAJFEIPWY_NL63_DELIM-WZBFQNJOMIYDAJFEIPWY_human_DELIM-WZBFQNJOMIYDAJFEIPWY_USA_DELIM-WZBFQNJOMIYDAJFEIPWY_838_9_DELIM-WZBFQNJOMIYDAJFEIPWY_1983_DELIM-WZBFQNJOMIYDAJFEIPWY_1983            0.00%    passed     99.88%
  17  nl63_DELIM-WZBFQNJOMIYDAJFEIPWY_KF530106_DELIM-WZBFQNJOMIYDAJFEIPWY_NL63_DELIM-WZBFQNJOMIYDAJFEIPWY_human_DELIM-WZBFQNJOMIYDAJFEIPWY_USA_DELIM-WZBFQNJOMIYDAJFEIPWY_8712_17_DELIM-WZBFQNJOMIYDAJFEIPWY_1987_DELIM-WZBFQNJOMIYDAJFEIPWY_1987          0.00%    passed     99.92%
  18  nl63_DELIM-WZBFQNJOMIYDAJFEIPWY_KY554969_DELIM-WZBFQNJOMIYDAJFEIPWY_N07_196B_DELIM-WZBFQNJOMIYDAJFEIPWY_2016                                                                                                                                         0.00%    passed     99.78%
  19  nl63_DELIM-WZBFQNJOMIYDAJFEIPWY_KY829118_DELIM-WZBFQNJOMIYDAJFEIPWY_N07_262B_DELIM-WZBFQNJOMIYDAJFEIPWY_2015                                                                                                                                         0.00%    passed     99.78%
  20  nl63_DELIM-WZBFQNJOMIYDAJFEIPWY_KY554971_DELIM-WZBFQNJOMIYDAJFEIPWY_N07_468B_176X_DELIM-WZBFQNJOMIYDAJFEIPWY_2016                                                                                                                                    0.00%    passed     99.78%
  21  nl63_DELIM-WZBFQNJOMIYDAJFEIPWY_JQ765574_DELIM-WZBFQNJOMIYDAJFEIPWY_NL63_DELIM-WZBFQNJOMIYDAJFEIPWY_DEN_DELIM-WZBFQNJOMIYDAJFEIPWY_2005_DELIM-WZBFQNJOMIYDAJFEIPWY_1862_DELIM-WZBFQNJOMIYDAJFEIPWY_2005                                              0.00%    passed     99.71%
  22  nl63_DELIM-WZBFQNJOMIYDAJFEIPWY_KF530105_DELIM-WZBFQNJOMIYDAJFEIPWY_NL63_DELIM-WZBFQNJOMIYDAJFEIPWY_human_DELIM-WZBFQNJOMIYDAJFEIPWY_USA_DELIM-WZBFQNJOMIYDAJFEIPWY_012_31_DELIM-WZBFQNJOMIYDAJFEIPWY_2001_DELIM-WZBFQNJOMIYDAJFEIPWY_2001           0.00%    passed     99.71%
  23  nl63_DELIM-WZBFQNJOMIYDAJFEIPWY_KT266906_DELIM-WZBFQNJOMIYDAJFEIPWY_HCoV_NL63_DELIM-WZBFQNJOMIYDAJFEIPWY_Haiti_1_DELIM-WZBFQNJOMIYDAJFEIPWY_2015_DELIM-WZBFQNJOMIYDAJFEIPWY_2015                                                                     0.00%    passed    100.00%
  24  nl63_DELIM-WZBFQNJOMIYDAJFEIPWY_KX179494_DELIM-WZBFQNJOMIYDAJFEIPWY_NL63_DELIM-WZBFQNJOMIYDAJFEIPWY_Haiti_2_DELIM-WZBFQNJOMIYDAJFEIPWY_2015_DELIM-WZBFQNJOMIYDAJFEIPWY_2015                                                                          0.00%    passed    100.00%
  25  nl63_DELIM-WZBFQNJOMIYDAJFEIPWY_KX179495_DELIM-WZBFQNJOMIYDAJFEIPWY_NL63_DELIM-WZBFQNJOMIYDAJFEIPWY_Haiti_3_DELIM-WZBFQNJOMIYDAJFEIPWY_2015_DELIM-WZBFQNJOMIYDAJFEIPWY_2015                                                                          0.00%    passed    100.00%
  26  nl63_DELIM-WZBFQNJOMIYDAJFEIPWY_KX179496_DELIM-WZBFQNJOMIYDAJFEIPWY_NL63_DELIM-WZBFQNJOMIYDAJFEIPWY_Haiti_4_DELIM-WZBFQNJOMIYDAJFEIPWY_2015_DELIM-WZBFQNJOMIYDAJFEIPWY_2015                                                                          0.00%    passed    100.00%
  27  nl63_DELIM-WZBFQNJOMIYDAJFEIPWY_KM055632_DELIM-WZBFQNJOMIYDAJFEIPWY_1014A_2008_DELIM-WZBFQNJOMIYDAJFEIPWY_2008                                                                                                                                       0.00%    passed    100.00%
  28  nl63_DELIM-WZBFQNJOMIYDAJFEIPWY_KM055635_DELIM-WZBFQNJOMIYDAJFEIPWY_1093A_2008_DELIM-WZBFQNJOMIYDAJFEIPWY_2008                                                                                                                                       0.00%    passed    100.00%
  29  nl63_DELIM-WZBFQNJOMIYDAJFEIPWY_KM055650_DELIM-WZBFQNJOMIYDAJFEIPWY_930A_2008_DELIM-WZBFQNJOMIYDAJFEIPWY_2008                                                                                                                                        0.00%    passed    100.00%
  30  nl63_DELIM-WZBFQNJOMIYDAJFEIPWY_KM055637_DELIM-WZBFQNJOMIYDAJFEIPWY_945A_2008_DELIM-WZBFQNJOMIYDAJFEIPWY_2008                                                                                                                                        0.00%    passed    100.00%
  31  nl63_DELIM-WZBFQNJOMIYDAJFEIPWY_KM055643_DELIM-WZBFQNJOMIYDAJFEIPWY_971A_2008_DELIM-WZBFQNJOMIYDAJFEIPWY_2008                                                                                                                                        0.00%    passed    100.00%
  32  nl63_DELIM-WZBFQNJOMIYDAJFEIPWY_KM055646_DELIM-WZBFQNJOMIYDAJFEIPWY_990A_2008_DELIM-WZBFQNJOMIYDAJFEIPWY_2008                                                                                                                                        0.00%    passed    100.00%
  33  nl63_DELIM-WZBFQNJOMIYDAJFEIPWY_KM055649_DELIM-WZBFQNJOMIYDAJFEIPWY_996A_2008_DELIM-WZBFQNJOMIYDAJFEIPWY_2008                                                                                                                                        0.00%    passed    100.00%
  34  nl63_DELIM-WZBFQNJOMIYDAJFEIPWY_JX104161_DELIM-WZBFQNJOMIYDAJFEIPWY_CBJ_037_DELIM-WZBFQNJOMIYDAJFEIPWY_2008                                                                                                                                          0.00%    passed    100.00%
  35  nl63_DELIM-WZBFQNJOMIYDAJFEIPWY_JX524171_DELIM-WZBFQNJOMIYDAJFEIPWY_CBJ123_DELIM-WZBFQNJOMIYDAJFEIPWY_2009                                                                                                                                           0.00%    passed    100.00%
  36  nl63_DELIM-WZBFQNJOMIYDAJFEIPWY_MG428703_DELIM-WZBFQNJOMIYDAJFEIPWY_Kilifi_HH_0511_01_Jun_2010_DELIM-WZBFQNJOMIYDAJFEIPWY_2010                                                                                                                       0.00%    passed    100.00%
  37  nl63_DELIM-WZBFQNJOMIYDAJFEIPWY_MG428701_DELIM-WZBFQNJOMIYDAJFEIPWY_Kilifi_HH_0512_04_Jun_2010_DELIM-WZBFQNJOMIYDAJFEIPWY_2010                                                                                                                       0.00%    passed    100.00%
  38  nl63_DELIM-WZBFQNJOMIYDAJFEIPWY_MG428705_DELIM-WZBFQNJOMIYDAJFEIPWY_Kilifi_HH_0522_21_May_2010_DELIM-WZBFQNJOMIYDAJFEIPWY_2010                                                                                                                       0.00%    passed    100.00%
  39  nl63_DELIM-WZBFQNJOMIYDAJFEIPWY_MG428700_DELIM-WZBFQNJOMIYDAJFEIPWY_Kilifi_HH_1602_01_Jun_2010_DELIM-WZBFQNJOMIYDAJFEIPWY_2010                                                                                                                       0.00%    passed    100.00%
  40  nl63_DELIM-WZBFQNJOMIYDAJFEIPWY_MG428702_DELIM-WZBFQNJOMIYDAJFEIPWY_Kilifi_HH_3807_11_May_2010_DELIM-WZBFQNJOMIYDAJFEIPWY_2010                                                                                                                       0.00%    passed    100.00%
  41  nl63_DELIM-WZBFQNJOMIYDAJFEIPWY_MG428706_DELIM-WZBFQNJOMIYDAJFEIPWY_Kilifi_HH_3808_24_May_2010_DELIM-WZBFQNJOMIYDAJFEIPWY_2010                                                                                                                       0.00%    passed    100.00%
  42  nl63_DELIM-WZBFQNJOMIYDAJFEIPWY_MG428704_DELIM-WZBFQNJOMIYDAJFEIPWY_Kilifi_HH_5402_20_May_2010_DELIM-WZBFQNJOMIYDAJFEIPWY_2010                                                                                                                       0.00%    passed    100.00%
  43  nl63_DELIM-WZBFQNJOMIYDAJFEIPWY_MG428699_DELIM-WZBFQNJOMIYDAJFEIPWY_Kilifi_HH_5709_19_May_2010_DELIM-WZBFQNJOMIYDAJFEIPWY_2010                                                                                                                       0.00%    passed    100.00%
  44  nl63_DELIM-WZBFQNJOMIYDAJFEIPWY_JQ900257_DELIM-WZBFQNJOMIYDAJFEIPWY_NL63_DELIM-WZBFQNJOMIYDAJFEIPWY_DEN_DELIM-WZBFQNJOMIYDAJFEIPWY_2009_DELIM-WZBFQNJOMIYDAJFEIPWY_31_DELIM-WZBFQNJOMIYDAJFEIPWY_2009                                                0.05%    passed     99.98%
  45  nl63_DELIM-WZBFQNJOMIYDAJFEIPWY_KM055634_DELIM-WZBFQNJOMIYDAJFEIPWY_1023A_2008_DELIM-WZBFQNJOMIYDAJFEIPWY_2008                                                                                                                                       0.00%    passed     99.98%
  46  nl63_DELIM-WZBFQNJOMIYDAJFEIPWY_KM055633_DELIM-WZBFQNJOMIYDAJFEIPWY_2093A_2010_DELIM-WZBFQNJOMIYDAJFEIPWY_2010                                                                                                                                       0.00%    passed     99.98%
  47  nl63_DELIM-WZBFQNJOMIYDAJFEIPWY_KM055636_DELIM-WZBFQNJOMIYDAJFEIPWY_940A_2008_DELIM-WZBFQNJOMIYDAJFEIPWY_2008                                                                                                                                        0.00%    passed    100.00%
  48  nl63_DELIM-WZBFQNJOMIYDAJFEIPWY_MN306040_DELIM-WZBFQNJOMIYDAJFEIPWY_HCoV_NL63_DELIM-WZBFQNJOMIYDAJFEIPWY_Seattle_DELIM-WZBFQNJOMIYDAJFEIPWY_USA_DELIM-WZBFQNJOMIYDAJFEIPWY_SC0768_DELIM-WZBFQNJOMIYDAJFEIPWY_2019_DELIM-WZBFQNJOMIYDAJFEIPWY_2019    0.00%    passed     99.71%
  49  nl63_DELIM-WZBFQNJOMIYDAJFEIPWY_KM055648_DELIM-WZBFQNJOMIYDAJFEIPWY_954A_2008_DELIM-WZBFQNJOMIYDAJFEIPWY_2008                                                                                                                                        0.00%    passed     99.99%
  50  nl63_DELIM-WZBFQNJOMIYDAJFEIPWY_MK334043_DELIM-WZBFQNJOMIYDAJFEIPWY_ChinaGD02_DELIM-WZBFQNJOMIYDAJFEIPWY_2018                                                                                                                                        0.00%    passed     99.98%
  51  nl63_DELIM-WZBFQNJOMIYDAJFEIPWY_KM055638_DELIM-WZBFQNJOMIYDAJFEIPWY_180A_2007_DELIM-WZBFQNJOMIYDAJFEIPWY_2007                                                                                                                                        0.00%    passed     99.99%
  52  nl63_DELIM-WZBFQNJOMIYDAJFEIPWY_KY554967_DELIM-WZBFQNJOMIYDAJFEIPWY_N06_1144B_DELIM-WZBFQNJOMIYDAJFEIPWY_2016                                                                                                                                        0.00%    passed     99.99%
  53  nl63_DELIM-WZBFQNJOMIYDAJFEIPWY_KY674915_DELIM-WZBFQNJOMIYDAJFEIPWY_N07_6B_DELIM-WZBFQNJOMIYDAJFEIPWY_2016                                                                                                                                           0.00%    passed     99.99%
  54  nl63_DELIM-WZBFQNJOMIYDAJFEIPWY_KM055640_DELIM-WZBFQNJOMIYDAJFEIPWY_225A_2007_DELIM-WZBFQNJOMIYDAJFEIPWY_2007                                                                                                                                        0.00%    passed     99.94%
  55  nl63_DELIM-WZBFQNJOMIYDAJFEIPWY_KM055641_DELIM-WZBFQNJOMIYDAJFEIPWY_236A_2007_DELIM-WZBFQNJOMIYDAJFEIPWY_2007                                                                                                                                        0.00%    passed     99.94%
  56  nl63_DELIM-WZBFQNJOMIYDAJFEIPWY_KM055647_DELIM-WZBFQNJOMIYDAJFEIPWY_188A_2007_DELIM-WZBFQNJOMIYDAJFEIPWY_2007                                                                                                                                        0.00%    passed     99.99%
  57  nl63_DELIM-WZBFQNJOMIYDAJFEIPWY_KM055645_DELIM-WZBFQNJOMIYDAJFEIPWY_909A_2008_DELIM-WZBFQNJOMIYDAJFEIPWY_2008                                                                                                                                        0.00%    passed     99.99%
  58  nl63_DELIM-WZBFQNJOMIYDAJFEIPWY_KM055639_DELIM-WZBFQNJOMIYDAJFEIPWY_197A_2007_DELIM-WZBFQNJOMIYDAJFEIPWY_2007                                                                                                                                        0.00%    passed     99.99%
  59  nl63_DELIM-WZBFQNJOMIYDAJFEIPWY_KM055644_DELIM-WZBFQNJOMIYDAJFEIPWY_374A_2007_DELIM-WZBFQNJOMIYDAJFEIPWY_2007                                                                                                                                        0.00%    passed     99.95%
  60  nl63_DELIM-WZBFQNJOMIYDAJFEIPWY_JQ900255_DELIM-WZBFQNJOMIYDAJFEIPWY_NL63_DELIM-WZBFQNJOMIYDAJFEIPWY_DEN_DELIM-WZBFQNJOMIYDAJFEIPWY_2009_DELIM-WZBFQNJOMIYDAJFEIPWY_6_DELIM-WZBFQNJOMIYDAJFEIPWY_2009                                                 0.00%    passed     99.99%
  61  nl63_DELIM-WZBFQNJOMIYDAJFEIPWY_KY554968_DELIM-WZBFQNJOMIYDAJFEIPWY_N07_185B_DELIM-WZBFQNJOMIYDAJFEIPWY_2016                                                                                                                                         0.00%    passed    100.00%
  62  nl63_DELIM-WZBFQNJOMIYDAJFEIPWY_KY554970_DELIM-WZBFQNJOMIYDAJFEIPWY_N07_324B_182X_DELIM-WZBFQNJOMIYDAJFEIPWY_2016                                                                                                                                    0.00%    passed     99.95%
  63  nl63_DELIM-WZBFQNJOMIYDAJFEIPWY_KY674916_DELIM-WZBFQNJOMIYDAJFEIPWY_N07_64B_DELIM-WZBFQNJOMIYDAJFEIPWY_2016                                                                                                                                          0.00%    passed     99.95%
  64  nl63_DELIM-WZBFQNJOMIYDAJFEIPWY_KM055642_DELIM-WZBFQNJOMIYDAJFEIPWY_277A_2007_DELIM-WZBFQNJOMIYDAJFEIPWY_2007                                                                                                                                        0.00%    passed     99.81%
  65  nl63_DELIM-WZBFQNJOMIYDAJFEIPWY_JQ765569_DELIM-WZBFQNJOMIYDAJFEIPWY_NL63_DELIM-WZBFQNJOMIYDAJFEIPWY_DEN_DELIM-WZBFQNJOMIYDAJFEIPWY_2005_DELIM-WZBFQNJOMIYDAJFEIPWY_232_DELIM-WZBFQNJOMIYDAJFEIPWY_2005                                               0.00%    passed     99.94%
  66  nl63_DELIM-WZBFQNJOMIYDAJFEIPWY_KF530112_DELIM-WZBFQNJOMIYDAJFEIPWY_NL63_DELIM-WZBFQNJOMIYDAJFEIPWY_human_DELIM-WZBFQNJOMIYDAJFEIPWY_USA_DELIM-WZBFQNJOMIYDAJFEIPWY_0111_25_DELIM-WZBFQNJOMIYDAJFEIPWY_2001_DELIM-WZBFQNJOMIYDAJFEIPWY_2001          0.00%    passed     99.94%
  67  nl63_DELIM-WZBFQNJOMIYDAJFEIPWY_JQ765564_DELIM-WZBFQNJOMIYDAJFEIPWY_NL63_DELIM-WZBFQNJOMIYDAJFEIPWY_DEN_DELIM-WZBFQNJOMIYDAJFEIPWY_2009_DELIM-WZBFQNJOMIYDAJFEIPWY_14_DELIM-WZBFQNJOMIYDAJFEIPWY_2009                                                0.00%    passed     99.53%
  68  nl63_DELIM-WZBFQNJOMIYDAJFEIPWY_JQ765566_DELIM-WZBFQNJOMIYDAJFEIPWY_NL63_DELIM-WZBFQNJOMIYDAJFEIPWY_DEN_DELIM-WZBFQNJOMIYDAJFEIPWY_2008_DELIM-WZBFQNJOMIYDAJFEIPWY_16_DELIM-WZBFQNJOMIYDAJFEIPWY_2008                                                0.00%    passed    100.00%
  69  nl63_DELIM-WZBFQNJOMIYDAJFEIPWY_JQ765570_DELIM-WZBFQNJOMIYDAJFEIPWY_NL63_DELIM-WZBFQNJOMIYDAJFEIPWY_DEN_DELIM-WZBFQNJOMIYDAJFEIPWY_2005_DELIM-WZBFQNJOMIYDAJFEIPWY_235_DELIM-WZBFQNJOMIYDAJFEIPWY_2005                                               0.00%    passed     99.72%
  70  nl63_DELIM-WZBFQNJOMIYDAJFEIPWY_JQ900256_DELIM-WZBFQNJOMIYDAJFEIPWY_NL63_DELIM-WZBFQNJOMIYDAJFEIPWY_DEN_DELIM-WZBFQNJOMIYDAJFEIPWY_2009_DELIM-WZBFQNJOMIYDAJFEIPWY_22_DELIM-WZBFQNJOMIYDAJFEIPWY_2009                                                0.00%    passed     99.54%
  71  nl63_DELIM-WZBFQNJOMIYDAJFEIPWY_JQ771056_DELIM-WZBFQNJOMIYDAJFEIPWY_NL63_DELIM-WZBFQNJOMIYDAJFEIPWY_DEN_DELIM-WZBFQNJOMIYDAJFEIPWY_2010_DELIM-WZBFQNJOMIYDAJFEIPWY_25_DELIM-WZBFQNJOMIYDAJFEIPWY_2010                                                0.00%    passed     99.94%
  72  nl63_DELIM-WZBFQNJOMIYDAJFEIPWY_JQ771060_DELIM-WZBFQNJOMIYDAJFEIPWY_NL63_DELIM-WZBFQNJOMIYDAJFEIPWY_DEN_DELIM-WZBFQNJOMIYDAJFEIPWY_2010_DELIM-WZBFQNJOMIYDAJFEIPWY_36_DELIM-WZBFQNJOMIYDAJFEIPWY_2010                                                0.00%    passed     99.99%
  73  nl63_DELIM-WZBFQNJOMIYDAJFEIPWY_MK334044_DELIM-WZBFQNJOMIYDAJFEIPWY_ChinaGD03_DELIM-WZBFQNJOMIYDAJFEIPWY_2018                                                                                                                                        0.00%    passed     99.96%
  74  nl63_DELIM-WZBFQNJOMIYDAJFEIPWY_JQ765563_DELIM-WZBFQNJOMIYDAJFEIPWY_NL63_DELIM-WZBFQNJOMIYDAJFEIPWY_DEN_DELIM-WZBFQNJOMIYDAJFEIPWY_2009_DELIM-WZBFQNJOMIYDAJFEIPWY_9_DELIM-WZBFQNJOMIYDAJFEIPWY_2009                                                 0.00%    passed     99.81%
  75  nl63_DELIM-WZBFQNJOMIYDAJFEIPWY_JQ765565_DELIM-WZBFQNJOMIYDAJFEIPWY_NL63_DELIM-WZBFQNJOMIYDAJFEIPWY_DEN_DELIM-WZBFQNJOMIYDAJFEIPWY_2009_DELIM-WZBFQNJOMIYDAJFEIPWY_15_DELIM-WZBFQNJOMIYDAJFEIPWY_2009                                                0.00%    passed     99.99%
  76  nl63_DELIM-WZBFQNJOMIYDAJFEIPWY_JQ765567_DELIM-WZBFQNJOMIYDAJFEIPWY_NL63_DELIM-WZBFQNJOMIYDAJFEIPWY_DEN_DELIM-WZBFQNJOMIYDAJFEIPWY_2009_DELIM-WZBFQNJOMIYDAJFEIPWY_20_DELIM-WZBFQNJOMIYDAJFEIPWY_2009                                                0.00%    passed     99.88%
  77  nl63_DELIM-WZBFQNJOMIYDAJFEIPWY_KU521535_DELIM-WZBFQNJOMIYDAJFEIPWY_NL63_DELIM-WZBFQNJOMIYDAJFEIPWY_UF_2_DELIM-WZBFQNJOMIYDAJFEIPWY_2015_DELIM-WZBFQNJOMIYDAJFEIPWY_2015                                                                             0.00%    passed     99.88%
  78  nl63_DELIM-WZBFQNJOMIYDAJFEIPWY_KT381875_DELIM-WZBFQNJOMIYDAJFEIPWY_NL63_DELIM-WZBFQNJOMIYDAJFEIPWY_UF_1_DELIM-WZBFQNJOMIYDAJFEIPWY_2015_DELIM-WZBFQNJOMIYDAJFEIPWY_2015                                                                             0.00%    passed     99.71%
  79  nl63_DELIM-WZBFQNJOMIYDAJFEIPWY_JQ771055_DELIM-WZBFQNJOMIYDAJFEIPWY_NL63_DELIM-WZBFQNJOMIYDAJFEIPWY_DEN_DELIM-WZBFQNJOMIYDAJFEIPWY_2010_DELIM-WZBFQNJOMIYDAJFEIPWY_20_DELIM-WZBFQNJOMIYDAJFEIPWY_2010                                                0.00%    passed     99.94%
  80  nl63_DELIM-WZBFQNJOMIYDAJFEIPWY_JQ771057_DELIM-WZBFQNJOMIYDAJFEIPWY_NL63_DELIM-WZBFQNJOMIYDAJFEIPWY_DEN_DELIM-WZBFQNJOMIYDAJFEIPWY_2010_DELIM-WZBFQNJOMIYDAJFEIPWY_28_DELIM-WZBFQNJOMIYDAJFEIPWY_2010                                                0.00%    passed     99.94%
  81  nl63_DELIM-WZBFQNJOMIYDAJFEIPWY_JQ771058_DELIM-WZBFQNJOMIYDAJFEIPWY_NL63_DELIM-WZBFQNJOMIYDAJFEIPWY_DEN_DELIM-WZBFQNJOMIYDAJFEIPWY_2010_DELIM-WZBFQNJOMIYDAJFEIPWY_31_DELIM-WZBFQNJOMIYDAJFEIPWY_2010                                                0.00%    passed     99.94%
  82  nl63_DELIM-WZBFQNJOMIYDAJFEIPWY_KX179500_DELIM-WZBFQNJOMIYDAJFEIPWY_NL63_DELIM-WZBFQNJOMIYDAJFEIPWY_UF_2_DELIM-WZBFQNJOMIYDAJFEIPWY_2015_DELIM-WZBFQNJOMIYDAJFEIPWY_2015                                                                             0.00%    passed     99.94%
  83  nl63_DELIM-WZBFQNJOMIYDAJFEIPWY_JQ771059_DELIM-WZBFQNJOMIYDAJFEIPWY_NL63_DELIM-WZBFQNJOMIYDAJFEIPWY_DEN_DELIM-WZBFQNJOMIYDAJFEIPWY_2010_DELIM-WZBFQNJOMIYDAJFEIPWY_35_DELIM-WZBFQNJOMIYDAJFEIPWY_2010                                                0.00%    passed    100.00%
  84  nl63_DELIM-WZBFQNJOMIYDAJFEIPWY_KY983586_DELIM-WZBFQNJOMIYDAJFEIPWY_HCoV_NL63_DELIM-WZBFQNJOMIYDAJFEIPWY_Seattle_DELIM-WZBFQNJOMIYDAJFEIPWY_USA_DELIM-WZBFQNJOMIYDAJFEIPWY_SC2940_DELIM-WZBFQNJOMIYDAJFEIPWY_2015_DELIM-WZBFQNJOMIYDAJFEIPWY_2015    0.00%    passed     99.68%
  85  nl63_DELIM-WZBFQNJOMIYDAJFEIPWY_LC488390_DELIM-WZBFQNJOMIYDAJFEIPWY_HCoVNL63_DELIM-WZBFQNJOMIYDAJFEIPWY_Tokyo_DELIM-WZBFQNJOMIYDAJFEIPWY_SGH_15_DELIM-WZBFQNJOMIYDAJFEIPWY_2017_DELIM-WZBFQNJOMIYDAJFEIPWY_2017                                      0.00%    passed     99.90%
  86  nl63_DELIM-WZBFQNJOMIYDAJFEIPWY_MN306018_DELIM-WZBFQNJOMIYDAJFEIPWY_HCoV_NL63_DELIM-WZBFQNJOMIYDAJFEIPWY_Seattle_DELIM-WZBFQNJOMIYDAJFEIPWY_USA_DELIM-WZBFQNJOMIYDAJFEIPWY_SC0179_DELIM-WZBFQNJOMIYDAJFEIPWY_2018_DELIM-WZBFQNJOMIYDAJFEIPWY_2018    0.00%    passed     99.95%
  87  nl63_DELIM-WZBFQNJOMIYDAJFEIPWY_MG428707_DELIM-WZBFQNJOMIYDAJFEIPWY_Kilifi_HH_5401_20_May_2010_DELIM-WZBFQNJOMIYDAJFEIPWY_2010                                                                                                                       0.00%    passed    100.00%
  88  nl63_DELIM-WZBFQNJOMIYDAJFEIPWY_MK334045_DELIM-WZBFQNJOMIYDAJFEIPWY_ChinaGD05_DELIM-WZBFQNJOMIYDAJFEIPWY_2018                                                                                                                                        0.00%    passed     99.86%
  89  nl63_DELIM-WZBFQNJOMIYDAJFEIPWY_MG772808_DELIM-WZBFQNJOMIYDAJFEIPWY_CN0601_DELIM-WZBFQNJOMIYDAJFEIPWY_14_DELIM-WZBFQNJOMIYDAJFEIPWY_2014                                                                                                             0.00%    passed     99.98%
  90  nl63_DELIM-WZBFQNJOMIYDAJFEIPWY_MF996621_DELIM-WZBFQNJOMIYDAJFEIPWY_NL63_DELIM-WZBFQNJOMIYDAJFEIPWY_2014                                                                                                                                             0.00%    passed     99.98%
  91  nl63_DELIM-WZBFQNJOMIYDAJFEIPWY_MF996622_DELIM-WZBFQNJOMIYDAJFEIPWY_NL63_DELIM-WZBFQNJOMIYDAJFEIPWY_2014                                                                                                                                             0.00%    passed     99.98%
  92  nl63_DELIM-WZBFQNJOMIYDAJFEIPWY_NC_036584_DELIM-WZBFQNJOMIYDAJFEIPWY_NL63_DELIM-WZBFQNJOMIYDAJFEIPWY_2014                                                                                                                                            0.00%    passed     99.98%
  93  nl63_DELIM-WZBFQNJOMIYDAJFEIPWY_MF996623_DELIM-WZBFQNJOMIYDAJFEIPWY_NL63_DELIM-WZBFQNJOMIYDAJFEIPWY_2014                                                                                                                                             0.00%    passed     99.98%
  94  nl63_DELIM-WZBFQNJOMIYDAJFEIPWY_MN026166_DELIM-WZBFQNJOMIYDAJFEIPWY_NL63_KLF_01_2018_DELIM-WZBFQNJOMIYDAJFEIPWY_2018                                                                                                                                 0.00%    passed     98.30%
  95  nl63_DELIM-WZBFQNJOMIYDAJFEIPWY_JQ900258_DELIM-WZBFQNJOMIYDAJFEIPWY_NL63_DELIM-WZBFQNJOMIYDAJFEIPWY_DEN_DELIM-WZBFQNJOMIYDAJFEIPWY_2005_DELIM-WZBFQNJOMIYDAJFEIPWY_291_DELIM-WZBFQNJOMIYDAJFEIPWY_2005                                              20.56%    passed     67.25%
  96  nl63_DELIM-WZBFQNJOMIYDAJFEIPWY_MK334046_DELIM-WZBFQNJOMIYDAJFEIPWY_ChinaGD01_DELIM-WZBFQNJOMIYDAJFEIPWY_2018                                                                                                                                        0.00%    passed     94.09%
  97  nl63_DELIM-WZBFQNJOMIYDAJFEIPWY_LC488389_DELIM-WZBFQNJOMIYDAJFEIPWY_HCoVNL63_DELIM-WZBFQNJOMIYDAJFEIPWY_Tokyo_DELIM-WZBFQNJOMIYDAJFEIPWY_SGH_18_DELIM-WZBFQNJOMIYDAJFEIPWY_2018_DELIM-WZBFQNJOMIYDAJFEIPWY_2018                                      0.00%    passed     93.86%
  98  nl63_DELIM-WZBFQNJOMIYDAJFEIPWY_LC488388_DELIM-WZBFQNJOMIYDAJFEIPWY_HCoVNL63_DELIM-WZBFQNJOMIYDAJFEIPWY_Tokyo_DELIM-WZBFQNJOMIYDAJFEIPWY_SGH_24_DELIM-WZBFQNJOMIYDAJFEIPWY_2018_DELIM-WZBFQNJOMIYDAJFEIPWY_2018                                      0.00%    passed     93.86%
  99  nl63_DELIM-WZBFQNJOMIYDAJFEIPWY_MK334047_DELIM-WZBFQNJOMIYDAJFEIPWY_ChinaGD04_DELIM-WZBFQNJOMIYDAJFEIPWY_2018                                                                                                                                        0.00%    passed     95.14%
****  TOTAL                                                                                                                                                                                                                                                0.21%  0 sequences failed composition chi2 test (p-value<5%; df=3)
NOTE: nl63_DELIM-WZBFQNJOMIYDAJFEIPWY_KF530108_DELIM-WZBFQNJOMIYDAJFEIPWY_NL63_DELIM-WZBFQNJOMIYDAJFEIPWY_human_DELIM-WZBFQNJOMIYDAJFEIPWY_USA_DELIM-WZBFQNJOMIYDAJFEIPWY_891_6_DELIM-WZBFQNJOMIYDAJFEIPWY_1989_DELIM-WZBFQNJOMIYDAJFEIPWY_1989 is identical to nl63_DELIM-WZBFQNJOMIYDAJFEIPWY_KF530114_DELIM-WZBFQNJOMIYDAJFEIPWY_NL63_DELIM-WZBFQNJOMIYDAJFEIPWY_human_DELIM-WZBFQNJOMIYDAJFEIPWY_USA_DELIM-WZBFQNJOMIYDAJFEIPWY_891_4_DELIM-WZBFQNJOMIYDAJFEIPWY_1989_DELIM-WZBFQNJOMIYDAJFEIPWY_1989 but kept for subsequent analysis
NOTE: nl63_DELIM-WZBFQNJOMIYDAJFEIPWY_KY829118_DELIM-WZBFQNJOMIYDAJFEIPWY_N07_262B_DELIM-WZBFQNJOMIYDAJFEIPWY_2015 is identical to nl63_DELIM-WZBFQNJOMIYDAJFEIPWY_KY554969_DELIM-WZBFQNJOMIYDAJFEIPWY_N07_196B_DELIM-WZBFQNJOMIYDAJFEIPWY_2016 but kept for subsequent analysis
NOTE: nl63_DELIM-WZBFQNJOMIYDAJFEIPWY_KX179494_DELIM-WZBFQNJOMIYDAJFEIPWY_NL63_DELIM-WZBFQNJOMIYDAJFEIPWY_Haiti_2_DELIM-WZBFQNJOMIYDAJFEIPWY_2015_DELIM-WZBFQNJOMIYDAJFEIPWY_2015 is identical to nl63_DELIM-WZBFQNJOMIYDAJFEIPWY_KT266906_DELIM-WZBFQNJOMIYDAJFEIPWY_HCoV_NL63_DELIM-WZBFQNJOMIYDAJFEIPWY_Haiti_1_DELIM-WZBFQNJOMIYDAJFEIPWY_2015_DELIM-WZBFQNJOMIYDAJFEIPWY_2015 but kept for subsequent analysis
NOTE: nl63_DELIM-WZBFQNJOMIYDAJFEIPWY_KM055635_DELIM-WZBFQNJOMIYDAJFEIPWY_1093A_2008_DELIM-WZBFQNJOMIYDAJFEIPWY_2008 is identical to nl63_DELIM-WZBFQNJOMIYDAJFEIPWY_KM055632_DELIM-WZBFQNJOMIYDAJFEIPWY_1014A_2008_DELIM-WZBFQNJOMIYDAJFEIPWY_2008 but kept for subsequent analysis
NOTE: nl63_DELIM-WZBFQNJOMIYDAJFEIPWY_KY554967_DELIM-WZBFQNJOMIYDAJFEIPWY_N06_1144B_DELIM-WZBFQNJOMIYDAJFEIPWY_2016 is identical to nl63_DELIM-WZBFQNJOMIYDAJFEIPWY_KM055638_DELIM-WZBFQNJOMIYDAJFEIPWY_180A_2007_DELIM-WZBFQNJOMIYDAJFEIPWY_2007 but kept for subsequent analysis
NOTE: nl63_DELIM-WZBFQNJOMIYDAJFEIPWY_KM055641_DELIM-WZBFQNJOMIYDAJFEIPWY_236A_2007_DELIM-WZBFQNJOMIYDAJFEIPWY_2007 is identical to nl63_DELIM-WZBFQNJOMIYDAJFEIPWY_KM055640_DELIM-WZBFQNJOMIYDAJFEIPWY_225A_2007_DELIM-WZBFQNJOMIYDAJFEIPWY_2007 but kept for subsequent analysis
NOTE: nl63_DELIM-WZBFQNJOMIYDAJFEIPWY_KM055645_DELIM-WZBFQNJOMIYDAJFEIPWY_909A_2008_DELIM-WZBFQNJOMIYDAJFEIPWY_2008 is identical to nl63_DELIM-WZBFQNJOMIYDAJFEIPWY_KM055647_DELIM-WZBFQNJOMIYDAJFEIPWY_188A_2007_DELIM-WZBFQNJOMIYDAJFEIPWY_2007 but kept for subsequent analysis
NOTE: nl63_DELIM-WZBFQNJOMIYDAJFEIPWY_KY674916_DELIM-WZBFQNJOMIYDAJFEIPWY_N07_64B_DELIM-WZBFQNJOMIYDAJFEIPWY_2016 is identical to nl63_DELIM-WZBFQNJOMIYDAJFEIPWY_KY554970_DELIM-WZBFQNJOMIYDAJFEIPWY_N07_324B_182X_DELIM-WZBFQNJOMIYDAJFEIPWY_2016 but kept for subsequent analysis
NOTE: nl63_DELIM-WZBFQNJOMIYDAJFEIPWY_KF530112_DELIM-WZBFQNJOMIYDAJFEIPWY_NL63_DELIM-WZBFQNJOMIYDAJFEIPWY_human_DELIM-WZBFQNJOMIYDAJFEIPWY_USA_DELIM-WZBFQNJOMIYDAJFEIPWY_0111_25_DELIM-WZBFQNJOMIYDAJFEIPWY_2001_DELIM-WZBFQNJOMIYDAJFEIPWY_2001 is identical to nl63_DELIM-WZBFQNJOMIYDAJFEIPWY_JQ765569_DELIM-WZBFQNJOMIYDAJFEIPWY_NL63_DELIM-WZBFQNJOMIYDAJFEIPWY_DEN_DELIM-WZBFQNJOMIYDAJFEIPWY_2005_DELIM-WZBFQNJOMIYDAJFEIPWY_232_DELIM-WZBFQNJOMIYDAJFEIPWY_2005 but kept for subsequent analysis
NOTE: nl63_DELIM-WZBFQNJOMIYDAJFEIPWY_KU521535_DELIM-WZBFQNJOMIYDAJFEIPWY_NL63_DELIM-WZBFQNJOMIYDAJFEIPWY_UF_2_DELIM-WZBFQNJOMIYDAJFEIPWY_2015_DELIM-WZBFQNJOMIYDAJFEIPWY_2015 is identical to nl63_DELIM-WZBFQNJOMIYDAJFEIPWY_JQ765567_DELIM-WZBFQNJOMIYDAJFEIPWY_NL63_DELIM-WZBFQNJOMIYDAJFEIPWY_DEN_DELIM-WZBFQNJOMIYDAJFEIPWY_2009_DELIM-WZBFQNJOMIYDAJFEIPWY_20_DELIM-WZBFQNJOMIYDAJFEIPWY_2009 but kept for subsequent analysis
NOTE: nl63_DELIM-WZBFQNJOMIYDAJFEIPWY_JQ771057_DELIM-WZBFQNJOMIYDAJFEIPWY_NL63_DELIM-WZBFQNJOMIYDAJFEIPWY_DEN_DELIM-WZBFQNJOMIYDAJFEIPWY_2010_DELIM-WZBFQNJOMIYDAJFEIPWY_28_DELIM-WZBFQNJOMIYDAJFEIPWY_2010 is identical to nl63_DELIM-WZBFQNJOMIYDAJFEIPWY_JQ771055_DELIM-WZBFQNJOMIYDAJFEIPWY_NL63_DELIM-WZBFQNJOMIYDAJFEIPWY_DEN_DELIM-WZBFQNJOMIYDAJFEIPWY_2010_DELIM-WZBFQNJOMIYDAJFEIPWY_20_DELIM-WZBFQNJOMIYDAJFEIPWY_2010 but kept for subsequent analysis
NOTE: nl63_DELIM-WZBFQNJOMIYDAJFEIPWY_MF996621_DELIM-WZBFQNJOMIYDAJFEIPWY_NL63_DELIM-WZBFQNJOMIYDAJFEIPWY_2014 is identical to nl63_DELIM-WZBFQNJOMIYDAJFEIPWY_MG772808_DELIM-WZBFQNJOMIYDAJFEIPWY_CN0601_DELIM-WZBFQNJOMIYDAJFEIPWY_14_DELIM-WZBFQNJOMIYDAJFEIPWY_2014 but kept for subsequent analysis
NOTE: nl63_DELIM-WZBFQNJOMIYDAJFEIPWY_LC488388_DELIM-WZBFQNJOMIYDAJFEIPWY_HCoVNL63_DELIM-WZBFQNJOMIYDAJFEIPWY_Tokyo_DELIM-WZBFQNJOMIYDAJFEIPWY_SGH_24_DELIM-WZBFQNJOMIYDAJFEIPWY_2018_DELIM-WZBFQNJOMIYDAJFEIPWY_2018 is identical to nl63_DELIM-WZBFQNJOMIYDAJFEIPWY_LC488389_DELIM-WZBFQNJOMIYDAJFEIPWY_HCoVNL63_DELIM-WZBFQNJOMIYDAJFEIPWY_Tokyo_DELIM-WZBFQNJOMIYDAJFEIPWY_SGH_18_DELIM-WZBFQNJOMIYDAJFEIPWY_2018_DELIM-WZBFQNJOMIYDAJFEIPWY_2018 but kept for subsequent analysis
Checking for duplicate sequences: done in 0.000545979 secs using 82.97% CPU
Identifying sites to remove: done in 0.0014329 secs using 98.89% CPU
NOTE: 24 identical sequences (see below) will be ignored for subsequent analysis
NOTE: nl63_DELIM-WZBFQNJOMIYDAJFEIPWY_KF530111_DELIM-WZBFQNJOMIYDAJFEIPWY_NL63_DELIM-WZBFQNJOMIYDAJFEIPWY_human_DELIM-WZBFQNJOMIYDAJFEIPWY_USA_DELIM-WZBFQNJOMIYDAJFEIPWY_901_24_DELIM-WZBFQNJOMIYDAJFEIPWY_1990_DELIM-WZBFQNJOMIYDAJFEIPWY_1990 (identical to nl63_DELIM-WZBFQNJOMIYDAJFEIPWY_KF530114_DELIM-WZBFQNJOMIYDAJFEIPWY_NL63_DELIM-WZBFQNJOMIYDAJFEIPWY_human_DELIM-WZBFQNJOMIYDAJFEIPWY_USA_DELIM-WZBFQNJOMIYDAJFEIPWY_891_4_DELIM-WZBFQNJOMIYDAJFEIPWY_1989_DELIM-WZBFQNJOMIYDAJFEIPWY_1989) is ignored but added at the end
NOTE: nl63_DELIM-WZBFQNJOMIYDAJFEIPWY_KF530104_DELIM-WZBFQNJOMIYDAJFEIPWY_NL63_DELIM-WZBFQNJOMIYDAJFEIPWY_human_DELIM-WZBFQNJOMIYDAJFEIPWY_USA_DELIM-WZBFQNJOMIYDAJFEIPWY_904_20_DELIM-WZBFQNJOMIYDAJFEIPWY_1990_DELIM-WZBFQNJOMIYDAJFEIPWY_1990 (identical to nl63_DELIM-WZBFQNJOMIYDAJFEIPWY_KF530114_DELIM-WZBFQNJOMIYDAJFEIPWY_NL63_DELIM-WZBFQNJOMIYDAJFEIPWY_human_DELIM-WZBFQNJOMIYDAJFEIPWY_USA_DELIM-WZBFQNJOMIYDAJFEIPWY_891_4_DELIM-WZBFQNJOMIYDAJFEIPWY_1989_DELIM-WZBFQNJOMIYDAJFEIPWY_1989) is ignored but added at the end
NOTE: nl63_DELIM-WZBFQNJOMIYDAJFEIPWY_KY554971_DELIM-WZBFQNJOMIYDAJFEIPWY_N07_468B_176X_DELIM-WZBFQNJOMIYDAJFEIPWY_2016 (identical to nl63_DELIM-WZBFQNJOMIYDAJFEIPWY_KY554969_DELIM-WZBFQNJOMIYDAJFEIPWY_N07_196B_DELIM-WZBFQNJOMIYDAJFEIPWY_2016) is ignored but added at the end
NOTE: nl63_DELIM-WZBFQNJOMIYDAJFEIPWY_KX179495_DELIM-WZBFQNJOMIYDAJFEIPWY_NL63_DELIM-WZBFQNJOMIYDAJFEIPWY_Haiti_3_DELIM-WZBFQNJOMIYDAJFEIPWY_2015_DELIM-WZBFQNJOMIYDAJFEIPWY_2015 (identical to nl63_DELIM-WZBFQNJOMIYDAJFEIPWY_KT266906_DELIM-WZBFQNJOMIYDAJFEIPWY_HCoV_NL63_DELIM-WZBFQNJOMIYDAJFEIPWY_Haiti_1_DELIM-WZBFQNJOMIYDAJFEIPWY_2015_DELIM-WZBFQNJOMIYDAJFEIPWY_2015) is ignored but added at the end
NOTE: nl63_DELIM-WZBFQNJOMIYDAJFEIPWY_KX179496_DELIM-WZBFQNJOMIYDAJFEIPWY_NL63_DELIM-WZBFQNJOMIYDAJFEIPWY_Haiti_4_DELIM-WZBFQNJOMIYDAJFEIPWY_2015_DELIM-WZBFQNJOMIYDAJFEIPWY_2015 (identical to nl63_DELIM-WZBFQNJOMIYDAJFEIPWY_KT266906_DELIM-WZBFQNJOMIYDAJFEIPWY_HCoV_NL63_DELIM-WZBFQNJOMIYDAJFEIPWY_Haiti_1_DELIM-WZBFQNJOMIYDAJFEIPWY_2015_DELIM-WZBFQNJOMIYDAJFEIPWY_2015) is ignored but added at the end
NOTE: nl63_DELIM-WZBFQNJOMIYDAJFEIPWY_KM055650_DELIM-WZBFQNJOMIYDAJFEIPWY_930A_2008_DELIM-WZBFQNJOMIYDAJFEIPWY_2008 (identical to nl63_DELIM-WZBFQNJOMIYDAJFEIPWY_KM055632_DELIM-WZBFQNJOMIYDAJFEIPWY_1014A_2008_DELIM-WZBFQNJOMIYDAJFEIPWY_2008) is ignored but added at the end
NOTE: nl63_DELIM-WZBFQNJOMIYDAJFEIPWY_KM055637_DELIM-WZBFQNJOMIYDAJFEIPWY_945A_2008_DELIM-WZBFQNJOMIYDAJFEIPWY_2008 (identical to nl63_DELIM-WZBFQNJOMIYDAJFEIPWY_KM055632_DELIM-WZBFQNJOMIYDAJFEIPWY_1014A_2008_DELIM-WZBFQNJOMIYDAJFEIPWY_2008) is ignored but added at the end
NOTE: nl63_DELIM-WZBFQNJOMIYDAJFEIPWY_KM055643_DELIM-WZBFQNJOMIYDAJFEIPWY_971A_2008_DELIM-WZBFQNJOMIYDAJFEIPWY_2008 (identical to nl63_DELIM-WZBFQNJOMIYDAJFEIPWY_KM055632_DELIM-WZBFQNJOMIYDAJFEIPWY_1014A_2008_DELIM-WZBFQNJOMIYDAJFEIPWY_2008) is ignored but added at the end
NOTE: nl63_DELIM-WZBFQNJOMIYDAJFEIPWY_KM055646_DELIM-WZBFQNJOMIYDAJFEIPWY_990A_2008_DELIM-WZBFQNJOMIYDAJFEIPWY_2008 (identical to nl63_DELIM-WZBFQNJOMIYDAJFEIPWY_KM055632_DELIM-WZBFQNJOMIYDAJFEIPWY_1014A_2008_DELIM-WZBFQNJOMIYDAJFEIPWY_2008) is ignored but added at the end
NOTE: nl63_DELIM-WZBFQNJOMIYDAJFEIPWY_KM055649_DELIM-WZBFQNJOMIYDAJFEIPWY_996A_2008_DELIM-WZBFQNJOMIYDAJFEIPWY_2008 (identical to nl63_DELIM-WZBFQNJOMIYDAJFEIPWY_KM055632_DELIM-WZBFQNJOMIYDAJFEIPWY_1014A_2008_DELIM-WZBFQNJOMIYDAJFEIPWY_2008) is ignored but added at the end
NOTE: nl63_DELIM-WZBFQNJOMIYDAJFEIPWY_JX104161_DELIM-WZBFQNJOMIYDAJFEIPWY_CBJ_037_DELIM-WZBFQNJOMIYDAJFEIPWY_2008 (identical to nl63_DELIM-WZBFQNJOMIYDAJFEIPWY_KM055632_DELIM-WZBFQNJOMIYDAJFEIPWY_1014A_2008_DELIM-WZBFQNJOMIYDAJFEIPWY_2008) is ignored but added at the end
NOTE: nl63_DELIM-WZBFQNJOMIYDAJFEIPWY_JX524171_DELIM-WZBFQNJOMIYDAJFEIPWY_CBJ123_DELIM-WZBFQNJOMIYDAJFEIPWY_2009 (identical to nl63_DELIM-WZBFQNJOMIYDAJFEIPWY_KM055632_DELIM-WZBFQNJOMIYDAJFEIPWY_1014A_2008_DELIM-WZBFQNJOMIYDAJFEIPWY_2008) is ignored but added at the end
NOTE: nl63_DELIM-WZBFQNJOMIYDAJFEIPWY_MG428703_DELIM-WZBFQNJOMIYDAJFEIPWY_Kilifi_HH_0511_01_Jun_2010_DELIM-WZBFQNJOMIYDAJFEIPWY_2010 (identical to nl63_DELIM-WZBFQNJOMIYDAJFEIPWY_KM055632_DELIM-WZBFQNJOMIYDAJFEIPWY_1014A_2008_DELIM-WZBFQNJOMIYDAJFEIPWY_2008) is ignored but added at the end
NOTE: nl63_DELIM-WZBFQNJOMIYDAJFEIPWY_MG428701_DELIM-WZBFQNJOMIYDAJFEIPWY_Kilifi_HH_0512_04_Jun_2010_DELIM-WZBFQNJOMIYDAJFEIPWY_2010 (identical to nl63_DELIM-WZBFQNJOMIYDAJFEIPWY_KM055632_DELIM-WZBFQNJOMIYDAJFEIPWY_1014A_2008_DELIM-WZBFQNJOMIYDAJFEIPWY_2008) is ignored but added at the end
NOTE: nl63_DELIM-WZBFQNJOMIYDAJFEIPWY_MG428705_DELIM-WZBFQNJOMIYDAJFEIPWY_Kilifi_HH_0522_21_May_2010_DELIM-WZBFQNJOMIYDAJFEIPWY_2010 (identical to nl63_DELIM-WZBFQNJOMIYDAJFEIPWY_KM055632_DELIM-WZBFQNJOMIYDAJFEIPWY_1014A_2008_DELIM-WZBFQNJOMIYDAJFEIPWY_2008) is ignored but added at the end
NOTE: nl63_DELIM-WZBFQNJOMIYDAJFEIPWY_MG428700_DELIM-WZBFQNJOMIYDAJFEIPWY_Kilifi_HH_1602_01_Jun_2010_DELIM-WZBFQNJOMIYDAJFEIPWY_2010 (identical to nl63_DELIM-WZBFQNJOMIYDAJFEIPWY_KM055632_DELIM-WZBFQNJOMIYDAJFEIPWY_1014A_2008_DELIM-WZBFQNJOMIYDAJFEIPWY_2008) is ignored but added at the end
NOTE: nl63_DELIM-WZBFQNJOMIYDAJFEIPWY_MG428702_DELIM-WZBFQNJOMIYDAJFEIPWY_Kilifi_HH_3807_11_May_2010_DELIM-WZBFQNJOMIYDAJFEIPWY_2010 (identical to nl63_DELIM-WZBFQNJOMIYDAJFEIPWY_KM055632_DELIM-WZBFQNJOMIYDAJFEIPWY_1014A_2008_DELIM-WZBFQNJOMIYDAJFEIPWY_2008) is ignored but added at the end
NOTE: nl63_DELIM-WZBFQNJOMIYDAJFEIPWY_MG428706_DELIM-WZBFQNJOMIYDAJFEIPWY_Kilifi_HH_3808_24_May_2010_DELIM-WZBFQNJOMIYDAJFEIPWY_2010 (identical to nl63_DELIM-WZBFQNJOMIYDAJFEIPWY_KM055632_DELIM-WZBFQNJOMIYDAJFEIPWY_1014A_2008_DELIM-WZBFQNJOMIYDAJFEIPWY_2008) is ignored but added at the end
NOTE: nl63_DELIM-WZBFQNJOMIYDAJFEIPWY_MG428704_DELIM-WZBFQNJOMIYDAJFEIPWY_Kilifi_HH_5402_20_May_2010_DELIM-WZBFQNJOMIYDAJFEIPWY_2010 (identical to nl63_DELIM-WZBFQNJOMIYDAJFEIPWY_KM055632_DELIM-WZBFQNJOMIYDAJFEIPWY_1014A_2008_DELIM-WZBFQNJOMIYDAJFEIPWY_2008) is ignored but added at the end
NOTE: nl63_DELIM-WZBFQNJOMIYDAJFEIPWY_MG428699_DELIM-WZBFQNJOMIYDAJFEIPWY_Kilifi_HH_5709_19_May_2010_DELIM-WZBFQNJOMIYDAJFEIPWY_2010 (identical to nl63_DELIM-WZBFQNJOMIYDAJFEIPWY_KM055632_DELIM-WZBFQNJOMIYDAJFEIPWY_1014A_2008_DELIM-WZBFQNJOMIYDAJFEIPWY_2008) is ignored but added at the end
NOTE: nl63_DELIM-WZBFQNJOMIYDAJFEIPWY_KY674915_DELIM-WZBFQNJOMIYDAJFEIPWY_N07_6B_DELIM-WZBFQNJOMIYDAJFEIPWY_2016 (identical to nl63_DELIM-WZBFQNJOMIYDAJFEIPWY_KM055638_DELIM-WZBFQNJOMIYDAJFEIPWY_180A_2007_DELIM-WZBFQNJOMIYDAJFEIPWY_2007) is ignored but added at the end
NOTE: nl63_DELIM-WZBFQNJOMIYDAJFEIPWY_JQ771058_DELIM-WZBFQNJOMIYDAJFEIPWY_NL63_DELIM-WZBFQNJOMIYDAJFEIPWY_DEN_DELIM-WZBFQNJOMIYDAJFEIPWY_2010_DELIM-WZBFQNJOMIYDAJFEIPWY_31_DELIM-WZBFQNJOMIYDAJFEIPWY_2010 (identical to nl63_DELIM-WZBFQNJOMIYDAJFEIPWY_JQ771055_DELIM-WZBFQNJOMIYDAJFEIPWY_NL63_DELIM-WZBFQNJOMIYDAJFEIPWY_DEN_DELIM-WZBFQNJOMIYDAJFEIPWY_2010_DELIM-WZBFQNJOMIYDAJFEIPWY_20_DELIM-WZBFQNJOMIYDAJFEIPWY_2010) is ignored but added at the end
NOTE: nl63_DELIM-WZBFQNJOMIYDAJFEIPWY_MF996622_DELIM-WZBFQNJOMIYDAJFEIPWY_NL63_DELIM-WZBFQNJOMIYDAJFEIPWY_2014 (identical to nl63_DELIM-WZBFQNJOMIYDAJFEIPWY_MG772808_DELIM-WZBFQNJOMIYDAJFEIPWY_CN0601_DELIM-WZBFQNJOMIYDAJFEIPWY_14_DELIM-WZBFQNJOMIYDAJFEIPWY_2014) is ignored but added at the end
NOTE: nl63_DELIM-WZBFQNJOMIYDAJFEIPWY_NC_036584_DELIM-WZBFQNJOMIYDAJFEIPWY_NL63_DELIM-WZBFQNJOMIYDAJFEIPWY_2014 (identical to nl63_DELIM-WZBFQNJOMIYDAJFEIPWY_MG772808_DELIM-WZBFQNJOMIYDAJFEIPWY_CN0601_DELIM-WZBFQNJOMIYDAJFEIPWY_14_DELIM-WZBFQNJOMIYDAJFEIPWY_2014) is ignored but added at the end
Alignment was printed to results/aligned_nl63_s2-delim.fasta.uniqueseq.phy

For your convenience alignment with unique sequences printed to results/aligned_nl63_s2-delim.fasta.uniqueseq.phy

Create initial parsimony tree by phylogenetic likelihood library (PLL)... 0.001 seconds

NOTE: 0 MB RAM (0 GB) is required!
Estimate model parameters (epsilon = 0.500)
1. Initial log-likelihood: -7532.252
2. Current log-likelihood: -6926.260
3. Current log-likelihood: -6796.419
4. Current log-likelihood: -6790.263
Optimal log-likelihood: -6790.239
Rate parameters:  A-C: 0.67960  A-G: 6.76241  A-T: 0.21467  C-G: 0.21278  C-T: 19.34753  G-T: 1.00000
Base frequencies:  A: 0.264  C: 0.173  G: 0.191  T: 0.372
Parameters optimization took 4 rounds (0.048 sec)
Wrote distance file to... 
Computing ML distances based on estimated model parameters...
Calculating distance matrix: done in 0.00720406 secs using 99.58% CPU
Computing ML distances took 0.007325 sec (of wall-clock time) 0.007247 sec (of CPU time)
Setting up auxiliary I and S matrices: done in 0.00192022 secs using 91.29% CPU
Constructing RapidNJ tree: done in 0.000304937 secs using 188.2% CPU
Computing RapidNJ tree took 0.002269 sec (of wall-clock time) 0.002387 sec (of CPU time)
Log-likelihood of RapidNJ tree: -3869.455
--------------------------------------------------------------------
|             INITIALIZING CANDIDATE TREE SET                      |
--------------------------------------------------------------------

Do NNI search on 2 best initial trees
Optimizing NNI: done in 0.016628 secs using 176.1% CPU
Estimate model parameters (epsilon = 0.500)
BETTER TREE FOUND at iteration 1: -3858.129
Optimizing NNI: done in 0.141118 secs using 166.2% CPU
Finish initializing candidate tree set (4)
Current best tree score: -3858.129 / CPU time: 0.173
Number of iterations: 2
TREE SEARCH COMPLETED AFTER 2 ITERATIONS / Time: 0h:0m:0s

--------------------------------------------------------------------
|                    FINALIZING TREE SEARCH                        |
--------------------------------------------------------------------
Performs final model parameters optimization
Estimate model parameters (epsilon = 0.050)
1. Initial log-likelihood: -3858.129
Optimal log-likelihood: -3858.129
Rate parameters:  A-C: 1.47300  A-G: 7.10054  A-T: 0.49209  C-G: 0.87122  C-T: 19.25414  G-T: 1.00000
Base frequencies:  A: 0.264  C: 0.173  G: 0.191  T: 0.372
Parameters optimization took 1 rounds (0.004 sec)
BEST SCORE FOUND : -3858.129
Total tree length: 0.104

Total number of iterations: 2
CPU time used for tree search: 0.292 sec (0h:0m:0s)
Wall-clock time used for tree search: 0.173 sec (0h:0m:0s)
Total CPU time used: 0.376 sec (0h:0m:0s)
Total wall-clock time used: 0.251 sec (0h:0m:0s)

Analysis results written to: 
  IQ-TREE report:                results/aligned_nl63_s2-delim.fasta.iqtree
  Maximum-likelihood tree:       results/aligned_nl63_s2-delim.fasta.treefile
  Likelihood distances:          results/aligned_nl63_s2-delim.fasta.mldist
  Screen log file:               results/aligned_nl63_s2-delim.fasta.log

Date and Time: Thu May 12 17:36:03 2022
