IQ-TREE multicore version 2.2.0-beta COVID-edition for Mac OS X 64-bit built Mar  3 2022 built Mar  3 2022
Developed by Bui Quang Minh, James Barbetti, Nguyen Lam Tung,
Olga Chernomor, Heiko Schmidt, Dominik Schrempf, Michael Woodhams, Ly Trong Nhan.

Host:    macbook-pro-2.fhcrc.org (SSE4.2, 8 GB RAM)
Command: iqtree2 -nt 1 -s results/aligned_nl63_envelope-delim.fasta -m GTR -ninit 2 -n 2 -me 0.05
Seed:    316058 (Using SPRNG - Scalable Parallel Random Number Generator)
Time:    Thu May 12 17:37:40 2022
Kernel:  SSE2 - 1 threads (8 CPU cores detected)

HINT: Use -nt option to specify number of threads because your CPU has 8 cores!
HINT: -nt AUTO will automatically determine the best number of threads to use.

Reading alignment file results/aligned_nl63_envelope-delim.fasta ... Fasta format detected
Reading fasta file: done in 0.000982046 secs using 38.19% CPU
Alignment most likely contains DNA/RNA sequences
Constructing alignment: done in 0.000194073 secs using 76.78% CPU
Alignment has 64 sequences with 234 columns, 10 distinct patterns
5 parsimony-informative, 1 singleton sites, 228 constant sites
                                                                                                                                                                                                                                                   Gap/Ambiguity  Composition  p-value
Analyzing sequences: done in 0.000136852 secs using 5.115% CPU
   1  nl63_DELIM-FSSKNZCBIJUHIEDGTUUY_JX504050_DELIM-FSSKNZCBIJUHIEDGTUUY_NL63_DELIM-FSSKNZCBIJUHIEDGTUUY_RPTEC_DELIM-FSSKNZCBIJUHIEDGTUUY_2004_DELIM-FSSKNZCBIJUHIEDGTUUY_2004                                                                            0.00%    passed     99.99%
   2  nl63_DELIM-FSSKNZCBIJUHIEDGTUUY_MG772808_DELIM-FSSKNZCBIJUHIEDGTUUY_CN0601_DELIM-FSSKNZCBIJUHIEDGTUUY_14_DELIM-FSSKNZCBIJUHIEDGTUUY_2014                                                                                                             0.00%    passed     99.95%
   3  nl63_DELIM-FSSKNZCBIJUHIEDGTUUY_KY983586_DELIM-FSSKNZCBIJUHIEDGTUUY_HCoV_NL63_DELIM-FSSKNZCBIJUHIEDGTUUY_Seattle_DELIM-FSSKNZCBIJUHIEDGTUUY_USA_DELIM-FSSKNZCBIJUHIEDGTUUY_SC2940_DELIM-FSSKNZCBIJUHIEDGTUUY_2015_DELIM-FSSKNZCBIJUHIEDGTUUY_2015    0.00%    passed     99.95%
   4  nl63_DELIM-FSSKNZCBIJUHIEDGTUUY_KY554969_DELIM-FSSKNZCBIJUHIEDGTUUY_N07_196B_DELIM-FSSKNZCBIJUHIEDGTUUY_2016                                                                                                                                         0.00%    passed     99.95%
   5  nl63_DELIM-FSSKNZCBIJUHIEDGTUUY_KY829118_DELIM-FSSKNZCBIJUHIEDGTUUY_N07_262B_DELIM-FSSKNZCBIJUHIEDGTUUY_2015                                                                                                                                         0.00%    passed     99.95%
   6  nl63_DELIM-FSSKNZCBIJUHIEDGTUUY_KY554971_DELIM-FSSKNZCBIJUHIEDGTUUY_N07_468B_176X_DELIM-FSSKNZCBIJUHIEDGTUUY_2016                                                                                                                                    0.00%    passed     99.95%
   7  nl63_DELIM-FSSKNZCBIJUHIEDGTUUY_JQ900260_DELIM-FSSKNZCBIJUHIEDGTUUY_NL63_DELIM-FSSKNZCBIJUHIEDGTUUY_DEN_DELIM-FSSKNZCBIJUHIEDGTUUY_2005_DELIM-FSSKNZCBIJUHIEDGTUUY_1120_DELIM-FSSKNZCBIJUHIEDGTUUY_2005                                              0.00%    passed     99.95%
   8  nl63_DELIM-FSSKNZCBIJUHIEDGTUUY_JQ765574_DELIM-FSSKNZCBIJUHIEDGTUUY_NL63_DELIM-FSSKNZCBIJUHIEDGTUUY_DEN_DELIM-FSSKNZCBIJUHIEDGTUUY_2005_DELIM-FSSKNZCBIJUHIEDGTUUY_1862_DELIM-FSSKNZCBIJUHIEDGTUUY_2005                                              0.00%    passed     99.95%
   9  nl63_DELIM-FSSKNZCBIJUHIEDGTUUY_JQ765575_DELIM-FSSKNZCBIJUHIEDGTUUY_NL63_DELIM-FSSKNZCBIJUHIEDGTUUY_DEN_DELIM-FSSKNZCBIJUHIEDGTUUY_2005_DELIM-FSSKNZCBIJUHIEDGTUUY_1876_DELIM-FSSKNZCBIJUHIEDGTUUY_2005                                              0.00%    passed     99.95%
  10  nl63_DELIM-FSSKNZCBIJUHIEDGTUUY_JQ765568_DELIM-FSSKNZCBIJUHIEDGTUUY_NL63_DELIM-FSSKNZCBIJUHIEDGTUUY_DEN_DELIM-FSSKNZCBIJUHIEDGTUUY_2005_DELIM-FSSKNZCBIJUHIEDGTUUY_193_DELIM-FSSKNZCBIJUHIEDGTUUY_2005                                               0.00%    passed     99.95%
  11  nl63_DELIM-FSSKNZCBIJUHIEDGTUUY_JQ765570_DELIM-FSSKNZCBIJUHIEDGTUUY_NL63_DELIM-FSSKNZCBIJUHIEDGTUUY_DEN_DELIM-FSSKNZCBIJUHIEDGTUUY_2005_DELIM-FSSKNZCBIJUHIEDGTUUY_235_DELIM-FSSKNZCBIJUHIEDGTUUY_2005                                               0.00%    passed     99.95%
  12  nl63_DELIM-FSSKNZCBIJUHIEDGTUUY_JQ765571_DELIM-FSSKNZCBIJUHIEDGTUUY_NL63_DELIM-FSSKNZCBIJUHIEDGTUUY_DEN_DELIM-FSSKNZCBIJUHIEDGTUUY_2005_DELIM-FSSKNZCBIJUHIEDGTUUY_271_DELIM-FSSKNZCBIJUHIEDGTUUY_2005                                               0.00%    passed     99.95%
  13  nl63_DELIM-FSSKNZCBIJUHIEDGTUUY_JQ765572_DELIM-FSSKNZCBIJUHIEDGTUUY_NL63_DELIM-FSSKNZCBIJUHIEDGTUUY_DEN_DELIM-FSSKNZCBIJUHIEDGTUUY_2005_DELIM-FSSKNZCBIJUHIEDGTUUY_347_DELIM-FSSKNZCBIJUHIEDGTUUY_2005                                               0.00%    passed     99.95%
  14  nl63_DELIM-FSSKNZCBIJUHIEDGTUUY_JQ900259_DELIM-FSSKNZCBIJUHIEDGTUUY_NL63_DELIM-FSSKNZCBIJUHIEDGTUUY_DEN_DELIM-FSSKNZCBIJUHIEDGTUUY_2005_DELIM-FSSKNZCBIJUHIEDGTUUY_449_DELIM-FSSKNZCBIJUHIEDGTUUY_2005                                               0.00%    passed     99.95%
  15  nl63_DELIM-FSSKNZCBIJUHIEDGTUUY_JQ765564_DELIM-FSSKNZCBIJUHIEDGTUUY_NL63_DELIM-FSSKNZCBIJUHIEDGTUUY_DEN_DELIM-FSSKNZCBIJUHIEDGTUUY_2009_DELIM-FSSKNZCBIJUHIEDGTUUY_14_DELIM-FSSKNZCBIJUHIEDGTUUY_2009                                                0.00%    passed     99.95%
  16  nl63_DELIM-FSSKNZCBIJUHIEDGTUUY_JQ765565_DELIM-FSSKNZCBIJUHIEDGTUUY_NL63_DELIM-FSSKNZCBIJUHIEDGTUUY_DEN_DELIM-FSSKNZCBIJUHIEDGTUUY_2009_DELIM-FSSKNZCBIJUHIEDGTUUY_15_DELIM-FSSKNZCBIJUHIEDGTUUY_2009                                                0.00%    passed     99.95%
  17  nl63_DELIM-FSSKNZCBIJUHIEDGTUUY_JQ900256_DELIM-FSSKNZCBIJUHIEDGTUUY_NL63_DELIM-FSSKNZCBIJUHIEDGTUUY_DEN_DELIM-FSSKNZCBIJUHIEDGTUUY_2009_DELIM-FSSKNZCBIJUHIEDGTUUY_22_DELIM-FSSKNZCBIJUHIEDGTUUY_2009                                                0.00%    passed     99.95%
  18  nl63_DELIM-FSSKNZCBIJUHIEDGTUUY_KF530105_DELIM-FSSKNZCBIJUHIEDGTUUY_NL63_DELIM-FSSKNZCBIJUHIEDGTUUY_human_DELIM-FSSKNZCBIJUHIEDGTUUY_USA_DELIM-FSSKNZCBIJUHIEDGTUUY_012_31_DELIM-FSSKNZCBIJUHIEDGTUUY_2001_DELIM-FSSKNZCBIJUHIEDGTUUY_2001           0.00%    passed     99.95%
  19  nl63_DELIM-FSSKNZCBIJUHIEDGTUUY_KF530114_DELIM-FSSKNZCBIJUHIEDGTUUY_NL63_DELIM-FSSKNZCBIJUHIEDGTUUY_human_DELIM-FSSKNZCBIJUHIEDGTUUY_USA_DELIM-FSSKNZCBIJUHIEDGTUUY_891_4_DELIM-FSSKNZCBIJUHIEDGTUUY_1989_DELIM-FSSKNZCBIJUHIEDGTUUY_1989            0.00%    passed     99.95%
  20  nl63_DELIM-FSSKNZCBIJUHIEDGTUUY_KF530108_DELIM-FSSKNZCBIJUHIEDGTUUY_NL63_DELIM-FSSKNZCBIJUHIEDGTUUY_human_DELIM-FSSKNZCBIJUHIEDGTUUY_USA_DELIM-FSSKNZCBIJUHIEDGTUUY_891_6_DELIM-FSSKNZCBIJUHIEDGTUUY_1989_DELIM-FSSKNZCBIJUHIEDGTUUY_1989            0.00%    passed     99.95%
  21  nl63_DELIM-FSSKNZCBIJUHIEDGTUUY_KF530111_DELIM-FSSKNZCBIJUHIEDGTUUY_NL63_DELIM-FSSKNZCBIJUHIEDGTUUY_human_DELIM-FSSKNZCBIJUHIEDGTUUY_USA_DELIM-FSSKNZCBIJUHIEDGTUUY_901_24_DELIM-FSSKNZCBIJUHIEDGTUUY_1990_DELIM-FSSKNZCBIJUHIEDGTUUY_1990           0.00%    passed     99.95%
  22  nl63_DELIM-FSSKNZCBIJUHIEDGTUUY_KF530109_DELIM-FSSKNZCBIJUHIEDGTUUY_NL63_DELIM-FSSKNZCBIJUHIEDGTUUY_human_DELIM-FSSKNZCBIJUHIEDGTUUY_USA_DELIM-FSSKNZCBIJUHIEDGTUUY_903_28_DELIM-FSSKNZCBIJUHIEDGTUUY_1990_DELIM-FSSKNZCBIJUHIEDGTUUY_1990           0.00%    passed     99.95%
  23  nl63_DELIM-FSSKNZCBIJUHIEDGTUUY_KF530104_DELIM-FSSKNZCBIJUHIEDGTUUY_NL63_DELIM-FSSKNZCBIJUHIEDGTUUY_human_DELIM-FSSKNZCBIJUHIEDGTUUY_USA_DELIM-FSSKNZCBIJUHIEDGTUUY_904_20_DELIM-FSSKNZCBIJUHIEDGTUUY_1990_DELIM-FSSKNZCBIJUHIEDGTUUY_1990           0.00%    passed     99.95%
  24  nl63_DELIM-FSSKNZCBIJUHIEDGTUUY_KF530113_DELIM-FSSKNZCBIJUHIEDGTUUY_NL63_DELIM-FSSKNZCBIJUHIEDGTUUY_human_DELIM-FSSKNZCBIJUHIEDGTUUY_USA_DELIM-FSSKNZCBIJUHIEDGTUUY_905_25_DELIM-FSSKNZCBIJUHIEDGTUUY_1990_DELIM-FSSKNZCBIJUHIEDGTUUY_1990           0.00%    passed     99.95%
  25  nl63_DELIM-FSSKNZCBIJUHIEDGTUUY_KF530107_DELIM-FSSKNZCBIJUHIEDGTUUY_NL63_DELIM-FSSKNZCBIJUHIEDGTUUY_human_DELIM-FSSKNZCBIJUHIEDGTUUY_USA_DELIM-FSSKNZCBIJUHIEDGTUUY_911_56_DELIM-FSSKNZCBIJUHIEDGTUUY_1991_DELIM-FSSKNZCBIJUHIEDGTUUY_1991           0.00%    passed     99.95%
  26  nl63_DELIM-FSSKNZCBIJUHIEDGTUUY_KY554967_DELIM-FSSKNZCBIJUHIEDGTUUY_N06_1144B_DELIM-FSSKNZCBIJUHIEDGTUUY_2016                                                                                                                                        0.00%    passed     99.99%
  27  nl63_DELIM-FSSKNZCBIJUHIEDGTUUY_KY554968_DELIM-FSSKNZCBIJUHIEDGTUUY_N07_185B_DELIM-FSSKNZCBIJUHIEDGTUUY_2016                                                                                                                                         0.00%    passed     99.99%
  28  nl63_DELIM-FSSKNZCBIJUHIEDGTUUY_KY554970_DELIM-FSSKNZCBIJUHIEDGTUUY_N07_324B_182X_DELIM-FSSKNZCBIJUHIEDGTUUY_2016                                                                                                                                    0.00%    passed     99.99%
  29  nl63_DELIM-FSSKNZCBIJUHIEDGTUUY_KY674916_DELIM-FSSKNZCBIJUHIEDGTUUY_N07_64B_DELIM-FSSKNZCBIJUHIEDGTUUY_2016                                                                                                                                          0.00%    passed     99.99%
  30  nl63_DELIM-FSSKNZCBIJUHIEDGTUUY_KY674915_DELIM-FSSKNZCBIJUHIEDGTUUY_N07_6B_DELIM-FSSKNZCBIJUHIEDGTUUY_2016                                                                                                                                           0.00%    passed     99.99%
  31  nl63_DELIM-FSSKNZCBIJUHIEDGTUUY_JQ765569_DELIM-FSSKNZCBIJUHIEDGTUUY_NL63_DELIM-FSSKNZCBIJUHIEDGTUUY_DEN_DELIM-FSSKNZCBIJUHIEDGTUUY_2005_DELIM-FSSKNZCBIJUHIEDGTUUY_232_DELIM-FSSKNZCBIJUHIEDGTUUY_2005                                               0.00%    passed     99.99%
  32  nl63_DELIM-FSSKNZCBIJUHIEDGTUUY_JQ900258_DELIM-FSSKNZCBIJUHIEDGTUUY_NL63_DELIM-FSSKNZCBIJUHIEDGTUUY_DEN_DELIM-FSSKNZCBIJUHIEDGTUUY_2005_DELIM-FSSKNZCBIJUHIEDGTUUY_291_DELIM-FSSKNZCBIJUHIEDGTUUY_2005                                               0.00%    passed     99.99%
  33  nl63_DELIM-FSSKNZCBIJUHIEDGTUUY_JQ765566_DELIM-FSSKNZCBIJUHIEDGTUUY_NL63_DELIM-FSSKNZCBIJUHIEDGTUUY_DEN_DELIM-FSSKNZCBIJUHIEDGTUUY_2008_DELIM-FSSKNZCBIJUHIEDGTUUY_16_DELIM-FSSKNZCBIJUHIEDGTUUY_2008                                                0.00%    passed     99.99%
  34  nl63_DELIM-FSSKNZCBIJUHIEDGTUUY_JQ765567_DELIM-FSSKNZCBIJUHIEDGTUUY_NL63_DELIM-FSSKNZCBIJUHIEDGTUUY_DEN_DELIM-FSSKNZCBIJUHIEDGTUUY_2009_DELIM-FSSKNZCBIJUHIEDGTUUY_20_DELIM-FSSKNZCBIJUHIEDGTUUY_2009                                                0.00%    passed     99.99%
  35  nl63_DELIM-FSSKNZCBIJUHIEDGTUUY_JQ900255_DELIM-FSSKNZCBIJUHIEDGTUUY_NL63_DELIM-FSSKNZCBIJUHIEDGTUUY_DEN_DELIM-FSSKNZCBIJUHIEDGTUUY_2009_DELIM-FSSKNZCBIJUHIEDGTUUY_6_DELIM-FSSKNZCBIJUHIEDGTUUY_2009                                                 0.00%    passed     99.99%
  36  nl63_DELIM-FSSKNZCBIJUHIEDGTUUY_JQ765563_DELIM-FSSKNZCBIJUHIEDGTUUY_NL63_DELIM-FSSKNZCBIJUHIEDGTUUY_DEN_DELIM-FSSKNZCBIJUHIEDGTUUY_2009_DELIM-FSSKNZCBIJUHIEDGTUUY_9_DELIM-FSSKNZCBIJUHIEDGTUUY_2009                                                 0.00%    passed     99.99%
  37  nl63_DELIM-FSSKNZCBIJUHIEDGTUUY_KT381875_DELIM-FSSKNZCBIJUHIEDGTUUY_NL63_DELIM-FSSKNZCBIJUHIEDGTUUY_UF_1_DELIM-FSSKNZCBIJUHIEDGTUUY_2015_DELIM-FSSKNZCBIJUHIEDGTUUY_2015                                                                             0.00%    passed     99.99%
  38  nl63_DELIM-FSSKNZCBIJUHIEDGTUUY_KU521535_DELIM-FSSKNZCBIJUHIEDGTUUY_NL63_DELIM-FSSKNZCBIJUHIEDGTUUY_UF_2_DELIM-FSSKNZCBIJUHIEDGTUUY_2015_DELIM-FSSKNZCBIJUHIEDGTUUY_2015                                                                             0.00%    passed     99.99%
  39  nl63_DELIM-FSSKNZCBIJUHIEDGTUUY_KX179500_DELIM-FSSKNZCBIJUHIEDGTUUY_NL63_DELIM-FSSKNZCBIJUHIEDGTUUY_UF_2_DELIM-FSSKNZCBIJUHIEDGTUUY_2015_DELIM-FSSKNZCBIJUHIEDGTUUY_2015                                                                             0.00%    passed     99.99%
  40  nl63_DELIM-FSSKNZCBIJUHIEDGTUUY_MN026166_DELIM-FSSKNZCBIJUHIEDGTUUY_NL63_KLF_01_2018_DELIM-FSSKNZCBIJUHIEDGTUUY_2018                                                                                                                                 0.00%    passed     99.99%
  41  nl63_DELIM-FSSKNZCBIJUHIEDGTUUY_JQ765573_DELIM-FSSKNZCBIJUHIEDGTUUY_NL63_DELIM-FSSKNZCBIJUHIEDGTUUY_DEN_DELIM-FSSKNZCBIJUHIEDGTUUY_2005_DELIM-FSSKNZCBIJUHIEDGTUUY_1062_DELIM-FSSKNZCBIJUHIEDGTUUY_2005                                              0.00%    passed     99.99%
  42  nl63_DELIM-FSSKNZCBIJUHIEDGTUUY_KF530110_DELIM-FSSKNZCBIJUHIEDGTUUY_NL63_DELIM-FSSKNZCBIJUHIEDGTUUY_human_DELIM-FSSKNZCBIJUHIEDGTUUY_USA_DELIM-FSSKNZCBIJUHIEDGTUUY_838_9_DELIM-FSSKNZCBIJUHIEDGTUUY_1983_DELIM-FSSKNZCBIJUHIEDGTUUY_1983            0.00%    passed     99.99%
  43  nl63_DELIM-FSSKNZCBIJUHIEDGTUUY_KF530106_DELIM-FSSKNZCBIJUHIEDGTUUY_NL63_DELIM-FSSKNZCBIJUHIEDGTUUY_human_DELIM-FSSKNZCBIJUHIEDGTUUY_USA_DELIM-FSSKNZCBIJUHIEDGTUUY_8712_17_DELIM-FSSKNZCBIJUHIEDGTUUY_1987_DELIM-FSSKNZCBIJUHIEDGTUUY_1987          0.00%    passed     99.99%
  44  nl63_DELIM-FSSKNZCBIJUHIEDGTUUY_JX104161_DELIM-FSSKNZCBIJUHIEDGTUUY_CBJ_037_DELIM-FSSKNZCBIJUHIEDGTUUY_2008                                                                                                                                          0.00%    passed     99.99%
  45  nl63_DELIM-FSSKNZCBIJUHIEDGTUUY_JX524171_DELIM-FSSKNZCBIJUHIEDGTUUY_CBJ123_DELIM-FSSKNZCBIJUHIEDGTUUY_2009                                                                                                                                           0.00%    passed     99.99%
  46  nl63_DELIM-FSSKNZCBIJUHIEDGTUUY_MK334046_DELIM-FSSKNZCBIJUHIEDGTUUY_ChinaGD01_DELIM-FSSKNZCBIJUHIEDGTUUY_2018                                                                                                                                        0.00%    passed     99.99%
  47  nl63_DELIM-FSSKNZCBIJUHIEDGTUUY_MK334047_DELIM-FSSKNZCBIJUHIEDGTUUY_ChinaGD04_DELIM-FSSKNZCBIJUHIEDGTUUY_2018                                                                                                                                        0.00%    passed     99.99%
  48  nl63_DELIM-FSSKNZCBIJUHIEDGTUUY_MK334045_DELIM-FSSKNZCBIJUHIEDGTUUY_ChinaGD05_DELIM-FSSKNZCBIJUHIEDGTUUY_2018                                                                                                                                        0.00%    passed     99.99%
  49  nl63_DELIM-FSSKNZCBIJUHIEDGTUUY_KT266906_DELIM-FSSKNZCBIJUHIEDGTUUY_HCoV_NL63_DELIM-FSSKNZCBIJUHIEDGTUUY_Haiti_1_DELIM-FSSKNZCBIJUHIEDGTUUY_2015_DELIM-FSSKNZCBIJUHIEDGTUUY_2015                                                                     0.00%    passed     99.99%
  50  nl63_DELIM-FSSKNZCBIJUHIEDGTUUY_MN306018_DELIM-FSSKNZCBIJUHIEDGTUUY_HCoV_NL63_DELIM-FSSKNZCBIJUHIEDGTUUY_Seattle_DELIM-FSSKNZCBIJUHIEDGTUUY_USA_DELIM-FSSKNZCBIJUHIEDGTUUY_SC0179_DELIM-FSSKNZCBIJUHIEDGTUUY_2018_DELIM-FSSKNZCBIJUHIEDGTUUY_2018    0.00%    passed     99.99%
  51  nl63_DELIM-FSSKNZCBIJUHIEDGTUUY_MN306040_DELIM-FSSKNZCBIJUHIEDGTUUY_HCoV_NL63_DELIM-FSSKNZCBIJUHIEDGTUUY_Seattle_DELIM-FSSKNZCBIJUHIEDGTUUY_USA_DELIM-FSSKNZCBIJUHIEDGTUUY_SC0768_DELIM-FSSKNZCBIJUHIEDGTUUY_2019_DELIM-FSSKNZCBIJUHIEDGTUUY_2019    0.00%    passed     99.99%
  52  nl63_DELIM-FSSKNZCBIJUHIEDGTUUY_MG428703_DELIM-FSSKNZCBIJUHIEDGTUUY_Kilifi_HH_0511_01_Jun_2010_DELIM-FSSKNZCBIJUHIEDGTUUY_2010                                                                                                                       0.00%    passed     99.99%
  53  nl63_DELIM-FSSKNZCBIJUHIEDGTUUY_MG428701_DELIM-FSSKNZCBIJUHIEDGTUUY_Kilifi_HH_0512_04_Jun_2010_DELIM-FSSKNZCBIJUHIEDGTUUY_2010                                                                                                                       0.00%    passed     99.99%
  54  nl63_DELIM-FSSKNZCBIJUHIEDGTUUY_MG428705_DELIM-FSSKNZCBIJUHIEDGTUUY_Kilifi_HH_0522_21_May_2010_DELIM-FSSKNZCBIJUHIEDGTUUY_2010                                                                                                                       0.00%    passed     99.99%
  55  nl63_DELIM-FSSKNZCBIJUHIEDGTUUY_MG428700_DELIM-FSSKNZCBIJUHIEDGTUUY_Kilifi_HH_1602_01_Jun_2010_DELIM-FSSKNZCBIJUHIEDGTUUY_2010                                                                                                                       0.00%    passed     99.99%
  56  nl63_DELIM-FSSKNZCBIJUHIEDGTUUY_MG428702_DELIM-FSSKNZCBIJUHIEDGTUUY_Kilifi_HH_3807_11_May_2010_DELIM-FSSKNZCBIJUHIEDGTUUY_2010                                                                                                                       0.00%    passed     99.99%
  57  nl63_DELIM-FSSKNZCBIJUHIEDGTUUY_MG428706_DELIM-FSSKNZCBIJUHIEDGTUUY_Kilifi_HH_3808_24_May_2010_DELIM-FSSKNZCBIJUHIEDGTUUY_2010                                                                                                                       0.00%    passed     99.99%
  58  nl63_DELIM-FSSKNZCBIJUHIEDGTUUY_MG428707_DELIM-FSSKNZCBIJUHIEDGTUUY_Kilifi_HH_5401_20_May_2010_DELIM-FSSKNZCBIJUHIEDGTUUY_2010                                                                                                                       0.00%    passed     99.99%
  59  nl63_DELIM-FSSKNZCBIJUHIEDGTUUY_MG428704_DELIM-FSSKNZCBIJUHIEDGTUUY_Kilifi_HH_5402_20_May_2010_DELIM-FSSKNZCBIJUHIEDGTUUY_2010                                                                                                                       0.00%    passed     99.99%
  60  nl63_DELIM-FSSKNZCBIJUHIEDGTUUY_MG428699_DELIM-FSSKNZCBIJUHIEDGTUUY_Kilifi_HH_5709_19_May_2010_DELIM-FSSKNZCBIJUHIEDGTUUY_2010                                                                                                                       0.00%    passed     99.99%
  61  nl63_DELIM-FSSKNZCBIJUHIEDGTUUY_JQ900257_DELIM-FSSKNZCBIJUHIEDGTUUY_NL63_DELIM-FSSKNZCBIJUHIEDGTUUY_DEN_DELIM-FSSKNZCBIJUHIEDGTUUY_2009_DELIM-FSSKNZCBIJUHIEDGTUUY_31_DELIM-FSSKNZCBIJUHIEDGTUUY_2009                                                0.00%    passed     99.99%
  62  nl63_DELIM-FSSKNZCBIJUHIEDGTUUY_MK334043_DELIM-FSSKNZCBIJUHIEDGTUUY_ChinaGD02_DELIM-FSSKNZCBIJUHIEDGTUUY_2018                                                                                                                                        0.00%    passed     99.54%
  63  nl63_DELIM-FSSKNZCBIJUHIEDGTUUY_MK334044_DELIM-FSSKNZCBIJUHIEDGTUUY_ChinaGD03_DELIM-FSSKNZCBIJUHIEDGTUUY_2018                                                                                                                                        0.00%    passed     99.54%
  64  nl63_DELIM-FSSKNZCBIJUHIEDGTUUY_KF530112_DELIM-FSSKNZCBIJUHIEDGTUUY_NL63_DELIM-FSSKNZCBIJUHIEDGTUUY_human_DELIM-FSSKNZCBIJUHIEDGTUUY_USA_DELIM-FSSKNZCBIJUHIEDGTUUY_0111_25_DELIM-FSSKNZCBIJUHIEDGTUUY_2001_DELIM-FSSKNZCBIJUHIEDGTUUY_2001          0.00%    passed     99.88%
****  TOTAL                                                                                                                                                                                                                                                0.00%  0 sequences failed composition chi2 test (p-value<5%; df=3)
NOTE: nl63_DELIM-FSSKNZCBIJUHIEDGTUUY_KY983586_DELIM-FSSKNZCBIJUHIEDGTUUY_HCoV_NL63_DELIM-FSSKNZCBIJUHIEDGTUUY_Seattle_DELIM-FSSKNZCBIJUHIEDGTUUY_USA_DELIM-FSSKNZCBIJUHIEDGTUUY_SC2940_DELIM-FSSKNZCBIJUHIEDGTUUY_2015_DELIM-FSSKNZCBIJUHIEDGTUUY_2015 is identical to nl63_DELIM-FSSKNZCBIJUHIEDGTUUY_MG772808_DELIM-FSSKNZCBIJUHIEDGTUUY_CN0601_DELIM-FSSKNZCBIJUHIEDGTUUY_14_DELIM-FSSKNZCBIJUHIEDGTUUY_2014 but kept for subsequent analysis
NOTE: nl63_DELIM-FSSKNZCBIJUHIEDGTUUY_KY554968_DELIM-FSSKNZCBIJUHIEDGTUUY_N07_185B_DELIM-FSSKNZCBIJUHIEDGTUUY_2016 is identical to nl63_DELIM-FSSKNZCBIJUHIEDGTUUY_KY554967_DELIM-FSSKNZCBIJUHIEDGTUUY_N06_1144B_DELIM-FSSKNZCBIJUHIEDGTUUY_2016 but kept for subsequent analysis
NOTE: nl63_DELIM-FSSKNZCBIJUHIEDGTUUY_KF530106_DELIM-FSSKNZCBIJUHIEDGTUUY_NL63_DELIM-FSSKNZCBIJUHIEDGTUUY_human_DELIM-FSSKNZCBIJUHIEDGTUUY_USA_DELIM-FSSKNZCBIJUHIEDGTUUY_8712_17_DELIM-FSSKNZCBIJUHIEDGTUUY_1987_DELIM-FSSKNZCBIJUHIEDGTUUY_1987 is identical to nl63_DELIM-FSSKNZCBIJUHIEDGTUUY_KF530110_DELIM-FSSKNZCBIJUHIEDGTUUY_NL63_DELIM-FSSKNZCBIJUHIEDGTUUY_human_DELIM-FSSKNZCBIJUHIEDGTUUY_USA_DELIM-FSSKNZCBIJUHIEDGTUUY_838_9_DELIM-FSSKNZCBIJUHIEDGTUUY_1983_DELIM-FSSKNZCBIJUHIEDGTUUY_1983 but kept for subsequent analysis
NOTE: nl63_DELIM-FSSKNZCBIJUHIEDGTUUY_JX524171_DELIM-FSSKNZCBIJUHIEDGTUUY_CBJ123_DELIM-FSSKNZCBIJUHIEDGTUUY_2009 is identical to nl63_DELIM-FSSKNZCBIJUHIEDGTUUY_JX104161_DELIM-FSSKNZCBIJUHIEDGTUUY_CBJ_037_DELIM-FSSKNZCBIJUHIEDGTUUY_2008 but kept for subsequent analysis
NOTE: nl63_DELIM-FSSKNZCBIJUHIEDGTUUY_MK334044_DELIM-FSSKNZCBIJUHIEDGTUUY_ChinaGD03_DELIM-FSSKNZCBIJUHIEDGTUUY_2018 is identical to nl63_DELIM-FSSKNZCBIJUHIEDGTUUY_MK334043_DELIM-FSSKNZCBIJUHIEDGTUUY_ChinaGD02_DELIM-FSSKNZCBIJUHIEDGTUUY_2018 but kept for subsequent analysis
Checking for duplicate sequences: done in 0.000267029 secs using 79.39% CPU
Identifying sites to remove: done in 8.91685e-05 secs using 98.69% CPU
NOTE: 51 identical sequences (see below) will be ignored for subsequent analysis
NOTE: nl63_DELIM-FSSKNZCBIJUHIEDGTUUY_KY554969_DELIM-FSSKNZCBIJUHIEDGTUUY_N07_196B_DELIM-FSSKNZCBIJUHIEDGTUUY_2016 (identical to nl63_DELIM-FSSKNZCBIJUHIEDGTUUY_MG772808_DELIM-FSSKNZCBIJUHIEDGTUUY_CN0601_DELIM-FSSKNZCBIJUHIEDGTUUY_14_DELIM-FSSKNZCBIJUHIEDGTUUY_2014) is ignored but added at the end
NOTE: nl63_DELIM-FSSKNZCBIJUHIEDGTUUY_KY829118_DELIM-FSSKNZCBIJUHIEDGTUUY_N07_262B_DELIM-FSSKNZCBIJUHIEDGTUUY_2015 (identical to nl63_DELIM-FSSKNZCBIJUHIEDGTUUY_MG772808_DELIM-FSSKNZCBIJUHIEDGTUUY_CN0601_DELIM-FSSKNZCBIJUHIEDGTUUY_14_DELIM-FSSKNZCBIJUHIEDGTUUY_2014) is ignored but added at the end
NOTE: nl63_DELIM-FSSKNZCBIJUHIEDGTUUY_KY554971_DELIM-FSSKNZCBIJUHIEDGTUUY_N07_468B_176X_DELIM-FSSKNZCBIJUHIEDGTUUY_2016 (identical to nl63_DELIM-FSSKNZCBIJUHIEDGTUUY_MG772808_DELIM-FSSKNZCBIJUHIEDGTUUY_CN0601_DELIM-FSSKNZCBIJUHIEDGTUUY_14_DELIM-FSSKNZCBIJUHIEDGTUUY_2014) is ignored but added at the end
NOTE: nl63_DELIM-FSSKNZCBIJUHIEDGTUUY_JQ900260_DELIM-FSSKNZCBIJUHIEDGTUUY_NL63_DELIM-FSSKNZCBIJUHIEDGTUUY_DEN_DELIM-FSSKNZCBIJUHIEDGTUUY_2005_DELIM-FSSKNZCBIJUHIEDGTUUY_1120_DELIM-FSSKNZCBIJUHIEDGTUUY_2005 (identical to nl63_DELIM-FSSKNZCBIJUHIEDGTUUY_MG772808_DELIM-FSSKNZCBIJUHIEDGTUUY_CN0601_DELIM-FSSKNZCBIJUHIEDGTUUY_14_DELIM-FSSKNZCBIJUHIEDGTUUY_2014) is ignored but added at the end
NOTE: nl63_DELIM-FSSKNZCBIJUHIEDGTUUY_JQ765574_DELIM-FSSKNZCBIJUHIEDGTUUY_NL63_DELIM-FSSKNZCBIJUHIEDGTUUY_DEN_DELIM-FSSKNZCBIJUHIEDGTUUY_2005_DELIM-FSSKNZCBIJUHIEDGTUUY_1862_DELIM-FSSKNZCBIJUHIEDGTUUY_2005 (identical to nl63_DELIM-FSSKNZCBIJUHIEDGTUUY_MG772808_DELIM-FSSKNZCBIJUHIEDGTUUY_CN0601_DELIM-FSSKNZCBIJUHIEDGTUUY_14_DELIM-FSSKNZCBIJUHIEDGTUUY_2014) is ignored but added at the end
NOTE: nl63_DELIM-FSSKNZCBIJUHIEDGTUUY_JQ765575_DELIM-FSSKNZCBIJUHIEDGTUUY_NL63_DELIM-FSSKNZCBIJUHIEDGTUUY_DEN_DELIM-FSSKNZCBIJUHIEDGTUUY_2005_DELIM-FSSKNZCBIJUHIEDGTUUY_1876_DELIM-FSSKNZCBIJUHIEDGTUUY_2005 (identical to nl63_DELIM-FSSKNZCBIJUHIEDGTUUY_MG772808_DELIM-FSSKNZCBIJUHIEDGTUUY_CN0601_DELIM-FSSKNZCBIJUHIEDGTUUY_14_DELIM-FSSKNZCBIJUHIEDGTUUY_2014) is ignored but added at the end
NOTE: nl63_DELIM-FSSKNZCBIJUHIEDGTUUY_JQ765568_DELIM-FSSKNZCBIJUHIEDGTUUY_NL63_DELIM-FSSKNZCBIJUHIEDGTUUY_DEN_DELIM-FSSKNZCBIJUHIEDGTUUY_2005_DELIM-FSSKNZCBIJUHIEDGTUUY_193_DELIM-FSSKNZCBIJUHIEDGTUUY_2005 (identical to nl63_DELIM-FSSKNZCBIJUHIEDGTUUY_MG772808_DELIM-FSSKNZCBIJUHIEDGTUUY_CN0601_DELIM-FSSKNZCBIJUHIEDGTUUY_14_DELIM-FSSKNZCBIJUHIEDGTUUY_2014) is ignored but added at the end
NOTE: nl63_DELIM-FSSKNZCBIJUHIEDGTUUY_JQ765570_DELIM-FSSKNZCBIJUHIEDGTUUY_NL63_DELIM-FSSKNZCBIJUHIEDGTUUY_DEN_DELIM-FSSKNZCBIJUHIEDGTUUY_2005_DELIM-FSSKNZCBIJUHIEDGTUUY_235_DELIM-FSSKNZCBIJUHIEDGTUUY_2005 (identical to nl63_DELIM-FSSKNZCBIJUHIEDGTUUY_MG772808_DELIM-FSSKNZCBIJUHIEDGTUUY_CN0601_DELIM-FSSKNZCBIJUHIEDGTUUY_14_DELIM-FSSKNZCBIJUHIEDGTUUY_2014) is ignored but added at the end
NOTE: nl63_DELIM-FSSKNZCBIJUHIEDGTUUY_JQ765571_DELIM-FSSKNZCBIJUHIEDGTUUY_NL63_DELIM-FSSKNZCBIJUHIEDGTUUY_DEN_DELIM-FSSKNZCBIJUHIEDGTUUY_2005_DELIM-FSSKNZCBIJUHIEDGTUUY_271_DELIM-FSSKNZCBIJUHIEDGTUUY_2005 (identical to nl63_DELIM-FSSKNZCBIJUHIEDGTUUY_MG772808_DELIM-FSSKNZCBIJUHIEDGTUUY_CN0601_DELIM-FSSKNZCBIJUHIEDGTUUY_14_DELIM-FSSKNZCBIJUHIEDGTUUY_2014) is ignored but added at the end
NOTE: nl63_DELIM-FSSKNZCBIJUHIEDGTUUY_JQ765572_DELIM-FSSKNZCBIJUHIEDGTUUY_NL63_DELIM-FSSKNZCBIJUHIEDGTUUY_DEN_DELIM-FSSKNZCBIJUHIEDGTUUY_2005_DELIM-FSSKNZCBIJUHIEDGTUUY_347_DELIM-FSSKNZCBIJUHIEDGTUUY_2005 (identical to nl63_DELIM-FSSKNZCBIJUHIEDGTUUY_MG772808_DELIM-FSSKNZCBIJUHIEDGTUUY_CN0601_DELIM-FSSKNZCBIJUHIEDGTUUY_14_DELIM-FSSKNZCBIJUHIEDGTUUY_2014) is ignored but added at the end
NOTE: nl63_DELIM-FSSKNZCBIJUHIEDGTUUY_JQ900259_DELIM-FSSKNZCBIJUHIEDGTUUY_NL63_DELIM-FSSKNZCBIJUHIEDGTUUY_DEN_DELIM-FSSKNZCBIJUHIEDGTUUY_2005_DELIM-FSSKNZCBIJUHIEDGTUUY_449_DELIM-FSSKNZCBIJUHIEDGTUUY_2005 (identical to nl63_DELIM-FSSKNZCBIJUHIEDGTUUY_MG772808_DELIM-FSSKNZCBIJUHIEDGTUUY_CN0601_DELIM-FSSKNZCBIJUHIEDGTUUY_14_DELIM-FSSKNZCBIJUHIEDGTUUY_2014) is ignored but added at the end
NOTE: nl63_DELIM-FSSKNZCBIJUHIEDGTUUY_JQ765564_DELIM-FSSKNZCBIJUHIEDGTUUY_NL63_DELIM-FSSKNZCBIJUHIEDGTUUY_DEN_DELIM-FSSKNZCBIJUHIEDGTUUY_2009_DELIM-FSSKNZCBIJUHIEDGTUUY_14_DELIM-FSSKNZCBIJUHIEDGTUUY_2009 (identical to nl63_DELIM-FSSKNZCBIJUHIEDGTUUY_MG772808_DELIM-FSSKNZCBIJUHIEDGTUUY_CN0601_DELIM-FSSKNZCBIJUHIEDGTUUY_14_DELIM-FSSKNZCBIJUHIEDGTUUY_2014) is ignored but added at the end
NOTE: nl63_DELIM-FSSKNZCBIJUHIEDGTUUY_JQ765565_DELIM-FSSKNZCBIJUHIEDGTUUY_NL63_DELIM-FSSKNZCBIJUHIEDGTUUY_DEN_DELIM-FSSKNZCBIJUHIEDGTUUY_2009_DELIM-FSSKNZCBIJUHIEDGTUUY_15_DELIM-FSSKNZCBIJUHIEDGTUUY_2009 (identical to nl63_DELIM-FSSKNZCBIJUHIEDGTUUY_MG772808_DELIM-FSSKNZCBIJUHIEDGTUUY_CN0601_DELIM-FSSKNZCBIJUHIEDGTUUY_14_DELIM-FSSKNZCBIJUHIEDGTUUY_2014) is ignored but added at the end
NOTE: nl63_DELIM-FSSKNZCBIJUHIEDGTUUY_JQ900256_DELIM-FSSKNZCBIJUHIEDGTUUY_NL63_DELIM-FSSKNZCBIJUHIEDGTUUY_DEN_DELIM-FSSKNZCBIJUHIEDGTUUY_2009_DELIM-FSSKNZCBIJUHIEDGTUUY_22_DELIM-FSSKNZCBIJUHIEDGTUUY_2009 (identical to nl63_DELIM-FSSKNZCBIJUHIEDGTUUY_MG772808_DELIM-FSSKNZCBIJUHIEDGTUUY_CN0601_DELIM-FSSKNZCBIJUHIEDGTUUY_14_DELIM-FSSKNZCBIJUHIEDGTUUY_2014) is ignored but added at the end
NOTE: nl63_DELIM-FSSKNZCBIJUHIEDGTUUY_KF530105_DELIM-FSSKNZCBIJUHIEDGTUUY_NL63_DELIM-FSSKNZCBIJUHIEDGTUUY_human_DELIM-FSSKNZCBIJUHIEDGTUUY_USA_DELIM-FSSKNZCBIJUHIEDGTUUY_012_31_DELIM-FSSKNZCBIJUHIEDGTUUY_2001_DELIM-FSSKNZCBIJUHIEDGTUUY_2001 (identical to nl63_DELIM-FSSKNZCBIJUHIEDGTUUY_MG772808_DELIM-FSSKNZCBIJUHIEDGTUUY_CN0601_DELIM-FSSKNZCBIJUHIEDGTUUY_14_DELIM-FSSKNZCBIJUHIEDGTUUY_2014) is ignored but added at the end
NOTE: nl63_DELIM-FSSKNZCBIJUHIEDGTUUY_KF530114_DELIM-FSSKNZCBIJUHIEDGTUUY_NL63_DELIM-FSSKNZCBIJUHIEDGTUUY_human_DELIM-FSSKNZCBIJUHIEDGTUUY_USA_DELIM-FSSKNZCBIJUHIEDGTUUY_891_4_DELIM-FSSKNZCBIJUHIEDGTUUY_1989_DELIM-FSSKNZCBIJUHIEDGTUUY_1989 (identical to nl63_DELIM-FSSKNZCBIJUHIEDGTUUY_MG772808_DELIM-FSSKNZCBIJUHIEDGTUUY_CN0601_DELIM-FSSKNZCBIJUHIEDGTUUY_14_DELIM-FSSKNZCBIJUHIEDGTUUY_2014) is ignored but added at the end
NOTE: nl63_DELIM-FSSKNZCBIJUHIEDGTUUY_KF530108_DELIM-FSSKNZCBIJUHIEDGTUUY_NL63_DELIM-FSSKNZCBIJUHIEDGTUUY_human_DELIM-FSSKNZCBIJUHIEDGTUUY_USA_DELIM-FSSKNZCBIJUHIEDGTUUY_891_6_DELIM-FSSKNZCBIJUHIEDGTUUY_1989_DELIM-FSSKNZCBIJUHIEDGTUUY_1989 (identical to nl63_DELIM-FSSKNZCBIJUHIEDGTUUY_MG772808_DELIM-FSSKNZCBIJUHIEDGTUUY_CN0601_DELIM-FSSKNZCBIJUHIEDGTUUY_14_DELIM-FSSKNZCBIJUHIEDGTUUY_2014) is ignored but added at the end
NOTE: nl63_DELIM-FSSKNZCBIJUHIEDGTUUY_KF530111_DELIM-FSSKNZCBIJUHIEDGTUUY_NL63_DELIM-FSSKNZCBIJUHIEDGTUUY_human_DELIM-FSSKNZCBIJUHIEDGTUUY_USA_DELIM-FSSKNZCBIJUHIEDGTUUY_901_24_DELIM-FSSKNZCBIJUHIEDGTUUY_1990_DELIM-FSSKNZCBIJUHIEDGTUUY_1990 (identical to nl63_DELIM-FSSKNZCBIJUHIEDGTUUY_MG772808_DELIM-FSSKNZCBIJUHIEDGTUUY_CN0601_DELIM-FSSKNZCBIJUHIEDGTUUY_14_DELIM-FSSKNZCBIJUHIEDGTUUY_2014) is ignored but added at the end
NOTE: nl63_DELIM-FSSKNZCBIJUHIEDGTUUY_KF530109_DELIM-FSSKNZCBIJUHIEDGTUUY_NL63_DELIM-FSSKNZCBIJUHIEDGTUUY_human_DELIM-FSSKNZCBIJUHIEDGTUUY_USA_DELIM-FSSKNZCBIJUHIEDGTUUY_903_28_DELIM-FSSKNZCBIJUHIEDGTUUY_1990_DELIM-FSSKNZCBIJUHIEDGTUUY_1990 (identical to nl63_DELIM-FSSKNZCBIJUHIEDGTUUY_MG772808_DELIM-FSSKNZCBIJUHIEDGTUUY_CN0601_DELIM-FSSKNZCBIJUHIEDGTUUY_14_DELIM-FSSKNZCBIJUHIEDGTUUY_2014) is ignored but added at the end
NOTE: nl63_DELIM-FSSKNZCBIJUHIEDGTUUY_KF530104_DELIM-FSSKNZCBIJUHIEDGTUUY_NL63_DELIM-FSSKNZCBIJUHIEDGTUUY_human_DELIM-FSSKNZCBIJUHIEDGTUUY_USA_DELIM-FSSKNZCBIJUHIEDGTUUY_904_20_DELIM-FSSKNZCBIJUHIEDGTUUY_1990_DELIM-FSSKNZCBIJUHIEDGTUUY_1990 (identical to nl63_DELIM-FSSKNZCBIJUHIEDGTUUY_MG772808_DELIM-FSSKNZCBIJUHIEDGTUUY_CN0601_DELIM-FSSKNZCBIJUHIEDGTUUY_14_DELIM-FSSKNZCBIJUHIEDGTUUY_2014) is ignored but added at the end
NOTE: nl63_DELIM-FSSKNZCBIJUHIEDGTUUY_KF530113_DELIM-FSSKNZCBIJUHIEDGTUUY_NL63_DELIM-FSSKNZCBIJUHIEDGTUUY_human_DELIM-FSSKNZCBIJUHIEDGTUUY_USA_DELIM-FSSKNZCBIJUHIEDGTUUY_905_25_DELIM-FSSKNZCBIJUHIEDGTUUY_1990_DELIM-FSSKNZCBIJUHIEDGTUUY_1990 (identical to nl63_DELIM-FSSKNZCBIJUHIEDGTUUY_MG772808_DELIM-FSSKNZCBIJUHIEDGTUUY_CN0601_DELIM-FSSKNZCBIJUHIEDGTUUY_14_DELIM-FSSKNZCBIJUHIEDGTUUY_2014) is ignored but added at the end
NOTE: nl63_DELIM-FSSKNZCBIJUHIEDGTUUY_KF530107_DELIM-FSSKNZCBIJUHIEDGTUUY_NL63_DELIM-FSSKNZCBIJUHIEDGTUUY_human_DELIM-FSSKNZCBIJUHIEDGTUUY_USA_DELIM-FSSKNZCBIJUHIEDGTUUY_911_56_DELIM-FSSKNZCBIJUHIEDGTUUY_1991_DELIM-FSSKNZCBIJUHIEDGTUUY_1991 (identical to nl63_DELIM-FSSKNZCBIJUHIEDGTUUY_MG772808_DELIM-FSSKNZCBIJUHIEDGTUUY_CN0601_DELIM-FSSKNZCBIJUHIEDGTUUY_14_DELIM-FSSKNZCBIJUHIEDGTUUY_2014) is ignored but added at the end
NOTE: nl63_DELIM-FSSKNZCBIJUHIEDGTUUY_KY554970_DELIM-FSSKNZCBIJUHIEDGTUUY_N07_324B_182X_DELIM-FSSKNZCBIJUHIEDGTUUY_2016 (identical to nl63_DELIM-FSSKNZCBIJUHIEDGTUUY_KY554967_DELIM-FSSKNZCBIJUHIEDGTUUY_N06_1144B_DELIM-FSSKNZCBIJUHIEDGTUUY_2016) is ignored but added at the end
NOTE: nl63_DELIM-FSSKNZCBIJUHIEDGTUUY_KY674916_DELIM-FSSKNZCBIJUHIEDGTUUY_N07_64B_DELIM-FSSKNZCBIJUHIEDGTUUY_2016 (identical to nl63_DELIM-FSSKNZCBIJUHIEDGTUUY_KY554967_DELIM-FSSKNZCBIJUHIEDGTUUY_N06_1144B_DELIM-FSSKNZCBIJUHIEDGTUUY_2016) is ignored but added at the end
NOTE: nl63_DELIM-FSSKNZCBIJUHIEDGTUUY_KY674915_DELIM-FSSKNZCBIJUHIEDGTUUY_N07_6B_DELIM-FSSKNZCBIJUHIEDGTUUY_2016 (identical to nl63_DELIM-FSSKNZCBIJUHIEDGTUUY_KY554967_DELIM-FSSKNZCBIJUHIEDGTUUY_N06_1144B_DELIM-FSSKNZCBIJUHIEDGTUUY_2016) is ignored but added at the end
NOTE: nl63_DELIM-FSSKNZCBIJUHIEDGTUUY_JQ765569_DELIM-FSSKNZCBIJUHIEDGTUUY_NL63_DELIM-FSSKNZCBIJUHIEDGTUUY_DEN_DELIM-FSSKNZCBIJUHIEDGTUUY_2005_DELIM-FSSKNZCBIJUHIEDGTUUY_232_DELIM-FSSKNZCBIJUHIEDGTUUY_2005 (identical to nl63_DELIM-FSSKNZCBIJUHIEDGTUUY_KY554967_DELIM-FSSKNZCBIJUHIEDGTUUY_N06_1144B_DELIM-FSSKNZCBIJUHIEDGTUUY_2016) is ignored but added at the end
NOTE: nl63_DELIM-FSSKNZCBIJUHIEDGTUUY_JQ900258_DELIM-FSSKNZCBIJUHIEDGTUUY_NL63_DELIM-FSSKNZCBIJUHIEDGTUUY_DEN_DELIM-FSSKNZCBIJUHIEDGTUUY_2005_DELIM-FSSKNZCBIJUHIEDGTUUY_291_DELIM-FSSKNZCBIJUHIEDGTUUY_2005 (identical to nl63_DELIM-FSSKNZCBIJUHIEDGTUUY_KY554967_DELIM-FSSKNZCBIJUHIEDGTUUY_N06_1144B_DELIM-FSSKNZCBIJUHIEDGTUUY_2016) is ignored but added at the end
NOTE: nl63_DELIM-FSSKNZCBIJUHIEDGTUUY_JQ765566_DELIM-FSSKNZCBIJUHIEDGTUUY_NL63_DELIM-FSSKNZCBIJUHIEDGTUUY_DEN_DELIM-FSSKNZCBIJUHIEDGTUUY_2008_DELIM-FSSKNZCBIJUHIEDGTUUY_16_DELIM-FSSKNZCBIJUHIEDGTUUY_2008 (identical to nl63_DELIM-FSSKNZCBIJUHIEDGTUUY_KY554967_DELIM-FSSKNZCBIJUHIEDGTUUY_N06_1144B_DELIM-FSSKNZCBIJUHIEDGTUUY_2016) is ignored but added at the end
NOTE: nl63_DELIM-FSSKNZCBIJUHIEDGTUUY_JQ765567_DELIM-FSSKNZCBIJUHIEDGTUUY_NL63_DELIM-FSSKNZCBIJUHIEDGTUUY_DEN_DELIM-FSSKNZCBIJUHIEDGTUUY_2009_DELIM-FSSKNZCBIJUHIEDGTUUY_20_DELIM-FSSKNZCBIJUHIEDGTUUY_2009 (identical to nl63_DELIM-FSSKNZCBIJUHIEDGTUUY_KY554967_DELIM-FSSKNZCBIJUHIEDGTUUY_N06_1144B_DELIM-FSSKNZCBIJUHIEDGTUUY_2016) is ignored but added at the end
NOTE: nl63_DELIM-FSSKNZCBIJUHIEDGTUUY_JQ900255_DELIM-FSSKNZCBIJUHIEDGTUUY_NL63_DELIM-FSSKNZCBIJUHIEDGTUUY_DEN_DELIM-FSSKNZCBIJUHIEDGTUUY_2009_DELIM-FSSKNZCBIJUHIEDGTUUY_6_DELIM-FSSKNZCBIJUHIEDGTUUY_2009 (identical to nl63_DELIM-FSSKNZCBIJUHIEDGTUUY_KY554967_DELIM-FSSKNZCBIJUHIEDGTUUY_N06_1144B_DELIM-FSSKNZCBIJUHIEDGTUUY_2016) is ignored but added at the end
NOTE: nl63_DELIM-FSSKNZCBIJUHIEDGTUUY_JQ765563_DELIM-FSSKNZCBIJUHIEDGTUUY_NL63_DELIM-FSSKNZCBIJUHIEDGTUUY_DEN_DELIM-FSSKNZCBIJUHIEDGTUUY_2009_DELIM-FSSKNZCBIJUHIEDGTUUY_9_DELIM-FSSKNZCBIJUHIEDGTUUY_2009 (identical to nl63_DELIM-FSSKNZCBIJUHIEDGTUUY_KY554967_DELIM-FSSKNZCBIJUHIEDGTUUY_N06_1144B_DELIM-FSSKNZCBIJUHIEDGTUUY_2016) is ignored but added at the end
NOTE: nl63_DELIM-FSSKNZCBIJUHIEDGTUUY_KT381875_DELIM-FSSKNZCBIJUHIEDGTUUY_NL63_DELIM-FSSKNZCBIJUHIEDGTUUY_UF_1_DELIM-FSSKNZCBIJUHIEDGTUUY_2015_DELIM-FSSKNZCBIJUHIEDGTUUY_2015 (identical to nl63_DELIM-FSSKNZCBIJUHIEDGTUUY_KY554967_DELIM-FSSKNZCBIJUHIEDGTUUY_N06_1144B_DELIM-FSSKNZCBIJUHIEDGTUUY_2016) is ignored but added at the end
NOTE: nl63_DELIM-FSSKNZCBIJUHIEDGTUUY_KU521535_DELIM-FSSKNZCBIJUHIEDGTUUY_NL63_DELIM-FSSKNZCBIJUHIEDGTUUY_UF_2_DELIM-FSSKNZCBIJUHIEDGTUUY_2015_DELIM-FSSKNZCBIJUHIEDGTUUY_2015 (identical to nl63_DELIM-FSSKNZCBIJUHIEDGTUUY_KY554967_DELIM-FSSKNZCBIJUHIEDGTUUY_N06_1144B_DELIM-FSSKNZCBIJUHIEDGTUUY_2016) is ignored but added at the end
NOTE: nl63_DELIM-FSSKNZCBIJUHIEDGTUUY_KX179500_DELIM-FSSKNZCBIJUHIEDGTUUY_NL63_DELIM-FSSKNZCBIJUHIEDGTUUY_UF_2_DELIM-FSSKNZCBIJUHIEDGTUUY_2015_DELIM-FSSKNZCBIJUHIEDGTUUY_2015 (identical to nl63_DELIM-FSSKNZCBIJUHIEDGTUUY_KY554967_DELIM-FSSKNZCBIJUHIEDGTUUY_N06_1144B_DELIM-FSSKNZCBIJUHIEDGTUUY_2016) is ignored but added at the end
NOTE: nl63_DELIM-FSSKNZCBIJUHIEDGTUUY_MN026166_DELIM-FSSKNZCBIJUHIEDGTUUY_NL63_KLF_01_2018_DELIM-FSSKNZCBIJUHIEDGTUUY_2018 (identical to nl63_DELIM-FSSKNZCBIJUHIEDGTUUY_KY554967_DELIM-FSSKNZCBIJUHIEDGTUUY_N06_1144B_DELIM-FSSKNZCBIJUHIEDGTUUY_2016) is ignored but added at the end
NOTE: nl63_DELIM-FSSKNZCBIJUHIEDGTUUY_MK334046_DELIM-FSSKNZCBIJUHIEDGTUUY_ChinaGD01_DELIM-FSSKNZCBIJUHIEDGTUUY_2018 (identical to nl63_DELIM-FSSKNZCBIJUHIEDGTUUY_JX104161_DELIM-FSSKNZCBIJUHIEDGTUUY_CBJ_037_DELIM-FSSKNZCBIJUHIEDGTUUY_2008) is ignored but added at the end
NOTE: nl63_DELIM-FSSKNZCBIJUHIEDGTUUY_MK334047_DELIM-FSSKNZCBIJUHIEDGTUUY_ChinaGD04_DELIM-FSSKNZCBIJUHIEDGTUUY_2018 (identical to nl63_DELIM-FSSKNZCBIJUHIEDGTUUY_JX104161_DELIM-FSSKNZCBIJUHIEDGTUUY_CBJ_037_DELIM-FSSKNZCBIJUHIEDGTUUY_2008) is ignored but added at the end
NOTE: nl63_DELIM-FSSKNZCBIJUHIEDGTUUY_MK334045_DELIM-FSSKNZCBIJUHIEDGTUUY_ChinaGD05_DELIM-FSSKNZCBIJUHIEDGTUUY_2018 (identical to nl63_DELIM-FSSKNZCBIJUHIEDGTUUY_JX104161_DELIM-FSSKNZCBIJUHIEDGTUUY_CBJ_037_DELIM-FSSKNZCBIJUHIEDGTUUY_2008) is ignored but added at the end
NOTE: nl63_DELIM-FSSKNZCBIJUHIEDGTUUY_KT266906_DELIM-FSSKNZCBIJUHIEDGTUUY_HCoV_NL63_DELIM-FSSKNZCBIJUHIEDGTUUY_Haiti_1_DELIM-FSSKNZCBIJUHIEDGTUUY_2015_DELIM-FSSKNZCBIJUHIEDGTUUY_2015 (identical to nl63_DELIM-FSSKNZCBIJUHIEDGTUUY_JX104161_DELIM-FSSKNZCBIJUHIEDGTUUY_CBJ_037_DELIM-FSSKNZCBIJUHIEDGTUUY_2008) is ignored but added at the end
NOTE: nl63_DELIM-FSSKNZCBIJUHIEDGTUUY_MN306018_DELIM-FSSKNZCBIJUHIEDGTUUY_HCoV_NL63_DELIM-FSSKNZCBIJUHIEDGTUUY_Seattle_DELIM-FSSKNZCBIJUHIEDGTUUY_USA_DELIM-FSSKNZCBIJUHIEDGTUUY_SC0179_DELIM-FSSKNZCBIJUHIEDGTUUY_2018_DELIM-FSSKNZCBIJUHIEDGTUUY_2018 (identical to nl63_DELIM-FSSKNZCBIJUHIEDGTUUY_JX104161_DELIM-FSSKNZCBIJUHIEDGTUUY_CBJ_037_DELIM-FSSKNZCBIJUHIEDGTUUY_2008) is ignored but added at the end
NOTE: nl63_DELIM-FSSKNZCBIJUHIEDGTUUY_MN306040_DELIM-FSSKNZCBIJUHIEDGTUUY_HCoV_NL63_DELIM-FSSKNZCBIJUHIEDGTUUY_Seattle_DELIM-FSSKNZCBIJUHIEDGTUUY_USA_DELIM-FSSKNZCBIJUHIEDGTUUY_SC0768_DELIM-FSSKNZCBIJUHIEDGTUUY_2019_DELIM-FSSKNZCBIJUHIEDGTUUY_2019 (identical to nl63_DELIM-FSSKNZCBIJUHIEDGTUUY_JX104161_DELIM-FSSKNZCBIJUHIEDGTUUY_CBJ_037_DELIM-FSSKNZCBIJUHIEDGTUUY_2008) is ignored but added at the end
NOTE: nl63_DELIM-FSSKNZCBIJUHIEDGTUUY_MG428703_DELIM-FSSKNZCBIJUHIEDGTUUY_Kilifi_HH_0511_01_Jun_2010_DELIM-FSSKNZCBIJUHIEDGTUUY_2010 (identical to nl63_DELIM-FSSKNZCBIJUHIEDGTUUY_JX104161_DELIM-FSSKNZCBIJUHIEDGTUUY_CBJ_037_DELIM-FSSKNZCBIJUHIEDGTUUY_2008) is ignored but added at the end
NOTE: nl63_DELIM-FSSKNZCBIJUHIEDGTUUY_MG428701_DELIM-FSSKNZCBIJUHIEDGTUUY_Kilifi_HH_0512_04_Jun_2010_DELIM-FSSKNZCBIJUHIEDGTUUY_2010 (identical to nl63_DELIM-FSSKNZCBIJUHIEDGTUUY_JX104161_DELIM-FSSKNZCBIJUHIEDGTUUY_CBJ_037_DELIM-FSSKNZCBIJUHIEDGTUUY_2008) is ignored but added at the end
NOTE: nl63_DELIM-FSSKNZCBIJUHIEDGTUUY_MG428705_DELIM-FSSKNZCBIJUHIEDGTUUY_Kilifi_HH_0522_21_May_2010_DELIM-FSSKNZCBIJUHIEDGTUUY_2010 (identical to nl63_DELIM-FSSKNZCBIJUHIEDGTUUY_JX104161_DELIM-FSSKNZCBIJUHIEDGTUUY_CBJ_037_DELIM-FSSKNZCBIJUHIEDGTUUY_2008) is ignored but added at the end
NOTE: nl63_DELIM-FSSKNZCBIJUHIEDGTUUY_MG428700_DELIM-FSSKNZCBIJUHIEDGTUUY_Kilifi_HH_1602_01_Jun_2010_DELIM-FSSKNZCBIJUHIEDGTUUY_2010 (identical to nl63_DELIM-FSSKNZCBIJUHIEDGTUUY_JX104161_DELIM-FSSKNZCBIJUHIEDGTUUY_CBJ_037_DELIM-FSSKNZCBIJUHIEDGTUUY_2008) is ignored but added at the end
NOTE: nl63_DELIM-FSSKNZCBIJUHIEDGTUUY_MG428702_DELIM-FSSKNZCBIJUHIEDGTUUY_Kilifi_HH_3807_11_May_2010_DELIM-FSSKNZCBIJUHIEDGTUUY_2010 (identical to nl63_DELIM-FSSKNZCBIJUHIEDGTUUY_JX104161_DELIM-FSSKNZCBIJUHIEDGTUUY_CBJ_037_DELIM-FSSKNZCBIJUHIEDGTUUY_2008) is ignored but added at the end
NOTE: nl63_DELIM-FSSKNZCBIJUHIEDGTUUY_MG428706_DELIM-FSSKNZCBIJUHIEDGTUUY_Kilifi_HH_3808_24_May_2010_DELIM-FSSKNZCBIJUHIEDGTUUY_2010 (identical to nl63_DELIM-FSSKNZCBIJUHIEDGTUUY_JX104161_DELIM-FSSKNZCBIJUHIEDGTUUY_CBJ_037_DELIM-FSSKNZCBIJUHIEDGTUUY_2008) is ignored but added at the end
NOTE: nl63_DELIM-FSSKNZCBIJUHIEDGTUUY_MG428707_DELIM-FSSKNZCBIJUHIEDGTUUY_Kilifi_HH_5401_20_May_2010_DELIM-FSSKNZCBIJUHIEDGTUUY_2010 (identical to nl63_DELIM-FSSKNZCBIJUHIEDGTUUY_JX104161_DELIM-FSSKNZCBIJUHIEDGTUUY_CBJ_037_DELIM-FSSKNZCBIJUHIEDGTUUY_2008) is ignored but added at the end
NOTE: nl63_DELIM-FSSKNZCBIJUHIEDGTUUY_MG428704_DELIM-FSSKNZCBIJUHIEDGTUUY_Kilifi_HH_5402_20_May_2010_DELIM-FSSKNZCBIJUHIEDGTUUY_2010 (identical to nl63_DELIM-FSSKNZCBIJUHIEDGTUUY_JX104161_DELIM-FSSKNZCBIJUHIEDGTUUY_CBJ_037_DELIM-FSSKNZCBIJUHIEDGTUUY_2008) is ignored but added at the end
NOTE: nl63_DELIM-FSSKNZCBIJUHIEDGTUUY_MG428699_DELIM-FSSKNZCBIJUHIEDGTUUY_Kilifi_HH_5709_19_May_2010_DELIM-FSSKNZCBIJUHIEDGTUUY_2010 (identical to nl63_DELIM-FSSKNZCBIJUHIEDGTUUY_JX104161_DELIM-FSSKNZCBIJUHIEDGTUUY_CBJ_037_DELIM-FSSKNZCBIJUHIEDGTUUY_2008) is ignored but added at the end
NOTE: nl63_DELIM-FSSKNZCBIJUHIEDGTUUY_JQ900257_DELIM-FSSKNZCBIJUHIEDGTUUY_NL63_DELIM-FSSKNZCBIJUHIEDGTUUY_DEN_DELIM-FSSKNZCBIJUHIEDGTUUY_2009_DELIM-FSSKNZCBIJUHIEDGTUUY_31_DELIM-FSSKNZCBIJUHIEDGTUUY_2009 (identical to nl63_DELIM-FSSKNZCBIJUHIEDGTUUY_JX104161_DELIM-FSSKNZCBIJUHIEDGTUUY_CBJ_037_DELIM-FSSKNZCBIJUHIEDGTUUY_2008) is ignored but added at the end
Alignment was printed to results/aligned_nl63_envelope-delim.fasta.uniqueseq.phy

For your convenience alignment with unique sequences printed to results/aligned_nl63_envelope-delim.fasta.uniqueseq.phy

Create initial parsimony tree by phylogenetic likelihood library (PLL)... 0.004 seconds

NOTE: 0 MB RAM (0 GB) is required!
Estimate model parameters (epsilon = 0.500)
1. Initial log-likelihood: -426.474
2. Current log-likelihood: -400.092
Optimal log-likelihood: -400.091
Rate parameters:  A-C: 0.00010  A-G: 0.00010  A-T: 3.25637  C-G: 0.00010  C-T: 100.00000  G-T: 1.00000
Base frequencies:  A: 0.269  C: 0.158  G: 0.141  T: 0.432
Parameters optimization took 2 rounds (0.005 sec)

WARNING: Estimated model parameters are at boundary that can cause numerical instability!

Wrote distance file to... 
Computing ML distances based on estimated model parameters...
Calculating distance matrix: done in 0.00148296 secs using 35.27% CPU
Computing ML distances took 0.001599 sec (of wall-clock time) 0.000598 sec (of CPU time)
Setting up auxiliary I and S matrices: done in 3.50475e-05 secs using 117% CPU
Constructing RapidNJ tree: done in 3.69549e-05 secs using 148.8% CPU
Computing RapidNJ tree took 0.000129 sec (of wall-clock time) 0.000170 sec (of CPU time)
Log-likelihood of RapidNJ tree: -347.380
--------------------------------------------------------------------
|             INITIALIZING CANDIDATE TREE SET                      |
--------------------------------------------------------------------

Do NNI search on 2 best initial trees
Optimizing NNI: done in 0.00170612 secs using 146.2% CPU
BETTER TREE FOUND at iteration 1: -347.380
Optimizing NNI: done in 0.00102901 secs using 129.3% CPU
Finish initializing candidate tree set (4)
Current best tree score: -347.380 / CPU time: 0.004
Number of iterations: 2
TREE SEARCH COMPLETED AFTER 2 ITERATIONS / Time: 0h:0m:0s

--------------------------------------------------------------------
|                    FINALIZING TREE SEARCH                        |
--------------------------------------------------------------------
Performs final model parameters optimization
Estimate model parameters (epsilon = 0.050)
1. Initial log-likelihood: -347.380
2. Current log-likelihood: -347.067
Optimal log-likelihood: -347.067
Rate parameters:  A-C: 0.00010  A-G: 0.00010  A-T: 8.43055  C-G: 0.00010  C-T: 99.84220  G-T: 1.00000
Base frequencies:  A: 0.269  C: 0.158  G: 0.141  T: 0.432
Parameters optimization took 2 rounds (0.001 sec)

WARNING: Estimated model parameters are at boundary that can cause numerical instability!

BEST SCORE FOUND : -347.067
Total tree length: 0.034

Total number of iterations: 2
CPU time used for tree search: 0.006 sec (0h:0m:0s)
Wall-clock time used for tree search: 0.004 sec (0h:0m:0s)
Total CPU time used: 0.019 sec (0h:0m:0s)
Total wall-clock time used: 0.048 sec (0h:0m:0s)

Analysis results written to: 
  IQ-TREE report:                results/aligned_nl63_envelope-delim.fasta.iqtree
  Maximum-likelihood tree:       results/aligned_nl63_envelope-delim.fasta.treefile
  Likelihood distances:          results/aligned_nl63_envelope-delim.fasta.mldist
  Screen log file:               results/aligned_nl63_envelope-delim.fasta.log

Date and Time: Thu May 12 17:37:40 2022
