IQ-TREE multicore version 2.2.0-beta COVID-edition for Mac OS X 64-bit built Mar  3 2022 built Mar  3 2022
Developed by Bui Quang Minh, James Barbetti, Nguyen Lam Tung,
Olga Chernomor, Heiko Schmidt, Dominik Schrempf, Michael Woodhams, Ly Trong Nhan.

Host:    macbook-pro-2.fhcrc.org (SSE4.2, 8 GB RAM)
Command: iqtree2 -nt 1 -s results/aligned_nl63_s1-delim.fasta -m GTR -ninit 2 -n 2 -me 0.05
Seed:    544007 (Using SPRNG - Scalable Parallel Random Number Generator)
Time:    Thu May 12 17:38:01 2022
Kernel:  SSE2 - 1 threads (8 CPU cores detected)

HINT: Use -nt option to specify number of threads because your CPU has 8 cores!
HINT: -nt AUTO will automatically determine the best number of threads to use.

Reading alignment file results/aligned_nl63_s1-delim.fasta ... Fasta format detected
Reading fasta file: done in 0.00841498 secs using 94.81% CPU
Alignment most likely contains DNA/RNA sequences
Constructing alignment: done in 0.00341797 secs using 83.5% CPU
Alignment has 212 sequences with 2202 columns, 315 distinct patterns
209 parsimony-informative, 63 singleton sites, 1930 constant sites
                                                                                                                                                                                                                                                   Gap/Ambiguity  Composition  p-value
Analyzing sequences: done in 0.000104189 secs using 84.46% CPU
   1  nl63_DELIM-NGHHWIRCHGMNKQFROEQT_JX504050_DELIM-NGHHWIRCHGMNKQFROEQT_NL63_DELIM-NGHHWIRCHGMNKQFROEQT_RPTEC_DELIM-NGHHWIRCHGMNKQFROEQT_2004_DELIM-NGHHWIRCHGMNKQFROEQT_2004                                                                            0.00%    passed     99.54%
   2  nl63_DELIM-NGHHWIRCHGMNKQFROEQT_JQ765573_DELIM-NGHHWIRCHGMNKQFROEQT_NL63_DELIM-NGHHWIRCHGMNKQFROEQT_DEN_DELIM-NGHHWIRCHGMNKQFROEQT_2005_DELIM-NGHHWIRCHGMNKQFROEQT_1062_DELIM-NGHHWIRCHGMNKQFROEQT_2005                                              0.00%    passed     99.89%
   3  nl63_DELIM-NGHHWIRCHGMNKQFROEQT_JQ765568_DELIM-NGHHWIRCHGMNKQFROEQT_NL63_DELIM-NGHHWIRCHGMNKQFROEQT_DEN_DELIM-NGHHWIRCHGMNKQFROEQT_2005_DELIM-NGHHWIRCHGMNKQFROEQT_193_DELIM-NGHHWIRCHGMNKQFROEQT_2005                                               0.00%    passed     99.79%
   4  nl63_DELIM-NGHHWIRCHGMNKQFROEQT_KY862052_DELIM-NGHHWIRCHGMNKQFROEQT_NL63_DELIM-NGHHWIRCHGMNKQFROEQT_FRA_EPI_DELIM-NGHHWIRCHGMNKQFROEQT_Caen_DELIM-NGHHWIRCHGMNKQFROEQT_2005_DELIM-NGHHWIRCHGMNKQFROEQT_03_DELIM-NGHHWIRCHGMNKQFROEQT_2005            0.00%    passed     99.79%
   5  nl63_DELIM-NGHHWIRCHGMNKQFROEQT_JQ900259_DELIM-NGHHWIRCHGMNKQFROEQT_NL63_DELIM-NGHHWIRCHGMNKQFROEQT_DEN_DELIM-NGHHWIRCHGMNKQFROEQT_2005_DELIM-NGHHWIRCHGMNKQFROEQT_449_DELIM-NGHHWIRCHGMNKQFROEQT_2005                                               0.00%    passed     99.74%
   6  nl63_DELIM-NGHHWIRCHGMNKQFROEQT_JQ765575_DELIM-NGHHWIRCHGMNKQFROEQT_NL63_DELIM-NGHHWIRCHGMNKQFROEQT_DEN_DELIM-NGHHWIRCHGMNKQFROEQT_2005_DELIM-NGHHWIRCHGMNKQFROEQT_1876_DELIM-NGHHWIRCHGMNKQFROEQT_2005                                              0.00%    passed     99.89%
   7  nl63_DELIM-NGHHWIRCHGMNKQFROEQT_JQ765571_DELIM-NGHHWIRCHGMNKQFROEQT_NL63_DELIM-NGHHWIRCHGMNKQFROEQT_DEN_DELIM-NGHHWIRCHGMNKQFROEQT_2005_DELIM-NGHHWIRCHGMNKQFROEQT_271_DELIM-NGHHWIRCHGMNKQFROEQT_2005                                               0.00%    passed     99.17%
   8  nl63_DELIM-NGHHWIRCHGMNKQFROEQT_JQ765572_DELIM-NGHHWIRCHGMNKQFROEQT_NL63_DELIM-NGHHWIRCHGMNKQFROEQT_DEN_DELIM-NGHHWIRCHGMNKQFROEQT_2005_DELIM-NGHHWIRCHGMNKQFROEQT_347_DELIM-NGHHWIRCHGMNKQFROEQT_2005                                               0.00%    passed     99.28%
   9  nl63_DELIM-NGHHWIRCHGMNKQFROEQT_JQ900260_DELIM-NGHHWIRCHGMNKQFROEQT_NL63_DELIM-NGHHWIRCHGMNKQFROEQT_DEN_DELIM-NGHHWIRCHGMNKQFROEQT_2005_DELIM-NGHHWIRCHGMNKQFROEQT_1120_DELIM-NGHHWIRCHGMNKQFROEQT_2005                                             47.91%    passed     97.86%
  10  nl63_DELIM-NGHHWIRCHGMNKQFROEQT_KY554969_DELIM-NGHHWIRCHGMNKQFROEQT_N07_196B_DELIM-NGHHWIRCHGMNKQFROEQT_2016                                                                                                                                         0.00%    passed     99.91%
  11  nl63_DELIM-NGHHWIRCHGMNKQFROEQT_KY829118_DELIM-NGHHWIRCHGMNKQFROEQT_N07_262B_DELIM-NGHHWIRCHGMNKQFROEQT_2015                                                                                                                                         0.00%    passed     99.91%
  12  nl63_DELIM-NGHHWIRCHGMNKQFROEQT_KY862054_DELIM-NGHHWIRCHGMNKQFROEQT_NL63_DELIM-NGHHWIRCHGMNKQFROEQT_FRA_EPI_DELIM-NGHHWIRCHGMNKQFROEQT_Caen_DELIM-NGHHWIRCHGMNKQFROEQT_2004_DELIM-NGHHWIRCHGMNKQFROEQT_01_DELIM-NGHHWIRCHGMNKQFROEQT_2004            0.00%    passed     99.91%
  13  nl63_DELIM-NGHHWIRCHGMNKQFROEQT_KY862053_DELIM-NGHHWIRCHGMNKQFROEQT_NL63_DELIM-NGHHWIRCHGMNKQFROEQT_FRA_EPI_DELIM-NGHHWIRCHGMNKQFROEQT_Caen_DELIM-NGHHWIRCHGMNKQFROEQT_2004_DELIM-NGHHWIRCHGMNKQFROEQT_02_DELIM-NGHHWIRCHGMNKQFROEQT_2004            0.00%    passed     99.91%
  14  nl63_DELIM-NGHHWIRCHGMNKQFROEQT_KY554971_DELIM-NGHHWIRCHGMNKQFROEQT_N07_468B_176X_DELIM-NGHHWIRCHGMNKQFROEQT_2016                                                                                                                                    0.00%    passed     99.85%
  15  nl63_DELIM-NGHHWIRCHGMNKQFROEQT_JQ765574_DELIM-NGHHWIRCHGMNKQFROEQT_NL63_DELIM-NGHHWIRCHGMNKQFROEQT_DEN_DELIM-NGHHWIRCHGMNKQFROEQT_2005_DELIM-NGHHWIRCHGMNKQFROEQT_1862_DELIM-NGHHWIRCHGMNKQFROEQT_2005                                              0.00%    passed     99.92%
  16  nl63_DELIM-NGHHWIRCHGMNKQFROEQT_KF530105_DELIM-NGHHWIRCHGMNKQFROEQT_NL63_DELIM-NGHHWIRCHGMNKQFROEQT_human_DELIM-NGHHWIRCHGMNKQFROEQT_USA_DELIM-NGHHWIRCHGMNKQFROEQT_012_31_DELIM-NGHHWIRCHGMNKQFROEQT_2001_DELIM-NGHHWIRCHGMNKQFROEQT_2001           0.00%    passed     99.77%
  17  nl63_DELIM-NGHHWIRCHGMNKQFROEQT_KT266906_DELIM-NGHHWIRCHGMNKQFROEQT_HCoV_NL63_DELIM-NGHHWIRCHGMNKQFROEQT_Haiti_1_DELIM-NGHHWIRCHGMNKQFROEQT_2015_DELIM-NGHHWIRCHGMNKQFROEQT_2015                                                                     0.00%    passed     98.67%
  18  nl63_DELIM-NGHHWIRCHGMNKQFROEQT_KX179494_DELIM-NGHHWIRCHGMNKQFROEQT_NL63_DELIM-NGHHWIRCHGMNKQFROEQT_Haiti_2_DELIM-NGHHWIRCHGMNKQFROEQT_2015_DELIM-NGHHWIRCHGMNKQFROEQT_2015                                                                          0.00%    passed     98.67%
  19  nl63_DELIM-NGHHWIRCHGMNKQFROEQT_KX179495_DELIM-NGHHWIRCHGMNKQFROEQT_NL63_DELIM-NGHHWIRCHGMNKQFROEQT_Haiti_3_DELIM-NGHHWIRCHGMNKQFROEQT_2015_DELIM-NGHHWIRCHGMNKQFROEQT_2015                                                                          0.00%    passed     98.67%
  20  nl63_DELIM-NGHHWIRCHGMNKQFROEQT_KX179496_DELIM-NGHHWIRCHGMNKQFROEQT_NL63_DELIM-NGHHWIRCHGMNKQFROEQT_Haiti_4_DELIM-NGHHWIRCHGMNKQFROEQT_2015_DELIM-NGHHWIRCHGMNKQFROEQT_2015                                                                          0.00%    passed     98.67%
  21  nl63_DELIM-NGHHWIRCHGMNKQFROEQT_KF530110_DELIM-NGHHWIRCHGMNKQFROEQT_NL63_DELIM-NGHHWIRCHGMNKQFROEQT_human_DELIM-NGHHWIRCHGMNKQFROEQT_USA_DELIM-NGHHWIRCHGMNKQFROEQT_838_9_DELIM-NGHHWIRCHGMNKQFROEQT_1983_DELIM-NGHHWIRCHGMNKQFROEQT_1983            0.00%    passed     93.08%
  22  nl63_DELIM-NGHHWIRCHGMNKQFROEQT_KF530106_DELIM-NGHHWIRCHGMNKQFROEQT_NL63_DELIM-NGHHWIRCHGMNKQFROEQT_human_DELIM-NGHHWIRCHGMNKQFROEQT_USA_DELIM-NGHHWIRCHGMNKQFROEQT_8712_17_DELIM-NGHHWIRCHGMNKQFROEQT_1987_DELIM-NGHHWIRCHGMNKQFROEQT_1987          0.14%    passed     91.95%
  23  nl63_DELIM-NGHHWIRCHGMNKQFROEQT_KF530114_DELIM-NGHHWIRCHGMNKQFROEQT_NL63_DELIM-NGHHWIRCHGMNKQFROEQT_human_DELIM-NGHHWIRCHGMNKQFROEQT_USA_DELIM-NGHHWIRCHGMNKQFROEQT_891_4_DELIM-NGHHWIRCHGMNKQFROEQT_1989_DELIM-NGHHWIRCHGMNKQFROEQT_1989            0.14%    passed     93.66%
  24  nl63_DELIM-NGHHWIRCHGMNKQFROEQT_KF530108_DELIM-NGHHWIRCHGMNKQFROEQT_NL63_DELIM-NGHHWIRCHGMNKQFROEQT_human_DELIM-NGHHWIRCHGMNKQFROEQT_USA_DELIM-NGHHWIRCHGMNKQFROEQT_891_6_DELIM-NGHHWIRCHGMNKQFROEQT_1989_DELIM-NGHHWIRCHGMNKQFROEQT_1989            0.14%    passed     93.66%
  25  nl63_DELIM-NGHHWIRCHGMNKQFROEQT_KF530109_DELIM-NGHHWIRCHGMNKQFROEQT_NL63_DELIM-NGHHWIRCHGMNKQFROEQT_human_DELIM-NGHHWIRCHGMNKQFROEQT_USA_DELIM-NGHHWIRCHGMNKQFROEQT_903_28_DELIM-NGHHWIRCHGMNKQFROEQT_1990_DELIM-NGHHWIRCHGMNKQFROEQT_1990           0.14%    passed     93.66%
  26  nl63_DELIM-NGHHWIRCHGMNKQFROEQT_KF530104_DELIM-NGHHWIRCHGMNKQFROEQT_NL63_DELIM-NGHHWIRCHGMNKQFROEQT_human_DELIM-NGHHWIRCHGMNKQFROEQT_USA_DELIM-NGHHWIRCHGMNKQFROEQT_904_20_DELIM-NGHHWIRCHGMNKQFROEQT_1990_DELIM-NGHHWIRCHGMNKQFROEQT_1990           0.14%    passed     93.66%
  27  nl63_DELIM-NGHHWIRCHGMNKQFROEQT_KF530113_DELIM-NGHHWIRCHGMNKQFROEQT_NL63_DELIM-NGHHWIRCHGMNKQFROEQT_human_DELIM-NGHHWIRCHGMNKQFROEQT_USA_DELIM-NGHHWIRCHGMNKQFROEQT_905_25_DELIM-NGHHWIRCHGMNKQFROEQT_1990_DELIM-NGHHWIRCHGMNKQFROEQT_1990           0.14%    passed     93.66%
  28  nl63_DELIM-NGHHWIRCHGMNKQFROEQT_KF530107_DELIM-NGHHWIRCHGMNKQFROEQT_NL63_DELIM-NGHHWIRCHGMNKQFROEQT_human_DELIM-NGHHWIRCHGMNKQFROEQT_USA_DELIM-NGHHWIRCHGMNKQFROEQT_911_56_DELIM-NGHHWIRCHGMNKQFROEQT_1991_DELIM-NGHHWIRCHGMNKQFROEQT_1991           0.14%    passed     93.66%
  29  nl63_DELIM-NGHHWIRCHGMNKQFROEQT_KF530111_DELIM-NGHHWIRCHGMNKQFROEQT_NL63_DELIM-NGHHWIRCHGMNKQFROEQT_human_DELIM-NGHHWIRCHGMNKQFROEQT_USA_DELIM-NGHHWIRCHGMNKQFROEQT_901_24_DELIM-NGHHWIRCHGMNKQFROEQT_1990_DELIM-NGHHWIRCHGMNKQFROEQT_1990           0.14%    passed     93.66%
  30  nl63_DELIM-NGHHWIRCHGMNKQFROEQT_KM055632_DELIM-NGHHWIRCHGMNKQFROEQT_1014A_2008_DELIM-NGHHWIRCHGMNKQFROEQT_2008                                                                                                                                       0.00%    passed     99.98%
  31  nl63_DELIM-NGHHWIRCHGMNKQFROEQT_KM055634_DELIM-NGHHWIRCHGMNKQFROEQT_1023A_2008_DELIM-NGHHWIRCHGMNKQFROEQT_2008                                                                                                                                       0.00%    passed     99.98%
  32  nl63_DELIM-NGHHWIRCHGMNKQFROEQT_KM055635_DELIM-NGHHWIRCHGMNKQFROEQT_1093A_2008_DELIM-NGHHWIRCHGMNKQFROEQT_2008                                                                                                                                       0.00%    passed     99.98%
  33  nl63_DELIM-NGHHWIRCHGMNKQFROEQT_KT359893_DELIM-NGHHWIRCHGMNKQFROEQT_12MYKL1013_DELIM-NGHHWIRCHGMNKQFROEQT_2012                                                                                                                                      41.33%    passed     99.02%
  34  nl63_DELIM-NGHHWIRCHGMNKQFROEQT_KM055637_DELIM-NGHHWIRCHGMNKQFROEQT_945A_2008_DELIM-NGHHWIRCHGMNKQFROEQT_2008                                                                                                                                        0.00%    passed     99.98%
  35  nl63_DELIM-NGHHWIRCHGMNKQFROEQT_JQ900257_DELIM-NGHHWIRCHGMNKQFROEQT_NL63_DELIM-NGHHWIRCHGMNKQFROEQT_DEN_DELIM-NGHHWIRCHGMNKQFROEQT_2009_DELIM-NGHHWIRCHGMNKQFROEQT_31_DELIM-NGHHWIRCHGMNKQFROEQT_2009                                                0.00%    passed     99.98%
  36  nl63_DELIM-NGHHWIRCHGMNKQFROEQT_KY862043_DELIM-NGHHWIRCHGMNKQFROEQT_NL63_DELIM-NGHHWIRCHGMNKQFROEQT_FRA_EPI_DELIM-NGHHWIRCHGMNKQFROEQT_Caen_DELIM-NGHHWIRCHGMNKQFROEQT_2011_DELIM-NGHHWIRCHGMNKQFROEQT_12_DELIM-NGHHWIRCHGMNKQFROEQT_2011            0.00%    passed     99.98%
  37  nl63_DELIM-NGHHWIRCHGMNKQFROEQT_KM055633_DELIM-NGHHWIRCHGMNKQFROEQT_2093A_2010_DELIM-NGHHWIRCHGMNKQFROEQT_2010                                                                                                                                       0.00%    passed     99.96%
  38  nl63_DELIM-NGHHWIRCHGMNKQFROEQT_JX524171_DELIM-NGHHWIRCHGMNKQFROEQT_CBJ123_DELIM-NGHHWIRCHGMNKQFROEQT_2009                                                                                                                                           0.00%    passed     99.96%
  39  nl63_DELIM-NGHHWIRCHGMNKQFROEQT_KM055636_DELIM-NGHHWIRCHGMNKQFROEQT_940A_2008_DELIM-NGHHWIRCHGMNKQFROEQT_2008                                                                                                                                        0.00%    passed     99.94%
  40  nl63_DELIM-NGHHWIRCHGMNKQFROEQT_KM055649_DELIM-NGHHWIRCHGMNKQFROEQT_996A_2008_DELIM-NGHHWIRCHGMNKQFROEQT_2008                                                                                                                                        0.00%    passed     99.99%
  41  nl63_DELIM-NGHHWIRCHGMNKQFROEQT_MG356424_DELIM-NGHHWIRCHGMNKQFROEQT_Kilifi_DELIM-NGHHWIRCHGMNKQFROEQT_HH_DELIM-NGHHWIRCHGMNKQFROEQT_0511_DELIM-NGHHWIRCHGMNKQFROEQT_01_Jun_2010_DELIM-NGHHWIRCHGMNKQFROEQT_2010                                      2.36%    passed     99.27%
  42  nl63_DELIM-NGHHWIRCHGMNKQFROEQT_MG356426_DELIM-NGHHWIRCHGMNKQFROEQT_Kilifi_DELIM-NGHHWIRCHGMNKQFROEQT_HH_DELIM-NGHHWIRCHGMNKQFROEQT_0512_DELIM-NGHHWIRCHGMNKQFROEQT_04_Jun_2010_DELIM-NGHHWIRCHGMNKQFROEQT_2010                                      2.36%    passed     99.27%
  43  nl63_DELIM-NGHHWIRCHGMNKQFROEQT_MG356422_DELIM-NGHHWIRCHGMNKQFROEQT_Kilifi_DELIM-NGHHWIRCHGMNKQFROEQT_HH_DELIM-NGHHWIRCHGMNKQFROEQT_0522_DELIM-NGHHWIRCHGMNKQFROEQT_21_May_2010_DELIM-NGHHWIRCHGMNKQFROEQT_2010                                      2.36%    passed     99.27%
  44  nl63_DELIM-NGHHWIRCHGMNKQFROEQT_MG356417_DELIM-NGHHWIRCHGMNKQFROEQT_Kilifi_DELIM-NGHHWIRCHGMNKQFROEQT_HH_DELIM-NGHHWIRCHGMNKQFROEQT_1612_DELIM-NGHHWIRCHGMNKQFROEQT_18_May_2010_DELIM-NGHHWIRCHGMNKQFROEQT_2010                                      2.36%    passed     99.27%
  45  nl63_DELIM-NGHHWIRCHGMNKQFROEQT_MG356414_DELIM-NGHHWIRCHGMNKQFROEQT_Kilifi_DELIM-NGHHWIRCHGMNKQFROEQT_HH_DELIM-NGHHWIRCHGMNKQFROEQT_3807_DELIM-NGHHWIRCHGMNKQFROEQT_11_May_2010_DELIM-NGHHWIRCHGMNKQFROEQT_2010                                      2.36%    passed     99.27%
  46  nl63_DELIM-NGHHWIRCHGMNKQFROEQT_MG356423_DELIM-NGHHWIRCHGMNKQFROEQT_Kilifi_DELIM-NGHHWIRCHGMNKQFROEQT_HH_DELIM-NGHHWIRCHGMNKQFROEQT_3808_DELIM-NGHHWIRCHGMNKQFROEQT_24_May_2010_DELIM-NGHHWIRCHGMNKQFROEQT_2010                                      2.36%    passed     99.27%
  47  nl63_DELIM-NGHHWIRCHGMNKQFROEQT_MG356419_DELIM-NGHHWIRCHGMNKQFROEQT_Kilifi_DELIM-NGHHWIRCHGMNKQFROEQT_HH_DELIM-NGHHWIRCHGMNKQFROEQT_5402_DELIM-NGHHWIRCHGMNKQFROEQT_20_May_2010_DELIM-NGHHWIRCHGMNKQFROEQT_2010                                      2.36%    passed     99.27%
  48  nl63_DELIM-NGHHWIRCHGMNKQFROEQT_MG356416_DELIM-NGHHWIRCHGMNKQFROEQT_Kilifi_DELIM-NGHHWIRCHGMNKQFROEQT_HH_DELIM-NGHHWIRCHGMNKQFROEQT_5405_DELIM-NGHHWIRCHGMNKQFROEQT_15_May_2010_DELIM-NGHHWIRCHGMNKQFROEQT_2010                                      2.36%    passed     99.27%
  49  nl63_DELIM-NGHHWIRCHGMNKQFROEQT_MG356415_DELIM-NGHHWIRCHGMNKQFROEQT_Kilifi_DELIM-NGHHWIRCHGMNKQFROEQT_IP_DELIM-NGHHWIRCHGMNKQFROEQT_002_DELIM-NGHHWIRCHGMNKQFROEQT_14_May_2010_DELIM-NGHHWIRCHGMNKQFROEQT_2010                                       2.36%    passed     99.27%
  50  nl63_DELIM-NGHHWIRCHGMNKQFROEQT_MG356420_DELIM-NGHHWIRCHGMNKQFROEQT_Kilifi_DELIM-NGHHWIRCHGMNKQFROEQT_IP_DELIM-NGHHWIRCHGMNKQFROEQT_003_DELIM-NGHHWIRCHGMNKQFROEQT_20_May_2010_DELIM-NGHHWIRCHGMNKQFROEQT_2010                                       2.36%    passed     99.27%
  51  nl63_DELIM-NGHHWIRCHGMNKQFROEQT_MG356427_DELIM-NGHHWIRCHGMNKQFROEQT_Kilifi_DELIM-NGHHWIRCHGMNKQFROEQT_IP_DELIM-NGHHWIRCHGMNKQFROEQT_004_DELIM-NGHHWIRCHGMNKQFROEQT_20_Jun_2010_DELIM-NGHHWIRCHGMNKQFROEQT_2010                                       2.36%    passed     99.27%
  52  nl63_DELIM-NGHHWIRCHGMNKQFROEQT_MG356428_DELIM-NGHHWIRCHGMNKQFROEQT_Kilifi_DELIM-NGHHWIRCHGMNKQFROEQT_IP_DELIM-NGHHWIRCHGMNKQFROEQT_005_DELIM-NGHHWIRCHGMNKQFROEQT_09_Aug_2010_DELIM-NGHHWIRCHGMNKQFROEQT_2010                                       2.36%    passed     99.27%
  53  nl63_DELIM-NGHHWIRCHGMNKQFROEQT_MG428703_DELIM-NGHHWIRCHGMNKQFROEQT_Kilifi_HH_0511_01_Jun_2010_DELIM-NGHHWIRCHGMNKQFROEQT_2010                                                                                                                       0.00%    passed     99.94%
  54  nl63_DELIM-NGHHWIRCHGMNKQFROEQT_MG428701_DELIM-NGHHWIRCHGMNKQFROEQT_Kilifi_HH_0512_04_Jun_2010_DELIM-NGHHWIRCHGMNKQFROEQT_2010                                                                                                                       0.00%    passed     99.94%
  55  nl63_DELIM-NGHHWIRCHGMNKQFROEQT_MG428705_DELIM-NGHHWIRCHGMNKQFROEQT_Kilifi_HH_0522_21_May_2010_DELIM-NGHHWIRCHGMNKQFROEQT_2010                                                                                                                       0.00%    passed     99.94%
  56  nl63_DELIM-NGHHWIRCHGMNKQFROEQT_MG428700_DELIM-NGHHWIRCHGMNKQFROEQT_Kilifi_HH_1602_01_Jun_2010_DELIM-NGHHWIRCHGMNKQFROEQT_2010                                                                                                                       0.00%    passed     99.94%
  57  nl63_DELIM-NGHHWIRCHGMNKQFROEQT_MG428702_DELIM-NGHHWIRCHGMNKQFROEQT_Kilifi_HH_3807_11_May_2010_DELIM-NGHHWIRCHGMNKQFROEQT_2010                                                                                                                       0.00%    passed     99.94%
  58  nl63_DELIM-NGHHWIRCHGMNKQFROEQT_MG428706_DELIM-NGHHWIRCHGMNKQFROEQT_Kilifi_HH_3808_24_May_2010_DELIM-NGHHWIRCHGMNKQFROEQT_2010                                                                                                                       0.00%    passed     99.94%
  59  nl63_DELIM-NGHHWIRCHGMNKQFROEQT_MG428704_DELIM-NGHHWIRCHGMNKQFROEQT_Kilifi_HH_5402_20_May_2010_DELIM-NGHHWIRCHGMNKQFROEQT_2010                                                                                                                       0.00%    passed     99.94%
  60  nl63_DELIM-NGHHWIRCHGMNKQFROEQT_MG356418_DELIM-NGHHWIRCHGMNKQFROEQT_Kilifi_DELIM-NGHHWIRCHGMNKQFROEQT_HH_DELIM-NGHHWIRCHGMNKQFROEQT_5709_DELIM-NGHHWIRCHGMNKQFROEQT_19_May_2010_DELIM-NGHHWIRCHGMNKQFROEQT_2010                                      2.36%    passed     99.31%
  61  nl63_DELIM-NGHHWIRCHGMNKQFROEQT_MG428699_DELIM-NGHHWIRCHGMNKQFROEQT_Kilifi_HH_5709_19_May_2010_DELIM-NGHHWIRCHGMNKQFROEQT_2010                                                                                                                       0.00%    passed     99.82%
  62  nl63_DELIM-NGHHWIRCHGMNKQFROEQT_KX179500_DELIM-NGHHWIRCHGMNKQFROEQT_NL63_DELIM-NGHHWIRCHGMNKQFROEQT_UF_2_DELIM-NGHHWIRCHGMNKQFROEQT_2015_DELIM-NGHHWIRCHGMNKQFROEQT_2015                                                                             0.00%    passed     99.98%
  63  nl63_DELIM-NGHHWIRCHGMNKQFROEQT_KY862039_DELIM-NGHHWIRCHGMNKQFROEQT_NL63_DELIM-NGHHWIRCHGMNKQFROEQT_FRA_EPI_DELIM-NGHHWIRCHGMNKQFROEQT_Caen_DELIM-NGHHWIRCHGMNKQFROEQT_2013_DELIM-NGHHWIRCHGMNKQFROEQT_16_DELIM-NGHHWIRCHGMNKQFROEQT_2013            0.00%    passed     99.96%
  64  nl63_DELIM-NGHHWIRCHGMNKQFROEQT_MG428707_DELIM-NGHHWIRCHGMNKQFROEQT_Kilifi_HH_5401_20_May_2010_DELIM-NGHHWIRCHGMNKQFROEQT_2010                                                                                                                       3.86%    passed     99.65%
  65  nl63_DELIM-NGHHWIRCHGMNKQFROEQT_KM055650_DELIM-NGHHWIRCHGMNKQFROEQT_930A_2008_DELIM-NGHHWIRCHGMNKQFROEQT_2008                                                                                                                                        0.00%    passed     99.92%
  66  nl63_DELIM-NGHHWIRCHGMNKQFROEQT_JX104161_DELIM-NGHHWIRCHGMNKQFROEQT_CBJ_037_DELIM-NGHHWIRCHGMNKQFROEQT_2008                                                                                                                                          0.00%    passed     99.81%
  67  nl63_DELIM-NGHHWIRCHGMNKQFROEQT_KT359912_DELIM-NGHHWIRCHGMNKQFROEQT_13MYKL1870_DELIM-NGHHWIRCHGMNKQFROEQT_2013                                                                                                                                      41.33%    passed     99.17%
  68  nl63_DELIM-NGHHWIRCHGMNKQFROEQT_KM055647_DELIM-NGHHWIRCHGMNKQFROEQT_188A_2007_DELIM-NGHHWIRCHGMNKQFROEQT_2007                                                                                                                                        0.00%    passed     99.96%
  69  nl63_DELIM-NGHHWIRCHGMNKQFROEQT_KM055639_DELIM-NGHHWIRCHGMNKQFROEQT_197A_2007_DELIM-NGHHWIRCHGMNKQFROEQT_2007                                                                                                                                        0.00%    passed     99.96%
  70  nl63_DELIM-NGHHWIRCHGMNKQFROEQT_KM055640_DELIM-NGHHWIRCHGMNKQFROEQT_225A_2007_DELIM-NGHHWIRCHGMNKQFROEQT_2007                                                                                                                                        0.00%    passed     99.96%
  71  nl63_DELIM-NGHHWIRCHGMNKQFROEQT_KM055641_DELIM-NGHHWIRCHGMNKQFROEQT_236A_2007_DELIM-NGHHWIRCHGMNKQFROEQT_2007                                                                                                                                        0.00%    passed     99.96%
  72  nl63_DELIM-NGHHWIRCHGMNKQFROEQT_KM055642_DELIM-NGHHWIRCHGMNKQFROEQT_277A_2007_DELIM-NGHHWIRCHGMNKQFROEQT_2007                                                                                                                                        0.00%    passed     99.96%
  73  nl63_DELIM-NGHHWIRCHGMNKQFROEQT_KM055645_DELIM-NGHHWIRCHGMNKQFROEQT_909A_2008_DELIM-NGHHWIRCHGMNKQFROEQT_2008                                                                                                                                        0.00%    passed     99.96%
  74  nl63_DELIM-NGHHWIRCHGMNKQFROEQT_KY862042_DELIM-NGHHWIRCHGMNKQFROEQT_NL63_DELIM-NGHHWIRCHGMNKQFROEQT_FRA_EPI_DELIM-NGHHWIRCHGMNKQFROEQT_Caen_DELIM-NGHHWIRCHGMNKQFROEQT_2012_DELIM-NGHHWIRCHGMNKQFROEQT_13_DELIM-NGHHWIRCHGMNKQFROEQT_2012            0.00%    passed     99.96%
  75  nl63_DELIM-NGHHWIRCHGMNKQFROEQT_KM055638_DELIM-NGHHWIRCHGMNKQFROEQT_180A_2007_DELIM-NGHHWIRCHGMNKQFROEQT_2007                                                                                                                                        0.00%    passed     99.97%
  76  nl63_DELIM-NGHHWIRCHGMNKQFROEQT_KM055644_DELIM-NGHHWIRCHGMNKQFROEQT_374A_2007_DELIM-NGHHWIRCHGMNKQFROEQT_2007                                                                                                                                        0.00%    passed     99.97%
  77  nl63_DELIM-NGHHWIRCHGMNKQFROEQT_KM055648_DELIM-NGHHWIRCHGMNKQFROEQT_954A_2008_DELIM-NGHHWIRCHGMNKQFROEQT_2008                                                                                                                                        0.00%    passed     99.92%
  78  nl63_DELIM-NGHHWIRCHGMNKQFROEQT_JQ900255_DELIM-NGHHWIRCHGMNKQFROEQT_NL63_DELIM-NGHHWIRCHGMNKQFROEQT_DEN_DELIM-NGHHWIRCHGMNKQFROEQT_2009_DELIM-NGHHWIRCHGMNKQFROEQT_6_DELIM-NGHHWIRCHGMNKQFROEQT_2009                                                 1.27%    passed     99.49%
  79  nl63_DELIM-NGHHWIRCHGMNKQFROEQT_KY862041_DELIM-NGHHWIRCHGMNKQFROEQT_NL63_DELIM-NGHHWIRCHGMNKQFROEQT_FRA_EPI_DELIM-NGHHWIRCHGMNKQFROEQT_Caen_DELIM-NGHHWIRCHGMNKQFROEQT_2012_DELIM-NGHHWIRCHGMNKQFROEQT_14_DELIM-NGHHWIRCHGMNKQFROEQT_2012            0.18%    passed     99.95%
  80  nl63_DELIM-NGHHWIRCHGMNKQFROEQT_KY862049_DELIM-NGHHWIRCHGMNKQFROEQT_NL63_DELIM-NGHHWIRCHGMNKQFROEQT_FRA_EPI_DELIM-NGHHWIRCHGMNKQFROEQT_Caen_DELIM-NGHHWIRCHGMNKQFROEQT_2008_DELIM-NGHHWIRCHGMNKQFROEQT_06_DELIM-NGHHWIRCHGMNKQFROEQT_2008            0.00%    passed     99.96%
  81  nl63_DELIM-NGHHWIRCHGMNKQFROEQT_JQ765566_DELIM-NGHHWIRCHGMNKQFROEQT_NL63_DELIM-NGHHWIRCHGMNKQFROEQT_DEN_DELIM-NGHHWIRCHGMNKQFROEQT_2008_DELIM-NGHHWIRCHGMNKQFROEQT_16_DELIM-NGHHWIRCHGMNKQFROEQT_2008                                                0.00%    passed     99.92%
  82  nl63_DELIM-NGHHWIRCHGMNKQFROEQT_KT359872_DELIM-NGHHWIRCHGMNKQFROEQT_12MYKL0280_DELIM-NGHHWIRCHGMNKQFROEQT_2012                                                                                                                                      41.33%    passed     98.97%
  83  nl63_DELIM-NGHHWIRCHGMNKQFROEQT_KT359881_DELIM-NGHHWIRCHGMNKQFROEQT_12MYKL0802_DELIM-NGHHWIRCHGMNKQFROEQT_2012                                                                                                                                      41.33%    passed     98.97%
  84  nl63_DELIM-NGHHWIRCHGMNKQFROEQT_KT359888_DELIM-NGHHWIRCHGMNKQFROEQT_12MYKL0943_DELIM-NGHHWIRCHGMNKQFROEQT_2012                                                                                                                                      41.33%    passed     98.97%
  85  nl63_DELIM-NGHHWIRCHGMNKQFROEQT_KT359896_DELIM-NGHHWIRCHGMNKQFROEQT_12MYKL1079_DELIM-NGHHWIRCHGMNKQFROEQT_2012                                                                                                                                      41.33%    passed     98.97%
  86  nl63_DELIM-NGHHWIRCHGMNKQFROEQT_KT359900_DELIM-NGHHWIRCHGMNKQFROEQT_12MYKL1195_DELIM-NGHHWIRCHGMNKQFROEQT_2012                                                                                                                                      41.33%    passed     98.97%
  87  nl63_DELIM-NGHHWIRCHGMNKQFROEQT_KT359905_DELIM-NGHHWIRCHGMNKQFROEQT_12MYKL1253_DELIM-NGHHWIRCHGMNKQFROEQT_2012                                                                                                                                      41.33%    passed     98.97%
  88  nl63_DELIM-NGHHWIRCHGMNKQFROEQT_KT359906_DELIM-NGHHWIRCHGMNKQFROEQT_12MYKL1336_DELIM-NGHHWIRCHGMNKQFROEQT_2012                                                                                                                                      41.33%    passed     99.02%
  89  nl63_DELIM-NGHHWIRCHGMNKQFROEQT_KT359907_DELIM-NGHHWIRCHGMNKQFROEQT_12MYKL1337_DELIM-NGHHWIRCHGMNKQFROEQT_2012                                                                                                                                      41.33%    passed     99.02%
  90  nl63_DELIM-NGHHWIRCHGMNKQFROEQT_KT359879_DELIM-NGHHWIRCHGMNKQFROEQT_12MYKL0779_DELIM-NGHHWIRCHGMNKQFROEQT_2012                                                                                                                                      41.33%    passed     98.91%
  91  nl63_DELIM-NGHHWIRCHGMNKQFROEQT_KT359913_DELIM-NGHHWIRCHGMNKQFROEQT_13MYKL2005_DELIM-NGHHWIRCHGMNKQFROEQT_2013                                                                                                                                      41.33%    passed     99.02%
  92  nl63_DELIM-NGHHWIRCHGMNKQFROEQT_KT359877_DELIM-NGHHWIRCHGMNKQFROEQT_12MYKL0750_DELIM-NGHHWIRCHGMNKQFROEQT_2012                                                                                                                                      41.33%    passed     98.91%
  93  nl63_DELIM-NGHHWIRCHGMNKQFROEQT_KT359895_DELIM-NGHHWIRCHGMNKQFROEQT_12MYKL1064_DELIM-NGHHWIRCHGMNKQFROEQT_2012                                                                                                                                      41.33%    passed     98.91%
  94  nl63_DELIM-NGHHWIRCHGMNKQFROEQT_KT359880_DELIM-NGHHWIRCHGMNKQFROEQT_12MYKL0809_DELIM-NGHHWIRCHGMNKQFROEQT_2012                                                                                                                                      41.33%    passed     98.56%
  95  nl63_DELIM-NGHHWIRCHGMNKQFROEQT_KT359908_DELIM-NGHHWIRCHGMNKQFROEQT_12MYKL1350_DELIM-NGHHWIRCHGMNKQFROEQT_2012                                                                                                                                      41.33%    passed     98.97%
  96  nl63_DELIM-NGHHWIRCHGMNKQFROEQT_JX513253_DELIM-NGHHWIRCHGMNKQFROEQT_CU_H1996_DELIM-NGHHWIRCHGMNKQFROEQT_2010_DELIM-NGHHWIRCHGMNKQFROEQT_2010                                                                                                        14.44%    passed     98.47%
  97  nl63_DELIM-NGHHWIRCHGMNKQFROEQT_MG356421_DELIM-NGHHWIRCHGMNKQFROEQT_Kilifi_DELIM-NGHHWIRCHGMNKQFROEQT_HH_DELIM-NGHHWIRCHGMNKQFROEQT_5401_DELIM-NGHHWIRCHGMNKQFROEQT_20_May_2010_DELIM-NGHHWIRCHGMNKQFROEQT_2010                                      2.36%    passed     99.58%
  98  nl63_DELIM-NGHHWIRCHGMNKQFROEQT_KY554967_DELIM-NGHHWIRCHGMNKQFROEQT_N06_1144B_DELIM-NGHHWIRCHGMNKQFROEQT_2016                                                                                                                                        0.00%    passed     99.96%
  99  nl63_DELIM-NGHHWIRCHGMNKQFROEQT_KY554968_DELIM-NGHHWIRCHGMNKQFROEQT_N07_185B_DELIM-NGHHWIRCHGMNKQFROEQT_2016                                                                                                                                         0.00%    passed     99.96%
 100  nl63_DELIM-NGHHWIRCHGMNKQFROEQT_KY674916_DELIM-NGHHWIRCHGMNKQFROEQT_N07_64B_DELIM-NGHHWIRCHGMNKQFROEQT_2016                                                                                                                                          0.00%    passed     99.96%
 101  nl63_DELIM-NGHHWIRCHGMNKQFROEQT_KY674915_DELIM-NGHHWIRCHGMNKQFROEQT_N07_6B_DELIM-NGHHWIRCHGMNKQFROEQT_2016                                                                                                                                           0.00%    passed     99.96%
 102  nl63_DELIM-NGHHWIRCHGMNKQFROEQT_KY554970_DELIM-NGHHWIRCHGMNKQFROEQT_N07_324B_182X_DELIM-NGHHWIRCHGMNKQFROEQT_2016                                                                                                                                    0.00%    passed     99.96%
 103  nl63_DELIM-NGHHWIRCHGMNKQFROEQT_MG356429_DELIM-NGHHWIRCHGMNKQFROEQT_Kilifi_DELIM-NGHHWIRCHGMNKQFROEQT_IP_DELIM-NGHHWIRCHGMNKQFROEQT_006_DELIM-NGHHWIRCHGMNKQFROEQT_28_Mar_2011_DELIM-NGHHWIRCHGMNKQFROEQT_2011                                       2.36%    passed     99.03%
 104  nl63_DELIM-NGHHWIRCHGMNKQFROEQT_MG356431_DELIM-NGHHWIRCHGMNKQFROEQT_Kilifi_DELIM-NGHHWIRCHGMNKQFROEQT_IP_DELIM-NGHHWIRCHGMNKQFROEQT_008_DELIM-NGHHWIRCHGMNKQFROEQT_12_May_2011_DELIM-NGHHWIRCHGMNKQFROEQT_2011                                       2.36%    passed     99.03%
 105  nl63_DELIM-NGHHWIRCHGMNKQFROEQT_MG356446_DELIM-NGHHWIRCHGMNKQFROEQT_Kilifi_DELIM-NGHHWIRCHGMNKQFROEQT_IP_DELIM-NGHHWIRCHGMNKQFROEQT_023_DELIM-NGHHWIRCHGMNKQFROEQT_18_Jun_2013_DELIM-NGHHWIRCHGMNKQFROEQT_2013                                       2.36%    passed     99.03%
 106  nl63_DELIM-NGHHWIRCHGMNKQFROEQT_MG356435_DELIM-NGHHWIRCHGMNKQFROEQT_Kilifi_DELIM-NGHHWIRCHGMNKQFROEQT_IP_DELIM-NGHHWIRCHGMNKQFROEQT_012_DELIM-NGHHWIRCHGMNKQFROEQT_15_Jun_2012_DELIM-NGHHWIRCHGMNKQFROEQT_2012                                       2.36%    passed     99.20%
 107  nl63_DELIM-NGHHWIRCHGMNKQFROEQT_MG356443_DELIM-NGHHWIRCHGMNKQFROEQT_Kilifi_DELIM-NGHHWIRCHGMNKQFROEQT_IP_DELIM-NGHHWIRCHGMNKQFROEQT_020_DELIM-NGHHWIRCHGMNKQFROEQT_25_May_2013_DELIM-NGHHWIRCHGMNKQFROEQT_2013                                       2.36%    passed     98.75%
 108  nl63_DELIM-NGHHWIRCHGMNKQFROEQT_MG356432_DELIM-NGHHWIRCHGMNKQFROEQT_Kilifi_DELIM-NGHHWIRCHGMNKQFROEQT_IP_DELIM-NGHHWIRCHGMNKQFROEQT_009_DELIM-NGHHWIRCHGMNKQFROEQT_20_May_2011_DELIM-NGHHWIRCHGMNKQFROEQT_2011                                       2.36%    passed     99.01%
 109  nl63_DELIM-NGHHWIRCHGMNKQFROEQT_MG356437_DELIM-NGHHWIRCHGMNKQFROEQT_Kilifi_DELIM-NGHHWIRCHGMNKQFROEQT_IP_DELIM-NGHHWIRCHGMNKQFROEQT_014_DELIM-NGHHWIRCHGMNKQFROEQT_21_Aug_2012_DELIM-NGHHWIRCHGMNKQFROEQT_2012                                       2.36%    passed     99.03%
 110  nl63_DELIM-NGHHWIRCHGMNKQFROEQT_JX513249_DELIM-NGHHWIRCHGMNKQFROEQT_CU_H1694_DELIM-NGHHWIRCHGMNKQFROEQT_2010_DELIM-NGHHWIRCHGMNKQFROEQT_2010                                                                                                        14.44%    passed     97.15%
 111  nl63_DELIM-NGHHWIRCHGMNKQFROEQT_JX513255_DELIM-NGHHWIRCHGMNKQFROEQT_CU_H2007_DELIM-NGHHWIRCHGMNKQFROEQT_2010_DELIM-NGHHWIRCHGMNKQFROEQT_2010                                                                                                        13.49%    passed     98.78%
 112  nl63_DELIM-NGHHWIRCHGMNKQFROEQT_MG356425_DELIM-NGHHWIRCHGMNKQFROEQT_Kilifi_DELIM-NGHHWIRCHGMNKQFROEQT_HH_DELIM-NGHHWIRCHGMNKQFROEQT_0503_DELIM-NGHHWIRCHGMNKQFROEQT_04_Jun_2010_DELIM-NGHHWIRCHGMNKQFROEQT_2010                                      2.36%    passed     98.91%
 113  nl63_DELIM-NGHHWIRCHGMNKQFROEQT_JQ765567_DELIM-NGHHWIRCHGMNKQFROEQT_NL63_DELIM-NGHHWIRCHGMNKQFROEQT_DEN_DELIM-NGHHWIRCHGMNKQFROEQT_2009_DELIM-NGHHWIRCHGMNKQFROEQT_20_DELIM-NGHHWIRCHGMNKQFROEQT_2009                                                0.05%    passed     99.98%
 114  nl63_DELIM-NGHHWIRCHGMNKQFROEQT_JQ771055_DELIM-NGHHWIRCHGMNKQFROEQT_NL63_DELIM-NGHHWIRCHGMNKQFROEQT_DEN_DELIM-NGHHWIRCHGMNKQFROEQT_2010_DELIM-NGHHWIRCHGMNKQFROEQT_20_DELIM-NGHHWIRCHGMNKQFROEQT_2010                                                0.00%    passed     99.98%
 115  nl63_DELIM-NGHHWIRCHGMNKQFROEQT_JQ771058_DELIM-NGHHWIRCHGMNKQFROEQT_NL63_DELIM-NGHHWIRCHGMNKQFROEQT_DEN_DELIM-NGHHWIRCHGMNKQFROEQT_2010_DELIM-NGHHWIRCHGMNKQFROEQT_31_DELIM-NGHHWIRCHGMNKQFROEQT_2010                                                0.00%    passed     99.98%
 116  nl63_DELIM-NGHHWIRCHGMNKQFROEQT_JQ771057_DELIM-NGHHWIRCHGMNKQFROEQT_NL63_DELIM-NGHHWIRCHGMNKQFROEQT_DEN_DELIM-NGHHWIRCHGMNKQFROEQT_2010_DELIM-NGHHWIRCHGMNKQFROEQT_28_DELIM-NGHHWIRCHGMNKQFROEQT_2010                                                0.00%    passed     99.94%
 117  nl63_DELIM-NGHHWIRCHGMNKQFROEQT_JQ771059_DELIM-NGHHWIRCHGMNKQFROEQT_NL63_DELIM-NGHHWIRCHGMNKQFROEQT_DEN_DELIM-NGHHWIRCHGMNKQFROEQT_2010_DELIM-NGHHWIRCHGMNKQFROEQT_35_DELIM-NGHHWIRCHGMNKQFROEQT_2010                                                0.00%    passed     99.97%
 118  nl63_DELIM-NGHHWIRCHGMNKQFROEQT_KT381875_DELIM-NGHHWIRCHGMNKQFROEQT_NL63_DELIM-NGHHWIRCHGMNKQFROEQT_UF_1_DELIM-NGHHWIRCHGMNKQFROEQT_2015_DELIM-NGHHWIRCHGMNKQFROEQT_2015                                                                             0.00%    passed     99.97%
 119  nl63_DELIM-NGHHWIRCHGMNKQFROEQT_KU521535_DELIM-NGHHWIRCHGMNKQFROEQT_NL63_DELIM-NGHHWIRCHGMNKQFROEQT_UF_2_DELIM-NGHHWIRCHGMNKQFROEQT_2015_DELIM-NGHHWIRCHGMNKQFROEQT_2015                                                                             0.00%    passed     99.97%
 120  nl63_DELIM-NGHHWIRCHGMNKQFROEQT_MG356434_DELIM-NGHHWIRCHGMNKQFROEQT_Kilifi_DELIM-NGHHWIRCHGMNKQFROEQT_IP_DELIM-NGHHWIRCHGMNKQFROEQT_011_DELIM-NGHHWIRCHGMNKQFROEQT_26_Jul_2011_DELIM-NGHHWIRCHGMNKQFROEQT_2011                                       2.36%    passed     98.00%
 121  nl63_DELIM-NGHHWIRCHGMNKQFROEQT_MK334043_DELIM-NGHHWIRCHGMNKQFROEQT_ChinaGD02_DELIM-NGHHWIRCHGMNKQFROEQT_2018                                                                                                                                        0.14%    passed    100.00%
 122  nl63_DELIM-NGHHWIRCHGMNKQFROEQT_MK334044_DELIM-NGHHWIRCHGMNKQFROEQT_ChinaGD03_DELIM-NGHHWIRCHGMNKQFROEQT_2018                                                                                                                                        0.14%    passed    100.00%
 123  nl63_DELIM-NGHHWIRCHGMNKQFROEQT_MK342131_DELIM-NGHHWIRCHGMNKQFROEQT_ChinaGD12_DELIM-NGHHWIRCHGMNKQFROEQT_2018                                                                                                                                       20.03%    passed     96.88%
 124  nl63_DELIM-NGHHWIRCHGMNKQFROEQT_MK342132_DELIM-NGHHWIRCHGMNKQFROEQT_ChinaGD13_DELIM-NGHHWIRCHGMNKQFROEQT_2018                                                                                                                                       20.03%    passed     96.88%
 125  nl63_DELIM-NGHHWIRCHGMNKQFROEQT_MK342133_DELIM-NGHHWIRCHGMNKQFROEQT_ChinaGD14_DELIM-NGHHWIRCHGMNKQFROEQT_2018                                                                                                                                       20.03%    passed     96.88%
 126  nl63_DELIM-NGHHWIRCHGMNKQFROEQT_MG356447_DELIM-NGHHWIRCHGMNKQFROEQT_Kilifi_DELIM-NGHHWIRCHGMNKQFROEQT_IP_DELIM-NGHHWIRCHGMNKQFROEQT_024_DELIM-NGHHWIRCHGMNKQFROEQT_09_Dec_2013_DELIM-NGHHWIRCHGMNKQFROEQT_2013                                       2.50%    passed     99.80%
 127  nl63_DELIM-NGHHWIRCHGMNKQFROEQT_MG356448_DELIM-NGHHWIRCHGMNKQFROEQT_Kilifi_DELIM-NGHHWIRCHGMNKQFROEQT_IP_DELIM-NGHHWIRCHGMNKQFROEQT_025_DELIM-NGHHWIRCHGMNKQFROEQT_21_Jan_2014_DELIM-NGHHWIRCHGMNKQFROEQT_2014                                       2.50%    passed     99.80%
 128  nl63_DELIM-NGHHWIRCHGMNKQFROEQT_MG356449_DELIM-NGHHWIRCHGMNKQFROEQT_Kilifi_DELIM-NGHHWIRCHGMNKQFROEQT_IP_DELIM-NGHHWIRCHGMNKQFROEQT_026_DELIM-NGHHWIRCHGMNKQFROEQT_24_Jan_2014_DELIM-NGHHWIRCHGMNKQFROEQT_2014                                       2.50%    passed     99.80%
 129  nl63_DELIM-NGHHWIRCHGMNKQFROEQT_MG356451_DELIM-NGHHWIRCHGMNKQFROEQT_Kilifi_DELIM-NGHHWIRCHGMNKQFROEQT_IP_DELIM-NGHHWIRCHGMNKQFROEQT_028_DELIM-NGHHWIRCHGMNKQFROEQT_21_Feb_2014_DELIM-NGHHWIRCHGMNKQFROEQT_2014                                       2.50%    passed     99.80%
 130  nl63_DELIM-NGHHWIRCHGMNKQFROEQT_KY862040_DELIM-NGHHWIRCHGMNKQFROEQT_NL63_DELIM-NGHHWIRCHGMNKQFROEQT_FRA_EPI_DELIM-NGHHWIRCHGMNKQFROEQT_Caen_DELIM-NGHHWIRCHGMNKQFROEQT_2013_DELIM-NGHHWIRCHGMNKQFROEQT_15_DELIM-NGHHWIRCHGMNKQFROEQT_2013            0.14%    passed     99.93%
 131  nl63_DELIM-NGHHWIRCHGMNKQFROEQT_KY862038_DELIM-NGHHWIRCHGMNKQFROEQT_NL63_DELIM-NGHHWIRCHGMNKQFROEQT_FRA_EPI_DELIM-NGHHWIRCHGMNKQFROEQT_Caen_DELIM-NGHHWIRCHGMNKQFROEQT_2014_DELIM-NGHHWIRCHGMNKQFROEQT_17_DELIM-NGHHWIRCHGMNKQFROEQT_2014            0.14%    passed     99.93%
 132  nl63_DELIM-NGHHWIRCHGMNKQFROEQT_MG356450_DELIM-NGHHWIRCHGMNKQFROEQT_Kilifi_DELIM-NGHHWIRCHGMNKQFROEQT_IP_DELIM-NGHHWIRCHGMNKQFROEQT_027_DELIM-NGHHWIRCHGMNKQFROEQT_26_Jan_2014_DELIM-NGHHWIRCHGMNKQFROEQT_2014                                       2.50%    passed     99.90%
 133  nl63_DELIM-NGHHWIRCHGMNKQFROEQT_KY862037_DELIM-NGHHWIRCHGMNKQFROEQT_NL63_DELIM-NGHHWIRCHGMNKQFROEQT_FRA_EPI_DELIM-NGHHWIRCHGMNKQFROEQT_Caen_DELIM-NGHHWIRCHGMNKQFROEQT_2014_DELIM-NGHHWIRCHGMNKQFROEQT_18_DELIM-NGHHWIRCHGMNKQFROEQT_2014            0.14%    passed     99.87%
 134  nl63_DELIM-NGHHWIRCHGMNKQFROEQT_MG356452_DELIM-NGHHWIRCHGMNKQFROEQT_Kilifi_DELIM-NGHHWIRCHGMNKQFROEQT_IP_DELIM-NGHHWIRCHGMNKQFROEQT_029_DELIM-NGHHWIRCHGMNKQFROEQT_27_May_2014_DELIM-NGHHWIRCHGMNKQFROEQT_2014                                       2.50%    passed     99.83%
 135  nl63_DELIM-NGHHWIRCHGMNKQFROEQT_KY862036_DELIM-NGHHWIRCHGMNKQFROEQT_NL63_DELIM-NGHHWIRCHGMNKQFROEQT_FRA_EPI_DELIM-NGHHWIRCHGMNKQFROEQT_Caen_DELIM-NGHHWIRCHGMNKQFROEQT_2015_DELIM-NGHHWIRCHGMNKQFROEQT_19_DELIM-NGHHWIRCHGMNKQFROEQT_2015            0.14%    passed     99.80%
 136  nl63_DELIM-NGHHWIRCHGMNKQFROEQT_MN306018_DELIM-NGHHWIRCHGMNKQFROEQT_HCoV_NL63_DELIM-NGHHWIRCHGMNKQFROEQT_Seattle_DELIM-NGHHWIRCHGMNKQFROEQT_USA_DELIM-NGHHWIRCHGMNKQFROEQT_SC0179_DELIM-NGHHWIRCHGMNKQFROEQT_2018_DELIM-NGHHWIRCHGMNKQFROEQT_2018    3.72%    passed     98.71%
 137  nl63_DELIM-NGHHWIRCHGMNKQFROEQT_MN306040_DELIM-NGHHWIRCHGMNKQFROEQT_HCoV_NL63_DELIM-NGHHWIRCHGMNKQFROEQT_Seattle_DELIM-NGHHWIRCHGMNKQFROEQT_USA_DELIM-NGHHWIRCHGMNKQFROEQT_SC0768_DELIM-NGHHWIRCHGMNKQFROEQT_2019_DELIM-NGHHWIRCHGMNKQFROEQT_2019    0.23%    passed     99.54%
 138  nl63_DELIM-NGHHWIRCHGMNKQFROEQT_MK334045_DELIM-NGHHWIRCHGMNKQFROEQT_ChinaGD05_DELIM-NGHHWIRCHGMNKQFROEQT_2018                                                                                                                                        0.05%    passed     99.39%
 139  nl63_DELIM-NGHHWIRCHGMNKQFROEQT_MK342130_DELIM-NGHHWIRCHGMNKQFROEQT_ChinaGD11_DELIM-NGHHWIRCHGMNKQFROEQT_2018                                                                                                                                       19.89%    passed     96.37%
 140  nl63_DELIM-NGHHWIRCHGMNKQFROEQT_MK342129_DELIM-NGHHWIRCHGMNKQFROEQT_ChinaGD10_DELIM-NGHHWIRCHGMNKQFROEQT_2018                                                                                                                                       19.89%    passed     96.89%
 141  nl63_DELIM-NGHHWIRCHGMNKQFROEQT_KM055643_DELIM-NGHHWIRCHGMNKQFROEQT_971A_2008_DELIM-NGHHWIRCHGMNKQFROEQT_2008                                                                                                                                        0.00%    passed     91.16%
 142  nl63_DELIM-NGHHWIRCHGMNKQFROEQT_KM055646_DELIM-NGHHWIRCHGMNKQFROEQT_990A_2008_DELIM-NGHHWIRCHGMNKQFROEQT_2008                                                                                                                                        0.00%    passed     94.65%
 143  nl63_DELIM-NGHHWIRCHGMNKQFROEQT_KT359873_DELIM-NGHHWIRCHGMNKQFROEQT_12MYKL0482_DELIM-NGHHWIRCHGMNKQFROEQT_2012                                                                                                                                      41.46%    passed     97.89%
 144  nl63_DELIM-NGHHWIRCHGMNKQFROEQT_KT359875_DELIM-NGHHWIRCHGMNKQFROEQT_12MYKL0730_DELIM-NGHHWIRCHGMNKQFROEQT_2012                                                                                                                                      41.46%    passed     97.89%
 145  nl63_DELIM-NGHHWIRCHGMNKQFROEQT_KT359886_DELIM-NGHHWIRCHGMNKQFROEQT_12MYKL0880_DELIM-NGHHWIRCHGMNKQFROEQT_2012                                                                                                                                      41.46%    passed     97.89%
 146  nl63_DELIM-NGHHWIRCHGMNKQFROEQT_KT359887_DELIM-NGHHWIRCHGMNKQFROEQT_12MYKL0903_DELIM-NGHHWIRCHGMNKQFROEQT_2012                                                                                                                                      41.46%    passed     97.89%
 147  nl63_DELIM-NGHHWIRCHGMNKQFROEQT_KT359889_DELIM-NGHHWIRCHGMNKQFROEQT_12MYKL0964_DELIM-NGHHWIRCHGMNKQFROEQT_2012                                                                                                                                      41.46%    passed     97.89%
 148  nl63_DELIM-NGHHWIRCHGMNKQFROEQT_KT359891_DELIM-NGHHWIRCHGMNKQFROEQT_12MYKL1002_DELIM-NGHHWIRCHGMNKQFROEQT_2012                                                                                                                                      41.46%    passed     97.89%
 149  nl63_DELIM-NGHHWIRCHGMNKQFROEQT_KT359892_DELIM-NGHHWIRCHGMNKQFROEQT_12MYKL1007_DELIM-NGHHWIRCHGMNKQFROEQT_2012                                                                                                                                      41.46%    passed     97.89%
 150  nl63_DELIM-NGHHWIRCHGMNKQFROEQT_KT359899_DELIM-NGHHWIRCHGMNKQFROEQT_12MYKL1193_DELIM-NGHHWIRCHGMNKQFROEQT_2012                                                                                                                                      41.46%    passed     97.89%
 151  nl63_DELIM-NGHHWIRCHGMNKQFROEQT_KT359901_DELIM-NGHHWIRCHGMNKQFROEQT_12MYKL1197_DELIM-NGHHWIRCHGMNKQFROEQT_2012                                                                                                                                      41.46%    passed     97.89%
 152  nl63_DELIM-NGHHWIRCHGMNKQFROEQT_KT359902_DELIM-NGHHWIRCHGMNKQFROEQT_12MYKL1229_DELIM-NGHHWIRCHGMNKQFROEQT_2012                                                                                                                                      41.46%    passed     97.89%
 153  nl63_DELIM-NGHHWIRCHGMNKQFROEQT_KT359903_DELIM-NGHHWIRCHGMNKQFROEQT_12MYKL1238_DELIM-NGHHWIRCHGMNKQFROEQT_2012                                                                                                                                      41.46%    passed     97.89%
 154  nl63_DELIM-NGHHWIRCHGMNKQFROEQT_KT359904_DELIM-NGHHWIRCHGMNKQFROEQT_12MYKL1288_DELIM-NGHHWIRCHGMNKQFROEQT_2012                                                                                                                                      41.46%    passed     97.89%
 155  nl63_DELIM-NGHHWIRCHGMNKQFROEQT_KT359909_DELIM-NGHHWIRCHGMNKQFROEQT_12MYKL1528_DELIM-NGHHWIRCHGMNKQFROEQT_2012                                                                                                                                      41.46%    passed     97.89%
 156  nl63_DELIM-NGHHWIRCHGMNKQFROEQT_KT359911_DELIM-NGHHWIRCHGMNKQFROEQT_13MYKL1797_DELIM-NGHHWIRCHGMNKQFROEQT_2013                                                                                                                                      41.46%    passed     97.89%
 157  nl63_DELIM-NGHHWIRCHGMNKQFROEQT_KT359874_DELIM-NGHHWIRCHGMNKQFROEQT_12MYKL0719_DELIM-NGHHWIRCHGMNKQFROEQT_2012                                                                                                                                      41.46%    passed     97.05%
 158  nl63_DELIM-NGHHWIRCHGMNKQFROEQT_KT359885_DELIM-NGHHWIRCHGMNKQFROEQT_12MYKL0865_DELIM-NGHHWIRCHGMNKQFROEQT_2012                                                                                                                                      41.46%    passed     97.05%
 159  nl63_DELIM-NGHHWIRCHGMNKQFROEQT_KT359876_DELIM-NGHHWIRCHGMNKQFROEQT_12MYKL0736_DELIM-NGHHWIRCHGMNKQFROEQT_2012                                                                                                                                      41.46%    passed     96.45%
 160  nl63_DELIM-NGHHWIRCHGMNKQFROEQT_KT359883_DELIM-NGHHWIRCHGMNKQFROEQT_12MYKL0862_DELIM-NGHHWIRCHGMNKQFROEQT_2012                                                                                                                                      41.46%    passed     97.83%
 161  nl63_DELIM-NGHHWIRCHGMNKQFROEQT_KT359894_DELIM-NGHHWIRCHGMNKQFROEQT_12MYKL1055_DELIM-NGHHWIRCHGMNKQFROEQT_2012                                                                                                                                      41.46%    passed     97.89%
 162  nl63_DELIM-NGHHWIRCHGMNKQFROEQT_KT359897_DELIM-NGHHWIRCHGMNKQFROEQT_12MYKL1088_DELIM-NGHHWIRCHGMNKQFROEQT_2012                                                                                                                                      41.46%    passed     97.05%
 163  nl63_DELIM-NGHHWIRCHGMNKQFROEQT_KT359898_DELIM-NGHHWIRCHGMNKQFROEQT_12MYKL1089_DELIM-NGHHWIRCHGMNKQFROEQT_2012                                                                                                                                      41.46%    passed     98.41%
 164  nl63_DELIM-NGHHWIRCHGMNKQFROEQT_KT359878_DELIM-NGHHWIRCHGMNKQFROEQT_12MYKL0780_DELIM-NGHHWIRCHGMNKQFROEQT_2012                                                                                                                                      41.46%    passed     98.82%
 165  nl63_DELIM-NGHHWIRCHGMNKQFROEQT_KT359882_DELIM-NGHHWIRCHGMNKQFROEQT_12MYKL0813_DELIM-NGHHWIRCHGMNKQFROEQT_2012                                                                                                                                      41.46%    passed     96.32%
 166  nl63_DELIM-NGHHWIRCHGMNKQFROEQT_KT359884_DELIM-NGHHWIRCHGMNKQFROEQT_12MYKL0863_DELIM-NGHHWIRCHGMNKQFROEQT_2012                                                                                                                                      41.46%    passed     94.39%
 167  nl63_DELIM-NGHHWIRCHGMNKQFROEQT_KT359890_DELIM-NGHHWIRCHGMNKQFROEQT_12MYKL0967_DELIM-NGHHWIRCHGMNKQFROEQT_2012                                                                                                                                      41.46%    passed     94.39%
 168  nl63_DELIM-NGHHWIRCHGMNKQFROEQT_KT359910_DELIM-NGHHWIRCHGMNKQFROEQT_13MYKL1791_DELIM-NGHHWIRCHGMNKQFROEQT_2013                                                                                                                                      41.46%    passed     97.48%
 169  nl63_DELIM-NGHHWIRCHGMNKQFROEQT_MG356413_DELIM-NGHHWIRCHGMNKQFROEQT_Kilifi_DELIM-NGHHWIRCHGMNKQFROEQT_IP_DELIM-NGHHWIRCHGMNKQFROEQT_001_DELIM-NGHHWIRCHGMNKQFROEQT_18_Mar_2008_DELIM-NGHHWIRCHGMNKQFROEQT_2008                                       2.50%    passed     99.60%
 170  nl63_DELIM-NGHHWIRCHGMNKQFROEQT_MG356445_DELIM-NGHHWIRCHGMNKQFROEQT_Kilifi_DELIM-NGHHWIRCHGMNKQFROEQT_IP_DELIM-NGHHWIRCHGMNKQFROEQT_022_DELIM-NGHHWIRCHGMNKQFROEQT_17_Jun_2013_DELIM-NGHHWIRCHGMNKQFROEQT_2013                                       2.50%    passed     99.48%
 171  nl63_DELIM-NGHHWIRCHGMNKQFROEQT_MG772808_DELIM-NGHHWIRCHGMNKQFROEQT_CN0601_DELIM-NGHHWIRCHGMNKQFROEQT_14_DELIM-NGHHWIRCHGMNKQFROEQT_2014                                                                                                             0.14%    passed     99.85%
 172  nl63_DELIM-NGHHWIRCHGMNKQFROEQT_MF996622_DELIM-NGHHWIRCHGMNKQFROEQT_NL63_DELIM-NGHHWIRCHGMNKQFROEQT_2014                                                                                                                                             0.14%    passed     99.84%
 173  nl63_DELIM-NGHHWIRCHGMNKQFROEQT_MF996623_DELIM-NGHHWIRCHGMNKQFROEQT_NL63_DELIM-NGHHWIRCHGMNKQFROEQT_2014                                                                                                                                             0.14%    passed     99.84%
 174  nl63_DELIM-NGHHWIRCHGMNKQFROEQT_MF996621_DELIM-NGHHWIRCHGMNKQFROEQT_NL63_DELIM-NGHHWIRCHGMNKQFROEQT_2014                                                                                                                                             0.14%    passed     99.85%
 175  nl63_DELIM-NGHHWIRCHGMNKQFROEQT_NC_036584_DELIM-NGHHWIRCHGMNKQFROEQT_NL63_DELIM-NGHHWIRCHGMNKQFROEQT_2014                                                                                                                                            0.14%    passed     99.85%
 176  nl63_DELIM-NGHHWIRCHGMNKQFROEQT_KY862035_DELIM-NGHHWIRCHGMNKQFROEQT_NL63_DELIM-NGHHWIRCHGMNKQFROEQT_FRA_EPI_DELIM-NGHHWIRCHGMNKQFROEQT_Caen_DELIM-NGHHWIRCHGMNKQFROEQT_2015_DELIM-NGHHWIRCHGMNKQFROEQT_20_DELIM-NGHHWIRCHGMNKQFROEQT_2015            0.14%    passed     99.84%
 177  nl63_DELIM-NGHHWIRCHGMNKQFROEQT_MN026166_DELIM-NGHHWIRCHGMNKQFROEQT_NL63_KLF_01_2018_DELIM-NGHHWIRCHGMNKQFROEQT_2018                                                                                                                                 0.14%    passed     99.84%
 178  nl63_DELIM-NGHHWIRCHGMNKQFROEQT_MK334046_DELIM-NGHHWIRCHGMNKQFROEQT_ChinaGD01_DELIM-NGHHWIRCHGMNKQFROEQT_2018                                                                                                                                        0.14%    passed     99.97%
 179  nl63_DELIM-NGHHWIRCHGMNKQFROEQT_MK342125_DELIM-NGHHWIRCHGMNKQFROEQT_ChinaGD06_DELIM-NGHHWIRCHGMNKQFROEQT_2018                                                                                                                                       20.03%    passed     96.84%
 180  nl63_DELIM-NGHHWIRCHGMNKQFROEQT_MK342126_DELIM-NGHHWIRCHGMNKQFROEQT_ChinaGD07_DELIM-NGHHWIRCHGMNKQFROEQT_2018                                                                                                                                       20.03%    passed     96.84%
 181  nl63_DELIM-NGHHWIRCHGMNKQFROEQT_LC488389_DELIM-NGHHWIRCHGMNKQFROEQT_HCoVNL63_DELIM-NGHHWIRCHGMNKQFROEQT_Tokyo_DELIM-NGHHWIRCHGMNKQFROEQT_SGH_18_DELIM-NGHHWIRCHGMNKQFROEQT_2018_DELIM-NGHHWIRCHGMNKQFROEQT_2018                                      0.14%    passed     99.97%
 182  nl63_DELIM-NGHHWIRCHGMNKQFROEQT_LC488388_DELIM-NGHHWIRCHGMNKQFROEQT_HCoVNL63_DELIM-NGHHWIRCHGMNKQFROEQT_Tokyo_DELIM-NGHHWIRCHGMNKQFROEQT_SGH_24_DELIM-NGHHWIRCHGMNKQFROEQT_2018_DELIM-NGHHWIRCHGMNKQFROEQT_2018                                      0.14%    passed     99.97%
 183  nl63_DELIM-NGHHWIRCHGMNKQFROEQT_MK334047_DELIM-NGHHWIRCHGMNKQFROEQT_ChinaGD04_DELIM-NGHHWIRCHGMNKQFROEQT_2018                                                                                                                                        0.14%    passed     99.62%
 184  nl63_DELIM-NGHHWIRCHGMNKQFROEQT_MK342127_DELIM-NGHHWIRCHGMNKQFROEQT_ChinaGD08_DELIM-NGHHWIRCHGMNKQFROEQT_2018                                                                                                                                       20.03%    passed     94.03%
 185  nl63_DELIM-NGHHWIRCHGMNKQFROEQT_MK342128_DELIM-NGHHWIRCHGMNKQFROEQT_ChinaGD09_DELIM-NGHHWIRCHGMNKQFROEQT_2018                                                                                                                                       20.03%    passed     94.91%
 186  nl63_DELIM-NGHHWIRCHGMNKQFROEQT_MG356430_DELIM-NGHHWIRCHGMNKQFROEQT_Kilifi_DELIM-NGHHWIRCHGMNKQFROEQT_IP_DELIM-NGHHWIRCHGMNKQFROEQT_007_DELIM-NGHHWIRCHGMNKQFROEQT_30_Mar_2011_DELIM-NGHHWIRCHGMNKQFROEQT_2011                                       2.50%    passed     98.95%
 187  nl63_DELIM-NGHHWIRCHGMNKQFROEQT_MG356436_DELIM-NGHHWIRCHGMNKQFROEQT_Kilifi_DELIM-NGHHWIRCHGMNKQFROEQT_IP_DELIM-NGHHWIRCHGMNKQFROEQT_013_DELIM-NGHHWIRCHGMNKQFROEQT_27_Jul_2012_DELIM-NGHHWIRCHGMNKQFROEQT_2012                                       2.50%    passed     98.50%
 188  nl63_DELIM-NGHHWIRCHGMNKQFROEQT_MG356433_DELIM-NGHHWIRCHGMNKQFROEQT_Kilifi_DELIM-NGHHWIRCHGMNKQFROEQT_IP_DELIM-NGHHWIRCHGMNKQFROEQT_010_DELIM-NGHHWIRCHGMNKQFROEQT_06_Jun_2011_DELIM-NGHHWIRCHGMNKQFROEQT_2011                                       2.50%    passed     98.95%
 189  nl63_DELIM-NGHHWIRCHGMNKQFROEQT_JQ771056_DELIM-NGHHWIRCHGMNKQFROEQT_NL63_DELIM-NGHHWIRCHGMNKQFROEQT_DEN_DELIM-NGHHWIRCHGMNKQFROEQT_2010_DELIM-NGHHWIRCHGMNKQFROEQT_25_DELIM-NGHHWIRCHGMNKQFROEQT_2010                                                0.14%    passed     99.84%
 190  nl63_DELIM-NGHHWIRCHGMNKQFROEQT_JQ771060_DELIM-NGHHWIRCHGMNKQFROEQT_NL63_DELIM-NGHHWIRCHGMNKQFROEQT_DEN_DELIM-NGHHWIRCHGMNKQFROEQT_2010_DELIM-NGHHWIRCHGMNKQFROEQT_36_DELIM-NGHHWIRCHGMNKQFROEQT_2010                                                0.14%    passed     99.95%
 191  nl63_DELIM-NGHHWIRCHGMNKQFROEQT_KY862045_DELIM-NGHHWIRCHGMNKQFROEQT_NL63_DELIM-NGHHWIRCHGMNKQFROEQT_FRA_EPI_DELIM-NGHHWIRCHGMNKQFROEQT_Caen_DELIM-NGHHWIRCHGMNKQFROEQT_2010_DELIM-NGHHWIRCHGMNKQFROEQT_10_DELIM-NGHHWIRCHGMNKQFROEQT_2010            0.14%    passed     99.99%
 192  nl63_DELIM-NGHHWIRCHGMNKQFROEQT_MG356438_DELIM-NGHHWIRCHGMNKQFROEQT_Kilifi_DELIM-NGHHWIRCHGMNKQFROEQT_IP_DELIM-NGHHWIRCHGMNKQFROEQT_015_DELIM-NGHHWIRCHGMNKQFROEQT_19_Nov_2012_DELIM-NGHHWIRCHGMNKQFROEQT_2012                                       2.50%    passed     98.43%
 193  nl63_DELIM-NGHHWIRCHGMNKQFROEQT_MG356439_DELIM-NGHHWIRCHGMNKQFROEQT_Kilifi_DELIM-NGHHWIRCHGMNKQFROEQT_IP_DELIM-NGHHWIRCHGMNKQFROEQT_016_DELIM-NGHHWIRCHGMNKQFROEQT_08_Apr_2013_DELIM-NGHHWIRCHGMNKQFROEQT_2013                                       2.50%    passed     97.90%
 194  nl63_DELIM-NGHHWIRCHGMNKQFROEQT_MG356441_DELIM-NGHHWIRCHGMNKQFROEQT_Kilifi_DELIM-NGHHWIRCHGMNKQFROEQT_IP_DELIM-NGHHWIRCHGMNKQFROEQT_018_DELIM-NGHHWIRCHGMNKQFROEQT_03_May_2013_DELIM-NGHHWIRCHGMNKQFROEQT_2013                                       2.50%    passed     97.90%
 195  nl63_DELIM-NGHHWIRCHGMNKQFROEQT_MG356442_DELIM-NGHHWIRCHGMNKQFROEQT_Kilifi_DELIM-NGHHWIRCHGMNKQFROEQT_IP_DELIM-NGHHWIRCHGMNKQFROEQT_019_DELIM-NGHHWIRCHGMNKQFROEQT_04_May_2013_DELIM-NGHHWIRCHGMNKQFROEQT_2013                                       2.50%    passed     97.90%
 196  nl63_DELIM-NGHHWIRCHGMNKQFROEQT_MG356444_DELIM-NGHHWIRCHGMNKQFROEQT_Kilifi_DELIM-NGHHWIRCHGMNKQFROEQT_IP_DELIM-NGHHWIRCHGMNKQFROEQT_021_DELIM-NGHHWIRCHGMNKQFROEQT_26_May_2013_DELIM-NGHHWIRCHGMNKQFROEQT_2013                                       2.50%    passed     97.90%
 197  nl63_DELIM-NGHHWIRCHGMNKQFROEQT_MG356440_DELIM-NGHHWIRCHGMNKQFROEQT_Kilifi_DELIM-NGHHWIRCHGMNKQFROEQT_IP_DELIM-NGHHWIRCHGMNKQFROEQT_017_DELIM-NGHHWIRCHGMNKQFROEQT_12_Apr_2013_DELIM-NGHHWIRCHGMNKQFROEQT_2013                                       2.50%    passed     98.33%
 198  nl63_DELIM-NGHHWIRCHGMNKQFROEQT_JQ765569_DELIM-NGHHWIRCHGMNKQFROEQT_NL63_DELIM-NGHHWIRCHGMNKQFROEQT_DEN_DELIM-NGHHWIRCHGMNKQFROEQT_2005_DELIM-NGHHWIRCHGMNKQFROEQT_232_DELIM-NGHHWIRCHGMNKQFROEQT_2005                                               0.14%    passed     99.99%
 199  nl63_DELIM-NGHHWIRCHGMNKQFROEQT_JQ765570_DELIM-NGHHWIRCHGMNKQFROEQT_NL63_DELIM-NGHHWIRCHGMNKQFROEQT_DEN_DELIM-NGHHWIRCHGMNKQFROEQT_2005_DELIM-NGHHWIRCHGMNKQFROEQT_235_DELIM-NGHHWIRCHGMNKQFROEQT_2005                                               0.14%    passed     99.98%
 200  nl63_DELIM-NGHHWIRCHGMNKQFROEQT_JQ765565_DELIM-NGHHWIRCHGMNKQFROEQT_NL63_DELIM-NGHHWIRCHGMNKQFROEQT_DEN_DELIM-NGHHWIRCHGMNKQFROEQT_2009_DELIM-NGHHWIRCHGMNKQFROEQT_15_DELIM-NGHHWIRCHGMNKQFROEQT_2009                                                0.14%    passed     99.98%
 201  nl63_DELIM-NGHHWIRCHGMNKQFROEQT_JQ765564_DELIM-NGHHWIRCHGMNKQFROEQT_NL63_DELIM-NGHHWIRCHGMNKQFROEQT_DEN_DELIM-NGHHWIRCHGMNKQFROEQT_2009_DELIM-NGHHWIRCHGMNKQFROEQT_14_DELIM-NGHHWIRCHGMNKQFROEQT_2009                                                0.14%    passed     99.93%
 202  nl63_DELIM-NGHHWIRCHGMNKQFROEQT_KY862044_DELIM-NGHHWIRCHGMNKQFROEQT_NL63_DELIM-NGHHWIRCHGMNKQFROEQT_FRA_EPI_DELIM-NGHHWIRCHGMNKQFROEQT_Caen_DELIM-NGHHWIRCHGMNKQFROEQT_2011_DELIM-NGHHWIRCHGMNKQFROEQT_11_DELIM-NGHHWIRCHGMNKQFROEQT_2011            0.14%    passed     99.99%
 203  nl63_DELIM-NGHHWIRCHGMNKQFROEQT_KY862047_DELIM-NGHHWIRCHGMNKQFROEQT_NL63_DELIM-NGHHWIRCHGMNKQFROEQT_FRA_EPI_DELIM-NGHHWIRCHGMNKQFROEQT_Caen_DELIM-NGHHWIRCHGMNKQFROEQT_2009_DELIM-NGHHWIRCHGMNKQFROEQT_08_DELIM-NGHHWIRCHGMNKQFROEQT_2009            0.18%    passed     99.99%
 204  nl63_DELIM-NGHHWIRCHGMNKQFROEQT_KY862051_DELIM-NGHHWIRCHGMNKQFROEQT_NL63_DELIM-NGHHWIRCHGMNKQFROEQT_FRA_EPI_DELIM-NGHHWIRCHGMNKQFROEQT_Caen_DELIM-NGHHWIRCHGMNKQFROEQT_2005_DELIM-NGHHWIRCHGMNKQFROEQT_04_DELIM-NGHHWIRCHGMNKQFROEQT_2005            0.23%    passed     99.94%
 205  nl63_DELIM-NGHHWIRCHGMNKQFROEQT_KY862046_DELIM-NGHHWIRCHGMNKQFROEQT_NL63_DELIM-NGHHWIRCHGMNKQFROEQT_FRA_EPI_DELIM-NGHHWIRCHGMNKQFROEQT_Caen_DELIM-NGHHWIRCHGMNKQFROEQT_2010_DELIM-NGHHWIRCHGMNKQFROEQT_09_DELIM-NGHHWIRCHGMNKQFROEQT_2010            0.14%    passed     99.92%
 206  nl63_DELIM-NGHHWIRCHGMNKQFROEQT_KY862048_DELIM-NGHHWIRCHGMNKQFROEQT_NL63_DELIM-NGHHWIRCHGMNKQFROEQT_FRA_EPI_DELIM-NGHHWIRCHGMNKQFROEQT_Caen_DELIM-NGHHWIRCHGMNKQFROEQT_2009_DELIM-NGHHWIRCHGMNKQFROEQT_07_DELIM-NGHHWIRCHGMNKQFROEQT_2009            0.14%    passed     99.95%
 207  nl63_DELIM-NGHHWIRCHGMNKQFROEQT_JQ900256_DELIM-NGHHWIRCHGMNKQFROEQT_NL63_DELIM-NGHHWIRCHGMNKQFROEQT_DEN_DELIM-NGHHWIRCHGMNKQFROEQT_2009_DELIM-NGHHWIRCHGMNKQFROEQT_22_DELIM-NGHHWIRCHGMNKQFROEQT_2009                                               23.25%    passed     98.21%
 208  nl63_DELIM-NGHHWIRCHGMNKQFROEQT_KY862050_DELIM-NGHHWIRCHGMNKQFROEQT_NL63_DELIM-NGHHWIRCHGMNKQFROEQT_FRA_EPI_DELIM-NGHHWIRCHGMNKQFROEQT_Caen_DELIM-NGHHWIRCHGMNKQFROEQT_2008_DELIM-NGHHWIRCHGMNKQFROEQT_05_DELIM-NGHHWIRCHGMNKQFROEQT_2008            0.14%    passed     99.95%
 209  nl63_DELIM-NGHHWIRCHGMNKQFROEQT_JQ765563_DELIM-NGHHWIRCHGMNKQFROEQT_NL63_DELIM-NGHHWIRCHGMNKQFROEQT_DEN_DELIM-NGHHWIRCHGMNKQFROEQT_2009_DELIM-NGHHWIRCHGMNKQFROEQT_9_DELIM-NGHHWIRCHGMNKQFROEQT_2009                                                 0.14%    passed     99.91%
 210  nl63_DELIM-NGHHWIRCHGMNKQFROEQT_KF530112_DELIM-NGHHWIRCHGMNKQFROEQT_NL63_DELIM-NGHHWIRCHGMNKQFROEQT_human_DELIM-NGHHWIRCHGMNKQFROEQT_USA_DELIM-NGHHWIRCHGMNKQFROEQT_0111_25_DELIM-NGHHWIRCHGMNKQFROEQT_2001_DELIM-NGHHWIRCHGMNKQFROEQT_2001          0.14%    passed     99.99%
 211  nl63_DELIM-NGHHWIRCHGMNKQFROEQT_KY983586_DELIM-NGHHWIRCHGMNKQFROEQT_HCoV_NL63_DELIM-NGHHWIRCHGMNKQFROEQT_Seattle_DELIM-NGHHWIRCHGMNKQFROEQT_USA_DELIM-NGHHWIRCHGMNKQFROEQT_SC2940_DELIM-NGHHWIRCHGMNKQFROEQT_2015_DELIM-NGHHWIRCHGMNKQFROEQT_2015    0.45%    passed     99.55%
 212  nl63_DELIM-NGHHWIRCHGMNKQFROEQT_LC488390_DELIM-NGHHWIRCHGMNKQFROEQT_HCoVNL63_DELIM-NGHHWIRCHGMNKQFROEQT_Tokyo_DELIM-NGHHWIRCHGMNKQFROEQT_SGH_15_DELIM-NGHHWIRCHGMNKQFROEQT_2017_DELIM-NGHHWIRCHGMNKQFROEQT_2017                                      0.14%    passed     99.75%
****  TOTAL                                                                                                                                                                                                                                               10.12%  0 sequences failed composition chi2 test (p-value<5%; df=3)
NOTE: nl63_DELIM-NGHHWIRCHGMNKQFROEQT_KY862052_DELIM-NGHHWIRCHGMNKQFROEQT_NL63_DELIM-NGHHWIRCHGMNKQFROEQT_FRA_EPI_DELIM-NGHHWIRCHGMNKQFROEQT_Caen_DELIM-NGHHWIRCHGMNKQFROEQT_2005_DELIM-NGHHWIRCHGMNKQFROEQT_03_DELIM-NGHHWIRCHGMNKQFROEQT_2005 is identical to nl63_DELIM-NGHHWIRCHGMNKQFROEQT_JQ765568_DELIM-NGHHWIRCHGMNKQFROEQT_NL63_DELIM-NGHHWIRCHGMNKQFROEQT_DEN_DELIM-NGHHWIRCHGMNKQFROEQT_2005_DELIM-NGHHWIRCHGMNKQFROEQT_193_DELIM-NGHHWIRCHGMNKQFROEQT_2005 but kept for subsequent analysis
NOTE: nl63_DELIM-NGHHWIRCHGMNKQFROEQT_KY829118_DELIM-NGHHWIRCHGMNKQFROEQT_N07_262B_DELIM-NGHHWIRCHGMNKQFROEQT_2015 is identical to nl63_DELIM-NGHHWIRCHGMNKQFROEQT_KY554969_DELIM-NGHHWIRCHGMNKQFROEQT_N07_196B_DELIM-NGHHWIRCHGMNKQFROEQT_2016 but kept for subsequent analysis
NOTE: nl63_DELIM-NGHHWIRCHGMNKQFROEQT_KX179494_DELIM-NGHHWIRCHGMNKQFROEQT_NL63_DELIM-NGHHWIRCHGMNKQFROEQT_Haiti_2_DELIM-NGHHWIRCHGMNKQFROEQT_2015_DELIM-NGHHWIRCHGMNKQFROEQT_2015 is identical to nl63_DELIM-NGHHWIRCHGMNKQFROEQT_KT266906_DELIM-NGHHWIRCHGMNKQFROEQT_HCoV_NL63_DELIM-NGHHWIRCHGMNKQFROEQT_Haiti_1_DELIM-NGHHWIRCHGMNKQFROEQT_2015_DELIM-NGHHWIRCHGMNKQFROEQT_2015 but kept for subsequent analysis
NOTE: nl63_DELIM-NGHHWIRCHGMNKQFROEQT_KF530108_DELIM-NGHHWIRCHGMNKQFROEQT_NL63_DELIM-NGHHWIRCHGMNKQFROEQT_human_DELIM-NGHHWIRCHGMNKQFROEQT_USA_DELIM-NGHHWIRCHGMNKQFROEQT_891_6_DELIM-NGHHWIRCHGMNKQFROEQT_1989_DELIM-NGHHWIRCHGMNKQFROEQT_1989 is identical to nl63_DELIM-NGHHWIRCHGMNKQFROEQT_KF530114_DELIM-NGHHWIRCHGMNKQFROEQT_NL63_DELIM-NGHHWIRCHGMNKQFROEQT_human_DELIM-NGHHWIRCHGMNKQFROEQT_USA_DELIM-NGHHWIRCHGMNKQFROEQT_891_4_DELIM-NGHHWIRCHGMNKQFROEQT_1989_DELIM-NGHHWIRCHGMNKQFROEQT_1989 but kept for subsequent analysis
NOTE: nl63_DELIM-NGHHWIRCHGMNKQFROEQT_KM055637_DELIM-NGHHWIRCHGMNKQFROEQT_945A_2008_DELIM-NGHHWIRCHGMNKQFROEQT_2008 is identical to nl63_DELIM-NGHHWIRCHGMNKQFROEQT_KM055635_DELIM-NGHHWIRCHGMNKQFROEQT_1093A_2008_DELIM-NGHHWIRCHGMNKQFROEQT_2008 but kept for subsequent analysis
NOTE: nl63_DELIM-NGHHWIRCHGMNKQFROEQT_JX524171_DELIM-NGHHWIRCHGMNKQFROEQT_CBJ123_DELIM-NGHHWIRCHGMNKQFROEQT_2009 is identical to nl63_DELIM-NGHHWIRCHGMNKQFROEQT_KM055633_DELIM-NGHHWIRCHGMNKQFROEQT_2093A_2010_DELIM-NGHHWIRCHGMNKQFROEQT_2010 but kept for subsequent analysis
NOTE: nl63_DELIM-NGHHWIRCHGMNKQFROEQT_MG356426_DELIM-NGHHWIRCHGMNKQFROEQT_Kilifi_DELIM-NGHHWIRCHGMNKQFROEQT_HH_DELIM-NGHHWIRCHGMNKQFROEQT_0512_DELIM-NGHHWIRCHGMNKQFROEQT_04_Jun_2010_DELIM-NGHHWIRCHGMNKQFROEQT_2010 is identical to nl63_DELIM-NGHHWIRCHGMNKQFROEQT_MG356424_DELIM-NGHHWIRCHGMNKQFROEQT_Kilifi_DELIM-NGHHWIRCHGMNKQFROEQT_HH_DELIM-NGHHWIRCHGMNKQFROEQT_0511_DELIM-NGHHWIRCHGMNKQFROEQT_01_Jun_2010_DELIM-NGHHWIRCHGMNKQFROEQT_2010 but kept for subsequent analysis
NOTE: nl63_DELIM-NGHHWIRCHGMNKQFROEQT_MG428701_DELIM-NGHHWIRCHGMNKQFROEQT_Kilifi_HH_0512_04_Jun_2010_DELIM-NGHHWIRCHGMNKQFROEQT_2010 is identical to nl63_DELIM-NGHHWIRCHGMNKQFROEQT_MG428703_DELIM-NGHHWIRCHGMNKQFROEQT_Kilifi_HH_0511_01_Jun_2010_DELIM-NGHHWIRCHGMNKQFROEQT_2010 but kept for subsequent analysis
NOTE: nl63_DELIM-NGHHWIRCHGMNKQFROEQT_KM055639_DELIM-NGHHWIRCHGMNKQFROEQT_197A_2007_DELIM-NGHHWIRCHGMNKQFROEQT_2007 is identical to nl63_DELIM-NGHHWIRCHGMNKQFROEQT_KM055647_DELIM-NGHHWIRCHGMNKQFROEQT_188A_2007_DELIM-NGHHWIRCHGMNKQFROEQT_2007 but kept for subsequent analysis
NOTE: nl63_DELIM-NGHHWIRCHGMNKQFROEQT_KT359881_DELIM-NGHHWIRCHGMNKQFROEQT_12MYKL0802_DELIM-NGHHWIRCHGMNKQFROEQT_2012 is identical to nl63_DELIM-NGHHWIRCHGMNKQFROEQT_KT359872_DELIM-NGHHWIRCHGMNKQFROEQT_12MYKL0280_DELIM-NGHHWIRCHGMNKQFROEQT_2012 but kept for subsequent analysis
NOTE: nl63_DELIM-NGHHWIRCHGMNKQFROEQT_KT359907_DELIM-NGHHWIRCHGMNKQFROEQT_12MYKL1337_DELIM-NGHHWIRCHGMNKQFROEQT_2012 is identical to nl63_DELIM-NGHHWIRCHGMNKQFROEQT_KT359906_DELIM-NGHHWIRCHGMNKQFROEQT_12MYKL1336_DELIM-NGHHWIRCHGMNKQFROEQT_2012 but kept for subsequent analysis
NOTE: nl63_DELIM-NGHHWIRCHGMNKQFROEQT_KT359895_DELIM-NGHHWIRCHGMNKQFROEQT_12MYKL1064_DELIM-NGHHWIRCHGMNKQFROEQT_2012 is identical to nl63_DELIM-NGHHWIRCHGMNKQFROEQT_KT359877_DELIM-NGHHWIRCHGMNKQFROEQT_12MYKL0750_DELIM-NGHHWIRCHGMNKQFROEQT_2012 but kept for subsequent analysis
NOTE: nl63_DELIM-NGHHWIRCHGMNKQFROEQT_KY554968_DELIM-NGHHWIRCHGMNKQFROEQT_N07_185B_DELIM-NGHHWIRCHGMNKQFROEQT_2016 is identical to nl63_DELIM-NGHHWIRCHGMNKQFROEQT_KY554967_DELIM-NGHHWIRCHGMNKQFROEQT_N06_1144B_DELIM-NGHHWIRCHGMNKQFROEQT_2016 but kept for subsequent analysis
NOTE: nl63_DELIM-NGHHWIRCHGMNKQFROEQT_MG356431_DELIM-NGHHWIRCHGMNKQFROEQT_Kilifi_DELIM-NGHHWIRCHGMNKQFROEQT_IP_DELIM-NGHHWIRCHGMNKQFROEQT_008_DELIM-NGHHWIRCHGMNKQFROEQT_12_May_2011_DELIM-NGHHWIRCHGMNKQFROEQT_2011 is identical to nl63_DELIM-NGHHWIRCHGMNKQFROEQT_MG356429_DELIM-NGHHWIRCHGMNKQFROEQT_Kilifi_DELIM-NGHHWIRCHGMNKQFROEQT_IP_DELIM-NGHHWIRCHGMNKQFROEQT_006_DELIM-NGHHWIRCHGMNKQFROEQT_28_Mar_2011_DELIM-NGHHWIRCHGMNKQFROEQT_2011 but kept for subsequent analysis
NOTE: nl63_DELIM-NGHHWIRCHGMNKQFROEQT_JQ771058_DELIM-NGHHWIRCHGMNKQFROEQT_NL63_DELIM-NGHHWIRCHGMNKQFROEQT_DEN_DELIM-NGHHWIRCHGMNKQFROEQT_2010_DELIM-NGHHWIRCHGMNKQFROEQT_31_DELIM-NGHHWIRCHGMNKQFROEQT_2010 is identical to nl63_DELIM-NGHHWIRCHGMNKQFROEQT_JQ771055_DELIM-NGHHWIRCHGMNKQFROEQT_NL63_DELIM-NGHHWIRCHGMNKQFROEQT_DEN_DELIM-NGHHWIRCHGMNKQFROEQT_2010_DELIM-NGHHWIRCHGMNKQFROEQT_20_DELIM-NGHHWIRCHGMNKQFROEQT_2010 but kept for subsequent analysis
NOTE: nl63_DELIM-NGHHWIRCHGMNKQFROEQT_KU521535_DELIM-NGHHWIRCHGMNKQFROEQT_NL63_DELIM-NGHHWIRCHGMNKQFROEQT_UF_2_DELIM-NGHHWIRCHGMNKQFROEQT_2015_DELIM-NGHHWIRCHGMNKQFROEQT_2015 is identical to nl63_DELIM-NGHHWIRCHGMNKQFROEQT_KT381875_DELIM-NGHHWIRCHGMNKQFROEQT_NL63_DELIM-NGHHWIRCHGMNKQFROEQT_UF_1_DELIM-NGHHWIRCHGMNKQFROEQT_2015_DELIM-NGHHWIRCHGMNKQFROEQT_2015 but kept for subsequent analysis
NOTE: nl63_DELIM-NGHHWIRCHGMNKQFROEQT_MK334044_DELIM-NGHHWIRCHGMNKQFROEQT_ChinaGD03_DELIM-NGHHWIRCHGMNKQFROEQT_2018 is identical to nl63_DELIM-NGHHWIRCHGMNKQFROEQT_MK334043_DELIM-NGHHWIRCHGMNKQFROEQT_ChinaGD02_DELIM-NGHHWIRCHGMNKQFROEQT_2018 but kept for subsequent analysis
NOTE: nl63_DELIM-NGHHWIRCHGMNKQFROEQT_MK342132_DELIM-NGHHWIRCHGMNKQFROEQT_ChinaGD13_DELIM-NGHHWIRCHGMNKQFROEQT_2018 is identical to nl63_DELIM-NGHHWIRCHGMNKQFROEQT_MK342131_DELIM-NGHHWIRCHGMNKQFROEQT_ChinaGD12_DELIM-NGHHWIRCHGMNKQFROEQT_2018 but kept for subsequent analysis
NOTE: nl63_DELIM-NGHHWIRCHGMNKQFROEQT_MG356448_DELIM-NGHHWIRCHGMNKQFROEQT_Kilifi_DELIM-NGHHWIRCHGMNKQFROEQT_IP_DELIM-NGHHWIRCHGMNKQFROEQT_025_DELIM-NGHHWIRCHGMNKQFROEQT_21_Jan_2014_DELIM-NGHHWIRCHGMNKQFROEQT_2014 is identical to nl63_DELIM-NGHHWIRCHGMNKQFROEQT_MG356447_DELIM-NGHHWIRCHGMNKQFROEQT_Kilifi_DELIM-NGHHWIRCHGMNKQFROEQT_IP_DELIM-NGHHWIRCHGMNKQFROEQT_024_DELIM-NGHHWIRCHGMNKQFROEQT_09_Dec_2013_DELIM-NGHHWIRCHGMNKQFROEQT_2013 but kept for subsequent analysis
NOTE: nl63_DELIM-NGHHWIRCHGMNKQFROEQT_KY862038_DELIM-NGHHWIRCHGMNKQFROEQT_NL63_DELIM-NGHHWIRCHGMNKQFROEQT_FRA_EPI_DELIM-NGHHWIRCHGMNKQFROEQT_Caen_DELIM-NGHHWIRCHGMNKQFROEQT_2014_DELIM-NGHHWIRCHGMNKQFROEQT_17_DELIM-NGHHWIRCHGMNKQFROEQT_2014 is identical to nl63_DELIM-NGHHWIRCHGMNKQFROEQT_KY862040_DELIM-NGHHWIRCHGMNKQFROEQT_NL63_DELIM-NGHHWIRCHGMNKQFROEQT_FRA_EPI_DELIM-NGHHWIRCHGMNKQFROEQT_Caen_DELIM-NGHHWIRCHGMNKQFROEQT_2013_DELIM-NGHHWIRCHGMNKQFROEQT_15_DELIM-NGHHWIRCHGMNKQFROEQT_2013 but kept for subsequent analysis
NOTE: nl63_DELIM-NGHHWIRCHGMNKQFROEQT_KT359875_DELIM-NGHHWIRCHGMNKQFROEQT_12MYKL0730_DELIM-NGHHWIRCHGMNKQFROEQT_2012 is identical to nl63_DELIM-NGHHWIRCHGMNKQFROEQT_KT359873_DELIM-NGHHWIRCHGMNKQFROEQT_12MYKL0482_DELIM-NGHHWIRCHGMNKQFROEQT_2012 but kept for subsequent analysis
NOTE: nl63_DELIM-NGHHWIRCHGMNKQFROEQT_KT359890_DELIM-NGHHWIRCHGMNKQFROEQT_12MYKL0967_DELIM-NGHHWIRCHGMNKQFROEQT_2012 is identical to nl63_DELIM-NGHHWIRCHGMNKQFROEQT_KT359884_DELIM-NGHHWIRCHGMNKQFROEQT_12MYKL0863_DELIM-NGHHWIRCHGMNKQFROEQT_2012 but kept for subsequent analysis
NOTE: nl63_DELIM-NGHHWIRCHGMNKQFROEQT_MF996623_DELIM-NGHHWIRCHGMNKQFROEQT_NL63_DELIM-NGHHWIRCHGMNKQFROEQT_2014 is identical to nl63_DELIM-NGHHWIRCHGMNKQFROEQT_MF996622_DELIM-NGHHWIRCHGMNKQFROEQT_NL63_DELIM-NGHHWIRCHGMNKQFROEQT_2014 but kept for subsequent analysis
NOTE: nl63_DELIM-NGHHWIRCHGMNKQFROEQT_NC_036584_DELIM-NGHHWIRCHGMNKQFROEQT_NL63_DELIM-NGHHWIRCHGMNKQFROEQT_2014 is identical to nl63_DELIM-NGHHWIRCHGMNKQFROEQT_MF996621_DELIM-NGHHWIRCHGMNKQFROEQT_NL63_DELIM-NGHHWIRCHGMNKQFROEQT_2014 but kept for subsequent analysis
NOTE: nl63_DELIM-NGHHWIRCHGMNKQFROEQT_MK342126_DELIM-NGHHWIRCHGMNKQFROEQT_ChinaGD07_DELIM-NGHHWIRCHGMNKQFROEQT_2018 is identical to nl63_DELIM-NGHHWIRCHGMNKQFROEQT_MK342125_DELIM-NGHHWIRCHGMNKQFROEQT_ChinaGD06_DELIM-NGHHWIRCHGMNKQFROEQT_2018 but kept for subsequent analysis
NOTE: nl63_DELIM-NGHHWIRCHGMNKQFROEQT_LC488388_DELIM-NGHHWIRCHGMNKQFROEQT_HCoVNL63_DELIM-NGHHWIRCHGMNKQFROEQT_Tokyo_DELIM-NGHHWIRCHGMNKQFROEQT_SGH_24_DELIM-NGHHWIRCHGMNKQFROEQT_2018_DELIM-NGHHWIRCHGMNKQFROEQT_2018 is identical to nl63_DELIM-NGHHWIRCHGMNKQFROEQT_LC488389_DELIM-NGHHWIRCHGMNKQFROEQT_HCoVNL63_DELIM-NGHHWIRCHGMNKQFROEQT_Tokyo_DELIM-NGHHWIRCHGMNKQFROEQT_SGH_18_DELIM-NGHHWIRCHGMNKQFROEQT_2018_DELIM-NGHHWIRCHGMNKQFROEQT_2018 but kept for subsequent analysis
NOTE: nl63_DELIM-NGHHWIRCHGMNKQFROEQT_MG356441_DELIM-NGHHWIRCHGMNKQFROEQT_Kilifi_DELIM-NGHHWIRCHGMNKQFROEQT_IP_DELIM-NGHHWIRCHGMNKQFROEQT_018_DELIM-NGHHWIRCHGMNKQFROEQT_03_May_2013_DELIM-NGHHWIRCHGMNKQFROEQT_2013 is identical to nl63_DELIM-NGHHWIRCHGMNKQFROEQT_MG356439_DELIM-NGHHWIRCHGMNKQFROEQT_Kilifi_DELIM-NGHHWIRCHGMNKQFROEQT_IP_DELIM-NGHHWIRCHGMNKQFROEQT_016_DELIM-NGHHWIRCHGMNKQFROEQT_08_Apr_2013_DELIM-NGHHWIRCHGMNKQFROEQT_2013 but kept for subsequent analysis
Checking for duplicate sequences: done in 0.00129104 secs using 85.28% CPU
Identifying sites to remove: done in 0.00268102 secs using 97.13% CPU
NOTE: 54 identical sequences (see below) will be ignored for subsequent analysis
NOTE: nl63_DELIM-NGHHWIRCHGMNKQFROEQT_KY862054_DELIM-NGHHWIRCHGMNKQFROEQT_NL63_DELIM-NGHHWIRCHGMNKQFROEQT_FRA_EPI_DELIM-NGHHWIRCHGMNKQFROEQT_Caen_DELIM-NGHHWIRCHGMNKQFROEQT_2004_DELIM-NGHHWIRCHGMNKQFROEQT_01_DELIM-NGHHWIRCHGMNKQFROEQT_2004 (identical to nl63_DELIM-NGHHWIRCHGMNKQFROEQT_KY554969_DELIM-NGHHWIRCHGMNKQFROEQT_N07_196B_DELIM-NGHHWIRCHGMNKQFROEQT_2016) is ignored but added at the end
NOTE: nl63_DELIM-NGHHWIRCHGMNKQFROEQT_KY862053_DELIM-NGHHWIRCHGMNKQFROEQT_NL63_DELIM-NGHHWIRCHGMNKQFROEQT_FRA_EPI_DELIM-NGHHWIRCHGMNKQFROEQT_Caen_DELIM-NGHHWIRCHGMNKQFROEQT_2004_DELIM-NGHHWIRCHGMNKQFROEQT_02_DELIM-NGHHWIRCHGMNKQFROEQT_2004 (identical to nl63_DELIM-NGHHWIRCHGMNKQFROEQT_KY554969_DELIM-NGHHWIRCHGMNKQFROEQT_N07_196B_DELIM-NGHHWIRCHGMNKQFROEQT_2016) is ignored but added at the end
NOTE: nl63_DELIM-NGHHWIRCHGMNKQFROEQT_KX179495_DELIM-NGHHWIRCHGMNKQFROEQT_NL63_DELIM-NGHHWIRCHGMNKQFROEQT_Haiti_3_DELIM-NGHHWIRCHGMNKQFROEQT_2015_DELIM-NGHHWIRCHGMNKQFROEQT_2015 (identical to nl63_DELIM-NGHHWIRCHGMNKQFROEQT_KT266906_DELIM-NGHHWIRCHGMNKQFROEQT_HCoV_NL63_DELIM-NGHHWIRCHGMNKQFROEQT_Haiti_1_DELIM-NGHHWIRCHGMNKQFROEQT_2015_DELIM-NGHHWIRCHGMNKQFROEQT_2015) is ignored but added at the end
NOTE: nl63_DELIM-NGHHWIRCHGMNKQFROEQT_KX179496_DELIM-NGHHWIRCHGMNKQFROEQT_NL63_DELIM-NGHHWIRCHGMNKQFROEQT_Haiti_4_DELIM-NGHHWIRCHGMNKQFROEQT_2015_DELIM-NGHHWIRCHGMNKQFROEQT_2015 (identical to nl63_DELIM-NGHHWIRCHGMNKQFROEQT_KT266906_DELIM-NGHHWIRCHGMNKQFROEQT_HCoV_NL63_DELIM-NGHHWIRCHGMNKQFROEQT_Haiti_1_DELIM-NGHHWIRCHGMNKQFROEQT_2015_DELIM-NGHHWIRCHGMNKQFROEQT_2015) is ignored but added at the end
NOTE: nl63_DELIM-NGHHWIRCHGMNKQFROEQT_KF530109_DELIM-NGHHWIRCHGMNKQFROEQT_NL63_DELIM-NGHHWIRCHGMNKQFROEQT_human_DELIM-NGHHWIRCHGMNKQFROEQT_USA_DELIM-NGHHWIRCHGMNKQFROEQT_903_28_DELIM-NGHHWIRCHGMNKQFROEQT_1990_DELIM-NGHHWIRCHGMNKQFROEQT_1990 (identical to nl63_DELIM-NGHHWIRCHGMNKQFROEQT_KF530114_DELIM-NGHHWIRCHGMNKQFROEQT_NL63_DELIM-NGHHWIRCHGMNKQFROEQT_human_DELIM-NGHHWIRCHGMNKQFROEQT_USA_DELIM-NGHHWIRCHGMNKQFROEQT_891_4_DELIM-NGHHWIRCHGMNKQFROEQT_1989_DELIM-NGHHWIRCHGMNKQFROEQT_1989) is ignored but added at the end
NOTE: nl63_DELIM-NGHHWIRCHGMNKQFROEQT_KF530104_DELIM-NGHHWIRCHGMNKQFROEQT_NL63_DELIM-NGHHWIRCHGMNKQFROEQT_human_DELIM-NGHHWIRCHGMNKQFROEQT_USA_DELIM-NGHHWIRCHGMNKQFROEQT_904_20_DELIM-NGHHWIRCHGMNKQFROEQT_1990_DELIM-NGHHWIRCHGMNKQFROEQT_1990 (identical to nl63_DELIM-NGHHWIRCHGMNKQFROEQT_KF530114_DELIM-NGHHWIRCHGMNKQFROEQT_NL63_DELIM-NGHHWIRCHGMNKQFROEQT_human_DELIM-NGHHWIRCHGMNKQFROEQT_USA_DELIM-NGHHWIRCHGMNKQFROEQT_891_4_DELIM-NGHHWIRCHGMNKQFROEQT_1989_DELIM-NGHHWIRCHGMNKQFROEQT_1989) is ignored but added at the end
NOTE: nl63_DELIM-NGHHWIRCHGMNKQFROEQT_KF530113_DELIM-NGHHWIRCHGMNKQFROEQT_NL63_DELIM-NGHHWIRCHGMNKQFROEQT_human_DELIM-NGHHWIRCHGMNKQFROEQT_USA_DELIM-NGHHWIRCHGMNKQFROEQT_905_25_DELIM-NGHHWIRCHGMNKQFROEQT_1990_DELIM-NGHHWIRCHGMNKQFROEQT_1990 (identical to nl63_DELIM-NGHHWIRCHGMNKQFROEQT_KF530114_DELIM-NGHHWIRCHGMNKQFROEQT_NL63_DELIM-NGHHWIRCHGMNKQFROEQT_human_DELIM-NGHHWIRCHGMNKQFROEQT_USA_DELIM-NGHHWIRCHGMNKQFROEQT_891_4_DELIM-NGHHWIRCHGMNKQFROEQT_1989_DELIM-NGHHWIRCHGMNKQFROEQT_1989) is ignored but added at the end
NOTE: nl63_DELIM-NGHHWIRCHGMNKQFROEQT_KF530107_DELIM-NGHHWIRCHGMNKQFROEQT_NL63_DELIM-NGHHWIRCHGMNKQFROEQT_human_DELIM-NGHHWIRCHGMNKQFROEQT_USA_DELIM-NGHHWIRCHGMNKQFROEQT_911_56_DELIM-NGHHWIRCHGMNKQFROEQT_1991_DELIM-NGHHWIRCHGMNKQFROEQT_1991 (identical to nl63_DELIM-NGHHWIRCHGMNKQFROEQT_KF530114_DELIM-NGHHWIRCHGMNKQFROEQT_NL63_DELIM-NGHHWIRCHGMNKQFROEQT_human_DELIM-NGHHWIRCHGMNKQFROEQT_USA_DELIM-NGHHWIRCHGMNKQFROEQT_891_4_DELIM-NGHHWIRCHGMNKQFROEQT_1989_DELIM-NGHHWIRCHGMNKQFROEQT_1989) is ignored but added at the end
NOTE: nl63_DELIM-NGHHWIRCHGMNKQFROEQT_JQ900257_DELIM-NGHHWIRCHGMNKQFROEQT_NL63_DELIM-NGHHWIRCHGMNKQFROEQT_DEN_DELIM-NGHHWIRCHGMNKQFROEQT_2009_DELIM-NGHHWIRCHGMNKQFROEQT_31_DELIM-NGHHWIRCHGMNKQFROEQT_2009 (identical to nl63_DELIM-NGHHWIRCHGMNKQFROEQT_KM055635_DELIM-NGHHWIRCHGMNKQFROEQT_1093A_2008_DELIM-NGHHWIRCHGMNKQFROEQT_2008) is ignored but added at the end
NOTE: nl63_DELIM-NGHHWIRCHGMNKQFROEQT_KY862043_DELIM-NGHHWIRCHGMNKQFROEQT_NL63_DELIM-NGHHWIRCHGMNKQFROEQT_FRA_EPI_DELIM-NGHHWIRCHGMNKQFROEQT_Caen_DELIM-NGHHWIRCHGMNKQFROEQT_2011_DELIM-NGHHWIRCHGMNKQFROEQT_12_DELIM-NGHHWIRCHGMNKQFROEQT_2011 (identical to nl63_DELIM-NGHHWIRCHGMNKQFROEQT_KM055635_DELIM-NGHHWIRCHGMNKQFROEQT_1093A_2008_DELIM-NGHHWIRCHGMNKQFROEQT_2008) is ignored but added at the end
NOTE: nl63_DELIM-NGHHWIRCHGMNKQFROEQT_MG356422_DELIM-NGHHWIRCHGMNKQFROEQT_Kilifi_DELIM-NGHHWIRCHGMNKQFROEQT_HH_DELIM-NGHHWIRCHGMNKQFROEQT_0522_DELIM-NGHHWIRCHGMNKQFROEQT_21_May_2010_DELIM-NGHHWIRCHGMNKQFROEQT_2010 (identical to nl63_DELIM-NGHHWIRCHGMNKQFROEQT_MG356424_DELIM-NGHHWIRCHGMNKQFROEQT_Kilifi_DELIM-NGHHWIRCHGMNKQFROEQT_HH_DELIM-NGHHWIRCHGMNKQFROEQT_0511_DELIM-NGHHWIRCHGMNKQFROEQT_01_Jun_2010_DELIM-NGHHWIRCHGMNKQFROEQT_2010) is ignored but added at the end
NOTE: nl63_DELIM-NGHHWIRCHGMNKQFROEQT_MG356417_DELIM-NGHHWIRCHGMNKQFROEQT_Kilifi_DELIM-NGHHWIRCHGMNKQFROEQT_HH_DELIM-NGHHWIRCHGMNKQFROEQT_1612_DELIM-NGHHWIRCHGMNKQFROEQT_18_May_2010_DELIM-NGHHWIRCHGMNKQFROEQT_2010 (identical to nl63_DELIM-NGHHWIRCHGMNKQFROEQT_MG356424_DELIM-NGHHWIRCHGMNKQFROEQT_Kilifi_DELIM-NGHHWIRCHGMNKQFROEQT_HH_DELIM-NGHHWIRCHGMNKQFROEQT_0511_DELIM-NGHHWIRCHGMNKQFROEQT_01_Jun_2010_DELIM-NGHHWIRCHGMNKQFROEQT_2010) is ignored but added at the end
NOTE: nl63_DELIM-NGHHWIRCHGMNKQFROEQT_MG356414_DELIM-NGHHWIRCHGMNKQFROEQT_Kilifi_DELIM-NGHHWIRCHGMNKQFROEQT_HH_DELIM-NGHHWIRCHGMNKQFROEQT_3807_DELIM-NGHHWIRCHGMNKQFROEQT_11_May_2010_DELIM-NGHHWIRCHGMNKQFROEQT_2010 (identical to nl63_DELIM-NGHHWIRCHGMNKQFROEQT_MG356424_DELIM-NGHHWIRCHGMNKQFROEQT_Kilifi_DELIM-NGHHWIRCHGMNKQFROEQT_HH_DELIM-NGHHWIRCHGMNKQFROEQT_0511_DELIM-NGHHWIRCHGMNKQFROEQT_01_Jun_2010_DELIM-NGHHWIRCHGMNKQFROEQT_2010) is ignored but added at the end
NOTE: nl63_DELIM-NGHHWIRCHGMNKQFROEQT_MG356423_DELIM-NGHHWIRCHGMNKQFROEQT_Kilifi_DELIM-NGHHWIRCHGMNKQFROEQT_HH_DELIM-NGHHWIRCHGMNKQFROEQT_3808_DELIM-NGHHWIRCHGMNKQFROEQT_24_May_2010_DELIM-NGHHWIRCHGMNKQFROEQT_2010 (identical to nl63_DELIM-NGHHWIRCHGMNKQFROEQT_MG356424_DELIM-NGHHWIRCHGMNKQFROEQT_Kilifi_DELIM-NGHHWIRCHGMNKQFROEQT_HH_DELIM-NGHHWIRCHGMNKQFROEQT_0511_DELIM-NGHHWIRCHGMNKQFROEQT_01_Jun_2010_DELIM-NGHHWIRCHGMNKQFROEQT_2010) is ignored but added at the end
NOTE: nl63_DELIM-NGHHWIRCHGMNKQFROEQT_MG356419_DELIM-NGHHWIRCHGMNKQFROEQT_Kilifi_DELIM-NGHHWIRCHGMNKQFROEQT_HH_DELIM-NGHHWIRCHGMNKQFROEQT_5402_DELIM-NGHHWIRCHGMNKQFROEQT_20_May_2010_DELIM-NGHHWIRCHGMNKQFROEQT_2010 (identical to nl63_DELIM-NGHHWIRCHGMNKQFROEQT_MG356424_DELIM-NGHHWIRCHGMNKQFROEQT_Kilifi_DELIM-NGHHWIRCHGMNKQFROEQT_HH_DELIM-NGHHWIRCHGMNKQFROEQT_0511_DELIM-NGHHWIRCHGMNKQFROEQT_01_Jun_2010_DELIM-NGHHWIRCHGMNKQFROEQT_2010) is ignored but added at the end
NOTE: nl63_DELIM-NGHHWIRCHGMNKQFROEQT_MG356416_DELIM-NGHHWIRCHGMNKQFROEQT_Kilifi_DELIM-NGHHWIRCHGMNKQFROEQT_HH_DELIM-NGHHWIRCHGMNKQFROEQT_5405_DELIM-NGHHWIRCHGMNKQFROEQT_15_May_2010_DELIM-NGHHWIRCHGMNKQFROEQT_2010 (identical to nl63_DELIM-NGHHWIRCHGMNKQFROEQT_MG356424_DELIM-NGHHWIRCHGMNKQFROEQT_Kilifi_DELIM-NGHHWIRCHGMNKQFROEQT_HH_DELIM-NGHHWIRCHGMNKQFROEQT_0511_DELIM-NGHHWIRCHGMNKQFROEQT_01_Jun_2010_DELIM-NGHHWIRCHGMNKQFROEQT_2010) is ignored but added at the end
NOTE: nl63_DELIM-NGHHWIRCHGMNKQFROEQT_MG356415_DELIM-NGHHWIRCHGMNKQFROEQT_Kilifi_DELIM-NGHHWIRCHGMNKQFROEQT_IP_DELIM-NGHHWIRCHGMNKQFROEQT_002_DELIM-NGHHWIRCHGMNKQFROEQT_14_May_2010_DELIM-NGHHWIRCHGMNKQFROEQT_2010 (identical to nl63_DELIM-NGHHWIRCHGMNKQFROEQT_MG356424_DELIM-NGHHWIRCHGMNKQFROEQT_Kilifi_DELIM-NGHHWIRCHGMNKQFROEQT_HH_DELIM-NGHHWIRCHGMNKQFROEQT_0511_DELIM-NGHHWIRCHGMNKQFROEQT_01_Jun_2010_DELIM-NGHHWIRCHGMNKQFROEQT_2010) is ignored but added at the end
NOTE: nl63_DELIM-NGHHWIRCHGMNKQFROEQT_MG356420_DELIM-NGHHWIRCHGMNKQFROEQT_Kilifi_DELIM-NGHHWIRCHGMNKQFROEQT_IP_DELIM-NGHHWIRCHGMNKQFROEQT_003_DELIM-NGHHWIRCHGMNKQFROEQT_20_May_2010_DELIM-NGHHWIRCHGMNKQFROEQT_2010 (identical to nl63_DELIM-NGHHWIRCHGMNKQFROEQT_MG356424_DELIM-NGHHWIRCHGMNKQFROEQT_Kilifi_DELIM-NGHHWIRCHGMNKQFROEQT_HH_DELIM-NGHHWIRCHGMNKQFROEQT_0511_DELIM-NGHHWIRCHGMNKQFROEQT_01_Jun_2010_DELIM-NGHHWIRCHGMNKQFROEQT_2010) is ignored but added at the end
NOTE: nl63_DELIM-NGHHWIRCHGMNKQFROEQT_MG356427_DELIM-NGHHWIRCHGMNKQFROEQT_Kilifi_DELIM-NGHHWIRCHGMNKQFROEQT_IP_DELIM-NGHHWIRCHGMNKQFROEQT_004_DELIM-NGHHWIRCHGMNKQFROEQT_20_Jun_2010_DELIM-NGHHWIRCHGMNKQFROEQT_2010 (identical to nl63_DELIM-NGHHWIRCHGMNKQFROEQT_MG356424_DELIM-NGHHWIRCHGMNKQFROEQT_Kilifi_DELIM-NGHHWIRCHGMNKQFROEQT_HH_DELIM-NGHHWIRCHGMNKQFROEQT_0511_DELIM-NGHHWIRCHGMNKQFROEQT_01_Jun_2010_DELIM-NGHHWIRCHGMNKQFROEQT_2010) is ignored but added at the end
NOTE: nl63_DELIM-NGHHWIRCHGMNKQFROEQT_MG356428_DELIM-NGHHWIRCHGMNKQFROEQT_Kilifi_DELIM-NGHHWIRCHGMNKQFROEQT_IP_DELIM-NGHHWIRCHGMNKQFROEQT_005_DELIM-NGHHWIRCHGMNKQFROEQT_09_Aug_2010_DELIM-NGHHWIRCHGMNKQFROEQT_2010 (identical to nl63_DELIM-NGHHWIRCHGMNKQFROEQT_MG356424_DELIM-NGHHWIRCHGMNKQFROEQT_Kilifi_DELIM-NGHHWIRCHGMNKQFROEQT_HH_DELIM-NGHHWIRCHGMNKQFROEQT_0511_DELIM-NGHHWIRCHGMNKQFROEQT_01_Jun_2010_DELIM-NGHHWIRCHGMNKQFROEQT_2010) is ignored but added at the end
NOTE: nl63_DELIM-NGHHWIRCHGMNKQFROEQT_MG428705_DELIM-NGHHWIRCHGMNKQFROEQT_Kilifi_HH_0522_21_May_2010_DELIM-NGHHWIRCHGMNKQFROEQT_2010 (identical to nl63_DELIM-NGHHWIRCHGMNKQFROEQT_MG428703_DELIM-NGHHWIRCHGMNKQFROEQT_Kilifi_HH_0511_01_Jun_2010_DELIM-NGHHWIRCHGMNKQFROEQT_2010) is ignored but added at the end
NOTE: nl63_DELIM-NGHHWIRCHGMNKQFROEQT_MG428700_DELIM-NGHHWIRCHGMNKQFROEQT_Kilifi_HH_1602_01_Jun_2010_DELIM-NGHHWIRCHGMNKQFROEQT_2010 (identical to nl63_DELIM-NGHHWIRCHGMNKQFROEQT_MG428703_DELIM-NGHHWIRCHGMNKQFROEQT_Kilifi_HH_0511_01_Jun_2010_DELIM-NGHHWIRCHGMNKQFROEQT_2010) is ignored but added at the end
NOTE: nl63_DELIM-NGHHWIRCHGMNKQFROEQT_MG428702_DELIM-NGHHWIRCHGMNKQFROEQT_Kilifi_HH_3807_11_May_2010_DELIM-NGHHWIRCHGMNKQFROEQT_2010 (identical to nl63_DELIM-NGHHWIRCHGMNKQFROEQT_MG428703_DELIM-NGHHWIRCHGMNKQFROEQT_Kilifi_HH_0511_01_Jun_2010_DELIM-NGHHWIRCHGMNKQFROEQT_2010) is ignored but added at the end
NOTE: nl63_DELIM-NGHHWIRCHGMNKQFROEQT_MG428706_DELIM-NGHHWIRCHGMNKQFROEQT_Kilifi_HH_3808_24_May_2010_DELIM-NGHHWIRCHGMNKQFROEQT_2010 (identical to nl63_DELIM-NGHHWIRCHGMNKQFROEQT_MG428703_DELIM-NGHHWIRCHGMNKQFROEQT_Kilifi_HH_0511_01_Jun_2010_DELIM-NGHHWIRCHGMNKQFROEQT_2010) is ignored but added at the end
NOTE: nl63_DELIM-NGHHWIRCHGMNKQFROEQT_MG428704_DELIM-NGHHWIRCHGMNKQFROEQT_Kilifi_HH_5402_20_May_2010_DELIM-NGHHWIRCHGMNKQFROEQT_2010 (identical to nl63_DELIM-NGHHWIRCHGMNKQFROEQT_MG428703_DELIM-NGHHWIRCHGMNKQFROEQT_Kilifi_HH_0511_01_Jun_2010_DELIM-NGHHWIRCHGMNKQFROEQT_2010) is ignored but added at the end
NOTE: nl63_DELIM-NGHHWIRCHGMNKQFROEQT_KM055640_DELIM-NGHHWIRCHGMNKQFROEQT_225A_2007_DELIM-NGHHWIRCHGMNKQFROEQT_2007 (identical to nl63_DELIM-NGHHWIRCHGMNKQFROEQT_KM055647_DELIM-NGHHWIRCHGMNKQFROEQT_188A_2007_DELIM-NGHHWIRCHGMNKQFROEQT_2007) is ignored but added at the end
NOTE: nl63_DELIM-NGHHWIRCHGMNKQFROEQT_KM055641_DELIM-NGHHWIRCHGMNKQFROEQT_236A_2007_DELIM-NGHHWIRCHGMNKQFROEQT_2007 (identical to nl63_DELIM-NGHHWIRCHGMNKQFROEQT_KM055647_DELIM-NGHHWIRCHGMNKQFROEQT_188A_2007_DELIM-NGHHWIRCHGMNKQFROEQT_2007) is ignored but added at the end
NOTE: nl63_DELIM-NGHHWIRCHGMNKQFROEQT_KM055642_DELIM-NGHHWIRCHGMNKQFROEQT_277A_2007_DELIM-NGHHWIRCHGMNKQFROEQT_2007 (identical to nl63_DELIM-NGHHWIRCHGMNKQFROEQT_KM055647_DELIM-NGHHWIRCHGMNKQFROEQT_188A_2007_DELIM-NGHHWIRCHGMNKQFROEQT_2007) is ignored but added at the end
NOTE: nl63_DELIM-NGHHWIRCHGMNKQFROEQT_KM055645_DELIM-NGHHWIRCHGMNKQFROEQT_909A_2008_DELIM-NGHHWIRCHGMNKQFROEQT_2008 (identical to nl63_DELIM-NGHHWIRCHGMNKQFROEQT_KM055647_DELIM-NGHHWIRCHGMNKQFROEQT_188A_2007_DELIM-NGHHWIRCHGMNKQFROEQT_2007) is ignored but added at the end
NOTE: nl63_DELIM-NGHHWIRCHGMNKQFROEQT_KY862042_DELIM-NGHHWIRCHGMNKQFROEQT_NL63_DELIM-NGHHWIRCHGMNKQFROEQT_FRA_EPI_DELIM-NGHHWIRCHGMNKQFROEQT_Caen_DELIM-NGHHWIRCHGMNKQFROEQT_2012_DELIM-NGHHWIRCHGMNKQFROEQT_13_DELIM-NGHHWIRCHGMNKQFROEQT_2012 (identical to nl63_DELIM-NGHHWIRCHGMNKQFROEQT_KM055647_DELIM-NGHHWIRCHGMNKQFROEQT_188A_2007_DELIM-NGHHWIRCHGMNKQFROEQT_2007) is ignored but added at the end
NOTE: nl63_DELIM-NGHHWIRCHGMNKQFROEQT_KT359888_DELIM-NGHHWIRCHGMNKQFROEQT_12MYKL0943_DELIM-NGHHWIRCHGMNKQFROEQT_2012 (identical to nl63_DELIM-NGHHWIRCHGMNKQFROEQT_KT359872_DELIM-NGHHWIRCHGMNKQFROEQT_12MYKL0280_DELIM-NGHHWIRCHGMNKQFROEQT_2012) is ignored but added at the end
NOTE: nl63_DELIM-NGHHWIRCHGMNKQFROEQT_KT359896_DELIM-NGHHWIRCHGMNKQFROEQT_12MYKL1079_DELIM-NGHHWIRCHGMNKQFROEQT_2012 (identical to nl63_DELIM-NGHHWIRCHGMNKQFROEQT_KT359872_DELIM-NGHHWIRCHGMNKQFROEQT_12MYKL0280_DELIM-NGHHWIRCHGMNKQFROEQT_2012) is ignored but added at the end
NOTE: nl63_DELIM-NGHHWIRCHGMNKQFROEQT_KT359900_DELIM-NGHHWIRCHGMNKQFROEQT_12MYKL1195_DELIM-NGHHWIRCHGMNKQFROEQT_2012 (identical to nl63_DELIM-NGHHWIRCHGMNKQFROEQT_KT359872_DELIM-NGHHWIRCHGMNKQFROEQT_12MYKL0280_DELIM-NGHHWIRCHGMNKQFROEQT_2012) is ignored but added at the end
NOTE: nl63_DELIM-NGHHWIRCHGMNKQFROEQT_KT359905_DELIM-NGHHWIRCHGMNKQFROEQT_12MYKL1253_DELIM-NGHHWIRCHGMNKQFROEQT_2012 (identical to nl63_DELIM-NGHHWIRCHGMNKQFROEQT_KT359872_DELIM-NGHHWIRCHGMNKQFROEQT_12MYKL0280_DELIM-NGHHWIRCHGMNKQFROEQT_2012) is ignored but added at the end
NOTE: nl63_DELIM-NGHHWIRCHGMNKQFROEQT_KY674916_DELIM-NGHHWIRCHGMNKQFROEQT_N07_64B_DELIM-NGHHWIRCHGMNKQFROEQT_2016 (identical to nl63_DELIM-NGHHWIRCHGMNKQFROEQT_KY554967_DELIM-NGHHWIRCHGMNKQFROEQT_N06_1144B_DELIM-NGHHWIRCHGMNKQFROEQT_2016) is ignored but added at the end
NOTE: nl63_DELIM-NGHHWIRCHGMNKQFROEQT_KY674915_DELIM-NGHHWIRCHGMNKQFROEQT_N07_6B_DELIM-NGHHWIRCHGMNKQFROEQT_2016 (identical to nl63_DELIM-NGHHWIRCHGMNKQFROEQT_KY554967_DELIM-NGHHWIRCHGMNKQFROEQT_N06_1144B_DELIM-NGHHWIRCHGMNKQFROEQT_2016) is ignored but added at the end
NOTE: nl63_DELIM-NGHHWIRCHGMNKQFROEQT_MG356446_DELIM-NGHHWIRCHGMNKQFROEQT_Kilifi_DELIM-NGHHWIRCHGMNKQFROEQT_IP_DELIM-NGHHWIRCHGMNKQFROEQT_023_DELIM-NGHHWIRCHGMNKQFROEQT_18_Jun_2013_DELIM-NGHHWIRCHGMNKQFROEQT_2013 (identical to nl63_DELIM-NGHHWIRCHGMNKQFROEQT_MG356429_DELIM-NGHHWIRCHGMNKQFROEQT_Kilifi_DELIM-NGHHWIRCHGMNKQFROEQT_IP_DELIM-NGHHWIRCHGMNKQFROEQT_006_DELIM-NGHHWIRCHGMNKQFROEQT_28_Mar_2011_DELIM-NGHHWIRCHGMNKQFROEQT_2011) is ignored but added at the end
NOTE: nl63_DELIM-NGHHWIRCHGMNKQFROEQT_MK342133_DELIM-NGHHWIRCHGMNKQFROEQT_ChinaGD14_DELIM-NGHHWIRCHGMNKQFROEQT_2018 (identical to nl63_DELIM-NGHHWIRCHGMNKQFROEQT_MK342131_DELIM-NGHHWIRCHGMNKQFROEQT_ChinaGD12_DELIM-NGHHWIRCHGMNKQFROEQT_2018) is ignored but added at the end
NOTE: nl63_DELIM-NGHHWIRCHGMNKQFROEQT_MG356449_DELIM-NGHHWIRCHGMNKQFROEQT_Kilifi_DELIM-NGHHWIRCHGMNKQFROEQT_IP_DELIM-NGHHWIRCHGMNKQFROEQT_026_DELIM-NGHHWIRCHGMNKQFROEQT_24_Jan_2014_DELIM-NGHHWIRCHGMNKQFROEQT_2014 (identical to nl63_DELIM-NGHHWIRCHGMNKQFROEQT_MG356447_DELIM-NGHHWIRCHGMNKQFROEQT_Kilifi_DELIM-NGHHWIRCHGMNKQFROEQT_IP_DELIM-NGHHWIRCHGMNKQFROEQT_024_DELIM-NGHHWIRCHGMNKQFROEQT_09_Dec_2013_DELIM-NGHHWIRCHGMNKQFROEQT_2013) is ignored but added at the end
NOTE: nl63_DELIM-NGHHWIRCHGMNKQFROEQT_MG356451_DELIM-NGHHWIRCHGMNKQFROEQT_Kilifi_DELIM-NGHHWIRCHGMNKQFROEQT_IP_DELIM-NGHHWIRCHGMNKQFROEQT_028_DELIM-NGHHWIRCHGMNKQFROEQT_21_Feb_2014_DELIM-NGHHWIRCHGMNKQFROEQT_2014 (identical to nl63_DELIM-NGHHWIRCHGMNKQFROEQT_MG356447_DELIM-NGHHWIRCHGMNKQFROEQT_Kilifi_DELIM-NGHHWIRCHGMNKQFROEQT_IP_DELIM-NGHHWIRCHGMNKQFROEQT_024_DELIM-NGHHWIRCHGMNKQFROEQT_09_Dec_2013_DELIM-NGHHWIRCHGMNKQFROEQT_2013) is ignored but added at the end
NOTE: nl63_DELIM-NGHHWIRCHGMNKQFROEQT_KT359886_DELIM-NGHHWIRCHGMNKQFROEQT_12MYKL0880_DELIM-NGHHWIRCHGMNKQFROEQT_2012 (identical to nl63_DELIM-NGHHWIRCHGMNKQFROEQT_KT359873_DELIM-NGHHWIRCHGMNKQFROEQT_12MYKL0482_DELIM-NGHHWIRCHGMNKQFROEQT_2012) is ignored but added at the end
NOTE: nl63_DELIM-NGHHWIRCHGMNKQFROEQT_KT359887_DELIM-NGHHWIRCHGMNKQFROEQT_12MYKL0903_DELIM-NGHHWIRCHGMNKQFROEQT_2012 (identical to nl63_DELIM-NGHHWIRCHGMNKQFROEQT_KT359873_DELIM-NGHHWIRCHGMNKQFROEQT_12MYKL0482_DELIM-NGHHWIRCHGMNKQFROEQT_2012) is ignored but added at the end
NOTE: nl63_DELIM-NGHHWIRCHGMNKQFROEQT_KT359889_DELIM-NGHHWIRCHGMNKQFROEQT_12MYKL0964_DELIM-NGHHWIRCHGMNKQFROEQT_2012 (identical to nl63_DELIM-NGHHWIRCHGMNKQFROEQT_KT359873_DELIM-NGHHWIRCHGMNKQFROEQT_12MYKL0482_DELIM-NGHHWIRCHGMNKQFROEQT_2012) is ignored but added at the end
NOTE: nl63_DELIM-NGHHWIRCHGMNKQFROEQT_KT359891_DELIM-NGHHWIRCHGMNKQFROEQT_12MYKL1002_DELIM-NGHHWIRCHGMNKQFROEQT_2012 (identical to nl63_DELIM-NGHHWIRCHGMNKQFROEQT_KT359873_DELIM-NGHHWIRCHGMNKQFROEQT_12MYKL0482_DELIM-NGHHWIRCHGMNKQFROEQT_2012) is ignored but added at the end
NOTE: nl63_DELIM-NGHHWIRCHGMNKQFROEQT_KT359892_DELIM-NGHHWIRCHGMNKQFROEQT_12MYKL1007_DELIM-NGHHWIRCHGMNKQFROEQT_2012 (identical to nl63_DELIM-NGHHWIRCHGMNKQFROEQT_KT359873_DELIM-NGHHWIRCHGMNKQFROEQT_12MYKL0482_DELIM-NGHHWIRCHGMNKQFROEQT_2012) is ignored but added at the end
NOTE: nl63_DELIM-NGHHWIRCHGMNKQFROEQT_KT359899_DELIM-NGHHWIRCHGMNKQFROEQT_12MYKL1193_DELIM-NGHHWIRCHGMNKQFROEQT_2012 (identical to nl63_DELIM-NGHHWIRCHGMNKQFROEQT_KT359873_DELIM-NGHHWIRCHGMNKQFROEQT_12MYKL0482_DELIM-NGHHWIRCHGMNKQFROEQT_2012) is ignored but added at the end
NOTE: nl63_DELIM-NGHHWIRCHGMNKQFROEQT_KT359901_DELIM-NGHHWIRCHGMNKQFROEQT_12MYKL1197_DELIM-NGHHWIRCHGMNKQFROEQT_2012 (identical to nl63_DELIM-NGHHWIRCHGMNKQFROEQT_KT359873_DELIM-NGHHWIRCHGMNKQFROEQT_12MYKL0482_DELIM-NGHHWIRCHGMNKQFROEQT_2012) is ignored but added at the end
NOTE: nl63_DELIM-NGHHWIRCHGMNKQFROEQT_KT359902_DELIM-NGHHWIRCHGMNKQFROEQT_12MYKL1229_DELIM-NGHHWIRCHGMNKQFROEQT_2012 (identical to nl63_DELIM-NGHHWIRCHGMNKQFROEQT_KT359873_DELIM-NGHHWIRCHGMNKQFROEQT_12MYKL0482_DELIM-NGHHWIRCHGMNKQFROEQT_2012) is ignored but added at the end
NOTE: nl63_DELIM-NGHHWIRCHGMNKQFROEQT_KT359903_DELIM-NGHHWIRCHGMNKQFROEQT_12MYKL1238_DELIM-NGHHWIRCHGMNKQFROEQT_2012 (identical to nl63_DELIM-NGHHWIRCHGMNKQFROEQT_KT359873_DELIM-NGHHWIRCHGMNKQFROEQT_12MYKL0482_DELIM-NGHHWIRCHGMNKQFROEQT_2012) is ignored but added at the end
NOTE: nl63_DELIM-NGHHWIRCHGMNKQFROEQT_KT359904_DELIM-NGHHWIRCHGMNKQFROEQT_12MYKL1288_DELIM-NGHHWIRCHGMNKQFROEQT_2012 (identical to nl63_DELIM-NGHHWIRCHGMNKQFROEQT_KT359873_DELIM-NGHHWIRCHGMNKQFROEQT_12MYKL0482_DELIM-NGHHWIRCHGMNKQFROEQT_2012) is ignored but added at the end
NOTE: nl63_DELIM-NGHHWIRCHGMNKQFROEQT_KT359909_DELIM-NGHHWIRCHGMNKQFROEQT_12MYKL1528_DELIM-NGHHWIRCHGMNKQFROEQT_2012 (identical to nl63_DELIM-NGHHWIRCHGMNKQFROEQT_KT359873_DELIM-NGHHWIRCHGMNKQFROEQT_12MYKL0482_DELIM-NGHHWIRCHGMNKQFROEQT_2012) is ignored but added at the end
NOTE: nl63_DELIM-NGHHWIRCHGMNKQFROEQT_KT359911_DELIM-NGHHWIRCHGMNKQFROEQT_13MYKL1797_DELIM-NGHHWIRCHGMNKQFROEQT_2013 (identical to nl63_DELIM-NGHHWIRCHGMNKQFROEQT_KT359873_DELIM-NGHHWIRCHGMNKQFROEQT_12MYKL0482_DELIM-NGHHWIRCHGMNKQFROEQT_2012) is ignored but added at the end
NOTE: nl63_DELIM-NGHHWIRCHGMNKQFROEQT_MG356442_DELIM-NGHHWIRCHGMNKQFROEQT_Kilifi_DELIM-NGHHWIRCHGMNKQFROEQT_IP_DELIM-NGHHWIRCHGMNKQFROEQT_019_DELIM-NGHHWIRCHGMNKQFROEQT_04_May_2013_DELIM-NGHHWIRCHGMNKQFROEQT_2013 (identical to nl63_DELIM-NGHHWIRCHGMNKQFROEQT_MG356439_DELIM-NGHHWIRCHGMNKQFROEQT_Kilifi_DELIM-NGHHWIRCHGMNKQFROEQT_IP_DELIM-NGHHWIRCHGMNKQFROEQT_016_DELIM-NGHHWIRCHGMNKQFROEQT_08_Apr_2013_DELIM-NGHHWIRCHGMNKQFROEQT_2013) is ignored but added at the end
NOTE: nl63_DELIM-NGHHWIRCHGMNKQFROEQT_MG356444_DELIM-NGHHWIRCHGMNKQFROEQT_Kilifi_DELIM-NGHHWIRCHGMNKQFROEQT_IP_DELIM-NGHHWIRCHGMNKQFROEQT_021_DELIM-NGHHWIRCHGMNKQFROEQT_26_May_2013_DELIM-NGHHWIRCHGMNKQFROEQT_2013 (identical to nl63_DELIM-NGHHWIRCHGMNKQFROEQT_MG356439_DELIM-NGHHWIRCHGMNKQFROEQT_Kilifi_DELIM-NGHHWIRCHGMNKQFROEQT_IP_DELIM-NGHHWIRCHGMNKQFROEQT_016_DELIM-NGHHWIRCHGMNKQFROEQT_08_Apr_2013_DELIM-NGHHWIRCHGMNKQFROEQT_2013) is ignored but added at the end
Alignment was printed to results/aligned_nl63_s1-delim.fasta.uniqueseq.phy

For your convenience alignment with unique sequences printed to results/aligned_nl63_s1-delim.fasta.uniqueseq.phy

Create initial parsimony tree by phylogenetic likelihood library (PLL)... 0.003 seconds

NOTE: 1 MB RAM (0 GB) is required!
Estimate model parameters (epsilon = 0.500)
1. Initial log-likelihood: -33906.309
2. Current log-likelihood: -31050.311
3. Current log-likelihood: -30948.059
4. Current log-likelihood: -30921.547
Optimal log-likelihood: -30921.413
Rate parameters:  A-C: 0.72763  A-G: 3.02105  A-T: 0.59545  C-G: 1.50413  C-T: 7.16191  G-T: 1.00000
Base frequencies:  A: 0.251  C: 0.172  G: 0.176  T: 0.401
Parameters optimization took 4 rounds (0.230 sec)
Wrote distance file to... 
Computing ML distances based on estimated model parameters...
Calculating distance matrix: done in 0.0325642 secs using 98.49% CPU
Computing ML distances took 0.032888 sec (of wall-clock time) 0.032283 sec (of CPU time)
Setting up auxiliary I and S matrices: done in 0.000553131 secs using 146.4% CPU
Constructing RapidNJ tree: done in 0.001055 secs using 174.1% CPU
Computing RapidNJ tree took 0.001662 sec (of wall-clock time) 0.002721 sec (of CPU time)
Log-likelihood of RapidNJ tree: -6201.817
--------------------------------------------------------------------
|             INITIALIZING CANDIDATE TREE SET                      |
--------------------------------------------------------------------

Do NNI search on 2 best initial trees
Optimizing NNI: done in 0.111856 secs using 154% CPU
Estimate model parameters (epsilon = 0.500)
BETTER TREE FOUND at iteration 1: -6044.467
Optimizing NNI: done in 0.744353 secs using 94.84% CPU
Finish initializing candidate tree set (4)
Current best tree score: -6044.467 / CPU time: 0.926
Number of iterations: 2
TREE SEARCH COMPLETED AFTER 2 ITERATIONS / Time: 0h:0m:1s

--------------------------------------------------------------------
|                    FINALIZING TREE SEARCH                        |
--------------------------------------------------------------------
Performs final model parameters optimization
Estimate model parameters (epsilon = 0.050)
1. Initial log-likelihood: -6044.467
Optimal log-likelihood: -6044.467
Rate parameters:  A-C: 1.19591  A-G: 4.21232  A-T: 0.76324  C-G: 1.46381  C-T: 9.21243  G-T: 1.00000
Base frequencies:  A: 0.251  C: 0.172  G: 0.176  T: 0.401
Parameters optimization took 1 rounds (0.017 sec)
BEST SCORE FOUND : -6044.467
Total tree length: 0.214

Total number of iterations: 2
CPU time used for tree search: 0.988 sec (0h:0m:0s)
Wall-clock time used for tree search: 0.927 sec (0h:0m:0s)
Total CPU time used: 1.319 sec (0h:0m:1s)
Total wall-clock time used: 1.270 sec (0h:0m:1s)

Analysis results written to: 
  IQ-TREE report:                results/aligned_nl63_s1-delim.fasta.iqtree
  Maximum-likelihood tree:       results/aligned_nl63_s1-delim.fasta.treefile
  Likelihood distances:          results/aligned_nl63_s1-delim.fasta.mldist
  Screen log file:               results/aligned_nl63_s1-delim.fasta.log

Date and Time: Thu May 12 17:38:02 2022
