Building DAG of jobs...
Using shell: /bin/bash
Provided cores: 4
Rules claiming more threads will be scaled down.
Job counts:
	count	jobs
	8	align
	1	all
	8	ancestral
	8	export
	8	filter
	8	parse
	8	refine
	8	translate
	8	tree
	65

[Wed Apr 15 15:15:29 2020]
Job 34: Parsing fasta into sequences and metadata


[Wed Apr 15 15:15:29 2020]
Job 18: Parsing fasta into sequences and metadata


[Wed Apr 15 15:15:29 2020]
Job 10: Parsing fasta into sequences and metadata


[Wed Apr 15 15:15:29 2020]
Job 14: Parsing fasta into sequences and metadata

[Wed Apr 15 15:15:32 2020]
Finished job 18.
1 of 65 steps (2%) done

[Wed Apr 15 15:15:32 2020]
Job 67: 
        Filtering to
          - 5000 sequence(s) per country
          - minimum genome length of 200
        

[Wed Apr 15 15:15:32 2020]
Finished job 34.
2 of 65 steps (3%) done

[Wed Apr 15 15:15:32 2020]
Job 71: 
        Filtering to
          - 5000 sequence(s) per country
          - minimum genome length of 200
        

[Wed Apr 15 15:15:33 2020]
Finished job 10.
3 of 65 steps (5%) done

[Wed Apr 15 15:15:33 2020]
Job 65: 
        Filtering to
          - 5000 sequence(s) per country
          - minimum genome length of 200
        

[Wed Apr 15 15:15:33 2020]
Finished job 14.
4 of 65 steps (6%) done

[Wed Apr 15 15:15:33 2020]
Job 66: 
        Filtering to
          - 5000 sequence(s) per country
          - minimum genome length of 200
        

[Wed Apr 15 15:15:36 2020]
Finished job 67.
5 of 65 steps (8%) done
[Wed Apr 15 15:15:36 2020]
Finished job 71.
6 of 65 steps (9%) done

[Wed Apr 15 15:15:36 2020]
Job 60: 
        Aligning sequences to config/hku1_nucleocapsid_reference.gb
          - filling gaps with N
        


[Wed Apr 15 15:15:36 2020]
Job 48: 
        Aligning sequences to config/hku1_spike_reference.gb
          - filling gaps with N
        

[Wed Apr 15 15:15:36 2020]
Finished job 66.
7 of 65 steps (11%) done

[Wed Apr 15 15:15:36 2020]
Job 45: 
        Aligning sequences to config/hku1_he_reference.gb
          - filling gaps with N
        

[Wed Apr 15 15:15:36 2020]
Finished job 65.
8 of 65 steps (12%) done

[Wed Apr 15 15:15:36 2020]
Job 42: 
        Aligning sequences to config/hku1_replicase1ab_reference.gb
          - filling gaps with N
        

[Wed Apr 15 15:15:41 2020]
Finished job 45.
9 of 65 steps (14%) done

[Wed Apr 15 15:15:41 2020]
Job 44: Building tree

[Wed Apr 15 15:15:41 2020]
Finished job 60.
10 of 65 steps (15%) done

[Wed Apr 15 15:15:41 2020]
Job 59: Building tree

[Wed Apr 15 15:15:43 2020]
Finished job 48.
11 of 65 steps (17%) done

[Wed Apr 15 15:15:43 2020]
Job 47: Building tree

[Wed Apr 15 15:15:44 2020]
Finished job 44.
12 of 65 steps (18%) done

[Wed Apr 15 15:15:44 2020]
Job 13: 
        Refining tree
        

[Wed Apr 15 15:15:45 2020]
Finished job 59.
13 of 65 steps (20%) done

[Wed Apr 15 15:15:45 2020]
Job 33: 
        Refining tree
        

[Wed Apr 15 15:15:47 2020]
Finished job 47.
14 of 65 steps (22%) done

[Wed Apr 15 15:15:47 2020]
Job 17: 
        Refining tree
        

[Wed Apr 15 15:16:05 2020]
Finished job 42.
15 of 65 steps (23%) done

[Wed Apr 15 15:16:05 2020]
Job 41: Building tree

[Wed Apr 15 15:16:10 2020]
Finished job 41.
16 of 65 steps (25%) done

[Wed Apr 15 15:16:10 2020]
Job 9: 
        Refining tree
        

[Wed Apr 15 15:16:43 2020]
Finished job 17.
17 of 65 steps (26%) done

[Wed Apr 15 15:16:43 2020]
Job 19: Reconstructing ancestral sequences and mutations

[Wed Apr 15 15:16:48 2020]
Finished job 19.
18 of 65 steps (28%) done

[Wed Apr 15 15:16:48 2020]
Job 20: Translating amino acid sequences

[Wed Apr 15 15:16:51 2020]
Finished job 20.
19 of 65 steps (29%) done

[Wed Apr 15 15:16:51 2020]
Job 3: Exporting data files for for auspice

[Wed Apr 15 15:16:54 2020]
Finished job 13.
20 of 65 steps (31%) done

[Wed Apr 15 15:16:54 2020]
Job 15: Reconstructing ancestral sequences and mutations

[Wed Apr 15 15:16:55 2020]
Finished job 3.
21 of 65 steps (32%) done

[Wed Apr 15 15:16:55 2020]
Job 38: Parsing fasta into sequences and metadata

[Wed Apr 15 15:16:58 2020]
Finished job 38.
22 of 65 steps (34%) done

[Wed Apr 15 15:16:58 2020]
Job 72: 
        Filtering to
          - 5000 sequence(s) per country
          - minimum genome length of 200
        

[Wed Apr 15 15:16:58 2020]
Finished job 15.
23 of 65 steps (35%) done

[Wed Apr 15 15:16:58 2020]
Job 16: Translating amino acid sequences

[Wed Apr 15 15:17:02 2020]
Finished job 16.
24 of 65 steps (37%) done

[Wed Apr 15 15:17:02 2020]
Job 2: Exporting data files for for auspice

[Wed Apr 15 15:17:02 2020]
Finished job 72.
25 of 65 steps (38%) done

[Wed Apr 15 15:17:02 2020]
Job 63: 
        Aligning sequences to config/hku1_nucleocapsid2_reference.gb
          - filling gaps with N
        

[Wed Apr 15 15:17:05 2020]
Finished job 2.
26 of 65 steps (40%) done

[Wed Apr 15 15:17:05 2020]
Job 30: Parsing fasta into sequences and metadata

[Wed Apr 15 15:17:06 2020]
Finished job 63.
27 of 65 steps (42%) done

[Wed Apr 15 15:17:06 2020]
Job 62: Building tree

[Wed Apr 15 15:17:09 2020]
Finished job 30.
28 of 65 steps (43%) done

[Wed Apr 15 15:17:09 2020]
Job 70: 
        Filtering to
          - 5000 sequence(s) per country
          - minimum genome length of 200
        

[Wed Apr 15 15:17:10 2020]
Finished job 62.
29 of 65 steps (45%) done

[Wed Apr 15 15:17:10 2020]
Job 37: 
        Refining tree
        

[Wed Apr 15 15:17:12 2020]
Finished job 70.
30 of 65 steps (46%) done

[Wed Apr 15 15:17:12 2020]
Job 57: 
        Aligning sequences to config/hku1_membrane_reference.gb
          - filling gaps with N
        

[Wed Apr 15 15:17:16 2020]
Finished job 57.
31 of 65 steps (48%) done

[Wed Apr 15 15:17:16 2020]
Job 56: Building tree

[Wed Apr 15 15:17:19 2020]
Finished job 56.
32 of 65 steps (49%) done

[Wed Apr 15 15:17:19 2020]
Job 29: 
        Refining tree
        

[Wed Apr 15 15:17:52 2020]
Finished job 9.
33 of 65 steps (51%) done

[Wed Apr 15 15:17:52 2020]
Job 11: Reconstructing ancestral sequences and mutations

[Wed Apr 15 15:17:58 2020]
Finished job 11.
34 of 65 steps (52%) done

[Wed Apr 15 15:17:58 2020]
Job 12: Translating amino acid sequences

[Wed Apr 15 15:18:01 2020]
Finished job 12.
35 of 65 steps (54%) done

[Wed Apr 15 15:18:01 2020]
Job 1: Exporting data files for for auspice

[Wed Apr 15 15:18:05 2020]
Finished job 1.
36 of 65 steps (55%) done

[Wed Apr 15 15:18:05 2020]
Job 22: Parsing fasta into sequences and metadata

[Wed Apr 15 15:18:09 2020]
Finished job 22.
37 of 65 steps (57%) done

[Wed Apr 15 15:18:09 2020]
Job 68: 
        Filtering to
          - 5000 sequence(s) per country
          - minimum genome length of 200
        

[Wed Apr 15 15:18:12 2020]
Finished job 68.
38 of 65 steps (58%) done

[Wed Apr 15 15:18:12 2020]
Job 51: 
        Aligning sequences to config/hku1_nonstructural4_reference.gb
          - filling gaps with N
        

[Wed Apr 15 15:18:16 2020]
Finished job 51.
39 of 65 steps (60%) done

[Wed Apr 15 15:18:16 2020]
Job 50: Building tree

[Wed Apr 15 15:18:17 2020]
Finished job 33.
40 of 65 steps (62%) done

[Wed Apr 15 15:18:17 2020]
Job 35: Reconstructing ancestral sequences and mutations

[Wed Apr 15 15:18:19 2020]
Finished job 50.
41 of 65 steps (63%) done

[Wed Apr 15 15:18:19 2020]
Job 21: 
        Refining tree
        

[Wed Apr 15 15:18:20 2020]
Finished job 29.
42 of 65 steps (65%) done

[Wed Apr 15 15:18:20 2020]
Job 31: Reconstructing ancestral sequences and mutations

[Wed Apr 15 15:18:21 2020]
Finished job 35.
43 of 65 steps (66%) done

[Wed Apr 15 15:18:21 2020]
Job 36: Translating amino acid sequences

[Wed Apr 15 15:18:23 2020]
Finished job 31.
44 of 65 steps (68%) done

[Wed Apr 15 15:18:23 2020]
Job 32: Translating amino acid sequences

[Wed Apr 15 15:18:24 2020]
Finished job 36.
45 of 65 steps (69%) done

[Wed Apr 15 15:18:24 2020]
Job 7: Exporting data files for for auspice

[Wed Apr 15 15:18:26 2020]
Finished job 32.
46 of 65 steps (71%) done

[Wed Apr 15 15:18:26 2020]
Job 6: Exporting data files for for auspice

[Wed Apr 15 15:18:27 2020]
Finished job 7.
47 of 65 steps (72%) done

[Wed Apr 15 15:18:27 2020]
Job 26: Parsing fasta into sequences and metadata

[Wed Apr 15 15:18:29 2020]
Finished job 6.
48 of 65 steps (74%) done
[Wed Apr 15 15:18:29 2020]
Finished job 26.
49 of 65 steps (75%) done

[Wed Apr 15 15:18:29 2020]
Job 69: 
        Filtering to
          - 5000 sequence(s) per country
          - minimum genome length of 200
        

[Wed Apr 15 15:18:32 2020]
Finished job 69.
50 of 65 steps (77%) done

[Wed Apr 15 15:18:32 2020]
Job 54: 
        Aligning sequences to config/hku1_envelope_reference.gb
          - filling gaps with N
        

[Wed Apr 15 15:18:34 2020]
Finished job 54.
51 of 65 steps (78%) done

[Wed Apr 15 15:18:34 2020]
Job 53: Building tree

[Wed Apr 15 15:18:36 2020]
Finished job 53.
52 of 65 steps (80%) done

[Wed Apr 15 15:18:36 2020]
Job 25: 
        Refining tree
        

[Wed Apr 15 15:18:57 2020]
Finished job 21.
53 of 65 steps (82%) done

[Wed Apr 15 15:18:57 2020]
Job 23: Reconstructing ancestral sequences and mutations

[Wed Apr 15 15:18:59 2020]
Finished job 23.
54 of 65 steps (83%) done

[Wed Apr 15 15:18:59 2020]
Job 24: Translating amino acid sequences

[Wed Apr 15 15:19:01 2020]
Finished job 24.
55 of 65 steps (85%) done

[Wed Apr 15 15:19:01 2020]
Job 4: Exporting data files for for auspice

[Wed Apr 15 15:19:03 2020]
Finished job 4.
56 of 65 steps (86%) done
[Wed Apr 15 15:19:11 2020]
Finished job 25.
57 of 65 steps (88%) done

[Wed Apr 15 15:19:11 2020]
Job 27: Reconstructing ancestral sequences and mutations

[Wed Apr 15 15:19:11 2020]
Finished job 37.
58 of 65 steps (89%) done

[Wed Apr 15 15:19:11 2020]
Job 39: Reconstructing ancestral sequences and mutations

[Wed Apr 15 15:19:13 2020]
Finished job 27.
59 of 65 steps (91%) done

[Wed Apr 15 15:19:13 2020]
Job 28: Translating amino acid sequences

[Wed Apr 15 15:19:13 2020]
Finished job 39.
60 of 65 steps (92%) done

[Wed Apr 15 15:19:13 2020]
Job 40: Translating amino acid sequences

[Wed Apr 15 15:19:14 2020]
Finished job 28.
61 of 65 steps (94%) done

[Wed Apr 15 15:19:14 2020]
Job 5: Exporting data files for for auspice

[Wed Apr 15 15:19:15 2020]
Finished job 40.
62 of 65 steps (95%) done

[Wed Apr 15 15:19:15 2020]
Job 8: Exporting data files for for auspice

[Wed Apr 15 15:19:16 2020]
Finished job 5.
63 of 65 steps (97%) done
[Wed Apr 15 15:19:17 2020]
Finished job 8.
64 of 65 steps (98%) done

[Wed Apr 15 15:19:17 2020]
localrule all:
    input: auspice/seasonal_corona_hku1_replicase1ab.json, auspice/seasonal_corona_hku1_he.json, auspice/seasonal_corona_hku1_spike.json, auspice/seasonal_corona_hku1_nonstructural4.json, auspice/seasonal_corona_hku1_envelope.json, auspice/seasonal_corona_hku1_membrane.json, auspice/seasonal_corona_hku1_nucleocapsid.json, auspice/seasonal_corona_hku1_nucleocapsid2.json
    jobid: 0

[Wed Apr 15 15:19:17 2020]
Finished job 0.
65 of 65 steps (100%) done
Complete log: /Users/katekistler/nextstrain/seasonal-cov/hku1/.snakemake/log/2020-04-15T151529.658256.snakemake.log
