Building DAG of jobs...
Using shell: /bin/bash
Provided cores: 4
Rules claiming more threads will be scaled down.
Job counts:
	count	jobs
	1	all
	1	export
	2

[Fri Aug 21 19:52:15 2020]
Job 1: Exporting data files for for auspice

[Fri Aug 21 19:52:18 2020]
Finished job 1.
1 of 2 steps (50%) done

[Fri Aug 21 19:52:18 2020]
localrule all:
    input: auspice/seasonal_corona_hku1_spike.json
    jobid: 0

[Fri Aug 21 19:52:18 2020]
Finished job 0.
2 of 2 steps (100%) done
Complete log: /Users/katekistler/nextstrain/seasonal-cov/hku1/.snakemake/log/2020-08-21T195215.797948.snakemake.log
