Building DAG of jobs...
Using shell: /bin/bash
Provided cores: 4
Rules claiming more threads will be scaled down.
Job counts:
	count	jobs
	1	all
	2	clades
	2	export
	5

[Fri Sep 11 09:48:46 2020]
Job 14: Annotating clades

[Fri Sep 11 09:48:46 2020]
Job 9: Annotating clades

[Fri Sep 11 09:48:50 2020]
Finished job 9.
1 of 5 steps (20%) done
[Fri Sep 11 09:48:50 2020]
Finished job 14.
2 of 5 steps (40%) done

[Fri Sep 11 09:48:50 2020]
Job 1: Exporting data files for for auspice


[Fri Sep 11 09:48:50 2020]
Job 2: Exporting data files for for auspice

[Fri Sep 11 09:48:52 2020]
Finished job 1.
3 of 5 steps (60%) done
[Fri Sep 11 09:48:53 2020]
Finished job 2.
4 of 5 steps (80%) done

[Fri Sep 11 09:48:53 2020]
localrule all:
    input: auspice/seasonal_corona_hku1_rdrp.json, auspice/seasonal_corona_hku1_spike.json, auspice/seasonal_corona_hku1_s1.json, auspice/seasonal_corona_hku1_s2.json
    jobid: 0

[Fri Sep 11 09:48:53 2020]
Finished job 0.
5 of 5 steps (100%) done
Complete log: /Users/katekistler/nextstrain/seasonal-cov/hku1/.snakemake/log/2020-09-11T094846.728521.snakemake.log
