Building DAG of jobs...
Using shell: /bin/bash
Provided cores: 4
Rules claiming more threads will be scaled down.
Job counts:
	count	jobs
	1	all
	1	clades
	1	export
	3

[Wed May 27 13:02:22 2020]
Job 6: Annotating clades

[Wed May 27 13:02:24 2020]
Finished job 6.
1 of 3 steps (33%) done

[Wed May 27 13:02:24 2020]
Job 1: Exporting data files for for auspice

[Wed May 27 13:02:26 2020]
Finished job 1.
2 of 3 steps (67%) done

[Wed May 27 13:02:26 2020]
localrule all:
    input: auspice/seasonal_corona_hku1_full.json
    jobid: 0

[Wed May 27 13:02:26 2020]
Finished job 0.
3 of 3 steps (100%) done
Complete log: /Users/katekistler/nextstrain/seasonal-cov/hku1/.snakemake/log/2020-05-27T130222.390870.snakemake.log
