Building DAG of jobs...
Using shell: /bin/bash
Provided cores: 4
Rules claiming more threads will be scaled down.
Job counts:
	count	jobs
	1	all
	1	clades
	1	export
	1	translate
	4

[Fri Sep 11 11:11:55 2020]
Job 5: Translating amino acid sequences

[Fri Sep 11 11:11:58 2020]
Finished job 5.
1 of 4 steps (25%) done

[Fri Sep 11 11:11:58 2020]
Job 6: Annotating clades

[Fri Sep 11 11:12:01 2020]
Finished job 6.
2 of 4 steps (50%) done

[Fri Sep 11 11:12:01 2020]
Job 1: Exporting data files for for auspice

[Fri Sep 11 11:12:03 2020]
Finished job 1.
3 of 4 steps (75%) done

[Fri Sep 11 11:12:03 2020]
localrule all:
    input: auspice/seasonal_corona_hku1_full.json
    jobid: 0

[Fri Sep 11 11:12:03 2020]
Finished job 0.
4 of 4 steps (100%) done
Complete log: /Users/katekistler/nextstrain/seasonal-cov/hku1/.snakemake/log/2020-09-11T111154.963722.snakemake.log
