Building DAG of jobs...
Using shell: /bin/bash
Provided cores: 4
Rules claiming more threads will be scaled down.
Job counts:
	count	jobs
	8	align
	1	all
	8	ancestral
	8	export
	8	filter
	8	parse
	8	refine
	8	translate
	8	tree
	65

[Sat Apr 18 15:12:38 2020]
Job 10: Parsing fasta into sequences and metadata


[Sat Apr 18 15:12:38 2020]
Job 34: Parsing fasta into sequences and metadata


[Sat Apr 18 15:12:38 2020]
Job 18: Parsing fasta into sequences and metadata


[Sat Apr 18 15:12:38 2020]
Job 14: Parsing fasta into sequences and metadata

[Sat Apr 18 15:12:47 2020]
Finished job 34.
1 of 65 steps (2%) done

[Sat Apr 18 15:12:47 2020]
Job 71: 
        Filtering to
          - 5000 sequence(s) per country
          - minimum genome length of 200
        

[Sat Apr 18 15:12:47 2020]
Finished job 18.
2 of 65 steps (3%) done

[Sat Apr 18 15:12:47 2020]
Job 67: 
        Filtering to
          - 5000 sequence(s) per country
          - minimum genome length of 200
        

[Sat Apr 18 15:12:47 2020]
Finished job 14.
3 of 65 steps (5%) done

[Sat Apr 18 15:12:47 2020]
Job 66: 
        Filtering to
          - 5000 sequence(s) per country
          - minimum genome length of 200
        

[Sat Apr 18 15:12:47 2020]
Finished job 10.
4 of 65 steps (6%) done

[Sat Apr 18 15:12:47 2020]
Job 65: 
        Filtering to
          - 5000 sequence(s) per country
          - minimum genome length of 200
        

[Sat Apr 18 15:12:55 2020]
Finished job 71.
5 of 65 steps (8%) done

[Sat Apr 18 15:12:55 2020]
Job 60: 
        Aligning sequences to config/hku1_nucleocapsid_reference.gb
          - filling gaps with N
        

[Sat Apr 18 15:12:55 2020]
Finished job 66.
6 of 65 steps (9%) done

[Sat Apr 18 15:12:55 2020]
Job 45: 
        Aligning sequences to config/hku1_he_reference.gb
          - filling gaps with N
        

[Sat Apr 18 15:12:55 2020]
Finished job 67.
7 of 65 steps (11%) done

[Sat Apr 18 15:12:55 2020]
Job 48: 
        Aligning sequences to config/hku1_spike_reference.gb
          - filling gaps with N
        

[Sat Apr 18 15:12:56 2020]
Finished job 65.
8 of 65 steps (12%) done

[Sat Apr 18 15:12:56 2020]
Job 42: 
        Aligning sequences to config/hku1_replicase1ab_reference.gb
          - filling gaps with N
        

[Sat Apr 18 15:13:07 2020]
Finished job 45.
9 of 65 steps (14%) done

[Sat Apr 18 15:13:07 2020]
Job 44: Building tree

[Sat Apr 18 15:13:08 2020]
Finished job 60.
10 of 65 steps (15%) done

[Sat Apr 18 15:13:08 2020]
Job 59: Building tree

[Sat Apr 18 15:13:13 2020]
Finished job 48.
11 of 65 steps (17%) done

[Sat Apr 18 15:13:13 2020]
Job 47: Building tree

[Sat Apr 18 15:13:16 2020]
Finished job 44.
12 of 65 steps (18%) done

[Sat Apr 18 15:13:16 2020]
Job 13: 
        Refining tree
        

[Sat Apr 18 15:13:17 2020]
Finished job 59.
13 of 65 steps (20%) done

[Sat Apr 18 15:13:17 2020]
Job 33: 
        Refining tree
        

[Sat Apr 18 15:13:23 2020]
Finished job 47.
14 of 65 steps (22%) done

[Sat Apr 18 15:13:23 2020]
Job 17: 
        Refining tree
        

[Sat Apr 18 15:13:56 2020]
Finished job 42.
15 of 65 steps (23%) done

[Sat Apr 18 15:13:56 2020]
Job 41: Building tree

[Sat Apr 18 15:14:04 2020]
Finished job 41.
16 of 65 steps (25%) done

[Sat Apr 18 15:14:04 2020]
Job 9: 
        Refining tree
        

[Sat Apr 18 15:15:35 2020]
Finished job 17.
17 of 65 steps (26%) done

[Sat Apr 18 15:15:35 2020]
Job 19: Reconstructing ancestral sequences and mutations

[Sat Apr 18 15:15:46 2020]
Finished job 19.
18 of 65 steps (28%) done

[Sat Apr 18 15:15:46 2020]
Job 20: Translating amino acid sequences

[Sat Apr 18 15:15:56 2020]
Finished job 20.
19 of 65 steps (29%) done

[Sat Apr 18 15:15:56 2020]
Job 3: Exporting data files for for auspice

[Sat Apr 18 15:16:05 2020]
Finished job 3.
20 of 65 steps (31%) done

[Sat Apr 18 15:16:05 2020]
Job 38: Parsing fasta into sequences and metadata

[Sat Apr 18 15:16:09 2020]
Finished job 13.
21 of 65 steps (32%) done

[Sat Apr 18 15:16:09 2020]
Job 15: Reconstructing ancestral sequences and mutations

[Sat Apr 18 15:16:15 2020]
Finished job 38.
22 of 65 steps (34%) done

[Sat Apr 18 15:16:15 2020]
Job 72: 
        Filtering to
          - 5000 sequence(s) per country
          - minimum genome length of 200
        

[Sat Apr 18 15:16:21 2020]
Finished job 15.
23 of 65 steps (35%) done

[Sat Apr 18 15:16:21 2020]
Job 16: Translating amino acid sequences

[Sat Apr 18 15:16:26 2020]
Finished job 72.
24 of 65 steps (37%) done

[Sat Apr 18 15:16:26 2020]
Job 63: 
        Aligning sequences to config/hku1_nucleocapsid2_reference.gb
          - filling gaps with N
        

[Sat Apr 18 15:16:31 2020]
Finished job 16.
25 of 65 steps (38%) done

[Sat Apr 18 15:16:31 2020]
Job 2: Exporting data files for for auspice

[Sat Apr 18 15:16:40 2020]
Finished job 63.
26 of 65 steps (40%) done

[Sat Apr 18 15:16:40 2020]
Job 62: Building tree

[Sat Apr 18 15:16:43 2020]
Finished job 2.
27 of 65 steps (42%) done

[Sat Apr 18 15:16:43 2020]
Job 30: Parsing fasta into sequences and metadata

[Sat Apr 18 15:16:51 2020]
Finished job 62.
28 of 65 steps (43%) done

[Sat Apr 18 15:16:51 2020]
Job 37: 
        Refining tree
        

[Sat Apr 18 15:16:54 2020]
Finished job 30.
29 of 65 steps (45%) done

[Sat Apr 18 15:16:54 2020]
Job 70: 
        Filtering to
          - 5000 sequence(s) per country
          - minimum genome length of 200
        

[Sat Apr 18 15:17:03 2020]
Finished job 70.
30 of 65 steps (46%) done

[Sat Apr 18 15:17:03 2020]
Job 57: 
        Aligning sequences to config/hku1_membrane_reference.gb
          - filling gaps with N
        

[Sat Apr 18 15:17:14 2020]
Finished job 57.
31 of 65 steps (48%) done

[Sat Apr 18 15:17:14 2020]
Job 56: Building tree

[Sat Apr 18 15:17:24 2020]
Finished job 56.
32 of 65 steps (49%) done

[Sat Apr 18 15:17:24 2020]
Job 29: 
        Refining tree
        

[Sat Apr 18 15:19:34 2020]
Finished job 9.
33 of 65 steps (51%) done

[Sat Apr 18 15:19:34 2020]
Job 11: Reconstructing ancestral sequences and mutations

[Sat Apr 18 15:19:55 2020]
Finished job 11.
34 of 65 steps (52%) done

[Sat Apr 18 15:19:55 2020]
Job 12: Translating amino acid sequences

[Sat Apr 18 15:20:06 2020]
Finished job 12.
35 of 65 steps (54%) done

[Sat Apr 18 15:20:06 2020]
Job 1: Exporting data files for for auspice

[Sat Apr 18 15:20:18 2020]
Finished job 1.
36 of 65 steps (55%) done

[Sat Apr 18 15:20:18 2020]
Job 22: Parsing fasta into sequences and metadata

[Sat Apr 18 15:20:28 2020]
Finished job 22.
37 of 65 steps (57%) done

[Sat Apr 18 15:20:28 2020]
Job 68: 
        Filtering to
          - 5000 sequence(s) per country
          - minimum genome length of 200
        

[Sat Apr 18 15:20:39 2020]
Finished job 68.
38 of 65 steps (58%) done

[Sat Apr 18 15:20:39 2020]
Job 51: 
        Aligning sequences to config/hku1_nonstructural4_reference.gb
          - filling gaps with N
        

[Sat Apr 18 15:20:51 2020]
Finished job 29.
39 of 65 steps (60%) done

[Sat Apr 18 15:20:51 2020]
Job 31: Reconstructing ancestral sequences and mutations

[Sat Apr 18 15:20:51 2020]
Finished job 51.
40 of 65 steps (62%) done

[Sat Apr 18 15:20:51 2020]
Job 50: Building tree

[Sat Apr 18 15:21:02 2020]
Finished job 31.
41 of 65 steps (63%) done

[Sat Apr 18 15:21:02 2020]
Job 32: Translating amino acid sequences

[Sat Apr 18 15:21:03 2020]
Finished job 50.
42 of 65 steps (65%) done

[Sat Apr 18 15:21:03 2020]
Job 21: 
        Refining tree
        

[Sat Apr 18 15:21:12 2020]
Finished job 32.
43 of 65 steps (66%) done

[Sat Apr 18 15:21:12 2020]
Job 6: Exporting data files for for auspice

[Sat Apr 18 15:21:23 2020]
Finished job 6.
44 of 65 steps (68%) done

[Sat Apr 18 15:21:23 2020]
Job 26: Parsing fasta into sequences and metadata

[Sat Apr 18 15:21:34 2020]
Finished job 26.
45 of 65 steps (69%) done

[Sat Apr 18 15:21:34 2020]
Job 69: 
        Filtering to
          - 5000 sequence(s) per country
          - minimum genome length of 200
        

[Sat Apr 18 15:21:44 2020]
Finished job 69.
46 of 65 steps (71%) done

[Sat Apr 18 15:21:44 2020]
Job 54: 
        Aligning sequences to config/hku1_envelope_reference.gb
          - filling gaps with N
        

[Sat Apr 18 15:21:55 2020]
Finished job 33.
47 of 65 steps (72%) done

[Sat Apr 18 15:21:55 2020]
Job 35: Reconstructing ancestral sequences and mutations

[Sat Apr 18 15:21:55 2020]
Finished job 54.
48 of 65 steps (74%) done

[Sat Apr 18 15:21:55 2020]
Job 53: Building tree

[Sat Apr 18 15:22:06 2020]
Finished job 53.
49 of 65 steps (75%) done

[Sat Apr 18 15:22:06 2020]
Job 25: 
        Refining tree
        

[Sat Apr 18 15:22:07 2020]
Finished job 35.
50 of 65 steps (77%) done

[Sat Apr 18 15:22:07 2020]
Job 36: Translating amino acid sequences

[Sat Apr 18 15:22:17 2020]
Finished job 36.
51 of 65 steps (78%) done

[Sat Apr 18 15:22:17 2020]
Job 7: Exporting data files for for auspice

[Sat Apr 18 15:22:28 2020]
Finished job 7.
52 of 65 steps (80%) done
[Sat Apr 18 15:23:54 2020]
Finished job 21.
53 of 65 steps (82%) done

[Sat Apr 18 15:23:54 2020]
Job 23: Reconstructing ancestral sequences and mutations

[Sat Apr 18 15:24:04 2020]
Finished job 23.
54 of 65 steps (83%) done

[Sat Apr 18 15:24:04 2020]
Job 24: Translating amino acid sequences

[Sat Apr 18 15:24:14 2020]
Finished job 24.
55 of 65 steps (85%) done

[Sat Apr 18 15:24:14 2020]
Job 4: Exporting data files for for auspice

[Sat Apr 18 15:24:24 2020]
Finished job 4.
56 of 65 steps (86%) done
[Sat Apr 18 15:24:57 2020]
Finished job 37.
57 of 65 steps (88%) done

[Sat Apr 18 15:24:57 2020]
Job 39: Reconstructing ancestral sequences and mutations

[Sat Apr 18 15:25:06 2020]
Finished job 39.
58 of 65 steps (89%) done

[Sat Apr 18 15:25:06 2020]
Job 40: Translating amino acid sequences

[Sat Apr 18 15:25:13 2020]
Finished job 25.
59 of 65 steps (91%) done

[Sat Apr 18 15:25:13 2020]
Job 27: Reconstructing ancestral sequences and mutations

[Sat Apr 18 15:25:16 2020]
Finished job 40.
60 of 65 steps (92%) done

[Sat Apr 18 15:25:16 2020]
Job 8: Exporting data files for for auspice

[Sat Apr 18 15:25:23 2020]
Finished job 27.
61 of 65 steps (94%) done

[Sat Apr 18 15:25:23 2020]
Job 28: Translating amino acid sequences

[Sat Apr 18 15:25:25 2020]
Finished job 8.
62 of 65 steps (95%) done
[Sat Apr 18 15:25:32 2020]
Finished job 28.
63 of 65 steps (97%) done

[Sat Apr 18 15:25:32 2020]
Job 5: Exporting data files for for auspice

[Sat Apr 18 15:25:52 2020]
Finished job 5.
64 of 65 steps (98%) done

[Sat Apr 18 15:25:52 2020]
localrule all:
    input: auspice/seasonal_corona_hku1_replicase1ab.json, auspice/seasonal_corona_hku1_he.json, auspice/seasonal_corona_hku1_spike.json, auspice/seasonal_corona_hku1_nonstructural4.json, auspice/seasonal_corona_hku1_envelope.json, auspice/seasonal_corona_hku1_membrane.json, auspice/seasonal_corona_hku1_nucleocapsid.json, auspice/seasonal_corona_hku1_nucleocapsid2.json
    jobid: 0

[Sat Apr 18 15:25:52 2020]
Finished job 0.
65 of 65 steps (100%) done
Complete log: /Users/katekistler/nextstrain/seasonal-cov/hku1/.snakemake/log/2020-04-18T151237.890532.snakemake.log
