Building DAG of jobs...
Using shell: /bin/bash
Provided cores: 4
Rules claiming more threads will be scaled down.
Job counts:
	count	jobs
	1	align
	1	all
	1	ancestral
	1	export
	1	filter
	1	parse
	1	refine
	1	translate
	1	tree
	9

[Wed May 27 11:37:43 2020]
Job 3: Parsing fasta into sequences and metadata

[Wed May 27 11:37:45 2020]
Finished job 3.
1 of 9 steps (11%) done

[Wed May 27 11:37:45 2020]
Job 9: 
        Filtering to
          - 5000 sequence(s) per country
          - minimum genome length of 1000
        

[Wed May 27 11:37:48 2020]
Finished job 9.
2 of 9 steps (22%) done

[Wed May 27 11:37:48 2020]
Job 7: 
        Aligning sequences to config/hku1_full_reference.gb
          - filling gaps with N
        

[Wed May 27 12:01:52 2020]
Finished job 7.
3 of 9 steps (33%) done

[Wed May 27 12:01:52 2020]
Job 6: Building tree

[Wed May 27 12:01:59 2020]
Finished job 6.
4 of 9 steps (44%) done

[Wed May 27 12:01:59 2020]
Job 2: 
        Refining tree
        

[Wed May 27 12:05:33 2020]
Finished job 2.
5 of 9 steps (56%) done

[Wed May 27 12:05:33 2020]
Job 4: Reconstructing ancestral sequences and mutations

[Wed May 27 12:05:48 2020]
Finished job 4.
6 of 9 steps (67%) done

[Wed May 27 12:05:48 2020]
Job 5: Translating amino acid sequences

[Wed May 27 12:05:51 2020]
Finished job 5.
7 of 9 steps (78%) done

[Wed May 27 12:05:51 2020]
Job 1: Exporting data files for for auspice

[Wed May 27 12:05:54 2020]
Finished job 1.
8 of 9 steps (89%) done

[Wed May 27 12:05:54 2020]
localrule all:
    input: auspice/seasonal_corona_hku1_full.json
    jobid: 0

[Wed May 27 12:05:54 2020]
Finished job 0.
9 of 9 steps (100%) done
Complete log: /Users/katekistler/nextstrain/seasonal-cov/hku1/.snakemake/log/2020-05-27T113743.187125.snakemake.log
