Building DAG of jobs...
Using shell: /bin/bash
Provided cores: 4
Rules claiming more threads will be scaled down.
Job counts:
	count	jobs
	1	align
	1	all
	1	ancestral
	1	export
	1	refine
	1	translate
	1	tree
	7

[Tue Aug 25 15:04:23 2020]
Job 7: 
        Aligning sequences to config/hku1_spike_reference.gb
          - filling gaps with N
        

[Tue Aug 25 15:04:31 2020]
Finished job 7.
1 of 7 steps (14%) done

[Tue Aug 25 15:04:31 2020]
Job 6: Building tree

[Tue Aug 25 15:04:33 2020]
Finished job 6.
2 of 7 steps (29%) done

[Tue Aug 25 15:04:33 2020]
Job 2: 
        Refining tree
        

[Tue Aug 25 15:05:34 2020]
Finished job 2.
3 of 7 steps (43%) done

[Tue Aug 25 15:05:34 2020]
Job 4: Reconstructing ancestral sequences and mutations

[Tue Aug 25 15:05:38 2020]
Finished job 4.
4 of 7 steps (57%) done

[Tue Aug 25 15:05:38 2020]
Job 5: Translating amino acid sequences

[Tue Aug 25 15:05:41 2020]
Finished job 5.
5 of 7 steps (71%) done

[Tue Aug 25 15:05:41 2020]
Job 1: Exporting data files for for auspice

[Tue Aug 25 15:05:44 2020]
Finished job 1.
6 of 7 steps (86%) done

[Tue Aug 25 15:05:44 2020]
localrule all:
    input: auspice/seasonal_corona_hku1_spike.json
    jobid: 0

[Tue Aug 25 15:05:44 2020]
Finished job 0.
7 of 7 steps (100%) done
Complete log: /Users/katekistler/nextstrain/seasonal-cov/hku1/.snakemake/log/2020-08-25T150423.169959.snakemake.log
