Building DAG of jobs...
Using shell: /bin/bash
Provided cores: 4
Rules claiming more threads will be scaled down.
Job counts:
	count	jobs
	1	align
	1	all
	1	ancestral
	1	export
	1	filter
	1	parse
	1	refine
	1	translate
	1	tree
	9

[Fri May  8 13:49:02 2020]
Job 3: Parsing fasta into sequences and metadata

[Fri May  8 13:49:07 2020]
Finished job 3.
1 of 9 steps (11%) done

[Fri May  8 13:49:07 2020]
Job 9: 
        Filtering to
          - 5000 sequence(s) per country
          - minimum genome length of 1000
        

[Fri May  8 13:49:12 2020]
Finished job 9.
2 of 9 steps (22%) done

[Fri May  8 13:49:12 2020]
Job 7: 
        Aligning sequences to config/hku1_full_reference.gb
          - filling gaps with N
        

[Fri May  8 15:01:28 2020]
Finished job 7.
3 of 9 steps (33%) done

[Fri May  8 15:01:28 2020]
Job 6: Building tree

[Fri May  8 15:01:44 2020]
Finished job 6.
4 of 9 steps (44%) done

[Fri May  8 15:01:44 2020]
Job 2: 
        Refining tree
        

[Fri May  8 15:12:26 2020]
Finished job 2.
5 of 9 steps (56%) done

[Fri May  8 15:12:26 2020]
Job 4: Reconstructing ancestral sequences and mutations

[Fri May  8 15:12:58 2020]
Finished job 4.
6 of 9 steps (67%) done

[Fri May  8 15:12:58 2020]
Job 5: Translating amino acid sequences

[Fri May  8 15:13:08 2020]
Finished job 5.
7 of 9 steps (78%) done

[Fri May  8 15:13:08 2020]
Job 1: Exporting data files for for auspice

[Fri May  8 15:13:13 2020]
Finished job 1.
8 of 9 steps (89%) done

[Fri May  8 15:13:13 2020]
localrule all:
    input: auspice/seasonal_corona_hku1_full.json
    jobid: 0

[Fri May  8 15:13:13 2020]
Finished job 0.
9 of 9 steps (100%) done
Complete log: /Users/katekistler/nextstrain/seasonal-cov/hku1/.snakemake/log/2020-05-08T134902.285581.snakemake.log
