Building DAG of jobs...
Using shell: /bin/bash
Provided cores: 4
Rules claiming more threads will be scaled down.
Job counts:
	count	jobs
	1	all
	1	clades
	1	export
	1	translate
	4

[Fri Aug 21 19:51:15 2020]
Job 5: Translating amino acid sequences

[Fri Aug 21 19:51:17 2020]
Finished job 5.
1 of 4 steps (25%) done

[Fri Aug 21 19:51:17 2020]
Job 6: Annotating clades

[Fri Aug 21 19:51:20 2020]
Finished job 6.
2 of 4 steps (50%) done

[Fri Aug 21 19:51:20 2020]
Job 1: Exporting data files for for auspice

[Fri Aug 21 19:51:22 2020]
Error in rule export:
    jobid: 1
    output: auspice/seasonal_corona_hku1_spike.json
    shell:
        
        augur export v2             --tree results/tree_hku1_spike.nwk             --metadata results/metadata_hku1_spike.tsv             --node-data results/branch_lengths_hku1_spike.json results/nt_muts_hku1_spike.json results/aa_muts_hku1_spike.json results/clades_spike.json             # --node-data results/branch_lengths_hku1_spike.json results/nt_muts_hku1_spike.json results/aa_muts_hku1_spike.json             --include-root-sequence             --auspice-config config/auspice_config.json             --lat-longs config/lat_longs.tsv             --colors config/colors.tsv             --output auspice/seasonal_corona_hku1_spike.json
        
        (one of the commands exited with non-zero exit code; note that snakemake uses bash strict mode!)

Shutting down, this might take some time.
Exiting because a job execution failed. Look above for error message
Complete log: /Users/katekistler/nextstrain/seasonal-cov/hku1/.snakemake/log/2020-08-21T195115.723509.snakemake.log
